Trial 7 Ep10:   0%|                                                                                                                                   | 0/115 [00:00<?, ?it/s]Trial 7 Ep10:   0%|                                                                                                                      | 0/115 [00:00<?, ?it/s, loss=0.3022]Trial 7 Ep10:   1%|▉                                                                                                             | 1/115 [00:00<01:01,  1.86it/s, loss=0.3022]Trial 7 Ep10:   1%|▉                                                                                                             | 1/115 [00:01<01:01,  1.86it/s, loss=0.0833]Trial 7 Ep10:   2%|█▉                                                                                                            | 2/115 [00:01<00:59,  1.90it/s, loss=0.0833]Trial 7 Ep10:   2%|█▉                                                                                                            | 2/115 [00:01<00:59,  1.90it/s, loss=0.2408]Trial 7 Ep10:   3%|██▊                                                                                                           | 3/115 [00:01<00:58,  1.90it/s, loss=0.2408]Trial 7 Ep10:   3%|██▊                                                                                                           | 3/115 [00:02<00:58,  1.90it/s, loss=0.4166]Trial 7 Ep10:   3%|███▊                                                                                                          | 4/115 [00:02<00:57,  1.93it/s, loss=0.4166]Trial 7 Ep10:   3%|███▊                                                                                                          | 4/115 [00:02<00:57,  1.93it/s, loss=0.1921]Trial 7 Ep10:   4%|████▊                                                                                                         | 5/115 [00:02<00:57,  1.92it/s, loss=0.1921]Trial 7 Ep10:   4%|████▊                                                                                                         | 5/115 [00:03<00:57,  1.92it/s, loss=0.1581]Trial 7 Ep10:   5%|█████▋                                                                                                        | 6/115 [00:03<00:56,  1.93it/s, loss=0.1581]Trial 7 Ep10:   5%|█████▋                                                                                                        | 6/115 [00:03<00:56,  1.93it/s, loss=0.1548]Trial 7 Ep10:   6%|██████▋                                                                                                       | 7/115 [00:03<00:56,  1.90it/s, loss=0.1548]Trial 7 Ep10:   6%|██████▋                                                                                                       | 7/115 [00:04<00:56,  1.90it/s, loss=0.1517]Trial 7 Ep10:   7%|███████▋                                                                                                      | 8/115 [00:04<00:57,  1.87it/s, loss=0.1517]Trial 7 Ep10:   7%|███████▋                                                                                                      | 8/115 [00:04<00:57,  1.87it/s, loss=0.2833]Trial 7 Ep10:   8%|████████▌                                                                                                     | 9/115 [00:04<00:56,  1.87it/s, loss=0.2833]Trial 7 Ep10:   8%|████████▌                                                                                                     | 9/115 [00:05<00:56,  1.87it/s, loss=0.3166]Trial 7 Ep10:   9%|█████████▍                                                                                                   | 10/115 [00:05<00:59,  1.75it/s, loss=0.3166]Trial 7 Ep10:   9%|█████████▍                                                                                                   | 10/115 [00:05<00:59,  1.75it/s, loss=0.2890]Trial 7 Ep10:  10%|██████████▍                                                                                                  | 11/115 [00:05<00:58,  1.78it/s, loss=0.2890]Trial 7 Ep10:  10%|██████████▍                                                                                                  | 11/115 [00:06<00:58,  1.78it/s, loss=0.2821]Trial 7 Ep10:  10%|███████████▎                                                                                                 | 12/115 [00:06<00:56,  1.81it/s, loss=0.2821]Trial 7 Ep10:  10%|███████████▎                                                                                                 | 12/115 [00:06<00:56,  1.81it/s, loss=0.0996]Trial 7 Ep10:  11%|████████████▎                                                                                                | 13/115 [00:06<00:55,  1.85it/s, loss=0.0996]Trial 7 Ep10:  11%|████████████▎                                                                                                | 13/115 [00:07<00:55,  1.85it/s, loss=0.2963]Trial 7 Ep10:  12%|█████████████▎                                                                                               | 14/115 [00:07<00:54,  1.86it/s, loss=0.2963]Trial 7 Ep10:  12%|█████████████▎                                                                                               | 14/115 [00:08<00:54,  1.86it/s, loss=0.2036]Trial 7 Ep10:  13%|██████████████▏                                                                                              | 15/115 [00:08<00:53,  1.87it/s, loss=0.2036]Trial 7 Ep10:  13%|██████████████▏                                                                                              | 15/115 [00:08<00:53,  1.87it/s, loss=0.3629]Trial 7 Ep10:  14%|███████████████▏                                                                                             | 16/115 [00:08<00:52,  1.90it/s, loss=0.3629]Trial 7 Ep10:  14%|███████████████▏                                                                                             | 16/115 [00:09<00:52,  1.90it/s, loss=0.3893]Trial 7 Ep10:  15%|████████████████                                                                                             | 17/115 [00:09<00:51,  1.89it/s, loss=0.3893]Trial 7 Ep10:  15%|████████████████                                                                                             | 17/115 [00:09<00:51,  1.89it/s, loss=0.4829]Trial 7 Ep10:  16%|█████████████████                                                                                            | 18/115 [00:09<00:51,  1.89it/s, loss=0.4829]Trial 7 Ep10:  16%|█████████████████                                                                                            | 18/115 [00:10<00:51,  1.89it/s, loss=0.4250]Trial 7 Ep10:  17%|██████████████████                                                                                           | 19/115 [00:10<00:49,  1.92it/s, loss=0.4250]Trial 7 Ep10:  17%|██████████████████                                                                                           | 19/115 [00:10<00:49,  1.92it/s, loss=0.2072]Trial 7 Ep10:  17%|██████████████████▉                                                                                          | 20/115 [00:10<00:49,  1.92it/s, loss=0.2072]Trial 7 Ep10:  17%|██████████████████▉                                                                                          | 20/115 [00:11<00:49,  1.92it/s, loss=0.2307]Trial 7 Ep10:  18%|███████████████████▉                                                                                         | 21/115 [00:11<00:49,  1.91it/s, loss=0.2307]Trial 7 Ep10:  18%|███████████████████▉                                                                                         | 21/115 [00:11<00:49,  1.91it/s, loss=0.1217]Trial 7 Ep10:  19%|████████████████████▊                                                                                        | 22/115 [00:11<00:48,  1.91it/s, loss=0.1217]Trial 7 Ep10:  19%|████████████████████▊                                                                                        | 22/115 [00:12<00:48,  1.91it/s, loss=0.4915]Trial 7 Ep10:  20%|█████████████████████▊                                                                                       | 23/115 [00:12<00:48,  1.91it/s, loss=0.4915]Trial 7 Ep10:  20%|█████████████████████▊                                                                                       | 23/115 [00:12<00:48,  1.91it/s, loss=0.4123]Trial 7 Ep10:  21%|██████████████████████▋                                                                                      | 24/115 [00:12<00:51,  1.77it/s, loss=0.4123]Trial 7 Ep10:  21%|██████████████████████▋                                                                                      | 24/115 [00:13<00:51,  1.77it/s, loss=0.4063]Trial 7 Ep10:  22%|███████████████████████▋                                                                                     | 25/115 [00:13<00:49,  1.81it/s, loss=0.4063]Trial 7 Ep10:  22%|███████████████████████▋                                                                                     | 25/115 [00:13<00:49,  1.81it/s, loss=0.2015]Trial 7 Ep10:  23%|████████████████████████▋                                                                                    | 26/115 [00:13<00:48,  1.85it/s, loss=0.2015]Trial 7 Ep10:  23%|████████████████████████▋                                                                                    | 26/115 [00:14<00:48,  1.85it/s, loss=0.4959]Trial 7 Ep10:  23%|█████████████████████████▌                                                                                   | 27/115 [00:14<00:49,  1.79it/s, loss=0.4959]Trial 7 Ep10:  23%|█████████████████████████▌                                                                                   | 27/115 [00:15<00:49,  1.79it/s, loss=0.2159]Trial 7 Ep10:  24%|██████████████████████████▌                                                                                  | 28/115 [00:15<00:47,  1.83it/s, loss=0.2159]Trial 7 Ep10:  24%|██████████████████████████▌                                                                                  | 28/115 [00:15<00:47,  1.83it/s, loss=0.2145]Trial 7 Ep10:  25%|███████████████████████████▍                                                                                 | 29/115 [00:15<00:47,  1.82it/s, loss=0.2145]Trial 7 Ep10:  25%|███████████████████████████▍                                                                                 | 29/115 [00:16<00:47,  1.82it/s, loss=0.2309]Trial 7 Ep10:  26%|████████████████████████████▍                                                                                | 30/115 [00:16<00:45,  1.85it/s, loss=0.2309]Trial 7 Ep10:  26%|████████████████████████████▍                                                                                | 30/115 [00:16<00:45,  1.85it/s, loss=0.6338]Trial 7 Ep10:  27%|█████████████████████████████▍                                                                               | 31/115 [00:16<00:44,  1.87it/s, loss=0.6338]Trial 7 Ep10:  27%|█████████████████████████████▍                                                                               | 31/115 [00:17<00:44,  1.87it/s, loss=0.2765]Trial 7 Ep10:  28%|██████████████████████████████▎                                                                              | 32/115 [00:17<00:44,  1.86it/s, loss=0.2765]Trial 7 Ep10:  28%|██████████████████████████████▎                                                                              | 32/115 [00:17<00:44,  1.86it/s, loss=0.4106]Trial 7 Ep10:  29%|███████████████████████████████▎                                                                             | 33/115 [00:17<00:44,  1.86it/s, loss=0.4106]Trial 7 Ep10:  29%|███████████████████████████████▎                                                                             | 33/115 [00:18<00:44,  1.86it/s, loss=0.2777]Trial 7 Ep10:  30%|████████████████████████████████▏                                                                            | 34/115 [00:18<00:43,  1.87it/s, loss=0.2777]Trial 7 Ep10:  30%|████████████████████████████████▏                                                                            | 34/115 [00:18<00:43,  1.87it/s, loss=0.2794]Trial 7 Ep10:  30%|█████████████████████████████████▏                                                                           | 35/115 [00:18<00:42,  1.89it/s, loss=0.2794]Trial 7 Ep10:  30%|█████████████████████████████████▏                                                                           | 35/115 [00:19<00:42,  1.89it/s, loss=0.3561]Trial 7 Ep10:  31%|██████████████████████████████████                                                                           | 36/115 [00:19<00:41,  1.90it/s, loss=0.3561]Trial 7 Ep10:  31%|██████████████████████████████████                                                                           | 36/115 [00:19<00:41,  1.90it/s, loss=0.1976]Trial 7 Ep10:  32%|███████████████████████████████████                                                                          | 37/115 [00:19<00:42,  1.85it/s, loss=0.1976]Trial 7 Ep10:  32%|███████████████████████████████████                                                                          | 37/115 [00:20<00:42,  1.85it/s, loss=0.1636]Trial 7 Ep10:  33%|████████████████████████████████████                                                                         | 38/115 [00:20<00:45,  1.71it/s, loss=0.1636]Trial 7 Ep10:  33%|████████████████████████████████████                                                                         | 38/115 [00:21<00:45,  1.71it/s, loss=0.4939]Trial 7 Ep10:  34%|████████████████████████████████████▉                                                                        | 39/115 [00:21<00:43,  1.75it/s, loss=0.4939]Trial 7 Ep10:  34%|████████████████████████████████████▉                                                                        | 39/115 [00:21<00:43,  1.75it/s, loss=0.3380]Trial 7 Ep10:  35%|█████████████████████████████████████▉                                                                       | 40/115 [00:21<00:41,  1.80it/s, loss=0.3380]Trial 7 Ep10:  35%|█████████████████████████████████████▉                                                                       | 40/115 [00:22<00:41,  1.80it/s, loss=0.2266]Trial 7 Ep10:  36%|██████████████████████████████████████▊                                                                      | 41/115 [00:22<00:40,  1.81it/s, loss=0.2266]Trial 7 Ep10:  36%|██████████████████████████████████████▊                                                                      | 41/115 [00:22<00:40,  1.81it/s, loss=0.3496]Trial 7 Ep10:  37%|███████████████████████████████████████▊                                                                     | 42/115 [00:22<00:39,  1.83it/s, loss=0.3496]Trial 7 Ep10:  37%|███████████████████████████████████████▊                                                                     | 42/115 [00:23<00:39,  1.83it/s, loss=0.1922]Trial 7 Ep10:  37%|████████████████████████████████████████▊                                                                    | 43/115 [00:23<00:38,  1.86it/s, loss=0.1922]Trial 7 Ep10:  37%|████████████████████████████████████████▊                                                                    | 43/115 [00:23<00:38,  1.86it/s, loss=0.3817]Trial 7 Ep10:  38%|█████████████████████████████████████████▋                                                                   | 44/115 [00:23<00:37,  1.87it/s, loss=0.3817]Trial 7 Ep10:  38%|█████████████████████████████████████████▋                                                                   | 44/115 [00:24<00:37,  1.87it/s, loss=0.3774]Trial 7 Ep10:  39%|██████████████████████████████████████████▋                                                                  | 45/115 [00:24<00:36,  1.91it/s, loss=0.3774]Trial 7 Ep10:  39%|██████████████████████████████████████████▋                                                                  | 45/115 [00:24<00:36,  1.91it/s, loss=0.3622]Trial 7 Ep10:  40%|███████████████████████████████████████████▌                                                                 | 46/115 [00:24<00:35,  1.92it/s, loss=0.3622]Trial 7 Ep10:  40%|███████████████████████████████████████████▌                                                                 | 46/115 [00:25<00:35,  1.92it/s, loss=0.5274]Trial 7 Ep10:  41%|████████████████████████████████████████████▌                                                                | 47/115 [00:25<00:36,  1.87it/s, loss=0.5274]Trial 7 Ep10:  41%|████████████████████████████████████████████▌                                                                | 47/115 [00:25<00:36,  1.87it/s, loss=0.3148]Trial 7 Ep10:  42%|█████████████████████████████████████████████▍                                                               | 48/115 [00:25<00:35,  1.89it/s, loss=0.3148]Trial 7 Ep10:  42%|█████████████████████████████████████████████▍                                                               | 48/115 [00:26<00:35,  1.89it/s, loss=0.2943]Trial 7 Ep10:  43%|██████████████████████████████████████████████▍                                                              | 49/115 [00:26<00:35,  1.88it/s, loss=0.2943]Trial 7 Ep10:  43%|██████████████████████████████████████████████▍                                                              | 49/115 [00:26<00:35,  1.88it/s, loss=0.2270]Trial 7 Ep10:  43%|███████████████████████████████████████████████▍                                                             | 50/115 [00:26<00:34,  1.90it/s, loss=0.2270]Trial 7 Ep10:  43%|███████████████████████████████████████████████▍                                                             | 50/115 [00:27<00:34,  1.90it/s, loss=0.2275]Trial 7 Ep10:  44%|████████████████████████████████████████████████▎                                                            | 51/115 [00:27<00:34,  1.87it/s, loss=0.2275]Trial 7 Ep10:  44%|████████████████████████████████████████████████▎                                                            | 51/115 [00:28<00:34,  1.87it/s, loss=0.3625]Trial 7 Ep10:  45%|█████████████████████████████████████████████████▎                                                           | 52/115 [00:28<00:36,  1.73it/s, loss=0.3625]Trial 7 Ep10:  45%|█████████████████████████████████████████████████▎                                                           | 52/115 [00:28<00:36,  1.73it/s, loss=0.2534]Trial 7 Ep10:  46%|██████████████████████████████████████████████████▏                                                          | 53/115 [00:28<00:35,  1.75it/s, loss=0.2534]Trial 7 Ep10:  46%|██████████████████████████████████████████████████▏                                                          | 53/115 [00:29<00:35,  1.75it/s, loss=0.4686]Trial 7 Ep10:  47%|███████████████████████████████████████████████████▏                                                         | 54/115 [00:29<00:34,  1.78it/s, loss=0.4686]Trial 7 Ep10:  47%|███████████████████████████████████████████████████▏                                                         | 54/115 [00:29<00:34,  1.78it/s, loss=0.3291]Trial 7 Ep10:  48%|████████████████████████████████████████████████████▏                                                        | 55/115 [00:29<00:33,  1.80it/s, loss=0.3291]Trial 7 Ep10:  48%|████████████████████████████████████████████████████▏                                                        | 55/115 [00:30<00:33,  1.80it/s, loss=0.3082]Trial 7 Ep10:  49%|█████████████████████████████████████████████████████                                                        | 56/115 [00:30<00:32,  1.84it/s, loss=0.3082]Trial 7 Ep10:  49%|█████████████████████████████████████████████████████                                                        | 56/115 [00:30<00:32,  1.84it/s, loss=0.2487]Trial 7 Ep10:  50%|██████████████████████████████████████████████████████                                                       | 57/115 [00:30<00:30,  1.88it/s, loss=0.2487]Trial 7 Ep10:  50%|██████████████████████████████████████████████████████                                                       | 57/115 [00:31<00:30,  1.88it/s, loss=0.1735]Trial 7 Ep10:  50%|██████████████████████████████████████████████████████▉                                                      | 58/115 [00:31<00:30,  1.89it/s, loss=0.1735]Trial 7 Ep10:  50%|██████████████████████████████████████████████████████▉                                                      | 58/115 [00:31<00:30,  1.89it/s, loss=0.1266]Trial 7 Ep10:  51%|███████████████████████████████████████████████████████▉                                                     | 59/115 [00:31<00:29,  1.89it/s, loss=0.1266]Trial 7 Ep10:  51%|███████████████████████████████████████████████████████▉                                                     | 59/115 [00:32<00:29,  1.89it/s, loss=0.5135]Trial 7 Ep10:  52%|████████████████████████████████████████████████████████▊                                                    | 60/115 [00:32<00:29,  1.88it/s, loss=0.5135]Trial 7 Ep10:  52%|████████████████████████████████████████████████████████▊                                                    | 60/115 [00:32<00:29,  1.88it/s, loss=0.1435]Trial 7 Ep10:  53%|█████████████████████████████████████████████████████████▊                                                   | 61/115 [00:32<00:28,  1.91it/s, loss=0.1435]Trial 7 Ep10:  53%|█████████████████████████████████████████████████████████▊                                                   | 61/115 [00:33<00:28,  1.91it/s, loss=0.5036]Trial 7 Ep10:  54%|██████████████████████████████████████████████████████████▊                                                  | 62/115 [00:33<00:27,  1.91it/s, loss=0.5036]Trial 7 Ep10:  54%|██████████████████████████████████████████████████████████▊                                              