Trial 3 Ep3:   0%|                                                                                                                                    | 0/115 [00:00<?, ?it/s]Trial 3 Ep3:   0%|                                                                                                                       | 0/115 [00:00<?, ?it/s, loss=0.5666]Trial 3 Ep3:   1%|▉                                                                                                              | 1/115 [00:00<00:59,  1.92it/s, loss=0.5666]Trial 3 Ep3:   1%|▉                                                                                                              | 1/115 [00:01<00:59,  1.92it/s, loss=0.6116]Trial 3 Ep3:   2%|█▉                                                                                                             | 2/115 [00:01<00:59,  1.90it/s, loss=0.6116]Trial 3 Ep3:   2%|█▉                                                                                                             | 2/115 [00:01<00:59,  1.90it/s, loss=0.6121]Trial 3 Ep3:   3%|██▉                                                                                                            | 3/115 [00:01<01:07,  1.66it/s, loss=0.6121]Trial 3 Ep3:   3%|██▉                                                                                                            | 3/115 [00:02<01:07,  1.66it/s, loss=0.4902]Trial 3 Ep3:   3%|███▊                                                                                                           | 4/115 [00:02<01:03,  1.75it/s, loss=0.4902]Trial 3 Ep3:   3%|███▊                                                                                                           | 4/115 [00:02<01:03,  1.75it/s, loss=0.5745]Trial 3 Ep3:   4%|████▊                                                                                                          | 5/115 [00:02<01:01,  1.79it/s, loss=0.5745]Trial 3 Ep3:   4%|████▊                                                                                                          | 5/115 [00:03<01:01,  1.79it/s, loss=0.6406]Trial 3 Ep3:   5%|█████▊                                                                                                         | 6/115 [00:03<00:59,  1.82it/s, loss=0.6406]Trial 3 Ep3:   5%|█████▊                                                                                                         | 6/115 [00:03<00:59,  1.82it/s, loss=0.6155]Trial 3 Ep3:   6%|██████▊                                                                                                        | 7/115 [00:03<00:57,  1.87it/s, loss=0.6155]Trial 3 Ep3:   6%|██████▊                                                                                                        | 7/115 [00:04<00:57,  1.87it/s, loss=0.6108]Trial 3 Ep3:   7%|███████▋                                                                                                       | 8/115 [00:04<00:56,  1.90it/s, loss=0.6108]Trial 3 Ep3:   7%|███████▋                                                                                                       | 8/115 [00:04<00:56,  1.90it/s, loss=0.5587]Trial 3 Ep3:   8%|████████▋                                                                                                      | 9/115 [00:04<00:56,  1.87it/s, loss=0.5587]Trial 3 Ep3:   8%|████████▋                                                                                                      | 9/115 [00:05<00:56,  1.87it/s, loss=0.5796]Trial 3 Ep3:   9%|█████████▌                                                                                                    | 10/115 [00:05<00:57,  1.83it/s, loss=0.5796]Trial 3 Ep3:   9%|█████████▌                                                                                                    | 10/115 [00:05<00:57,  1.83it/s, loss=0.6907]Trial 3 Ep3:  10%|██████████▌                                                                                                   | 11/115 [00:05<00:55,  1.87it/s, loss=0.6907]Trial 3 Ep3:  10%|██████████▌                                                                                                   | 11/115 [00:06<00:55,  1.87it/s, loss=0.5629]Trial 3 Ep3:  10%|███████████▍                                                                                                  | 12/115 [00:06<00:54,  1.90it/s, loss=0.5629]Trial 3 Ep3:  10%|███████████▍                                                                                                  | 12/115 [00:07<00:54,  1.90it/s, loss=0.6872]Trial 3 Ep3:  11%|████████████▍                                                                                                 | 13/115 [00:07<00:53,  1.89it/s, loss=0.6872]Trial 3 Ep3:  11%|████████████▍                                                                                                 | 13/115 [00:07<00:53,  1.89it/s, loss=0.5875]Trial 3 Ep3:  12%|█████████████▍                                                                                                | 14/115 [00:07<00:52,  1.92it/s, loss=0.5875]Trial 3 Ep3:  12%|█████████████▍                                                                                                | 14/115 [00:08<00:52,  1.92it/s, loss=0.6081]Trial 3 Ep3:  13%|██████████████▎                                                                                               | 15/115 [00:08<00:51,  1.94it/s, loss=0.6081]Trial 3 Ep3:  13%|██████████████▎                                                                                               | 15/115 [00:08<00:51,  1.94it/s, loss=0.7302]Trial 3 Ep3:  14%|███████████████▎                                                                                              | 16/115 [00:08<00:51,  1.93it/s, loss=0.7302]Trial 3 Ep3:  14%|███████████████▎                                                                                              | 16/115 [00:09<00:51,  1.93it/s, loss=0.6463]Trial 3 Ep3:  15%|████████████████▎                                                                                             | 17/115 [00:09<00:55,  1.77it/s, loss=0.6463]Trial 3 Ep3:  15%|████████████████▎                                                                                             | 17/115 [00:09<00:55,  1.77it/s, loss=0.6699]Trial 3 Ep3:  16%|█████████████████▏                                                                                            | 18/115 [00:09<00:54,  1.79it/s, loss=0.6699]Trial 3 Ep3:  16%|█████████████████▏                                                                                            | 18/115 [00:10<00:54,  1.79it/s, loss=0.5707]Trial 3 Ep3:  17%|██████████████████▏                                                                                           | 19/115 [00:10<00:53,  1.81it/s, loss=0.5707]Trial 3 Ep3:  17%|██████████████████▏                                                                                           | 19/115 [00:10<00:53,  1.81it/s, loss=0.7380]Trial 3 Ep3:  17%|███████████████████▏                                                                                          | 20/115 [00:10<00:51,  1.86it/s, loss=0.7380]Trial 3 Ep3:  17%|███████████████████▏                                                                                          | 20/115 [00:11<00:51,  1.86it/s, loss=0.6599]Trial 3 Ep3:  18%|████████████████████                                                                                          | 21/115 [00:11<00:49,  1.88it/s, loss=0.6599]Trial 3 Ep3:  18%|████████████████████                                                                                          | 21/115 [00:11<00:49,  1.88it/s, loss=0.5567]Trial 3 Ep3:  19%|█████████████████████                                                                                         | 22/115 [00:11<00:49,  1.90it/s, loss=0.5567]Trial 3 Ep3:  19%|█████████████████████                                                                                         | 22/115 [00:12<00:49,  1.90it/s, loss=0.5801]Trial 3 Ep3:  20%|██████████████████████                                                                                        | 23/115 [00:12<00:48,  1.91it/s, loss=0.5801]Trial 3 Ep3:  20%|██████████████████████                                                                                        | 23/115 [00:12<00:48,  1.91it/s, loss=0.7272]Trial 3 Ep3:  21%|██████████████████████▉                                                                                       | 24/115 [00:12<00:47,  1.90it/s, loss=0.7272]Trial 3 Ep3:  21%|██████████████████████▉                                                                                       | 24/115 [00:13<00:47,  1.90it/s, loss=0.6589]Trial 3 Ep3:  22%|███████████████████████▉                                                                                      | 25/115 [00:13<00:47,  1.90it/s, loss=0.6589]Trial 3 Ep3:  22%|███████████████████████▉                                                                                      | 25/115 [00:13<00:47,  1.90it/s, loss=0.6405]Trial 3 Ep3:  23%|████████████████████████▊                                                                                     | 26/115 [00:13<00:47,  1.87it/s, loss=0.6405]Trial 3 Ep3:  23%|████████████████████████▊                                                                                     | 26/115 [00:14<00:47,  1.87it/s, loss=0.6757]Trial 3 Ep3:  23%|█████████████████████████▊                                                                                    | 27/115 [00:14<00:46,  1.89it/s, loss=0.6757]Trial 3 Ep3:  23%|█████████████████████████▊                                                                                    | 27/115 [00:14<00:46,  1.89it/s, loss=0.6071]Trial 3 Ep3:  24%|██████████████████████████▊                                                                                   | 28/115 [00:14<00:45,  1.91it/s, loss=0.6071]Trial 3 Ep3:  24%|██████████████████████████▊                                                                                   | 28/115 [00:15<00:45,  1.91it/s, loss=0.6529]Trial 3 Ep3:  25%|███████████████████████████▋                                                                                  | 29/115 [00:15<00:44,  1.92it/s, loss=0.6529]Trial 3 Ep3:  25%|███████████████████████████▋                                                                                  | 29/115 [00:16<00:44,  1.92it/s, loss=0.6178]Trial 3 Ep3:  26%|████████████████████████████▋                                                                                 | 30/115 [00:16<00:44,  1.91it/s, loss=0.6178]Trial 3 Ep3:  26%|████████████████████████████▋                                                                                 | 30/115 [00:16<00:44,  1.91it/s, loss=0.6272]Trial 3 Ep3:  27%|█████████████████████████████▋                                                                                | 31/115 [00:16<00:48,  1.74it/s, loss=0.6272]Trial 3 Ep3:  27%|█████████████████████████████▋                                                                                | 31/115 [00:17<00:48,  1.74it/s, loss=0.6349]Trial 3 Ep3:  28%|██████████████████████████████▌                                                                               | 32/115 [00:17<00:46,  1.78it/s, loss=0.6349]Trial 3 Ep3:  28%|██████████████████████████████▌                                                                               | 32/115 [00:17<00:46,  1.78it/s, loss=0.6772]Trial 3 Ep3:  29%|███████████████████████████████▌                                                                              | 33/115 [00:17<00:45,  1.81it/s, loss=0.6772]Trial 3 Ep3:  29%|███████████████████████████████▌                                                                              | 33/115 [00:18<00:45,  1.81it/s, loss=0.5944]Trial 3 Ep3:  30%|████████████████████████████████▌                                                                             | 34/115 [00:18<00:43,  1.85it/s, loss=0.5944]Trial 3 Ep3:  30%|████████████████████████████████▌                                                                             | 34/115 [00:18<00:43,  1.85it/s, loss=0.6510]Trial 3 Ep3:  30%|█████████████████████████████████▍                                                                            | 35/115 [00:18<00:43,  1.83it/s, loss=0.6510]Trial 3 Ep3:  30%|█████████████████████████████████▍                                                                            | 35/115 [00:19<00:43,  1.83it/s, loss=0.6616]Trial 3 Ep3:  31%|██████████████████████████████████▍                                                                           | 36/115 [00:19<00:42,  1.88it/s, loss=0.6616]Trial 3 Ep3:  31%|██████████████████████████████████▍                                                                           | 36/115 [00:19<00:42,  1.88it/s, loss=0.5084]Trial 3 Ep3:  32%|███████████████████████████████████▍                                                                          | 37/115 [00:19<00:41,  1.89it/s, loss=0.5084]Trial 3 Ep3:  32%|███████████████████████████████████▍                                                                          | 37/115 [00:20<00:41,  1.89it/s, loss=0.6303]Trial 3 Ep3:  33%|████████████████████████████████████▎                                                                         | 38/115 [00:20<00:40,  1.91it/s, loss=0.6303]Trial 3 Ep3:  33%|████████████████████████████████████▎                                                                         | 38/115 [00:20<00:40,  1.91it/s, loss=0.6705]Trial 3 Ep3:  34%|█████████████████████████████████████▎                                                                        | 39/115 [00:20<00:39,  1.90it/s, loss=0.6705]Trial 3 Ep3:  34%|█████████████████████████████████████▎                                                                        | 39/115 [00:21<00:39,  1.90it/s, loss=0.7263]Trial 3 Ep3:  35%|██████████████████████████████████████▎                                                                       | 40/115 [00:21<00:39,  1.90it/s, loss=0.7263]Trial 3 Ep3:  35%|██████████████████████████████████████▎                                                                       | 40/115 [00:21<00:39,  1.90it/s, loss=0.7832]Trial 3 Ep3:  36%|███████████████████████████████████████▏                                                                      | 41/115 [00:21<00:38,  1.92it/s, loss=0.7832]Trial 3 Ep3:  36%|███████████████████████████████████████▏                                                                      | 41/115 [00:22<00:38,  1.92it/s, loss=0.6804]Trial 3 Ep3:  37%|████████████████████████████████████████▏                                                                     | 42/115 [00:22<00:37,  1.92it/s, loss=0.6804]Trial 3 Ep3:  37%|████████████████████████████████████████▏                                                                     | 42/115 [00:23<00:37,  1.92it/s, loss=0.6711]Trial 3 Ep3:  37%|█████████████████████████████████████████▏                                                                    | 43/115 [00:23<00:37,  1.93it/s, loss=0.6711]Trial 3 Ep3:  37%|█████████████████████████████████████████▏                                                                    | 43/115 [00:23<00:37,  1.93it/s, loss=0.5662]Trial 3 Ep3:  38%|██████████████████████████████████████████                                                                    | 44/115 [00:23<00:36,  1.95it/s, loss=0.5662]Trial 3 Ep3:  38%|██████████████████████████████████████████                                                                    | 44/115 [00:24<00:36,  1.95it/s, loss=0.6430]Trial 3 Ep3:  39%|███████████████████████████████████████████                                                                   | 45/115 [00:24<00:38,  1.80it/s, loss=0.6430]Trial 3 Ep3:  39%|███████████████████████████████████████████                                                                   | 45/115 [00:24<00:38,  1.80it/s, loss=0.5811]Trial 3 Ep3:  40%|████████████████████████████████████████████                                                                  | 46/115 [00:24<00:37,  1.85it/s, loss=0.5811]Trial 3 Ep3:  40%|████████████████████████████████████████████                                                                  | 46/115 [00:25<00:37,  1.85it/s, loss=0.6469]Trial 3 Ep3:  41%|████████████████████████████████████████████▉                                                                 | 47/115 [00:25<00:36,  1.85it/s, loss=0.6469]Trial 3 Ep3:  41%|████████████████████████████████████████████▉                                                                 | 47/115 [00:25<00:36,  1.85it/s, loss=0.6812]Trial 3 Ep3:  42%|█████████████████████████████████████████████▉                                                                | 48/115 [00:25<00:35,  1.88it/s, loss=0.6812]Trial 3 Ep3:  42%|█████████████████████████████████████████████▉                                                                | 48/115 [00:26<00:35,  1.88it/s, loss=0.6308]Trial 3 Ep3:  43%|██████████████████████████████████████████████▊                                                               | 49/115 [00:26<00:35,  1.86it/s, loss=0.6308]Trial 3 Ep3:  43%|██████████████████████████████████████████████▊                                                               | 49/115 [00:26<00:35,  1.86it/s, loss=0.6543]Trial 3 Ep3:  43%|███████████████████████████████████████████████▊                                                              | 50/115 [00:26<00:34,  1.90it/s, loss=0.6543]Trial 3 Ep3:  43%|███████████████████████████████████████████████▊                                                              | 50/115 [00:27<00:34,  1.90it/s, loss=0.7174]Trial 3 Ep3:  44%|████████████████████████████████████████████████▊                                                             | 51/115 [00:27<00:33,  1.92it/s, loss=0.7174]Trial 3 Ep3:  44%|████████████████████████████████████████████████▊                                                             | 51/115 [00:27<00:33,  1.92it/s, loss=0.6894]Trial 3 Ep3:  45%|█████████████████████████████████████████████████▋                                                            | 52/115 [00:27<00:32,  1.94it/s, loss=0.6894]Trial 3 Ep3:  45%|█████████████████████████████████████████████████▋                                                            | 52/115 [00:28<00:32,  1.94it/s, loss=0.6604]Trial 3 Ep3:  46%|██████████████████████████████████████████████████▋                                                           | 53/115 [00:28<00:31,  1.95it/s, loss=0.6604]Trial 3 Ep3:  46%|██████████████████████████████████████████████████▋                                                           | 53/115 [00:28<00:31,  1.95it/s, loss=0.6207]Trial 3 Ep3:  47%|███████████████████████████████████████████████████▋                                                          | 54/115 [00:28<00:31,  1.96it/s, loss=0.6207]Trial 3 Ep3:  47%|███████████████████████████████████████████████████▋                                                          | 54/115 [00:29<00:31,  1.96it/s, loss=0.7892]Trial 3 Ep3:  48%|████████████████████████████████████████████████████▌                                                         | 55/115 [00:29<00:30,  1.97it/s, loss=0.7892]Trial 3 Ep3:  48%|████████████████████████████████████████████████████▌                                                         | 55/115 [00:29<00:30,  1.97it/s, loss=0.7152]Trial 3 Ep3:  49%|█████████████████████████████████████████████████████▌                                                        | 56/115 [00:29<00:29,  1.97it/s, loss=0.7152]Trial 3 Ep3:  49%|█████████████████████████████████████████████████████▌                                                        | 56/115 [00:30<00:29,  1.97it/s, loss=0.6236]Trial 3 Ep3:  50%|██████████████████████████████████████████████████████▌                                                       | 57/115 [00:30<00:29,  1.96it/s, loss=0.6236]Trial 3 Ep3:  50%|██████████████████████████████████████████████████████▌                                                       | 57/115 [00:30<00:29,  1.96it/s, loss=0.6665]Trial 3 Ep3:  50%|███████████████████████████████████████████████████████▍                                                      | 58/115 [00:30<00:29,  1.95it/s, loss=0.6665]Trial 3 Ep3:  50%|███████████████████████████████████████████████████████▍                                                      | 58/115 [00:31<00:29,  1.95it/s, loss=0.5755]Trial 3 Ep3:  51%|████████████████████████████████████████████████████████▍                                                     | 59/115 [00:31<00:32,  1.73it/s, loss=0.5755]Trial 3 Ep3:  51%|████████████████████████████████████████████████████████▍                                                     | 59/115 [00:32<00:32,  1.73it/s, loss=0.6383]Trial 3 Ep3:  52%|█████████████████████████████████████████████████████████▍                                                    | 60/115 [00:32<00:30,  1.79it/s, loss=0.6383]Trial 3 Ep3:  52%|█████████████████████████████████████████████████████████▍                                                    | 60/115 [00:32<00:30,  1.79it/s, loss=0.5501]Trial 3 Ep3:  53%|██████████████████████████████████████████████████████████▎                                                   | 61/115 [00:32<00:29,  1.83it/s, loss=0.5501]Trial 3 Ep3:  53%|██████████████████████████████████████████████████████████▎                                                   | 61/115 [00:33<00:29,  1.83it/s, loss=0.5088]Trial 3 Ep3:  54%|███████████████████████████████████████████████████████████▎                                                  | 62/115 [00:33<00:28,  1.86it/s, loss=0.5088]Trial 3 Ep3:  54%|███████████████████████████████████████████████████████████▎                                              