Trial 0 Ep5:   0%|                                                                                                                                    | 0/115 [00:00<?, ?it/s]Trial 0 Ep5:   0%|                                                                                                                       | 0/115 [00:00<?, ?it/s, loss=1.5072]Trial 0 Ep5:   1%|▉                                                                                                              | 1/115 [00:00<00:57,  1.98it/s, loss=1.5072]Trial 0 Ep5:   1%|▉                                                                                                              | 1/115 [00:01<00:57,  1.98it/s, loss=0.8796]Trial 0 Ep5:   2%|█▉                                                                                                             | 2/115 [00:01<00:57,  1.95it/s, loss=0.8796]Trial 0 Ep5:   2%|█▉                                                                                                             | 2/115 [00:01<00:57,  1.95it/s, loss=1.1965]Trial 0 Ep5:   3%|██▉                                                                                                            | 3/115 [00:01<00:56,  1.98it/s, loss=1.1965]Trial 0 Ep5:   3%|██▉                                                                                                            | 3/115 [00:02<00:56,  1.98it/s, loss=0.6864]Trial 0 Ep5:   3%|███▊                                                                                                           | 4/115 [00:02<00:56,  1.97it/s, loss=0.6864]Trial 0 Ep5:   3%|███▊                                                                                                           | 4/115 [00:02<00:56,  1.97it/s, loss=1.3249]Trial 0 Ep5:   4%|████▊                                                                                                          | 5/115 [00:02<00:56,  1.95it/s, loss=1.3249]Trial 0 Ep5:   4%|████▊                                                                                                          | 5/115 [00:03<00:56,  1.95it/s, loss=0.7285]Trial 0 Ep5:   5%|█████▊                                                                                                         | 6/115 [00:03<00:56,  1.94it/s, loss=0.7285]Trial 0 Ep5:   5%|█████▊                                                                                                         | 6/115 [00:03<00:56,  1.94it/s, loss=0.6960]Trial 0 Ep5:   6%|██████▊                                                                                                        | 7/115 [00:03<00:56,  1.91it/s, loss=0.6960]Trial 0 Ep5:   6%|██████▊                                                                                                        | 7/115 [00:04<00:56,  1.91it/s, loss=0.7527]Trial 0 Ep5:   7%|███████▋                                                                                                       | 8/115 [00:04<00:56,  1.90it/s, loss=0.7527]Trial 0 Ep5:   7%|███████▋                                                                                                       | 8/115 [00:04<00:56,  1.90it/s, loss=0.7282]Trial 0 Ep5:   8%|████████▋                                                                                                      | 9/115 [00:04<00:55,  1.90it/s, loss=0.7282]Trial 0 Ep5:   8%|████████▋                                                                                                      | 9/115 [00:05<00:55,  1.90it/s, loss=0.7234]Trial 0 Ep5:   9%|█████████▌                                                                                                    | 10/115 [00:05<00:54,  1.93it/s, loss=0.7234]Trial 0 Ep5:   9%|█████████▌                                                                                                    | 10/115 [00:05<00:54,  1.93it/s, loss=0.6166]Trial 0 Ep5:  10%|██████████▌                                                                                                   | 11/115 [00:05<00:55,  1.88it/s, loss=0.6166]Trial 0 Ep5:  10%|██████████▌                                                                                                   | 11/115 [00:06<00:55,  1.88it/s, loss=0.7766]Trial 0 Ep5:  10%|███████████▍                                                                                                  | 12/115 [00:06<00:53,  1.92it/s, loss=0.7766]Trial 0 Ep5:  10%|███████████▍                                                                                                  | 12/115 [00:06<00:53,  1.92it/s, loss=0.7264]Trial 0 Ep5:  11%|████████████▍                                                                                                 | 13/115 [00:06<00:57,  1.77it/s, loss=0.7264]Trial 0 Ep5:  11%|████████████▍                                                                                                 | 13/115 [00:07<00:57,  1.77it/s, loss=1.8076]Trial 0 Ep5:  12%|█████████████▍                                                                                                | 14/115 [00:07<00:56,  1.78it/s, loss=1.8076]Trial 0 Ep5:  12%|█████████████▍                                                                                                | 14/115 [00:07<00:56,  1.78it/s, loss=0.6518]Trial 0 Ep5:  13%|██████████████▎                                                                                               | 15/115 [00:07<00:54,  1.83it/s, loss=0.6518]Trial 0 Ep5:  13%|██████████████▎                                                                                               | 15/115 [00:08<00:54,  1.83it/s, loss=1.6866]Trial 0 Ep5:  14%|███████████████▎                                                                                              | 16/115 [00:08<00:53,  1.86it/s, loss=1.6866]Trial 0 Ep5:  14%|███████████████▎                                                                                              | 16/115 [00:08<00:53,  1.86it/s, loss=0.8581]Trial 0 Ep5:  15%|████████████████▎                                                                                             | 17/115 [00:08<00:52,  1.88it/s, loss=0.8581]Trial 0 Ep5:  15%|████████████████▎                                                                                             | 17/115 [00:09<00:52,  1.88it/s, loss=1.1512]Trial 0 Ep5:  16%|█████████████████▏                                                                                            | 18/115 [00:09<00:53,  1.83it/s, loss=1.1512]Trial 0 Ep5:  16%|█████████████████▏                                                                                            | 18/115 [00:10<00:53,  1.83it/s, loss=0.5934]Trial 0 Ep5:  17%|██████████████████▏                                                                                           | 19/115 [00:10<00:52,  1.84it/s, loss=0.5934]Trial 0 Ep5:  17%|██████████████████▏                                                                                           | 19/115 [00:10<00:52,  1.84it/s, loss=0.6680]Trial 0 Ep5:  17%|███████████████████▏                                                                                          | 20/115 [00:10<00:50,  1.87it/s, loss=0.6680]Trial 0 Ep5:  17%|███████████████████▏                                                                                          | 20/115 [00:11<00:50,  1.87it/s, loss=0.6984]Trial 0 Ep5:  18%|████████████████████                                                                                          | 21/115 [00:11<00:49,  1.89it/s, loss=0.6984]Trial 0 Ep5:  18%|████████████████████                                                                                          | 21/115 [00:11<00:49,  1.89it/s, loss=0.6181]Trial 0 Ep5:  19%|█████████████████████                                                                                         | 22/115 [00:11<00:48,  1.91it/s, loss=0.6181]Trial 0 Ep5:  19%|█████████████████████                                                                                         | 22/115 [00:12<00:48,  1.91it/s, loss=0.6810]Trial 0 Ep5:  20%|██████████████████████                                                                                        | 23/115 [00:12<00:48,  1.91it/s, loss=0.6810]Trial 0 Ep5:  20%|██████████████████████                                                                                        | 23/115 [00:12<00:48,  1.91it/s, loss=0.9558]Trial 0 Ep5:  21%|██████████████████████▉                                                                                       | 24/115 [00:12<00:47,  1.93it/s, loss=0.9558]Trial 0 Ep5:  21%|██████████████████████▉                                                                                       | 24/115 [00:13<00:47,  1.93it/s, loss=0.6875]Trial 0 Ep5:  22%|███████████████████████▉                                                                                      | 25/115 [00:13<00:46,  1.94it/s, loss=0.6875]Trial 0 Ep5:  22%|███████████████████████▉                                                                                      | 25/115 [00:13<00:46,  1.94it/s, loss=0.5466]Trial 0 Ep5:  23%|████████████████████████▊                                                                                     | 26/115 [00:13<00:45,  1.96it/s, loss=0.5466]Trial 0 Ep5:  23%|████████████████████████▊                                                                                     | 26/115 [00:14<00:45,  1.96it/s, loss=0.9549]Trial 0 Ep5:  23%|█████████████████████████▊                                                                                    | 27/115 [00:14<00:48,  1.82it/s, loss=0.9549]Trial 0 Ep5:  23%|█████████████████████████▊                                                                                    | 27/115 [00:14<00:48,  1.82it/s, loss=0.7406]Trial 0 Ep5:  24%|██████████████████████████▊                                                                                   | 28/115 [00:14<00:46,  1.86it/s, loss=0.7406]Trial 0 Ep5:  24%|██████████████████████████▊                                                                                   | 28/115 [00:15<00:46,  1.86it/s, loss=0.8497]Trial 0 Ep5:  25%|███████████████████████████▋                                                                                  | 29/115 [00:15<00:45,  1.89it/s, loss=0.8497]Trial 0 Ep5:  25%|███████████████████████████▋                                                                                  | 29/115 [00:15<00:45,  1.89it/s, loss=0.5493]Trial 0 Ep5:  26%|████████████████████████████▋                                                                                 | 30/115 [00:15<00:44,  1.93it/s, loss=0.5493]Trial 0 Ep5:  26%|████████████████████████████▋                                                                                 | 30/115 [00:16<00:44,  1.93it/s, loss=0.5564]Trial 0 Ep5:  27%|█████████████████████████████▋                                                                                | 31/115 [00:16<00:42,  1.96it/s, loss=0.5564]Trial 0 Ep5:  27%|█████████████████████████████▋                                                                                | 31/115 [00:16<00:42,  1.96it/s, loss=0.7260]Trial 0 Ep5:  28%|██████████████████████████████▌                                                                               | 32/115 [00:16<00:42,  1.95it/s, loss=0.7260]Trial 0 Ep5:  28%|██████████████████████████████▌                                                                               | 32/115 [00:17<00:42,  1.95it/s, loss=1.1933]Trial 0 Ep5:  29%|███████████████████████████████▌                                                                              | 33/115 [00:17<00:41,  1.97it/s, loss=1.1933]Trial 0 Ep5:  29%|███████████████████████████████▌                                                                              | 33/115 [00:17<00:41,  1.97it/s, loss=0.7491]Trial 0 Ep5:  30%|████████████████████████████████▌                                                                             | 34/115 [00:17<00:41,  1.97it/s, loss=0.7491]Trial 0 Ep5:  30%|████████████████████████████████▌                                                                             | 34/115 [00:18<00:41,  1.97it/s, loss=0.7249]Trial 0 Ep5:  30%|█████████████████████████████████▍                                                                            | 35/115 [00:18<00:40,  1.96it/s, loss=0.7249]Trial 0 Ep5:  30%|█████████████████████████████████▍                                                                            | 35/115 [00:18<00:40,  1.96it/s, loss=0.5097]Trial 0 Ep5:  31%|██████████████████████████████████▍                                                                           | 36/115 [00:18<00:40,  1.97it/s, loss=0.5097]Trial 0 Ep5:  31%|██████████████████████████████████▍                                                                           | 36/115 [00:19<00:40,  1.97it/s, loss=0.6927]Trial 0 Ep5:  32%|███████████████████████████████████▍                                                                          | 37/115 [00:19<00:39,  1.96it/s, loss=0.6927]Trial 0 Ep5:  32%|███████████████████████████████████▍                                                                          | 37/115 [00:19<00:39,  1.96it/s, loss=0.9045]Trial 0 Ep5:  33%|████████████████████████████████████▎                                                                         | 38/115 [00:19<00:39,  1.94it/s, loss=0.9045]Trial 0 Ep5:  33%|████████████████████████████████████▎                                                                         | 38/115 [00:20<00:39,  1.94it/s, loss=0.7493]Trial 0 Ep5:  34%|█████████████████████████████████████▎                                                                        | 39/115 [00:20<00:38,  1.96it/s, loss=0.7493]Trial 0 Ep5:  34%|█████████████████████████████████████▎                                                                        | 39/115 [00:20<00:38,  1.96it/s, loss=0.9847]Trial 0 Ep5:  35%|██████████████████████████████████████▎                                                                       | 40/115 [00:20<00:38,  1.97it/s, loss=0.9847]Trial 0 Ep5:  35%|██████████████████████████████████████▎                                                                       | 40/115 [00:21<00:38,  1.97it/s, loss=0.6628]Trial 0 Ep5:  36%|███████████████████████████████████████▏                                                                      | 41/115 [00:21<00:37,  1.99it/s, loss=0.6628]Trial 0 Ep5:  36%|███████████████████████████████████████▏                                                                      | 41/115 [00:22<00:37,  1.99it/s, loss=1.3993]Trial 0 Ep5:  37%|████████████████████████████████████████▏                                                                     | 42/115 [00:22<00:40,  1.81it/s, loss=1.3993]Trial 0 Ep5:  37%|████████████████████████████████████████▏                                                                     | 42/115 [00:22<00:40,  1.81it/s, loss=0.7492]Trial 0 Ep5:  37%|█████████████████████████████████████████▏                                                                    | 43/115 [00:22<00:38,  1.85it/s, loss=0.7492]Trial 0 Ep5:  37%|█████████████████████████████████████████▏                                                                    | 43/115 [00:23<00:38,  1.85it/s, loss=1.0569]Trial 0 Ep5:  38%|██████████████████████████████████████████                                                                    | 44/115 [00:23<00:37,  1.89it/s, loss=1.0569]Trial 0 Ep5:  38%|██████████████████████████████████████████                                                                    | 44/115 [00:23<00:37,  1.89it/s, loss=0.7971]Trial 0 Ep5:  39%|███████████████████████████████████████████                                                                   | 45/115 [00:23<00:36,  1.92it/s, loss=0.7971]Trial 0 Ep5:  39%|███████████████████████████████████████████                                                                   | 45/115 [00:24<00:36,  1.92it/s, loss=0.8242]Trial 0 Ep5:  40%|████████████████████████████████████████████                                                                  | 46/115 [00:24<00:36,  1.88it/s, loss=0.8242]Trial 0 Ep5:  40%|████████████████████████████████████████████                                                                  | 46/115 [00:24<00:36,  1.88it/s, loss=0.6952]Trial 0 Ep5:  41%|████████████████████████████████████████████▉                                                                 | 47/115 [00:24<00:35,  1.91it/s, loss=0.6952]Trial 0 Ep5:  41%|████████████████████████████████████████████▉                                                                 | 47/115 [00:25<00:35,  1.91it/s, loss=0.7733]Trial 0 Ep5:  42%|█████████████████████████████████████████████▉                                                                | 48/115 [00:25<00:34,  1.92it/s, loss=0.7733]Trial 0 Ep5:  42%|█████████████████████████████████████████████▉                                                                | 48/115 [00:25<00:34,  1.92it/s, loss=0.6215]Trial 0 Ep5:  43%|██████████████████████████████████████████████▊                                                               | 49/115 [00:25<00:34,  1.91it/s, loss=0.6215]Trial 0 Ep5:  43%|██████████████████████████████████████████████▊                                                               | 49/115 [00:26<00:34,  1.91it/s, loss=0.6859]Trial 0 Ep5:  43%|███████████████████████████████████████████████▊                                                              | 50/115 [00:26<00:34,  1.90it/s, loss=0.6859]Trial 0 Ep5:  43%|███████████████████████████████████████████████▊                                                              | 50/115 [00:26<00:34,  1.90it/s, loss=0.6913]Trial 0 Ep5:  44%|████████████████████████████████████████████████▊                                                             | 51/115 [00:26<00:33,  1.91it/s, loss=0.6913]Trial 0 Ep5:  44%|████████████████████████████████████████████████▊                                                             | 51/115 [00:27<00:33,  1.91it/s, loss=0.6978]Trial 0 Ep5:  45%|█████████████████████████████████████████████████▋                                                            | 52/115 [00:27<00:32,  1.92it/s, loss=0.6978]Trial 0 Ep5:  45%|█████████████████████████████████████████████████▋                                                            | 52/115 [00:27<00:32,  1.92it/s, loss=0.7384]Trial 0 Ep5:  46%|██████████████████████████████████████████████████▋                                                           | 53/115 [00:27<00:31,  1.94it/s, loss=0.7384]Trial 0 Ep5:  46%|██████████████████████████████████████████████████▋                                                           | 53/115 [00:28<00:31,  1.94it/s, loss=0.7054]Trial 0 Ep5:  47%|███████████████████████████████████████████████████▋                                                          | 54/115 [00:28<00:31,  1.95it/s, loss=0.7054]Trial 0 Ep5:  47%|███████████████████████████████████████████████████▋                                                          | 54/115 [00:28<00:31,  1.95it/s, loss=0.6978]Trial 0 Ep5:  48%|████████████████████████████████████████████████████▌                                                         | 55/115 [00:28<00:30,  1.98it/s, loss=0.6978]Trial 0 Ep5:  48%|████████████████████████████████████████████████████▌                                                         | 55/115 [00:29<00:30,  1.98it/s, loss=0.5622]Trial 0 Ep5:  49%|█████████████████████████████████████████████████████▌                                                        | 56/115 [00:29<00:30,  1.95it/s, loss=0.5622]Trial 0 Ep5:  49%|█████████████████████████████████████████████████████▌                                                        | 56/115 [00:29<00:30,  1.95it/s, loss=0.7371]Trial 0 Ep5:  50%|██████████████████████████████████████████████████████▌                                                       | 57/115 [00:29<00:29,  1.96it/s, loss=0.7371]Trial 0 Ep5:  50%|██████████████████████████████████████████████████████▌                                                       | 57/115 [00:30<00:29,  1.96it/s, loss=1.0071]Trial 0 Ep5:  50%|███████████████████████████████████████████████████████▍                                                      | 58/115 [00:30<00:29,  1.96it/s, loss=1.0071]Trial 0 Ep5:  50%|███████████████████████████████████████████████████████▍                                                      | 58/115 [00:30<00:29,  1.96it/s, loss=0.5528]Trial 0 Ep5:  51%|████████████████████████████████████████████████████████▍                                                     | 59/115 [00:30<00:28,  1.96it/s, loss=0.5528]Trial 0 Ep5:  51%|████████████████████████████████████████████████████████▍                                                     | 59/115 [00:31<00:28,  1.96it/s, loss=0.6316]Trial 0 Ep5:  52%|█████████████████████████████████████████████████████████▍                                                    | 60/115 [00:31<00:28,  1.96it/s, loss=0.6316]Trial 0 Ep5:  52%|█████████████████████████████████████████████████████████▍                                                    | 60/115 [00:31<00:28,  1.96it/s, loss=0.6071]Trial 0 Ep5:  53%|██████████████████████████████████████████████████████████▎                                                   | 61/115 [00:31<00:27,  1.96it/s, loss=0.6071]Trial 0 Ep5:  53%|██████████████████████████████████████████████████████████▎                                                   | 61/115 [00:32<00:27,  1.96it/s, loss=0.5633]Trial 0 Ep5:  54%|███████████████████████████████████████████████████████████▎                                                  | 62/115 [00:32<00:27,  1.94it/s, loss=0.5633]Trial 0 Ep5:  54%|███████████████████████████████████████████████████████████▎                                              