Trial 4 Ep3:   0%|                                                                                                                                    | 0/115 [00:00<?, ?it/s]Trial 4 Ep3:   0%|                                                                                                                       | 0/115 [00:00<?, ?it/s, loss=0.5972]Trial 4 Ep3:   1%|▉                                                                                                              | 1/115 [00:00<00:58,  1.94it/s, loss=0.5972]Trial 4 Ep3:   1%|▉                                                                                                              | 1/115 [00:01<00:58,  1.94it/s, loss=0.7316]Trial 4 Ep3:   2%|█▉                                                                                                             | 2/115 [00:01<00:59,  1.91it/s, loss=0.7316]Trial 4 Ep3:   2%|█▉                                                                                                             | 2/115 [00:01<00:59,  1.91it/s, loss=0.7080]Trial 4 Ep3:   3%|██▉                                                                                                            | 3/115 [00:01<01:06,  1.68it/s, loss=0.7080]Trial 4 Ep3:   3%|██▉                                                                                                            | 3/115 [00:02<01:06,  1.68it/s, loss=0.6826]Trial 4 Ep3:   3%|███▊                                                                                                           | 4/115 [00:02<01:02,  1.78it/s, loss=0.6826]Trial 4 Ep3:   3%|███▊                                                                                                           | 4/115 [00:02<01:02,  1.78it/s, loss=0.7220]Trial 4 Ep3:   4%|████▊                                                                                                          | 5/115 [00:02<01:00,  1.81it/s, loss=0.7220]Trial 4 Ep3:   4%|████▊                                                                                                          | 5/115 [00:03<01:00,  1.81it/s, loss=0.6756]Trial 4 Ep3:   5%|█████▊                                                                                                         | 6/115 [00:03<00:58,  1.85it/s, loss=0.6756]Trial 4 Ep3:   5%|█████▊                                                                                                         | 6/115 [00:03<00:58,  1.85it/s, loss=0.7114]Trial 4 Ep3:   6%|██████▊                                                                                                        | 7/115 [00:03<00:57,  1.88it/s, loss=0.7114]Trial 4 Ep3:   6%|██████▊                                                                                                        | 7/115 [00:04<00:57,  1.88it/s, loss=0.5233]Trial 4 Ep3:   7%|███████▋                                                                                                       | 8/115 [00:04<00:56,  1.88it/s, loss=0.5233]Trial 4 Ep3:   7%|███████▋                                                                                                       | 8/115 [00:04<00:56,  1.88it/s, loss=0.6663]Trial 4 Ep3:   8%|████████▋                                                                                                      | 9/115 [00:04<00:55,  1.90it/s, loss=0.6663]Trial 4 Ep3:   8%|████████▋                                                                                                      | 9/115 [00:05<00:55,  1.90it/s, loss=0.6998]Trial 4 Ep3:   9%|█████████▌                                                                                                    | 10/115 [00:05<00:55,  1.90it/s, loss=0.6998]Trial 4 Ep3:   9%|█████████▌                                                                                                    | 10/115 [00:05<00:55,  1.90it/s, loss=0.6835]Trial 4 Ep3:  10%|██████████▌                                                                                                   | 11/115 [00:05<00:54,  1.92it/s, loss=0.6835]Trial 4 Ep3:  10%|██████████▌                                                                                                   | 11/115 [00:06<00:54,  1.92it/s, loss=0.6967]Trial 4 Ep3:  10%|███████████▍                                                                                                  | 12/115 [00:06<00:53,  1.92it/s, loss=0.6967]Trial 4 Ep3:  10%|███████████▍                                                                                                  | 12/115 [00:06<00:53,  1.92it/s, loss=0.6538]Trial 4 Ep3:  11%|████████████▍                                                                                                 | 13/115 [00:06<00:52,  1.93it/s, loss=0.6538]Trial 4 Ep3:  11%|████████████▍                                                                                                 | 13/115 [00:07<00:52,  1.93it/s, loss=0.7019]Trial 4 Ep3:  12%|█████████████▍                                                                                                | 14/115 [00:07<00:51,  1.94it/s, loss=0.7019]Trial 4 Ep3:  12%|█████████████▍                                                                                                | 14/115 [00:07<00:51,  1.94it/s, loss=0.7333]Trial 4 Ep3:  13%|██████████████▎                                                                                               | 15/115 [00:07<00:52,  1.92it/s, loss=0.7333]Trial 4 Ep3:  13%|██████████████▎                                                                                               | 15/115 [00:08<00:52,  1.92it/s, loss=0.6903]Trial 4 Ep3:  14%|███████████████▎                                                                                              | 16/115 [00:08<00:51,  1.91it/s, loss=0.6903]Trial 4 Ep3:  14%|███████████████▎                                                                                              | 16/115 [00:09<00:51,  1.91it/s, loss=0.7326]Trial 4 Ep3:  15%|████████████████▎                                                                                             | 17/115 [00:09<00:55,  1.77it/s, loss=0.7326]Trial 4 Ep3:  15%|████████████████▎                                                                                             | 17/115 [00:09<00:55,  1.77it/s, loss=0.6949]Trial 4 Ep3:  16%|█████████████████▏                                                                                            | 18/115 [00:09<00:54,  1.79it/s, loss=0.6949]Trial 4 Ep3:  16%|█████████████████▏                                                                                            | 18/115 [00:10<00:54,  1.79it/s, loss=0.8601]Trial 4 Ep3:  17%|██████████████████▏                                                                                           | 19/115 [00:10<00:53,  1.78it/s, loss=0.8601]Trial 4 Ep3:  17%|██████████████████▏                                                                                           | 19/115 [00:10<00:53,  1.78it/s, loss=0.6963]Trial 4 Ep3:  17%|███████████████████▏                                                                                          | 20/115 [00:10<00:51,  1.83it/s, loss=0.6963]Trial 4 Ep3:  17%|███████████████████▏                                                                                          | 20/115 [00:11<00:51,  1.83it/s, loss=0.5241]Trial 4 Ep3:  18%|████████████████████                                                                                          | 21/115 [00:11<00:50,  1.85it/s, loss=0.5241]Trial 4 Ep3:  18%|████████████████████                                                                                          | 21/115 [00:11<00:50,  1.85it/s, loss=0.8070]Trial 4 Ep3:  19%|█████████████████████                                                                                         | 22/115 [00:11<00:50,  1.86it/s, loss=0.8070]Trial 4 Ep3:  19%|█████████████████████                                                                                         | 22/115 [00:12<00:50,  1.86it/s, loss=0.6870]Trial 4 Ep3:  20%|██████████████████████                                                                                        | 23/115 [00:12<00:49,  1.84it/s, loss=0.6870]Trial 4 Ep3:  20%|██████████████████████                                                                                        | 23/115 [00:12<00:49,  1.84it/s, loss=0.6856]Trial 4 Ep3:  21%|██████████████████████▉                                                                                       | 24/115 [00:12<00:50,  1.81it/s, loss=0.6856]Trial 4 Ep3:  21%|██████████████████████▉                                                                                       | 24/115 [00:13<00:50,  1.81it/s, loss=0.6873]Trial 4 Ep3:  22%|███████████████████████▉                                                                                      | 25/115 [00:13<00:48,  1.86it/s, loss=0.6873]Trial 4 Ep3:  22%|███████████████████████▉                                                                                      | 25/115 [00:13<00:48,  1.86it/s, loss=0.5860]Trial 4 Ep3:  23%|████████████████████████▊                                                                                     | 26/115 [00:13<00:47,  1.88it/s, loss=0.5860]Trial 4 Ep3:  23%|████████████████████████▊                                                                                     | 26/115 [00:14<00:47,  1.88it/s, loss=0.7444]Trial 4 Ep3:  23%|█████████████████████████▊                                                                                    | 27/115 [00:14<00:46,  1.88it/s, loss=0.7444]Trial 4 Ep3:  23%|█████████████████████████▊                                                                                    | 27/115 [00:15<00:46,  1.88it/s, loss=0.8073]Trial 4 Ep3:  24%|██████████████████████████▊                                                                                   | 28/115 [00:15<00:46,  1.89it/s, loss=0.8073]Trial 4 Ep3:  24%|██████████████████████████▊                                                                                   | 28/115 [00:15<00:46,  1.89it/s, loss=0.6812]Trial 4 Ep3:  25%|███████████████████████████▋                                                                                  | 29/115 [00:15<00:45,  1.89it/s, loss=0.6812]Trial 4 Ep3:  25%|███████████████████████████▋                                                                                  | 29/115 [00:16<00:45,  1.89it/s, loss=0.7680]Trial 4 Ep3:  26%|████████████████████████████▋                                                                                 | 30/115 [00:16<00:45,  1.88it/s, loss=0.7680]Trial 4 Ep3:  26%|████████████████████████████▋                                                                                 | 30/115 [00:16<00:45,  1.88it/s, loss=0.5964]Trial 4 Ep3:  27%|█████████████████████████████▋                                                                                | 31/115 [00:16<00:47,  1.77it/s, loss=0.5964]Trial 4 Ep3:  27%|█████████████████████████████▋                                                                                | 31/115 [00:17<00:47,  1.77it/s, loss=0.6389]Trial 4 Ep3:  28%|██████████████████████████████▌                                                                               | 32/115 [00:17<00:45,  1.82it/s, loss=0.6389]Trial 4 Ep3:  28%|██████████████████████████████▌                                                                               | 32/115 [00:17<00:45,  1.82it/s, loss=0.6566]Trial 4 Ep3:  29%|███████████████████████████████▌                                                                              | 33/115 [00:17<00:44,  1.83it/s, loss=0.6566]Trial 4 Ep3:  29%|███████████████████████████████▌                                                                              | 33/115 [00:18<00:44,  1.83it/s, loss=0.6904]Trial 4 Ep3:  30%|████████████████████████████████▌                                                                             | 34/115 [00:18<00:44,  1.84it/s, loss=0.6904]Trial 4 Ep3:  30%|████████████████████████████████▌                                                                             | 34/115 [00:18<00:44,  1.84it/s, loss=0.6314]Trial 4 Ep3:  30%|█████████████████████████████████▍                                                                            | 35/115 [00:18<00:43,  1.85it/s, loss=0.6314]Trial 4 Ep3:  30%|█████████████████████████████████▍                                                                            | 35/115 [00:19<00:43,  1.85it/s, loss=0.9452]Trial 4 Ep3:  31%|██████████████████████████████████▍                                                                           | 36/115 [00:19<00:42,  1.84it/s, loss=0.9452]Trial 4 Ep3:  31%|██████████████████████████████████▍                                                                           | 36/115 [00:19<00:42,  1.84it/s, loss=0.5974]Trial 4 Ep3:  32%|███████████████████████████████████▍                                                                          | 37/115 [00:19<00:41,  1.86it/s, loss=0.5974]Trial 4 Ep3:  32%|███████████████████████████████████▍                                                                          | 37/115 [00:20<00:41,  1.86it/s, loss=0.6848]Trial 4 Ep3:  33%|████████████████████████████████████▎                                                                         | 38/115 [00:20<00:41,  1.87it/s, loss=0.6848]Trial 4 Ep3:  33%|████████████████████████████████████▎                                                                         | 38/115 [00:21<00:41,  1.87it/s, loss=0.6493]Trial 4 Ep3:  34%|█████████████████████████████████████▎                                                                        | 39/115 [00:21<00:40,  1.87it/s, loss=0.6493]Trial 4 Ep3:  34%|█████████████████████████████████████▎                                                                        | 39/115 [00:21<00:40,  1.87it/s, loss=0.6740]Trial 4 Ep3:  35%|██████████████████████████████████████▎                                                                       | 40/115 [00:21<00:39,  1.88it/s, loss=0.6740]Trial 4 Ep3:  35%|██████████████████████████████████████▎                                                                       | 40/115 [00:22<00:39,  1.88it/s, loss=0.9422]Trial 4 Ep3:  36%|███████████████████████████████████████▏                                                                      | 41/115 [00:22<00:39,  1.85it/s, loss=0.9422]Trial 4 Ep3:  36%|███████████████████████████████████████▏                                                                      | 41/115 [00:22<00:39,  1.85it/s, loss=0.6635]Trial 4 Ep3:  37%|████████████████████████████████████████▏                                                                     | 42/115 [00:22<00:39,  1.84it/s, loss=0.6635]Trial 4 Ep3:  37%|████████████████████████████████████████▏                                                                     | 42/115 [00:23<00:39,  1.84it/s, loss=0.5376]Trial 4 Ep3:  37%|█████████████████████████████████████████▏                                                                    | 43/115 [00:23<00:39,  1.84it/s, loss=0.5376]Trial 4 Ep3:  37%|█████████████████████████████████████████▏                                                                    | 43/115 [00:23<00:39,  1.84it/s, loss=0.4508]Trial 4 Ep3:  38%|██████████████████████████████████████████                                                                    | 44/115 [00:23<00:38,  1.86it/s, loss=0.4508]Trial 4 Ep3:  38%|██████████████████████████████████████████                                                                    | 44/115 [00:24<00:38,  1.86it/s, loss=0.5788]Trial 4 Ep3:  39%|███████████████████████████████████████████                                                                   | 45/115 [00:24<00:40,  1.74it/s, loss=0.5788]Trial 4 Ep3:  39%|███████████████████████████████████████████                                                                   | 45/115 [00:24<00:40,  1.74it/s, loss=0.7773]Trial 4 Ep3:  40%|████████████████████████████████████████████                                                                  | 46/115 [00:24<00:38,  1.78it/s, loss=0.7773]Trial 4 Ep3:  40%|████████████████████████████████████████████                                                                  | 46/115 [00:25<00:38,  1.78it/s, loss=0.8987]Trial 4 Ep3:  41%|████████████████████████████████████████████▉                                                                 | 47/115 [00:25<00:37,  1.81it/s, loss=0.8987]Trial 4 Ep3:  41%|████████████████████████████████████████████▉                                                                 | 47/115 [00:25<00:37,  1.81it/s, loss=0.7104]Trial 4 Ep3:  42%|█████████████████████████████████████████████▉                                                                | 48/115 [00:25<00:36,  1.82it/s, loss=0.7104]Trial 4 Ep3:  42%|█████████████████████████████████████████████▉                                                                | 48/115 [00:26<00:36,  1.82it/s, loss=0.8085]Trial 4 Ep3:  43%|██████████████████████████████████████████████▊                                                               | 49/115 [00:26<00:35,  1.87it/s, loss=0.8085]Trial 4 Ep3:  43%|██████████████████████████████████████████████▊                                                               | 49/115 [00:27<00:35,  1.87it/s, loss=0.5717]Trial 4 Ep3:  43%|███████████████████████████████████████████████▊                                                              | 50/115 [00:27<00:34,  1.88it/s, loss=0.5717]Trial 4 Ep3:  43%|███████████████████████████████████████████████▊                                                              | 50/115 [00:27<00:34,  1.88it/s, loss=0.9236]Trial 4 Ep3:  44%|████████████████████████████████████████████████▊                                                             | 51/115 [00:27<00:33,  1.89it/s, loss=0.9236]Trial 4 Ep3:  44%|████████████████████████████████████████████████▊                                                             | 51/115 [00:28<00:33,  1.89it/s, loss=0.6203]Trial 4 Ep3:  45%|█████████████████████████████████████████████████▋                                                            | 52/115 [00:28<00:32,  1.91it/s, loss=0.6203]Trial 4 Ep3:  45%|█████████████████████████████████████████████████▋                                                            | 52/115 [00:28<00:32,  1.91it/s, loss=0.6094]Trial 4 Ep3:  46%|██████████████████████████████████████████████████▋                                                           | 53/115 [00:28<00:32,  1.91it/s, loss=0.6094]Trial 4 Ep3:  46%|██████████████████████████████████████████████████▋                                                           | 53/115 [00:29<00:32,  1.91it/s, loss=0.6745]Trial 4 Ep3:  47%|███████████████████████████████████████████████████▋                                                          | 54/115 [00:29<00:32,  1.86it/s, loss=0.6745]Trial 4 Ep3:  47%|███████████████████████████████████████████████████▋                                                          | 54/115 [00:29<00:32,  1.86it/s, loss=0.5370]Trial 4 Ep3:  48%|████████████████████████████████████████████████████▌                                                         | 55/115 [00:29<00:32,  1.82it/s, loss=0.5370]Trial 4 Ep3:  48%|████████████████████████████████████████████████████▌                                                         | 55/115 [00:30<00:32,  1.82it/s, loss=0.7776]Trial 4 Ep3:  49%|█████████████████████████████████████████████████████▌                                                        | 56/115 [00:30<00:32,  1.84it/s, loss=0.7776]Trial 4 Ep3:  49%|█████████████████████████████████████████████████████▌                                                        | 56/115 [00:30<00:32,  1.84it/s, loss=0.6627]Trial 4 Ep3:  50%|██████████████████████████████████████████████████████▌                                                       | 57/115 [00:30<00:31,  1.83it/s, loss=0.6627]Trial 4 Ep3:  50%|██████████████████████████████████████████████████████▌                                                       | 57/115 [00:31<00:31,  1.83it/s, loss=0.6458]Trial 4 Ep3:  50%|███████████████████████████████████████████████████████▍                                                      | 58/115 [00:31<00:30,  1.87it/s, loss=0.6458]Trial 4 Ep3:  50%|███████████████████████████████████████████████████████▍                                                      | 58/115 [00:31<00:30,  1.87it/s, loss=0.6592]Trial 4 Ep3:  51%|████████████████████████████████████████████████████████▍                                                     | 59/115 [00:31<00:29,  1.90it/s, loss=0.6592]Trial 4 Ep3:  51%|████████████████████████████████████████████████████████▍                                                     | 59/115 [00:32<00:29,  1.90it/s, loss=0.6430]Trial 4 Ep3:  52%|█████████████████████████████████████████████████████████▍                                                    | 60/115 [00:32<00:31,  1.76it/s, loss=0.6430]Trial 4 Ep3:  52%|█████████████████████████████████████████████████████████▍                                                    | 60/115 [00:33<00:31,  1.76it/s, loss=0.5630]Trial 4 Ep3:  53%|██████████████████████████████████████████████████████████▎                                                   | 61/115 [00:33<00:30,  1.76it/s, loss=0.5630]Trial 4 Ep3:  53%|██████████████████████████████████████████████████████████▎                                                   | 61/115 [00:33<00:30,  1.76it/s, loss=0.6014]Trial 4 Ep3:  54%|███████████████████████████████████████████████████████████▎                                                  | 62/115 [00:33<00:29,  1.80it/s, loss=0.6014]Trial 4 Ep3:  54%|███████████████████████████████████████████████████████████▎                                              