Trial 5 Ep3:   0%|                                                                                                                                    | 0/115 [00:00<?, ?it/s]Trial 5 Ep3:   0%|                                                                                                                       | 0/115 [00:00<?, ?it/s, loss=0.6760]Trial 5 Ep3:   1%|▉                                                                                                              | 1/115 [00:00<00:59,  1.91it/s, loss=0.6760]Trial 5 Ep3:   1%|▉                                                                                                              | 1/115 [00:01<00:59,  1.91it/s, loss=1.0139]Trial 5 Ep3:   2%|█▉                                                                                                             | 2/115 [00:01<00:58,  1.93it/s, loss=1.0139]Trial 5 Ep3:   2%|█▉                                                                                                             | 2/115 [00:01<00:58,  1.93it/s, loss=0.7615]Trial 5 Ep3:   3%|██▉                                                                                                            | 3/115 [00:01<00:58,  1.93it/s, loss=0.7615]Trial 5 Ep3:   3%|██▉                                                                                                            | 3/115 [00:02<00:58,  1.93it/s, loss=0.8556]Trial 5 Ep3:   3%|███▊                                                                                                           | 4/115 [00:02<00:57,  1.93it/s, loss=0.8556]Trial 5 Ep3:   3%|███▊                                                                                                           | 4/115 [00:02<00:57,  1.93it/s, loss=0.9974]Trial 5 Ep3:   4%|████▊                                                                                                          | 5/115 [00:02<00:55,  1.97it/s, loss=0.9974]Trial 5 Ep3:   4%|████▊                                                                                                          | 5/115 [00:03<00:55,  1.97it/s, loss=0.7861]Trial 5 Ep3:   5%|█████▊                                                                                                         | 6/115 [00:03<00:56,  1.94it/s, loss=0.7861]Trial 5 Ep3:   5%|█████▊                                                                                                         | 6/115 [00:03<00:56,  1.94it/s, loss=0.6883]Trial 5 Ep3:   6%|██████▊                                                                                                        | 7/115 [00:03<00:55,  1.94it/s, loss=0.6883]Trial 5 Ep3:   6%|██████▊                                                                                                        | 7/115 [00:04<00:55,  1.94it/s, loss=0.7710]Trial 5 Ep3:   7%|███████▋                                                                                                       | 8/115 [00:04<00:55,  1.93it/s, loss=0.7710]Trial 5 Ep3:   7%|███████▋                                                                                                       | 8/115 [00:04<00:55,  1.93it/s, loss=0.8474]Trial 5 Ep3:   8%|████████▋                                                                                                      | 9/115 [00:04<00:55,  1.93it/s, loss=0.8474]Trial 5 Ep3:   8%|████████▋                                                                                                      | 9/115 [00:05<00:55,  1.93it/s, loss=0.8793]Trial 5 Ep3:   9%|█████████▌                                                                                                    | 10/115 [00:05<00:58,  1.80it/s, loss=0.8793]Trial 5 Ep3:   9%|█████████▌                                                                                                    | 10/115 [00:05<00:58,  1.80it/s, loss=0.5812]Trial 5 Ep3:  10%|██████████▌                                                                                                   | 11/115 [00:05<00:58,  1.79it/s, loss=0.5812]Trial 5 Ep3:  10%|██████████▌                                                                                                   | 11/115 [00:06<00:58,  1.79it/s, loss=0.7967]Trial 5 Ep3:  10%|███████████▍                                                                                                  | 12/115 [00:06<00:56,  1.82it/s, loss=0.7967]Trial 5 Ep3:  10%|███████████▍                                                                                                  | 12/115 [00:06<00:56,  1.82it/s, loss=1.0042]Trial 5 Ep3:  11%|████████████▍                                                                                                 | 13/115 [00:06<00:55,  1.85it/s, loss=1.0042]Trial 5 Ep3:  11%|████████████▍                                                                                                 | 13/115 [00:07<00:55,  1.85it/s, loss=0.9672]Trial 5 Ep3:  12%|█████████████▍                                                                                                | 14/115 [00:07<00:53,  1.89it/s, loss=0.9672]Trial 5 Ep3:  12%|█████████████▍                                                                                                | 14/115 [00:07<00:53,  1.89it/s, loss=0.7471]Trial 5 Ep3:  13%|██████████████▎                                                                                               | 15/115 [00:07<00:52,  1.91it/s, loss=0.7471]Trial 5 Ep3:  13%|██████████████▎                                                                                               | 15/115 [00:08<00:52,  1.91it/s, loss=0.9205]Trial 5 Ep3:  14%|███████████████▎                                                                                              | 16/115 [00:08<00:51,  1.92it/s, loss=0.9205]Trial 5 Ep3:  14%|███████████████▎                                                                                              | 16/115 [00:08<00:51,  1.92it/s, loss=0.6710]Trial 5 Ep3:  15%|████████████████▎                                                                                             | 17/115 [00:08<00:51,  1.90it/s, loss=0.6710]Trial 5 Ep3:  15%|████████████████▎                                                                                             | 17/115 [00:09<00:51,  1.90it/s, loss=0.6865]Trial 5 Ep3:  16%|█████████████████▏                                                                                            | 18/115 [00:09<00:50,  1.92it/s, loss=0.6865]Trial 5 Ep3:  16%|█████████████████▏                                                                                            | 18/115 [00:10<00:50,  1.92it/s, loss=0.7009]Trial 5 Ep3:  17%|██████████████████▏                                                                                           | 19/115 [00:10<00:51,  1.88it/s, loss=0.7009]Trial 5 Ep3:  17%|██████████████████▏                                                                                           | 19/115 [00:10<00:51,  1.88it/s, loss=0.7780]Trial 5 Ep3:  17%|███████████████████▏                                                                                          | 20/115 [00:10<00:50,  1.89it/s, loss=0.7780]Trial 5 Ep3:  17%|███████████████████▏                                                                                          | 20/115 [00:11<00:50,  1.89it/s, loss=0.6383]Trial 5 Ep3:  18%|████████████████████                                                                                          | 21/115 [00:11<00:49,  1.90it/s, loss=0.6383]Trial 5 Ep3:  18%|████████████████████                                                                                          | 21/115 [00:11<00:49,  1.90it/s, loss=0.7612]Trial 5 Ep3:  19%|█████████████████████                                                                                         | 22/115 [00:11<00:47,  1.95it/s, loss=0.7612]Trial 5 Ep3:  19%|█████████████████████                                                                                         | 22/115 [00:12<00:47,  1.95it/s, loss=0.6039]Trial 5 Ep3:  20%|██████████████████████                                                                                        | 23/115 [00:12<00:47,  1.95it/s, loss=0.6039]Trial 5 Ep3:  20%|██████████████████████                                                                                        | 23/115 [00:12<00:47,  1.95it/s, loss=0.6736]Trial 5 Ep3:  21%|██████████████████████▉                                                                                       | 24/115 [00:12<00:50,  1.79it/s, loss=0.6736]Trial 5 Ep3:  21%|██████████████████████▉                                                                                       | 24/115 [00:13<00:50,  1.79it/s, loss=0.7638]Trial 5 Ep3:  22%|███████████████████████▉                                                                                      | 25/115 [00:13<00:49,  1.83it/s, loss=0.7638]Trial 5 Ep3:  22%|███████████████████████▉                                                                                      | 25/115 [00:13<00:49,  1.83it/s, loss=1.0092]Trial 5 Ep3:  23%|████████████████████████▊                                                                                     | 26/115 [00:13<00:47,  1.86it/s, loss=1.0092]Trial 5 Ep3:  23%|████████████████████████▊                                                                                     | 26/115 [00:14<00:47,  1.86it/s, loss=0.7478]Trial 5 Ep3:  23%|█████████████████████████▊                                                                                    | 27/115 [00:14<00:46,  1.89it/s, loss=0.7478]Trial 5 Ep3:  23%|█████████████████████████▊                                                                                    | 27/115 [00:14<00:46,  1.89it/s, loss=0.8130]Trial 5 Ep3:  24%|██████████████████████████▊                                                                                   | 28/115 [00:14<00:46,  1.88it/s, loss=0.8130]Trial 5 Ep3:  24%|██████████████████████████▊                                                                                   | 28/115 [00:15<00:46,  1.88it/s, loss=0.7007]Trial 5 Ep3:  25%|███████████████████████████▋                                                                                  | 29/115 [00:15<00:45,  1.91it/s, loss=0.7007]Trial 5 Ep3:  25%|███████████████████████████▋                                                                                  | 29/115 [00:15<00:45,  1.91it/s, loss=1.1568]Trial 5 Ep3:  26%|████████████████████████████▋                                                                                 | 30/115 [00:15<00:44,  1.89it/s, loss=1.1568]Trial 5 Ep3:  26%|████████████████████████████▋                                                                                 | 30/115 [00:16<00:44,  1.89it/s, loss=0.7607]Trial 5 Ep3:  27%|█████████████████████████████▋                                                                                | 31/115 [00:16<00:43,  1.93it/s, loss=0.7607]Trial 5 Ep3:  27%|█████████████████████████████▋                                                                                | 31/115 [00:16<00:43,  1.93it/s, loss=1.1275]Trial 5 Ep3:  28%|██████████████████████████████▌                                                                               | 32/115 [00:16<00:43,  1.93it/s, loss=1.1275]Trial 5 Ep3:  28%|██████████████████████████████▌                                                                               | 32/115 [00:17<00:43,  1.93it/s, loss=0.7324]Trial 5 Ep3:  29%|███████████████████████████████▌                                                                              | 33/115 [00:17<00:42,  1.94it/s, loss=0.7324]Trial 5 Ep3:  29%|███████████████████████████████▌                                                                              | 33/115 [00:17<00:42,  1.94it/s, loss=0.9167]Trial 5 Ep3:  30%|████████████████████████████████▌                                                                             | 34/115 [00:17<00:41,  1.97it/s, loss=0.9167]Trial 5 Ep3:  30%|████████████████████████████████▌                                                                             | 34/115 [00:18<00:41,  1.97it/s, loss=0.7148]Trial 5 Ep3:  30%|█████████████████████████████████▍                                                                            | 35/115 [00:18<00:40,  1.98it/s, loss=0.7148]Trial 5 Ep3:  30%|█████████████████████████████████▍                                                                            | 35/115 [00:18<00:40,  1.98it/s, loss=0.7767]Trial 5 Ep3:  31%|██████████████████████████████████▍                                                                           | 36/115 [00:18<00:39,  1.98it/s, loss=0.7767]Trial 5 Ep3:  31%|██████████████████████████████████▍                                                                           | 36/115 [00:19<00:39,  1.98it/s, loss=0.7147]Trial 5 Ep3:  32%|███████████████████████████████████▍                                                                          | 37/115 [00:19<00:41,  1.90it/s, loss=0.7147]Trial 5 Ep3:  32%|███████████████████████████████████▍                                                                          | 37/115 [00:20<00:41,  1.90it/s, loss=0.6362]Trial 5 Ep3:  33%|████████████████████████████████████▎                                                                         | 38/115 [00:20<00:43,  1.78it/s, loss=0.6362]Trial 5 Ep3:  33%|████████████████████████████████████▎                                                                         | 38/115 [00:20<00:43,  1.78it/s, loss=0.9180]Trial 5 Ep3:  34%|█████████████████████████████████████▎                                                                        | 39/115 [00:20<00:41,  1.82it/s, loss=0.9180]Trial 5 Ep3:  34%|█████████████████████████████████████▎                                                                        | 39/115 [00:21<00:41,  1.82it/s, loss=0.8456]Trial 5 Ep3:  35%|██████████████████████████████████████▎                                                                       | 40/115 [00:21<00:40,  1.84it/s, loss=0.8456]Trial 5 Ep3:  35%|██████████████████████████████████████▎                                                                       | 40/115 [00:21<00:40,  1.84it/s, loss=0.9346]Trial 5 Ep3:  36%|███████████████████████████████████████▏                                                                      | 41/115 [00:21<00:39,  1.89it/s, loss=0.9346]Trial 5 Ep3:  36%|███████████████████████████████████████▏                                                                      | 41/115 [00:22<00:39,  1.89it/s, loss=0.8890]Trial 5 Ep3:  37%|████████████████████████████████████████▏                                                                     | 42/115 [00:22<00:38,  1.89it/s, loss=0.8890]Trial 5 Ep3:  37%|████████████████████████████████████████▏                                                                     | 42/115 [00:22<00:38,  1.89it/s, loss=0.7208]Trial 5 Ep3:  37%|█████████████████████████████████████████▏                                                                    | 43/115 [00:22<00:38,  1.88it/s, loss=0.7208]Trial 5 Ep3:  37%|█████████████████████████████████████████▏                                                                    | 43/115 [00:23<00:38,  1.88it/s, loss=0.7841]Trial 5 Ep3:  38%|██████████████████████████████████████████                                                                    | 44/115 [00:23<00:37,  1.88it/s, loss=0.7841]Trial 5 Ep3:  38%|██████████████████████████████████████████                                                                    | 44/115 [00:23<00:37,  1.88it/s, loss=0.7102]Trial 5 Ep3:  39%|███████████████████████████████████████████                                                                   | 45/115 [00:23<00:36,  1.91it/s, loss=0.7102]Trial 5 Ep3:  39%|███████████████████████████████████████████                                                                   | 45/115 [00:24<00:36,  1.91it/s, loss=1.1893]Trial 5 Ep3:  40%|████████████████████████████████████████████                                                                  | 46/115 [00:24<00:36,  1.88it/s, loss=1.1893]Trial 5 Ep3:  40%|████████████████████████████████████████████                                                                  | 46/115 [00:24<00:36,  1.88it/s, loss=0.7114]Trial 5 Ep3:  41%|████████████████████████████████████████████▉                                                                 | 47/115 [00:24<00:35,  1.90it/s, loss=0.7114]Trial 5 Ep3:  41%|████████████████████████████████████████████▉                                                                 | 47/115 [00:25<00:35,  1.90it/s, loss=0.5652]Trial 5 Ep3:  42%|█████████████████████████████████████████████▉                                                                | 48/115 [00:25<00:35,  1.89it/s, loss=0.5652]Trial 5 Ep3:  42%|█████████████████████████████████████████████▉                                                                | 48/115 [00:25<00:35,  1.89it/s, loss=0.6431]Trial 5 Ep3:  43%|██████████████████████████████████████████████▊                                                               | 49/115 [00:25<00:34,  1.93it/s, loss=0.6431]Trial 5 Ep3:  43%|██████████████████████████████████████████████▊                                                               | 49/115 [00:26<00:34,  1.93it/s, loss=0.5180]Trial 5 Ep3:  43%|███████████████████████████████████████████████▊                                                              | 50/115 [00:26<00:34,  1.91it/s, loss=0.5180]Trial 5 Ep3:  43%|███████████████████████████████████████████████▊                                                              | 50/115 [00:26<00:34,  1.91it/s, loss=0.8592]Trial 5 Ep3:  44%|████████████████████████████████████████████████▊                                                             | 51/115 [00:26<00:33,  1.90it/s, loss=0.8592]Trial 5 Ep3:  44%|████████████████████████████████████████████████▊                                                             | 51/115 [00:27<00:33,  1.90it/s, loss=1.0875]Trial 5 Ep3:  45%|█████████████████████████████████████████████████▋                                                            | 52/115 [00:27<00:35,  1.79it/s, loss=1.0875]Trial 5 Ep3:  45%|█████████████████████████████████████████████████▋                                                            | 52/115 [00:28<00:35,  1.79it/s, loss=0.8863]Trial 5 Ep3:  46%|██████████████████████████████████████████████████▋                                                           | 53/115 [00:28<00:33,  1.85it/s, loss=0.8863]Trial 5 Ep3:  46%|██████████████████████████████████████████████████▋                                                           | 53/115 [00:28<00:33,  1.85it/s, loss=1.0167]Trial 5 Ep3:  47%|███████████████████████████████████████████████████▋                                                          | 54/115 [00:28<00:33,  1.83it/s, loss=1.0167]Trial 5 Ep3:  47%|███████████████████████████████████████████████████▋                                                          | 54/115 [00:29<00:33,  1.83it/s, loss=0.4459]Trial 5 Ep3:  48%|████████████████████████████████████████████████████▌                                                         | 55/115 [00:29<00:32,  1.87it/s, loss=0.4459]Trial 5 Ep3:  48%|████████████████████████████████████████████████████▌                                                         | 55/115 [00:29<00:32,  1.87it/s, loss=0.7219]Trial 5 Ep3:  49%|█████████████████████████████████████████████████████▌                                                        | 56/115 [00:29<00:31,  1.85it/s, loss=0.7219]Trial 5 Ep3:  49%|█████████████████████████████████████████████████████▌                                                        | 56/115 [00:30<00:31,  1.85it/s, loss=1.0188]Trial 5 Ep3:  50%|██████████████████████████████████████████████████████▌                                                       | 57/115 [00:30<00:31,  1.85it/s, loss=1.0188]Trial 5 Ep3:  50%|██████████████████████████████████████████████████████▌                                                       | 57/115 [00:30<00:31,  1.85it/s, loss=0.7164]Trial 5 Ep3:  50%|███████████████████████████████████████████████████████▍                                                      | 58/115 [00:30<00:30,  1.87it/s, loss=0.7164]Trial 5 Ep3:  50%|███████████████████████████████████████████████████████▍                                                      | 58/115 [00:31<00:30,  1.87it/s, loss=1.1307]Trial 5 Ep3:  51%|████████████████████████████████████████████████████████▍                                                     | 59/115 [00:31<00:30,  1.87it/s, loss=1.1307]Trial 5 Ep3:  51%|████████████████████████████████████████████████████████▍                                                     | 59/115 [00:31<00:30,  1.87it/s, loss=0.8022]Trial 5 Ep3:  52%|█████████████████████████████████████████████████████████▍                                                    | 60/115 [00:31<00:28,  1.91it/s, loss=0.8022]Trial 5 Ep3:  52%|█████████████████████████████████████████████████████████▍                                                    | 60/115 [00:32<00:28,  1.91it/s, loss=0.9141]Trial 5 Ep3:  53%|██████████████████████████████████████████████████████████▎                                                   | 61/115 [00:32<00:28,  1.92it/s, loss=0.9141]Trial 5 Ep3:  53%|██████████████████████████████████████████████████████████▎                                                   | 61/115 [00:32<00:28,  1.92it/s, loss=0.8193]Trial 5 Ep3:  54%|███████████████████████████████████████████████████████████▎                                                  | 62/115 [00:32<00:27,  1.95it/s, loss=0.8193]Trial 5 Ep3:  54%|███████████████████████████████████████████████████████████▎                                              