Trial 8 Ep3:   0%|                                                                                                                                    | 0/115 [00:00<?, ?it/s]Trial 8 Ep3:   0%|                                                                                                                       | 0/115 [00:00<?, ?it/s, loss=0.6595]Trial 8 Ep3:   1%|▉                                                                                                              | 1/115 [00:00<01:00,  1.90it/s, loss=0.6595]Trial 8 Ep3:   1%|▉                                                                                                              | 1/115 [00:01<01:00,  1.90it/s, loss=0.6269]Trial 8 Ep3:   2%|█▉                                                                                                             | 2/115 [00:01<00:59,  1.89it/s, loss=0.6269]Trial 8 Ep3:   2%|█▉                                                                                                             | 2/115 [00:01<00:59,  1.89it/s, loss=0.5387]Trial 8 Ep3:   3%|██▉                                                                                                            | 3/115 [00:01<01:04,  1.73it/s, loss=0.5387]Trial 8 Ep3:   3%|██▉                                                                                                            | 3/115 [00:02<01:04,  1.73it/s, loss=0.6306]Trial 8 Ep3:   3%|███▊                                                                                                           | 4/115 [00:02<01:01,  1.82it/s, loss=0.6306]Trial 8 Ep3:   3%|███▊                                                                                                           | 4/115 [00:02<01:01,  1.82it/s, loss=0.6245]Trial 8 Ep3:   4%|████▊                                                                                                          | 5/115 [00:02<00:58,  1.87it/s, loss=0.6245]Trial 8 Ep3:   4%|████▊                                                                                                          | 5/115 [00:03<00:58,  1.87it/s, loss=0.6136]Trial 8 Ep3:   5%|█████▊                                                                                                         | 6/115 [00:03<00:58,  1.88it/s, loss=0.6136]Trial 8 Ep3:   5%|█████▊                                                                                                         | 6/115 [00:03<00:58,  1.88it/s, loss=0.6381]Trial 8 Ep3:   6%|██████▊                                                                                                        | 7/115 [00:03<00:56,  1.91it/s, loss=0.6381]Trial 8 Ep3:   6%|██████▊                                                                                                        | 7/115 [00:04<00:56,  1.91it/s, loss=0.4607]Trial 8 Ep3:   7%|███████▋                                                                                                       | 8/115 [00:04<00:56,  1.90it/s, loss=0.4607]Trial 8 Ep3:   7%|███████▋                                                                                                       | 8/115 [00:04<00:56,  1.90it/s, loss=0.6086]Trial 8 Ep3:   8%|████████▋                                                                                                      | 9/115 [00:04<00:55,  1.91it/s, loss=0.6086]Trial 8 Ep3:   8%|████████▋                                                                                                      | 9/115 [00:05<00:55,  1.91it/s, loss=0.6307]Trial 8 Ep3:   9%|█████████▌                                                                                                    | 10/115 [00:05<00:55,  1.91it/s, loss=0.6307]Trial 8 Ep3:   9%|█████████▌                                                                                                    | 10/115 [00:05<00:55,  1.91it/s, loss=0.6891]Trial 8 Ep3:  10%|██████████▌                                                                                                   | 11/115 [00:05<00:54,  1.90it/s, loss=0.6891]Trial 8 Ep3:  10%|██████████▌                                                                                                   | 11/115 [00:06<00:54,  1.90it/s, loss=0.6491]Trial 8 Ep3:  10%|███████████▍                                                                                                  | 12/115 [00:06<00:55,  1.86it/s, loss=0.6491]Trial 8 Ep3:  10%|███████████▍                                                                                                  | 12/115 [00:06<00:55,  1.86it/s, loss=0.6980]Trial 8 Ep3:  11%|████████████▍                                                                                                 | 13/115 [00:06<00:54,  1.87it/s, loss=0.6980]Trial 8 Ep3:  11%|████████████▍                                                                                                 | 13/115 [00:07<00:54,  1.87it/s, loss=0.6732]Trial 8 Ep3:  12%|█████████████▍                                                                                                | 14/115 [00:07<00:53,  1.88it/s, loss=0.6732]Trial 8 Ep3:  12%|█████████████▍                                                                                                | 14/115 [00:08<00:53,  1.88it/s, loss=0.5213]Trial 8 Ep3:  13%|██████████████▎                                                                                               | 15/115 [00:08<00:53,  1.87it/s, loss=0.5213]Trial 8 Ep3:  13%|██████████████▎                                                                                               | 15/115 [00:08<00:53,  1.87it/s, loss=0.5887]Trial 8 Ep3:  14%|███████████████▎                                                                                              | 16/115 [00:08<00:52,  1.90it/s, loss=0.5887]Trial 8 Ep3:  14%|███████████████▎                                                                                              | 16/115 [00:09<00:52,  1.90it/s, loss=0.5742]Trial 8 Ep3:  15%|████████████████▎                                                                                             | 17/115 [00:09<00:56,  1.74it/s, loss=0.5742]Trial 8 Ep3:  15%|████████████████▎                                                                                             | 17/115 [00:09<00:56,  1.74it/s, loss=0.5546]Trial 8 Ep3:  16%|█████████████████▏                                                                                            | 18/115 [00:09<00:53,  1.81it/s, loss=0.5546]Trial 8 Ep3:  16%|█████████████████▏                                                                                            | 18/115 [00:10<00:53,  1.81it/s, loss=0.5909]Trial 8 Ep3:  17%|██████████████████▏                                                                                           | 19/115 [00:10<00:52,  1.83it/s, loss=0.5909]Trial 8 Ep3:  17%|██████████████████▏                                                                                           | 19/115 [00:10<00:52,  1.83it/s, loss=0.4975]Trial 8 Ep3:  17%|███████████████████▏                                                                                          | 20/115 [00:10<00:51,  1.83it/s, loss=0.4975]Trial 8 Ep3:  17%|███████████████████▏                                                                                          | 20/115 [00:11<00:51,  1.83it/s, loss=0.8021]Trial 8 Ep3:  18%|████████████████████                                                                                          | 21/115 [00:11<00:51,  1.83it/s, loss=0.8021]Trial 8 Ep3:  18%|████████████████████                                                                                          | 21/115 [00:11<00:51,  1.83it/s, loss=0.6368]Trial 8 Ep3:  19%|█████████████████████                                                                                         | 22/115 [00:11<00:50,  1.86it/s, loss=0.6368]Trial 8 Ep3:  19%|█████████████████████                                                                                         | 22/115 [00:12<00:50,  1.86it/s, loss=0.5472]Trial 8 Ep3:  20%|██████████████████████                                                                                        | 23/115 [00:12<00:49,  1.88it/s, loss=0.5472]Trial 8 Ep3:  20%|██████████████████████                                                                                        | 23/115 [00:12<00:49,  1.88it/s, loss=0.6487]Trial 8 Ep3:  21%|██████████████████████▉                                                                                       | 24/115 [00:12<00:48,  1.88it/s, loss=0.6487]Trial 8 Ep3:  21%|██████████████████████▉                                                                                       | 24/115 [00:13<00:48,  1.88it/s, loss=0.5911]Trial 8 Ep3:  22%|███████████████████████▉                                                                                      | 25/115 [00:13<00:47,  1.89it/s, loss=0.5911]Trial 8 Ep3:  22%|███████████████████████▉                                                                                      | 25/115 [00:13<00:47,  1.89it/s, loss=0.6303]Trial 8 Ep3:  23%|████████████████████████▊                                                                                     | 26/115 [00:13<00:46,  1.91it/s, loss=0.6303]Trial 8 Ep3:  23%|████████████████████████▊                                                                                     | 26/115 [00:14<00:46,  1.91it/s, loss=0.5796]Trial 8 Ep3:  23%|█████████████████████████▊                                                                                    | 27/115 [00:14<00:46,  1.91it/s, loss=0.5796]Trial 8 Ep3:  23%|█████████████████████████▊                                                                                    | 27/115 [00:14<00:46,  1.91it/s, loss=0.6575]Trial 8 Ep3:  24%|██████████████████████████▊                                                                                   | 28/115 [00:14<00:45,  1.91it/s, loss=0.6575]Trial 8 Ep3:  24%|██████████████████████████▊                                                                                   | 28/115 [00:15<00:45,  1.91it/s, loss=0.6848]Trial 8 Ep3:  25%|███████████████████████████▋                                                                                  | 29/115 [00:15<00:44,  1.91it/s, loss=0.6848]Trial 8 Ep3:  25%|███████████████████████████▋                                                                                  | 29/115 [00:16<00:44,  1.91it/s, loss=0.6340]Trial 8 Ep3:  26%|████████████████████████████▋                                                                                 | 30/115 [00:16<00:44,  1.91it/s, loss=0.6340]Trial 8 Ep3:  26%|████████████████████████████▋                                                                                 | 30/115 [00:16<00:44,  1.91it/s, loss=0.6479]Trial 8 Ep3:  27%|█████████████████████████████▋                                                                                | 31/115 [00:16<00:47,  1.77it/s, loss=0.6479]Trial 8 Ep3:  27%|█████████████████████████████▋                                                                                | 31/115 [00:17<00:47,  1.77it/s, loss=0.5699]Trial 8 Ep3:  28%|██████████████████████████████▌                                                                               | 32/115 [00:17<00:45,  1.81it/s, loss=0.5699]Trial 8 Ep3:  28%|██████████████████████████████▌                                                                               | 32/115 [00:17<00:45,  1.81it/s, loss=0.6073]Trial 8 Ep3:  29%|███████████████████████████████▌                                                                              | 33/115 [00:17<00:45,  1.81it/s, loss=0.6073]Trial 8 Ep3:  29%|███████████████████████████████▌                                                                              | 33/115 [00:18<00:45,  1.81it/s, loss=0.6858]Trial 8 Ep3:  30%|████████████████████████████████▌                                                                             | 34/115 [00:18<00:44,  1.84it/s, loss=0.6858]Trial 8 Ep3:  30%|████████████████████████████████▌                                                                             | 34/115 [00:18<00:44,  1.84it/s, loss=0.5467]Trial 8 Ep3:  30%|█████████████████████████████████▍                                                                            | 35/115 [00:18<00:43,  1.86it/s, loss=0.5467]Trial 8 Ep3:  30%|█████████████████████████████████▍                                                                            | 35/115 [00:19<00:43,  1.86it/s, loss=0.6688]Trial 8 Ep3:  31%|██████████████████████████████████▍                                                                           | 36/115 [00:19<00:42,  1.88it/s, loss=0.6688]Trial 8 Ep3:  31%|██████████████████████████████████▍                                                                           | 36/115 [00:19<00:42,  1.88it/s, loss=0.6048]Trial 8 Ep3:  32%|███████████████████████████████████▍                                                                          | 37/115 [00:19<00:41,  1.90it/s, loss=0.6048]Trial 8 Ep3:  32%|███████████████████████████████████▍                                                                          | 37/115 [00:20<00:41,  1.90it/s, loss=0.6572]Trial 8 Ep3:  33%|████████████████████████████████████▎                                                                         | 38/115 [00:20<00:40,  1.92it/s, loss=0.6572]Trial 8 Ep3:  33%|████████████████████████████████████▎                                                                         | 38/115 [00:20<00:40,  1.92it/s, loss=0.6665]Trial 8 Ep3:  34%|█████████████████████████████████████▎                                                                        | 39/115 [00:20<00:39,  1.91it/s, loss=0.6665]Trial 8 Ep3:  34%|█████████████████████████████████████▎                                                                        | 39/115 [00:21<00:39,  1.91it/s, loss=0.5701]Trial 8 Ep3:  35%|██████████████████████████████████████▎                                                                       | 40/115 [00:21<00:38,  1.93it/s, loss=0.5701]Trial 8 Ep3:  35%|██████████████████████████████████████▎                                                                       | 40/115 [00:21<00:38,  1.93it/s, loss=0.7066]Trial 8 Ep3:  36%|███████████████████████████████████████▏                                                                      | 41/115 [00:21<00:38,  1.94it/s, loss=0.7066]Trial 8 Ep3:  36%|███████████████████████████████████████▏                                                                      | 41/115 [00:22<00:38,  1.94it/s, loss=0.6297]Trial 8 Ep3:  37%|████████████████████████████████████████▏                                                                     | 42/115 [00:22<00:38,  1.92it/s, loss=0.6297]Trial 8 Ep3:  37%|████████████████████████████████████████▏                                                                     | 42/115 [00:22<00:38,  1.92it/s, loss=0.5185]Trial 8 Ep3:  37%|█████████████████████████████████████████▏                                                                    | 43/115 [00:22<00:38,  1.89it/s, loss=0.5185]Trial 8 Ep3:  37%|█████████████████████████████████████████▏                                                                    | 43/115 [00:23<00:38,  1.89it/s, loss=0.5299]Trial 8 Ep3:  38%|██████████████████████████████████████████                                                                    | 44/115 [00:23<00:37,  1.89it/s, loss=0.5299]Trial 8 Ep3:  38%|██████████████████████████████████████████                                                                    | 44/115 [00:24<00:37,  1.89it/s, loss=0.6803]Trial 8 Ep3:  39%|███████████████████████████████████████████                                                                   | 45/115 [00:24<00:39,  1.78it/s, loss=0.6803]Trial 8 Ep3:  39%|███████████████████████████████████████████                                                                   | 45/115 [00:24<00:39,  1.78it/s, loss=0.6174]Trial 8 Ep3:  40%|████████████████████████████████████████████                                                                  | 46/115 [00:24<00:37,  1.83it/s, loss=0.6174]Trial 8 Ep3:  40%|████████████████████████████████████████████                                                                  | 46/115 [00:25<00:37,  1.83it/s, loss=0.7428]Trial 8 Ep3:  41%|████████████████████████████████████████████▉                                                                 | 47/115 [00:25<00:36,  1.87it/s, loss=0.7428]Trial 8 Ep3:  41%|████████████████████████████████████████████▉                                                                 | 47/115 [00:25<00:36,  1.87it/s, loss=0.6550]Trial 8 Ep3:  42%|█████████████████████████████████████████████▉                                                                | 48/115 [00:25<00:35,  1.89it/s, loss=0.6550]Trial 8 Ep3:  42%|█████████████████████████████████████████████▉                                                                | 48/115 [00:26<00:35,  1.89it/s, loss=0.6003]Trial 8 Ep3:  43%|██████████████████████████████████████████████▊                                                               | 49/115 [00:26<00:34,  1.92it/s, loss=0.6003]Trial 8 Ep3:  43%|██████████████████████████████████████████████▊                                                               | 49/115 [00:26<00:34,  1.92it/s, loss=0.6287]Trial 8 Ep3:  43%|███████████████████████████████████████████████▊                                                              | 50/115 [00:26<00:34,  1.91it/s, loss=0.6287]Trial 8 Ep3:  43%|███████████████████████████████████████████████▊                                                              | 50/115 [00:27<00:34,  1.91it/s, loss=0.5398]Trial 8 Ep3:  44%|████████████████████████████████████████████████▊                                                             | 51/115 [00:27<00:33,  1.93it/s, loss=0.5398]Trial 8 Ep3:  44%|████████████████████████████████████████████████▊                                                             | 51/115 [00:27<00:33,  1.93it/s, loss=0.6071]Trial 8 Ep3:  45%|█████████████████████████████████████████████████▋                                                            | 52/115 [00:27<00:32,  1.92it/s, loss=0.6071]Trial 8 Ep3:  45%|█████████████████████████████████████████████████▋                                                            | 52/115 [00:28<00:32,  1.92it/s, loss=0.6215]Trial 8 Ep3:  46%|██████████████████████████████████████████████████▋                                                           | 53/115 [00:28<00:32,  1.90it/s, loss=0.6215]Trial 8 Ep3:  46%|██████████████████████████████████████████████████▋                                                           | 53/115 [00:28<00:32,  1.90it/s, loss=0.6718]Trial 8 Ep3:  47%|███████████████████████████████████████████████████▋                                                          | 54/115 [00:28<00:31,  1.92it/s, loss=0.6718]Trial 8 Ep3:  47%|███████████████████████████████████████████████████▋                                                          | 54/115 [00:29<00:31,  1.92it/s, loss=0.6984]Trial 8 Ep3:  48%|████████████████████████████████████████████████████▌                                                         | 55/115 [00:29<00:31,  1.91it/s, loss=0.6984]Trial 8 Ep3:  48%|████████████████████████████████████████████████████▌                                                         | 55/115 [00:29<00:31,  1.91it/s, loss=0.6001]Trial 8 Ep3:  49%|█████████████████████████████████████████████████████▌                                                        | 56/115 [00:29<00:30,  1.93it/s, loss=0.6001]Trial 8 Ep3:  49%|█████████████████████████████████████████████████████▌                                                        | 56/115 [00:30<00:30,  1.93it/s, loss=0.5416]Trial 8 Ep3:  50%|██████████████████████████████████████████████████████▌                                                       | 57/115 [00:30<00:30,  1.93it/s, loss=0.5416]Trial 8 Ep3:  50%|██████████████████████████████████████████████████████▌                                                       | 57/115 [00:30<00:30,  1.93it/s, loss=0.5975]Trial 8 Ep3:  50%|███████████████████████████████████████████████████████▍                                                      | 58/115 [00:30<00:29,  1.94it/s, loss=0.5975]Trial 8 Ep3:  50%|███████████████████████████████████████████████████████▍                                                      | 58/115 [00:31<00:29,  1.94it/s, loss=0.6343]Trial 8 Ep3:  51%|████████████████████████████████████████████████████████▍                                                     | 59/115 [00:31<00:32,  1.75it/s, loss=0.6343]Trial 8 Ep3:  51%|████████████████████████████████████████████████████████▍                                                     | 59/115 [00:32<00:32,  1.75it/s, loss=0.5938]Trial 8 Ep3:  52%|█████████████████████████████████████████████████████████▍                                                    | 60/115 [00:32<00:31,  1.77it/s, loss=0.5938]Trial 8 Ep3:  52%|█████████████████████████████████████████████████████████▍                                                    | 60/115 [00:32<00:31,  1.77it/s, loss=0.7197]Trial 8 Ep3:  53%|██████████████████████████████████████████████████████████▎                                                   | 61/115 [00:32<00:30,  1.79it/s, loss=0.7197]Trial 8 Ep3:  53%|██████████████████████████████████████████████████████████▎                                                   | 61/115 [00:33<00:30,  1.79it/s, loss=0.7316]Trial 8 Ep3:  54%|███████████████████████████████████████████████████████████▎                                                  | 62/115 [00:33<00:28,  1.83it/s, loss=0.7316]Trial 8 Ep3:  54%|███████████████████████████████████████████████████████████▎                                              