Trial 2 Ep4:   0%|                                                                                                                                    | 0/115 [00:00<?, ?it/s]Trial 2 Ep4:   0%|                                                                                                                       | 0/115 [00:00<?, ?it/s, loss=0.8421]Trial 2 Ep4:   1%|▉                                                                                                              | 1/115 [00:00<01:00,  1.89it/s, loss=0.8421]Trial 2 Ep4:   1%|▉                                                                                                              | 1/115 [00:01<01:00,  1.89it/s, loss=0.7069]Trial 2 Ep4:   2%|█▉                                                                                                             | 2/115 [00:01<00:59,  1.89it/s, loss=0.7069]Trial 2 Ep4:   2%|█▉                                                                                                             | 2/115 [00:01<00:59,  1.89it/s, loss=0.5961]Trial 2 Ep4:   3%|██▉                                                                                                            | 3/115 [00:01<00:59,  1.89it/s, loss=0.5961]Trial 2 Ep4:   3%|██▉                                                                                                            | 3/115 [00:02<00:59,  1.89it/s, loss=0.6360]Trial 2 Ep4:   3%|███▊                                                                                                           | 4/115 [00:02<00:58,  1.88it/s, loss=0.6360]Trial 2 Ep4:   3%|███▊                                                                                                           | 4/115 [00:02<00:58,  1.88it/s, loss=0.6329]Trial 2 Ep4:   4%|████▊                                                                                                          | 5/115 [00:02<00:58,  1.87it/s, loss=0.6329]Trial 2 Ep4:   4%|████▊                                                                                                          | 5/115 [00:03<00:58,  1.87it/s, loss=0.6521]Trial 2 Ep4:   5%|█████▊                                                                                                         | 6/115 [00:03<00:57,  1.89it/s, loss=0.6521]Trial 2 Ep4:   5%|█████▊                                                                                                         | 6/115 [00:03<00:57,  1.89it/s, loss=0.6366]Trial 2 Ep4:   6%|██████▊                                                                                                        | 7/115 [00:03<01:02,  1.74it/s, loss=0.6366]Trial 2 Ep4:   6%|██████▊                                                                                                        | 7/115 [00:04<01:02,  1.74it/s, loss=0.6594]Trial 2 Ep4:   7%|███████▋                                                                                                       | 8/115 [00:04<00:59,  1.80it/s, loss=0.6594]Trial 2 Ep4:   7%|███████▋                                                                                                       | 8/115 [00:04<00:59,  1.80it/s, loss=0.6445]Trial 2 Ep4:   8%|████████▋                                                                                                      | 9/115 [00:04<00:57,  1.83it/s, loss=0.6445]Trial 2 Ep4:   8%|████████▋                                                                                                      | 9/115 [00:05<00:57,  1.83it/s, loss=0.6310]Trial 2 Ep4:   9%|█████████▌                                                                                                    | 10/115 [00:05<00:57,  1.84it/s, loss=0.6310]Trial 2 Ep4:   9%|█████████▌                                                                                                    | 10/115 [00:05<00:57,  1.84it/s, loss=0.6197]Trial 2 Ep4:  10%|██████████▌                                                                                                   | 11/115 [00:05<00:56,  1.84it/s, loss=0.6197]Trial 2 Ep4:  10%|██████████▌                                                                                                   | 11/115 [00:06<00:56,  1.84it/s, loss=0.6563]Trial 2 Ep4:  10%|███████████▍                                                                                                  | 12/115 [00:06<00:54,  1.88it/s, loss=0.6563]Trial 2 Ep4:  10%|███████████▍                                                                                                  | 12/115 [00:06<00:54,  1.88it/s, loss=0.4875]Trial 2 Ep4:  11%|████████████▍                                                                                                 | 13/115 [00:06<00:53,  1.92it/s, loss=0.4875]Trial 2 Ep4:  11%|████████████▍                                                                                                 | 13/115 [00:07<00:53,  1.92it/s, loss=0.5204]Trial 2 Ep4:  12%|█████████████▍                                                                                                | 14/115 [00:07<00:53,  1.87it/s, loss=0.5204]Trial 2 Ep4:  12%|█████████████▍                                                                                                | 14/115 [00:08<00:53,  1.87it/s, loss=0.7605]Trial 2 Ep4:  13%|██████████████▎                                                                                               | 15/115 [00:08<00:52,  1.89it/s, loss=0.7605]Trial 2 Ep4:  13%|██████████████▎                                                                                               | 15/115 [00:08<00:52,  1.89it/s, loss=0.8308]Trial 2 Ep4:  14%|███████████████▎                                                                                              | 16/115 [00:08<00:52,  1.88it/s, loss=0.8308]Trial 2 Ep4:  14%|███████████████▎                                                                                              | 16/115 [00:09<00:52,  1.88it/s, loss=0.6566]Trial 2 Ep4:  15%|████████████████▎                                                                                             | 17/115 [00:09<00:52,  1.87it/s, loss=0.6566]Trial 2 Ep4:  15%|████████████████▎                                                                                             | 17/115 [00:09<00:52,  1.87it/s, loss=0.7615]Trial 2 Ep4:  16%|█████████████████▏                                                                                            | 18/115 [00:09<00:51,  1.87it/s, loss=0.7615]Trial 2 Ep4:  16%|█████████████████▏                                                                                            | 18/115 [00:10<00:51,  1.87it/s, loss=0.5742]Trial 2 Ep4:  17%|██████████████████▏                                                                                           | 19/115 [00:10<00:50,  1.89it/s, loss=0.5742]Trial 2 Ep4:  17%|██████████████████▏                                                                                           | 19/115 [00:10<00:50,  1.89it/s, loss=0.8022]Trial 2 Ep4:  17%|███████████████████▏                                                                                          | 20/115 [00:10<00:50,  1.87it/s, loss=0.8022]Trial 2 Ep4:  17%|███████████████████▏                                                                                          | 20/115 [00:11<00:50,  1.87it/s, loss=0.6353]Trial 2 Ep4:  18%|████████████████████                                                                                          | 21/115 [00:11<00:55,  1.71it/s, loss=0.6353]Trial 2 Ep4:  18%|████████████████████                                                                                          | 21/115 [00:11<00:55,  1.71it/s, loss=0.5352]Trial 2 Ep4:  19%|█████████████████████                                                                                         | 22/115 [00:11<00:52,  1.76it/s, loss=0.5352]Trial 2 Ep4:  19%|█████████████████████                                                                                         | 22/115 [00:12<00:52,  1.76it/s, loss=0.7539]Trial 2 Ep4:  20%|██████████████████████                                                                                        | 23/115 [00:12<00:52,  1.77it/s, loss=0.7539]Trial 2 Ep4:  20%|██████████████████████                                                                                        | 23/115 [00:13<00:52,  1.77it/s, loss=0.6534]Trial 2 Ep4:  21%|██████████████████████▉                                                                                       | 24/115 [00:13<00:50,  1.79it/s, loss=0.6534]Trial 2 Ep4:  21%|██████████████████████▉                                                                                       | 24/115 [00:13<00:50,  1.79it/s, loss=0.7149]Trial 2 Ep4:  22%|███████████████████████▉                                                                                      | 25/115 [00:13<00:50,  1.80it/s, loss=0.7149]Trial 2 Ep4:  22%|███████████████████████▉                                                                                      | 25/115 [00:14<00:50,  1.80it/s, loss=0.6608]Trial 2 Ep4:  23%|████████████████████████▊                                                                                     | 26/115 [00:14<00:48,  1.82it/s, loss=0.6608]Trial 2 Ep4:  23%|████████████████████████▊                                                                                     | 26/115 [00:14<00:48,  1.82it/s, loss=0.7647]Trial 2 Ep4:  23%|█████████████████████████▊                                                                                    | 27/115 [00:14<00:47,  1.85it/s, loss=0.7647]Trial 2 Ep4:  23%|█████████████████████████▊                                                                                    | 27/115 [00:15<00:47,  1.85it/s, loss=0.5702]Trial 2 Ep4:  24%|██████████████████████████▊                                                                                   | 28/115 [00:15<00:46,  1.85it/s, loss=0.5702]Trial 2 Ep4:  24%|██████████████████████████▊                                                                                   | 28/115 [00:15<00:46,  1.85it/s, loss=0.8985]Trial 2 Ep4:  25%|███████████████████████████▋                                                                                  | 29/115 [00:15<00:45,  1.88it/s, loss=0.8985]Trial 2 Ep4:  25%|███████████████████████████▋                                                                                  | 29/115 [00:16<00:45,  1.88it/s, loss=0.6775]Trial 2 Ep4:  26%|████████████████████████████▋                                                                                 | 30/115 [00:16<00:45,  1.87it/s, loss=0.6775]Trial 2 Ep4:  26%|████████████████████████████▋                                                                                 | 30/115 [00:16<00:45,  1.87it/s, loss=0.7651]Trial 2 Ep4:  27%|█████████████████████████████▋                                                                                | 31/115 [00:16<00:44,  1.89it/s, loss=0.7651]Trial 2 Ep4:  27%|█████████████████████████████▋                                                                                | 31/115 [00:17<00:44,  1.89it/s, loss=0.7026]Trial 2 Ep4:  28%|██████████████████████████████▌                                                                               | 32/115 [00:17<00:43,  1.91it/s, loss=0.7026]Trial 2 Ep4:  28%|██████████████████████████████▌                                                                               | 32/115 [00:17<00:43,  1.91it/s, loss=1.2312]Trial 2 Ep4:  29%|███████████████████████████████▌                                                                              | 33/115 [00:17<00:42,  1.91it/s, loss=1.2312]Trial 2 Ep4:  29%|███████████████████████████████▌                                                                              | 33/115 [00:18<00:42,  1.91it/s, loss=0.7424]Trial 2 Ep4:  30%|████████████████████████████████▌                                                                             | 34/115 [00:18<00:42,  1.91it/s, loss=0.7424]Trial 2 Ep4:  30%|████████████████████████████████▌                                                                             | 34/115 [00:18<00:42,  1.91it/s, loss=0.6062]Trial 2 Ep4:  30%|█████████████████████████████████▍                                                                            | 35/115 [00:18<00:44,  1.80it/s, loss=0.6062]Trial 2 Ep4:  30%|█████████████████████████████████▍                                                                            | 35/115 [00:19<00:44,  1.80it/s, loss=0.6121]Trial 2 Ep4:  31%|██████████████████████████████████▍                                                                           | 36/115 [00:19<00:43,  1.80it/s, loss=0.6121]Trial 2 Ep4:  31%|██████████████████████████████████▍                                                                           | 36/115 [00:20<00:43,  1.80it/s, loss=0.6288]Trial 2 Ep4:  32%|███████████████████████████████████▍                                                                          | 37/115 [00:20<00:42,  1.82it/s, loss=0.6288]Trial 2 Ep4:  32%|███████████████████████████████████▍                                                                          | 37/115 [00:20<00:42,  1.82it/s, loss=0.5976]Trial 2 Ep4:  33%|████████████████████████████████████▎                                                                         | 38/115 [00:20<00:41,  1.84it/s, loss=0.5976]Trial 2 Ep4:  33%|████████████████████████████████████▎                                                                         | 38/115 [00:21<00:41,  1.84it/s, loss=0.6838]Trial 2 Ep4:  34%|█████████████████████████████████████▎                                                                        | 39/115 [00:21<00:40,  1.87it/s, loss=0.6838]Trial 2 Ep4:  34%|█████████████████████████████████████▎                                                                        | 39/115 [00:21<00:40,  1.87it/s, loss=0.6492]Trial 2 Ep4:  35%|██████████████████████████████████████▎                                                                       | 40/115 [00:21<00:40,  1.87it/s, loss=0.6492]Trial 2 Ep4:  35%|██████████████████████████████████████▎                                                                       | 40/115 [00:22<00:40,  1.87it/s, loss=0.6343]Trial 2 Ep4:  36%|███████████████████████████████████████▏                                                                      | 41/115 [00:22<00:39,  1.86it/s, loss=0.6343]Trial 2 Ep4:  36%|███████████████████████████████████████▏                                                                      | 41/115 [00:22<00:39,  1.86it/s, loss=0.5896]Trial 2 Ep4:  37%|████████████████████████████████████████▏                                                                     | 42/115 [00:22<00:39,  1.86it/s, loss=0.5896]Trial 2 Ep4:  37%|████████████████████████████████████████▏                                                                     | 42/115 [00:23<00:39,  1.86it/s, loss=0.5459]Trial 2 Ep4:  37%|█████████████████████████████████████████▏                                                                    | 43/115 [00:23<00:39,  1.80it/s, loss=0.5459]Trial 2 Ep4:  37%|█████████████████████████████████████████▏                                                                    | 43/115 [00:23<00:39,  1.80it/s, loss=0.6685]Trial 2 Ep4:  38%|██████████████████████████████████████████                                                                    | 44/115 [00:23<00:38,  1.84it/s, loss=0.6685]Trial 2 Ep4:  38%|██████████████████████████████████████████                                                                    | 44/115 [00:24<00:38,  1.84it/s, loss=0.7904]Trial 2 Ep4:  39%|███████████████████████████████████████████                                                                   | 45/115 [00:24<00:38,  1.83it/s, loss=0.7904]Trial 2 Ep4:  39%|███████████████████████████████████████████                                                                   | 45/115 [00:24<00:38,  1.83it/s, loss=0.6445]Trial 2 Ep4:  40%|████████████████████████████████████████████                                                                  | 46/115 [00:24<00:37,  1.86it/s, loss=0.6445]Trial 2 Ep4:  40%|████████████████████████████████████████████                                                                  | 46/115 [00:25<00:37,  1.86it/s, loss=0.6840]Trial 2 Ep4:  41%|████████████████████████████████████████████▉                                                                 | 47/115 [00:25<00:36,  1.89it/s, loss=0.6840]Trial 2 Ep4:  41%|████████████████████████████████████████████▉                                                                 | 47/115 [00:25<00:36,  1.89it/s, loss=0.7181]Trial 2 Ep4:  42%|█████████████████████████████████████████████▉                                                                | 48/115 [00:25<00:35,  1.91it/s, loss=0.7181]Trial 2 Ep4:  42%|█████████████████████████████████████████████▉                                                                | 48/115 [00:26<00:35,  1.91it/s, loss=0.6286]Trial 2 Ep4:  43%|██████████████████████████████████████████████▊                                                               | 49/115 [00:26<00:36,  1.79it/s, loss=0.6286]Trial 2 Ep4:  43%|██████████████████████████████████████████████▊                                                               | 49/115 [00:27<00:36,  1.79it/s, loss=0.6867]Trial 2 Ep4:  43%|███████████████████████████████████████████████▊                                                              | 50/115 [00:27<00:35,  1.82it/s, loss=0.6867]Trial 2 Ep4:  43%|███████████████████████████████████████████████▊                                                              | 50/115 [00:27<00:35,  1.82it/s, loss=0.6338]Trial 2 Ep4:  44%|████████████████████████████████████████████████▊                                                             | 51/115 [00:27<00:34,  1.85it/s, loss=0.6338]Trial 2 Ep4:  44%|████████████████████████████████████████████████▊                                                             | 51/115 [00:28<00:34,  1.85it/s, loss=0.5710]Trial 2 Ep4:  45%|█████████████████████████████████████████████████▋                                                            | 52/115 [00:28<00:33,  1.90it/s, loss=0.5710]Trial 2 Ep4:  45%|█████████████████████████████████████████████████▋                                                            | 52/115 [00:28<00:33,  1.90it/s, loss=0.7455]Trial 2 Ep4:  46%|██████████████████████████████████████████████████▋                                                           | 53/115 [00:28<00:32,  1.90it/s, loss=0.7455]Trial 2 Ep4:  46%|██████████████████████████████████████████████████▋                                                           | 53/115 [00:29<00:32,  1.90it/s, loss=0.9110]Trial 2 Ep4:  47%|███████████████████████████████████████████████████▋                                                          | 54/115 [00:29<00:32,  1.91it/s, loss=0.9110]Trial 2 Ep4:  47%|███████████████████████████████████████████████████▋                                                          | 54/115 [00:29<00:32,  1.91it/s, loss=0.6375]Trial 2 Ep4:  48%|████████████████████████████████████████████████████▌                                                         | 55/115 [00:29<00:31,  1.89it/s, loss=0.6375]Trial 2 Ep4:  48%|████████████████████████████████████████████████████▌                                                         | 55/115 [00:30<00:31,  1.89it/s, loss=0.6714]Trial 2 Ep4:  49%|█████████████████████████████████████████████████████▌                                                        | 56/115 [00:30<00:30,  1.91it/s, loss=0.6714]Trial 2 Ep4:  49%|█████████████████████████████████████████████████████▌                                                        | 56/115 [00:30<00:30,  1.91it/s, loss=0.6682]Trial 2 Ep4:  50%|██████████████████████████████████████████████████████▌                                                       | 57/115 [00:30<00:30,  1.92it/s, loss=0.6682]Trial 2 Ep4:  50%|██████████████████████████████████████████████████████▌                                                       | 57/115 [00:31<00:30,  1.92it/s, loss=0.4734]Trial 2 Ep4:  50%|███████████████████████████████████████████████████████▍                                                      | 58/115 [00:31<00:29,  1.91it/s, loss=0.4734]Trial 2 Ep4:  50%|███████████████████████████████████████████████████████▍                                                      | 58/115 [00:31<00:29,  1.91it/s, loss=0.8260]Trial 2 Ep4:  51%|████████████████████████████████████████████████████████▍                                                     | 59/115 [00:31<00:29,  1.91it/s, loss=0.8260]Trial 2 Ep4:  51%|████████████████████████████████████████████████████████▍                                                     | 59/115 [00:32<00:29,  1.91it/s, loss=0.6214]Trial 2 Ep4:  52%|█████████████████████████████████████████████████████████▍                                                    | 60/115 [00:32<00:28,  1.92it/s, loss=0.6214]Trial 2 Ep4:  52%|█████████████████████████████████████████████████████████▍                                                    | 60/115 [00:32<00:28,  1.92it/s, loss=0.6851]Trial 2 Ep4:  53%|██████████████████████████████████████████████████████████▎                                                   | 61/115 [00:32<00:28,  1.89it/s, loss=0.6851]Trial 2 Ep4:  53%|██████████████████████████████████████████████████████████▎                                                   | 61/115 [00:33<00:28,  1.89it/s, loss=0.7670]Trial 2 Ep4:  54%|███████████████████████████████████████████████████████████▎                                                  | 62/115 [00:33<00:28,  1.87it/s, loss=0.7670]Trial 2 Ep4:  54%|███████████████████████████████████████████████████████████▎                                              