Trial 6 Ep10:   0%|                                                                                                                                   | 0/115 [00:00<?, ?it/s]Trial 6 Ep10:   0%|                                                                                                                      | 0/115 [00:00<?, ?it/s, loss=0.2959]Trial 6 Ep10:   1%|▉                                                                                                             | 1/115 [00:00<01:04,  1.77it/s, loss=0.2959]Trial 6 Ep10:   1%|▉                                                                                                             | 1/115 [00:01<01:04,  1.77it/s, loss=0.3101]Trial 6 Ep10:   2%|█▉                                                                                                            | 2/115 [00:01<01:03,  1.79it/s, loss=0.3101]Trial 6 Ep10:   2%|█▉                                                                                                            | 2/115 [00:01<01:03,  1.79it/s, loss=0.1954]Trial 6 Ep10:   3%|██▊                                                                                                           | 3/115 [00:01<01:00,  1.86it/s, loss=0.1954]Trial 6 Ep10:   3%|██▊                                                                                                           | 3/115 [00:02<01:00,  1.86it/s, loss=0.3283]Trial 6 Ep10:   3%|███▊                                                                                                          | 4/115 [00:02<01:01,  1.82it/s, loss=0.3283]Trial 6 Ep10:   3%|███▊                                                                                                          | 4/115 [00:02<01:01,  1.82it/s, loss=0.2840]Trial 6 Ep10:   4%|████▊                                                                                                         | 5/115 [00:02<00:59,  1.85it/s, loss=0.2840]Trial 6 Ep10:   4%|████▊                                                                                                         | 5/115 [00:03<00:59,  1.85it/s, loss=0.1996]Trial 6 Ep10:   5%|█████▋                                                                                                        | 6/115 [00:03<01:04,  1.70it/s, loss=0.1996]Trial 6 Ep10:   5%|█████▋                                                                                                        | 6/115 [00:03<01:04,  1.70it/s, loss=0.3618]Trial 6 Ep10:   6%|██████▋                                                                                                       | 7/115 [00:03<01:00,  1.77it/s, loss=0.3618]Trial 6 Ep10:   6%|██████▋                                                                                                       | 7/115 [00:04<01:00,  1.77it/s, loss=0.3309]Trial 6 Ep10:   7%|███████▋                                                                                                      | 8/115 [00:04<00:59,  1.80it/s, loss=0.3309]Trial 6 Ep10:   7%|███████▋                                                                                                      | 8/115 [00:04<00:59,  1.80it/s, loss=0.4487]Trial 6 Ep10:   8%|████████▌                                                                                                     | 9/115 [00:04<00:58,  1.83it/s, loss=0.4487]Trial 6 Ep10:   8%|████████▌                                                                                                     | 9/115 [00:05<00:58,  1.83it/s, loss=0.3416]Trial 6 Ep10:   9%|█████████▍                                                                                                   | 10/115 [00:05<00:56,  1.87it/s, loss=0.3416]Trial 6 Ep10:   9%|█████████▍                                                                                                   | 10/115 [00:06<00:56,  1.87it/s, loss=0.2765]Trial 6 Ep10:  10%|██████████▍                                                                                                  | 11/115 [00:06<00:55,  1.88it/s, loss=0.2765]Trial 6 Ep10:  10%|██████████▍                                                                                                  | 11/115 [00:06<00:55,  1.88it/s, loss=0.6335]Trial 6 Ep10:  10%|███████████▎                                                                                                 | 12/115 [00:06<00:55,  1.86it/s, loss=0.6335]Trial 6 Ep10:  10%|███████████▎                                                                                                 | 12/115 [00:07<00:55,  1.86it/s, loss=0.3633]Trial 6 Ep10:  11%|████████████▎                                                                                                | 13/115 [00:07<00:54,  1.88it/s, loss=0.3633]Trial 6 Ep10:  11%|████████████▎                                                                                                | 13/115 [00:07<00:54,  1.88it/s, loss=0.4856]Trial 6 Ep10:  12%|█████████████▎                                                                                               | 14/115 [00:07<00:53,  1.88it/s, loss=0.4856]Trial 6 Ep10:  12%|█████████████▎                                                                                               | 14/115 [00:08<00:53,  1.88it/s, loss=0.2890]Trial 6 Ep10:  13%|██████████████▏                                                                                              | 15/115 [00:08<00:53,  1.88it/s, loss=0.2890]Trial 6 Ep10:  13%|██████████████▏                                                                                              | 15/115 [00:08<00:53,  1.88it/s, loss=0.3005]Trial 6 Ep10:  14%|███████████████▏                                                                                             | 16/115 [00:08<00:52,  1.90it/s, loss=0.3005]Trial 6 Ep10:  14%|███████████████▏                                                                                             | 16/115 [00:09<00:52,  1.90it/s, loss=0.4953]Trial 6 Ep10:  15%|████████████████                                                                                             | 17/115 [00:09<00:51,  1.91it/s, loss=0.4953]Trial 6 Ep10:  15%|████████████████                                                                                             | 17/115 [00:09<00:51,  1.91it/s, loss=0.3277]Trial 6 Ep10:  16%|█████████████████                                                                                            | 18/115 [00:09<00:50,  1.93it/s, loss=0.3277]Trial 6 Ep10:  16%|█████████████████                                                                                            | 18/115 [00:10<00:50,  1.93it/s, loss=0.2435]Trial 6 Ep10:  17%|██████████████████                                                                                           | 19/115 [00:10<00:50,  1.92it/s, loss=0.2435]Trial 6 Ep10:  17%|██████████████████                                                                                           | 19/115 [00:10<00:50,  1.92it/s, loss=0.4667]Trial 6 Ep10:  17%|██████████████████▉                                                                                          | 20/115 [00:10<00:49,  1.92it/s, loss=0.4667]Trial 6 Ep10:  17%|██████████████████▉                                                                                          | 20/115 [00:11<00:49,  1.92it/s, loss=0.4264]Trial 6 Ep10:  18%|███████████████████▉                                                                                         | 21/115 [00:11<00:49,  1.91it/s, loss=0.4264]Trial 6 Ep10:  18%|███████████████████▉                                                                                         | 21/115 [00:11<00:49,  1.91it/s, loss=0.3408]Trial 6 Ep10:  19%|████████████████████▊                                                                                        | 22/115 [00:11<00:52,  1.78it/s, loss=0.3408]Trial 6 Ep10:  19%|████████████████████▊                                                                                        | 22/115 [00:12<00:52,  1.78it/s, loss=0.4245]Trial 6 Ep10:  20%|█████████████████████▊                                                                                       | 23/115 [00:12<00:51,  1.80it/s, loss=0.4245]Trial 6 Ep10:  20%|█████████████████████▊                                                                                       | 23/115 [00:12<00:51,  1.80it/s, loss=0.4636]Trial 6 Ep10:  21%|██████████████████████▋                                                                                      | 24/115 [00:12<00:49,  1.84it/s, loss=0.4636]Trial 6 Ep10:  21%|██████████████████████▋                                                                                      | 24/115 [00:13<00:49,  1.84it/s, loss=0.4539]Trial 6 Ep10:  22%|███████████████████████▋                                                                                     | 25/115 [00:13<00:47,  1.89it/s, loss=0.4539]Trial 6 Ep10:  22%|███████████████████████▋                                                                                     | 25/115 [00:13<00:47,  1.89it/s, loss=0.3484]Trial 6 Ep10:  23%|████████████████████████▋                                                                                    | 26/115 [00:13<00:46,  1.91it/s, loss=0.3484]Trial 6 Ep10:  23%|████████████████████████▋                                                                                    | 26/115 [00:14<00:46,  1.91it/s, loss=0.4396]Trial 6 Ep10:  23%|█████████████████████████▌                                                                                   | 27/115 [00:14<00:46,  1.89it/s, loss=0.4396]Trial 6 Ep10:  23%|█████████████████████████▌                                                                                   | 27/115 [00:15<00:46,  1.89it/s, loss=0.3374]Trial 6 Ep10:  24%|██████████████████████████▌                                                                                  | 28/115 [00:15<00:45,  1.90it/s, loss=0.3374]Trial 6 Ep10:  24%|██████████████████████████▌                                                                                  | 28/115 [00:15<00:45,  1.90it/s, loss=0.2672]Trial 6 Ep10:  25%|███████████████████████████▍                                                                                 | 29/115 [00:15<00:45,  1.88it/s, loss=0.2672]Trial 6 Ep10:  25%|███████████████████████████▍                                                                                 | 29/115 [00:16<00:45,  1.88it/s, loss=0.3619]Trial 6 Ep10:  26%|████████████████████████████▍                                                                                | 30/115 [00:16<00:44,  1.91it/s, loss=0.3619]Trial 6 Ep10:  26%|████████████████████████████▍                                                                                | 30/115 [00:16<00:44,  1.91it/s, loss=0.5445]Trial 6 Ep10:  27%|█████████████████████████████▍                                                                               | 31/115 [00:16<00:44,  1.90it/s, loss=0.5445]Trial 6 Ep10:  27%|█████████████████████████████▍                                                                               | 31/115 [00:17<00:44,  1.90it/s, loss=0.2550]Trial 6 Ep10:  28%|██████████████████████████████▎                                                                              | 32/115 [00:17<00:43,  1.91it/s, loss=0.2550]Trial 6 Ep10:  28%|██████████████████████████████▎                                                                              | 32/115 [00:17<00:43,  1.91it/s, loss=0.3500]Trial 6 Ep10:  29%|███████████████████████████████▎                                                                             | 33/115 [00:17<00:42,  1.92it/s, loss=0.3500]Trial 6 Ep10:  29%|███████████████████████████████▎                                                                             | 33/115 [00:18<00:42,  1.92it/s, loss=0.5687]Trial 6 Ep10:  30%|████████████████████████████████▏                                                                            | 34/115 [00:18<00:42,  1.92it/s, loss=0.5687]Trial 6 Ep10:  30%|████████████████████████████████▏                                                                            | 34/115 [00:18<00:42,  1.92it/s, loss=0.3556]Trial 6 Ep10:  30%|█████████████████████████████████▏                                                                           | 35/115 [00:18<00:41,  1.91it/s, loss=0.3556]Trial 6 Ep10:  30%|█████████████████████████████████▏                                                                           | 35/115 [00:19<00:41,  1.91it/s, loss=0.3423]Trial 6 Ep10:  31%|██████████████████████████████████                                                                           | 36/115 [00:19<00:41,  1.90it/s, loss=0.3423]Trial 6 Ep10:  31%|██████████████████████████████████                                                                           | 36/115 [00:19<00:41,  1.90it/s, loss=0.4887]Trial 6 Ep10:  32%|███████████████████████████████████                                                                          | 37/115 [00:19<00:44,  1.75it/s, loss=0.4887]Trial 6 Ep10:  32%|███████████████████████████████████                                                                          | 37/115 [00:20<00:44,  1.75it/s, loss=0.4200]Trial 6 Ep10:  33%|████████████████████████████████████                                                                         | 38/115 [00:20<00:43,  1.78it/s, loss=0.4200]Trial 6 Ep10:  33%|████████████████████████████████████                                                                         | 38/115 [00:21<00:43,  1.78it/s, loss=0.4930]Trial 6 Ep10:  34%|████████████████████████████████████▉                                                                        | 39/115 [00:21<00:42,  1.78it/s, loss=0.4930]Trial 6 Ep10:  34%|████████████████████████████████████▉                                                                        | 39/115 [00:21<00:42,  1.78it/s, loss=0.2729]Trial 6 Ep10:  35%|█████████████████████████████████████▉                                                                       | 40/115 [00:21<00:41,  1.80it/s, loss=0.2729]Trial 6 Ep10:  35%|█████████████████████████████████████▉                                                                       | 40/115 [00:22<00:41,  1.80it/s, loss=0.2961]Trial 6 Ep10:  36%|██████████████████████████████████████▊                                                                      | 41/115 [00:22<00:40,  1.81it/s, loss=0.2961]Trial 6 Ep10:  36%|██████████████████████████████████████▊                                                                      | 41/115 [00:22<00:40,  1.81it/s, loss=0.5231]Trial 6 Ep10:  37%|███████████████████████████████████████▊                                                                     | 42/115 [00:22<00:40,  1.82it/s, loss=0.5231]Trial 6 Ep10:  37%|███████████████████████████████████████▊                                                                     | 42/115 [00:23<00:40,  1.82it/s, loss=0.4385]Trial 6 Ep10:  37%|████████████████████████████████████████▊                                                                    | 43/115 [00:23<00:39,  1.83it/s, loss=0.4385]Trial 6 Ep10:  37%|████████████████████████████████████████▊                                                                    | 43/115 [00:23<00:39,  1.83it/s, loss=0.5007]Trial 6 Ep10:  38%|█████████████████████████████████████████▋                                                                   | 44/115 [00:23<00:38,  1.87it/s, loss=0.5007]Trial 6 Ep10:  38%|█████████████████████████████████████████▋                                                                   | 44/115 [00:24<00:38,  1.87it/s, loss=0.4376]Trial 6 Ep10:  39%|██████████████████████████████████████████▋                                                                  | 45/115 [00:24<00:38,  1.81it/s, loss=0.4376]Trial 6 Ep10:  39%|██████████████████████████████████████████▋                                                                  | 45/115 [00:24<00:38,  1.81it/s, loss=0.5357]Trial 6 Ep10:  40%|███████████████████████████████████████████▌                                                                 | 46/115 [00:24<00:37,  1.84it/s, loss=0.5357]Trial 6 Ep10:  40%|███████████████████████████████████████████▌                                                                 | 46/115 [00:25<00:37,  1.84it/s, loss=0.3668]Trial 6 Ep10:  41%|████████████████████████████████████████████▌                                                                | 47/115 [00:25<00:36,  1.88it/s, loss=0.3668]Trial 6 Ep10:  41%|████████████████████████████████████████████▌                                                                | 47/115 [00:25<00:36,  1.88it/s, loss=0.3764]Trial 6 Ep10:  42%|█████████████████████████████████████████████▍                                                               | 48/115 [00:25<00:35,  1.89it/s, loss=0.3764]Trial 6 Ep10:  42%|█████████████████████████████████████████████▍                                                               | 48/115 [00:26<00:35,  1.89it/s, loss=0.4893]Trial 6 Ep10:  43%|██████████████████████████████████████████████▍                                                              | 49/115 [00:26<00:34,  1.91it/s, loss=0.4893]Trial 6 Ep10:  43%|██████████████████████████████████████████████▍                                                              | 49/115 [00:26<00:34,  1.91it/s, loss=0.5272]Trial 6 Ep10:  43%|███████████████████████████████████████████████▍                                                             | 50/115 [00:26<00:33,  1.92it/s, loss=0.5272]Trial 6 Ep10:  43%|███████████████████████████████████████████████▍                                                             | 50/115 [00:27<00:33,  1.92it/s, loss=0.2214]Trial 6 Ep10:  44%|████████████████████████████████████████████████▎                                                            | 51/115 [00:27<00:33,  1.90it/s, loss=0.2214]Trial 6 Ep10:  44%|████████████████████████████████████████████████▎                                                            | 51/115 [00:28<00:33,  1.90it/s, loss=0.3214]Trial 6 Ep10:  45%|█████████████████████████████████████████████████▎                                                           | 52/115 [00:28<00:35,  1.77it/s, loss=0.3214]Trial 6 Ep10:  45%|█████████████████████████████████████████████████▎                                                           | 52/115 [00:28<00:35,  1.77it/s, loss=0.2646]Trial 6 Ep10:  46%|██████████████████████████████████████████████████▏                                                          | 53/115 [00:28<00:34,  1.82it/s, loss=0.2646]Trial 6 Ep10:  46%|██████████████████████████████████████████████████▏                                                          | 53/115 [00:29<00:34,  1.82it/s, loss=0.3519]Trial 6 Ep10:  47%|███████████████████████████████████████████████████▏                                                         | 54/115 [00:29<00:32,  1.86it/s, loss=0.3519]Trial 6 Ep10:  47%|███████████████████████████████████████████████████▏                                                         | 54/115 [00:29<00:32,  1.86it/s, loss=0.3653]Trial 6 Ep10:  48%|████████████████████████████████████████████████████▏                                                        | 55/115 [00:29<00:32,  1.87it/s, loss=0.3653]Trial 6 Ep10:  48%|████████████████████████████████████████████████████▏                                                        | 55/115 [00:30<00:32,  1.87it/s, loss=0.4425]Trial 6 Ep10:  49%|█████████████████████████████████████████████████████                                                        | 56/115 [00:30<00:31,  1.85it/s, loss=0.4425]Trial 6 Ep10:  49%|█████████████████████████████████████████████████████                                                        | 56/115 [00:30<00:31,  1.85it/s, loss=0.4941]Trial 6 Ep10:  50%|██████████████████████████████████████████████████████                                                       | 57/115 [00:30<00:30,  1.88it/s, loss=0.4941]Trial 6 Ep10:  50%|██████████████████████████████████████████████████████                                                       | 57/115 [00:31<00:30,  1.88it/s, loss=0.4140]Trial 6 Ep10:  50%|██████████████████████████████████████████████████████▉                                                      | 58/115 [00:31<00:30,  1.90it/s, loss=0.4140]Trial 6 Ep10:  50%|██████████████████████████████████████████████████████▉                                                      | 58/115 [00:31<00:30,  1.90it/s, loss=0.3827]Trial 6 Ep10:  51%|███████████████████████████████████████████████████████▉                                                     | 59/115 [00:31<00:29,  1.92it/s, loss=0.3827]Trial 6 Ep10:  51%|███████████████████████████████████████████████████████▉                                                     | 59/115 [00:32<00:29,  1.92it/s, loss=0.2611]Trial 6 Ep10:  52%|████████████████████████████████████████████████████████▊                                                    | 60/115 [00:32<00:28,  1.93it/s, loss=0.2611]Trial 6 Ep10:  52%|████████████████████████████████████████████████████████▊                                                    | 60/115 [00:32<00:28,  1.93it/s, loss=0.3524]Trial 6 Ep10:  53%|█████████████████████████████████████████████████████████▊                                                   | 61/115 [00:32<00:28,  1.91it/s, loss=0.3524]Trial 6 Ep10:  53%|█████████████████████████████████████████████████████████▊                                                   | 61/115 [00:33<00:28,  1.91it/s, loss=0.5259]Trial 6 Ep10:  54%|██████████████████████████████████████████████████████████▊                                                  | 62/115 [00:33<00:27,  1.91it/s, loss=0.5259]Trial 6 Ep10:  54%|██████████████████████████████████████████████████████████▊                                              