Trial 1 Ep4:   0%|                                                                                                                                    | 0/115 [00:00<?, ?it/s]Trial 1 Ep4:   0%|                                                                                                                       | 0/115 [00:00<?, ?it/s, loss=0.6699]Trial 1 Ep4:   1%|▉                                                                                                              | 1/115 [00:00<00:59,  1.90it/s, loss=0.6699]Trial 1 Ep4:   1%|▉                                                                                                              | 1/115 [00:01<00:59,  1.90it/s, loss=0.6507]Trial 1 Ep4:   2%|█▉                                                                                                             | 2/115 [00:01<00:59,  1.91it/s, loss=0.6507]Trial 1 Ep4:   2%|█▉                                                                                                             | 2/115 [00:01<00:59,  1.91it/s, loss=0.6554]Trial 1 Ep4:   3%|██▉                                                                                                            | 3/115 [00:01<00:59,  1.88it/s, loss=0.6554]Trial 1 Ep4:   3%|██▉                                                                                                            | 3/115 [00:02<00:59,  1.88it/s, loss=0.6336]Trial 1 Ep4:   3%|███▊                                                                                                           | 4/115 [00:02<01:04,  1.73it/s, loss=0.6336]Trial 1 Ep4:   3%|███▊                                                                                                           | 4/115 [00:02<01:04,  1.73it/s, loss=0.6585]Trial 1 Ep4:   4%|████▊                                                                                                          | 5/115 [00:02<01:00,  1.82it/s, loss=0.6585]Trial 1 Ep4:   4%|████▊                                                                                                          | 5/115 [00:03<01:00,  1.82it/s, loss=0.6428]Trial 1 Ep4:   5%|█████▊                                                                                                         | 6/115 [00:03<00:58,  1.85it/s, loss=0.6428]Trial 1 Ep4:   5%|█████▊                                                                                                         | 6/115 [00:03<00:58,  1.85it/s, loss=0.7275]Trial 1 Ep4:   6%|██████▊                                                                                                        | 7/115 [00:03<00:56,  1.91it/s, loss=0.7275]Trial 1 Ep4:   6%|██████▊                                                                                                        | 7/115 [00:04<00:56,  1.91it/s, loss=0.7024]Trial 1 Ep4:   7%|███████▋                                                                                                       | 8/115 [00:04<00:55,  1.91it/s, loss=0.7024]Trial 1 Ep4:   7%|███████▋                                                                                                       | 8/115 [00:04<00:55,  1.91it/s, loss=0.5822]Trial 1 Ep4:   8%|████████▋                                                                                                      | 9/115 [00:04<00:54,  1.93it/s, loss=0.5822]Trial 1 Ep4:   8%|████████▋                                                                                                      | 9/115 [00:05<00:54,  1.93it/s, loss=0.6795]Trial 1 Ep4:   9%|█████████▌                                                                                                    | 10/115 [00:05<00:53,  1.96it/s, loss=0.6795]Trial 1 Ep4:   9%|█████████▌                                                                                                    | 10/115 [00:05<00:53,  1.96it/s, loss=0.6250]Trial 1 Ep4:  10%|██████████▌                                                                                                   | 11/115 [00:05<00:52,  1.98it/s, loss=0.6250]Trial 1 Ep4:  10%|██████████▌                                                                                                   | 11/115 [00:06<00:52,  1.98it/s, loss=0.6406]Trial 1 Ep4:  10%|███████████▍                                                                                                  | 12/115 [00:06<00:51,  1.99it/s, loss=0.6406]Trial 1 Ep4:  10%|███████████▍                                                                                                  | 12/115 [00:06<00:51,  1.99it/s, loss=0.6019]Trial 1 Ep4:  11%|████████████▍                                                                                                 | 13/115 [00:06<00:51,  1.97it/s, loss=0.6019]Trial 1 Ep4:  11%|████████████▍                                                                                                 | 13/115 [00:07<00:51,  1.97it/s, loss=0.5382]Trial 1 Ep4:  12%|█████████████▍                                                                                                | 14/115 [00:07<00:52,  1.92it/s, loss=0.5382]Trial 1 Ep4:  12%|█████████████▍                                                                                                | 14/115 [00:07<00:52,  1.92it/s, loss=0.6766]Trial 1 Ep4:  13%|██████████████▎                                                                                               | 15/115 [00:07<00:52,  1.90it/s, loss=0.6766]Trial 1 Ep4:  13%|██████████████▎                                                                                               | 15/115 [00:08<00:52,  1.90it/s, loss=0.7147]Trial 1 Ep4:  14%|███████████████▎                                                                                              | 16/115 [00:08<00:52,  1.89it/s, loss=0.7147]Trial 1 Ep4:  14%|███████████████▎                                                                                              | 16/115 [00:08<00:52,  1.89it/s, loss=0.6791]Trial 1 Ep4:  15%|████████████████▎                                                                                             | 17/115 [00:08<00:51,  1.91it/s, loss=0.6791]Trial 1 Ep4:  15%|████████████████▎                                                                                             | 17/115 [00:09<00:51,  1.91it/s, loss=0.6701]Trial 1 Ep4:  16%|█████████████████▏                                                                                            | 18/115 [00:09<00:54,  1.79it/s, loss=0.6701]Trial 1 Ep4:  16%|█████████████████▏                                                                                            | 18/115 [00:10<00:54,  1.79it/s, loss=0.6594]Trial 1 Ep4:  17%|██████████████████▏                                                                                           | 19/115 [00:10<00:51,  1.85it/s, loss=0.6594]Trial 1 Ep4:  17%|██████████████████▏                                                                                           | 19/115 [00:10<00:51,  1.85it/s, loss=0.6578]Trial 1 Ep4:  17%|███████████████████▏                                                                                          | 20/115 [00:10<00:50,  1.88it/s, loss=0.6578]Trial 1 Ep4:  17%|███████████████████▏                                                                                          | 20/115 [00:11<00:50,  1.88it/s, loss=0.6589]Trial 1 Ep4:  18%|████████████████████                                                                                          | 21/115 [00:11<00:48,  1.92it/s, loss=0.6589]Trial 1 Ep4:  18%|████████████████████                                                                                          | 21/115 [00:11<00:48,  1.92it/s, loss=0.5841]Trial 1 Ep4:  19%|█████████████████████                                                                                         | 22/115 [00:11<00:48,  1.90it/s, loss=0.5841]Trial 1 Ep4:  19%|█████████████████████                                                                                         | 22/115 [00:12<00:48,  1.90it/s, loss=0.5559]Trial 1 Ep4:  20%|██████████████████████                                                                                        | 23/115 [00:12<00:47,  1.94it/s, loss=0.5559]Trial 1 Ep4:  20%|██████████████████████                                                                                        | 23/115 [00:12<00:47,  1.94it/s, loss=0.7038]Trial 1 Ep4:  21%|██████████████████████▉                                                                                       | 24/115 [00:12<00:46,  1.95it/s, loss=0.7038]Trial 1 Ep4:  21%|██████████████████████▉                                                                                       | 24/115 [00:13<00:46,  1.95it/s, loss=0.6504]Trial 1 Ep4:  22%|███████████████████████▉                                                                                      | 25/115 [00:13<00:46,  1.95it/s, loss=0.6504]Trial 1 Ep4:  22%|███████████████████████▉                                                                                      | 25/115 [00:13<00:46,  1.95it/s, loss=0.5419]Trial 1 Ep4:  23%|████████████████████████▊                                                                                     | 26/115 [00:13<00:46,  1.93it/s, loss=0.5419]Trial 1 Ep4:  23%|████████████████████████▊                                                                                     | 26/115 [00:14<00:46,  1.93it/s, loss=0.6506]Trial 1 Ep4:  23%|█████████████████████████▊                                                                                    | 27/115 [00:14<00:45,  1.94it/s, loss=0.6506]Trial 1 Ep4:  23%|█████████████████████████▊                                                                                    | 27/115 [00:14<00:45,  1.94it/s, loss=0.6078]Trial 1 Ep4:  24%|██████████████████████████▊                                                                                   | 28/115 [00:14<00:44,  1.93it/s, loss=0.6078]Trial 1 Ep4:  24%|██████████████████████████▊                                                                                   | 28/115 [00:15<00:44,  1.93it/s, loss=0.6794]Trial 1 Ep4:  25%|███████████████████████████▋                                                                                  | 29/115 [00:15<00:43,  1.96it/s, loss=0.6794]Trial 1 Ep4:  25%|███████████████████████████▋                                                                                  | 29/115 [00:15<00:43,  1.96it/s, loss=0.6143]Trial 1 Ep4:  26%|████████████████████████████▋                                                                                 | 30/115 [00:15<00:43,  1.97it/s, loss=0.6143]Trial 1 Ep4:  26%|████████████████████████████▋                                                                                 | 30/115 [00:16<00:43,  1.97it/s, loss=0.6848]Trial 1 Ep4:  27%|█████████████████████████████▋                                                                                | 31/115 [00:16<00:42,  1.97it/s, loss=0.6848]Trial 1 Ep4:  27%|█████████████████████████████▋                                                                                | 31/115 [00:16<00:42,  1.97it/s, loss=0.6443]Trial 1 Ep4:  28%|██████████████████████████████▌                                                                               | 32/115 [00:16<00:46,  1.80it/s, loss=0.6443]Trial 1 Ep4:  28%|██████████████████████████████▌                                                                               | 32/115 [00:17<00:46,  1.80it/s, loss=0.8406]Trial 1 Ep4:  29%|███████████████████████████████▌                                                                              | 33/115 [00:17<00:43,  1.87it/s, loss=0.8406]Trial 1 Ep4:  29%|███████████████████████████████▌                                                                              | 33/115 [00:17<00:43,  1.87it/s, loss=0.6840]Trial 1 Ep4:  30%|████████████████████████████████▌                                                                             | 34/115 [00:17<00:43,  1.88it/s, loss=0.6840]Trial 1 Ep4:  30%|████████████████████████████████▌                                                                             | 34/115 [00:18<00:43,  1.88it/s, loss=0.6587]Trial 1 Ep4:  30%|█████████████████████████████████▍                                                                            | 35/115 [00:18<00:42,  1.90it/s, loss=0.6587]Trial 1 Ep4:  30%|█████████████████████████████████▍                                                                            | 35/115 [00:18<00:42,  1.90it/s, loss=0.5607]Trial 1 Ep4:  31%|██████████████████████████████████▍                                                                           | 36/115 [00:18<00:41,  1.92it/s, loss=0.5607]Trial 1 Ep4:  31%|██████████████████████████████████▍                                                                           | 36/115 [00:19<00:41,  1.92it/s, loss=0.5011]Trial 1 Ep4:  32%|███████████████████████████████████▍                                                                          | 37/115 [00:19<00:40,  1.93it/s, loss=0.5011]Trial 1 Ep4:  32%|███████████████████████████████████▍                                                                          | 37/115 [00:19<00:40,  1.93it/s, loss=0.4478]Trial 1 Ep4:  33%|████████████████████████████████████▎                                                                         | 38/115 [00:19<00:39,  1.96it/s, loss=0.4478]Trial 1 Ep4:  33%|████████████████████████████████████▎                                                                         | 38/115 [00:20<00:39,  1.96it/s, loss=0.6849]Trial 1 Ep4:  34%|█████████████████████████████████████▎                                                                        | 39/115 [00:20<00:39,  1.94it/s, loss=0.6849]Trial 1 Ep4:  34%|█████████████████████████████████████▎                                                                        | 39/115 [00:20<00:39,  1.94it/s, loss=0.5495]Trial 1 Ep4:  35%|██████████████████████████████████████▎                                                                       | 40/115 [00:20<00:40,  1.87it/s, loss=0.5495]Trial 1 Ep4:  35%|██████████████████████████████████████▎                                                                       | 40/115 [00:21<00:40,  1.87it/s, loss=0.7436]Trial 1 Ep4:  36%|███████████████████████████████████████▏                                                                      | 41/115 [00:21<00:38,  1.90it/s, loss=0.7436]Trial 1 Ep4:  36%|███████████████████████████████████████▏                                                                      | 41/115 [00:21<00:38,  1.90it/s, loss=0.6063]Trial 1 Ep4:  37%|████████████████████████████████████████▏                                                                     | 42/115 [00:21<00:37,  1.92it/s, loss=0.6063]Trial 1 Ep4:  37%|████████████████████████████████████████▏                                                                     | 42/115 [00:22<00:37,  1.92it/s, loss=0.6217]Trial 1 Ep4:  37%|█████████████████████████████████████████▏                                                                    | 43/115 [00:22<00:37,  1.93it/s, loss=0.6217]Trial 1 Ep4:  37%|█████████████████████████████████████████▏                                                                    | 43/115 [00:23<00:37,  1.93it/s, loss=0.6122]Trial 1 Ep4:  38%|██████████████████████████████████████████                                                                    | 44/115 [00:23<00:36,  1.94it/s, loss=0.6122]Trial 1 Ep4:  38%|██████████████████████████████████████████                                                                    | 44/115 [00:23<00:36,  1.94it/s, loss=0.6985]Trial 1 Ep4:  39%|███████████████████████████████████████████                                                                   | 45/115 [00:23<00:36,  1.93it/s, loss=0.6985]Trial 1 Ep4:  39%|███████████████████████████████████████████                                                                   | 45/115 [00:24<00:36,  1.93it/s, loss=0.6473]Trial 1 Ep4:  40%|████████████████████████████████████████████                                                                  | 46/115 [00:24<00:38,  1.77it/s, loss=0.6473]Trial 1 Ep4:  40%|████████████████████████████████████████████                                                                  | 46/115 [00:24<00:38,  1.77it/s, loss=0.6636]Trial 1 Ep4:  41%|████████████████████████████████████████████▉                                                                 | 47/115 [00:24<00:37,  1.81it/s, loss=0.6636]Trial 1 Ep4:  41%|████████████████████████████████████████████▉                                                                 | 47/115 [00:25<00:37,  1.81it/s, loss=0.5422]Trial 1 Ep4:  42%|█████████████████████████████████████████████▉                                                                | 48/115 [00:25<00:36,  1.85it/s, loss=0.5422]Trial 1 Ep4:  42%|█████████████████████████████████████████████▉                                                                | 48/115 [00:25<00:36,  1.85it/s, loss=0.5534]Trial 1 Ep4:  43%|██████████████████████████████████████████████▊                                                               | 49/115 [00:25<00:34,  1.89it/s, loss=0.5534]Trial 1 Ep4:  43%|██████████████████████████████████████████████▊                                                               | 49/115 [00:26<00:34,  1.89it/s, loss=0.4219]Trial 1 Ep4:  43%|███████████████████████████████████████████████▊                                                              | 50/115 [00:26<00:35,  1.85it/s, loss=0.4219]Trial 1 Ep4:  43%|███████████████████████████████████████████████▊                                                              | 50/115 [00:26<00:35,  1.85it/s, loss=0.7402]Trial 1 Ep4:  44%|████████████████████████████████████████████████▊                                                             | 51/115 [00:26<00:33,  1.90it/s, loss=0.7402]Trial 1 Ep4:  44%|████████████████████████████████████████████████▊                                                             | 51/115 [00:27<00:33,  1.90it/s, loss=0.7820]Trial 1 Ep4:  45%|█████████████████████████████████████████████████▋                                                            | 52/115 [00:27<00:33,  1.90it/s, loss=0.7820]Trial 1 Ep4:  45%|█████████████████████████████████████████████████▋                                                            | 52/115 [00:27<00:33,  1.90it/s, loss=0.5710]Trial 1 Ep4:  46%|██████████████████████████████████████████████████▋                                                           | 53/115 [00:27<00:32,  1.91it/s, loss=0.5710]Trial 1 Ep4:  46%|██████████████████████████████████████████████████▋                                                           | 53/115 [00:28<00:32,  1.91it/s, loss=0.7109]Trial 1 Ep4:  47%|███████████████████████████████████████████████████▋                                                          | 54/115 [00:28<00:31,  1.93it/s, loss=0.7109]Trial 1 Ep4:  47%|███████████████████████████████████████████████████▋                                                          | 54/115 [00:28<00:31,  1.93it/s, loss=0.7448]Trial 1 Ep4:  48%|████████████████████████████████████████████████████▌                                                         | 55/115 [00:28<00:31,  1.92it/s, loss=0.7448]Trial 1 Ep4:  48%|████████████████████████████████████████████████████▌                                                         | 55/115 [00:29<00:31,  1.92it/s, loss=0.6734]Trial 1 Ep4:  49%|█████████████████████████████████████████████████████▌                                                        | 56/115 [00:29<00:30,  1.91it/s, loss=0.6734]Trial 1 Ep4:  49%|█████████████████████████████████████████████████████▌                                                        | 56/115 [00:29<00:30,  1.91it/s, loss=0.7514]Trial 1 Ep4:  50%|██████████████████████████████████████████████████████▌                                                       | 57/115 [00:29<00:30,  1.92it/s, loss=0.7514]Trial 1 Ep4:  50%|██████████████████████████████████████████████████████▌                                                       | 57/115 [00:30<00:30,  1.92it/s, loss=0.6986]Trial 1 Ep4:  50%|███████████████████████████████████████████████████████▍                                                      | 58/115 [00:30<00:29,  1.95it/s, loss=0.6986]Trial 1 Ep4:  50%|███████████████████████████████████████████████████████▍                                                      | 58/115 [00:30<00:29,  1.95it/s, loss=0.6327]Trial 1 Ep4:  51%|████████████████████████████████████████████████████████▍                                                     | 59/115 [00:30<00:28,  1.97it/s, loss=0.6327]Trial 1 Ep4:  51%|████████████████████████████████████████████████████████▍                                                     | 59/115 [00:31<00:28,  1.97it/s, loss=0.6196]Trial 1 Ep4:  52%|█████████████████████████████████████████████████████████▍                                                    | 60/115 [00:31<00:29,  1.84it/s, loss=0.6196]Trial 1 Ep4:  52%|█████████████████████████████████████████████████████████▍                                                    | 60/115 [00:32<00:29,  1.84it/s, loss=0.6291]Trial 1 Ep4:  53%|██████████████████████████████████████████████████████████▎                                                   | 61/115 [00:32<00:28,  1.89it/s, loss=0.6291]Trial 1 Ep4:  53%|██████████████████████████████████████████████████████████▎                                                   | 61/115 [00:32<00:28,  1.89it/s, loss=0.6243]Trial 1 Ep4:  54%|███████████████████████████████████████████████████████████▎                                                  | 62/115 [00:32<00:27,  1.90it/s, loss=0.6243]Trial 1 Ep4:  54%|███████████████████████████████████████████████████████████▎                                              