Trial 0 Ep3:   0%|                                                                                                                                     | 0/78 [00:00<?, ?it/s]Trial 0 Ep3:   0%|                                                                                                                        | 0/78 [00:00<?, ?it/s, loss=2.2988]Trial 0 Ep3:   1%|█▍                                                                                                              | 1/78 [00:00<00:51,  1.50it/s, loss=2.2988]Trial 0 Ep3:   1%|█▍                                                                                                              | 1/78 [00:01<00:51,  1.50it/s, loss=1.6122]Trial 0 Ep3:   3%|██▊                                                                                                             | 2/78 [00:01<01:02,  1.23it/s, loss=1.6122]Trial 0 Ep3:   3%|██▊                                                                                                             | 2/78 [00:02<01:02,  1.23it/s, loss=1.2172]Trial 0 Ep3:   4%|████▎                                                                                                           | 3/78 [00:02<00:54,  1.37it/s, loss=1.2172]Trial 0 Ep3:   4%|████▎                                                                                                           | 3/78 [00:02<00:54,  1.37it/s, loss=2.4804]Trial 0 Ep3:   5%|█████▋                                                                                                          | 4/78 [00:02<00:54,  1.36it/s, loss=2.4804]Trial 0 Ep3:   5%|█████▋                                                                                                          | 4/78 [00:03<00:54,  1.36it/s, loss=0.7825]Trial 0 Ep3:   6%|███████▏                                                                                                        | 5/78 [00:03<00:52,  1.38it/s, loss=0.7825]Trial 0 Ep3:   6%|███████▏                                                                                                        | 5/78 [00:04<00:52,  1.38it/s, loss=0.8377]Trial 0 Ep3:   8%|████████▌                                                                                                       | 6/78 [00:04<00:50,  1.43it/s, loss=0.8377]Trial 0 Ep3:   8%|████████▌                                                                                                       | 6/78 [00:05<00:50,  1.43it/s, loss=2.9415]Trial 0 Ep3:   9%|██████████                                                                                                      | 7/78 [00:05<00:50,  1.41it/s, loss=2.9415]Trial 0 Ep3:   9%|██████████                                                                                                      | 7/78 [00:05<00:50,  1.41it/s, loss=2.6364]Trial 0 Ep3:  10%|███████████▍                                                                                                    | 8/78 [00:05<00:49,  1.40it/s, loss=2.6364]Trial 0 Ep3:  10%|███████████▍                                                                                                    | 8/78 [00:06<00:49,  1.40it/s, loss=4.4964]Trial 0 Ep3:  12%|████████████▉                                                                                                   | 9/78 [00:06<00:49,  1.38it/s, loss=4.4964]Trial 0 Ep3:  12%|████████████▉                                                                                                   | 9/78 [00:07<00:49,  1.38it/s, loss=2.9090]Trial 0 Ep3:  13%|██████████████▏                                                                                                | 10/78 [00:07<00:50,  1.36it/s, loss=2.9090]Trial 0 Ep3:  13%|██████████████▏                                                                                                | 10/78 [00:08<00:50,  1.36it/s, loss=1.8159]Trial 0 Ep3:  14%|███████████████▋                                                                                               | 11/78 [00:08<00:49,  1.36it/s, loss=1.8159]Trial 0 Ep3:  14%|███████████████▋                                                                                               | 11/78 [00:08<00:49,  1.36it/s, loss=2.4592]Trial 0 Ep3:  15%|█████████████████                                                                                              | 12/78 [00:08<00:47,  1.40it/s, loss=2.4592]Trial 0 Ep3:  15%|█████████████████                                                                                              | 12/78 [00:09<00:47,  1.40it/s, loss=2.4046]Trial 0 Ep3:  17%|██████████████████▌                                                                                            | 13/78 [00:09<00:47,  1.37it/s, loss=2.4046]Trial 0 Ep3:  17%|██████████████████▌                                                                                            | 13/78 [00:10<00:47,  1.37it/s, loss=2.6457]Trial 0 Ep3:  18%|███████████████████▉                                                                                           | 14/78 [00:10<00:46,  1.37it/s, loss=2.6457]Trial 0 Ep3:  18%|███████████████████▉                                                                                           | 14/78 [00:10<00:46,  1.37it/s, loss=1.2229]Trial 0 Ep3:  19%|█████████████████████▎                                                                                         | 15/78 [00:10<00:45,  1.37it/s, loss=1.2229]Trial 0 Ep3:  19%|█████████████████████▎                                                                                         | 15/78 [00:11<00:45,  1.37it/s, loss=3.6178]Trial 0 Ep3:  21%|██████████████████████▊                                                                                        | 16/78 [00:11<00:46,  1.33it/s, loss=3.6178]Trial 0 Ep3:  21%|██████████████████████▊                                                                                        | 16/78 [00:12<00:46,  1.33it/s, loss=1.1603]Trial 0 Ep3:  22%|████████████████████████▏                                                                                      | 17/78 [00:12<00:45,  1.33it/s, loss=1.1603]Trial 0 Ep3:  22%|████████████████████████▏                                                                                      | 17/78 [00:13<00:45,  1.33it/s, loss=2.9028]Trial 0 Ep3:  23%|█████████████████████████▌                                                                                     | 18/78 [00:13<00:43,  1.38it/s, loss=2.9028]Trial 0 Ep3:  23%|█████████████████████████▌                                                                                     | 18/78 [00:13<00:43,  1.38it/s, loss=0.7107]Trial 0 Ep3:  24%|███████████████████████████                                                                                    | 19/78 [00:13<00:44,  1.34it/s, loss=0.7107]Trial 0 Ep3:  24%|███████████████████████████                                                                                    | 19/78 [00:14<00:44,  1.34it/s, loss=3.2038]Trial 0 Ep3:  26%|████████████████████████████▍                                                                                  | 20/78 [00:14<00:43,  1.35it/s, loss=3.2038]Trial 0 Ep3:  26%|████████████████████████████▍                                                                                  | 20/78 [00:15<00:43,  1.35it/s, loss=1.0549]Trial 0 Ep3:  27%|█████████████████████████████▉                                                                                 | 21/78 [00:15<00:42,  1.33it/s, loss=1.0549]Trial 0 Ep3:  27%|█████████████████████████████▉                                                                                 | 21/78 [00:16<00:42,  1.33it/s, loss=3.3459]Trial 0 Ep3:  28%|███████████████████████████████▎                                                                               | 22/78 [00:16<00:39,  1.41it/s, loss=3.3459]Trial 0 Ep3:  28%|███████████████████████████████▎                                                                               | 22/78 [00:16<00:39,  1.41it/s, loss=1.1153]Trial 0 Ep3:  29%|████████████████████████████████▋                                                                              | 23/78 [00:16<00:38,  1.41it/s, loss=1.1153]Trial 0 Ep3:  29%|████████████████████████████████▋                                                                              | 23/78 [00:17<00:38,  1.41it/s, loss=2.9509]Trial 0 Ep3:  31%|██████████████████████████████████▏                                                                            | 24/78 [00:17<00:38,  1.41it/s, loss=2.9509]Trial 0 Ep3:  31%|██████████████████████████████████▏                                                                            | 24/78 [00:18<00:38,  1.41it/s, loss=0.9609]Trial 0 Ep3:  32%|███████████████████████████████████▌                                                                           | 25/78 [00:18<00:37,  1.42it/s, loss=0.9609]Trial 0 Ep3:  32%|███████████████████████████████████▌                                                                           | 25/78 [00:18<00:37,  1.42it/s, loss=3.8143]Trial 0 Ep3:  33%|█████████████████████████████████████                                                                          | 26/78 [00:18<00:36,  1.42it/s, loss=3.8143]Trial 0 Ep3:  33%|█████████████████████████████████████                                                                          | 26/78 [00:19<00:36,  1.42it/s, loss=0.7420]Trial 0 Ep3:  35%|██████████████████████████████████████▍                                                                        | 27/78 [00:19<00:35,  1.45it/s, loss=0.7420]Trial 0 Ep3:  35%|██████████████████████████████████████▍                                                                        | 27/78 [00:20<00:35,  1.45it/s, loss=4.1319]Trial 0 Ep3:  36%|███████████████████████████████████████▊                                                                       | 28/78 [00:20<00:34,  1.46it/s, loss=4.1319]Trial 0 Ep3:  36%|███████████████████████████████████████▊                                                                       | 28/78 [00:20<00:34,  1.46it/s, loss=0.6983]Trial 0 Ep3:  37%|█████████████████████████████████████████▎                                                                     | 29/78 [00:20<00:34,  1.42it/s, loss=0.6983]Trial 0 Ep3:  37%|█████████████████████████████████████████▎                                                                     | 29/78 [00:21<00:34,  1.42it/s, loss=0.8446]Trial 0 Ep3:  38%|██████████████████████████████████████████▋                                                                    | 30/78 [00:21<00:36,  1.32it/s, loss=0.8446]Trial 0 Ep3:  38%|██████████████████████████████████████████▋                                                                    | 30/78 [00:22<00:36,  1.32it/s, loss=3.0160]Trial 0 Ep3:  40%|████████████████████████████████████████████                                                                   | 31/78 [00:22<00:35,  1.34it/s, loss=3.0160]Trial 0 Ep3:  40%|████████████████████████████████████████████                                                                   | 31/78 [00:23<00:35,  1.34it/s, loss=0.9124]Trial 0 Ep3:  41%|█████████████████████████████████████████████▌                                                                 | 32/78 [00:23<00:34,  1.32it/s, loss=0.9124]Trial 0 Ep3:  41%|█████████████████████████████████████████████▌                                                                 | 32/78 [00:24<00:34,  1.32it/s, loss=2.8001]Trial 0 Ep3:  42%|██████████████████████████████████████████████▉                                                                | 33/78 [00:24<00:34,  1.32it/s, loss=2.8001]Trial 0 Ep3:  42%|██████████████████████████████████████████████▉                                                                | 33/78 [00:24<00:34,  1.32it/s, loss=0.7004]Trial 0 Ep3:  44%|████████████████████████████████████████████████▍                                                              | 34/78 [00:24<00:31,  1.39it/s, loss=0.7004]Trial 0 Ep3:  44%|████████████████████████████████████████████████▍                                                              | 34/78 [00:25<00:31,  1.39it/s, loss=3.4083]Trial 0 Ep3:  45%|█████████████████████████████████████████████████▊                                                             | 35/78 [00:25<00:31,  1.38it/s, loss=3.4083]Trial 0 Ep3:  45%|█████████████████████████████████████████████████▊                                                             | 35/78 [00:26<00:31,  1.38it/s, loss=0.7397]Trial 0 Ep3:  46%|███████████████████████████████████████████████████▏                                                           | 36/78 [00:26<00:29,  1.42it/s, loss=0.7397]Trial 0 Ep3:  46%|███████████████████████████████████████████████████▏                                                           | 36/78 [00:26<00:29,  1.42it/s, loss=2.5632]Trial 0 Ep3:  47%|████████████████████████████████████████████████████▋                                                          | 37/78 [00:26<00:29,  1.40it/s, loss=2.5632]Trial 0 Ep3:  47%|████████████████████████████████████████████████████▋                                                          | 37/78 [00:27<00:29,  1.40it/s, loss=1.0851]Trial 0 Ep3:  49%|██████████████████████████████████████████████████████                                                         | 38/78 [00:27<00:29,  1.38it/s, loss=1.0851]Trial 0 Ep3:  49%|██████████████████████████████████████████████████████                                                         | 38/78 [00:28<00:29,  1.38it/s, loss=3.5114]Trial 0 Ep3:  50%|███████████████████████████████████████████████████████▌                                                       | 39/78 [00:28<00:28,  1.37it/s, loss=3.5114]Trial 0 Ep3:  50%|███████████████████████████████████████████████████████▌                                                       | 39/78 [00:29<00:28,  1.37it/s, loss=1.2285]Trial 0 Ep3:  51%|████████████████████████████████████████████████████████▉                                                      | 40/78 [00:29<00:27,  1.38it/s, loss=1.2285]Trial 0 Ep3:  51%|████████████████████████████████████████████████████████▉                                                      | 40/78 [00:29<00:27,  1.38it/s, loss=1.7769]Trial 0 Ep3:  53%|██████████████████████████████████████████████████████████▎                                                    | 41/78 [00:29<00:26,  1.41it/s, loss=1.7769]Trial 0 Ep3:  53%|██████████████████████████████████████████████████████████▎                                                    | 41/78 [00:30<00:26,  1.41it/s, loss=1.4221]Trial 0 Ep3:  54%|███████████████████████████████████████████████████████████▊                                                   | 42/78 [00:30<00:24,  1.45it/s, loss=1.4221]Trial 0 Ep3:  54%|███████████████████████████████████████████████████████████▊                                                   | 42/78 [00:31<00:24,  1.45it/s, loss=1.6885]Trial 0 Ep3:  55%|█████████████████████████████████████████████████████████████▏                                                 | 43/78 [00:31<00:24,  1.43it/s, loss=1.6885]Trial 0 Ep3:  55%|█████████████████████████████████████████████████████████████▏                                                 | 43/78 [00:32<00:24,  1.43it/s, loss=2.3902]Trial 0 Ep3:  56%|██████████████████████████████████████████████████████████████▌                                                | 44/78 [00:32<00:26,  1.29it/s, loss=2.3902]Trial 0 Ep3:  56%|██████████████████████████████████████████████████████████████▌                                                | 44/78 [00:32<00:26,  1.29it/s, loss=0.8697]Trial 0 Ep3:  58%|████████████████████████████████████████████████████████████████                                               | 45/78 [00:32<00:25,  1.31it/s, loss=0.8697]Trial 0 Ep3:  58%|████████████████████████████████████████████████████████████████                                               | 45/78 [00:33<00:25,  1.31it/s, loss=2.4629]Trial 0 Ep3:  59%|█████████████████████████████████████████████████████████████████▍                                             | 46/78 [00:33<00:23,  1.35it/s, loss=2.4629]Trial 0 Ep3:  59%|█████████████████████████████████████████████████████████████████▍                                             | 46/78 [00:34<00:23,  1.35it/s, loss=0.9336]Trial 0 Ep3:  60%|██████████████████████████████████████████████████████████████████▉                                            | 47/78 [00:34<00:21,  1.42it/s, loss=0.9336]Trial 0 Ep3:  60%|██████████████████████████████████████████████████████████████████▉                                            | 47/78 [00:34<00:21,  1.42it/s, loss=2.6952]Trial 0 Ep3:  62%|████████████████████████████████████████████████████████████████████▎                                          | 48/78 [00:34<00:21,  1.40it/s, loss=2.6952]Trial 0 Ep3:  62%|████████████████████████████████████████████████████████████████████▎                                          | 48/78 [00:35<00:21,  1.40it/s, loss=0.9611]Trial 0 Ep3:  63%|█████████████████████████████████████████████████████████████████████▋                                         | 49/78 [00:35<00:22,  1.32it/s, loss=0.9611]Trial 0 Ep3:  63%|█████████████████████████████████████████████████████████████████████▋                                         | 49/78 [00:36<00:22,  1.32it/s, loss=2.4954]Trial 0 Ep3:  64%|███████████████████████████████████████████████████████████████████████▏                                       | 50/78 [00:36<00:20,  1.35it/s, loss=2.4954]Trial 0 Ep3:  64%|███████████████████████████████████████████████████████████████████████▏                                       | 50/78 [00:37<00:20,  1.35it/s, loss=1.0763]Trial 0 Ep3:  65%|████████████████████████████████████████████████████████████████████████▌                                      | 51/78 [00:37<00:19,  1.36it/s, loss=1.0763]Trial 0 Ep3:  65%|████████████████████████████████████████████████████████████████████████▌                                      | 51/78 [00:37<00:19,  1.36it/s, loss=1.7962]Trial 0 Ep3:  67%|██████████████████████████████████████████████████████████████████████████                                     | 52/78 [00:37<00:19,  1.36it/s, loss=1.7962]Trial 0 Ep3:  67%|██████████████████████████████████████████████████████████████████████████                                     | 52/78 [00:38<00:19,  1.36it/s, loss=1.4546]Trial 0 Ep3:  68%|███████████████████████████████████████████████████████████████████████████▍                                   | 53/78 [00:38<00:18,  1.38it/s, loss=1.4546]Trial 0 Ep3:  68%|███████████████████████████████████████████████████████████████████████████▍                                   | 53/78 [00:39<00:18,  1.38it/s, loss=1.2199]Trial 0 Ep3:  69%|████████████████████████████████████████████████████████████████████████████▊                                  | 54/78 [00:39<00:16,  1.42it/s, loss=1.2199]Trial 0 Ep3:  69%|████████████████████████████████████████████████████████████████████████████▊                                  | 54/78 [00:39<00:16,  1.42it/s, loss=2.6042]Trial 0 Ep3:  71%|██████████████████████████████████████████████████████████████████████████████▎                                | 55/78 [00:39<00:16,  1.38it/s, loss=2.6042]Trial 0 Ep3:  71%|██████████████████████████████████████████████████████████████████████████████▎                                | 55/78 [00:40<00:16,  1.38it/s, loss=1.7056]Trial 0 Ep3:  72%|███████████████████████████████████████████████████████████████████████████████▋                               | 56/78 [00:40<00:16,  1.30it/s, loss=1.7056]Trial 0 Ep3:  72%|███████████████████████████████████████████████████████████████████████████████▋                               | 56/78 [00:41<00:16,  1.30it/s, loss=1.7981]Trial 0 Ep3:  73%|█████████████████████████████████████████████████████████████████████████████████                              | 57/78 [00:41<00:16,  1.31it/s, loss=1.7981]Trial 0 Ep3:  73%|█████████████████████████████████████████████████████████████████████████████████                              | 57/78 [00:42<00:16,  1.31it/s, loss=2.7561]Trial 0 Ep3:  74%|██████████████████████████████████████████████████████████████████████████████████▌                            | 58/78 [00:42<00:16,  1.20it/s, loss=2.7561]Trial 0 Ep3:  74%|██████████████████████████████████████████████████████████████████████████████████▌                            | 58/78 [00:43<00:16,  1.20it/s, loss=0.7555]Trial 0 Ep3:  76%|███████████████████████████████████████████████████████████████████████████████████▉                           | 59/78 [00:43<00:15,  1.23it/s, loss=0.7555]Trial 0 Ep3:  76%|███████████████████████████████████████████████████████████████████████████████████▉                           | 59/78 [00:44<00:15,  1.23it/s, loss=2.9484]Trial 0 Ep3:  77%|█████████████████████████████████████████████████████████████████████████████████████▍                         | 60/78 [00:44<00:14,  1.25it/s, loss=2.9484]Trial 0 Ep3:  77%|█████████████████████████████████████████████████████████████████████████████████████▍                         | 60/78 [00:44<00:14,  1.25it/s, loss=0.9308]Trial 0 Ep3:  78%|██████████████████████████████████████████████████████████████████████████████████████▊                        | 61/78 [00:44<00:13,  1.27it/s, loss=0.9308]Trial 0 Ep3:  78%|██████████████████████████████████████████████████████████████████████████████████████▊                        | 61/78 [00:45<00:13,  1.27it/s, loss=1.3213]Trial 0 Ep3:  79%|████████████████████████████████████████████████████████████████████████████████████████▏                      | 62/78 [00:45<00:12,  1.33it/s, loss=1.3213]Trial 0 Ep3:  79%|████████████████████████████████████████████████████████████████████████████████████████▏                 