Trial 7 Ep1:   0%|                                                                                                                                     | 0/78 [00:00<?, ?it/s]Trial 7 Ep1:   0%|                                                                                                                        | 0/78 [00:00<?, ?it/s, loss=0.7658]Trial 7 Ep1:   1%|█▍                                                                                                              | 1/78 [00:00<01:08,  1.13it/s, loss=0.7658]Trial 7 Ep1:   1%|█▍                                                                                                              | 1/78 [00:01<01:08,  1.13it/s, loss=0.7702]Trial 7 Ep1:   3%|██▊                                                                                                             | 2/78 [00:01<00:50,  1.51it/s, loss=0.7702]Trial 7 Ep1:   3%|██▊                                                                                                             | 2/78 [00:03<00:50,  1.51it/s, loss=0.6679]Trial 7 Ep1:   4%|████▎                                                                                                           | 3/78 [00:03<01:53,  1.51s/it, loss=0.6679]Trial 7 Ep1:   4%|████▎                                                                                                           | 3/78 [00:04<01:53,  1.51s/it, loss=0.7475]Trial 7 Ep1:   5%|█████▋                                                                                                          | 4/78 [00:04<01:27,  1.19s/it, loss=0.7475]Trial 7 Ep1:   5%|█████▋                                                                                                          | 4/78 [00:05<01:27,  1.19s/it, loss=0.7464]Trial 7 Ep1:   6%|███████▏                                                                                                        | 5/78 [00:05<01:11,  1.02it/s, loss=0.7464]Trial 7 Ep1:   6%|███████▏                                                                                                        | 5/78 [00:05<01:11,  1.02it/s, loss=0.6867]Trial 7 Ep1:   8%|████████▌                                                                                                       | 6/78 [00:05<01:00,  1.18it/s, loss=0.6867]Trial 7 Ep1:   8%|████████▌                                                                                                       | 6/78 [00:06<01:00,  1.18it/s, loss=0.6742]Trial 7 Ep1:   9%|██████████                                                                                                      | 7/78 [00:06<00:54,  1.30it/s, loss=0.6742]Trial 7 Ep1:   9%|██████████                                                                                                      | 7/78 [00:07<00:54,  1.30it/s, loss=0.7465]Trial 7 Ep1:  10%|███████████▍                                                                                                    | 8/78 [00:07<00:59,  1.17it/s, loss=0.7465]Trial 7 Ep1:  10%|███████████▍                                                                                                    | 8/78 [00:08<00:59,  1.17it/s, loss=0.7698]Trial 7 Ep1:  12%|████████████▉                                                                                                   | 9/78 [00:08<00:53,  1.28it/s, loss=0.7698]Trial 7 Ep1:  12%|████████████▉                                                                                                   | 9/78 [00:08<00:53,  1.28it/s, loss=0.7524]Trial 7 Ep1:  13%|██████████████▏                                                                                                | 10/78 [00:08<00:49,  1.37it/s, loss=0.7524]Trial 7 Ep1:  13%|██████████████▏                                                                                                | 10/78 [00:09<00:49,  1.37it/s, loss=0.7129]Trial 7 Ep1:  14%|███████████████▋                                                                                               | 11/78 [00:09<00:46,  1.44it/s, loss=0.7129]Trial 7 Ep1:  14%|███████████████▋                                                                                               | 11/78 [00:09<00:46,  1.44it/s, loss=0.7552]Trial 7 Ep1:  15%|█████████████████                                                                                              | 12/78 [00:09<00:45,  1.44it/s, loss=0.7552]Trial 7 Ep1:  15%|█████████████████                                                                                              | 12/78 [00:10<00:45,  1.44it/s, loss=0.6989]Trial 7 Ep1:  17%|██████████████████▌                                                                                            | 13/78 [00:10<00:44,  1.45it/s, loss=0.6989]Trial 7 Ep1:  17%|██████████████████▌                                                                                            | 13/78 [00:11<00:44,  1.45it/s, loss=0.7098]Trial 7 Ep1:  18%|███████████████████▉                                                                                           | 14/78 [00:11<00:44,  1.45it/s, loss=0.7098]Trial 7 Ep1:  18%|███████████████████▉                                                                                           | 14/78 [00:12<00:44,  1.45it/s, loss=0.7213]Trial 7 Ep1:  19%|█████████████████████▎                                                                                         | 15/78 [00:12<00:44,  1.42it/s, loss=0.7213]Trial 7 Ep1:  19%|█████████████████████▎                                                                                         | 15/78 [00:12<00:44,  1.42it/s, loss=0.7935]Trial 7 Ep1:  21%|██████████████████████▊                                                                                        | 16/78 [00:12<00:42,  1.45it/s, loss=0.7935]Trial 7 Ep1:  21%|██████████████████████▊                                                                                        | 16/78 [00:13<00:42,  1.45it/s, loss=0.6466]Trial 7 Ep1:  22%|████████████████████████▏                                                                                      | 17/78 [00:13<00:48,  1.25it/s, loss=0.6466]Trial 7 Ep1:  22%|████████████████████████▏                                                                                      | 17/78 [00:14<00:48,  1.25it/s, loss=0.7261]Trial 7 Ep1:  23%|█████████████████████████▌                                                                                     | 18/78 [00:14<00:46,  1.30it/s, loss=0.7261]Trial 7 Ep1:  23%|█████████████████████████▌                                                                                     | 18/78 [00:15<00:46,  1.30it/s, loss=0.7509]Trial 7 Ep1:  24%|███████████████████████████                                                                                    | 19/78 [00:15<00:45,  1.30it/s, loss=0.7509]Trial 7 Ep1:  24%|███████████████████████████                                                                                    | 19/78 [00:16<00:45,  1.30it/s, loss=0.7102]Trial 7 Ep1:  26%|████████████████████████████▍                                                                                  | 20/78 [00:16<00:43,  1.32it/s, loss=0.7102]Trial 7 Ep1:  26%|████████████████████████████▍                                                                                  | 20/78 [00:16<00:43,  1.32it/s, loss=0.6752]Trial 7 Ep1:  27%|█████████████████████████████▉                                                                                 | 21/78 [00:16<00:42,  1.33it/s, loss=0.6752]Trial 7 Ep1:  27%|█████████████████████████████▉                                                                                 | 21/78 [00:17<00:42,  1.33it/s, loss=0.6947]Trial 7 Ep1:  28%|███████████████████████████████▎                                                                               | 22/78 [00:17<00:42,  1.33it/s, loss=0.6947]Trial 7 Ep1:  28%|███████████████████████████████▎                                                                               | 22/78 [00:18<00:42,  1.33it/s, loss=0.6829]Trial 7 Ep1:  29%|████████████████████████████████▋                                                                              | 23/78 [00:18<00:41,  1.34it/s, loss=0.6829]Trial 7 Ep1:  29%|████████████████████████████████▋                                                                              | 23/78 [00:18<00:41,  1.34it/s, loss=0.6488]Trial 7 Ep1:  31%|██████████████████████████████████▏                                                                            | 24/78 [00:18<00:39,  1.37it/s, loss=0.6488]Trial 7 Ep1:  31%|██████████████████████████████████▏                                                                            | 24/78 [00:19<00:39,  1.37it/s, loss=0.6596]Trial 7 Ep1:  32%|███████████████████████████████████▌                                                                           | 25/78 [00:19<00:38,  1.37it/s, loss=0.6596]Trial 7 Ep1:  32%|███████████████████████████████████▌                                                                           | 25/78 [00:20<00:38,  1.37it/s, loss=0.8027]Trial 7 Ep1:  33%|█████████████████████████████████████                                                                          | 26/78 [00:20<00:38,  1.37it/s, loss=0.8027]Trial 7 Ep1:  33%|█████████████████████████████████████                                                                          | 26/78 [00:21<00:38,  1.37it/s, loss=0.6961]Trial 7 Ep1:  35%|██████████████████████████████████████▍                                                                        | 27/78 [00:21<00:35,  1.42it/s, loss=0.6961]Trial 7 Ep1:  35%|██████████████████████████████████████▍                                                                        | 27/78 [00:21<00:35,  1.42it/s, loss=0.7071]Trial 7 Ep1:  36%|███████████████████████████████████████▊                                                                       | 28/78 [00:21<00:36,  1.35it/s, loss=0.7071]Trial 7 Ep1:  36%|███████████████████████████████████████▊                                                                       | 28/78 [00:22<00:36,  1.35it/s, loss=0.6527]Trial 7 Ep1:  37%|█████████████████████████████████████████▎                                                                     | 29/78 [00:22<00:36,  1.35it/s, loss=0.6527]Trial 7 Ep1:  37%|█████████████████████████████████████████▎                                                                     | 29/78 [00:23<00:36,  1.35it/s, loss=0.6834]Trial 7 Ep1:  38%|██████████████████████████████████████████▋                                                                    | 30/78 [00:23<00:34,  1.39it/s, loss=0.6834]Trial 7 Ep1:  38%|██████████████████████████████████████████▋                                                                    | 30/78 [00:23<00:34,  1.39it/s, loss=0.6867]Trial 7 Ep1:  40%|████████████████████████████████████████████                                                                   | 31/78 [00:23<00:33,  1.40it/s, loss=0.6867]Trial 7 Ep1:  40%|████████████████████████████████████████████                                                                   | 31/78 [00:24<00:33,  1.40it/s, loss=0.6061]Trial 7 Ep1:  41%|█████████████████████████████████████████████▌                                                                 | 32/78 [00:24<00:30,  1.49it/s, loss=0.6061]Trial 7 Ep1:  41%|█████████████████████████████████████████████▌                                                                 | 32/78 [00:25<00:30,  1.49it/s, loss=0.7878]Trial 7 Ep1:  42%|██████████████████████████████████████████████▉                                                                | 33/78 [00:25<00:30,  1.47it/s, loss=0.7878]Trial 7 Ep1:  42%|██████████████████████████████████████████████▉                                                                | 33/78 [00:25<00:30,  1.47it/s, loss=0.7192]Trial 7 Ep1:  44%|████████████████████████████████████████████████▍                                                              | 34/78 [00:25<00:30,  1.45it/s, loss=0.7192]Trial 7 Ep1:  44%|████████████████████████████████████████████████▍                                                              | 34/78 [00:26<00:30,  1.45it/s, loss=0.7319]Trial 7 Ep1:  45%|█████████████████████████████████████████████████▊                                                             | 35/78 [00:26<00:31,  1.34it/s, loss=0.7319]Trial 7 Ep1:  45%|█████████████████████████████████████████████████▊                                                             | 35/78 [00:27<00:31,  1.34it/s, loss=0.6981]Trial 7 Ep1:  46%|███████████████████████████████████████████████████▏                                                           | 36/78 [00:27<00:29,  1.41it/s, loss=0.6981]Trial 7 Ep1:  46%|███████████████████████████████████████████████████▏                                                           | 36/78 [00:28<00:29,  1.41it/s, loss=0.7764]Trial 7 Ep1:  47%|████████████████████████████████████████████████████▋                                                          | 37/78 [00:28<00:28,  1.45it/s, loss=0.7764]Trial 7 Ep1:  47%|████████████████████████████████████████████████████▋                                                          | 37/78 [00:28<00:28,  1.45it/s, loss=0.7109]Trial 7 Ep1:  49%|██████████████████████████████████████████████████████                                                         | 38/78 [00:28<00:27,  1.43it/s, loss=0.7109]Trial 7 Ep1:  49%|██████████████████████████████████████████████████████                                                         | 38/78 [00:29<00:27,  1.43it/s, loss=0.7522]Trial 7 Ep1:  50%|███████████████████████████████████████████████████████▌                                                       | 39/78 [00:29<00:26,  1.44it/s, loss=0.7522]Trial 7 Ep1:  50%|███████████████████████████████████████████████████████▌                                                       | 39/78 [00:30<00:26,  1.44it/s, loss=0.7047]Trial 7 Ep1:  51%|████████████████████████████████████████████████████████▉                                                      | 40/78 [00:30<00:27,  1.41it/s, loss=0.7047]Trial 7 Ep1:  51%|████████████████████████████████████████████████████████▉                                                      | 40/78 [00:30<00:27,  1.41it/s, loss=0.6857]Trial 7 Ep1:  53%|██████████████████████████████████████████████████████████▎                                                    | 41/78 [00:30<00:25,  1.46it/s, loss=0.6857]Trial 7 Ep1:  53%|██████████████████████████████████████████████████████████▎                                                    | 41/78 [00:31<00:25,  1.46it/s, loss=0.7210]Trial 7 Ep1:  54%|███████████████████████████████████████████████████████████▊                                                   | 42/78 [00:31<00:24,  1.44it/s, loss=0.7210]Trial 7 Ep1:  54%|███████████████████████████████████████████████████████████▊                                                   | 42/78 [00:32<00:24,  1.44it/s, loss=0.6983]Trial 7 Ep1:  55%|█████████████████████████████████████████████████████████████▏                                                 | 43/78 [00:32<00:23,  1.47it/s, loss=0.6983]Trial 7 Ep1:  55%|█████████████████████████████████████████████████████████████▏                                                 | 43/78 [00:32<00:23,  1.47it/s, loss=0.7239]Trial 7 Ep1:  56%|██████████████████████████████████████████████████████████████▌                                                | 44/78 [00:32<00:23,  1.45it/s, loss=0.7239]Trial 7 Ep1:  56%|██████████████████████████████████████████████████████████████▌                                                | 44/78 [00:33<00:23,  1.45it/s, loss=0.7017]Trial 7 Ep1:  58%|████████████████████████████████████████████████████████████████                                               | 45/78 [00:33<00:23,  1.42it/s, loss=0.7017]Trial 7 Ep1:  58%|████████████████████████████████████████████████████████████████                                               | 45/78 [00:34<00:23,  1.42it/s, loss=0.7268]Trial 7 Ep1:  59%|█████████████████████████████████████████████████████████████████▍                                             | 46/78 [00:34<00:22,  1.44it/s, loss=0.7268]Trial 7 Ep1:  59%|█████████████████████████████████████████████████████████████████▍                                             | 46/78 [00:35<00:22,  1.44it/s, loss=0.7208]Trial 7 Ep1:  60%|██████████████████████████████████████████████████████████████████▉                                            | 47/78 [00:35<00:21,  1.42it/s, loss=0.7208]Trial 7 Ep1:  60%|██████████████████████████████████████████████████████████████████▉                                            | 47/78 [00:35<00:21,  1.42it/s, loss=0.7276]Trial 7 Ep1:  62%|████████████████████████████████████████████████████████████████████▎                                          | 48/78 [00:35<00:20,  1.47it/s, loss=0.7276]Trial 7 Ep1:  62%|████████████████████████████████████████████████████████████████████▎                                          | 48/78 [00:36<00:20,  1.47it/s, loss=0.7245]Trial 7 Ep1:  63%|█████████████████████████████████████████████████████████████████████▋                                         | 49/78 [00:36<00:19,  1.48it/s, loss=0.7245]Trial 7 Ep1:  63%|█████████████████████████████████████████████████████████████████████▋                                         | 49/78 [00:37<00:19,  1.48it/s, loss=0.6715]Trial 7 Ep1:  64%|███████████████████████████████████████████████████████████████████████▏                                       | 50/78 [00:37<00:20,  1.38it/s, loss=0.6715]Trial 7 Ep1:  64%|███████████████████████████████████████████████████████████████████████▏                                       | 50/78 [00:37<00:20,  1.38it/s, loss=0.6985]Trial 7 Ep1:  65%|████████████████████████████████████████████████████████████████████████▌                                      | 51/78 [00:37<00:19,  1.41it/s, loss=0.6985]Trial 7 Ep1:  65%|████████████████████████████████████████████████████████████████████████▌                                      | 51/78 [00:38<00:19,  1.41it/s, loss=0.7383]Trial 7 Ep1:  67%|██████████████████████████████████████████████████████████████████████████                                     | 52/78 [00:38<00:19,  1.32it/s, loss=0.7383]Trial 7 Ep1:  67%|██████████████████████████████████████████████████████████████████████████                                     | 52/78 [00:39<00:19,  1.32it/s, loss=0.7113]Trial 7 Ep1:  68%|███████████████████████████████████████████████████████████████████████████▍                                   | 53/78 [00:39<00:18,  1.36it/s, loss=0.7113]Trial 7 Ep1:  68%|███████████████████████████████████████████████████████████████████████████▍                                   | 53/78 [00:40<00:18,  1.36it/s, loss=0.7322]Trial 7 Ep1:  69%|████████████████████████████████████████████████████████████████████████████▊                                  | 54/78 [00:40<00:17,  1.39it/s, loss=0.7322]Trial 7 Ep1:  69%|████████████████████████████████████████████████████████████████████████████▊                                  | 54/78 [00:40<00:17,  1.39it/s, loss=0.7449]Trial 7 Ep1:  71%|██████████████████████████████████████████████████████████████████████████████▎                                | 55/78 [00:40<00:16,  1.40it/s, loss=0.7449]Trial 7 Ep1:  71%|██████████████████████████████████████████████████████████████████████████████▎                                | 55/78 [00:41<00:16,  1.40it/s, loss=0.6360]Trial 7 Ep1:  72%|███████████████████████████████████████████████████████████████████████████████▋                               | 56/78 [00:41<00:15,  1.41it/s, loss=0.6360]Trial 7 Ep1:  72%|███████████████████████████████████████████████████████████████████████████████▋                               | 56/78 [00:42<00:15,  1.41it/s, loss=0.6936]Trial 7 Ep1:  73%|█████████████████████████████████████████████████████████████████████████████████                              | 57/78 [00:42<00:14,  1.41it/s, loss=0.6936]Trial 7 Ep1:  73%|█████████████████████████████████████████████████████████████████████████████████                              | 57/78 [00:42<00:14,  1.41it/s, loss=0.7097]Trial 7 Ep1:  74%|██████████████████████████████████████████████████████████████████████████████████▌                            | 58/78 [00:42<00:14,  1.39it/s, loss=0.7097]Trial 7 Ep1:  74%|██████████████████████████████████████████████████████████████████████████████████▌                            | 58/78 [00:43<00:14,  1.39it/s, loss=0.7019]Trial 7 Ep1:  76%|███████████████████████████████████████████████████████████████████████████████████▉                           | 59/78 [00:43<00:13,  1.41it/s, loss=0.7019]Trial 7 Ep1:  76%|███████████████████████████████████████████████████████████████████████████████████▉                           | 59/78 [00:44<00:13,  1.41it/s, loss=0.7399]Trial 7 Ep1:  77%|█████████████████████████████████████████████████████████████████████████████████████▍                         | 60/78 [00:44<00:12,  1.41it/s, loss=0.7399]Trial 7 Ep1:  77%|█████████████████████████████████████████████████████████████████████████████████████▍                         | 60/78 [00:44<00:12,  1.41it/s, loss=0.7015]Trial 7 Ep1:  78%|██████████████████████████████████████████████████████████████████████████████████████▊                        | 61/78 [00:44<00:11,  1.49it/s, loss=0.7015]Trial 7 Ep1:  78%|██████████████████████████████████████████████████████████████████████████████████████▊                        | 61/78 [00:45<00:11,  1.49it/s, loss=0.6953]Trial 7 Ep1:  79%|████████████████████████████████████████████████████████████████████████████████████████▏                      | 62/78 [00:45<00:11,  1.44it/s, loss=0.6953]Trial 7 Ep1:  79%|████████████████████████████████████████████████████████████████████████████████████████▏                 