Trial 8 Ep4:   0%|                                                                                                        | 0/78 [00:00<?, ?it/s]Trial 8 Ep4:   0%|                                                                                           | 0/78 [00:00<?, ?it/s, loss=0.6435]Trial 8 Ep4:   1%|█                                                                                  | 1/78 [00:00<00:26,  2.91it/s, loss=0.6435]Trial 8 Ep4:   1%|█                                                                                  | 1/78 [00:00<00:26,  2.91it/s, loss=0.6688]Trial 8 Ep4:   3%|██▏                                                                                | 2/78 [00:00<00:24,  3.07it/s, loss=0.6688]Trial 8 Ep4:   3%|██▏                                                                                | 2/78 [00:00<00:24,  3.07it/s, loss=0.6588]Trial 8 Ep4:   4%|███▏                                                                               | 3/78 [00:00<00:24,  3.10it/s, loss=0.6588]Trial 8 Ep4:   4%|███▏                                                                               | 3/78 [00:01<00:24,  3.10it/s, loss=0.6630]Trial 8 Ep4:   5%|████▎                                                                              | 4/78 [00:01<00:23,  3.09it/s, loss=0.6630]Trial 8 Ep4:   5%|████▎                                                                              | 4/78 [00:01<00:23,  3.09it/s, loss=0.7426]Trial 8 Ep4:   6%|█████▎                                                                             | 5/78 [00:01<00:22,  3.21it/s, loss=0.7426]Trial 8 Ep4:   6%|█████▎                                                                             | 5/78 [00:01<00:22,  3.21it/s, loss=0.6807]Trial 8 Ep4:   8%|██████▍                                                                            | 6/78 [00:01<00:22,  3.25it/s, loss=0.6807]Trial 8 Ep4:   8%|██████▍                                                                            | 6/78 [00:02<00:22,  3.25it/s, loss=0.6844]Trial 8 Ep4:   9%|███████▍                                                                           | 7/78 [00:02<00:21,  3.35it/s, loss=0.6844]Trial 8 Ep4:   9%|███████▍                                                                           | 7/78 [00:02<00:21,  3.35it/s, loss=0.6668]Trial 8 Ep4:  10%|████████▌                                                                          | 8/78 [00:02<00:22,  3.17it/s, loss=0.6668]Trial 8 Ep4:  10%|████████▌                                                                          | 8/78 [00:02<00:22,  3.17it/s, loss=0.6828]Trial 8 Ep4:  12%|█████████▌                                                                         | 9/78 [00:02<00:21,  3.14it/s, loss=0.6828]Trial 8 Ep4:  12%|█████████▌                                                                         | 9/78 [00:03<00:21,  3.14it/s, loss=0.6043]Trial 8 Ep4:  13%|██████████▌                                                                       | 10/78 [00:03<00:21,  3.22it/s, loss=0.6043]Trial 8 Ep4:  13%|██████████▌                                                                       | 10/78 [00:03<00:21,  3.22it/s, loss=0.7023]Trial 8 Ep4:  14%|███████████▌                                                                      | 11/78 [00:03<00:20,  3.20it/s, loss=0.7023]Trial 8 Ep4:  14%|███████████▌                                                                      | 11/78 [00:03<00:20,  3.20it/s, loss=0.6216]Trial 8 Ep4:  15%|████████████▌                                                                     | 12/78 [00:03<00:20,  3.26it/s, loss=0.6216]Trial 8 Ep4:  15%|████████████▌                                                                     | 12/78 [00:04<00:20,  3.26it/s, loss=0.7239]Trial 8 Ep4:  17%|█████████████▋                                                                    | 13/78 [00:04<00:21,  3.09it/s, loss=0.7239]Trial 8 Ep4:  17%|█████████████▋                                                                    | 13/78 [00:04<00:21,  3.09it/s, loss=0.7051]Trial 8 Ep4:  18%|██████████████▋                                                                   | 14/78 [00:04<00:20,  3.10it/s, loss=0.7051]Trial 8 Ep4:  18%|██████████████▋                                                                   | 14/78 [00:04<00:20,  3.10it/s, loss=0.6031]Trial 8 Ep4:  19%|███████████████▊                                                                  | 15/78 [00:04<00:19,  3.18it/s, loss=0.6031]Trial 8 Ep4:  19%|███████████████▊                                                                  | 15/78 [00:05<00:19,  3.18it/s, loss=0.6538]Trial 8 Ep4:  21%|████████████████▊                                                                 | 16/78 [00:05<00:19,  3.25it/s, loss=0.6538]Trial 8 Ep4:  21%|████████████████▊                                                                 | 16/78 [00:05<00:19,  3.25it/s, loss=0.6548]Trial 8 Ep4:  22%|█████████████████▊                                                                | 17/78 [00:05<00:18,  3.36it/s, loss=0.6548]Trial 8 Ep4:  22%|█████████████████▊                                                                | 17/78 [00:05<00:18,  3.36it/s, loss=0.6701]Trial 8 Ep4:  23%|██████████████████▉                                                               | 18/78 [00:05<00:19,  3.09it/s, loss=0.6701]Trial 8 Ep4:  23%|██████████████████▉                                                               | 18/78 [00:06<00:19,  3.09it/s, loss=0.6754]Trial 8 Ep4:  24%|███████████████████▉                                                              | 19/78 [00:06<00:19,  3.06it/s, loss=0.6754]Trial 8 Ep4:  24%|███████████████████▉                                                              | 19/78 [00:06<00:19,  3.06it/s, loss=0.6293]Trial 8 Ep4:  26%|█████████████████████                                                             | 20/78 [00:06<00:18,  3.14it/s, loss=0.6293]Trial 8 Ep4:  26%|█████████████████████                                                             | 20/78 [00:06<00:18,  3.14it/s, loss=0.7631]Trial 8 Ep4:  27%|██████████████████████                                                            | 21/78 [00:06<00:17,  3.19it/s, loss=0.7631]Trial 8 Ep4:  27%|██████████████████████                                                            | 21/78 [00:06<00:17,  3.19it/s, loss=0.6502]Trial 8 Ep4:  28%|███████████████████████▏                                                          | 22/78 [00:06<00:18,  3.10it/s, loss=0.6502]Trial 8 Ep4:  28%|███████████████████████▏                                                          | 22/78 [00:07<00:18,  3.10it/s, loss=0.7002]Trial 8 Ep4:  29%|████████████████████████▏                                                         | 23/78 [00:07<00:17,  3.11it/s, loss=0.7002]Trial 8 Ep4:  29%|████████████████████████▏                                                         | 23/78 [00:07<00:17,  3.11it/s, loss=0.6733]Trial 8 Ep4:  31%|█████████████████████████▏                                                        | 24/78 [00:07<00:16,  3.18it/s, loss=0.6733]Trial 8 Ep4:  31%|█████████████████████████▏                                                        | 24/78 [00:07<00:16,  3.18it/s, loss=0.7249]Trial 8 Ep4:  32%|██████████████████████████▎                                                       | 25/78 [00:07<00:16,  3.28it/s, loss=0.7249]Trial 8 Ep4:  32%|██████████████████████████▎                                                       | 25/78 [00:08<00:16,  3.28it/s, loss=0.7692]Trial 8 Ep4:  33%|███████████████████████████▎                                                      | 26/78 [00:08<00:16,  3.18it/s, loss=0.7692]Trial 8 Ep4:  33%|███████████████████████████▎                                                      | 26/78 [00:08<00:16,  3.18it/s, loss=0.7262]Trial 8 Ep4:  35%|████████████████████████████▍                                                     | 27/78 [00:08<00:16,  3.11it/s, loss=0.7262]Trial 8 Ep4:  35%|████████████████████████████▍                                                     | 27/78 [00:08<00:16,  3.11it/s, loss=0.6980]Trial 8 Ep4:  36%|█████████████████████████████▍                                                    | 28/78 [00:08<00:16,  3.06it/s, loss=0.6980]Trial 8 Ep4:  36%|█████████████████████████████▍                                                    | 28/78 [00:09<00:16,  3.06it/s, loss=0.7464]Trial 8 Ep4:  37%|██████████████████████████████▍                                                   | 29/78 [00:09<00:16,  3.00it/s, loss=0.7464]Trial 8 Ep4:  37%|██████████████████████████████▍                                                   | 29/78 [00:09<00:16,  3.00it/s, loss=0.6912]Trial 8 Ep4:  38%|███████████████████████████████▌                                                  | 30/78 [00:09<00:15,  3.12it/s, loss=0.6912]Trial 8 Ep4:  38%|███████████████████████████████▌                                                  | 30/78 [00:09<00:15,  3.12it/s, loss=0.6611]Trial 8 Ep4:  40%|████████████████████████████████▌                                                 | 31/78 [00:09<00:14,  3.19it/s, loss=0.6611]Trial 8 Ep4:  40%|████████████████████████████████▌                                                 | 31/78 [00:10<00:14,  3.19it/s, loss=0.7269]Trial 8 Ep4:  41%|█████████████████████████████████▋                                                | 32/78 [00:10<00:15,  2.98it/s, loss=0.7269]Trial 8 Ep4:  41%|█████████████████████████████████▋                                                | 32/78 [00:10<00:15,  2.98it/s, loss=0.8142]Trial 8 Ep4:  42%|██████████████████████████████████▋                                               | 33/78 [00:10<00:14,  3.01it/s, loss=0.8142]Trial 8 Ep4:  42%|██████████████████████████████████▋                                               | 33/78 [00:10<00:14,  3.01it/s, loss=0.7245]Trial 8 Ep4:  44%|███████████████████████████████████▋                                              | 34/78 [00:10<00:14,  3.12it/s, loss=0.7245]Trial 8 Ep4:  44%|███████████████████████████████████▋                                              | 34/78 [00:11<00:14,  3.12it/s, loss=0.7128]Trial 8 Ep4:  45%|████████████████████████████████████▊                                             | 35/78 [00:11<00:13,  3.11it/s, loss=0.7128]Trial 8 Ep4:  45%|████████████████████████████████████▊                                             | 35/78 [00:11<00:13,  3.11it/s, loss=0.6772]Trial 8 Ep4:  46%|█████████████████████████████████████▊                                            | 36/78 [00:11<00:13,  3.07it/s, loss=0.6772]Trial 8 Ep4:  46%|█████████████████████████████████████▊                                            | 36/78 [00:11<00:13,  3.07it/s, loss=0.6828]Trial 8 Ep4:  47%|██████████████████████████████████████▉                                           | 37/78 [00:11<00:13,  3.13it/s, loss=0.6828]Trial 8 Ep4:  47%|██████████████████████████████████████▉                                           | 37/78 [00:12<00:13,  3.13it/s, loss=0.6600]Trial 8 Ep4:  49%|███████████████████████████████████████▉                                          | 38/78 [00:12<00:12,  3.11it/s, loss=0.6600]Trial 8 Ep4:  49%|███████████████████████████████████████▉                                          | 38/78 [00:12<00:12,  3.11it/s, loss=0.6504]Trial 8 Ep4:  50%|█████████████████████████████████████████                                         | 39/78 [00:12<00:12,  3.17it/s, loss=0.6504]Trial 8 Ep4:  50%|█████████████████████████████████████████                                         | 39/78 [00:12<00:12,  3.17it/s, loss=0.7691]Trial 8 Ep4:  51%|██████████████████████████████████████████                                        | 40/78 [00:12<00:12,  3.10it/s, loss=0.7691]Trial 8 Ep4:  51%|██████████████████████████████████████████                                        | 40/78 [00:13<00:12,  3.10it/s, loss=0.6436]Trial 8 Ep4:  53%|███████████████████████████████████████████                                       | 41/78 [00:13<00:11,  3.17it/s, loss=0.6436]Trial 8 Ep4:  53%|███████████████████████████████████████████                                       | 41/78 [00:13<00:11,  3.17it/s, loss=0.7034]Trial 8 Ep4:  54%|████████████████████████████████████████████▏                                     | 42/78 [00:13<00:11,  3.02it/s, loss=0.7034]Trial 8 Ep4:  54%|████████████████████████████████████████████▏                                     | 42/78 [00:13<00:11,  3.02it/s, loss=0.6377]Trial 8 Ep4:  55%|█████████████████████████████████████████████▏                                    | 43/78 [00:13<00:11,  3.12it/s, loss=0.6377]Trial 8 Ep4:  55%|█████████████████████████████████████████████▏                                    | 43/78 [00:14<00:11,  3.12it/s, loss=0.6386]Trial 8 Ep4:  56%|██████████████████████████████████████████████▎                                   | 44/78 [00:14<00:11,  3.03it/s, loss=0.6386]Trial 8 Ep4:  56%|██████████████████████████████████████████████▎                                   | 44/78 [00:14<00:11,  3.03it/s, loss=0.6481]Trial 8 Ep4:  58%|███████████████████████████████████████████████▎                                  | 45/78 [00:14<00:10,  3.07it/s, loss=0.6481]Trial 8 Ep4:  58%|███████████████████████████████████████████████▎                                  | 45/78 [00:14<00:10,  3.07it/s, loss=0.6870]Trial 8 Ep4:  59%|████████████████████████████████████████████████▎                                 | 46/78 [00:14<00:10,  2.92it/s, loss=0.6870]Trial 8 Ep4:  59%|████████████████████████████████████████████████▎                                 | 46/78 [00:15<00:10,  2.92it/s, loss=0.7016]Trial 8 Ep4:  60%|█████████████████████████████████████████████████▍                                | 47/78 [00:15<00:10,  3.01it/s, loss=0.7016]Trial 8 Ep4:  60%|█████████████████████████████████████████████████▍                                | 47/78 [00:15<00:10,  3.01it/s, loss=0.7121]Trial 8 Ep4:  62%|██████████████████████████████████████████████████▍                               | 48/78 [00:15<00:10,  2.98it/s, loss=0.7121]Trial 8 Ep4:  62%|██████████████████████████████████████████████████▍                               | 48/78 [00:15<00:10,  2.98it/s, loss=0.7349]Trial 8 Ep4:  63%|███████████████████████████████████████████████████▌                              | 49/78 [00:15<00:09,  3.21it/s, loss=0.7349]Trial 8 Ep4:  63%|███████████████████████████████████████████████████▌                              | 49/78 [00:15<00:09,  3.21it/s, loss=0.6364]Trial 8 Ep4:  64%|████████████████████████████████████████████████████▌                             | 50/78 [00:15<00:08,  3.22it/s, loss=0.6364]Trial 8 Ep4:  64%|████████████████████████████████████████████████████▌                             | 50/78 [00:16<00:08,  3.22it/s, loss=0.6430]Trial 8 Ep4:  65%|█████████████████████████████████████████████████████▌                            | 51/78 [00:16<00:08,  3.21it/s, loss=0.6430]Trial 8 Ep4:  65%|█████████████████████████████████████████████████████▌                            | 51/78 [00:16<00:08,  3.21it/s, loss=0.6671]Trial 8 Ep4:  67%|██████████████████████████████████████████████████████▋                           | 52/78 [00:16<00:08,  3.16it/s, loss=0.6671]Trial 8 Ep4:  67%|██████████████████████████████████████████████████████▋                           | 52/78 [00:16<00:08,  3.16it/s, loss=0.7330]Trial 8 Ep4:  68%|███████████████████████████████████████████████████████▋                          | 53/78 [00:16<00:08,  3.05it/s, loss=0.7330]Trial 8 Ep4:  68%|███████████████████████████████████████████████████████▋                          | 53/78 [00:17<00:08,  3.05it/s, loss=0.6906]Trial 8 Ep4:  69%|████████████████████████████████████████████████████████▊                         | 54/78 [00:17<00:07,  3.19it/s, loss=0.6906]Trial 8 Ep4:  69%|████████████████████████████████████████████████████████▊                         | 54/78 [00:17<00:07,  3.19it/s, loss=0.6722]Trial 8 Ep4:  71%|█████████████████████████████████████████████████████████▊                        | 55/78 [00:17<00:07,  3.25it/s, loss=0.6722]Trial 8 Ep4:  71%|█████████████████████████████████████████████████████████▊                        | 55/78 [00:17<00:07,  3.25it/s, loss=0.7035]Trial 8 Ep4:  72%|██████████████████████████████████████████████████████████▊                       | 56/78 [00:17<00:07,  3.03it/s, loss=0.7035]Trial 8 Ep4:  72%|██████████████████████████████████████████████████████████▊                       | 56/78 [00:18<00:07,  3.03it/s, loss=0.6763]Trial 8 Ep4:  73%|███████████████████████████████████████████████████████████▉                      | 57/78 [00:18<00:06,  3.04it/s, loss=0.6763]Trial 8 Ep4:  73%|███████████████████████████████████████████████████████████▉                      | 57/78 [00:18<00:06,  3.04it/s, loss=0.6770]Trial 8 Ep4:  74%|████████████████████████████████████████████████████████████▉                     | 58/78 [00:18<00:06,  3.16it/s, loss=0.6770]Trial 8 Ep4:  74%|████████████████████████████████████████████████████████████▉                     | 58/78 [00:18<00:06,  3.16it/s, loss=0.6966]Trial 8 Ep4:  76%|██████████████████████████████████████████████████████████████                    | 59/78 [00:18<00:06,  3.07it/s, loss=0.6966]Trial 8 Ep4:  76%|██████████████████████████████████████████████████████████████                    | 59/78 [00:19<00:06,  3.07it/s, loss=0.7042]Trial 8 Ep4:  77%|███████████████████████████████████████████████████████████████                   | 60/78 [00:19<00:05,  3.05it/s, loss=0.7042]Trial 8 Ep4:  77%|███████████████████████████████████████████████████████████████                   | 60/78 [00:19<00:05,  3.05it/s, loss=0.7244]Trial 8 Ep4:  78%|████████████████████████████████████████████████████████████████▏                 | 61/78 [00:19<00:05,  3.04it/s, loss=0.7244]Trial 8 Ep4:  78%|████████████████████████████████████████████████████████████████▏                 | 61/78 [00:19<00:05,  3.04it/s, loss=0.6472]Trial 8 Ep4:  79%|█████████████████████████████████████████████████████████████████▏                | 62/78 [00:19<00:05,  3.08it/s, loss=0.6472]Trial 8 Ep4:  79%|█████████████████████████████████████████████████████████████████▏                | 62/78 [00:20<00:05,  3.08it/s, loss=0.6704]Trial 8 Ep4:  81%|██████████████████████████████████████████████████████████████████▏               | 63/78 [00:20<00:04,  3.05it/s, loss=0.6704]Trial 8 Ep4:  81%|██████████████████████████████████████████████████████████████████▏               | 63/78 [00:20<00:04,  3.05it/s, loss=0.6939]Trial 8 Ep4:  82%|███████████████████████████████████████████████████████████████████▎              | 64/78 [00:20<00:04,  3.07it/s, loss=0.6939]Trial 8 Ep4:  82%|███████████████████████████████████████████████████████████████████▎              | 64/78 [00:20<00:04,  3.07it/s, loss=0.7070]Trial 8 Ep4:  83%|████████████████████████████████████████████████████████████████████▎             | 65/78 [00:20<00:04,  3.18it/s, loss=0.7070]Trial 8 Ep4:  83%|████████████████████████████████████████████████████████████████████▎             | 65/78 [00:21<00:04,  3.18it/s, loss=0.6613]Trial 8 Ep4:  85%|█████████████████████████████████████████████████████████████████████▍            | 66/78 [00:21<00:03,  3.08it/s, loss=0.6613]Trial 8 Ep4:  85%|█████████████████████████████████████████████████████████████████████▍            | 66/78 [00:21<00:03,  3.08it/s, loss=0.6850]Trial 8 Ep4:  86%|██████████████████████████████████████████████████████████████████████▍           | 67/78 [00:21<00:03,  3.05it/s, loss=0.6850]Trial 8 Ep4:  86%|██████████████████████████████████████████████████████████████████████▍           | 67/78 [00:21<00:03,  3.05it/s, loss=0.6469]Trial 8 Ep4:  87%|███████████████████████████████████████████████████████████████████████▍          | 68/78 [00:21<00:03,  3.13it/s, loss=0.6469]Trial 8 Ep4:  87%|███████████████████████████████████████████████████████████████████████▍          | 68/78 [00:22<00:03,  3.13it/s, loss=0.6492]Trial 8 Ep4:  88%|████████████████████████████████████████████████████████████████████████▌         | 69/78 [00:22<00:03,  2.94it/s, loss=0.6492]Trial 8 Ep4:  88%|████████████████████████████████████████████████████████████████████████▌         | 69/78 [00:22<00:03,  2.94it/s, loss=0.6372]Trial 8 Ep4:  90%|█████████████████████████████████████████████████████████████████████████▌        | 70/78 [00:22<00:03,  2.51it/s, loss=0.6372]Trial 8 Ep4:  90%|█████████████████████████████████████████████████████████████████████████▌        | 70/78 [00:23<00:03,  2.51it/s, loss=0.6667]Trial 8 Ep4:  91%|██████████████████████████████████████████████████████████████████████████▋       | 71/78 [00:23<00:02,  2.73it/s, loss=0.6667]Trial 8 Ep4:  91%|██████████████████████████████████████████████████████████████████████████▋       | 71/78 [00:23<00:02,  2.73it/s, loss=0.7025]Trial 8 Ep4:  92%|███████████████████████████████████████████████████████████████████████████▋      | 72/78 [00:23<00:02,  2.90it/s, loss=0.7025]Trial 8 Ep4:  92%|███████████████████████████████████████████████████████████████████████████▋      | 72/78 [00:23<00:02,  2.90it/s, loss=0.7293]Trial 8 Ep4:  94%|████████████████████████████████████████████████████████████████████████████▋     | 73/78 [00:23<00:01,  2.89it/s, loss=0.7293]Trial 8 Ep4:  94%|████████████████████████████████████████████████████████████████████████████▋     | 73/78 [00:23<00:01,  2.89it/s, loss=0.6813]Trial 8 Ep4:  95%|█████████████████████████████████████████████████████████████████████████████▊    | 74/78 [00:23<00:01,  3.05it/s, loss=0.6813]Trial 8 Ep4:  95%|█████████████████████████████████████████████████████████████████████████████▊    | 74/78 [00:24<00:01,  3.05it/s, loss=0.6517]Trial 8 Ep4:  96%|██████████████████████████████████████████████████████████████████████████████▊  