Trial 15 Ep2:   0%|                                                                                                                                    | 0/78 [00:00<?, ?it/s]Trial 15 Ep2:   0%|                                                                                                                       | 0/78 [00:00<?, ?it/s, loss=0.7219]Trial 15 Ep2:   1%|█▍                                                                                                             | 1/78 [00:00<00:46,  1.66it/s, loss=0.7219]Trial 15 Ep2:   1%|█▍                                                                                                             | 1/78 [00:01<00:46,  1.66it/s, loss=0.7002]Trial 15 Ep2:   3%|██▊                                                                                                            | 2/78 [00:01<00:55,  1.36it/s, loss=0.7002]Trial 15 Ep2:   3%|██▊                                                                                                            | 2/78 [00:02<00:55,  1.36it/s, loss=0.7385]Trial 15 Ep2:   4%|████▎                                                                                                          | 3/78 [00:02<00:51,  1.45it/s, loss=0.7385]Trial 15 Ep2:   4%|████▎                                                                                                          | 3/78 [00:02<00:51,  1.45it/s, loss=0.7041]Trial 15 Ep2:   5%|█████▋                                                                                                         | 4/78 [00:02<00:50,  1.46it/s, loss=0.7041]Trial 15 Ep2:   5%|█████▋                                                                                                         | 4/78 [00:03<00:50,  1.46it/s, loss=0.7484]Trial 15 Ep2:   6%|███████                                                                                                        | 5/78 [00:03<00:50,  1.44it/s, loss=0.7484]Trial 15 Ep2:   6%|███████                                                                                                        | 5/78 [00:04<00:50,  1.44it/s, loss=0.6652]Trial 15 Ep2:   8%|████████▌                                                                                                      | 6/78 [00:04<00:51,  1.39it/s, loss=0.6652]Trial 15 Ep2:   8%|████████▌                                                                                                      | 6/78 [00:04<00:51,  1.39it/s, loss=0.6589]Trial 15 Ep2:   9%|█████████▉                                                                                                     | 7/78 [00:04<00:49,  1.42it/s, loss=0.6589]Trial 15 Ep2:   9%|█████████▉                                                                                                     | 7/78 [00:05<00:49,  1.42it/s, loss=0.7051]Trial 15 Ep2:  10%|███████████▍                                                                                                   | 8/78 [00:05<00:47,  1.49it/s, loss=0.7051]Trial 15 Ep2:  10%|███████████▍                                                                                                   | 8/78 [00:06<00:47,  1.49it/s, loss=0.7444]Trial 15 Ep2:  12%|████████████▊                                                                                                  | 9/78 [00:06<00:47,  1.46it/s, loss=0.7444]Trial 15 Ep2:  12%|████████████▊                                                                                                  | 9/78 [00:07<00:47,  1.46it/s, loss=0.6444]Trial 15 Ep2:  13%|██████████████                                                                                                | 10/78 [00:07<00:49,  1.37it/s, loss=0.6444]Trial 15 Ep2:  13%|██████████████                                                                                                | 10/78 [00:07<00:49,  1.37it/s, loss=0.6078]Trial 15 Ep2:  14%|███████████████▌                                                                                              | 11/78 [00:07<00:50,  1.33it/s, loss=0.6078]Trial 15 Ep2:  14%|███████████████▌                                                                                              | 11/78 [00:08<00:50,  1.33it/s, loss=0.7614]Trial 15 Ep2:  15%|████████████████▉                                                                                             | 12/78 [00:08<00:48,  1.35it/s, loss=0.7614]Trial 15 Ep2:  15%|████████████████▉                                                                                             | 12/78 [00:09<00:48,  1.35it/s, loss=0.7187]Trial 15 Ep2:  17%|██████████████████▎                                                                                           | 13/78 [00:09<00:46,  1.39it/s, loss=0.7187]Trial 15 Ep2:  17%|██████████████████▎                                                                                           | 13/78 [00:09<00:46,  1.39it/s, loss=0.7237]Trial 15 Ep2:  18%|███████████████████▋                                                                                          | 14/78 [00:09<00:44,  1.44it/s, loss=0.7237]Trial 15 Ep2:  18%|███████████████████▋                                                                                          | 14/78 [00:10<00:44,  1.44it/s, loss=0.7612]Trial 15 Ep2:  19%|█████████████████████▏                                                                                        | 15/78 [00:10<00:44,  1.42it/s, loss=0.7612]Trial 15 Ep2:  19%|█████████████████████▏                                                                                        | 15/78 [00:11<00:44,  1.42it/s, loss=0.6251]Trial 15 Ep2:  21%|██████████████████████▌                                                                                       | 16/78 [00:11<00:43,  1.41it/s, loss=0.6251]Trial 15 Ep2:  21%|██████████████████████▌                                                                                       | 16/78 [00:11<00:43,  1.41it/s, loss=0.7485]Trial 15 Ep2:  22%|███████████████████████▉                                                                                      | 17/78 [00:11<00:42,  1.44it/s, loss=0.7485]Trial 15 Ep2:  22%|███████████████████████▉                                                                                      | 17/78 [00:12<00:42,  1.44it/s, loss=0.6941]Trial 15 Ep2:  23%|█████████████████████████▍                                                                                    | 18/78 [00:12<00:41,  1.45it/s, loss=0.6941]Trial 15 Ep2:  23%|█████████████████████████▍                                                                                    | 18/78 [00:13<00:41,  1.45it/s, loss=0.8247]Trial 15 Ep2:  24%|██████████████████████████▊                                                                                   | 19/78 [00:13<00:40,  1.45it/s, loss=0.8247]Trial 15 Ep2:  24%|██████████████████████████▊                                                                                   | 19/78 [00:13<00:40,  1.45it/s, loss=0.7390]Trial 15 Ep2:  26%|████████████████████████████▏                                                                                 | 20/78 [00:13<00:38,  1.49it/s, loss=0.7390]Trial 15 Ep2:  26%|████████████████████████████▏                                                                                 | 20/78 [00:14<00:38,  1.49it/s, loss=0.7135]Trial 15 Ep2:  27%|█████████████████████████████▌                                                                                | 21/78 [00:14<00:41,  1.36it/s, loss=0.7135]Trial 15 Ep2:  27%|█████████████████████████████▌                                                                                | 21/78 [00:15<00:41,  1.36it/s, loss=0.6798]Trial 15 Ep2:  28%|███████████████████████████████                                                                               | 22/78 [00:15<00:42,  1.31it/s, loss=0.6798]Trial 15 Ep2:  28%|███████████████████████████████                                                                               | 22/78 [00:16<00:42,  1.31it/s, loss=0.7282]Trial 15 Ep2:  29%|████████████████████████████████▍                                                                             | 23/78 [00:16<00:41,  1.32it/s, loss=0.7282]Trial 15 Ep2:  29%|████████████████████████████████▍                                                                             | 23/78 [00:17<00:41,  1.32it/s, loss=0.6623]Trial 15 Ep2:  31%|█████████████████████████████████▊                                                                            | 24/78 [00:17<00:39,  1.35it/s, loss=0.6623]Trial 15 Ep2:  31%|█████████████████████████████████▊                                                                            | 24/78 [00:17<00:39,  1.35it/s, loss=0.6205]Trial 15 Ep2:  32%|███████████████████████████████████▎                                                                          | 25/78 [00:17<00:37,  1.42it/s, loss=0.6205]Trial 15 Ep2:  32%|███████████████████████████████████▎                                                                          | 25/78 [00:18<00:37,  1.42it/s, loss=0.7579]Trial 15 Ep2:  33%|████████████████████████████████████▋                                                                         | 26/78 [00:18<00:36,  1.44it/s, loss=0.7579]Trial 15 Ep2:  33%|████████████████████████████████████▋                                                                         | 26/78 [00:19<00:36,  1.44it/s, loss=0.6336]Trial 15 Ep2:  35%|██████████████████████████████████████                                                                        | 27/78 [00:19<00:34,  1.48it/s, loss=0.6336]Trial 15 Ep2:  35%|██████████████████████████████████████                                                                        | 27/78 [00:19<00:34,  1.48it/s, loss=0.8025]Trial 15 Ep2:  36%|███████████████████████████████████████▍                                                                      | 28/78 [00:19<00:34,  1.44it/s, loss=0.8025]Trial 15 Ep2:  36%|███████████████████████████████████████▍                                                                      | 28/78 [00:20<00:34,  1.44it/s, loss=0.7184]Trial 15 Ep2:  37%|████████████████████████████████████████▉                                                                     | 29/78 [00:20<00:33,  1.47it/s, loss=0.7184]Trial 15 Ep2:  37%|████████████████████████████████████████▉                                                                     | 29/78 [00:21<00:33,  1.47it/s, loss=0.7117]Trial 15 Ep2:  38%|██████████████████████████████████████████▎                                                                   | 30/78 [00:21<00:32,  1.50it/s, loss=0.7117]Trial 15 Ep2:  38%|██████████████████████████████████████████▎                                                                   | 30/78 [00:21<00:32,  1.50it/s, loss=0.6247]Trial 15 Ep2:  40%|███████████████████████████████████████████▋                                                                  | 31/78 [00:21<00:31,  1.49it/s, loss=0.6247]Trial 15 Ep2:  40%|███████████████████████████████████████████▋                                                                  | 31/78 [00:22<00:31,  1.49it/s, loss=0.6705]Trial 15 Ep2:  41%|█████████████████████████████████████████████▏                                                                | 32/78 [00:22<00:31,  1.47it/s, loss=0.6705]Trial 15 Ep2:  41%|█████████████████████████████████████████████▏                                                                | 32/78 [00:23<00:31,  1.47it/s, loss=0.6854]Trial 15 Ep2:  42%|██████████████████████████████████████████████▌                                                               | 33/78 [00:23<00:31,  1.42it/s, loss=0.6854]Trial 15 Ep2:  42%|██████████████████████████████████████████████▌                                                               | 33/78 [00:23<00:31,  1.42it/s, loss=0.7026]Trial 15 Ep2:  44%|███████████████████████████████████████████████▉                                                              | 34/78 [00:23<00:31,  1.39it/s, loss=0.7026]Trial 15 Ep2:  44%|███████████████████████████████████████████████▉                                                              | 34/78 [00:24<00:31,  1.39it/s, loss=0.6666]Trial 15 Ep2:  45%|█████████████████████████████████████████████████▎                                                            | 35/78 [00:24<00:31,  1.38it/s, loss=0.6666]Trial 15 Ep2:  45%|█████████████████████████████████████████████████▎                                                            | 35/78 [00:25<00:31,  1.38it/s, loss=0.7579]Trial 15 Ep2:  46%|██████████████████████████████████████████████████▊                                                           | 36/78 [00:25<00:31,  1.35it/s, loss=0.7579]Trial 15 Ep2:  46%|██████████████████████████████████████████████████▊                                                           | 36/78 [00:26<00:31,  1.35it/s, loss=0.6981]Trial 15 Ep2:  47%|████████████████████████████████████████████████████▏                                                         | 37/78 [00:26<00:30,  1.33it/s, loss=0.6981]Trial 15 Ep2:  47%|████████████████████████████████████████████████████▏                                                         | 37/78 [00:26<00:30,  1.33it/s, loss=0.6002]Trial 15 Ep2:  49%|█████████████████████████████████████████████████████▌                                                        | 38/78 [00:26<00:28,  1.39it/s, loss=0.6002]Trial 15 Ep2:  49%|█████████████████████████████████████████████████████▌                                                        | 38/78 [00:27<00:28,  1.39it/s, loss=0.5993]Trial 15 Ep2:  50%|███████████████████████████████████████████████████████                                                       | 39/78 [00:27<00:29,  1.33it/s, loss=0.5993]Trial 15 Ep2:  50%|███████████████████████████████████████████████████████                                                       | 39/78 [00:28<00:29,  1.33it/s, loss=0.7070]Trial 15 Ep2:  51%|████████████████████████████████████████████████████████▍                                                     | 40/78 [00:28<00:28,  1.35it/s, loss=0.7070]Trial 15 Ep2:  51%|████████████████████████████████████████████████████████▍                                                     | 40/78 [00:29<00:28,  1.35it/s, loss=0.7091]Trial 15 Ep2:  53%|█████████████████████████████████████████████████████████▊                                                    | 41/78 [00:29<00:26,  1.38it/s, loss=0.7091]Trial 15 Ep2:  53%|█████████████████████████████████████████████████████████▊                                                    | 41/78 [00:29<00:26,  1.38it/s, loss=0.7365]Trial 15 Ep2:  54%|███████████████████████████████████████████████████████████▏                                                  | 42/78 [00:29<00:25,  1.44it/s, loss=0.7365]Trial 15 Ep2:  54%|███████████████████████████████████████████████████████████▏                                                  | 42/78 [00:30<00:25,  1.44it/s, loss=0.7445]Trial 15 Ep2:  55%|████████████████████████████████████████████████████████████▋                                                 | 43/78 [00:30<00:24,  1.43it/s, loss=0.7445]Trial 15 Ep2:  55%|████████████████████████████████████████████████████████████▋                                                 | 43/78 [00:31<00:24,  1.43it/s, loss=0.6996]Trial 15 Ep2:  56%|██████████████████████████████████████████████████████████████                                                | 44/78 [00:31<00:23,  1.47it/s, loss=0.6996]Trial 15 Ep2:  56%|██████████████████████████████████████████████████████████████                                                | 44/78 [00:31<00:23,  1.47it/s, loss=0.6426]Trial 15 Ep2:  58%|███████████████████████████████████████████████████████████████▍                                              | 45/78 [00:31<00:23,  1.42it/s, loss=0.6426]Trial 15 Ep2:  58%|███████████████████████████████████████████████████████████████▍                                              | 45/78 [00:32<00:23,  1.42it/s, loss=0.6872]Trial 15 Ep2:  59%|████████████████████████████████████████████████████████████████▊                                             | 46/78 [00:32<00:22,  1.42it/s, loss=0.6872]Trial 15 Ep2:  59%|████████████████████████████████████████████████████████████████▊                                             | 46/78 [00:33<00:22,  1.42it/s, loss=0.6838]Trial 15 Ep2:  60%|██████████████████████████████████████████████████████████████████▎                                           | 47/78 [00:33<00:21,  1.46it/s, loss=0.6838]Trial 15 Ep2:  60%|██████████████████████████████████████████████████████████████████▎                                           | 47/78 [00:33<00:21,  1.46it/s, loss=0.6926]Trial 15 Ep2:  62%|███████████████████████████████████████████████████████████████████▋                                          | 48/78 [00:33<00:19,  1.50it/s, loss=0.6926]Trial 15 Ep2:  62%|███████████████████████████████████████████████████████████████████▋                                          | 48/78 [00:34<00:19,  1.50it/s, loss=0.7000]Trial 15 Ep2:  63%|█████████████████████████████████████████████████████████████████████                                         | 49/78 [00:34<00:19,  1.45it/s, loss=0.7000]Trial 15 Ep2:  63%|█████████████████████████████████████████████████████████████████████                                         | 49/78 [00:35<00:19,  1.45it/s, loss=0.6379]Trial 15 Ep2:  64%|██████████████████████████████████████████████████████████████████████▌                                       | 50/78 [00:35<00:20,  1.38it/s, loss=0.6379]Trial 15 Ep2:  64%|██████████████████████████████████████████████████████████████████████▌                                       | 50/78 [00:36<00:20,  1.38it/s, loss=0.6071]Trial 15 Ep2:  65%|███████████████████████████████████████████████████████████████████████▉                                      | 51/78 [00:36<00:19,  1.40it/s, loss=0.6071]Trial 15 Ep2:  65%|███████████████████████████████████████████████████████████████████████▉                                      | 51/78 [00:36<00:19,  1.40it/s, loss=0.5829]Trial 15 Ep2:  67%|█████████████████████████████████████████████████████████████████████████▎                                    | 52/78 [00:36<00:18,  1.42it/s, loss=0.5829]Trial 15 Ep2:  67%|█████████████████████████████████████████████████████████████████████████▎                                    | 52/78 [00:37<00:18,  1.42it/s, loss=0.6535]Trial 15 Ep2:  68%|██████████████████████████████████████████████████████████████████████████▋                                   | 53/78 [00:37<00:17,  1.40it/s, loss=0.6535]Trial 15 Ep2:  68%|██████████████████████████████████████████████████████████████████████████▋                                   | 53/78 [00:38<00:17,  1.40it/s, loss=0.7734]Trial 15 Ep2:  69%|████████████████████████████████████████████████████████████████████████████▏                                 | 54/78 [00:38<00:17,  1.39it/s, loss=0.7734]Trial 15 Ep2:  69%|████████████████████████████████████████████████████████████████████████████▏                                 | 54/78 [00:38<00:17,  1.39it/s, loss=0.6128]Trial 15 Ep2:  71%|█████████████████████████████████████████████████████████████████████████████▌                                | 55/78 [00:38<00:16,  1.38it/s, loss=0.6128]Trial 15 Ep2:  71%|█████████████████████████████████████████████████████████████████████████████▌                                | 55/78 [00:39<00:16,  1.38it/s, loss=0.7047]Trial 15 Ep2:  72%|██████████████████████████████████████████████████████████████████████████████▉                               | 56/78 [00:39<00:16,  1.37it/s, loss=0.7047]Trial 15 Ep2:  72%|██████████████████████████████████████████████████████████████████████████████▉                               | 56/78 [00:40<00:16,  1.37it/s, loss=0.7150]Trial 15 Ep2:  73%|████████████████████████████████████████████████████████████████████████████████▍                             | 57/78 [00:40<00:15,  1.36it/s, loss=0.7150]Trial 15 Ep2:  73%|████████████████████████████████████████████████████████████████████████████████▍                             | 57/78 [00:41<00:15,  1.36it/s, loss=0.7392]Trial 15 Ep2:  74%|█████████████████████████████████████████████████████████████████████████████████▊                            | 58/78 [00:41<00:14,  1.39it/s, loss=0.7392]Trial 15 Ep2:  74%|█████████████████████████████████████████████████████████████████████████████████▊                            | 58/78 [00:41<00:14,  1.39it/s, loss=0.6139]Trial 15 Ep2:  76%|███████████████████████████████████████████████████████████████████████████████████▏                          | 59/78 [00:41<00:13,  1.37it/s, loss=0.6139]Trial 15 Ep2:  76%|███████████████████████████████████████████████████████████████████████████████████▏                          | 59/78 [00:42<00:13,  1.37it/s, loss=0.7741]Trial 15 Ep2:  77%|████████████████████████████████████████████████████████████████████████████████████▌                         | 60/78 [00:42<00:12,  1.39it/s, loss=0.7741]Trial 15 Ep2:  77%|████████████████████████████████████████████████████████████████████████████████████▌                         | 60/78 [00:43<00:12,  1.39it/s, loss=0.7069]Trial 15 Ep2:  78%|██████████████████████████████████████████████████████████████████████████████████████                        | 61/78 [00:43<00:11,  1.42it/s, loss=0.7069]Trial 15 Ep2:  78%|██████████████████████████████████████████████████████████████████████████████████████                        | 61/78 [00:43<00:11,  1.42it/s, loss=0.7702]Trial 15 Ep2:  79%|███████████████████████████████████████████████████████████████████████████████████████▍                      | 62/78 [00:43<00:11,  1.43it/s, loss=0.7702]Trial 15 Ep2:  79%|███████████████████████████████████████████████████████████████████████████████████████▍                 