Trial 9 Ep3:   0%|                                                                                                                                     | 0/78 [00:00<?, ?it/s]Trial 9 Ep3:   0%|                                                                                                                        | 0/78 [00:00<?, ?it/s, loss=0.7294]Trial 9 Ep3:   1%|█▍                                                                                                              | 1/78 [00:00<00:57,  1.33it/s, loss=0.7294]Trial 9 Ep3:   1%|█▍                                                                                                              | 1/78 [00:01<00:57,  1.33it/s, loss=0.7017]Trial 9 Ep3:   3%|██▊                                                                                                             | 2/78 [00:01<00:54,  1.40it/s, loss=0.7017]Trial 9 Ep3:   3%|██▊                                                                                                             | 2/78 [00:02<00:54,  1.40it/s, loss=0.6579]Trial 9 Ep3:   4%|████▎                                                                                                           | 3/78 [00:02<00:52,  1.44it/s, loss=0.6579]Trial 9 Ep3:   4%|████▎                                                                                                           | 3/78 [00:02<00:52,  1.44it/s, loss=0.6870]Trial 9 Ep3:   5%|█████▋                                                                                                          | 4/78 [00:02<00:51,  1.43it/s, loss=0.6870]Trial 9 Ep3:   5%|█████▋                                                                                                          | 4/78 [00:03<00:51,  1.43it/s, loss=0.6827]Trial 9 Ep3:   6%|███████▏                                                                                                        | 5/78 [00:03<00:52,  1.38it/s, loss=0.6827]Trial 9 Ep3:   6%|███████▏                                                                                                        | 5/78 [00:04<00:52,  1.38it/s, loss=0.7089]Trial 9 Ep3:   8%|████████▌                                                                                                       | 6/78 [00:04<00:50,  1.42it/s, loss=0.7089]Trial 9 Ep3:   8%|████████▌                                                                                                       | 6/78 [00:04<00:50,  1.42it/s, loss=0.6918]Trial 9 Ep3:   9%|██████████                                                                                                      | 7/78 [00:04<00:49,  1.42it/s, loss=0.6918]Trial 9 Ep3:   9%|██████████                                                                                                      | 7/78 [00:05<00:49,  1.42it/s, loss=0.6460]Trial 9 Ep3:  10%|███████████▍                                                                                                    | 8/78 [00:05<00:49,  1.41it/s, loss=0.6460]Trial 9 Ep3:  10%|███████████▍                                                                                                    | 8/78 [00:06<00:49,  1.41it/s, loss=0.6975]Trial 9 Ep3:  12%|████████████▉                                                                                                   | 9/78 [00:06<00:47,  1.46it/s, loss=0.6975]Trial 9 Ep3:  12%|████████████▉                                                                                                   | 9/78 [00:06<00:47,  1.46it/s, loss=0.7492]Trial 9 Ep3:  13%|██████████████▏                                                                                                | 10/78 [00:06<00:46,  1.47it/s, loss=0.7492]Trial 9 Ep3:  13%|██████████████▏                                                                                                | 10/78 [00:07<00:46,  1.47it/s, loss=0.7127]Trial 9 Ep3:  14%|███████████████▋                                                                                               | 11/78 [00:07<00:46,  1.43it/s, loss=0.7127]Trial 9 Ep3:  14%|███████████████▋                                                                                               | 11/78 [00:08<00:46,  1.43it/s, loss=0.7721]Trial 9 Ep3:  15%|█████████████████                                                                                              | 12/78 [00:08<00:46,  1.43it/s, loss=0.7721]Trial 9 Ep3:  15%|█████████████████                                                                                              | 12/78 [00:09<00:46,  1.43it/s, loss=0.7239]Trial 9 Ep3:  17%|██████████████████▌                                                                                            | 13/78 [00:09<00:44,  1.45it/s, loss=0.7239]Trial 9 Ep3:  17%|██████████████████▌                                                                                            | 13/78 [00:09<00:44,  1.45it/s, loss=0.7006]Trial 9 Ep3:  18%|███████████████████▉                                                                                           | 14/78 [00:09<00:43,  1.46it/s, loss=0.7006]Trial 9 Ep3:  18%|███████████████████▉                                                                                           | 14/78 [00:10<00:43,  1.46it/s, loss=0.6716]Trial 9 Ep3:  19%|█████████████████████▎                                                                                         | 15/78 [00:10<00:45,  1.39it/s, loss=0.6716]Trial 9 Ep3:  19%|█████████████████████▎                                                                                         | 15/78 [00:11<00:45,  1.39it/s, loss=0.7743]Trial 9 Ep3:  21%|██████████████████████▊                                                                                        | 16/78 [00:11<00:44,  1.39it/s, loss=0.7743]Trial 9 Ep3:  21%|██████████████████████▊                                                                                        | 16/78 [00:12<00:44,  1.39it/s, loss=0.7058]Trial 9 Ep3:  22%|████████████████████████▏                                                                                      | 17/78 [00:12<00:44,  1.38it/s, loss=0.7058]Trial 9 Ep3:  22%|████████████████████████▏                                                                                      | 17/78 [00:12<00:44,  1.38it/s, loss=0.6508]Trial 9 Ep3:  23%|█████████████████████████▌                                                                                     | 18/78 [00:12<00:41,  1.44it/s, loss=0.6508]Trial 9 Ep3:  23%|█████████████████████████▌                                                                                     | 18/78 [00:13<00:41,  1.44it/s, loss=0.6036]Trial 9 Ep3:  24%|███████████████████████████                                                                                    | 19/78 [00:13<00:40,  1.47it/s, loss=0.6036]Trial 9 Ep3:  24%|███████████████████████████                                                                                    | 19/78 [00:13<00:40,  1.47it/s, loss=0.7426]Trial 9 Ep3:  26%|████████████████████████████▍                                                                                  | 20/78 [00:13<00:39,  1.46it/s, loss=0.7426]Trial 9 Ep3:  26%|████████████████████████████▍                                                                                  | 20/78 [00:14<00:39,  1.46it/s, loss=0.7566]Trial 9 Ep3:  27%|█████████████████████████████▉                                                                                 | 21/78 [00:14<00:39,  1.45it/s, loss=0.7566]Trial 9 Ep3:  27%|█████████████████████████████▉                                                                                 | 21/78 [00:15<00:39,  1.45it/s, loss=0.6418]Trial 9 Ep3:  28%|███████████████████████████████▎                                                                               | 22/78 [00:15<00:38,  1.47it/s, loss=0.6418]Trial 9 Ep3:  28%|███████████████████████████████▎                                                                               | 22/78 [00:16<00:38,  1.47it/s, loss=0.7269]Trial 9 Ep3:  29%|████████████████████████████████▋                                                                              | 23/78 [00:16<00:38,  1.43it/s, loss=0.7269]Trial 9 Ep3:  29%|████████████████████████████████▋                                                                              | 23/78 [00:16<00:38,  1.43it/s, loss=0.7042]Trial 9 Ep3:  31%|██████████████████████████████████▏                                                                            | 24/78 [00:16<00:36,  1.48it/s, loss=0.7042]Trial 9 Ep3:  31%|██████████████████████████████████▏                                                                            | 24/78 [00:17<00:36,  1.48it/s, loss=0.6686]Trial 9 Ep3:  32%|███████████████████████████████████▌                                                                           | 25/78 [00:17<00:35,  1.49it/s, loss=0.6686]Trial 9 Ep3:  32%|███████████████████████████████████▌                                                                           | 25/78 [00:18<00:35,  1.49it/s, loss=0.7320]Trial 9 Ep3:  33%|█████████████████████████████████████                                                                          | 26/78 [00:18<00:34,  1.49it/s, loss=0.7320]Trial 9 Ep3:  33%|█████████████████████████████████████                                                                          | 26/78 [00:18<00:34,  1.49it/s, loss=0.6907]Trial 9 Ep3:  35%|██████████████████████████████████████▍                                                                        | 27/78 [00:18<00:36,  1.39it/s, loss=0.6907]Trial 9 Ep3:  35%|██████████████████████████████████████▍                                                                        | 27/78 [00:19<00:36,  1.39it/s, loss=0.6546]Trial 9 Ep3:  36%|███████████████████████████████████████▊                                                                       | 28/78 [00:19<00:34,  1.46it/s, loss=0.6546]Trial 9 Ep3:  36%|███████████████████████████████████████▊                                                                       | 28/78 [00:20<00:34,  1.46it/s, loss=0.6602]Trial 9 Ep3:  37%|█████████████████████████████████████████▎                                                                     | 29/78 [00:20<00:33,  1.45it/s, loss=0.6602]Trial 9 Ep3:  37%|█████████████████████████████████████████▎                                                                     | 29/78 [00:20<00:33,  1.45it/s, loss=0.7305]Trial 9 Ep3:  38%|██████████████████████████████████████████▋                                                                    | 30/78 [00:20<00:34,  1.40it/s, loss=0.7305]Trial 9 Ep3:  38%|██████████████████████████████████████████▋                                                                    | 30/78 [00:21<00:34,  1.40it/s, loss=0.7243]Trial 9 Ep3:  40%|████████████████████████████████████████████                                                                   | 31/78 [00:21<00:31,  1.51it/s, loss=0.7243]Trial 9 Ep3:  40%|████████████████████████████████████████████                                                                   | 31/78 [00:22<00:31,  1.51it/s, loss=0.6770]Trial 9 Ep3:  41%|█████████████████████████████████████████████▌                                                                 | 32/78 [00:22<00:29,  1.56it/s, loss=0.6770]Trial 9 Ep3:  41%|█████████████████████████████████████████████▌                                                                 | 32/78 [00:22<00:29,  1.56it/s, loss=0.7027]Trial 9 Ep3:  42%|██████████████████████████████████████████████▉                                                                | 33/78 [00:22<00:31,  1.43it/s, loss=0.7027]Trial 9 Ep3:  42%|██████████████████████████████████████████████▉                                                                | 33/78 [00:23<00:31,  1.43it/s, loss=0.7041]Trial 9 Ep3:  44%|████████████████████████████████████████████████▍                                                              | 34/78 [00:23<00:30,  1.44it/s, loss=0.7041]Trial 9 Ep3:  44%|████████████████████████████████████████████████▍                                                              | 34/78 [00:24<00:30,  1.44it/s, loss=0.6679]Trial 9 Ep3:  45%|█████████████████████████████████████████████████▊                                                             | 35/78 [00:24<00:29,  1.46it/s, loss=0.6679]Trial 9 Ep3:  45%|█████████████████████████████████████████████████▊                                                             | 35/78 [00:24<00:29,  1.46it/s, loss=0.7704]Trial 9 Ep3:  46%|███████████████████████████████████████████████████▏                                                           | 36/78 [00:24<00:29,  1.44it/s, loss=0.7704]Trial 9 Ep3:  46%|███████████████████████████████████████████████████▏                                                           | 36/78 [00:25<00:29,  1.44it/s, loss=0.7265]Trial 9 Ep3:  47%|████████████████████████████████████████████████████▋                                                          | 37/78 [00:25<00:29,  1.39it/s, loss=0.7265]Trial 9 Ep3:  47%|████████████████████████████████████████████████████▋                                                          | 37/78 [00:26<00:29,  1.39it/s, loss=0.6459]Trial 9 Ep3:  49%|██████████████████████████████████████████████████████                                                         | 38/78 [00:26<00:30,  1.33it/s, loss=0.6459]Trial 9 Ep3:  49%|██████████████████████████████████████████████████████                                                         | 38/78 [00:27<00:30,  1.33it/s, loss=0.7137]Trial 9 Ep3:  50%|███████████████████████████████████████████████████████▌                                                       | 39/78 [00:27<00:28,  1.36it/s, loss=0.7137]Trial 9 Ep3:  50%|███████████████████████████████████████████████████████▌                                                       | 39/78 [00:28<00:28,  1.36it/s, loss=0.6689]Trial 9 Ep3:  51%|████████████████████████████████████████████████████████▉                                                      | 40/78 [00:28<00:27,  1.36it/s, loss=0.6689]Trial 9 Ep3:  51%|████████████████████████████████████████████████████████▉                                                      | 40/78 [00:28<00:27,  1.36it/s, loss=0.7633]Trial 9 Ep3:  53%|██████████████████████████████████████████████████████████▎                                                    | 41/78 [00:28<00:26,  1.38it/s, loss=0.7633]Trial 9 Ep3:  53%|██████████████████████████████████████████████████████████▎                                                    | 41/78 [00:29<00:26,  1.38it/s, loss=0.7218]Trial 9 Ep3:  54%|███████████████████████████████████████████████████████████▊                                                   | 42/78 [00:29<00:25,  1.43it/s, loss=0.7218]Trial 9 Ep3:  54%|███████████████████████████████████████████████████████████▊                                                   | 42/78 [00:30<00:25,  1.43it/s, loss=0.6969]Trial 9 Ep3:  55%|█████████████████████████████████████████████████████████████▏                                                 | 43/78 [00:30<00:25,  1.38it/s, loss=0.6969]Trial 9 Ep3:  55%|█████████████████████████████████████████████████████████████▏                                                 | 43/78 [00:31<00:25,  1.38it/s, loss=0.7189]Trial 9 Ep3:  56%|██████████████████████████████████████████████████████████████▌                                                | 44/78 [00:31<00:26,  1.29it/s, loss=0.7189]Trial 9 Ep3:  56%|██████████████████████████████████████████████████████████████▌                                                | 44/78 [00:31<00:26,  1.29it/s, loss=0.7748]Trial 9 Ep3:  58%|████████████████████████████████████████████████████████████████                                               | 45/78 [00:31<00:25,  1.31it/s, loss=0.7748]Trial 9 Ep3:  58%|████████████████████████████████████████████████████████████████                                               | 45/78 [00:32<00:25,  1.31it/s, loss=0.6887]Trial 9 Ep3:  59%|█████████████████████████████████████████████████████████████████▍                                             | 46/78 [00:32<00:23,  1.34it/s, loss=0.6887]Trial 9 Ep3:  59%|█████████████████████████████████████████████████████████████████▍                                             | 46/78 [00:33<00:23,  1.34it/s, loss=0.5465]Trial 9 Ep3:  60%|██████████████████████████████████████████████████████████████████▉                                            | 47/78 [00:33<00:23,  1.34it/s, loss=0.5465]Trial 9 Ep3:  60%|██████████████████████████████████████████████████████████████████▉                                            | 47/78 [00:33<00:23,  1.34it/s, loss=0.7471]Trial 9 Ep3:  62%|████████████████████████████████████████████████████████████████████▎                                          | 48/78 [00:33<00:22,  1.35it/s, loss=0.7471]Trial 9 Ep3:  62%|████████████████████████████████████████████████████████████████████▎                                          | 48/78 [00:34<00:22,  1.35it/s, loss=0.7420]Trial 9 Ep3:  63%|█████████████████████████████████████████████████████████████████████▋                                         | 49/78 [00:34<00:20,  1.41it/s, loss=0.7420]Trial 9 Ep3:  63%|█████████████████████████████████████████████████████████████████████▋                                         | 49/78 [00:35<00:20,  1.41it/s, loss=0.6999]Trial 9 Ep3:  64%|███████████████████████████████████████████████████████████████████████▏                                       | 50/78 [00:35<00:19,  1.46it/s, loss=0.6999]Trial 9 Ep3:  64%|███████████████████████████████████████████████████████████████████████▏                                       | 50/78 [00:35<00:19,  1.46it/s, loss=0.6267]Trial 9 Ep3:  65%|████████████████████████████████████████████████████████████████████████▌                                      | 51/78 [00:35<00:18,  1.48it/s, loss=0.6267]Trial 9 Ep3:  65%|████████████████████████████████████████████████████████████████████████▌                                      | 51/78 [00:36<00:18,  1.48it/s, loss=0.7028]Trial 9 Ep3:  67%|██████████████████████████████████████████████████████████████████████████                                     | 52/78 [00:36<00:17,  1.53it/s, loss=0.7028]Trial 9 Ep3:  67%|██████████████████████████████████████████████████████████████████████████                                     | 52/78 [00:37<00:17,  1.53it/s, loss=0.6867]Trial 9 Ep3:  68%|███████████████████████████████████████████████████████████████████████████▍                                   | 53/78 [00:37<00:16,  1.54it/s, loss=0.6867]Trial 9 Ep3:  68%|███████████████████████████████████████████████████████████████████████████▍                                   | 53/78 [00:37<00:16,  1.54it/s, loss=0.6792]Trial 9 Ep3:  69%|████████████████████████████████████████████████████████████████████████████▊                                  | 54/78 [00:37<00:15,  1.54it/s, loss=0.6792]Trial 9 Ep3:  69%|████████████████████████████████████████████████████████████████████████████▊                                  | 54/78 [00:38<00:15,  1.54it/s, loss=0.7843]Trial 9 Ep3:  71%|██████████████████████████████████████████████████████████████████████████████▎                                | 55/78 [00:38<00:16,  1.41it/s, loss=0.7843]Trial 9 Ep3:  71%|██████████████████████████████████████████████████████████████████████████████▎                                | 55/78 [00:39<00:16,  1.41it/s, loss=0.6998]Trial 9 Ep3:  72%|███████████████████████████████████████████████████████████████████████████████▋                               | 56/78 [00:39<00:15,  1.41it/s, loss=0.6998]Trial 9 Ep3:  72%|███████████████████████████████████████████████████████████████████████████████▋                               | 56/78 [00:40<00:15,  1.41it/s, loss=0.7075]Trial 9 Ep3:  73%|█████████████████████████████████████████████████████████████████████████████████                              | 57/78 [00:40<00:15,  1.37it/s, loss=0.7075]Trial 9 Ep3:  73%|█████████████████████████████████████████████████████████████████████████████████                              | 57/78 [00:40<00:15,  1.37it/s, loss=0.6497]Trial 9 Ep3:  74%|██████████████████████████████████████████████████████████████████████████████████▌                            | 58/78 [00:40<00:14,  1.35it/s, loss=0.6497]Trial 9 Ep3:  74%|██████████████████████████████████████████████████████████████████████████████████▌                            | 58/78 [00:41<00:14,  1.35it/s, loss=0.6900]Trial 9 Ep3:  76%|███████████████████████████████████████████████████████████████████████████████████▉                           | 59/78 [00:41<00:13,  1.37it/s, loss=0.6900]Trial 9 Ep3:  76%|███████████████████████████████████████████████████████████████████████████████████▉                           | 59/78 [00:42<00:13,  1.37it/s, loss=0.6933]Trial 9 Ep3:  77%|█████████████████████████████████████████████████████████████████████████████████████▍                         | 60/78 [00:42<00:13,  1.38it/s, loss=0.6933]Trial 9 Ep3:  77%|█████████████████████████████████████████████████████████████████████████████████████▍                         | 60/78 [00:43<00:13,  1.38it/s, loss=0.8329]Trial 9 Ep3:  78%|██████████████████████████████████████████████████████████████████████████████████████▊                        | 61/78 [00:43<00:12,  1.37it/s, loss=0.8329]Trial 9 Ep3:  78%|██████████████████████████████████████████████████████████████████████████████████████▊                        | 61/78 [00:43<00:12,  1.37it/s, loss=0.7006]Trial 9 Ep3:  79%|████████████████████████████████████████████████████████████████████████████████████████▏                      | 62/78 [00:43<00:11,  1.42it/s, loss=0.7006]Trial 9 Ep3:  79%|████████████████████████████████████████████████████████████████████████████████████████▏                 