Trial 18 Ep5:   0%|                                                                                                                                    | 0/78 [00:00<?, ?it/s]Trial 18 Ep5:   0%|                                                                                                                       | 0/78 [00:00<?, ?it/s, loss=0.5619]Trial 18 Ep5:   1%|█▍                                                                                                             | 1/78 [00:00<00:50,  1.53it/s, loss=0.5619]Trial 18 Ep5:   1%|█▍                                                                                                             | 1/78 [00:01<00:50,  1.53it/s, loss=0.5611]Trial 18 Ep5:   3%|██▊                                                                                                            | 2/78 [00:01<00:51,  1.46it/s, loss=0.5611]Trial 18 Ep5:   3%|██▊                                                                                                            | 2/78 [00:02<00:51,  1.46it/s, loss=0.5787]Trial 18 Ep5:   4%|████▎                                                                                                          | 3/78 [00:02<00:52,  1.42it/s, loss=0.5787]Trial 18 Ep5:   4%|████▎                                                                                                          | 3/78 [00:02<00:52,  1.42it/s, loss=0.6788]Trial 18 Ep5:   5%|█████▋                                                                                                         | 4/78 [00:02<00:49,  1.50it/s, loss=0.6788]Trial 18 Ep5:   5%|█████▋                                                                                                         | 4/78 [00:03<00:49,  1.50it/s, loss=0.6603]Trial 18 Ep5:   6%|███████                                                                                                        | 5/78 [00:03<00:53,  1.37it/s, loss=0.6603]Trial 18 Ep5:   6%|███████                                                                                                        | 5/78 [00:04<00:53,  1.37it/s, loss=0.5384]Trial 18 Ep5:   8%|████████▌                                                                                                      | 6/78 [00:04<00:53,  1.35it/s, loss=0.5384]Trial 18 Ep5:   8%|████████▌                                                                                                      | 6/78 [00:05<00:53,  1.35it/s, loss=0.5064]Trial 18 Ep5:   9%|█████████▉                                                                                                     | 7/78 [00:05<00:52,  1.36it/s, loss=0.5064]Trial 18 Ep5:   9%|█████████▉                                                                                                     | 7/78 [00:05<00:52,  1.36it/s, loss=0.6308]Trial 18 Ep5:  10%|███████████▍                                                                                                   | 8/78 [00:05<00:50,  1.38it/s, loss=0.6308]Trial 18 Ep5:  10%|███████████▍                                                                                                   | 8/78 [00:06<00:50,  1.38it/s, loss=0.6456]Trial 18 Ep5:  12%|████████████▊                                                                                                  | 9/78 [00:06<00:48,  1.41it/s, loss=0.6456]Trial 18 Ep5:  12%|████████████▊                                                                                                  | 9/78 [00:07<00:48,  1.41it/s, loss=0.4899]Trial 18 Ep5:  13%|██████████████                                                                                                | 10/78 [00:07<00:50,  1.33it/s, loss=0.4899]Trial 18 Ep5:  13%|██████████████                                                                                                | 10/78 [00:07<00:50,  1.33it/s, loss=0.5498]Trial 18 Ep5:  14%|███████████████▌                                                                                              | 11/78 [00:07<00:49,  1.37it/s, loss=0.5498]Trial 18 Ep5:  14%|███████████████▌                                                                                              | 11/78 [00:08<00:49,  1.37it/s, loss=0.6350]Trial 18 Ep5:  15%|████████████████▉                                                                                             | 12/78 [00:08<00:46,  1.43it/s, loss=0.6350]Trial 18 Ep5:  15%|████████████████▉                                                                                             | 12/78 [00:09<00:46,  1.43it/s, loss=0.6370]Trial 18 Ep5:  17%|██████████████████▎                                                                                           | 13/78 [00:09<00:45,  1.42it/s, loss=0.6370]Trial 18 Ep5:  17%|██████████████████▎                                                                                           | 13/78 [00:10<00:45,  1.42it/s, loss=0.5456]Trial 18 Ep5:  18%|███████████████████▋                                                                                          | 14/78 [00:10<00:46,  1.39it/s, loss=0.5456]Trial 18 Ep5:  18%|███████████████████▋                                                                                          | 14/78 [00:10<00:46,  1.39it/s, loss=0.4437]Trial 18 Ep5:  19%|█████████████████████▏                                                                                        | 15/78 [00:10<00:46,  1.35it/s, loss=0.4437]Trial 18 Ep5:  19%|█████████████████████▏                                                                                        | 15/78 [00:11<00:46,  1.35it/s, loss=0.5429]Trial 18 Ep5:  21%|██████████████████████▌                                                                                       | 16/78 [00:11<00:45,  1.35it/s, loss=0.5429]Trial 18 Ep5:  21%|██████████████████████▌                                                                                       | 16/78 [00:12<00:45,  1.35it/s, loss=0.6304]Trial 18 Ep5:  22%|███████████████████████▉                                                                                      | 17/78 [00:12<00:45,  1.35it/s, loss=0.6304]Trial 18 Ep5:  22%|███████████████████████▉                                                                                      | 17/78 [00:13<00:45,  1.35it/s, loss=0.5784]Trial 18 Ep5:  23%|█████████████████████████▍                                                                                    | 18/78 [00:13<00:44,  1.36it/s, loss=0.5784]Trial 18 Ep5:  23%|█████████████████████████▍                                                                                    | 18/78 [00:13<00:44,  1.36it/s, loss=0.5794]Trial 18 Ep5:  24%|██████████████████████████▊                                                                                   | 19/78 [00:13<00:42,  1.38it/s, loss=0.5794]Trial 18 Ep5:  24%|██████████████████████████▊                                                                                   | 19/78 [00:14<00:42,  1.38it/s, loss=0.6910]Trial 18 Ep5:  26%|████████████████████████████▏                                                                                 | 20/78 [00:14<00:42,  1.38it/s, loss=0.6910]Trial 18 Ep5:  26%|████████████████████████████▏                                                                                 | 20/78 [00:15<00:42,  1.38it/s, loss=0.5588]Trial 18 Ep5:  27%|█████████████████████████████▌                                                                                | 21/78 [00:15<00:41,  1.38it/s, loss=0.5588]Trial 18 Ep5:  27%|█████████████████████████████▌                                                                                | 21/78 [00:15<00:41,  1.38it/s, loss=0.5960]Trial 18 Ep5:  28%|███████████████████████████████                                                                               | 22/78 [00:15<00:40,  1.37it/s, loss=0.5960]Trial 18 Ep5:  28%|███████████████████████████████                                                                               | 22/78 [00:16<00:40,  1.37it/s, loss=0.5522]Trial 18 Ep5:  29%|████████████████████████████████▍                                                                             | 23/78 [00:16<00:38,  1.42it/s, loss=0.5522]Trial 18 Ep5:  29%|████████████████████████████████▍                                                                             | 23/78 [00:17<00:38,  1.42it/s, loss=0.4976]Trial 18 Ep5:  31%|█████████████████████████████████▊                                                                            | 24/78 [00:17<00:37,  1.45it/s, loss=0.4976]Trial 18 Ep5:  31%|█████████████████████████████████▊                                                                            | 24/78 [00:17<00:37,  1.45it/s, loss=0.5812]Trial 18 Ep5:  32%|███████████████████████████████████▎                                                                          | 25/78 [00:17<00:36,  1.44it/s, loss=0.5812]Trial 18 Ep5:  32%|███████████████████████████████████▎                                                                          | 25/78 [00:18<00:36,  1.44it/s, loss=0.4682]Trial 18 Ep5:  33%|████████████████████████████████████▋                                                                         | 26/78 [00:18<00:35,  1.45it/s, loss=0.4682]Trial 18 Ep5:  33%|████████████████████████████████████▋                                                                         | 26/78 [00:19<00:35,  1.45it/s, loss=0.6855]Trial 18 Ep5:  35%|██████████████████████████████████████                                                                        | 27/78 [00:19<00:34,  1.47it/s, loss=0.6855]Trial 18 Ep5:  35%|██████████████████████████████████████                                                                        | 27/78 [00:19<00:34,  1.47it/s, loss=0.7603]Trial 18 Ep5:  36%|███████████████████████████████████████▍                                                                      | 28/78 [00:19<00:34,  1.44it/s, loss=0.7603]Trial 18 Ep5:  36%|███████████████████████████████████████▍                                                                      | 28/78 [00:20<00:34,  1.44it/s, loss=0.8060]Trial 18 Ep5:  37%|████████████████████████████████████████▉                                                                     | 29/78 [00:20<00:32,  1.50it/s, loss=0.8060]Trial 18 Ep5:  37%|████████████████████████████████████████▉                                                                     | 29/78 [00:21<00:32,  1.50it/s, loss=0.7053]Trial 18 Ep5:  38%|██████████████████████████████████████████▎                                                                   | 30/78 [00:21<00:33,  1.44it/s, loss=0.7053]Trial 18 Ep5:  38%|██████████████████████████████████████████▎                                                                   | 30/78 [00:22<00:33,  1.44it/s, loss=0.6250]Trial 18 Ep5:  40%|███████████████████████████████████████████▋                                                                  | 31/78 [00:22<00:32,  1.45it/s, loss=0.6250]Trial 18 Ep5:  40%|███████████████████████████████████████████▋                                                                  | 31/78 [00:22<00:32,  1.45it/s, loss=0.6706]Trial 18 Ep5:  41%|█████████████████████████████████████████████▏                                                                | 32/78 [00:22<00:31,  1.46it/s, loss=0.6706]Trial 18 Ep5:  41%|█████████████████████████████████████████████▏                                                                | 32/78 [00:23<00:31,  1.46it/s, loss=0.5643]Trial 18 Ep5:  42%|██████████████████████████████████████████████▌                                                               | 33/78 [00:23<00:31,  1.42it/s, loss=0.5643]Trial 18 Ep5:  42%|██████████████████████████████████████████████▌                                                               | 33/78 [00:24<00:31,  1.42it/s, loss=0.8419]Trial 18 Ep5:  44%|███████████████████████████████████████████████▉                                                              | 34/78 [00:24<00:30,  1.45it/s, loss=0.8419]Trial 18 Ep5:  44%|███████████████████████████████████████████████▉                                                              | 34/78 [00:24<00:30,  1.45it/s, loss=0.4936]Trial 18 Ep5:  45%|█████████████████████████████████████████████████▎                                                            | 35/78 [00:24<00:29,  1.47it/s, loss=0.4936]Trial 18 Ep5:  45%|█████████████████████████████████████████████████▎                                                            | 35/78 [00:25<00:29,  1.47it/s, loss=0.5682]Trial 18 Ep5:  46%|██████████████████████████████████████████████████▊                                                           | 36/78 [00:25<00:29,  1.42it/s, loss=0.5682]Trial 18 Ep5:  46%|██████████████████████████████████████████████████▊                                                           | 36/78 [00:26<00:29,  1.42it/s, loss=0.9231]Trial 18 Ep5:  47%|████████████████████████████████████████████████████▏                                                         | 37/78 [00:26<00:28,  1.41it/s, loss=0.9231]Trial 18 Ep5:  47%|████████████████████████████████████████████████████▏                                                         | 37/78 [00:26<00:28,  1.41it/s, loss=0.5366]Trial 18 Ep5:  49%|█████████████████████████████████████████████████████▌                                                        | 38/78 [00:26<00:27,  1.47it/s, loss=0.5366]Trial 18 Ep5:  49%|█████████████████████████████████████████████████████▌                                                        | 38/78 [00:27<00:27,  1.47it/s, loss=0.6772]Trial 18 Ep5:  50%|███████████████████████████████████████████████████████                                                       | 39/78 [00:27<00:27,  1.42it/s, loss=0.6772]Trial 18 Ep5:  50%|███████████████████████████████████████████████████████                                                       | 39/78 [00:28<00:27,  1.42it/s, loss=0.5232]Trial 18 Ep5:  51%|████████████████████████████████████████████████████████▍                                                     | 40/78 [00:28<00:27,  1.38it/s, loss=0.5232]Trial 18 Ep5:  51%|████████████████████████████████████████████████████████▍                                                     | 40/78 [00:29<00:27,  1.38it/s, loss=0.4344]Trial 18 Ep5:  53%|█████████████████████████████████████████████████████████▊                                                    | 41/78 [00:29<00:26,  1.40it/s, loss=0.4344]Trial 18 Ep5:  53%|█████████████████████████████████████████████████████████▊                                                    | 41/78 [00:29<00:26,  1.40it/s, loss=0.5357]Trial 18 Ep5:  54%|███████████████████████████████████████████████████████████▏                                                  | 42/78 [00:29<00:25,  1.42it/s, loss=0.5357]Trial 18 Ep5:  54%|███████████████████████████████████████████████████████████▏                                                  | 42/78 [00:30<00:25,  1.42it/s, loss=0.4970]Trial 18 Ep5:  55%|████████████████████████████████████████████████████████████▋                                                 | 43/78 [00:30<00:25,  1.40it/s, loss=0.4970]Trial 18 Ep5:  55%|████████████████████████████████████████████████████████████▋                                                 | 43/78 [00:31<00:25,  1.40it/s, loss=0.6792]Trial 18 Ep5:  56%|██████████████████████████████████████████████████████████████                                                | 44/78 [00:31<00:25,  1.36it/s, loss=0.6792]Trial 18 Ep5:  56%|██████████████████████████████████████████████████████████████                                                | 44/78 [00:31<00:25,  1.36it/s, loss=0.6453]Trial 18 Ep5:  58%|███████████████████████████████████████████████████████████████▍                                              | 45/78 [00:31<00:23,  1.42it/s, loss=0.6453]Trial 18 Ep5:  58%|███████████████████████████████████████████████████████████████▍                                              | 45/78 [00:32<00:23,  1.42it/s, loss=0.5814]Trial 18 Ep5:  59%|████████████████████████████████████████████████████████████████▊                                             | 46/78 [00:32<00:22,  1.43it/s, loss=0.5814]Trial 18 Ep5:  59%|████████████████████████████████████████████████████████████████▊                                             | 46/78 [00:33<00:22,  1.43it/s, loss=0.5607]Trial 18 Ep5:  60%|██████████████████████████████████████████████████████████████████▎                                           | 47/78 [00:33<00:22,  1.40it/s, loss=0.5607]Trial 18 Ep5:  60%|██████████████████████████████████████████████████████████████████▎                                           | 47/78 [00:34<00:22,  1.40it/s, loss=0.5574]Trial 18 Ep5:  62%|███████████████████████████████████████████████████████████████████▋                                          | 48/78 [00:34<00:21,  1.37it/s, loss=0.5574]Trial 18 Ep5:  62%|███████████████████████████████████████████████████████████████████▋                                          | 48/78 [00:34<00:21,  1.37it/s, loss=0.5981]Trial 18 Ep5:  63%|█████████████████████████████████████████████████████████████████████                                         | 49/78 [00:34<00:20,  1.42it/s, loss=0.5981]Trial 18 Ep5:  63%|█████████████████████████████████████████████████████████████████████                                         | 49/78 [00:35<00:20,  1.42it/s, loss=0.7653]Trial 18 Ep5:  64%|██████████████████████████████████████████████████████████████████████▌                                       | 50/78 [00:35<00:20,  1.40it/s, loss=0.7653]Trial 18 Ep5:  64%|██████████████████████████████████████████████████████████████████████▌                                       | 50/78 [00:36<00:20,  1.40it/s, loss=0.7132]Trial 18 Ep5:  65%|███████████████████████████████████████████████████████████████████████▉                                      | 51/78 [00:36<00:18,  1.44it/s, loss=0.7132]Trial 18 Ep5:  65%|███████████████████████████████████████████████████████████████████████▉                                      | 51/78 [00:36<00:18,  1.44it/s, loss=0.6478]Trial 18 Ep5:  67%|█████████████████████████████████████████████████████████████████████████▎                                    | 52/78 [00:36<00:17,  1.46it/s, loss=0.6478]Trial 18 Ep5:  67%|█████████████████████████████████████████████████████████████████████████▎                                    | 52/78 [00:37<00:17,  1.46it/s, loss=0.5671]Trial 18 Ep5:  68%|██████████████████████████████████████████████████████████████████████████▋                                   | 53/78 [00:37<00:17,  1.43it/s, loss=0.5671]Trial 18 Ep5:  68%|██████████████████████████████████████████████████████████████████████████▋                                   | 53/78 [00:38<00:17,  1.43it/s, loss=0.6204]Trial 18 Ep5:  69%|████████████████████████████████████████████████████████████████████████████▏                                 | 54/78 [00:38<00:16,  1.45it/s, loss=0.6204]Trial 18 Ep5:  69%|████████████████████████████████████████████████████████████████████████████▏                                 | 54/78 [00:38<00:16,  1.45it/s, loss=0.6109]Trial 18 Ep5:  71%|█████████████████████████████████████████████████████████████████████████████▌                                | 55/78 [00:38<00:15,  1.48it/s, loss=0.6109]Trial 18 Ep5:  71%|█████████████████████████████████████████████████████████████████████████████▌                                | 55/78 [00:39<00:15,  1.48it/s, loss=0.5988]Trial 18 Ep5:  72%|██████████████████████████████████████████████████████████████████████████████▉                               | 56/78 [00:39<00:14,  1.50it/s, loss=0.5988]Trial 18 Ep5:  72%|██████████████████████████████████████████████████████████████████████████████▉                               | 56/78 [00:40<00:14,  1.50it/s, loss=0.5066]Trial 18 Ep5:  73%|████████████████████████████████████████████████████████████████████████████████▍                             | 57/78 [00:40<00:15,  1.39it/s, loss=0.5066]Trial 18 Ep5:  73%|████████████████████████████████████████████████████████████████████████████████▍                             | 57/78 [00:41<00:15,  1.39it/s, loss=0.6736]Trial 18 Ep5:  74%|█████████████████████████████████████████████████████████████████████████████████▊                            | 58/78 [00:41<00:15,  1.31it/s, loss=0.6736]Trial 18 Ep5:  74%|█████████████████████████████████████████████████████████████████████████████████▊                            | 58/78 [00:41<00:15,  1.31it/s, loss=0.6551]Trial 18 Ep5:  76%|███████████████████████████████████████████████████████████████████████████████████▏                          | 59/78 [00:41<00:13,  1.42it/s, loss=0.6551]Trial 18 Ep5:  76%|███████████████████████████████████████████████████████████████████████████████████▏                          | 59/78 [00:42<00:13,  1.42it/s, loss=0.8145]Trial 18 Ep5:  77%|████████████████████████████████████████████████████████████████████████████████████▌                         | 60/78 [00:42<00:12,  1.44it/s, loss=0.8145]Trial 18 Ep5:  77%|████████████████████████████████████████████████████████████████████████████████████▌                         | 60/78 [00:43<00:12,  1.44it/s, loss=0.6050]Trial 18 Ep5:  78%|██████████████████████████████████████████████████████████████████████████████████████                        | 61/78 [00:43<00:11,  1.42it/s, loss=0.6050]Trial 18 Ep5:  78%|██████████████████████████████████████████████████████████████████████████████████████                        | 61/78 [00:43<00:11,  1.42it/s, loss=0.6222]Trial 18 Ep5:  79%|███████████████████████████████████████████████████████████████████████████████████████▍                      | 62/78 [00:43<00:11,  1.39it/s, loss=0.6222]Trial 18 Ep5:  79%|███████████████████████████████████████████████████████████████████████████████████████▍                 