Trial 4 Ep4:   0%|                                                                                                        | 0/78 [00:00<?, ?it/s]Trial 4 Ep4:   0%|                                                                                           | 0/78 [00:00<?, ?it/s, loss=0.7115]Trial 4 Ep4:   1%|█                                                                                  | 1/78 [00:00<00:22,  3.46it/s, loss=0.7115]Trial 4 Ep4:   1%|█                                                                                  | 1/78 [00:00<00:22,  3.46it/s, loss=0.7050]Trial 4 Ep4:   3%|██▏                                                                                | 2/78 [00:00<00:20,  3.68it/s, loss=0.7050]Trial 4 Ep4:   3%|██▏                                                                                | 2/78 [00:00<00:20,  3.68it/s, loss=0.6889]Trial 4 Ep4:   4%|███▏                                                                               | 3/78 [00:00<00:22,  3.38it/s, loss=0.6889]Trial 4 Ep4:   4%|███▏                                                                               | 3/78 [00:01<00:22,  3.38it/s, loss=0.6954]Trial 4 Ep4:   5%|████▎                                                                              | 4/78 [00:01<00:21,  3.38it/s, loss=0.6954]Trial 4 Ep4:   5%|████▎                                                                              | 4/78 [00:01<00:21,  3.38it/s, loss=0.6811]Trial 4 Ep4:   6%|█████▎                                                                             | 5/78 [00:01<00:21,  3.46it/s, loss=0.6811]Trial 4 Ep4:   6%|█████▎                                                                             | 5/78 [00:01<00:21,  3.46it/s, loss=0.6995]Trial 4 Ep4:   8%|██████▍                                                                            | 6/78 [00:01<00:20,  3.59it/s, loss=0.6995]Trial 4 Ep4:   8%|██████▍                                                                            | 6/78 [00:01<00:20,  3.59it/s, loss=0.6789]Trial 4 Ep4:   9%|███████▍                                                                           | 7/78 [00:01<00:19,  3.61it/s, loss=0.6789]Trial 4 Ep4:   9%|███████▍                                                                           | 7/78 [00:02<00:19,  3.61it/s, loss=0.6865]Trial 4 Ep4:  10%|████████▌                                                                          | 8/78 [00:02<00:21,  3.26it/s, loss=0.6865]Trial 4 Ep4:  10%|████████▌                                                                          | 8/78 [00:02<00:21,  3.26it/s, loss=0.6933]Trial 4 Ep4:  12%|█████████▌                                                                         | 9/78 [00:02<00:20,  3.34it/s, loss=0.6933]Trial 4 Ep4:  12%|█████████▌                                                                         | 9/78 [00:02<00:20,  3.34it/s, loss=0.6873]Trial 4 Ep4:  13%|██████████▌                                                                       | 10/78 [00:02<00:19,  3.41it/s, loss=0.6873]Trial 4 Ep4:  13%|██████████▌                                                                       | 10/78 [00:03<00:19,  3.41it/s, loss=0.6902]Trial 4 Ep4:  14%|███████████▌                                                                      | 11/78 [00:03<00:19,  3.47it/s, loss=0.6902]Trial 4 Ep4:  14%|███████████▌                                                                      | 11/78 [00:03<00:19,  3.47it/s, loss=0.6842]Trial 4 Ep4:  15%|████████████▌                                                                     | 12/78 [00:03<00:19,  3.40it/s, loss=0.6842]Trial 4 Ep4:  15%|████████████▌                                                                     | 12/78 [00:03<00:19,  3.40it/s, loss=0.6951]Trial 4 Ep4:  17%|█████████████▋                                                                    | 13/78 [00:03<00:19,  3.32it/s, loss=0.6951]Trial 4 Ep4:  17%|█████████████▋                                                                    | 13/78 [00:04<00:19,  3.32it/s, loss=0.6808]Trial 4 Ep4:  18%|██████████████▋                                                                   | 14/78 [00:04<00:19,  3.26it/s, loss=0.6808]Trial 4 Ep4:  18%|██████████████▋                                                                   | 14/78 [00:04<00:19,  3.26it/s, loss=0.6958]Trial 4 Ep4:  19%|███████████████▊                                                                  | 15/78 [00:04<00:19,  3.19it/s, loss=0.6958]Trial 4 Ep4:  19%|███████████████▊                                                                  | 15/78 [00:04<00:19,  3.19it/s, loss=0.6995]Trial 4 Ep4:  21%|████████████████▊                                                                 | 16/78 [00:04<00:19,  3.25it/s, loss=0.6995]Trial 4 Ep4:  21%|████████████████▊                                                                 | 16/78 [00:05<00:19,  3.25it/s, loss=0.6788]Trial 4 Ep4:  22%|█████████████████▊                                                                | 17/78 [00:05<00:19,  3.20it/s, loss=0.6788]Trial 4 Ep4:  22%|█████████████████▊                                                                | 17/78 [00:05<00:19,  3.20it/s, loss=0.6941]Trial 4 Ep4:  23%|██████████████████▉                                                               | 18/78 [00:05<00:18,  3.18it/s, loss=0.6941]Trial 4 Ep4:  23%|██████████████████▉                                                               | 18/78 [00:05<00:18,  3.18it/s, loss=0.6943]Trial 4 Ep4:  24%|███████████████████▉                                                              | 19/78 [00:05<00:18,  3.12it/s, loss=0.6943]Trial 4 Ep4:  24%|███████████████████▉                                                              | 19/78 [00:06<00:18,  3.12it/s, loss=0.6866]Trial 4 Ep4:  26%|█████████████████████                                                             | 20/78 [00:06<00:18,  3.11it/s, loss=0.6866]Trial 4 Ep4:  26%|█████████████████████                                                             | 20/78 [00:06<00:18,  3.11it/s, loss=0.6814]Trial 4 Ep4:  27%|██████████████████████                                                            | 21/78 [00:06<00:18,  3.05it/s, loss=0.6814]Trial 4 Ep4:  27%|██████████████████████                                                            | 21/78 [00:06<00:18,  3.05it/s, loss=0.6882]Trial 4 Ep4:  28%|███████████████████████▏                                                          | 22/78 [00:06<00:18,  3.05it/s, loss=0.6882]Trial 4 Ep4:  28%|███████████████████████▏                                                          | 22/78 [00:07<00:18,  3.05it/s, loss=0.7034]Trial 4 Ep4:  29%|████████████████████████▏                                                         | 23/78 [00:07<00:18,  3.05it/s, loss=0.7034]Trial 4 Ep4:  29%|████████████████████████▏                                                         | 23/78 [00:07<00:18,  3.05it/s, loss=0.6970]Trial 4 Ep4:  31%|█████████████████████████▏                                                        | 24/78 [00:07<00:17,  3.10it/s, loss=0.6970]Trial 4 Ep4:  31%|█████████████████████████▏                                                        | 24/78 [00:07<00:17,  3.10it/s, loss=0.7000]Trial 4 Ep4:  32%|██████████████████████████▎                                                       | 25/78 [00:07<00:17,  3.08it/s, loss=0.7000]Trial 4 Ep4:  32%|██████████████████████████▎                                                       | 25/78 [00:08<00:17,  3.08it/s, loss=0.7037]Trial 4 Ep4:  33%|███████████████████████████▎                                                      | 26/78 [00:08<00:17,  3.05it/s, loss=0.7037]Trial 4 Ep4:  33%|███████████████████████████▎                                                      | 26/78 [00:08<00:17,  3.05it/s, loss=0.6893]Trial 4 Ep4:  35%|████████████████████████████▍                                                     | 27/78 [00:08<00:16,  3.17it/s, loss=0.6893]Trial 4 Ep4:  35%|████████████████████████████▍                                                     | 27/78 [00:08<00:16,  3.17it/s, loss=0.6865]Trial 4 Ep4:  36%|█████████████████████████████▍                                                    | 28/78 [00:08<00:16,  3.00it/s, loss=0.6865]Trial 4 Ep4:  36%|█████████████████████████████▍                                                    | 28/78 [00:09<00:16,  3.00it/s, loss=0.6830]Trial 4 Ep4:  37%|██████████████████████████████▍                                                   | 29/78 [00:09<00:16,  2.98it/s, loss=0.6830]Trial 4 Ep4:  37%|██████████████████████████████▍                                                   | 29/78 [00:09<00:16,  2.98it/s, loss=0.6885]Trial 4 Ep4:  38%|███████████████████████████████▌                                                  | 30/78 [00:09<00:15,  3.10it/s, loss=0.6885]Trial 4 Ep4:  38%|███████████████████████████████▌                                                  | 30/78 [00:09<00:15,  3.10it/s, loss=0.6901]Trial 4 Ep4:  40%|████████████████████████████████▌                                                 | 31/78 [00:09<00:15,  3.06it/s, loss=0.6901]Trial 4 Ep4:  40%|████████████████████████████████▌                                                 | 31/78 [00:09<00:15,  3.06it/s, loss=0.6945]Trial 4 Ep4:  41%|█████████████████████████████████▋                                                | 32/78 [00:09<00:14,  3.27it/s, loss=0.6945]Trial 4 Ep4:  41%|█████████████████████████████████▋                                                | 32/78 [00:10<00:14,  3.27it/s, loss=0.6926]Trial 4 Ep4:  42%|██████████████████████████████████▋                                               | 33/78 [00:10<00:13,  3.22it/s, loss=0.6926]Trial 4 Ep4:  42%|██████████████████████████████████▋                                               | 33/78 [00:10<00:13,  3.22it/s, loss=0.6901]Trial 4 Ep4:  44%|███████████████████████████████████▋                                              | 34/78 [00:10<00:13,  3.18it/s, loss=0.6901]Trial 4 Ep4:  44%|███████████████████████████████████▋                                              | 34/78 [00:10<00:13,  3.18it/s, loss=0.6893]Trial 4 Ep4:  45%|████████████████████████████████████▊                                             | 35/78 [00:10<00:13,  3.11it/s, loss=0.6893]Trial 4 Ep4:  45%|████████████████████████████████████▊                                             | 35/78 [00:11<00:13,  3.11it/s, loss=0.6931]Trial 4 Ep4:  46%|█████████████████████████████████████▊                                            | 36/78 [00:11<00:12,  3.24it/s, loss=0.6931]Trial 4 Ep4:  46%|█████████████████████████████████████▊                                            | 36/78 [00:11<00:12,  3.24it/s, loss=0.6977]Trial 4 Ep4:  47%|██████████████████████████████████████▉                                           | 37/78 [00:11<00:12,  3.30it/s, loss=0.6977]Trial 4 Ep4:  47%|██████████████████████████████████████▉                                           | 37/78 [00:11<00:12,  3.30it/s, loss=0.7005]Trial 4 Ep4:  49%|███████████████████████████████████████▉                                          | 38/78 [00:11<00:12,  3.26it/s, loss=0.7005]Trial 4 Ep4:  49%|███████████████████████████████████████▉                                          | 38/78 [00:12<00:12,  3.26it/s, loss=0.6840]Trial 4 Ep4:  50%|█████████████████████████████████████████                                         | 39/78 [00:12<00:12,  3.22it/s, loss=0.6840]Trial 4 Ep4:  50%|█████████████████████████████████████████                                         | 39/78 [00:12<00:12,  3.22it/s, loss=0.6875]Trial 4 Ep4:  51%|██████████████████████████████████████████                                        | 40/78 [00:12<00:12,  3.14it/s, loss=0.6875]Trial 4 Ep4:  51%|██████████████████████████████████████████                                        | 40/78 [00:12<00:12,  3.14it/s, loss=0.6935]Trial 4 Ep4:  53%|███████████████████████████████████████████                                       | 41/78 [00:12<00:11,  3.26it/s, loss=0.6935]Trial 4 Ep4:  53%|███████████████████████████████████████████                                       | 41/78 [00:13<00:11,  3.26it/s, loss=0.7152]Trial 4 Ep4:  54%|████████████████████████████████████████████▏                                     | 42/78 [00:13<00:11,  3.21it/s, loss=0.7152]Trial 4 Ep4:  54%|████████████████████████████████████████████▏                                     | 42/78 [00:13<00:11,  3.21it/s, loss=0.6899]Trial 4 Ep4:  55%|█████████████████████████████████████████████▏                                    | 43/78 [00:13<00:10,  3.27it/s, loss=0.6899]Trial 4 Ep4:  55%|█████████████████████████████████████████████▏                                    | 43/78 [00:13<00:10,  3.27it/s, loss=0.6784]Trial 4 Ep4:  56%|██████████████████████████████████████████████▎                                   | 44/78 [00:13<00:10,  3.22it/s, loss=0.6784]Trial 4 Ep4:  56%|██████████████████████████████████████████████▎                                   | 44/78 [00:13<00:10,  3.22it/s, loss=0.6966]Trial 4 Ep4:  58%|███████████████████████████████████████████████▎                                  | 45/78 [00:13<00:10,  3.15it/s, loss=0.6966]Trial 4 Ep4:  58%|███████████████████████████████████████████████▎                                  | 45/78 [00:14<00:10,  3.15it/s, loss=0.6982]Trial 4 Ep4:  59%|████████████████████████████████████████████████▎                                 | 46/78 [00:14<00:10,  3.16it/s, loss=0.6982]Trial 4 Ep4:  59%|████████████████████████████████████████████████▎                                 | 46/78 [00:14<00:10,  3.16it/s, loss=0.6940]Trial 4 Ep4:  60%|█████████████████████████████████████████████████▍                                | 47/78 [00:14<00:09,  3.12it/s, loss=0.6940]Trial 4 Ep4:  60%|█████████████████████████████████████████████████▍                                | 47/78 [00:14<00:09,  3.12it/s, loss=0.7064]Trial 4 Ep4:  62%|██████████████████████████████████████████████████▍                               | 48/78 [00:14<00:09,  3.26it/s, loss=0.7064]Trial 4 Ep4:  62%|██████████████████████████████████████████████████▍                               | 48/78 [00:15<00:09,  3.26it/s, loss=0.7180]Trial 4 Ep4:  63%|███████████████████████████████████████████████████▌                              | 49/78 [00:15<00:08,  3.28it/s, loss=0.7180]Trial 4 Ep4:  63%|███████████████████████████████████████████████████▌                              | 49/78 [00:15<00:08,  3.28it/s, loss=0.7020]Trial 4 Ep4:  64%|████████████████████████████████████████████████████▌                             | 50/78 [00:15<00:09,  3.06it/s, loss=0.7020]Trial 4 Ep4:  64%|████████████████████████████████████████████████████▌                             | 50/78 [00:15<00:09,  3.06it/s, loss=0.6943]Trial 4 Ep4:  65%|█████████████████████████████████████████████████████▌                            | 51/78 [00:15<00:08,  3.12it/s, loss=0.6943]Trial 4 Ep4:  65%|█████████████████████████████████████████████████████▌                            | 51/78 [00:16<00:08,  3.12it/s, loss=0.6957]Trial 4 Ep4:  67%|██████████████████████████████████████████████████████▋                           | 52/78 [00:16<00:08,  3.10it/s, loss=0.6957]Trial 4 Ep4:  67%|██████████████████████████████████████████████████████▋                           | 52/78 [00:16<00:08,  3.10it/s, loss=0.6872]Trial 4 Ep4:  68%|███████████████████████████████████████████████████████▋                          | 53/78 [00:16<00:07,  3.16it/s, loss=0.6872]Trial 4 Ep4:  68%|███████████████████████████████████████████████████████▋                          | 53/78 [00:16<00:07,  3.16it/s, loss=0.6952]Trial 4 Ep4:  69%|████████████████████████████████████████████████████████▊                         | 54/78 [00:16<00:07,  3.21it/s, loss=0.6952]Trial 4 Ep4:  69%|████████████████████████████████████████████████████████▊                         | 54/78 [00:17<00:07,  3.21it/s, loss=0.6891]Trial 4 Ep4:  71%|█████████████████████████████████████████████████████████▊                        | 55/78 [00:17<00:07,  3.19it/s, loss=0.6891]Trial 4 Ep4:  71%|█████████████████████████████████████████████████████████▊                        | 55/78 [00:17<00:07,  3.19it/s, loss=0.7061]Trial 4 Ep4:  72%|██████████████████████████████████████████████████████████▊                       | 56/78 [00:17<00:06,  3.17it/s, loss=0.7061]Trial 4 Ep4:  72%|██████████████████████████████████████████████████████████▊                       | 56/78 [00:17<00:06,  3.17it/s, loss=0.6881]Trial 4 Ep4:  73%|███████████████████████████████████████████████████████████▉                      | 57/78 [00:17<00:06,  3.16it/s, loss=0.6881]Trial 4 Ep4:  73%|███████████████████████████████████████████████████████████▉                      | 57/78 [00:18<00:06,  3.16it/s, loss=0.6926]Trial 4 Ep4:  74%|████████████████████████████████████████████████████████████▉                     | 58/78 [00:18<00:06,  3.10it/s, loss=0.6926]Trial 4 Ep4:  74%|████████████████████████████████████████████████████████████▉                     | 58/78 [00:18<00:06,  3.10it/s, loss=0.6907]Trial 4 Ep4:  76%|██████████████████████████████████████████████████████████████                    | 59/78 [00:18<00:06,  3.08it/s, loss=0.6907]Trial 4 Ep4:  76%|██████████████████████████████████████████████████████████████                    | 59/78 [00:18<00:06,  3.08it/s, loss=0.6800]Trial 4 Ep4:  77%|███████████████████████████████████████████████████████████████                   | 60/78 [00:18<00:05,  3.10it/s, loss=0.6800]Trial 4 Ep4:  77%|███████████████████████████████████████████████████████████████                   | 60/78 [00:19<00:05,  3.10it/s, loss=0.6974]Trial 4 Ep4:  78%|████████████████████████████████████████████████████████████████▏                 | 61/78 [00:19<00:05,  3.27it/s, loss=0.6974]Trial 4 Ep4:  78%|████████████████████████████████████████████████████████████████▏                 | 61/78 [00:19<00:05,  3.27it/s, loss=0.6943]Trial 4 Ep4:  79%|█████████████████████████████████████████████████████████████████▏                | 62/78 [00:19<00:05,  3.12it/s, loss=0.6943]Trial 4 Ep4:  79%|█████████████████████████████████████████████████████████████████▏                | 62/78 [00:19<00:05,  3.12it/s, loss=0.6965]Trial 4 Ep4:  81%|██████████████████████████████████████████████████████████████████▏               | 63/78 [00:19<00:05,  2.99it/s, loss=0.6965]Trial 4 Ep4:  81%|██████████████████████████████████████████████████████████████████▏               | 63/78 [00:20<00:05,  2.99it/s, loss=0.6906]Trial 4 Ep4:  82%|███████████████████████████████████████████████████████████████████▎              | 64/78 [00:20<00:04,  3.11it/s, loss=0.6906]Trial 4 Ep4:  82%|███████████████████████████████████████████████████████████████████▎              | 64/78 [00:20<00:04,  3.11it/s, loss=0.7080]Trial 4 Ep4:  83%|████████████████████████████████████████████████████████████████████▎             | 65/78 [00:20<00:04,  3.07it/s, loss=0.7080]Trial 4 Ep4:  83%|████████████████████████████████████████████████████████████████████▎             | 65/78 [00:20<00:04,  3.07it/s, loss=0.6836]Trial 4 Ep4:  85%|█████████████████████████████████████████████████████████████████████▍            | 66/78 [00:20<00:03,  3.22it/s, loss=0.6836]Trial 4 Ep4:  85%|█████████████████████████████████████████████████████████████████████▍            | 66/78 [00:20<00:03,  3.22it/s, loss=0.7001]Trial 4 Ep4:  86%|██████████████████████████████████████████████████████████████████████▍           | 67/78 [00:20<00:03,  3.31it/s, loss=0.7001]Trial 4 Ep4:  86%|██████████████████████████████████████████████████████████████████████▍           | 67/78 [00:21<00:03,  3.31it/s, loss=0.6928]Trial 4 Ep4:  87%|███████████████████████████████████████████████████████████████████████▍          | 68/78 [00:21<00:03,  3.16it/s, loss=0.6928]Trial 4 Ep4:  87%|███████████████████████████████████████████████████████████████████████▍          | 68/78 [00:21<00:03,  3.16it/s, loss=0.6915]Trial 4 Ep4:  88%|████████████████████████████████████████████████████████████████████████▌         | 69/78 [00:21<00:02,  3.19it/s, loss=0.6915]Trial 4 Ep4:  88%|████████████████████████████████████████████████████████████████████████▌         | 69/78 [00:22<00:02,  3.19it/s, loss=0.6955]Trial 4 Ep4:  90%|█████████████████████████████████████████████████████████████████████████▌        | 70/78 [00:22<00:02,  2.77it/s, loss=0.6955]Trial 4 Ep4:  90%|█████████████████████████████████████████████████████████████████████████▌        | 70/78 [00:22<00:02,  2.77it/s, loss=0.6911]Trial 4 Ep4:  91%|██████████████████████████████████████████████████████████████████████████▋       | 71/78 [00:22<00:02,  2.93it/s, loss=0.6911]Trial 4 Ep4:  91%|██████████████████████████████████████████████████████████████████████████▋       | 71/78 [00:22<00:02,  2.93it/s, loss=0.6844]Trial 4 Ep4:  92%|███████████████████████████████████████████████████████████████████████████▋      | 72/78 [00:22<00:02,  2.85it/s, loss=0.6844]Trial 4 Ep4:  92%|███████████████████████████████████████████████████████████████████████████▋      | 72/78 [00:23<00:02,  2.85it/s, loss=0.7054]Trial 4 Ep4:  94%|████████████████████████████████████████████████████████████████████████████▋     | 73/78 [00:23<00:01,  2.83it/s, loss=0.7054]Trial 4 Ep4:  94%|████████████████████████████████████████████████████████████████████████████▋     | 73/78 [00:23<00:01,  2.83it/s, loss=0.7115]Trial 4 Ep4:  95%|█████████████████████████████████████████████████████████████████████████████▊    | 74/78 [00:23<00:01,  3.10it/s, loss=0.7115]Trial 4 Ep4:  95%|█████████████████████████████████████████████████████████████████████████████▊    | 74/78 [00:23<00:01,  3.10it/s, loss=0.7063]Trial 4 Ep4:  96%|██████████████████████████████████████████████████████████████████████████████▊  