Trial 5 Ep6:   0%|                                                                                                        | 0/78 [00:00<?, ?it/s]Trial 5 Ep6:   0%|                                                                                           | 0/78 [00:00<?, ?it/s, loss=0.7052]Trial 5 Ep6:   1%|█                                                                                  | 1/78 [00:00<00:24,  3.11it/s, loss=0.7052]Trial 5 Ep6:   1%|█                                                                                  | 1/78 [00:00<00:24,  3.11it/s, loss=0.6937]Trial 5 Ep6:   3%|██▏                                                                                | 2/78 [00:00<00:25,  2.97it/s, loss=0.6937]Trial 5 Ep6:   3%|██▏                                                                                | 2/78 [00:00<00:25,  2.97it/s, loss=0.6855]Trial 5 Ep6:   4%|███▏                                                                               | 3/78 [00:00<00:24,  3.05it/s, loss=0.6855]Trial 5 Ep6:   4%|███▏                                                                               | 3/78 [00:01<00:24,  3.05it/s, loss=0.7080]Trial 5 Ep6:   5%|████▎                                                                              | 4/78 [00:01<00:23,  3.18it/s, loss=0.7080]Trial 5 Ep6:   5%|████▎                                                                              | 4/78 [00:01<00:23,  3.18it/s, loss=0.7012]Trial 5 Ep6:   6%|█████▎                                                                             | 5/78 [00:01<00:23,  3.15it/s, loss=0.7012]Trial 5 Ep6:   6%|█████▎                                                                             | 5/78 [00:01<00:23,  3.15it/s, loss=0.6688]Trial 5 Ep6:   8%|██████▍                                                                            | 6/78 [00:01<00:22,  3.24it/s, loss=0.6688]Trial 5 Ep6:   8%|██████▍                                                                            | 6/78 [00:02<00:22,  3.24it/s, loss=0.6867]Trial 5 Ep6:   9%|███████▍                                                                           | 7/78 [00:02<00:21,  3.30it/s, loss=0.6867]Trial 5 Ep6:   9%|███████▍                                                                           | 7/78 [00:02<00:21,  3.30it/s, loss=0.6878]Trial 5 Ep6:  10%|████████▌                                                                          | 8/78 [00:02<00:21,  3.21it/s, loss=0.6878]Trial 5 Ep6:  10%|████████▌                                                                          | 8/78 [00:02<00:21,  3.21it/s, loss=0.6997]Trial 5 Ep6:  12%|█████████▌                                                                         | 9/78 [00:02<00:22,  3.14it/s, loss=0.6997]Trial 5 Ep6:  12%|█████████▌                                                                         | 9/78 [00:03<00:22,  3.14it/s, loss=0.6629]Trial 5 Ep6:  13%|██████████▌                                                                       | 10/78 [00:03<00:22,  3.08it/s, loss=0.6629]Trial 5 Ep6:  13%|██████████▌                                                                       | 10/78 [00:03<00:22,  3.08it/s, loss=0.6922]Trial 5 Ep6:  14%|███████████▌                                                                      | 11/78 [00:03<00:21,  3.11it/s, loss=0.6922]Trial 5 Ep6:  14%|███████████▌                                                                      | 11/78 [00:03<00:21,  3.11it/s, loss=0.7103]Trial 5 Ep6:  15%|████████████▌                                                                     | 12/78 [00:03<00:20,  3.16it/s, loss=0.7103]Trial 5 Ep6:  15%|████████████▌                                                                     | 12/78 [00:04<00:20,  3.16it/s, loss=0.6876]Trial 5 Ep6:  17%|█████████████▋                                                                    | 13/78 [00:04<00:20,  3.19it/s, loss=0.6876]Trial 5 Ep6:  17%|█████████████▋                                                                    | 13/78 [00:04<00:20,  3.19it/s, loss=0.6849]Trial 5 Ep6:  18%|██████████████▋                                                                   | 14/78 [00:04<00:20,  3.17it/s, loss=0.6849]Trial 5 Ep6:  18%|██████████████▋                                                                   | 14/78 [00:04<00:20,  3.17it/s, loss=0.7097]Trial 5 Ep6:  19%|███████████████▊                                                                  | 15/78 [00:04<00:21,  2.97it/s, loss=0.7097]Trial 5 Ep6:  19%|███████████████▊                                                                  | 15/78 [00:05<00:21,  2.97it/s, loss=0.6834]Trial 5 Ep6:  21%|████████████████▊                                                                 | 16/78 [00:05<00:20,  2.98it/s, loss=0.6834]Trial 5 Ep6:  21%|████████████████▊                                                                 | 16/78 [00:05<00:20,  2.98it/s, loss=0.6795]Trial 5 Ep6:  22%|█████████████████▊                                                                | 17/78 [00:05<00:19,  3.13it/s, loss=0.6795]Trial 5 Ep6:  22%|█████████████████▊                                                                | 17/78 [00:05<00:19,  3.13it/s, loss=0.7055]Trial 5 Ep6:  23%|██████████████████▉                                                               | 18/78 [00:05<00:19,  3.15it/s, loss=0.7055]Trial 5 Ep6:  23%|██████████████████▉                                                               | 18/78 [00:06<00:19,  3.15it/s, loss=0.7386]Trial 5 Ep6:  24%|███████████████████▉                                                              | 19/78 [00:06<00:18,  3.15it/s, loss=0.7386]Trial 5 Ep6:  24%|███████████████████▉                                                              | 19/78 [00:06<00:18,  3.15it/s, loss=0.7047]Trial 5 Ep6:  26%|█████████████████████                                                             | 20/78 [00:06<00:18,  3.07it/s, loss=0.7047]Trial 5 Ep6:  26%|█████████████████████                                                             | 20/78 [00:06<00:18,  3.07it/s, loss=0.7115]Trial 5 Ep6:  27%|██████████████████████                                                            | 21/78 [00:06<00:18,  3.03it/s, loss=0.7115]Trial 5 Ep6:  27%|██████████████████████                                                            | 21/78 [00:07<00:18,  3.03it/s, loss=0.7162]Trial 5 Ep6:  28%|███████████████████████▏                                                          | 22/78 [00:07<00:17,  3.14it/s, loss=0.7162]Trial 5 Ep6:  28%|███████████████████████▏                                                          | 22/78 [00:07<00:17,  3.14it/s, loss=0.7080]Trial 5 Ep6:  29%|████████████████████████▏                                                         | 23/78 [00:07<00:17,  3.18it/s, loss=0.7080]Trial 5 Ep6:  29%|████████████████████████▏                                                         | 23/78 [00:07<00:17,  3.18it/s, loss=0.7024]Trial 5 Ep6:  31%|█████████████████████████▏                                                        | 24/78 [00:07<00:17,  3.09it/s, loss=0.7024]Trial 5 Ep6:  31%|█████████████████████████▏                                                        | 24/78 [00:08<00:17,  3.09it/s, loss=0.7058]Trial 5 Ep6:  32%|██████████████████████████▎                                                       | 25/78 [00:08<00:17,  3.07it/s, loss=0.7058]Trial 5 Ep6:  32%|██████████████████████████▎                                                       | 25/78 [00:08<00:17,  3.07it/s, loss=0.7005]Trial 5 Ep6:  33%|███████████████████████████▎                                                      | 26/78 [00:08<00:16,  3.17it/s, loss=0.7005]Trial 5 Ep6:  33%|███████████████████████████▎                                                      | 26/78 [00:08<00:16,  3.17it/s, loss=0.6759]Trial 5 Ep6:  35%|████████████████████████████▍                                                     | 27/78 [00:08<00:17,  2.97it/s, loss=0.6759]Trial 5 Ep6:  35%|████████████████████████████▍                                                     | 27/78 [00:09<00:17,  2.97it/s, loss=0.7171]Trial 5 Ep6:  36%|█████████████████████████████▍                                                    | 28/78 [00:09<00:16,  3.01it/s, loss=0.7171]Trial 5 Ep6:  36%|█████████████████████████████▍                                                    | 28/78 [00:09<00:16,  3.01it/s, loss=0.7054]Trial 5 Ep6:  37%|██████████████████████████████▍                                                   | 29/78 [00:09<00:15,  3.16it/s, loss=0.7054]Trial 5 Ep6:  37%|██████████████████████████████▍                                                   | 29/78 [00:09<00:15,  3.16it/s, loss=0.6971]Trial 5 Ep6:  38%|███████████████████████████████▌                                                  | 30/78 [00:09<00:15,  3.13it/s, loss=0.6971]Trial 5 Ep6:  38%|███████████████████████████████▌                                                  | 30/78 [00:09<00:15,  3.13it/s, loss=0.7041]Trial 5 Ep6:  40%|████████████████████████████████▌                                                 | 31/78 [00:09<00:14,  3.14it/s, loss=0.7041]Trial 5 Ep6:  40%|████████████████████████████████▌                                                 | 31/78 [00:10<00:14,  3.14it/s, loss=0.7131]Trial 5 Ep6:  41%|█████████████████████████████████▋                                                | 32/78 [00:10<00:14,  3.12it/s, loss=0.7131]Trial 5 Ep6:  41%|█████████████████████████████████▋                                                | 32/78 [00:10<00:14,  3.12it/s, loss=0.7039]Trial 5 Ep6:  42%|██████████████████████████████████▋                                               | 33/78 [00:10<00:14,  3.19it/s, loss=0.7039]Trial 5 Ep6:  42%|██████████████████████████████████▋                                               | 33/78 [00:10<00:14,  3.19it/s, loss=0.6799]Trial 5 Ep6:  44%|███████████████████████████████████▋                                              | 34/78 [00:10<00:14,  3.12it/s, loss=0.6799]Trial 5 Ep6:  44%|███████████████████████████████████▋                                              | 34/78 [00:11<00:14,  3.12it/s, loss=0.6943]Trial 5 Ep6:  45%|████████████████████████████████████▊                                             | 35/78 [00:11<00:13,  3.21it/s, loss=0.6943]Trial 5 Ep6:  45%|████████████████████████████████████▊                                             | 35/78 [00:11<00:13,  3.21it/s, loss=0.6833]Trial 5 Ep6:  46%|█████████████████████████████████████▊                                            | 36/78 [00:11<00:13,  3.08it/s, loss=0.6833]Trial 5 Ep6:  46%|█████████████████████████████████████▊                                            | 36/78 [00:11<00:13,  3.08it/s, loss=0.6673]Trial 5 Ep6:  47%|██████████████████████████████████████▉                                           | 37/78 [00:11<00:13,  3.14it/s, loss=0.6673]Trial 5 Ep6:  47%|██████████████████████████████████████▉                                           | 37/78 [00:12<00:13,  3.14it/s, loss=0.7408]Trial 5 Ep6:  49%|███████████████████████████████████████▉                                          | 38/78 [00:12<00:13,  3.08it/s, loss=0.7408]Trial 5 Ep6:  49%|███████████████████████████████████████▉                                          | 38/78 [00:12<00:13,  3.08it/s, loss=0.7067]Trial 5 Ep6:  50%|█████████████████████████████████████████                                         | 39/78 [00:12<00:12,  3.22it/s, loss=0.7067]Trial 5 Ep6:  50%|█████████████████████████████████████████                                         | 39/78 [00:12<00:12,  3.22it/s, loss=0.7187]Trial 5 Ep6:  51%|██████████████████████████████████████████                                        | 40/78 [00:12<00:12,  3.02it/s, loss=0.7187]Trial 5 Ep6:  51%|██████████████████████████████████████████                                        | 40/78 [00:13<00:12,  3.02it/s, loss=0.6948]Trial 5 Ep6:  53%|███████████████████████████████████████████                                       | 41/78 [00:13<00:11,  3.16it/s, loss=0.6948]Trial 5 Ep6:  53%|███████████████████████████████████████████                                       | 41/78 [00:13<00:11,  3.16it/s, loss=0.7103]Trial 5 Ep6:  54%|████████████████████████████████████████████▏                                     | 42/78 [00:13<00:11,  3.25it/s, loss=0.7103]Trial 5 Ep6:  54%|████████████████████████████████████████████▏                                     | 42/78 [00:13<00:11,  3.25it/s, loss=0.7032]Trial 5 Ep6:  55%|█████████████████████████████████████████████▏                                    | 43/78 [00:13<00:11,  3.18it/s, loss=0.7032]Trial 5 Ep6:  55%|█████████████████████████████████████████████▏                                    | 43/78 [00:14<00:11,  3.18it/s, loss=0.6958]Trial 5 Ep6:  56%|██████████████████████████████████████████████▎                                   | 44/78 [00:14<00:11,  3.05it/s, loss=0.6958]Trial 5 Ep6:  56%|██████████████████████████████████████████████▎                                   | 44/78 [00:14<00:11,  3.05it/s, loss=0.7008]Trial 5 Ep6:  58%|███████████████████████████████████████████████▎                                  | 45/78 [00:14<00:10,  3.28it/s, loss=0.7008]Trial 5 Ep6:  58%|███████████████████████████████████████████████▎                                  | 45/78 [00:14<00:10,  3.28it/s, loss=0.7208]Trial 5 Ep6:  59%|████████████████████████████████████████████████▎                                 | 46/78 [00:14<00:10,  3.19it/s, loss=0.7208]Trial 5 Ep6:  59%|████████████████████████████████████████████████▎                                 | 46/78 [00:15<00:10,  3.19it/s, loss=0.6899]Trial 5 Ep6:  60%|█████████████████████████████████████████████████▍                                | 47/78 [00:15<00:09,  3.11it/s, loss=0.6899]Trial 5 Ep6:  60%|█████████████████████████████████████████████████▍                                | 47/78 [00:15<00:09,  3.11it/s, loss=0.6891]Trial 5 Ep6:  62%|██████████████████████████████████████████████████▍                               | 48/78 [00:15<00:09,  3.08it/s, loss=0.6891]Trial 5 Ep6:  62%|██████████████████████████████████████████████████▍                               | 48/78 [00:15<00:09,  3.08it/s, loss=0.6958]Trial 5 Ep6:  63%|███████████████████████████████████████████████████▌                              | 49/78 [00:15<00:09,  3.05it/s, loss=0.6958]Trial 5 Ep6:  63%|███████████████████████████████████████████████████▌                              | 49/78 [00:16<00:09,  3.05it/s, loss=0.6901]Trial 5 Ep6:  64%|████████████████████████████████████████████████████▌                             | 50/78 [00:16<00:09,  3.07it/s, loss=0.6901]Trial 5 Ep6:  64%|████████████████████████████████████████████████████▌                             | 50/78 [00:16<00:09,  3.07it/s, loss=0.7199]Trial 5 Ep6:  65%|█████████████████████████████████████████████████████▌                            | 51/78 [00:16<00:09,  2.93it/s, loss=0.7199]Trial 5 Ep6:  65%|█████████████████████████████████████████████████████▌                            | 51/78 [00:16<00:09,  2.93it/s, loss=0.6934]Trial 5 Ep6:  67%|██████████████████████████████████████████████████████▋                           | 52/78 [00:16<00:08,  3.08it/s, loss=0.6934]Trial 5 Ep6:  67%|██████████████████████████████████████████████████████▋                           | 52/78 [00:17<00:08,  3.08it/s, loss=0.6961]Trial 5 Ep6:  68%|███████████████████████████████████████████████████████▋                          | 53/78 [00:17<00:08,  3.02it/s, loss=0.6961]Trial 5 Ep6:  68%|███████████████████████████████████████████████████████▋                          | 53/78 [00:17<00:08,  3.02it/s, loss=0.6703]Trial 5 Ep6:  69%|████████████████████████████████████████████████████████▊                         | 54/78 [00:17<00:07,  3.08it/s, loss=0.6703]Trial 5 Ep6:  69%|████████████████████████████████████████████████████████▊                         | 54/78 [00:17<00:07,  3.08it/s, loss=0.6826]Trial 5 Ep6:  71%|█████████████████████████████████████████████████████████▊                        | 55/78 [00:17<00:07,  3.05it/s, loss=0.6826]Trial 5 Ep6:  71%|█████████████████████████████████████████████████████████▊                        | 55/78 [00:17<00:07,  3.05it/s, loss=0.7089]Trial 5 Ep6:  72%|██████████████████████████████████████████████████████████▊                       | 56/78 [00:17<00:07,  3.13it/s, loss=0.7089]Trial 5 Ep6:  72%|██████████████████████████████████████████████████████████▊                       | 56/78 [00:18<00:07,  3.13it/s, loss=0.6822]Trial 5 Ep6:  73%|███████████████████████████████████████████████████████████▉                      | 57/78 [00:18<00:06,  3.20it/s, loss=0.6822]Trial 5 Ep6:  73%|███████████████████████████████████████████████████████████▉                      | 57/78 [00:18<00:06,  3.20it/s, loss=0.7168]Trial 5 Ep6:  74%|████████████████████████████████████████████████████████████▉                     | 58/78 [00:18<00:06,  3.09it/s, loss=0.7168]Trial 5 Ep6:  74%|████████████████████████████████████████████████████████████▉                     | 58/78 [00:18<00:06,  3.09it/s, loss=0.6771]Trial 5 Ep6:  76%|██████████████████████████████████████████████████████████████                    | 59/78 [00:18<00:06,  3.15it/s, loss=0.6771]Trial 5 Ep6:  76%|██████████████████████████████████████████████████████████████                    | 59/78 [00:19<00:06,  3.15it/s, loss=0.6776]Trial 5 Ep6:  77%|███████████████████████████████████████████████████████████████                   | 60/78 [00:19<00:05,  3.09it/s, loss=0.6776]Trial 5 Ep6:  77%|███████████████████████████████████████████████████████████████                   | 60/78 [00:19<00:05,  3.09it/s, loss=0.6965]Trial 5 Ep6:  78%|████████████████████████████████████████████████████████████████▏                 | 61/78 [00:19<00:05,  3.11it/s, loss=0.6965]Trial 5 Ep6:  78%|████████████████████████████████████████████████████████████████▏                 | 61/78 [00:19<00:05,  3.11it/s, loss=0.6940]Trial 5 Ep6:  79%|█████████████████████████████████████████████████████████████████▏                | 62/78 [00:19<00:05,  3.18it/s, loss=0.6940]Trial 5 Ep6:  79%|█████████████████████████████████████████████████████████████████▏                | 62/78 [00:20<00:05,  3.18it/s, loss=0.6816]Trial 5 Ep6:  81%|██████████████████████████████████████████████████████████████████▏               | 63/78 [00:20<00:04,  3.14it/s, loss=0.6816]Trial 5 Ep6:  81%|██████████████████████████████████████████████████████████████████▏               | 63/78 [00:20<00:04,  3.14it/s, loss=0.6930]Trial 5 Ep6:  82%|███████████████████████████████████████████████████████████████████▎              | 64/78 [00:20<00:04,  3.10it/s, loss=0.6930]Trial 5 Ep6:  82%|███████████████████████████████████████████████████████████████████▎              | 64/78 [00:20<00:04,  3.10it/s, loss=0.7051]Trial 5 Ep6:  83%|████████████████████████████████████████████████████████████████████▎             | 65/78 [00:20<00:03,  3.29it/s, loss=0.7051]Trial 5 Ep6:  83%|████████████████████████████████████████████████████████████████████▎             | 65/78 [00:21<00:03,  3.29it/s, loss=0.7064]Trial 5 Ep6:  85%|█████████████████████████████████████████████████████████████████████▍            | 66/78 [00:21<00:03,  3.16it/s, loss=0.7064]Trial 5 Ep6:  85%|█████████████████████████████████████████████████████████████████████▍            | 66/78 [00:21<00:03,  3.16it/s, loss=0.7127]Trial 5 Ep6:  86%|██████████████████████████████████████████████████████████████████████▍           | 67/78 [00:21<00:03,  3.20it/s, loss=0.7127]Trial 5 Ep6:  86%|██████████████████████████████████████████████████████████████████████▍           | 67/78 [00:21<00:03,  3.20it/s, loss=0.6922]Trial 5 Ep6:  87%|███████████████████████████████████████████████████████████████████████▍          | 68/78 [00:21<00:03,  2.76it/s, loss=0.6922]Trial 5 Ep6:  87%|███████████████████████████████████████████████████████████████████████▍          | 68/78 [00:22<00:03,  2.76it/s, loss=0.6566]Trial 5 Ep6:  88%|████████████████████████████████████████████████████████████████████████▌         | 69/78 [00:22<00:03,  2.86it/s, loss=0.6566]Trial 5 Ep6:  88%|████████████████████████████████████████████████████████████████████████▌         | 69/78 [00:22<00:03,  2.86it/s, loss=0.7019]Trial 5 Ep6:  90%|█████████████████████████████████████████████████████████████████████████▌        | 70/78 [00:22<00:02,  2.87it/s, loss=0.7019]Trial 5 Ep6:  90%|█████████████████████████████████████████████████████████████████████████▌        | 70/78 [00:22<00:02,  2.87it/s, loss=0.6665]Trial 5 Ep6:  91%|██████████████████████████████████████████████████████████████████████████▋       | 71/78 [00:22<00:02,  3.00it/s, loss=0.6665]Trial 5 Ep6:  91%|██████████████████████████████████████████████████████████████████████████▋       | 71/78 [00:23<00:02,  3.00it/s, loss=0.7118]Trial 5 Ep6:  92%|███████████████████████████████████████████████████████████████████████████▋      | 72/78 [00:23<00:02,  2.95it/s, loss=0.7118]Trial 5 Ep6:  92%|███████████████████████████████████████████████████████████████████████████▋      | 72/78 [00:23<00:02,  2.95it/s, loss=0.7040]Trial 5 Ep6:  94%|████████████████████████████████████████████████████████████████████████████▋     | 73/78 [00:23<00:01,  2.95it/s, loss=0.7040]Trial 5 Ep6:  94%|████████████████████████████████████████████████████████████████████████████▋     | 73/78 [00:23<00:01,  2.95it/s, loss=0.7132]Trial 5 Ep6:  95%|█████████████████████████████████████████████████████████████████████████████▊    | 74/78 [00:23<00:01,  3.17it/s, loss=0.7132]Trial 5 Ep6:  95%|█████████████████████████████████████████████████████████████████████████████▊    | 74/78 [00:24<00:01,  3.17it/s, loss=0.7078]Trial 5 Ep6:  96%|██████████████████████████████████████████████████████████████████████████████▊  