Trial 14 Ep5:   0%|                                                                                                                                    | 0/78 [00:00<?, ?it/s]Trial 14 Ep5:   0%|                                                                                                                       | 0/78 [00:00<?, ?it/s, loss=0.7033]Trial 14 Ep5:   1%|█▍                                                                                                             | 1/78 [00:00<00:58,  1.33it/s, loss=0.7033]Trial 14 Ep5:   1%|█▍                                                                                                             | 1/78 [00:01<00:58,  1.33it/s, loss=0.6284]Trial 14 Ep5:   3%|██▊                                                                                                            | 2/78 [00:01<00:55,  1.38it/s, loss=0.6284]Trial 14 Ep5:   3%|██▊                                                                                                            | 2/78 [00:02<00:55,  1.38it/s, loss=0.6522]Trial 14 Ep5:   4%|████▎                                                                                                          | 3/78 [00:02<00:53,  1.41it/s, loss=0.6522]Trial 14 Ep5:   4%|████▎                                                                                                          | 3/78 [00:02<00:53,  1.41it/s, loss=0.6606]Trial 14 Ep5:   5%|█████▋                                                                                                         | 4/78 [00:02<00:52,  1.40it/s, loss=0.6606]Trial 14 Ep5:   5%|█████▋                                                                                                         | 4/78 [00:03<00:52,  1.40it/s, loss=0.6705]Trial 14 Ep5:   6%|███████                                                                                                        | 5/78 [00:03<00:50,  1.45it/s, loss=0.6705]Trial 14 Ep5:   6%|███████                                                                                                        | 5/78 [00:04<00:50,  1.45it/s, loss=0.6957]Trial 14 Ep5:   8%|████████▌                                                                                                      | 6/78 [00:04<00:48,  1.47it/s, loss=0.6957]Trial 14 Ep5:   8%|████████▌                                                                                                      | 6/78 [00:04<00:48,  1.47it/s, loss=0.6937]Trial 14 Ep5:   9%|█████████▉                                                                                                     | 7/78 [00:04<00:46,  1.51it/s, loss=0.6937]Trial 14 Ep5:   9%|█████████▉                                                                                                     | 7/78 [00:05<00:46,  1.51it/s, loss=0.6357]Trial 14 Ep5:  10%|███████████▍                                                                                                   | 8/78 [00:05<00:48,  1.44it/s, loss=0.6357]Trial 14 Ep5:  10%|███████████▍                                                                                                   | 8/78 [00:06<00:48,  1.44it/s, loss=0.6662]Trial 14 Ep5:  12%|████████████▊                                                                                                  | 9/78 [00:06<00:46,  1.47it/s, loss=0.6662]Trial 14 Ep5:  12%|████████████▊                                                                                                  | 9/78 [00:06<00:46,  1.47it/s, loss=0.6524]Trial 14 Ep5:  13%|██████████████                                                                                                | 10/78 [00:06<00:45,  1.48it/s, loss=0.6524]Trial 14 Ep5:  13%|██████████████                                                                                                | 10/78 [00:07<00:45,  1.48it/s, loss=0.6638]Trial 14 Ep5:  14%|███████████████▌                                                                                              | 11/78 [00:07<00:45,  1.47it/s, loss=0.6638]Trial 14 Ep5:  14%|███████████████▌                                                                                              | 11/78 [00:08<00:45,  1.47it/s, loss=0.6260]Trial 14 Ep5:  15%|████████████████▉                                                                                             | 12/78 [00:08<00:44,  1.49it/s, loss=0.6260]Trial 14 Ep5:  15%|████████████████▉                                                                                             | 12/78 [00:08<00:44,  1.49it/s, loss=0.6667]Trial 14 Ep5:  17%|██████████████████▎                                                                                           | 13/78 [00:08<00:45,  1.44it/s, loss=0.6667]Trial 14 Ep5:  17%|██████████████████▎                                                                                           | 13/78 [00:09<00:45,  1.44it/s, loss=0.6771]Trial 14 Ep5:  18%|███████████████████▋                                                                                          | 14/78 [00:09<00:44,  1.44it/s, loss=0.6771]Trial 14 Ep5:  18%|███████████████████▋                                                                                          | 14/78 [00:10<00:44,  1.44it/s, loss=0.6172]Trial 14 Ep5:  19%|█████████████████████▏                                                                                        | 15/78 [00:10<00:45,  1.38it/s, loss=0.6172]Trial 14 Ep5:  19%|█████████████████████▏                                                                                        | 15/78 [00:11<00:45,  1.38it/s, loss=0.6607]Trial 14 Ep5:  21%|██████████████████████▌                                                                                       | 16/78 [00:11<00:43,  1.43it/s, loss=0.6607]Trial 14 Ep5:  21%|██████████████████████▌                                                                                       | 16/78 [00:11<00:43,  1.43it/s, loss=0.6598]Trial 14 Ep5:  22%|███████████████████████▉                                                                                      | 17/78 [00:11<00:40,  1.50it/s, loss=0.6598]Trial 14 Ep5:  22%|███████████████████████▉                                                                                      | 17/78 [00:12<00:40,  1.50it/s, loss=0.7363]Trial 14 Ep5:  23%|█████████████████████████▍                                                                                    | 18/78 [00:12<00:43,  1.39it/s, loss=0.7363]Trial 14 Ep5:  23%|█████████████████████████▍                                                                                    | 18/78 [00:13<00:43,  1.39it/s, loss=0.6448]Trial 14 Ep5:  24%|██████████████████████████▊                                                                                   | 19/78 [00:13<00:42,  1.39it/s, loss=0.6448]Trial 14 Ep5:  24%|██████████████████████████▊                                                                                   | 19/78 [00:13<00:42,  1.39it/s, loss=0.6736]Trial 14 Ep5:  26%|████████████████████████████▏                                                                                 | 20/78 [00:13<00:40,  1.42it/s, loss=0.6736]Trial 14 Ep5:  26%|████████████████████████████▏                                                                                 | 20/78 [00:14<00:40,  1.42it/s, loss=0.6628]Trial 14 Ep5:  27%|█████████████████████████████▌                                                                                | 21/78 [00:14<00:39,  1.45it/s, loss=0.6628]Trial 14 Ep5:  27%|█████████████████████████████▌                                                                                | 21/78 [00:15<00:39,  1.45it/s, loss=0.7018]Trial 14 Ep5:  28%|███████████████████████████████                                                                               | 22/78 [00:15<00:39,  1.42it/s, loss=0.7018]Trial 14 Ep5:  28%|███████████████████████████████                                                                               | 22/78 [00:16<00:39,  1.42it/s, loss=0.7283]Trial 14 Ep5:  29%|████████████████████████████████▍                                                                             | 23/78 [00:16<00:38,  1.42it/s, loss=0.7283]Trial 14 Ep5:  29%|████████████████████████████████▍                                                                             | 23/78 [00:16<00:38,  1.42it/s, loss=0.6390]Trial 14 Ep5:  31%|█████████████████████████████████▊                                                                            | 24/78 [00:16<00:37,  1.45it/s, loss=0.6390]Trial 14 Ep5:  31%|█████████████████████████████████▊                                                                            | 24/78 [00:17<00:37,  1.45it/s, loss=0.6749]Trial 14 Ep5:  32%|███████████████████████████████████▎                                                                          | 25/78 [00:17<00:35,  1.51it/s, loss=0.6749]Trial 14 Ep5:  32%|███████████████████████████████████▎                                                                          | 25/78 [00:17<00:35,  1.51it/s, loss=0.6656]Trial 14 Ep5:  33%|████████████████████████████████████▋                                                                         | 26/78 [00:17<00:35,  1.47it/s, loss=0.6656]Trial 14 Ep5:  33%|████████████████████████████████████▋                                                                         | 26/78 [00:18<00:35,  1.47it/s, loss=0.6701]Trial 14 Ep5:  35%|██████████████████████████████████████                                                                        | 27/78 [00:18<00:35,  1.43it/s, loss=0.6701]Trial 14 Ep5:  35%|██████████████████████████████████████                                                                        | 27/78 [00:19<00:35,  1.43it/s, loss=0.6475]Trial 14 Ep5:  36%|███████████████████████████████████████▍                                                                      | 28/78 [00:19<00:35,  1.41it/s, loss=0.6475]Trial 14 Ep5:  36%|███████████████████████████████████████▍                                                                      | 28/78 [00:20<00:35,  1.41it/s, loss=0.6863]Trial 14 Ep5:  37%|████████████████████████████████████████▉                                                                     | 29/78 [00:20<00:35,  1.40it/s, loss=0.6863]Trial 14 Ep5:  37%|████████████████████████████████████████▉                                                                     | 29/78 [00:20<00:35,  1.40it/s, loss=0.6860]Trial 14 Ep5:  38%|██████████████████████████████████████████▎                                                                   | 30/78 [00:20<00:35,  1.36it/s, loss=0.6860]Trial 14 Ep5:  38%|██████████████████████████████████████████▎                                                                   | 30/78 [00:21<00:35,  1.36it/s, loss=0.7692]Trial 14 Ep5:  40%|███████████████████████████████████████████▋                                                                  | 31/78 [00:21<00:33,  1.41it/s, loss=0.7692]Trial 14 Ep5:  40%|███████████████████████████████████████████▋                                                                  | 31/78 [00:22<00:33,  1.41it/s, loss=0.6321]Trial 14 Ep5:  41%|█████████████████████████████████████████████▏                                                                | 32/78 [00:22<00:34,  1.34it/s, loss=0.6321]Trial 14 Ep5:  41%|█████████████████████████████████████████████▏                                                                | 32/78 [00:23<00:34,  1.34it/s, loss=0.6245]Trial 14 Ep5:  42%|██████████████████████████████████████████████▌                                                               | 33/78 [00:23<00:32,  1.37it/s, loss=0.6245]Trial 14 Ep5:  42%|██████████████████████████████████████████████▌                                                               | 33/78 [00:23<00:32,  1.37it/s, loss=0.6682]Trial 14 Ep5:  44%|███████████████████████████████████████████████▉                                                              | 34/78 [00:23<00:31,  1.41it/s, loss=0.6682]Trial 14 Ep5:  44%|███████████████████████████████████████████████▉                                                              | 34/78 [00:24<00:31,  1.41it/s, loss=0.6752]Trial 14 Ep5:  45%|█████████████████████████████████████████████████▎                                                            | 35/78 [00:24<00:30,  1.40it/s, loss=0.6752]Trial 14 Ep5:  45%|█████████████████████████████████████████████████▎                                                            | 35/78 [00:25<00:30,  1.40it/s, loss=0.6766]Trial 14 Ep5:  46%|██████████████████████████████████████████████████▊                                                           | 36/78 [00:25<00:30,  1.39it/s, loss=0.6766]Trial 14 Ep5:  46%|██████████████████████████████████████████████████▊                                                           | 36/78 [00:25<00:30,  1.39it/s, loss=0.6858]Trial 14 Ep5:  47%|████████████████████████████████████████████████████▏                                                         | 37/78 [00:25<00:28,  1.43it/s, loss=0.6858]Trial 14 Ep5:  47%|████████████████████████████████████████████████████▏                                                         | 37/78 [00:26<00:28,  1.43it/s, loss=0.7003]Trial 14 Ep5:  49%|█████████████████████████████████████████████████████▌                                                        | 38/78 [00:26<00:28,  1.43it/s, loss=0.7003]Trial 14 Ep5:  49%|█████████████████████████████████████████████████████▌                                                        | 38/78 [00:27<00:28,  1.43it/s, loss=0.6652]Trial 14 Ep5:  50%|███████████████████████████████████████████████████████                                                       | 39/78 [00:27<00:26,  1.45it/s, loss=0.6652]Trial 14 Ep5:  50%|███████████████████████████████████████████████████████                                                       | 39/78 [00:28<00:26,  1.45it/s, loss=0.6681]Trial 14 Ep5:  51%|████████████████████████████████████████████████████████▍                                                     | 40/78 [00:28<00:26,  1.42it/s, loss=0.6681]Trial 14 Ep5:  51%|████████████████████████████████████████████████████████▍                                                     | 40/78 [00:28<00:26,  1.42it/s, loss=0.6833]Trial 14 Ep5:  53%|█████████████████████████████████████████████████████████▊                                                    | 41/78 [00:28<00:25,  1.45it/s, loss=0.6833]Trial 14 Ep5:  53%|█████████████████████████████████████████████████████████▊                                                    | 41/78 [00:29<00:25,  1.45it/s, loss=0.6582]Trial 14 Ep5:  54%|███████████████████████████████████████████████████████████▏                                                  | 42/78 [00:29<00:25,  1.40it/s, loss=0.6582]Trial 14 Ep5:  54%|███████████████████████████████████████████████████████████▏                                                  | 42/78 [00:30<00:25,  1.40it/s, loss=0.6656]Trial 14 Ep5:  55%|████████████████████████████████████████████████████████████▋                                                 | 43/78 [00:30<00:24,  1.43it/s, loss=0.6656]Trial 14 Ep5:  55%|████████████████████████████████████████████████████████████▋                                                 | 43/78 [00:30<00:24,  1.43it/s, loss=0.6357]Trial 14 Ep5:  56%|██████████████████████████████████████████████████████████████                                                | 44/78 [00:30<00:25,  1.33it/s, loss=0.6357]Trial 14 Ep5:  56%|██████████████████████████████████████████████████████████████                                                | 44/78 [00:31<00:25,  1.33it/s, loss=0.7498]Trial 14 Ep5:  58%|███████████████████████████████████████████████████████████████▍                                              | 45/78 [00:31<00:24,  1.37it/s, loss=0.7498]Trial 14 Ep5:  58%|███████████████████████████████████████████████████████████████▍                                              | 45/78 [00:32<00:24,  1.37it/s, loss=0.6805]Trial 14 Ep5:  59%|████████████████████████████████████████████████████████████████▊                                             | 46/78 [00:32<00:24,  1.31it/s, loss=0.6805]Trial 14 Ep5:  59%|████████████████████████████████████████████████████████████████▊                                             | 46/78 [00:33<00:24,  1.31it/s, loss=0.6796]Trial 14 Ep5:  60%|██████████████████████████████████████████████████████████████████▎                                           | 47/78 [00:33<00:22,  1.36it/s, loss=0.6796]Trial 14 Ep5:  60%|██████████████████████████████████████████████████████████████████▎                                           | 47/78 [00:33<00:22,  1.36it/s, loss=0.6484]Trial 14 Ep5:  62%|███████████████████████████████████████████████████████████████████▋                                          | 48/78 [00:33<00:22,  1.36it/s, loss=0.6484]Trial 14 Ep5:  62%|███████████████████████████████████████████████████████████████████▋                                          | 48/78 [00:34<00:22,  1.36it/s, loss=0.6887]Trial 14 Ep5:  63%|█████████████████████████████████████████████████████████████████████                                         | 49/78 [00:34<00:20,  1.44it/s, loss=0.6887]Trial 14 Ep5:  63%|█████████████████████████████████████████████████████████████████████                                         | 49/78 [00:35<00:20,  1.44it/s, loss=0.6471]Trial 14 Ep5:  64%|██████████████████████████████████████████████████████████████████████▌                                       | 50/78 [00:35<00:19,  1.46it/s, loss=0.6471]Trial 14 Ep5:  64%|██████████████████████████████████████████████████████████████████████▌                                       | 50/78 [00:35<00:19,  1.46it/s, loss=0.6836]Trial 14 Ep5:  65%|███████████████████████████████████████████████████████████████████████▉                                      | 51/78 [00:35<00:18,  1.46it/s, loss=0.6836]Trial 14 Ep5:  65%|███████████████████████████████████████████████████████████████████████▉                                      | 51/78 [00:36<00:18,  1.46it/s, loss=0.6316]Trial 14 Ep5:  67%|█████████████████████████████████████████████████████████████████████████▎                                    | 52/78 [00:36<00:18,  1.44it/s, loss=0.6316]Trial 14 Ep5:  67%|█████████████████████████████████████████████████████████████████████████▎                                    | 52/78 [00:37<00:18,  1.44it/s, loss=0.7121]Trial 14 Ep5:  68%|██████████████████████████████████████████████████████████████████████████▋                                   | 53/78 [00:37<00:18,  1.38it/s, loss=0.7121]Trial 14 Ep5:  68%|██████████████████████████████████████████████████████████████████████████▋                                   | 53/78 [00:37<00:18,  1.38it/s, loss=0.6690]Trial 14 Ep5:  69%|████████████████████████████████████████████████████████████████████████████▏                                 | 54/78 [00:37<00:16,  1.44it/s, loss=0.6690]Trial 14 Ep5:  69%|████████████████████████████████████████████████████████████████████████████▏                                 | 54/78 [00:38<00:16,  1.44it/s, loss=0.6150]Trial 14 Ep5:  71%|█████████████████████████████████████████████████████████████████████████████▌                                | 55/78 [00:38<00:15,  1.46it/s, loss=0.6150]Trial 14 Ep5:  71%|█████████████████████████████████████████████████████████████████████████████▌                                | 55/78 [00:39<00:15,  1.46it/s, loss=0.6687]Trial 14 Ep5:  72%|██████████████████████████████████████████████████████████████████████████████▉                               | 56/78 [00:39<00:15,  1.40it/s, loss=0.6687]Trial 14 Ep5:  72%|██████████████████████████████████████████████████████████████████████████████▉                               | 56/78 [00:40<00:15,  1.40it/s, loss=0.6429]Trial 14 Ep5:  73%|████████████████████████████████████████████████████████████████████████████████▍                             | 57/78 [00:40<00:14,  1.40it/s, loss=0.6429]Trial 14 Ep5:  73%|████████████████████████████████████████████████████████████████████████████████▍                             | 57/78 [00:40<00:14,  1.40it/s, loss=0.6799]Trial 14 Ep5:  74%|█████████████████████████████████████████████████████████████████████████████████▊                            | 58/78 [00:40<00:14,  1.38it/s, loss=0.6799]Trial 14 Ep5:  74%|█████████████████████████████████████████████████████████████████████████████████▊                            | 58/78 [00:41<00:14,  1.38it/s, loss=0.6881]Trial 14 Ep5:  76%|███████████████████████████████████████████████████████████████████████████████████▏                          | 59/78 [00:41<00:13,  1.37it/s, loss=0.6881]Trial 14 Ep5:  76%|███████████████████████████████████████████████████████████████████████████████████▏                          | 59/78 [00:42<00:13,  1.37it/s, loss=0.6974]Trial 14 Ep5:  77%|████████████████████████████████████████████████████████████████████████████████████▌                         | 60/78 [00:42<00:13,  1.38it/s, loss=0.6974]Trial 14 Ep5:  77%|████████████████████████████████████████████████████████████████████████████████████▌                         | 60/78 [00:43<00:13,  1.38it/s, loss=0.7196]Trial 14 Ep5:  78%|██████████████████████████████████████████████████████████████████████████████████████                        | 61/78 [00:43<00:12,  1.37it/s, loss=0.7196]Trial 14 Ep5:  78%|██████████████████████████████████████████████████████████████████████████████████████                        | 61/78 [00:43<00:12,  1.37it/s, loss=0.6858]Trial 14 Ep5:  79%|███████████████████████████████████████████████████████████████████████████████████████▍                      | 62/78 [00:43<00:11,  1.39it/s, loss=0.6858]Trial 14 Ep5:  79%|███████████████████████████████████████████████████████████████████████████████████████▍                 