Trial 1 Ep4:   0%|                                                                                                        | 0/78 [00:00<?, ?it/s]Trial 1 Ep4:   0%|                                                                                           | 0/78 [00:00<?, ?it/s, loss=0.6363]Trial 1 Ep4:   1%|█                                                                                  | 1/78 [00:00<00:21,  3.61it/s, loss=0.6363]Trial 1 Ep4:   1%|█                                                                                  | 1/78 [00:00<00:21,  3.61it/s, loss=0.6952]Trial 1 Ep4:   3%|██▏                                                                                | 2/78 [00:00<00:22,  3.41it/s, loss=0.6952]Trial 1 Ep4:   3%|██▏                                                                                | 2/78 [00:00<00:22,  3.41it/s, loss=0.7397]Trial 1 Ep4:   4%|███▏                                                                               | 3/78 [00:00<00:23,  3.18it/s, loss=0.7397]Trial 1 Ep4:   4%|███▏                                                                               | 3/78 [00:01<00:23,  3.18it/s, loss=0.7358]Trial 1 Ep4:   5%|████▎                                                                              | 4/78 [00:01<00:22,  3.27it/s, loss=0.7358]Trial 1 Ep4:   5%|████▎                                                                              | 4/78 [00:01<00:22,  3.27it/s, loss=0.6224]Trial 1 Ep4:   6%|█████▎                                                                             | 5/78 [00:01<00:23,  3.16it/s, loss=0.6224]Trial 1 Ep4:   6%|█████▎                                                                             | 5/78 [00:01<00:23,  3.16it/s, loss=0.6662]Trial 1 Ep4:   8%|██████▍                                                                            | 6/78 [00:01<00:23,  3.03it/s, loss=0.6662]Trial 1 Ep4:   8%|██████▍                                                                            | 6/78 [00:02<00:23,  3.03it/s, loss=0.6436]Trial 1 Ep4:   9%|███████▍                                                                           | 7/78 [00:02<00:23,  3.03it/s, loss=0.6436]Trial 1 Ep4:   9%|███████▍                                                                           | 7/78 [00:02<00:23,  3.03it/s, loss=0.6163]Trial 1 Ep4:  10%|████████▌                                                                          | 8/78 [00:02<00:22,  3.07it/s, loss=0.6163]Trial 1 Ep4:  10%|████████▌                                                                          | 8/78 [00:02<00:22,  3.07it/s, loss=0.6954]Trial 1 Ep4:  12%|█████████▌                                                                         | 9/78 [00:02<00:22,  3.05it/s, loss=0.6954]Trial 1 Ep4:  12%|█████████▌                                                                         | 9/78 [00:03<00:22,  3.05it/s, loss=0.6573]Trial 1 Ep4:  13%|██████████▌                                                                       | 10/78 [00:03<00:21,  3.12it/s, loss=0.6573]Trial 1 Ep4:  13%|██████████▌                                                                       | 10/78 [00:03<00:21,  3.12it/s, loss=0.6060]Trial 1 Ep4:  14%|███████████▌                                                                      | 11/78 [00:03<00:20,  3.20it/s, loss=0.6060]Trial 1 Ep4:  14%|███████████▌                                                                      | 11/78 [00:03<00:20,  3.20it/s, loss=0.6356]Trial 1 Ep4:  15%|████████████▌                                                                     | 12/78 [00:03<00:20,  3.29it/s, loss=0.6356]Trial 1 Ep4:  15%|████████████▌                                                                     | 12/78 [00:04<00:20,  3.29it/s, loss=0.6363]Trial 1 Ep4:  17%|█████████████▋                                                                    | 13/78 [00:04<00:20,  3.19it/s, loss=0.6363]Trial 1 Ep4:  17%|█████████████▋                                                                    | 13/78 [00:04<00:20,  3.19it/s, loss=0.6945]Trial 1 Ep4:  18%|██████████████▋                                                                   | 14/78 [00:04<00:19,  3.25it/s, loss=0.6945]Trial 1 Ep4:  18%|██████████████▋                                                                   | 14/78 [00:04<00:19,  3.25it/s, loss=0.6644]Trial 1 Ep4:  19%|███████████████▊                                                                  | 15/78 [00:04<00:18,  3.32it/s, loss=0.6644]Trial 1 Ep4:  19%|███████████████▊                                                                  | 15/78 [00:04<00:18,  3.32it/s, loss=0.6825]Trial 1 Ep4:  21%|████████████████▊                                                                 | 16/78 [00:04<00:18,  3.35it/s, loss=0.6825]Trial 1 Ep4:  21%|████████████████▊                                                                 | 16/78 [00:05<00:18,  3.35it/s, loss=0.6388]Trial 1 Ep4:  22%|█████████████████▊                                                                | 17/78 [00:05<00:18,  3.29it/s, loss=0.6388]Trial 1 Ep4:  22%|█████████████████▊                                                                | 17/78 [00:05<00:18,  3.29it/s, loss=0.6591]Trial 1 Ep4:  23%|██████████████████▉                                                               | 18/78 [00:05<00:18,  3.19it/s, loss=0.6591]Trial 1 Ep4:  23%|██████████████████▉                                                               | 18/78 [00:05<00:18,  3.19it/s, loss=0.6491]Trial 1 Ep4:  24%|███████████████████▉                                                              | 19/78 [00:05<00:18,  3.25it/s, loss=0.6491]Trial 1 Ep4:  24%|███████████████████▉                                                              | 19/78 [00:06<00:18,  3.25it/s, loss=0.6638]Trial 1 Ep4:  26%|█████████████████████                                                             | 20/78 [00:06<00:18,  3.21it/s, loss=0.6638]Trial 1 Ep4:  26%|█████████████████████                                                             | 20/78 [00:06<00:18,  3.21it/s, loss=0.6767]Trial 1 Ep4:  27%|██████████████████████                                                            | 21/78 [00:06<00:18,  3.01it/s, loss=0.6767]Trial 1 Ep4:  27%|██████████████████████                                                            | 21/78 [00:06<00:18,  3.01it/s, loss=0.6698]Trial 1 Ep4:  28%|███████████████████████▏                                                          | 22/78 [00:06<00:18,  3.04it/s, loss=0.6698]Trial 1 Ep4:  28%|███████████████████████▏                                                          | 22/78 [00:07<00:18,  3.04it/s, loss=0.6654]Trial 1 Ep4:  29%|████████████████████████▏                                                         | 23/78 [00:07<00:18,  3.00it/s, loss=0.6654]Trial 1 Ep4:  29%|████████████████████████▏                                                         | 23/78 [00:07<00:18,  3.00it/s, loss=0.6659]Trial 1 Ep4:  31%|█████████████████████████▏                                                        | 24/78 [00:07<00:17,  3.02it/s, loss=0.6659]Trial 1 Ep4:  31%|█████████████████████████▏                                                        | 24/78 [00:07<00:17,  3.02it/s, loss=0.6795]Trial 1 Ep4:  32%|██████████████████████████▎                                                       | 25/78 [00:07<00:17,  3.10it/s, loss=0.6795]Trial 1 Ep4:  32%|██████████████████████████▎                                                       | 25/78 [00:08<00:17,  3.10it/s, loss=0.6740]Trial 1 Ep4:  33%|███████████████████████████▎                                                      | 26/78 [00:08<00:17,  3.05it/s, loss=0.6740]Trial 1 Ep4:  33%|███████████████████████████▎                                                      | 26/78 [00:08<00:17,  3.05it/s, loss=0.6904]Trial 1 Ep4:  35%|████████████████████████████▍                                                     | 27/78 [00:08<00:16,  3.17it/s, loss=0.6904]Trial 1 Ep4:  35%|████████████████████████████▍                                                     | 27/78 [00:08<00:16,  3.17it/s, loss=0.6573]Trial 1 Ep4:  36%|█████████████████████████████▍                                                    | 28/78 [00:08<00:16,  3.12it/s, loss=0.6573]Trial 1 Ep4:  36%|█████████████████████████████▍                                                    | 28/78 [00:09<00:16,  3.12it/s, loss=0.6698]Trial 1 Ep4:  37%|██████████████████████████████▍                                                   | 29/78 [00:09<00:16,  3.04it/s, loss=0.6698]Trial 1 Ep4:  37%|██████████████████████████████▍                                                   | 29/78 [00:09<00:16,  3.04it/s, loss=0.6918]Trial 1 Ep4:  38%|███████████████████████████████▌                                                  | 30/78 [00:09<00:15,  3.13it/s, loss=0.6918]Trial 1 Ep4:  38%|███████████████████████████████▌                                                  | 30/78 [00:09<00:15,  3.13it/s, loss=0.6350]Trial 1 Ep4:  40%|████████████████████████████████▌                                                 | 31/78 [00:09<00:15,  3.10it/s, loss=0.6350]Trial 1 Ep4:  40%|████████████████████████████████▌                                                 | 31/78 [00:10<00:15,  3.10it/s, loss=0.6832]Trial 1 Ep4:  41%|█████████████████████████████████▋                                                | 32/78 [00:10<00:14,  3.08it/s, loss=0.6832]Trial 1 Ep4:  41%|█████████████████████████████████▋                                                | 32/78 [00:10<00:14,  3.08it/s, loss=0.6614]Trial 1 Ep4:  42%|██████████████████████████████████▋                                               | 33/78 [00:10<00:14,  3.03it/s, loss=0.6614]Trial 1 Ep4:  42%|██████████████████████████████████▋                                               | 33/78 [00:10<00:14,  3.03it/s, loss=0.6791]Trial 1 Ep4:  44%|███████████████████████████████████▋                                              | 34/78 [00:10<00:13,  3.23it/s, loss=0.6791]Trial 1 Ep4:  44%|███████████████████████████████████▋                                              | 34/78 [00:11<00:13,  3.23it/s, loss=0.6418]Trial 1 Ep4:  45%|████████████████████████████████████▊                                             | 35/78 [00:11<00:13,  3.17it/s, loss=0.6418]Trial 1 Ep4:  45%|████████████████████████████████████▊                                             | 35/78 [00:11<00:13,  3.17it/s, loss=0.6626]Trial 1 Ep4:  46%|█████████████████████████████████████▊                                            | 36/78 [00:11<00:13,  3.09it/s, loss=0.6626]Trial 1 Ep4:  46%|█████████████████████████████████████▊                                            | 36/78 [00:11<00:13,  3.09it/s, loss=0.6924]Trial 1 Ep4:  47%|██████████████████████████████████████▉                                           | 37/78 [00:11<00:12,  3.18it/s, loss=0.6924]Trial 1 Ep4:  47%|██████████████████████████████████████▉                                           | 37/78 [00:12<00:12,  3.18it/s, loss=0.6602]Trial 1 Ep4:  49%|███████████████████████████████████████▉                                          | 38/78 [00:12<00:12,  3.31it/s, loss=0.6602]Trial 1 Ep4:  49%|███████████████████████████████████████▉                                          | 38/78 [00:12<00:12,  3.31it/s, loss=0.6686]Trial 1 Ep4:  50%|█████████████████████████████████████████                                         | 39/78 [00:12<00:11,  3.32it/s, loss=0.6686]Trial 1 Ep4:  50%|█████████████████████████████████████████                                         | 39/78 [00:12<00:11,  3.32it/s, loss=0.6693]Trial 1 Ep4:  51%|██████████████████████████████████████████                                        | 40/78 [00:12<00:11,  3.35it/s, loss=0.6693]Trial 1 Ep4:  51%|██████████████████████████████████████████                                        | 40/78 [00:12<00:11,  3.35it/s, loss=0.6987]Trial 1 Ep4:  53%|███████████████████████████████████████████                                       | 41/78 [00:12<00:11,  3.23it/s, loss=0.6987]Trial 1 Ep4:  53%|███████████████████████████████████████████                                       | 41/78 [00:13<00:11,  3.23it/s, loss=0.6985]Trial 1 Ep4:  54%|████████████████████████████████████████████▏                                     | 42/78 [00:13<00:11,  3.27it/s, loss=0.6985]Trial 1 Ep4:  54%|████████████████████████████████████████████▏                                     | 42/78 [00:13<00:11,  3.27it/s, loss=0.7289]Trial 1 Ep4:  55%|█████████████████████████████████████████████▏                                    | 43/78 [00:13<00:10,  3.23it/s, loss=0.7289]Trial 1 Ep4:  55%|█████████████████████████████████████████████▏                                    | 43/78 [00:13<00:10,  3.23it/s, loss=0.7027]Trial 1 Ep4:  56%|██████████████████████████████████████████████▎                                   | 44/78 [00:13<00:10,  3.15it/s, loss=0.7027]Trial 1 Ep4:  56%|██████████████████████████████████████████████▎                                   | 44/78 [00:14<00:10,  3.15it/s, loss=0.6881]Trial 1 Ep4:  58%|███████████████████████████████████████████████▎                                  | 45/78 [00:14<00:10,  3.20it/s, loss=0.6881]Trial 1 Ep4:  58%|███████████████████████████████████████████████▎                                  | 45/78 [00:14<00:10,  3.20it/s, loss=0.5832]Trial 1 Ep4:  59%|████████████████████████████████████████████████▎                                 | 46/78 [00:14<00:09,  3.33it/s, loss=0.5832]Trial 1 Ep4:  59%|████████████████████████████████████████████████▎                                 | 46/78 [00:14<00:09,  3.33it/s, loss=0.6671]Trial 1 Ep4:  60%|█████████████████████████████████████████████████▍                                | 47/78 [00:14<00:09,  3.19it/s, loss=0.6671]Trial 1 Ep4:  60%|█████████████████████████████████████████████████▍                                | 47/78 [00:15<00:09,  3.19it/s, loss=0.6929]Trial 1 Ep4:  62%|██████████████████████████████████████████████████▍                               | 48/78 [00:15<00:09,  3.05it/s, loss=0.6929]Trial 1 Ep4:  62%|██████████████████████████████████████████████████▍                               | 48/78 [00:15<00:09,  3.05it/s, loss=0.6280]Trial 1 Ep4:  63%|███████████████████████████████████████████████████▌                              | 49/78 [00:15<00:09,  2.99it/s, loss=0.6280]Trial 1 Ep4:  63%|███████████████████████████████████████████████████▌                              | 49/78 [00:15<00:09,  2.99it/s, loss=0.7375]Trial 1 Ep4:  64%|████████████████████████████████████████████████████▌                             | 50/78 [00:15<00:09,  3.03it/s, loss=0.7375]Trial 1 Ep4:  64%|████████████████████████████████████████████████████▌                             | 50/78 [00:16<00:09,  3.03it/s, loss=0.6532]Trial 1 Ep4:  65%|█████████████████████████████████████████████████████▌                            | 51/78 [00:16<00:08,  3.06it/s, loss=0.6532]Trial 1 Ep4:  65%|█████████████████████████████████████████████████████▌                            | 51/78 [00:16<00:08,  3.06it/s, loss=0.6943]Trial 1 Ep4:  67%|██████████████████████████████████████████████████████▋                           | 52/78 [00:16<00:08,  2.99it/s, loss=0.6943]Trial 1 Ep4:  67%|██████████████████████████████████████████████████████▋                           | 52/78 [00:16<00:08,  2.99it/s, loss=0.6840]Trial 1 Ep4:  68%|███████████████████████████████████████████████████████▋                          | 53/78 [00:16<00:08,  3.04it/s, loss=0.6840]Trial 1 Ep4:  68%|███████████████████████████████████████████████████████▋                          | 53/78 [00:17<00:08,  3.04it/s, loss=0.6648]Trial 1 Ep4:  69%|████████████████████████████████████████████████████████▊                         | 54/78 [00:17<00:07,  3.03it/s, loss=0.6648]Trial 1 Ep4:  69%|████████████████████████████████████████████████████████▊                         | 54/78 [00:17<00:07,  3.03it/s, loss=0.6919]Trial 1 Ep4:  71%|█████████████████████████████████████████████████████████▊                        | 55/78 [00:17<00:07,  2.99it/s, loss=0.6919]Trial 1 Ep4:  71%|█████████████████████████████████████████████████████████▊                        | 55/78 [00:17<00:07,  2.99it/s, loss=0.6910]Trial 1 Ep4:  72%|██████████████████████████████████████████████████████████▊                       | 56/78 [00:17<00:07,  3.01it/s, loss=0.6910]Trial 1 Ep4:  72%|██████████████████████████████████████████████████████████▊                       | 56/78 [00:18<00:07,  3.01it/s, loss=0.6871]Trial 1 Ep4:  73%|███████████████████████████████████████████████████████████▉                      | 57/78 [00:18<00:06,  3.09it/s, loss=0.6871]Trial 1 Ep4:  73%|███████████████████████████████████████████████████████████▉                      | 57/78 [00:18<00:06,  3.09it/s, loss=0.6982]Trial 1 Ep4:  74%|████████████████████████████████████████████████████████████▉                     | 58/78 [00:18<00:06,  2.92it/s, loss=0.6982]Trial 1 Ep4:  74%|████████████████████████████████████████████████████████████▉                     | 58/78 [00:18<00:06,  2.92it/s, loss=0.6693]Trial 1 Ep4:  76%|██████████████████████████████████████████████████████████████                    | 59/78 [00:18<00:06,  2.87it/s, loss=0.6693]Trial 1 Ep4:  76%|██████████████████████████████████████████████████████████████                    | 59/78 [00:19<00:06,  2.87it/s, loss=0.6939]Trial 1 Ep4:  77%|███████████████████████████████████████████████████████████████                   | 60/78 [00:19<00:07,  2.54it/s, loss=0.6939]Trial 1 Ep4:  77%|███████████████████████████████████████████████████████████████                   | 60/78 [00:19<00:07,  2.54it/s, loss=0.6650]Trial 1 Ep4:  78%|████████████████████████████████████████████████████████████████▏                 | 61/78 [00:19<00:06,  2.73it/s, loss=0.6650]Trial 1 Ep4:  78%|████████████████████████████████████████████████████████████████▏                 | 61/78 [00:20<00:06,  2.73it/s, loss=0.7058]Trial 1 Ep4:  79%|█████████████████████████████████████████████████████████████████▏                | 62/78 [00:20<00:05,  2.82it/s, loss=0.7058]Trial 1 Ep4:  79%|█████████████████████████████████████████████████████████████████▏                | 62/78 [00:20<00:05,  2.82it/s, loss=0.6825]Trial 1 Ep4:  81%|██████████████████████████████████████████████████████████████████▏               | 63/78 [00:20<00:05,  2.88it/s, loss=0.6825]Trial 1 Ep4:  81%|██████████████████████████████████████████████████████████████████▏               | 63/78 [00:20<00:05,  2.88it/s, loss=0.6829]Trial 1 Ep4:  82%|███████████████████████████████████████████████████████████████████▎              | 64/78 [00:20<00:04,  2.89it/s, loss=0.6829]Trial 1 Ep4:  82%|███████████████████████████████████████████████████████████████████▎              | 64/78 [00:21<00:04,  2.89it/s, loss=0.6372]Trial 1 Ep4:  83%|████████████████████████████████████████████████████████████████████▎             | 65/78 [00:21<00:04,  2.99it/s, loss=0.6372]Trial 1 Ep4:  83%|████████████████████████████████████████████████████████████████████▎             | 65/78 [00:21<00:04,  2.99it/s, loss=0.6600]Trial 1 Ep4:  85%|█████████████████████████████████████████████████████████████████████▍            | 66/78 [00:21<00:03,  3.08it/s, loss=0.6600]Trial 1 Ep4:  85%|█████████████████████████████████████████████████████████████████████▍            | 66/78 [00:21<00:03,  3.08it/s, loss=0.7015]Trial 1 Ep4:  86%|██████████████████████████████████████████████████████████████████████▍           | 67/78 [00:21<00:03,  3.19it/s, loss=0.7015]Trial 1 Ep4:  86%|██████████████████████████████████████████████████████████████████████▍           | 67/78 [00:21<00:03,  3.19it/s, loss=0.6553]Trial 1 Ep4:  87%|███████████████████████████████████████████████████████████████████████▍          | 68/78 [00:21<00:03,  3.31it/s, loss=0.6553]Trial 1 Ep4:  87%|███████████████████████████████████████████████████████████████████████▍          | 68/78 [00:22<00:03,  3.31it/s, loss=0.7110]Trial 1 Ep4:  88%|████████████████████████████████████████████████████████████████████████▌         | 69/78 [00:22<00:02,  3.29it/s, loss=0.7110]Trial 1 Ep4:  88%|████████████████████████████████████████████████████████████████████████▌         | 69/78 [00:22<00:02,  3.29it/s, loss=0.6644]Trial 1 Ep4:  90%|█████████████████████████████████████████████████████████████████████████▌        | 70/78 [00:22<00:02,  3.19it/s, loss=0.6644]Trial 1 Ep4:  90%|█████████████████████████████████████████████████████████████████████████▌        | 70/78 [00:22<00:02,  3.19it/s, loss=0.7283]Trial 1 Ep4:  91%|██████████████████████████████████████████████████████████████████████████▋       | 71/78 [00:22<00:02,  3.27it/s, loss=0.7283]Trial 1 Ep4:  91%|██████████████████████████████████████████████████████████████████████████▋       | 71/78 [00:23<00:02,  3.27it/s, loss=0.6836]Trial 1 Ep4:  92%|███████████████████████████████████████████████████████████████████████████▋      | 72/78 [00:23<00:01,  3.12it/s, loss=0.6836]Trial 1 Ep4:  92%|███████████████████████████████████████████████████████████████████████████▋      | 72/78 [00:23<00:01,  3.12it/s, loss=0.7115]Trial 1 Ep4:  94%|████████████████████████████████████████████████████████████████████████████▋     | 73/78 [00:23<00:01,  3.18it/s, loss=0.7115]Trial 1 Ep4:  94%|████████████████████████████████████████████████████████████████████████████▋     | 73/78 [00:23<00:01,  3.18it/s, loss=0.6935]Trial 1 Ep4:  95%|█████████████████████████████████████████████████████████████████████████████▊    | 74/78 [00:23<00:01,  3.21it/s, loss=0.6935]Trial 1 Ep4:  95%|█████████████████████████████████████████████████████████████████████████████▊    | 74/78 [00:24<00:01,  3.21it/s, loss=0.6782]Trial 1 Ep4:  96%|██████████████████████████████████████████████████████████████████████████████▊  