Trial 3 Ep6:   0%|                                                                                                        | 0/78 [00:00<?, ?it/s]Trial 3 Ep6:   0%|                                                                                           | 0/78 [00:00<?, ?it/s, loss=0.6945]Trial 3 Ep6:   1%|█                                                                                  | 1/78 [00:00<00:21,  3.58it/s, loss=0.6945]Trial 3 Ep6:   1%|█                                                                                  | 1/78 [00:00<00:21,  3.58it/s, loss=0.6933]Trial 3 Ep6:   3%|██▏                                                                                | 2/78 [00:00<00:21,  3.54it/s, loss=0.6933]Trial 3 Ep6:   3%|██▏                                                                                | 2/78 [00:00<00:21,  3.54it/s, loss=0.7455]Trial 3 Ep6:   4%|███▏                                                                               | 3/78 [00:00<00:21,  3.44it/s, loss=0.7455]Trial 3 Ep6:   4%|███▏                                                                               | 3/78 [00:01<00:21,  3.44it/s, loss=0.7593]Trial 3 Ep6:   5%|████▎                                                                              | 4/78 [00:01<00:21,  3.44it/s, loss=0.7593]Trial 3 Ep6:   5%|████▎                                                                              | 4/78 [00:01<00:21,  3.44it/s, loss=0.6900]Trial 3 Ep6:   6%|█████▎                                                                             | 5/78 [00:01<00:22,  3.24it/s, loss=0.6900]Trial 3 Ep6:   6%|█████▎                                                                             | 5/78 [00:01<00:22,  3.24it/s, loss=0.7125]Trial 3 Ep6:   8%|██████▍                                                                            | 6/78 [00:01<00:21,  3.35it/s, loss=0.7125]Trial 3 Ep6:   8%|██████▍                                                                            | 6/78 [00:02<00:21,  3.35it/s, loss=0.6884]Trial 3 Ep6:   9%|███████▍                                                                           | 7/78 [00:02<00:22,  3.17it/s, loss=0.6884]Trial 3 Ep6:   9%|███████▍                                                                           | 7/78 [00:02<00:22,  3.17it/s, loss=0.6939]Trial 3 Ep6:  10%|████████▌                                                                          | 8/78 [00:02<00:23,  3.02it/s, loss=0.6939]Trial 3 Ep6:  10%|████████▌                                                                          | 8/78 [00:02<00:23,  3.02it/s, loss=0.7081]Trial 3 Ep6:  12%|█████████▌                                                                         | 9/78 [00:02<00:22,  3.05it/s, loss=0.7081]Trial 3 Ep6:  12%|█████████▌                                                                         | 9/78 [00:03<00:22,  3.05it/s, loss=0.6865]Trial 3 Ep6:  13%|██████████▌                                                                       | 10/78 [00:03<00:22,  3.06it/s, loss=0.6865]Trial 3 Ep6:  13%|██████████▌                                                                       | 10/78 [00:03<00:22,  3.06it/s, loss=0.7139]Trial 3 Ep6:  14%|███████████▌                                                                      | 11/78 [00:03<00:21,  3.17it/s, loss=0.7139]Trial 3 Ep6:  14%|███████████▌                                                                      | 11/78 [00:03<00:21,  3.17it/s, loss=0.7010]Trial 3 Ep6:  15%|████████████▌                                                                     | 12/78 [00:03<00:20,  3.24it/s, loss=0.7010]Trial 3 Ep6:  15%|████████████▌                                                                     | 12/78 [00:04<00:20,  3.24it/s, loss=0.6510]Trial 3 Ep6:  17%|█████████████▋                                                                    | 13/78 [00:04<00:20,  3.24it/s, loss=0.6510]Trial 3 Ep6:  17%|█████████████▋                                                                    | 13/78 [00:04<00:20,  3.24it/s, loss=0.6531]Trial 3 Ep6:  18%|██████████████▋                                                                   | 14/78 [00:04<00:20,  3.15it/s, loss=0.6531]Trial 3 Ep6:  18%|██████████████▋                                                                   | 14/78 [00:04<00:20,  3.15it/s, loss=0.7502]Trial 3 Ep6:  19%|███████████████▊                                                                  | 15/78 [00:04<00:20,  3.11it/s, loss=0.7502]Trial 3 Ep6:  19%|███████████████▊                                                                  | 15/78 [00:04<00:20,  3.11it/s, loss=0.6625]Trial 3 Ep6:  21%|████████████████▊                                                                 | 16/78 [00:04<00:19,  3.17it/s, loss=0.6625]Trial 3 Ep6:  21%|████████████████▊                                                                 | 16/78 [00:05<00:19,  3.17it/s, loss=0.7279]Trial 3 Ep6:  22%|█████████████████▊                                                                | 17/78 [00:05<00:18,  3.24it/s, loss=0.7279]Trial 3 Ep6:  22%|█████████████████▊                                                                | 17/78 [00:05<00:18,  3.24it/s, loss=0.6872]Trial 3 Ep6:  23%|██████████████████▉                                                               | 18/78 [00:05<00:19,  3.15it/s, loss=0.6872]Trial 3 Ep6:  23%|██████████████████▉                                                               | 18/78 [00:05<00:19,  3.15it/s, loss=0.7033]Trial 3 Ep6:  24%|███████████████████▉                                                              | 19/78 [00:05<00:19,  3.07it/s, loss=0.7033]Trial 3 Ep6:  24%|███████████████████▉                                                              | 19/78 [00:06<00:19,  3.07it/s, loss=0.6707]Trial 3 Ep6:  26%|█████████████████████                                                             | 20/78 [00:06<00:19,  3.01it/s, loss=0.6707]Trial 3 Ep6:  26%|█████████████████████                                                             | 20/78 [00:06<00:19,  3.01it/s, loss=0.7337]Trial 3 Ep6:  27%|██████████████████████                                                            | 21/78 [00:06<00:18,  3.05it/s, loss=0.7337]Trial 3 Ep6:  27%|██████████████████████                                                            | 21/78 [00:06<00:18,  3.05it/s, loss=0.7344]Trial 3 Ep6:  28%|███████████████████████▏                                                          | 22/78 [00:06<00:17,  3.17it/s, loss=0.7344]Trial 3 Ep6:  28%|███████████████████████▏                                                          | 22/78 [00:07<00:17,  3.17it/s, loss=0.6946]Trial 3 Ep6:  29%|████████████████████████▏                                                         | 23/78 [00:07<00:18,  2.97it/s, loss=0.6946]Trial 3 Ep6:  29%|████████████████████████▏                                                         | 23/78 [00:07<00:18,  2.97it/s, loss=0.7144]Trial 3 Ep6:  31%|█████████████████████████▏                                                        | 24/78 [00:07<00:17,  3.08it/s, loss=0.7144]Trial 3 Ep6:  31%|█████████████████████████▏                                                        | 24/78 [00:07<00:17,  3.08it/s, loss=0.6831]Trial 3 Ep6:  32%|██████████████████████████▎                                                       | 25/78 [00:07<00:16,  3.13it/s, loss=0.6831]Trial 3 Ep6:  32%|██████████████████████████▎                                                       | 25/78 [00:08<00:16,  3.13it/s, loss=0.6864]Trial 3 Ep6:  33%|███████████████████████████▎                                                      | 26/78 [00:08<00:16,  3.14it/s, loss=0.6864]Trial 3 Ep6:  33%|███████████████████████████▎                                                      | 26/78 [00:08<00:16,  3.14it/s, loss=0.7160]Trial 3 Ep6:  35%|████████████████████████████▍                                                     | 27/78 [00:08<00:16,  3.14it/s, loss=0.7160]Trial 3 Ep6:  35%|████████████████████████████▍                                                     | 27/78 [00:08<00:16,  3.14it/s, loss=0.6488]Trial 3 Ep6:  36%|█████████████████████████████▍                                                    | 28/78 [00:08<00:15,  3.15it/s, loss=0.6488]Trial 3 Ep6:  36%|█████████████████████████████▍                                                    | 28/78 [00:09<00:15,  3.15it/s, loss=0.7319]Trial 3 Ep6:  37%|██████████████████████████████▍                                                   | 29/78 [00:09<00:15,  3.13it/s, loss=0.7319]Trial 3 Ep6:  37%|██████████████████████████████▍                                                   | 29/78 [00:09<00:15,  3.13it/s, loss=0.7505]Trial 3 Ep6:  38%|███████████████████████████████▌                                                  | 30/78 [00:09<00:14,  3.29it/s, loss=0.7505]Trial 3 Ep6:  38%|███████████████████████████████▌                                                  | 30/78 [00:09<00:14,  3.29it/s, loss=0.7051]Trial 3 Ep6:  40%|████████████████████████████████▌                                                 | 31/78 [00:09<00:14,  3.22it/s, loss=0.7051]Trial 3 Ep6:  40%|████████████████████████████████▌                                                 | 31/78 [00:10<00:14,  3.22it/s, loss=0.7460]Trial 3 Ep6:  41%|█████████████████████████████████▋                                                | 32/78 [00:10<00:14,  3.27it/s, loss=0.7460]Trial 3 Ep6:  41%|█████████████████████████████████▋                                                | 32/78 [00:10<00:14,  3.27it/s, loss=0.7072]Trial 3 Ep6:  42%|██████████████████████████████████▋                                               | 33/78 [00:10<00:13,  3.24it/s, loss=0.7072]Trial 3 Ep6:  42%|██████████████████████████████████▋                                               | 33/78 [00:10<00:13,  3.24it/s, loss=0.6870]Trial 3 Ep6:  44%|███████████████████████████████████▋                                              | 34/78 [00:10<00:13,  3.16it/s, loss=0.6870]Trial 3 Ep6:  44%|███████████████████████████████████▋                                              | 34/78 [00:10<00:13,  3.16it/s, loss=0.7239]Trial 3 Ep6:  45%|████████████████████████████████████▊                                             | 35/78 [00:10<00:12,  3.35it/s, loss=0.7239]Trial 3 Ep6:  45%|████████████████████████████████████▊                                             | 35/78 [00:11<00:12,  3.35it/s, loss=0.7114]Trial 3 Ep6:  46%|█████████████████████████████████████▊                                            | 36/78 [00:11<00:12,  3.35it/s, loss=0.7114]Trial 3 Ep6:  46%|█████████████████████████████████████▊                                            | 36/78 [00:11<00:12,  3.35it/s, loss=0.7533]Trial 3 Ep6:  47%|██████████████████████████████████████▉                                           | 37/78 [00:11<00:12,  3.30it/s, loss=0.7533]Trial 3 Ep6:  47%|██████████████████████████████████████▉                                           | 37/78 [00:11<00:12,  3.30it/s, loss=0.7299]Trial 3 Ep6:  49%|███████████████████████████████████████▉                                          | 38/78 [00:11<00:12,  3.22it/s, loss=0.7299]Trial 3 Ep6:  49%|███████████████████████████████████████▉                                          | 38/78 [00:12<00:12,  3.22it/s, loss=0.6878]Trial 3 Ep6:  50%|█████████████████████████████████████████                                         | 39/78 [00:12<00:12,  3.21it/s, loss=0.6878]Trial 3 Ep6:  50%|█████████████████████████████████████████                                         | 39/78 [00:12<00:12,  3.21it/s, loss=0.6803]Trial 3 Ep6:  51%|██████████████████████████████████████████                                        | 40/78 [00:12<00:11,  3.19it/s, loss=0.6803]Trial 3 Ep6:  51%|██████████████████████████████████████████                                        | 40/78 [00:12<00:11,  3.19it/s, loss=0.7358]Trial 3 Ep6:  53%|███████████████████████████████████████████                                       | 41/78 [00:12<00:12,  3.00it/s, loss=0.7358]Trial 3 Ep6:  53%|███████████████████████████████████████████                                       | 41/78 [00:13<00:12,  3.00it/s, loss=0.7147]Trial 3 Ep6:  54%|████████████████████████████████████████████▏                                     | 42/78 [00:13<00:11,  3.02it/s, loss=0.7147]Trial 3 Ep6:  54%|████████████████████████████████████████████▏                                     | 42/78 [00:13<00:11,  3.02it/s, loss=0.6734]Trial 3 Ep6:  55%|█████████████████████████████████████████████▏                                    | 43/78 [00:13<00:10,  3.20it/s, loss=0.6734]Trial 3 Ep6:  55%|█████████████████████████████████████████████▏                                    | 43/78 [00:13<00:10,  3.20it/s, loss=0.6903]Trial 3 Ep6:  56%|██████████████████████████████████████████████▎                                   | 44/78 [00:13<00:10,  3.25it/s, loss=0.6903]Trial 3 Ep6:  56%|██████████████████████████████████████████████▎                                   | 44/78 [00:14<00:10,  3.25it/s, loss=0.7053]Trial 3 Ep6:  58%|███████████████████████████████████████████████▎                                  | 45/78 [00:14<00:10,  3.02it/s, loss=0.7053]Trial 3 Ep6:  58%|███████████████████████████████████████████████▎                                  | 45/78 [00:14<00:10,  3.02it/s, loss=0.6998]Trial 3 Ep6:  59%|████████████████████████████████████████████████▎                                 | 46/78 [00:14<00:10,  3.01it/s, loss=0.6998]Trial 3 Ep6:  59%|████████████████████████████████████████████████▎                                 | 46/78 [00:14<00:10,  3.01it/s, loss=0.7232]Trial 3 Ep6:  60%|█████████████████████████████████████████████████▍                                | 47/78 [00:14<00:09,  3.13it/s, loss=0.7232]Trial 3 Ep6:  60%|█████████████████████████████████████████████████▍                                | 47/78 [00:15<00:09,  3.13it/s, loss=0.6799]Trial 3 Ep6:  62%|██████████████████████████████████████████████████▍                               | 48/78 [00:15<00:09,  3.26it/s, loss=0.6799]Trial 3 Ep6:  62%|██████████████████████████████████████████████████▍                               | 48/78 [00:15<00:09,  3.26it/s, loss=0.6681]Trial 3 Ep6:  63%|███████████████████████████████████████████████████▌                              | 49/78 [00:15<00:09,  3.16it/s, loss=0.6681]Trial 3 Ep6:  63%|███████████████████████████████████████████████████▌                              | 49/78 [00:15<00:09,  3.16it/s, loss=0.6713]Trial 3 Ep6:  64%|████████████████████████████████████████████████████▌                             | 50/78 [00:15<00:08,  3.16it/s, loss=0.6713]Trial 3 Ep6:  64%|████████████████████████████████████████████████████▌                             | 50/78 [00:16<00:08,  3.16it/s, loss=0.7124]Trial 3 Ep6:  65%|█████████████████████████████████████████████████████▌                            | 51/78 [00:16<00:08,  3.14it/s, loss=0.7124]Trial 3 Ep6:  65%|█████████████████████████████████████████████████████▌                            | 51/78 [00:16<00:08,  3.14it/s, loss=0.6944]Trial 3 Ep6:  67%|██████████████████████████████████████████████████████▋                           | 52/78 [00:16<00:08,  3.10it/s, loss=0.6944]Trial 3 Ep6:  67%|██████████████████████████████████████████████████████▋                           | 52/78 [00:16<00:08,  3.10it/s, loss=0.6874]Trial 3 Ep6:  68%|███████████████████████████████████████████████████████▋                          | 53/78 [00:16<00:08,  3.05it/s, loss=0.6874]Trial 3 Ep6:  68%|███████████████████████████████████████████████████████▋                          | 53/78 [00:17<00:08,  3.05it/s, loss=0.7128]Trial 3 Ep6:  69%|████████████████████████████████████████████████████████▊                         | 54/78 [00:17<00:07,  3.22it/s, loss=0.7128]Trial 3 Ep6:  69%|████████████████████████████████████████████████████████▊                         | 54/78 [00:17<00:07,  3.22it/s, loss=0.6880]Trial 3 Ep6:  71%|█████████████████████████████████████████████████████████▊                        | 55/78 [00:17<00:07,  3.12it/s, loss=0.6880]Trial 3 Ep6:  71%|█████████████████████████████████████████████████████████▊                        | 55/78 [00:17<00:07,  3.12it/s, loss=0.6956]Trial 3 Ep6:  72%|██████████████████████████████████████████████████████████▊                       | 56/78 [00:17<00:07,  3.05it/s, loss=0.6956]Trial 3 Ep6:  72%|██████████████████████████████████████████████████████████▊                       | 56/78 [00:18<00:07,  3.05it/s, loss=0.6653]Trial 3 Ep6:  73%|███████████████████████████████████████████████████████████▉                      | 57/78 [00:18<00:06,  3.14it/s, loss=0.6653]Trial 3 Ep6:  73%|███████████████████████████████████████████████████████████▉                      | 57/78 [00:18<00:06,  3.14it/s, loss=0.6782]Trial 3 Ep6:  74%|████████████████████████████████████████████████████████████▉                     | 58/78 [00:18<00:06,  3.19it/s, loss=0.6782]Trial 3 Ep6:  74%|████████████████████████████████████████████████████████████▉                     | 58/78 [00:18<00:06,  3.19it/s, loss=0.6867]Trial 3 Ep6:  76%|██████████████████████████████████████████████████████████████                    | 59/78 [00:18<00:06,  3.15it/s, loss=0.6867]Trial 3 Ep6:  76%|██████████████████████████████████████████████████████████████                    | 59/78 [00:18<00:06,  3.15it/s, loss=0.6847]Trial 3 Ep6:  77%|███████████████████████████████████████████████████████████████                   | 60/78 [00:18<00:05,  3.16it/s, loss=0.6847]Trial 3 Ep6:  77%|███████████████████████████████████████████████████████████████                   | 60/78 [00:19<00:05,  3.16it/s, loss=0.7257]Trial 3 Ep6:  78%|████████████████████████████████████████████████████████████████▏                 | 61/78 [00:19<00:05,  3.06it/s, loss=0.7257]Trial 3 Ep6:  78%|████████████████████████████████████████████████████████████████▏                 | 61/78 [00:19<00:05,  3.06it/s, loss=0.6751]Trial 3 Ep6:  79%|█████████████████████████████████████████████████████████████████▏                | 62/78 [00:19<00:05,  3.13it/s, loss=0.6751]Trial 3 Ep6:  79%|█████████████████████████████████████████████████████████████████▏                | 62/78 [00:19<00:05,  3.13it/s, loss=0.6951]Trial 3 Ep6:  81%|██████████████████████████████████████████████████████████████████▏               | 63/78 [00:19<00:04,  3.06it/s, loss=0.6951]Trial 3 Ep6:  81%|██████████████████████████████████████████████████████████████████▏               | 63/78 [00:20<00:04,  3.06it/s, loss=0.6935]Trial 3 Ep6:  82%|███████████████████████████████████████████████████████████████████▎              | 64/78 [00:20<00:04,  3.07it/s, loss=0.6935]Trial 3 Ep6:  82%|███████████████████████████████████████████████████████████████████▎              | 64/78 [00:20<00:04,  3.07it/s, loss=0.6907]Trial 3 Ep6:  83%|████████████████████████████████████████████████████████████████████▎             | 65/78 [00:20<00:04,  3.14it/s, loss=0.6907]Trial 3 Ep6:  83%|████████████████████████████████████████████████████████████████████▎             | 65/78 [00:20<00:04,  3.14it/s, loss=0.7003]Trial 3 Ep6:  85%|█████████████████████████████████████████████████████████████████████▍            | 66/78 [00:20<00:03,  3.09it/s, loss=0.7003]Trial 3 Ep6:  85%|█████████████████████████████████████████████████████████████████████▍            | 66/78 [00:21<00:03,  3.09it/s, loss=0.7119]Trial 3 Ep6:  86%|██████████████████████████████████████████████████████████████████████▍           | 67/78 [00:21<00:03,  3.10it/s, loss=0.7119]Trial 3 Ep6:  86%|██████████████████████████████████████████████████████████████████████▍           | 67/78 [00:21<00:03,  3.10it/s, loss=0.7119]Trial 3 Ep6:  87%|███████████████████████████████████████████████████████████████████████▍          | 68/78 [00:21<00:03,  2.79it/s, loss=0.7119]Trial 3 Ep6:  87%|███████████████████████████████████████████████████████████████████████▍          | 68/78 [00:21<00:03,  2.79it/s, loss=0.7042]Trial 3 Ep6:  88%|████████████████████████████████████████████████████████████████████████▌         | 69/78 [00:21<00:03,  2.96it/s, loss=0.7042]Trial 3 Ep6:  88%|████████████████████████████████████████████████████████████████████████▌         | 69/78 [00:22<00:03,  2.96it/s, loss=0.7247]Trial 3 Ep6:  90%|█████████████████████████████████████████████████████████████████████████▌        | 70/78 [00:22<00:02,  2.97it/s, loss=0.7247]Trial 3 Ep6:  90%|█████████████████████████████████████████████████████████████████████████▌        | 70/78 [00:22<00:02,  2.97it/s, loss=0.6749]Trial 3 Ep6:  91%|██████████████████████████████████████████████████████████████████████████▋       | 71/78 [00:22<00:02,  3.06it/s, loss=0.6749]Trial 3 Ep6:  91%|██████████████████████████████████████████████████████████████████████████▋       | 71/78 [00:22<00:02,  3.06it/s, loss=0.6920]Trial 3 Ep6:  92%|███████████████████████████████████████████████████████████████████████████▋      | 72/78 [00:22<00:01,  3.19it/s, loss=0.6920]Trial 3 Ep6:  92%|███████████████████████████████████████████████████████████████████████████▋      | 72/78 [00:23<00:01,  3.19it/s, loss=0.7155]Trial 3 Ep6:  94%|████████████████████████████████████████████████████████████████████████████▋     | 73/78 [00:23<00:01,  3.13it/s, loss=0.7155]Trial 3 Ep6:  94%|████████████████████████████████████████████████████████████████████████████▋     | 73/78 [00:23<00:01,  3.13it/s, loss=0.7261]Trial 3 Ep6:  95%|█████████████████████████████████████████████████████████████████████████████▊    | 74/78 [00:23<00:01,  3.08it/s, loss=0.7261]Trial 3 Ep6:  95%|█████████████████████████████████████████████████████████████████████████████▊    | 74/78 [00:23<00:01,  3.08it/s, loss=0.6306]Trial 3 Ep6:  96%|██████████████████████████████████████████████████████████████████████████████▊  