Trial 3 Ep5:   0%|                                                                                                                                     | 0/78 [00:00<?, ?it/s]Trial 3 Ep5:   0%|                                                                                                                        | 0/78 [00:00<?, ?it/s, loss=0.7483]Trial 3 Ep5:   1%|█▍                                                                                                              | 1/78 [00:00<00:52,  1.46it/s, loss=0.7483]Trial 3 Ep5:   1%|█▍                                                                                                              | 1/78 [00:01<00:52,  1.46it/s, loss=0.7166]Trial 3 Ep5:   3%|██▊                                                                                                             | 2/78 [00:01<00:48,  1.55it/s, loss=0.7166]Trial 3 Ep5:   3%|██▊                                                                                                             | 2/78 [00:02<00:48,  1.55it/s, loss=0.7356]Trial 3 Ep5:   4%|████▎                                                                                                           | 3/78 [00:02<00:50,  1.48it/s, loss=0.7356]Trial 3 Ep5:   4%|████▎                                                                                                           | 3/78 [00:02<00:50,  1.48it/s, loss=0.7046]Trial 3 Ep5:   5%|█████▋                                                                                                          | 4/78 [00:02<00:50,  1.48it/s, loss=0.7046]Trial 3 Ep5:   5%|█████▋                                                                                                          | 4/78 [00:03<00:50,  1.48it/s, loss=0.7045]Trial 3 Ep5:   6%|███████▏                                                                                                        | 5/78 [00:03<00:51,  1.42it/s, loss=0.7045]Trial 3 Ep5:   6%|███████▏                                                                                                        | 5/78 [00:04<00:51,  1.42it/s, loss=0.7148]Trial 3 Ep5:   8%|████████▌                                                                                                       | 6/78 [00:04<00:51,  1.40it/s, loss=0.7148]Trial 3 Ep5:   8%|████████▌                                                                                                       | 6/78 [00:04<00:51,  1.40it/s, loss=0.6827]Trial 3 Ep5:   9%|██████████                                                                                                      | 7/78 [00:04<00:49,  1.44it/s, loss=0.6827]Trial 3 Ep5:   9%|██████████                                                                                                      | 7/78 [00:05<00:49,  1.44it/s, loss=0.7100]Trial 3 Ep5:  10%|███████████▍                                                                                                    | 8/78 [00:05<00:46,  1.50it/s, loss=0.7100]Trial 3 Ep5:  10%|███████████▍                                                                                                    | 8/78 [00:06<00:46,  1.50it/s, loss=0.7069]Trial 3 Ep5:  12%|████████████▉                                                                                                   | 9/78 [00:06<00:45,  1.52it/s, loss=0.7069]Trial 3 Ep5:  12%|████████████▉                                                                                                   | 9/78 [00:06<00:45,  1.52it/s, loss=0.7055]Trial 3 Ep5:  13%|██████████████▏                                                                                                | 10/78 [00:06<00:47,  1.44it/s, loss=0.7055]Trial 3 Ep5:  13%|██████████████▏                                                                                                | 10/78 [00:07<00:47,  1.44it/s, loss=0.7270]Trial 3 Ep5:  14%|███████████████▋                                                                                               | 11/78 [00:07<00:49,  1.36it/s, loss=0.7270]Trial 3 Ep5:  14%|███████████████▋                                                                                               | 11/78 [00:08<00:49,  1.36it/s, loss=0.7094]Trial 3 Ep5:  15%|█████████████████                                                                                              | 12/78 [00:08<00:48,  1.35it/s, loss=0.7094]Trial 3 Ep5:  15%|█████████████████                                                                                              | 12/78 [00:09<00:48,  1.35it/s, loss=0.6856]Trial 3 Ep5:  17%|██████████████████▌                                                                                            | 13/78 [00:09<00:47,  1.37it/s, loss=0.6856]Trial 3 Ep5:  17%|██████████████████▌                                                                                            | 13/78 [00:09<00:47,  1.37it/s, loss=0.6945]Trial 3 Ep5:  18%|███████████████████▉                                                                                           | 14/78 [00:09<00:45,  1.42it/s, loss=0.6945]Trial 3 Ep5:  18%|███████████████████▉                                                                                           | 14/78 [00:10<00:45,  1.42it/s, loss=0.6860]Trial 3 Ep5:  19%|█████████████████████▎                                                                                         | 15/78 [00:10<00:47,  1.32it/s, loss=0.6860]Trial 3 Ep5:  19%|█████████████████████▎                                                                                         | 15/78 [00:11<00:47,  1.32it/s, loss=0.7643]Trial 3 Ep5:  21%|██████████████████████▊                                                                                        | 16/78 [00:11<00:46,  1.33it/s, loss=0.7643]Trial 3 Ep5:  21%|██████████████████████▊                                                                                        | 16/78 [00:12<00:46,  1.33it/s, loss=0.6548]Trial 3 Ep5:  22%|████████████████████████▏                                                                                      | 17/78 [00:12<00:44,  1.38it/s, loss=0.6548]Trial 3 Ep5:  22%|████████████████████████▏                                                                                      | 17/78 [00:12<00:44,  1.38it/s, loss=0.8076]Trial 3 Ep5:  23%|█████████████████████████▌                                                                                     | 18/78 [00:12<00:41,  1.43it/s, loss=0.8076]Trial 3 Ep5:  23%|█████████████████████████▌                                                                                     | 18/78 [00:13<00:41,  1.43it/s, loss=0.6987]Trial 3 Ep5:  24%|███████████████████████████                                                                                    | 19/78 [00:13<00:43,  1.37it/s, loss=0.6987]Trial 3 Ep5:  24%|███████████████████████████                                                                                    | 19/78 [00:14<00:43,  1.37it/s, loss=0.6989]Trial 3 Ep5:  26%|████████████████████████████▍                                                                                  | 20/78 [00:14<00:41,  1.41it/s, loss=0.6989]Trial 3 Ep5:  26%|████████████████████████████▍                                                                                  | 20/78 [00:14<00:41,  1.41it/s, loss=0.6815]Trial 3 Ep5:  27%|█████████████████████████████▉                                                                                 | 21/78 [00:14<00:39,  1.43it/s, loss=0.6815]Trial 3 Ep5:  27%|█████████████████████████████▉                                                                                 | 21/78 [00:15<00:39,  1.43it/s, loss=0.6667]Trial 3 Ep5:  28%|███████████████████████████████▎                                                                               | 22/78 [00:15<00:37,  1.50it/s, loss=0.6667]Trial 3 Ep5:  28%|███████████████████████████████▎                                                                               | 22/78 [00:16<00:37,  1.50it/s, loss=0.7890]Trial 3 Ep5:  29%|████████████████████████████████▋                                                                              | 23/78 [00:16<00:36,  1.52it/s, loss=0.7890]Trial 3 Ep5:  29%|████████████████████████████████▋                                                                              | 23/78 [00:16<00:36,  1.52it/s, loss=0.6833]Trial 3 Ep5:  31%|██████████████████████████████████▏                                                                            | 24/78 [00:16<00:38,  1.40it/s, loss=0.6833]Trial 3 Ep5:  31%|██████████████████████████████████▏                                                                            | 24/78 [00:17<00:38,  1.40it/s, loss=0.7353]Trial 3 Ep5:  32%|███████████████████████████████████▌                                                                           | 25/78 [00:17<00:37,  1.41it/s, loss=0.7353]Trial 3 Ep5:  32%|███████████████████████████████████▌                                                                           | 25/78 [00:18<00:37,  1.41it/s, loss=0.6772]Trial 3 Ep5:  33%|█████████████████████████████████████                                                                          | 26/78 [00:18<00:36,  1.41it/s, loss=0.6772]Trial 3 Ep5:  33%|█████████████████████████████████████                                                                          | 26/78 [00:19<00:36,  1.41it/s, loss=0.6878]Trial 3 Ep5:  35%|██████████████████████████████████████▍                                                                        | 27/78 [00:19<00:36,  1.39it/s, loss=0.6878]Trial 3 Ep5:  35%|██████████████████████████████████████▍                                                                        | 27/78 [00:19<00:36,  1.39it/s, loss=0.6908]Trial 3 Ep5:  36%|███████████████████████████████████████▊                                                                       | 28/78 [00:19<00:34,  1.43it/s, loss=0.6908]Trial 3 Ep5:  36%|███████████████████████████████████████▊                                                                       | 28/78 [00:20<00:34,  1.43it/s, loss=0.7205]Trial 3 Ep5:  37%|█████████████████████████████████████████▎                                                                     | 29/78 [00:20<00:34,  1.43it/s, loss=0.7205]Trial 3 Ep5:  37%|█████████████████████████████████████████▎                                                                     | 29/78 [00:21<00:34,  1.43it/s, loss=0.6991]Trial 3 Ep5:  38%|██████████████████████████████████████████▋                                                                    | 30/78 [00:21<00:35,  1.37it/s, loss=0.6991]Trial 3 Ep5:  38%|██████████████████████████████████████████▋                                                                    | 30/78 [00:21<00:35,  1.37it/s, loss=0.7045]Trial 3 Ep5:  40%|████████████████████████████████████████████                                                                   | 31/78 [00:21<00:33,  1.41it/s, loss=0.7045]Trial 3 Ep5:  40%|████████████████████████████████████████████                                                                   | 31/78 [00:22<00:33,  1.41it/s, loss=0.7065]Trial 3 Ep5:  41%|█████████████████████████████████████████████▌                                                                 | 32/78 [00:22<00:32,  1.42it/s, loss=0.7065]Trial 3 Ep5:  41%|█████████████████████████████████████████████▌                                                                 | 32/78 [00:23<00:32,  1.42it/s, loss=0.6999]Trial 3 Ep5:  42%|██████████████████████████████████████████████▉                                                                | 33/78 [00:23<00:31,  1.45it/s, loss=0.6999]Trial 3 Ep5:  42%|██████████████████████████████████████████████▉                                                                | 33/78 [00:23<00:31,  1.45it/s, loss=0.6865]Trial 3 Ep5:  44%|████████████████████████████████████████████████▍                                                              | 34/78 [00:23<00:29,  1.47it/s, loss=0.6865]Trial 3 Ep5:  44%|████████████████████████████████████████████████▍                                                              | 34/78 [00:24<00:29,  1.47it/s, loss=0.7207]Trial 3 Ep5:  45%|█████████████████████████████████████████████████▊                                                             | 35/78 [00:24<00:29,  1.46it/s, loss=0.7207]Trial 3 Ep5:  45%|█████████████████████████████████████████████████▊                                                             | 35/78 [00:25<00:29,  1.46it/s, loss=0.7088]Trial 3 Ep5:  46%|███████████████████████████████████████████████████▏                                                           | 36/78 [00:25<00:29,  1.44it/s, loss=0.7088]Trial 3 Ep5:  46%|███████████████████████████████████████████████████▏                                                           | 36/78 [00:25<00:29,  1.44it/s, loss=0.6752]Trial 3 Ep5:  47%|████████████████████████████████████████████████████▋                                                          | 37/78 [00:25<00:28,  1.44it/s, loss=0.6752]Trial 3 Ep5:  47%|████████████████████████████████████████████████████▋                                                          | 37/78 [00:26<00:28,  1.44it/s, loss=0.7101]Trial 3 Ep5:  49%|██████████████████████████████████████████████████████                                                         | 38/78 [00:26<00:27,  1.47it/s, loss=0.7101]Trial 3 Ep5:  49%|██████████████████████████████████████████████████████                                                         | 38/78 [00:27<00:27,  1.47it/s, loss=0.6894]Trial 3 Ep5:  50%|███████████████████████████████████████████████████████▌                                                       | 39/78 [00:27<00:26,  1.45it/s, loss=0.6894]Trial 3 Ep5:  50%|███████████████████████████████████████████████████████▌                                                       | 39/78 [00:28<00:26,  1.45it/s, loss=0.6933]Trial 3 Ep5:  51%|████████████████████████████████████████████████████████▉                                                      | 40/78 [00:28<00:25,  1.48it/s, loss=0.6933]Trial 3 Ep5:  51%|████████████████████████████████████████████████████████▉                                                      | 40/78 [00:28<00:25,  1.48it/s, loss=0.7012]Trial 3 Ep5:  53%|██████████████████████████████████████████████████████████▎                                                    | 41/78 [00:28<00:24,  1.49it/s, loss=0.7012]Trial 3 Ep5:  53%|██████████████████████████████████████████████████████████▎                                                    | 41/78 [00:29<00:24,  1.49it/s, loss=0.6958]Trial 3 Ep5:  54%|███████████████████████████████████████████████████████████▊                                                   | 42/78 [00:29<00:24,  1.46it/s, loss=0.6958]Trial 3 Ep5:  54%|███████████████████████████████████████████████████████████▊                                                   | 42/78 [00:30<00:24,  1.46it/s, loss=0.6785]Trial 3 Ep5:  55%|█████████████████████████████████████████████████████████████▏                                                 | 43/78 [00:30<00:24,  1.45it/s, loss=0.6785]Trial 3 Ep5:  55%|█████████████████████████████████████████████████████████████▏                                                 | 43/78 [00:30<00:24,  1.45it/s, loss=0.6773]Trial 3 Ep5:  56%|██████████████████████████████████████████████████████████████▌                                                | 44/78 [00:30<00:24,  1.37it/s, loss=0.6773]Trial 3 Ep5:  56%|██████████████████████████████████████████████████████████████▌                                                | 44/78 [00:31<00:24,  1.37it/s, loss=0.7285]Trial 3 Ep5:  58%|████████████████████████████████████████████████████████████████                                               | 45/78 [00:31<00:23,  1.38it/s, loss=0.7285]Trial 3 Ep5:  58%|████████████████████████████████████████████████████████████████                                               | 45/78 [00:32<00:23,  1.38it/s, loss=0.7092]Trial 3 Ep5:  59%|█████████████████████████████████████████████████████████████████▍                                             | 46/78 [00:32<00:22,  1.39it/s, loss=0.7092]Trial 3 Ep5:  59%|█████████████████████████████████████████████████████████████████▍                                             | 46/78 [00:32<00:22,  1.39it/s, loss=0.6960]Trial 3 Ep5:  60%|██████████████████████████████████████████████████████████████████▉                                            | 47/78 [00:32<00:21,  1.43it/s, loss=0.6960]Trial 3 Ep5:  60%|██████████████████████████████████████████████████████████████████▉                                            | 47/78 [00:33<00:21,  1.43it/s, loss=0.6799]Trial 3 Ep5:  62%|████████████████████████████████████████████████████████████████████▎                                          | 48/78 [00:33<00:20,  1.45it/s, loss=0.6799]Trial 3 Ep5:  62%|████████████████████████████████████████████████████████████████████▎                                          | 48/78 [00:34<00:20,  1.45it/s, loss=0.7008]Trial 3 Ep5:  63%|█████████████████████████████████████████████████████████████████████▋                                         | 49/78 [00:34<00:20,  1.41it/s, loss=0.7008]Trial 3 Ep5:  63%|█████████████████████████████████████████████████████████████████████▋                                         | 49/78 [00:35<00:20,  1.41it/s, loss=0.7319]Trial 3 Ep5:  64%|███████████████████████████████████████████████████████████████████████▏                                       | 50/78 [00:35<00:19,  1.44it/s, loss=0.7319]Trial 3 Ep5:  64%|███████████████████████████████████████████████████████████████████████▏                                       | 50/78 [00:35<00:19,  1.44it/s, loss=0.6863]Trial 3 Ep5:  65%|████████████████████████████████████████████████████████████████████████▌                                      | 51/78 [00:35<00:19,  1.39it/s, loss=0.6863]Trial 3 Ep5:  65%|████████████████████████████████████████████████████████████████████████▌                                      | 51/78 [00:36<00:19,  1.39it/s, loss=0.6648]Trial 3 Ep5:  67%|██████████████████████████████████████████████████████████████████████████                                     | 52/78 [00:36<00:18,  1.37it/s, loss=0.6648]Trial 3 Ep5:  67%|██████████████████████████████████████████████████████████████████████████                                     | 52/78 [00:37<00:18,  1.37it/s, loss=0.6920]Trial 3 Ep5:  68%|███████████████████████████████████████████████████████████████████████████▍                                   | 53/78 [00:37<00:17,  1.40it/s, loss=0.6920]Trial 3 Ep5:  68%|███████████████████████████████████████████████████████████████████████████▍                                   | 53/78 [00:37<00:17,  1.40it/s, loss=0.7015]Trial 3 Ep5:  69%|████████████████████████████████████████████████████████████████████████████▊                                  | 54/78 [00:37<00:17,  1.39it/s, loss=0.7015]Trial 3 Ep5:  69%|████████████████████████████████████████████████████████████████████████████▊                                  | 54/78 [00:38<00:17,  1.39it/s, loss=0.6798]Trial 3 Ep5:  71%|██████████████████████████████████████████████████████████████████████████████▎                                | 55/78 [00:38<00:16,  1.38it/s, loss=0.6798]Trial 3 Ep5:  71%|██████████████████████████████████████████████████████████████████████████████▎                                | 55/78 [00:39<00:16,  1.38it/s, loss=0.7268]Trial 3 Ep5:  72%|███████████████████████████████████████████████████████████████████████████████▋                               | 56/78 [00:39<00:15,  1.38it/s, loss=0.7268]Trial 3 Ep5:  72%|███████████████████████████████████████████████████████████████████████████████▋                               | 56/78 [00:40<00:15,  1.38it/s, loss=0.7269]Trial 3 Ep5:  73%|█████████████████████████████████████████████████████████████████████████████████                              | 57/78 [00:40<00:14,  1.42it/s, loss=0.7269]Trial 3 Ep5:  73%|█████████████████████████████████████████████████████████████████████████████████                              | 57/78 [00:40<00:14,  1.42it/s, loss=0.6856]Trial 3 Ep5:  74%|██████████████████████████████████████████████████████████████████████████████████▌                            | 58/78 [00:40<00:14,  1.34it/s, loss=0.6856]Trial 3 Ep5:  74%|██████████████████████████████████████████████████████████████████████████████████▌                            | 58/78 [00:41<00:14,  1.34it/s, loss=0.6420]Trial 3 Ep5:  76%|███████████████████████████████████████████████████████████████████████████████████▉                           | 59/78 [00:41<00:13,  1.37it/s, loss=0.6420]Trial 3 Ep5:  76%|███████████████████████████████████████████████████████████████████████████████████▉                           | 59/78 [00:42<00:13,  1.37it/s, loss=0.8179]Trial 3 Ep5:  77%|█████████████████████████████████████████████████████████████████████████████████████▍                         | 60/78 [00:42<00:13,  1.37it/s, loss=0.8179]Trial 3 Ep5:  77%|█████████████████████████████████████████████████████████████████████████████████████▍                         | 60/78 [00:43<00:13,  1.37it/s, loss=0.6868]Trial 3 Ep5:  78%|██████████████████████████████████████████████████████████████████████████████████████▊                        | 61/78 [00:43<00:12,  1.36it/s, loss=0.6868]Trial 3 Ep5:  78%|██████████████████████████████████████████████████████████████████████████████████████▊                        | 61/78 [00:43<00:12,  1.36it/s, loss=0.7105]Trial 3 Ep5:  79%|████████████████████████████████████████████████████████████████████████████████████████▏                      | 62/78 [00:43<00:11,  1.42it/s, loss=0.7105]Trial 3 Ep5:  79%|████████████████████████████████████████████████████████████████████████████████████████▏                 