Map:   0%|                                                                                                                                     | 0/277 [00:00<?, ? examples/s]Map: 100%|█████████████████████████████████████████████████████████████████████████████████████████████████████████████████████████| 277/277 [00:00<00:00, 8010.63 examples/s]
[I 2026-02-19 18:40:19,316] A new study created in RDB with name: albert_rte_lrtt_bs32_sgd_decay_nowd_nomom_nonest_combos_warmalpha_convnt_all
Some weights of AlbertForSequenceClassification were not initialized from the model checkpoint at albert/albert-base-v2 and are newly initialized: ['classifier.bias', 'classifier.weight']
You should probably TRAIN this model on a down-stream task to be able to use it for predictions and inference.
  GLUE rte: Train=2490, Eval=277
Task: rte, Metric: accuracy
Train batches: 78, Eval batches: 5

Study: albert_rte_lrtt_bs32_sgd_decay_nowd_nomom_nonest_combos_warmalpha_convnt_all, Device: cuda, New trials: 30

======================================================================
Trial 0 Starting (rte, metric=accuracy)
======================================================================
  rank=16, lora_alpha=0.0100, lr=5.00e-01
  target_ab_lr=0.0300, lr_multiplier=6.000000
  effective_ab_lr = lr*alpha*mult = 0.0300
  momentum=0.00, nesterov=False, reinit_mode=decay
  optimizer=AnalogSGD
======================================================================
  [FIX] Reinitialized classifier with FIXED seed=42
  LRTT Analog layers: 6, Total params: 4,624,250, Trainable (before grad set): 4,624,250
  Trainable (after grad set): 21,882
  LoRA target: all -> all encoder layers

Optimizer configuration:
  Forward scaling (lora_alpha): 0.01
  Classifier LR: 0.5
  LRTT LR: 3.0 (= 0.5 * 6.0)
  LRTT_LR_MULTIPLIER: 6.0
  Analog contexts in optimizer: 120 (LRTT + NT)
  Digital params in optimizer: 61
Trial 0 Ep1:   0%|                                                                                                                                     | 0/78 [00:00<?, ?it/s]Trial 0 Ep1:   0%|                                                                                                                        | 0/78 [00:01<?, ?it/s, loss=0.7706]Trial 0 Ep1:   1%|█▍                                                                                                              | 1/78 [00:01<01:43,  1.34s/it, loss=0.7706]Trial 0 Ep1:   1%|█▍                                                                                                              | 1/78 [00:01<01:43,  1.34s/it, loss=0.6729]Trial 0 Ep1:   3%|██▊                                                                                                             | 2/78 [00:01<01:07,  1.13it/s, loss=0.6729]Trial 0 Ep1:   3%|██▊                                                                                                             | 2/78 [00:04<01:07,  1.13it/s, loss=0.6695]Trial 0 Ep1:   4%|████▎                                                                                                           | 3/78 [00:04<01:55,  1.54s/it, loss=0.6695]Trial 0 Ep1:   4%|████▎                                                                                                           | 3/78 [00:05<01:55,  1.54s/it, loss=0.7280]Trial 0 Ep1:   5%|█████▋                                                                                                          | 4/78 [00:05<01:34,  1.28s/it, loss=0.7280]Trial 0 Ep1:   5%|█████▋                                                                                                          | 4/78 [00:05<01:34,  1.28s/it, loss=0.7349]Trial 0 Ep1:   6%|███████▏                                                                                                        | 5/78 [00:05<01:14,  1.03s/it, loss=0.7349]Trial 0 Ep1:   6%|███████▏                                                                                                        | 5/78 [00:06<01:14,  1.03s/it, loss=0.7010]Trial 0 Ep1:   8%|████████▌                                                                                                       | 6/78 [00:06<01:09,  1.04it/s, loss=0.7010]Trial 0 Ep1:   8%|████████▌                                                                                                       | 6/78 [00:07<01:09,  1.04it/s, loss=0.7345]Trial 0 Ep1:   9%|██████████                                                                                                      | 7/78 [00:07<01:02,  1.13it/s, loss=0.7345]Trial 0 Ep1:   9%|██████████                                                                                                      | 7/78 [00:07<01:02,  1.13it/s, loss=0.7333]Trial 0 Ep1:  10%|███████████▍                                                                                                    | 8/78 [00:07<00:57,  1.22it/s, loss=0.7333]Trial 0 Ep1:  10%|███████████▍                                                                                                    | 8/78 [00:08<00:57,  1.22it/s, loss=0.7289]Trial 0 Ep1:  12%|████████████▉                                                                                                   | 9/78 [00:08<00:52,  1.31it/s, loss=0.7289]Trial 0 Ep1:  12%|████████████▉                                                                                                   | 9/78 [00:09<00:52,  1.31it/s, loss=0.7403]Trial 0 Ep1:  13%|██████████████▏                                                                                                | 10/78 [00:09<00:54,  1.24it/s, loss=0.7403]Trial 0 Ep1:  13%|██████████████▏                                                                                                | 10/78 [00:10<00:54,  1.24it/s, loss=0.6851]Trial 0 Ep1:  14%|███████████████▋                                                                                               | 11/78 [00:10<00:52,  1.29it/s, loss=0.6851]Trial 0 Ep1:  14%|███████████████▋                                                                                               | 11/78 [00:10<00:52,  1.29it/s, loss=0.9705]Trial 0 Ep1:  15%|█████████████████                                                                                              | 12/78 [00:10<00:48,  1.37it/s, loss=0.9705]Trial 0 Ep1:  15%|█████████████████                                                                                              | 12/78 [00:11<00:48,  1.37it/s, loss=0.7759]Trial 0 Ep1:  17%|██████████████████▌                                                                                            | 13/78 [00:11<00:46,  1.39it/s, loss=0.7759]Trial 0 Ep1:  17%|██████████████████▌                                                                                            | 13/78 [00:12<00:46,  1.39it/s, loss=0.7483]Trial 0 Ep1:  18%|███████████████████▉                                                                                           | 14/78 [00:12<00:44,  1.45it/s, loss=0.7483]Trial 0 Ep1:  18%|███████████████████▉                                                                                           | 14/78 [00:12<00:44,  1.45it/s, loss=0.7018]Trial 0 Ep1:  19%|█████████████████████▎                                                                                         | 15/78 [00:12<00:44,  1.43it/s, loss=0.7018]Trial 0 Ep1:  19%|█████████████████████▎                                                                                         | 15/78 [00:13<00:44,  1.43it/s, loss=0.6951]Trial 0 Ep1:  21%|██████████████████████▊                                                                                        | 16/78 [00:13<00:43,  1.42it/s, loss=0.6951]Trial 0 Ep1:  21%|██████████████████████▊                                                                                        | 16/78 [00:14<00:43,  1.42it/s, loss=0.9518]Trial 0 Ep1:  22%|████████████████████████▏                                                                                      | 17/78 [00:14<00:41,  1.45it/s, loss=0.9518]Trial 0 Ep1:  22%|████████████████████████▏                                                                                      | 17/78 [00:15<00:41,  1.45it/s, loss=1.0162]Trial 0 Ep1:  23%|█████████████████████████▌                                                                                     | 18/78 [00:15<00:43,  1.37it/s, loss=1.0162]Trial 0 Ep1:  23%|█████████████████████████▌                                                                                     | 18/78 [00:15<00:43,  1.37it/s, loss=0.7080]Trial 0 Ep1:  24%|███████████████████████████                                                                                    | 19/78 [00:15<00:42,  1.40it/s, loss=0.7080]Trial 0 Ep1:  24%|███████████████████████████                                                                                    | 19/78 [00:16<00:42,  1.40it/s, loss=0.8172]Trial 0 Ep1:  26%|████████████████████████████▍                                                                                  | 20/78 [00:16<00:39,  1.45it/s, loss=0.8172]Trial 0 Ep1:  26%|████████████████████████████▍                                                                                  | 20/78 [00:17<00:39,  1.45it/s, loss=0.6829]Trial 0 Ep1:  27%|█████████████████████████████▉                                                                                 | 21/78 [00:17<00:38,  1.47it/s, loss=0.6829]Trial 0 Ep1:  27%|█████████████████████████████▉                                                                                 | 21/78 [00:17<00:38,  1.47it/s, loss=0.8078]Trial 0 Ep1:  28%|███████████████████████████████▎                                                                               | 22/78 [00:17<00:39,  1.43it/s, loss=0.8078]Trial 0 Ep1:  28%|███████████████████████████████▎                                                                               | 22/78 [00:18<00:39,  1.43it/s, loss=0.6904]Trial 0 Ep1:  29%|████████████████████████████████▋                                                                              | 23/78 [00:18<00:37,  1.46it/s, loss=0.6904]Trial 0 Ep1:  29%|████████████████████████████████▋                                                                              | 23/78 [00:19<00:37,  1.46it/s, loss=0.7910]Trial 0 Ep1:  31%|██████████████████████████████████▏                                                                            | 24/78 [00:19<00:36,  1.47it/s, loss=0.7910]Trial 0 Ep1:  31%|██████████████████████████████████▏                                                                            | 24/78 [00:19<00:36,  1.47it/s, loss=1.2649]Trial 0 Ep1:  32%|███████████████████████████████████▌                                                                           | 25/78 [00:19<00:37,  1.41it/s, loss=1.2649]Trial 0 Ep1:  32%|███████████████████████████████████▌                                                                           | 25/78 [00:20<00:37,  1.41it/s, loss=0.6362]Trial 0 Ep1:  33%|█████████████████████████████████████                                                                          | 26/78 [00:20<00:36,  1.42it/s, loss=0.6362]Trial 0 Ep1:  33%|█████████████████████████████████████                                                                          | 26/78 [00:21<00:36,  1.42it/s, loss=0.8743]Trial 0 Ep1:  35%|██████████████████████████████████████▍                                                                        | 27/78 [00:21<00:35,  1.42it/s, loss=0.8743]Trial 0 Ep1:  35%|██████████████████████████████████████▍                                                                        | 27/78 [00:21<00:35,  1.42it/s, loss=0.9519]Trial 0 Ep1:  36%|███████████████████████████████████████▊                                                                       | 28/78 [00:21<00:33,  1.49it/s, loss=0.9519]Trial 0 Ep1:  36%|███████████████████████████████████████▊                                                                       | 28/78 [00:22<00:33,  1.49it/s, loss=1.0451]Trial 0 Ep1:  37%|█████████████████████████████████████████▎                                                                     | 29/78 [00:22<00:34,  1.43it/s, loss=1.0451]Trial 0 Ep1:  37%|█████████████████████████████████████████▎                                                                     | 29/78 [00:23<00:34,  1.43it/s, loss=0.9392]Trial 0 Ep1:  38%|██████████████████████████████████████████▋                                                                    | 30/78 [00:23<00:33,  1.42it/s, loss=0.9392]Trial 0 Ep1:  38%|██████████████████████████████████████████▋                                                                    | 30/78 [00:23<00:33,  1.42it/s, loss=1.2689]Trial 0 Ep1:  40%|████████████████████████████████████████████                                                                   | 31/78 [00:23<00:32,  1.43it/s, loss=1.2689]Trial 0 Ep1:  40%|████████████████████████████████████████████                                                                   | 31/78 [00:24<00:32,  1.43it/s, loss=0.9347]Trial 0 Ep1:  41%|█████████████████████████████████████████████▌                                                                 | 32/78 [00:24<00:34,  1.34it/s, loss=0.9347]Trial 0 Ep1:  41%|█████████████████████████████████████████████▌                                                                 | 32/78 [00:25<00:34,  1.34it/s, loss=1.0262]Trial 0 Ep1:  42%|██████████████████████████████████████████████▉                                                                | 33/78 [00:25<00:32,  1.39it/s, loss=1.0262]Trial 0 Ep1:  42%|██████████████████████████████████████████████▉                                                                | 33/78 [00:26<00:32,  1.39it/s, loss=1.4519]Trial 0 Ep1:  44%|████████████████████████████████████████████████▍                                                              | 34/78 [00:26<00:30,  1.44it/s, loss=1.4519]Trial 0 Ep1:  44%|████████████████████████████████████████████████▍                                                              | 34/78 [00:26<00:30,  1.44it/s, loss=0.9018]Trial 0 Ep1:  45%|█████████████████████████████████████████████████▊                                                             | 35/78 [00:26<00:30,  1.39it/s, loss=0.9018]Trial 0 Ep1:  45%|█████████████████████████████████████████████████▊                                                             | 35/78 [00:27<00:30,  1.39it/s, loss=1.0053]Trial 0 Ep1:  46%|███████████████████████████████████████████████████▏                                                           | 36/78 [00:27<00:30,  1.37it/s, loss=1.0053]Trial 0 Ep1:  46%|███████████████████████████████████████████████████▏                                                           | 36/78 [00:28<00:30,  1.37it/s, loss=0.9319]Trial 0 Ep1:  47%|████████████████████████████████████████████████████▋                                                          | 37/78 [00:28<00:30,  1.35it/s, loss=0.9319]Trial 0 Ep1:  47%|████████████████████████████████████████████████████▋                                                          | 37/78 [00:29<00:30,  1.35it/s, loss=0.8975]Trial 0 Ep1:  49%|██████████████████████████████████████████████████████                                                         | 38/78 [00:29<00:28,  1.42it/s, loss=0.8975]Trial 0 Ep1:  49%|██████████████████████████████████████████████████████                                                         | 38/78 [00:29<00:28,  1.42it/s, loss=0.7992]Trial 0 Ep1:  50%|███████████████████████████████████████████████████████▌                                                       | 39/78 [00:29<00:27,  1.42it/s, loss=0.7992]Trial 0 Ep1:  50%|███████████████████████████████████████████████████████▌                                                       | 39/78 [00:30<00:27,  1.42it/s, loss=1.1620]Trial 0 Ep1:  51%|████████████████████████████████████████████████████████▉                                                      | 40/78 [00:30<00:26,  1.41it/s, loss=1.1620]Trial 0 Ep1:  51%|████████████████████████████████████████████████████████▉                                                      | 40/78 [00:31<00:26,  1.41it/s, loss=1.4703]Trial 0 Ep1:  53%|██████████████████████████████████████████████████████████▎                                                    | 41/78 [00:31<00:25,  1.42it/s, loss=1.4703]Trial 0 Ep1:  53%|██████████████████████████████████████████████████████████▎                                                    | 41/78 [00:31<00:25,  1.42it/s, loss=1.2299]Trial 0 Ep1:  54%|███████████████████████████████████████████████████████████▊                                                   | 42/78 [00:31<00:24,  1.45it/s, loss=1.2299]Trial 0 Ep1:  54%|███████████████████████████████████████████████████████████▊                                                   | 42/78 [00:32<00:24,  1.45it/s, loss=1.1288]Trial 0 Ep1:  55%|█████████████████████████████████████████████████████████████▏                                                 | 43/78 [00:32<00:24,  1.45it/s, loss=1.1288]Trial 0 Ep1:  55%|█████████████████████████████████████████████████████████████▏                                                 | 43/78 [00:33<00:24,  1.45it/s, loss=0.9249]Trial 0 Ep1:  56%|██████████████████████████████████████████████████████████████▌                                                | 44/78 [00:33<00:22,  1.50it/s, loss=0.9249]Trial 0 Ep1:  56%|██████████████████████████████████████████████████████████████▌                                                | 44/78 [00:33<00:22,  1.50it/s, loss=0.9791]Trial 0 Ep1:  58%|████████████████████████████████████████████████████████████████                                               | 45/78 [00:33<00:22,  1.46it/s, loss=0.9791]Trial 0 Ep1:  58%|████████████████████████████████████████████████████████████████                                               | 45/78 [00:34<00:22,  1.46it/s, loss=2.1063]Trial 0 Ep1:  59%|█████████████████████████████████████████████████████████████████▍                                             | 46/78 [00:34<00:24,  1.32it/s, loss=2.1063]Trial 0 Ep1:  59%|█████████████████████████████████████████████████████████████████▍                                             | 46/78 [00:35<00:24,  1.32it/s, loss=1.0413]Trial 0 Ep1:  60%|██████████████████████████████████████████████████████████████████▉                                            | 47/78 [00:35<00:22,  1.38it/s, loss=1.0413]Trial 0 Ep1:  60%|██████████████████████████████████████████████████████████████████▉                                            | 47/78 [00:36<00:22,  1.38it/s, loss=1.3805]Trial 0 Ep1:  62%|████████████████████████████████████████████████████████████████████▎                                          | 48/78 [00:36<00:20,  1.45it/s, loss=1.3805]Trial 0 Ep1:  62%|████████████████████████████████████████████████████████████████████▎                                          | 48/78 [00:37<00:20,  1.45it/s, loss=0.7155]Trial 0 Ep1:  63%|█████████████████████████████████████████████████████████████████████▋                                         | 49/78 [00:37<00:22,  1.29it/s, loss=0.7155]Trial 0 Ep1:  63%|█████████████████████████████████████████████████████████████████████▋                                         | 49/78 [00:37<00:22,  1.29it/s, loss=2.0894]Trial 0 Ep1:  64%|███████████████████████████████████████████████████████████████████████▏                                       | 50/78 [00:37<00:21,  1.33it/s, loss=2.0894]Trial 0 Ep1:  64%|███████████████████████████████████████████████████████████████████████▏                                       | 50/78 [00:38<00:21,  1.33it/s, loss=0.8445]Trial 0 Ep1:  65%|████████████████████████████████████████████████████████████████████████▌                                      | 51/78 [00:38<00:20,  1.35it/s, loss=0.8445]Trial 0 Ep1:  65%|████████████████████████████████████████████████████████████████████████▌                                      | 51/78 [00:39<00:20,  1.35it/s, loss=2.9863]Trial 0 Ep1:  67%|██████████████████████████████████████████████████████████████████████████                                     | 52/78 [00:39<00:18,  1.37it/s, loss=2.9863]Trial 0 Ep1:  67%|██████████████████████████████████████████████████████████████████████████                                     | 52/78 [00:39<00:18,  1.37it/s, loss=0.7251]Trial 0 Ep1:  68%|███████████████████████████████████████████████████████████████████████████▍                                   | 53/78 [00:39<00:17,  1.42it/s, loss=0.7251]Trial 0 Ep1:  68%|███████████████████████████████████████████████████████████████████████████▍                                   | 53/78 [00:40<00:17,  1.42it/s, loss=1.0382]Trial 0 Ep1:  69%|████████████████████████████████████████████████████████████████████████████▊                                  | 54/78 [00:40<00:17,  1.34it/s, loss=1.0382]Trial 0 Ep1:  69%|████████████████████████████████████████████████████████████████████████████▊                                  | 54/78 [00:41<00:17,  1.34it/s, loss=2.2122]Trial 0 Ep1:  71%|██████████████████████████████████████████████████████████████████████████████▎                                | 55/78 [00:41<00:16,  1.39it/s, loss=2.2122]Trial 0 Ep1:  71%|██████████████████████████████████████████████████████████████████████████████▎                                | 55/78 [00:41<00:16,  1.39it/s, loss=0.8972]Trial 0 Ep1:  72%|███████████████████████████████████████████████████████████████████████████████▋                               | 56/78 [00:41<00:15,  1.42it/s, loss=0.8972]Trial 0 Ep1:  72%|███████████████████████████████████████████████████████████████████████████████▋                               | 56/78 [00:42<00:15,  1.42it/s, loss=1.2359]Trial 0 Ep1:  73%|█████████████████████████████████████████████████████████████████████████████████                              | 57/78 [00:42<00: