Trial 13 Ep1:   0%|                                                                                                                                    | 0/78 [00:00<?, ?it/s]Trial 13 Ep1:   0%|                                                                                                                       | 0/78 [00:01<?, ?it/s, loss=0.6648]Trial 13 Ep1:   1%|█▍                                                                                                             | 1/78 [00:01<01:26,  1.13s/it, loss=0.6648]Trial 13 Ep1:   1%|█▍                                                                                                             | 1/78 [00:01<01:26,  1.13s/it, loss=0.6973]Trial 13 Ep1:   3%|██▊                                                                                                            | 2/78 [00:01<01:02,  1.21it/s, loss=0.6973]Trial 13 Ep1:   3%|██▊                                                                                                            | 2/78 [00:04<01:02,  1.21it/s, loss=0.7045]Trial 13 Ep1:   4%|████▎                                                                                                          | 3/78 [00:04<01:58,  1.58s/it, loss=0.7045]Trial 13 Ep1:   4%|████▎                                                                                                          | 3/78 [00:05<01:58,  1.58s/it, loss=0.7210]Trial 13 Ep1:   5%|█████▋                                                                                                         | 4/78 [00:05<01:36,  1.31s/it, loss=0.7210]Trial 13 Ep1:   5%|█████▋                                                                                                         | 4/78 [00:05<01:36,  1.31s/it, loss=0.6719]Trial 13 Ep1:   6%|███████                                                                                                        | 5/78 [00:05<01:19,  1.10s/it, loss=0.6719]Trial 13 Ep1:   6%|███████                                                                                                        | 5/78 [00:06<01:19,  1.10s/it, loss=0.7272]Trial 13 Ep1:   8%|████████▌                                                                                                      | 6/78 [00:06<01:09,  1.04it/s, loss=0.7272]Trial 13 Ep1:   8%|████████▌                                                                                                      | 6/78 [00:07<01:09,  1.04it/s, loss=0.7135]Trial 13 Ep1:   9%|█████████▉                                                                                                     | 7/78 [00:07<01:01,  1.15it/s, loss=0.7135]Trial 13 Ep1:   9%|█████████▉                                                                                                     | 7/78 [00:07<01:01,  1.15it/s, loss=0.6621]Trial 13 Ep1:  10%|███████████▍                                                                                                   | 8/78 [00:07<00:56,  1.25it/s, loss=0.6621]Trial 13 Ep1:  10%|███████████▍                                                                                                   | 8/78 [00:08<00:56,  1.25it/s, loss=0.6441]Trial 13 Ep1:  12%|████████████▊                                                                                                  | 9/78 [00:08<00:53,  1.29it/s, loss=0.6441]Trial 13 Ep1:  12%|████████████▊                                                                                                  | 9/78 [00:09<00:53,  1.29it/s, loss=0.7545]Trial 13 Ep1:  13%|██████████████                                                                                                | 10/78 [00:09<00:50,  1.35it/s, loss=0.7545]Trial 13 Ep1:  13%|██████████████                                                                                                | 10/78 [00:09<00:50,  1.35it/s, loss=0.6958]Trial 13 Ep1:  14%|███████████████▌                                                                                              | 11/78 [00:09<00:47,  1.40it/s, loss=0.6958]Trial 13 Ep1:  14%|███████████████▌                                                                                              | 11/78 [00:10<00:47,  1.40it/s, loss=0.7644]Trial 13 Ep1:  15%|████████████████▉                                                                                             | 12/78 [00:10<00:46,  1.43it/s, loss=0.7644]Trial 13 Ep1:  15%|████████████████▉                                                                                             | 12/78 [00:11<00:46,  1.43it/s, loss=0.6682]Trial 13 Ep1:  17%|██████████████████▎                                                                                           | 13/78 [00:11<00:50,  1.29it/s, loss=0.6682]Trial 13 Ep1:  17%|██████████████████▎                                                                                           | 13/78 [00:12<00:50,  1.29it/s, loss=0.6715]Trial 13 Ep1:  18%|███████████████████▋                                                                                          | 14/78 [00:12<00:46,  1.37it/s, loss=0.6715]Trial 13 Ep1:  18%|███████████████████▋                                                                                          | 14/78 [00:12<00:46,  1.37it/s, loss=0.7447]Trial 13 Ep1:  19%|█████████████████████▏                                                                                        | 15/78 [00:12<00:44,  1.42it/s, loss=0.7447]Trial 13 Ep1:  19%|█████████████████████▏                                                                                        | 15/78 [00:13<00:44,  1.42it/s, loss=0.6447]Trial 13 Ep1:  21%|██████████████████████▌                                                                                       | 16/78 [00:13<00:44,  1.40it/s, loss=0.6447]Trial 13 Ep1:  21%|██████████████████████▌                                                                                       | 16/78 [00:14<00:44,  1.40it/s, loss=0.7471]Trial 13 Ep1:  22%|███████████████████████▉                                                                                      | 17/78 [00:14<00:45,  1.34it/s, loss=0.7471]Trial 13 Ep1:  22%|███████████████████████▉                                                                                      | 17/78 [00:15<00:45,  1.34it/s, loss=0.6702]Trial 13 Ep1:  23%|█████████████████████████▍                                                                                    | 18/78 [00:15<00:44,  1.36it/s, loss=0.6702]Trial 13 Ep1:  23%|█████████████████████████▍                                                                                    | 18/78 [00:15<00:44,  1.36it/s, loss=0.7096]Trial 13 Ep1:  24%|██████████████████████████▊                                                                                   | 19/78 [00:15<00:45,  1.28it/s, loss=0.7096]Trial 13 Ep1:  24%|██████████████████████████▊                                                                                   | 19/78 [00:16<00:45,  1.28it/s, loss=0.6649]Trial 13 Ep1:  26%|████████████████████████████▏                                                                                 | 20/78 [00:16<00:43,  1.34it/s, loss=0.6649]Trial 13 Ep1:  26%|████████████████████████████▏                                                                                 | 20/78 [00:17<00:43,  1.34it/s, loss=0.7817]Trial 13 Ep1:  27%|█████████████████████████████▌                                                                                | 21/78 [00:17<00:40,  1.41it/s, loss=0.7817]Trial 13 Ep1:  27%|█████████████████████████████▌                                                                                | 21/78 [00:17<00:40,  1.41it/s, loss=0.7118]Trial 13 Ep1:  28%|███████████████████████████████                                                                               | 22/78 [00:17<00:40,  1.40it/s, loss=0.7118]Trial 13 Ep1:  28%|███████████████████████████████                                                                               | 22/78 [00:18<00:40,  1.40it/s, loss=0.6851]Trial 13 Ep1:  29%|████████████████████████████████▍                                                                             | 23/78 [00:18<00:39,  1.39it/s, loss=0.6851]Trial 13 Ep1:  29%|████████████████████████████████▍                                                                             | 23/78 [00:19<00:39,  1.39it/s, loss=0.5301]Trial 13 Ep1:  31%|█████████████████████████████████▊                                                                            | 24/78 [00:19<00:37,  1.44it/s, loss=0.5301]Trial 13 Ep1:  31%|█████████████████████████████████▊                                                                            | 24/78 [00:20<00:37,  1.44it/s, loss=0.5862]Trial 13 Ep1:  32%|███████████████████████████████████▎                                                                          | 25/78 [00:20<00:41,  1.28it/s, loss=0.5862]Trial 13 Ep1:  32%|███████████████████████████████████▎                                                                          | 25/78 [00:20<00:41,  1.28it/s, loss=0.7714]Trial 13 Ep1:  33%|████████████████████████████████████▋                                                                         | 26/78 [00:20<00:38,  1.34it/s, loss=0.7714]Trial 13 Ep1:  33%|████████████████████████████████████▋                                                                         | 26/78 [00:21<00:38,  1.34it/s, loss=0.7794]Trial 13 Ep1:  35%|██████████████████████████████████████                                                                        | 27/78 [00:21<00:36,  1.39it/s, loss=0.7794]Trial 13 Ep1:  35%|██████████████████████████████████████                                                                        | 27/78 [00:22<00:36,  1.39it/s, loss=0.7664]Trial 13 Ep1:  36%|███████████████████████████████████████▍                                                                      | 28/78 [00:22<00:35,  1.40it/s, loss=0.7664]Trial 13 Ep1:  36%|███████████████████████████████████████▍                                                                      | 28/78 [00:23<00:35,  1.40it/s, loss=0.6495]Trial 13 Ep1:  37%|████████████████████████████████████████▉                                                                     | 29/78 [00:23<00:35,  1.40it/s, loss=0.6495]Trial 13 Ep1:  37%|████████████████████████████████████████▉                                                                     | 29/78 [00:23<00:35,  1.40it/s, loss=0.8252]Trial 13 Ep1:  38%|██████████████████████████████████████████▎                                                                   | 30/78 [00:23<00:34,  1.41it/s, loss=0.8252]Trial 13 Ep1:  38%|██████████████████████████████████████████▎                                                                   | 30/78 [00:24<00:34,  1.41it/s, loss=0.6861]Trial 13 Ep1:  40%|███████████████████████████████████████████▋                                                                  | 31/78 [00:24<00:34,  1.37it/s, loss=0.6861]Trial 13 Ep1:  40%|███████████████████████████████████████████▋                                                                  | 31/78 [00:25<00:34,  1.37it/s, loss=0.7169]Trial 13 Ep1:  41%|█████████████████████████████████████████████▏                                                                | 32/78 [00:25<00:31,  1.44it/s, loss=0.7169]Trial 13 Ep1:  41%|█████████████████████████████████████████████▏                                                                | 32/78 [00:25<00:31,  1.44it/s, loss=0.7329]Trial 13 Ep1:  42%|██████████████████████████████████████████████▌                                                               | 33/78 [00:25<00:31,  1.42it/s, loss=0.7329]Trial 13 Ep1:  42%|██████████████████████████████████████████████▌                                                               | 33/78 [00:26<00:31,  1.42it/s, loss=0.6877]Trial 13 Ep1:  44%|███████████████████████████████████████████████▉                                                              | 34/78 [00:26<00:31,  1.39it/s, loss=0.6877]Trial 13 Ep1:  44%|███████████████████████████████████████████████▉                                                              | 34/78 [00:27<00:31,  1.39it/s, loss=0.6858]Trial 13 Ep1:  45%|█████████████████████████████████████████████████▎                                                            | 35/78 [00:27<00:34,  1.24it/s, loss=0.6858]Trial 13 Ep1:  45%|█████████████████████████████████████████████████▎                                                            | 35/78 [00:28<00:34,  1.24it/s, loss=0.7715]Trial 13 Ep1:  46%|██████████████████████████████████████████████████▊                                                           | 36/78 [00:28<00:32,  1.30it/s, loss=0.7715]Trial 13 Ep1:  46%|██████████████████████████████████████████████████▊                                                           | 36/78 [00:29<00:32,  1.30it/s, loss=0.6873]Trial 13 Ep1:  47%|████████████████████████████████████████████████████▏                                                         | 37/78 [00:29<00:32,  1.27it/s, loss=0.6873]Trial 13 Ep1:  47%|████████████████████████████████████████████████████▏                                                         | 37/78 [00:29<00:32,  1.27it/s, loss=0.6463]Trial 13 Ep1:  49%|█████████████████████████████████████████████████████▌                                                        | 38/78 [00:29<00:29,  1.34it/s, loss=0.6463]Trial 13 Ep1:  49%|█████████████████████████████████████████████████████▌                                                        | 38/78 [00:30<00:29,  1.34it/s, loss=0.7649]Trial 13 Ep1:  50%|███████████████████████████████████████████████████████                                                       | 39/78 [00:30<00:28,  1.39it/s, loss=0.7649]Trial 13 Ep1:  50%|███████████████████████████████████████████████████████                                                       | 39/78 [00:31<00:28,  1.39it/s, loss=0.6611]Trial 13 Ep1:  51%|████████████████████████████████████████████████████████▍                                                     | 40/78 [00:31<00:28,  1.35it/s, loss=0.6611]Trial 13 Ep1:  51%|████████████████████████████████████████████████████████▍                                                     | 40/78 [00:31<00:28,  1.35it/s, loss=0.7359]Trial 13 Ep1:  53%|█████████████████████████████████████████████████████████▊                                                    | 41/78 [00:31<00:26,  1.39it/s, loss=0.7359]Trial 13 Ep1:  53%|█████████████████████████████████████████████████████████▊                                                    | 41/78 [00:32<00:26,  1.39it/s, loss=0.7028]Trial 13 Ep1:  54%|███████████████████████████████████████████████████████████▏                                                  | 42/78 [00:32<00:25,  1.43it/s, loss=0.7028]Trial 13 Ep1:  54%|███████████████████████████████████████████████████████████▏                                                  | 42/78 [00:33<00:25,  1.43it/s, loss=0.6888]Trial 13 Ep1:  55%|████████████████████████████████████████████████████████████▋                                                 | 43/78 [00:33<00:24,  1.45it/s, loss=0.6888]Trial 13 Ep1:  55%|████████████████████████████████████████████████████████████▋                                                 | 43/78 [00:33<00:24,  1.45it/s, loss=0.7261]Trial 13 Ep1:  56%|██████████████████████████████████████████████████████████████                                                | 44/78 [00:33<00:22,  1.51it/s, loss=0.7261]Trial 13 Ep1:  56%|██████████████████████████████████████████████████████████████                                                | 44/78 [00:34<00:22,  1.51it/s, loss=0.6997]Trial 13 Ep1:  58%|███████████████████████████████████████████████████████████████▍                                              | 45/78 [00:34<00:22,  1.47it/s, loss=0.6997]Trial 13 Ep1:  58%|███████████████████████████████████████████████████████████████▍                                              | 45/78 [00:35<00:22,  1.47it/s, loss=0.7668]Trial 13 Ep1:  59%|████████████████████████████████████████████████████████████████▊                                             | 46/78 [00:35<00:22,  1.44it/s, loss=0.7668]Trial 13 Ep1:  59%|████████████████████████████████████████████████████████████████▊                                             | 46/78 [00:35<00:22,  1.44it/s, loss=0.7358]Trial 13 Ep1:  60%|██████████████████████████████████████████████████████████████████▎                                           | 47/78 [00:35<00:21,  1.44it/s, loss=0.7358]Trial 13 Ep1:  60%|██████████████████████████████████████████████████████████████████▎                                           | 47/78 [00:36<00:21,  1.44it/s, loss=0.7109]Trial 13 Ep1:  62%|███████████████████████████████████████████████████████████████████▋                                          | 48/78 [00:36<00:20,  1.47it/s, loss=0.7109]Trial 13 Ep1:  62%|███████████████████████████████████████████████████████████████████▋                                          | 48/78 [00:37<00:20,  1.47it/s, loss=0.6729]Trial 13 Ep1:  63%|█████████████████████████████████████████████████████████████████████                                         | 49/78 [00:37<00:19,  1.47it/s, loss=0.6729]Trial 13 Ep1:  63%|█████████████████████████████████████████████████████████████████████                                         | 49/78 [00:38<00:19,  1.47it/s, loss=0.8070]Trial 13 Ep1:  64%|██████████████████████████████████████████████████████████████████████▌                                       | 50/78 [00:38<00:19,  1.43it/s, loss=0.8070]Trial 13 Ep1:  64%|██████████████████████████████████████████████████████████████████████▌                                       | 50/78 [00:38<00:19,  1.43it/s, loss=0.6683]Trial 13 Ep1:  65%|███████████████████████████████████████████████████████████████████████▉                                      | 51/78 [00:38<00:18,  1.42it/s, loss=0.6683]Trial 13 Ep1:  65%|███████████████████████████████████████████████████████████████████████▉                                      | 51/78 [00:39<00:18,  1.42it/s, loss=0.7149]Trial 13 Ep1:  67%|█████████████████████████████████████████████████████████████████████████▎                                    | 52/78 [00:39<00:19,  1.35it/s, loss=0.7149]Trial 13 Ep1:  67%|█████████████████████████████████████████████████████████████████████████▎                                    | 52/78 [00:40<00:19,  1.35it/s, loss=0.6961]Trial 13 Ep1:  68%|██████████████████████████████████████████████████████████████████████████▋                                   | 53/78 [00:40<00:18,  1.37it/s, loss=0.6961]Trial 13 Ep1:  68%|██████████████████████████████████████████████████████████████████████████▋                                   | 53/78 [00:41<00:18,  1.37it/s, loss=0.6882]Trial 13 Ep1:  69%|████████████████████████████████████████████████████████████████████████████▏                                 | 54/78 [00:41<00:17,  1.36it/s, loss=0.6882]Trial 13 Ep1:  69%|████████████████████████████████████████████████████████████████████████████▏                                 | 54/78 [00:41<00:17,  1.36it/s, loss=0.7716]Trial 13 Ep1:  71%|█████████████████████████████████████████████████████████████████████████████▌                                | 55/78 [00:41<00:16,  1.40it/s, loss=0.7716]Trial 13 Ep1:  71%|█████████████████████████████████████████████████████████████████████████████▌                                | 55/78 [00:42<00:16,  1.40it/s, loss=0.7406]Trial 13 Ep1:  72%|██████████████████████████████████████████████████████████████████████████████▉                               | 56/78 [00:42<00:16,  1.37it/s, loss=0.7406]Trial 13 Ep1:  72%|██████████████████████████████████████████████████████████████████████████████▉                               | 56/78 [00:43<00:16,  1.37it/s, loss=0.7144]Trial 13 Ep1:  73%|████████████████████████████████████████████████████████████████████████████████▍                             | 57/78 [00:43<00:15,  1.38it/s, loss=0.7144]Trial 13 Ep1:  73%|████████████████████████████████████████████████████████████████████████████████▍                             | 57/78 [00:43<00:15,  1.38it/s, loss=0.6443]Trial 13 Ep1:  74%|█████████████████████████████████████████████████████████████████████████████████▊                            | 58/78 [00:43<00:14,  1.43it/s, loss=0.6443]Trial 13 Ep1:  74%|█████████████████████████████████████████████████████████████████████████████████▊                            | 58/78 [00:44<00:14,  1.43it/s, loss=0.7314]Trial 13 Ep1:  76%|███████████████████████████████████████████████████████████████████████████████████▏                          | 59/78 [00:44<00:13,  1.40it/s, loss=0.7314]Trial 13 Ep1:  76%|███████████████████████████████████████████████████████████████████████████████████▏                          | 59/78 [00:45<00:13,  1.40it/s, loss=0.7452]Trial 13 Ep1:  77%|████████████████████████████████████████████████████████████████████████████████████▌                         | 60/78 [00:45<00:12,  1.43it/s, loss=0.7452]Trial 13 Ep1:  77%|████████████████████████████████████████████████████████████████████████████████████▌                         | 60/78 [00:46<00:12,  1.43it/s, loss=0.6813]Trial 13 Ep1:  78%|██████████████████████████████████████████████████████████████████████████████████████                        | 61/78 [00:46<00:12,  1.35it/s, loss=0.6813]Trial 13 Ep1:  78%|██████████████████████████████████████████████████████████████████████████████████████                        | 61/78 [00:46<00:12,  1.35it/s, loss=0.8227]Trial 13 Ep1:  79%|███████████████████████████████████████████████████████████████████████████████████████▍                      | 62/78 [00:46<00:11,  1.42it/s, loss=0.8227]Trial 13 Ep1:  79%|███████████████████████████████████████████████████████████████████████████████████████▍                 