Trial 10 Ep1:   0%|                                                                                                                                    | 0/78 [00:00<?, ?it/s]Trial 10 Ep1:   0%|                                                                                                                       | 0/78 [00:00<?, ?it/s, loss=0.7865]Trial 10 Ep1:   1%|█▍                                                                                                             | 1/78 [00:00<01:08,  1.12it/s, loss=0.7865]Trial 10 Ep1:   1%|█▍                                                                                                             | 1/78 [00:01<01:08,  1.12it/s, loss=0.7238]Trial 10 Ep1:   3%|██▊                                                                                                            | 2/78 [00:01<00:59,  1.28it/s, loss=0.7238]Trial 10 Ep1:   3%|██▊                                                                                                            | 2/78 [00:04<00:59,  1.28it/s, loss=0.7204]Trial 10 Ep1:   4%|████▎                                                                                                          | 3/78 [00:04<02:04,  1.66s/it, loss=0.7204]Trial 10 Ep1:   4%|████▎                                                                                                          | 3/78 [00:04<02:04,  1.66s/it, loss=0.6763]Trial 10 Ep1:   5%|█████▋                                                                                                         | 4/78 [00:04<01:34,  1.27s/it, loss=0.6763]Trial 10 Ep1:   5%|█████▋                                                                                                         | 4/78 [00:05<01:34,  1.27s/it, loss=0.7892]Trial 10 Ep1:   6%|███████                                                                                                        | 5/78 [00:05<01:16,  1.05s/it, loss=0.7892]Trial 10 Ep1:   6%|███████                                                                                                        | 5/78 [00:06<01:16,  1.05s/it, loss=0.6733]Trial 10 Ep1:   8%|████████▌                                                                                                      | 6/78 [00:06<01:05,  1.10it/s, loss=0.6733]Trial 10 Ep1:   8%|████████▌                                                                                                      | 6/78 [00:06<01:05,  1.10it/s, loss=0.7398]Trial 10 Ep1:   9%|█████████▉                                                                                                     | 7/78 [00:06<00:59,  1.19it/s, loss=0.7398]Trial 10 Ep1:   9%|█████████▉                                                                                                     | 7/78 [00:07<00:59,  1.19it/s, loss=0.6932]Trial 10 Ep1:  10%|███████████▍                                                                                                   | 8/78 [00:07<01:01,  1.14it/s, loss=0.6932]Trial 10 Ep1:  10%|███████████▍                                                                                                   | 8/78 [00:08<01:01,  1.14it/s, loss=0.7404]Trial 10 Ep1:  12%|████████████▊                                                                                                  | 9/78 [00:08<00:56,  1.21it/s, loss=0.7404]Trial 10 Ep1:  12%|████████████▊                                                                                                  | 9/78 [00:09<00:56,  1.21it/s, loss=0.7494]Trial 10 Ep1:  13%|██████████████                                                                                                | 10/78 [00:09<00:54,  1.25it/s, loss=0.7494]Trial 10 Ep1:  13%|██████████████                                                                                                | 10/78 [00:10<00:54,  1.25it/s, loss=0.7553]Trial 10 Ep1:  14%|███████████████▌                                                                                              | 11/78 [00:10<00:51,  1.31it/s, loss=0.7553]Trial 10 Ep1:  14%|███████████████▌                                                                                              | 11/78 [00:10<00:51,  1.31it/s, loss=0.7440]Trial 10 Ep1:  15%|████████████████▉                                                                                             | 12/78 [00:10<00:49,  1.34it/s, loss=0.7440]Trial 10 Ep1:  15%|████████████████▉                                                                                             | 12/78 [00:11<00:49,  1.34it/s, loss=0.7179]Trial 10 Ep1:  17%|██████████████████▎                                                                                           | 13/78 [00:11<00:47,  1.36it/s, loss=0.7179]Trial 10 Ep1:  17%|██████████████████▎                                                                                           | 13/78 [00:12<00:47,  1.36it/s, loss=0.7368]Trial 10 Ep1:  18%|███████████████████▋                                                                                          | 14/78 [00:12<00:45,  1.41it/s, loss=0.7368]Trial 10 Ep1:  18%|███████████████████▋                                                                                          | 14/78 [00:12<00:45,  1.41it/s, loss=0.7044]Trial 10 Ep1:  19%|█████████████████████▏                                                                                        | 15/78 [00:12<00:42,  1.47it/s, loss=0.7044]Trial 10 Ep1:  19%|█████████████████████▏                                                                                        | 15/78 [00:13<00:42,  1.47it/s, loss=0.7472]Trial 10 Ep1:  21%|██████████████████████▌                                                                                       | 16/78 [00:13<00:42,  1.45it/s, loss=0.7472]Trial 10 Ep1:  21%|██████████████████████▌                                                                                       | 16/78 [00:14<00:42,  1.45it/s, loss=0.6642]Trial 10 Ep1:  22%|███████████████████████▉                                                                                      | 17/78 [00:14<00:40,  1.50it/s, loss=0.6642]Trial 10 Ep1:  22%|███████████████████████▉                                                                                      | 17/78 [00:15<00:40,  1.50it/s, loss=0.6486]Trial 10 Ep1:  23%|█████████████████████████▍                                                                                    | 18/78 [00:15<00:45,  1.32it/s, loss=0.6486]Trial 10 Ep1:  23%|█████████████████████████▍                                                                                    | 18/78 [00:15<00:45,  1.32it/s, loss=0.6608]Trial 10 Ep1:  24%|██████████████████████████▊                                                                                   | 19/78 [00:15<00:44,  1.33it/s, loss=0.6608]Trial 10 Ep1:  24%|██████████████████████████▊                                                                                   | 19/78 [00:16<00:44,  1.33it/s, loss=0.7003]Trial 10 Ep1:  26%|████████████████████████████▏                                                                                 | 20/78 [00:16<00:42,  1.35it/s, loss=0.7003]Trial 10 Ep1:  26%|████████████████████████████▏                                                                                 | 20/78 [00:17<00:42,  1.35it/s, loss=0.7204]Trial 10 Ep1:  27%|█████████████████████████████▌                                                                                | 21/78 [00:17<00:42,  1.34it/s, loss=0.7204]Trial 10 Ep1:  27%|█████████████████████████████▌                                                                                | 21/78 [00:17<00:42,  1.34it/s, loss=0.7382]Trial 10 Ep1:  28%|███████████████████████████████                                                                               | 22/78 [00:17<00:40,  1.39it/s, loss=0.7382]Trial 10 Ep1:  28%|███████████████████████████████                                                                               | 22/78 [00:18<00:40,  1.39it/s, loss=0.7453]Trial 10 Ep1:  29%|████████████████████████████████▍                                                                             | 23/78 [00:18<00:45,  1.22it/s, loss=0.7453]Trial 10 Ep1:  29%|████████████████████████████████▍                                                                             | 23/78 [00:19<00:45,  1.22it/s, loss=0.7055]Trial 10 Ep1:  31%|█████████████████████████████████▊                                                                            | 24/78 [00:19<00:42,  1.28it/s, loss=0.7055]Trial 10 Ep1:  31%|█████████████████████████████████▊                                                                            | 24/78 [00:20<00:42,  1.28it/s, loss=0.7179]Trial 10 Ep1:  32%|███████████████████████████████████▎                                                                          | 25/78 [00:20<00:42,  1.25it/s, loss=0.7179]Trial 10 Ep1:  32%|███████████████████████████████████▎                                                                          | 25/78 [00:21<00:42,  1.25it/s, loss=0.7522]Trial 10 Ep1:  33%|████████████████████████████████████▋                                                                         | 26/78 [00:21<00:39,  1.31it/s, loss=0.7522]Trial 10 Ep1:  33%|████████████████████████████████████▋                                                                         | 26/78 [00:21<00:39,  1.31it/s, loss=0.7094]Trial 10 Ep1:  35%|██████████████████████████████████████                                                                        | 27/78 [00:21<00:38,  1.33it/s, loss=0.7094]Trial 10 Ep1:  35%|██████████████████████████████████████                                                                        | 27/78 [00:22<00:38,  1.33it/s, loss=0.7138]Trial 10 Ep1:  36%|███████████████████████████████████████▍                                                                      | 28/78 [00:22<00:36,  1.35it/s, loss=0.7138]Trial 10 Ep1:  36%|███████████████████████████████████████▍                                                                      | 28/78 [00:23<00:36,  1.35it/s, loss=0.6866]Trial 10 Ep1:  37%|████████████████████████████████████████▉                                                                     | 29/78 [00:23<00:35,  1.39it/s, loss=0.6866]Trial 10 Ep1:  37%|████████████████████████████████████████▉                                                                     | 29/78 [00:24<00:35,  1.39it/s, loss=0.7895]Trial 10 Ep1:  38%|██████████████████████████████████████████▎                                                                   | 30/78 [00:24<00:34,  1.38it/s, loss=0.7895]Trial 10 Ep1:  38%|██████████████████████████████████████████▎                                                                   | 30/78 [00:24<00:34,  1.38it/s, loss=0.6896]Trial 10 Ep1:  40%|███████████████████████████████████████████▋                                                                  | 31/78 [00:24<00:33,  1.40it/s, loss=0.6896]Trial 10 Ep1:  40%|███████████████████████████████████████████▋                                                                  | 31/78 [00:25<00:33,  1.40it/s, loss=0.7067]Trial 10 Ep1:  41%|█████████████████████████████████████████████▏                                                                | 32/78 [00:25<00:34,  1.33it/s, loss=0.7067]Trial 10 Ep1:  41%|█████████████████████████████████████████████▏                                                                | 32/78 [00:26<00:34,  1.33it/s, loss=0.7264]Trial 10 Ep1:  42%|██████████████████████████████████████████████▌                                                               | 33/78 [00:26<00:31,  1.41it/s, loss=0.7264]Trial 10 Ep1:  42%|██████████████████████████████████████████████▌                                                               | 33/78 [00:26<00:31,  1.41it/s, loss=0.7547]Trial 10 Ep1:  44%|███████████████████████████████████████████████▉                                                              | 34/78 [00:26<00:30,  1.44it/s, loss=0.7547]Trial 10 Ep1:  44%|███████████████████████████████████████████████▉                                                              | 34/78 [00:27<00:30,  1.44it/s, loss=0.7194]Trial 10 Ep1:  45%|█████████████████████████████████████████████████▎                                                            | 35/78 [00:27<00:29,  1.46it/s, loss=0.7194]Trial 10 Ep1:  45%|█████████████████████████████████████████████████▎                                                            | 35/78 [00:28<00:29,  1.46it/s, loss=0.7762]Trial 10 Ep1:  46%|██████████████████████████████████████████████████▊                                                           | 36/78 [00:28<00:30,  1.36it/s, loss=0.7762]Trial 10 Ep1:  46%|██████████████████████████████████████████████████▊                                                           | 36/78 [00:29<00:30,  1.36it/s, loss=0.6581]Trial 10 Ep1:  47%|████████████████████████████████████████████████████▏                                                         | 37/78 [00:29<00:29,  1.37it/s, loss=0.6581]Trial 10 Ep1:  47%|████████████████████████████████████████████████████▏                                                         | 37/78 [00:29<00:29,  1.37it/s, loss=0.6464]Trial 10 Ep1:  49%|█████████████████████████████████████████████████████▌                                                        | 38/78 [00:29<00:29,  1.37it/s, loss=0.6464]Trial 10 Ep1:  49%|█████████████████████████████████████████████████████▌                                                        | 38/78 [00:30<00:29,  1.37it/s, loss=0.7199]Trial 10 Ep1:  50%|███████████████████████████████████████████████████████                                                       | 39/78 [00:30<00:29,  1.34it/s, loss=0.7199]Trial 10 Ep1:  50%|███████████████████████████████████████████████████████                                                       | 39/78 [00:31<00:29,  1.34it/s, loss=0.6741]Trial 10 Ep1:  51%|████████████████████████████████████████████████████████▍                                                     | 40/78 [00:31<00:27,  1.37it/s, loss=0.6741]Trial 10 Ep1:  51%|████████████████████████████████████████████████████████▍                                                     | 40/78 [00:31<00:27,  1.37it/s, loss=0.6278]Trial 10 Ep1:  53%|█████████████████████████████████████████████████████████▊                                                    | 41/78 [00:31<00:26,  1.41it/s, loss=0.6278]Trial 10 Ep1:  53%|█████████████████████████████████████████████████████████▊                                                    | 41/78 [00:32<00:26,  1.41it/s, loss=0.6981]Trial 10 Ep1:  54%|███████████████████████████████████████████████████████████▏                                                  | 42/78 [00:32<00:24,  1.44it/s, loss=0.6981]Trial 10 Ep1:  54%|███████████████████████████████████████████████████████████▏                                                  | 42/78 [00:33<00:24,  1.44it/s, loss=0.7533]Trial 10 Ep1:  55%|████████████████████████████████████████████████████████████▋                                                 | 43/78 [00:33<00:24,  1.42it/s, loss=0.7533]Trial 10 Ep1:  55%|████████████████████████████████████████████████████████████▋                                                 | 43/78 [00:33<00:24,  1.42it/s, loss=0.6158]Trial 10 Ep1:  56%|██████████████████████████████████████████████████████████████                                                | 44/78 [00:33<00:23,  1.46it/s, loss=0.6158]Trial 10 Ep1:  56%|██████████████████████████████████████████████████████████████                                                | 44/78 [00:34<00:23,  1.46it/s, loss=0.7827]Trial 10 Ep1:  58%|███████████████████████████████████████████████████████████████▍                                              | 45/78 [00:34<00:22,  1.45it/s, loss=0.7827]Trial 10 Ep1:  58%|███████████████████████████████████████████████████████████████▍                                              | 45/78 [00:35<00:22,  1.45it/s, loss=0.7191]Trial 10 Ep1:  59%|████████████████████████████████████████████████████████████████▊                                             | 46/78 [00:35<00:22,  1.43it/s, loss=0.7191]Trial 10 Ep1:  59%|████████████████████████████████████████████████████████████████▊                                             | 46/78 [00:35<00:22,  1.43it/s, loss=0.6756]Trial 10 Ep1:  60%|██████████████████████████████████████████████████████████████████▎                                           | 47/78 [00:35<00:21,  1.47it/s, loss=0.6756]Trial 10 Ep1:  60%|██████████████████████████████████████████████████████████████████▎                                           | 47/78 [00:36<00:21,  1.47it/s, loss=0.8284]Trial 10 Ep1:  62%|███████████████████████████████████████████████████████████████████▋                                          | 48/78 [00:36<00:20,  1.49it/s, loss=0.8284]Trial 10 Ep1:  62%|███████████████████████████████████████████████████████████████████▋                                          | 48/78 [00:37<00:20,  1.49it/s, loss=0.7138]Trial 10 Ep1:  63%|█████████████████████████████████████████████████████████████████████                                         | 49/78 [00:37<00:19,  1.53it/s, loss=0.7138]Trial 10 Ep1:  63%|█████████████████████████████████████████████████████████████████████                                         | 49/78 [00:37<00:19,  1.53it/s, loss=0.7241]Trial 10 Ep1:  64%|██████████████████████████████████████████████████████████████████████▌                                       | 50/78 [00:37<00:18,  1.49it/s, loss=0.7241]Trial 10 Ep1:  64%|██████████████████████████████████████████████████████████████████████▌                                       | 50/78 [00:38<00:18,  1.49it/s, loss=0.8255]Trial 10 Ep1:  65%|███████████████████████████████████████████████████████████████████████▉                                      | 51/78 [00:38<00:18,  1.50it/s, loss=0.8255]Trial 10 Ep1:  65%|███████████████████████████████████████████████████████████████████████▉                                      | 51/78 [00:39<00:18,  1.50it/s, loss=0.6452]Trial 10 Ep1:  67%|█████████████████████████████████████████████████████████████████████████▎                                    | 52/78 [00:39<00:17,  1.50it/s, loss=0.6452]Trial 10 Ep1:  67%|█████████████████████████████████████████████████████████████████████████▎                                    | 52/78 [00:40<00:17,  1.50it/s, loss=0.8703]Trial 10 Ep1:  68%|██████████████████████████████████████████████████████████████████████████▋                                   | 53/78 [00:40<00:17,  1.45it/s, loss=0.8703]Trial 10 Ep1:  68%|██████████████████████████████████████████████████████████████████████████▋                                   | 53/78 [00:40<00:17,  1.45it/s, loss=0.6938]Trial 10 Ep1:  69%|████████████████████████████████████████████████████████████████████████████▏                                 | 54/78 [00:40<00:17,  1.39it/s, loss=0.6938]Trial 10 Ep1:  69%|████████████████████████████████████████████████████████████████████████████▏                                 | 54/78 [00:41<00:17,  1.39it/s, loss=0.8722]Trial 10 Ep1:  71%|█████████████████████████████████████████████████████████████████████████████▌                                | 55/78 [00:41<00:16,  1.39it/s, loss=0.8722]Trial 10 Ep1:  71%|█████████████████████████████████████████████████████████████████████████████▌                                | 55/78 [00:42<00:16,  1.39it/s, loss=0.6960]Trial 10 Ep1:  72%|██████████████████████████████████████████████████████████████████████████████▉                               | 56/78 [00:42<00:16,  1.37it/s, loss=0.6960]Trial 10 Ep1:  72%|██████████████████████████████████████████████████████████████████████████████▉                               | 56/78 [00:42<00:16,  1.37it/s, loss=0.7325]Trial 10 Ep1:  73%|████████████████████████████████████████████████████████████████████████████████▍                             | 57/78 [00:42<00:14,  1.41it/s, loss=0.7325]Trial 10 Ep1:  73%|████████████████████████████████████████████████████████████████████████████████▍                             | 57/78 [00:43<00:14,  1.41it/s, loss=0.7703]Trial 10 Ep1:  74%|█████████████████████████████████████████████████████████████████████████████████▊                            | 58/78 [00:43<00:13,  1.47it/s, loss=0.7703]Trial 10 Ep1:  74%|█████████████████████████████████████████████████████████████████████████████████▊                            | 58/78 [00:44<00:13,  1.47it/s, loss=0.7626]Trial 10 Ep1:  76%|███████████████████████████████████████████████████████████████████████████████████▏                          | 59/78 [00:44<00:12,  1.51it/s, loss=0.7626]Trial 10 Ep1:  76%|███████████████████████████████████████████████████████████████████████████████████▏                          | 59/78 [00:45<00:12,  1.51it/s, loss=0.7749]Trial 10 Ep1:  77%|████████████████████████████████████████████████████████████████████████████████████▌                         | 60/78 [00:45<00:12,  1.40it/s, loss=0.7749]Trial 10 Ep1:  77%|████████████████████████████████████████████████████████████████████████████████████▌                         | 60/78 [00:45<00:12,  1.40it/s, loss=0.7917]Trial 10 Ep1:  78%|██████████████████████████████████████████████████████████████████████████████████████                        | 61/78 [00:45<00:11,  1.47it/s, loss=0.7917]Trial 10 Ep1:  78%|██████████████████████████████████████████████████████████████████████████████████████                        | 61/78 [00:46<00:11,  1.47it/s, loss=0.6563]Trial 10 Ep1:  79%|███████████████████████████████████████████████████████████████████████████████████████▍                      | 62/78 [00:46<00:11,  1.43it/s, loss=0.6563]Trial 10 Ep1:  79%|███████████████████████████████████████████████████████████████████████████████████████▍                 