Trial 11 Ep9:   0%|                                                                                                       | 0/78 [00:00<?, ?it/s]Trial 11 Ep9:   0%|                                                                                          | 0/78 [00:00<?, ?it/s, loss=0.6618]Trial 11 Ep9:   1%|█                                                                                 | 1/78 [00:00<00:23,  3.32it/s, loss=0.6618]Trial 11 Ep9:   1%|█                                                                                 | 1/78 [00:00<00:23,  3.32it/s, loss=0.6432]Trial 11 Ep9:   3%|██                                                                                | 2/78 [00:00<00:25,  2.97it/s, loss=0.6432]Trial 11 Ep9:   3%|██                                                                                | 2/78 [00:00<00:25,  2.97it/s, loss=0.6076]Trial 11 Ep9:   4%|███▏                                                                              | 3/78 [00:00<00:24,  3.11it/s, loss=0.6076]Trial 11 Ep9:   4%|███▏                                                                              | 3/78 [00:01<00:24,  3.11it/s, loss=0.6395]Trial 11 Ep9:   5%|████▏                                                                             | 4/78 [00:01<00:23,  3.10it/s, loss=0.6395]Trial 11 Ep9:   5%|████▏                                                                             | 4/78 [00:01<00:23,  3.10it/s, loss=0.6976]Trial 11 Ep9:   6%|█████▎                                                                            | 5/78 [00:01<00:22,  3.18it/s, loss=0.6976]Trial 11 Ep9:   6%|█████▎                                                                            | 5/78 [00:01<00:22,  3.18it/s, loss=0.7029]Trial 11 Ep9:   8%|██████▎                                                                           | 6/78 [00:01<00:22,  3.15it/s, loss=0.7029]Trial 11 Ep9:   8%|██████▎                                                                           | 6/78 [00:02<00:22,  3.15it/s, loss=0.6653]Trial 11 Ep9:   9%|███████▎                                                                          | 7/78 [00:02<00:23,  3.08it/s, loss=0.6653]Trial 11 Ep9:   9%|███████▎                                                                          | 7/78 [00:02<00:23,  3.08it/s, loss=0.6374]Trial 11 Ep9:  10%|████████▍                                                                         | 8/78 [00:02<00:22,  3.09it/s, loss=0.6374]Trial 11 Ep9:  10%|████████▍                                                                         | 8/78 [00:02<00:22,  3.09it/s, loss=0.6848]Trial 11 Ep9:  12%|█████████▍                                                                        | 9/78 [00:02<00:22,  3.08it/s, loss=0.6848]Trial 11 Ep9:  12%|█████████▍                                                                        | 9/78 [00:03<00:22,  3.08it/s, loss=0.6726]Trial 11 Ep9:  13%|██████████▍                                                                      | 10/78 [00:03<00:22,  3.08it/s, loss=0.6726]Trial 11 Ep9:  13%|██████████▍                                                                      | 10/78 [00:03<00:22,  3.08it/s, loss=0.6616]Trial 11 Ep9:  14%|███████████▍                                                                     | 11/78 [00:03<00:21,  3.17it/s, loss=0.6616]Trial 11 Ep9:  14%|███████████▍                                                                     | 11/78 [00:03<00:21,  3.17it/s, loss=0.7521]Trial 11 Ep9:  15%|████████████▍                                                                    | 12/78 [00:03<00:20,  3.21it/s, loss=0.7521]Trial 11 Ep9:  15%|████████████▍                                                                    | 12/78 [00:04<00:20,  3.21it/s, loss=0.6923]Trial 11 Ep9:  17%|█████████████▌                                                                   | 13/78 [00:04<00:19,  3.35it/s, loss=0.6923]Trial 11 Ep9:  17%|█████████████▌                                                                   | 13/78 [00:04<00:19,  3.35it/s, loss=0.6438]Trial 11 Ep9:  18%|██████████████▌                                                                  | 14/78 [00:04<00:19,  3.22it/s, loss=0.6438]Trial 11 Ep9:  18%|██████████████▌                                                                  | 14/78 [00:04<00:19,  3.22it/s, loss=0.7110]Trial 11 Ep9:  19%|███████████████▌                                                                 | 15/78 [00:04<00:19,  3.25it/s, loss=0.7110]Trial 11 Ep9:  19%|███████████████▌                                                                 | 15/78 [00:05<00:19,  3.25it/s, loss=0.6874]Trial 11 Ep9:  21%|████████████████▌                                                                | 16/78 [00:05<00:19,  3.13it/s, loss=0.6874]Trial 11 Ep9:  21%|████████████████▌                                                                | 16/78 [00:05<00:19,  3.13it/s, loss=0.6809]Trial 11 Ep9:  22%|█████████████████▋                                                               | 17/78 [00:05<00:19,  3.10it/s, loss=0.6809]Trial 11 Ep9:  22%|█████████████████▋                                                               | 17/78 [00:05<00:19,  3.10it/s, loss=0.7005]Trial 11 Ep9:  23%|██████████████████▋                                                              | 18/78 [00:05<00:19,  3.07it/s, loss=0.7005]Trial 11 Ep9:  23%|██████████████████▋                                                              | 18/78 [00:06<00:19,  3.07it/s, loss=0.7250]Trial 11 Ep9:  24%|███████████████████▋                                                             | 19/78 [00:06<00:18,  3.14it/s, loss=0.7250]Trial 11 Ep9:  24%|███████████████████▋                                                             | 19/78 [00:06<00:18,  3.14it/s, loss=0.6679]Trial 11 Ep9:  26%|████████████████████▊                                                            | 20/78 [00:06<00:18,  3.16it/s, loss=0.6679]Trial 11 Ep9:  26%|████████████████████▊                                                            | 20/78 [00:06<00:18,  3.16it/s, loss=0.6801]Trial 11 Ep9:  27%|█████████████████████▊                                                           | 21/78 [00:06<00:18,  3.04it/s, loss=0.6801]Trial 11 Ep9:  27%|█████████████████████▊                                                           | 21/78 [00:07<00:18,  3.04it/s, loss=0.6708]Trial 11 Ep9:  28%|██████████████████████▊                                                          | 22/78 [00:07<00:17,  3.12it/s, loss=0.6708]Trial 11 Ep9:  28%|██████████████████████▊                                                          | 22/78 [00:07<00:17,  3.12it/s, loss=0.7012]Trial 11 Ep9:  29%|███████████████████████▉                                                         | 23/78 [00:07<00:17,  3.11it/s, loss=0.7012]Trial 11 Ep9:  29%|███████████████████████▉                                                         | 23/78 [00:07<00:17,  3.11it/s, loss=0.7104]Trial 11 Ep9:  31%|████████████████████████▉                                                        | 24/78 [00:07<00:17,  3.17it/s, loss=0.7104]Trial 11 Ep9:  31%|████████████████████████▉                                                        | 24/78 [00:07<00:17,  3.17it/s, loss=0.6747]Trial 11 Ep9:  32%|█████████████████████████▉                                                       | 25/78 [00:07<00:17,  3.07it/s, loss=0.6747]Trial 11 Ep9:  32%|█████████████████████████▉                                                       | 25/78 [00:08<00:17,  3.07it/s, loss=0.6584]Trial 11 Ep9:  33%|███████████████████████████                                                      | 26/78 [00:08<00:16,  3.13it/s, loss=0.6584]Trial 11 Ep9:  33%|███████████████████████████                                                      | 26/78 [00:08<00:16,  3.13it/s, loss=0.6608]Trial 11 Ep9:  35%|████████████████████████████                                                     | 27/78 [00:08<00:16,  3.10it/s, loss=0.6608]Trial 11 Ep9:  35%|████████████████████████████                                                     | 27/78 [00:08<00:16,  3.10it/s, loss=0.6903]Trial 11 Ep9:  36%|█████████████████████████████                                                    | 28/78 [00:08<00:15,  3.19it/s, loss=0.6903]Trial 11 Ep9:  36%|█████████████████████████████                                                    | 28/78 [00:09<00:15,  3.19it/s, loss=0.6934]Trial 11 Ep9:  37%|██████████████████████████████                                                   | 29/78 [00:09<00:15,  3.14it/s, loss=0.6934]Trial 11 Ep9:  37%|██████████████████████████████                                                   | 29/78 [00:09<00:15,  3.14it/s, loss=0.6319]Trial 11 Ep9:  38%|███████████████████████████████▏                                                 | 30/78 [00:09<00:15,  3.13it/s, loss=0.6319]Trial 11 Ep9:  38%|███████████████████████████████▏                                                 | 30/78 [00:09<00:15,  3.13it/s, loss=0.6293]Trial 11 Ep9:  40%|████████████████████████████████▏                                                | 31/78 [00:09<00:15,  3.03it/s, loss=0.6293]Trial 11 Ep9:  40%|████████████████████████████████▏                                                | 31/78 [00:10<00:15,  3.03it/s, loss=0.6913]Trial 11 Ep9:  41%|█████████████████████████████████▏                                               | 32/78 [00:10<00:15,  3.04it/s, loss=0.6913]Trial 11 Ep9:  41%|█████████████████████████████████▏                                               | 32/78 [00:10<00:15,  3.04it/s, loss=0.6208]Trial 11 Ep9:  42%|██████████████████████████████████▎                                              | 33/78 [00:10<00:14,  3.03it/s, loss=0.6208]Trial 11 Ep9:  42%|██████████████████████████████████▎                                              | 33/78 [00:10<00:14,  3.03it/s, loss=0.6973]Trial 11 Ep9:  44%|███████████████████████████████████▎                                             | 34/78 [00:10<00:15,  2.93it/s, loss=0.6973]Trial 11 Ep9:  44%|███████████████████████████████████▎                                             | 34/78 [00:11<00:15,  2.93it/s, loss=0.6567]Trial 11 Ep9:  45%|████████████████████████████████████▎                                            | 35/78 [00:11<00:14,  2.96it/s, loss=0.6567]Trial 11 Ep9:  45%|████████████████████████████████████▎                                            | 35/78 [00:11<00:14,  2.96it/s, loss=0.6727]Trial 11 Ep9:  46%|█████████████████████████████████████▍                                           | 36/78 [00:11<00:13,  3.06it/s, loss=0.6727]Trial 11 Ep9:  46%|█████████████████████████████████████▍                                           | 36/78 [00:11<00:13,  3.06it/s, loss=0.6737]Trial 11 Ep9:  47%|██████████████████████████████████████▍                                          | 37/78 [00:11<00:13,  3.13it/s, loss=0.6737]Trial 11 Ep9:  47%|██████████████████████████████████████▍                                          | 37/78 [00:12<00:13,  3.13it/s, loss=0.6563]Trial 11 Ep9:  49%|███████████████████████████████████████▍                                         | 38/78 [00:12<00:12,  3.33it/s, loss=0.6563]Trial 11 Ep9:  49%|███████████████████████████████████████▍                                         | 38/78 [00:12<00:12,  3.33it/s, loss=0.6331]Trial 11 Ep9:  50%|████████████████████████████████████████▌                                        | 39/78 [00:12<00:12,  3.22it/s, loss=0.6331]Trial 11 Ep9:  50%|████████████████████████████████████████▌                                        | 39/78 [00:12<00:12,  3.22it/s, loss=0.6311]Trial 11 Ep9:  51%|█████████████████████████████████████████▌                                       | 40/78 [00:12<00:11,  3.27it/s, loss=0.6311]Trial 11 Ep9:  51%|█████████████████████████████████████████▌                                       | 40/78 [00:13<00:11,  3.27it/s, loss=0.6958]Trial 11 Ep9:  53%|██████████████████████████████████████████▌                                      | 41/78 [00:13<00:11,  3.11it/s, loss=0.6958]Trial 11 Ep9:  53%|██████████████████████████████████████████▌                                      | 41/78 [00:13<00:11,  3.11it/s, loss=0.6558]Trial 11 Ep9:  54%|███████████████████████████████████████████▌                                     | 42/78 [00:13<00:11,  3.06it/s, loss=0.6558]Trial 11 Ep9:  54%|███████████████████████████████████████████▌                                     | 42/78 [00:13<00:11,  3.06it/s, loss=0.6186]Trial 11 Ep9:  55%|████████████████████████████████████████████▋                                    | 43/78 [00:13<00:11,  3.11it/s, loss=0.6186]Trial 11 Ep9:  55%|████████████████████████████████████████████▋                                    | 43/78 [00:14<00:11,  3.11it/s, loss=0.6833]Trial 11 Ep9:  56%|█████████████████████████████████████████████▋                                   | 44/78 [00:14<00:11,  3.05it/s, loss=0.6833]Trial 11 Ep9:  56%|█████████████████████████████████████████████▋                                   | 44/78 [00:14<00:11,  3.05it/s, loss=0.6856]Trial 11 Ep9:  58%|██████████████████████████████████████████████▋                                  | 45/78 [00:14<00:10,  3.16it/s, loss=0.6856]Trial 11 Ep9:  58%|██████████████████████████████████████████████▋                                  | 45/78 [00:14<00:10,  3.16it/s, loss=0.7041]Trial 11 Ep9:  59%|███████████████████████████████████████████████▊                                 | 46/78 [00:14<00:09,  3.30it/s, loss=0.7041]Trial 11 Ep9:  59%|███████████████████████████████████████████████▊                                 | 46/78 [00:15<00:09,  3.30it/s, loss=0.6668]Trial 11 Ep9:  60%|████████████████████████████████████████████████▊                                | 47/78 [00:15<00:10,  3.04it/s, loss=0.6668]Trial 11 Ep9:  60%|████████████████████████████████████████████████▊                                | 47/78 [00:15<00:10,  3.04it/s, loss=0.6403]Trial 11 Ep9:  62%|█████████████████████████████████████████████████▊                               | 48/78 [00:15<00:09,  3.01it/s, loss=0.6403]Trial 11 Ep9:  62%|█████████████████████████████████████████████████▊                               | 48/78 [00:15<00:09,  3.01it/s, loss=0.6952]Trial 11 Ep9:  63%|██████████████████████████████████████████████████▉                              | 49/78 [00:15<00:10,  2.88it/s, loss=0.6952]Trial 11 Ep9:  63%|██████████████████████████████████████████████████▉                              | 49/78 [00:16<00:10,  2.88it/s, loss=0.6728]Trial 11 Ep9:  64%|███████████████████████████████████████████████████▉                             | 50/78 [00:16<00:09,  2.86it/s, loss=0.6728]Trial 11 Ep9:  64%|███████████████████████████████████████████████████▉                             | 50/78 [00:16<00:09,  2.86it/s, loss=0.6196]Trial 11 Ep9:  65%|████████████████████████████████████████████████████▉                            | 51/78 [00:16<00:08,  3.02it/s, loss=0.6196]Trial 11 Ep9:  65%|████████████████████████████████████████████████████▉                            | 51/78 [00:16<00:08,  3.02it/s, loss=0.7160]Trial 11 Ep9:  67%|██████████████████████████████████████████████████████                           | 52/78 [00:16<00:09,  2.88it/s, loss=0.7160]Trial 11 Ep9:  67%|██████████████████████████████████████████████████████                           | 52/78 [00:17<00:09,  2.88it/s, loss=0.7184]Trial 11 Ep9:  68%|███████████████████████████████████████████████████████                          | 53/78 [00:17<00:08,  3.00it/s, loss=0.7184]Trial 11 Ep9:  68%|███████████████████████████████████████████████████████                          | 53/78 [00:17<00:08,  3.00it/s, loss=0.7469]Trial 11 Ep9:  69%|████████████████████████████████████████████████████████                         | 54/78 [00:17<00:07,  3.00it/s, loss=0.7469]Trial 11 Ep9:  69%|████████████████████████████████████████████████████████                         | 54/78 [00:17<00:07,  3.00it/s, loss=0.6554]Trial 11 Ep9:  71%|█████████████████████████████████████████████████████████                        | 55/78 [00:17<00:07,  2.90it/s, loss=0.6554]Trial 11 Ep9:  71%|█████████████████████████████████████████████████████████                        | 55/78 [00:18<00:07,  2.90it/s, loss=0.6854]Trial 11 Ep9:  72%|██████████████████████████████████████████████████████████▏                      | 56/78 [00:18<00:07,  3.02it/s, loss=0.6854]Trial 11 Ep9:  72%|██████████████████████████████████████████████████████████▏                      | 56/78 [00:18<00:07,  3.02it/s, loss=0.7401]Trial 11 Ep9:  73%|███████████████████████████████████████████████████████████▏                     | 57/78 [00:18<00:06,  3.13it/s, loss=0.7401]Trial 11 Ep9:  73%|███████████████████████████████████████████████████████████▏                     | 57/78 [00:18<00:06,  3.13it/s, loss=0.6681]Trial 11 Ep9:  74%|████████████████████████████████████████████████████████████▏                    | 58/78 [00:18<00:06,  3.14it/s, loss=0.6681]Trial 11 Ep9:  74%|████████████████████████████████████████████████████████████▏                    | 58/78 [00:19<00:06,  3.14it/s, loss=0.6281]Trial 11 Ep9:  76%|█████████████████████████████████████████████████████████████▎                   | 59/78 [00:19<00:06,  3.12it/s, loss=0.6281]Trial 11 Ep9:  76%|█████████████████████████████████████████████████████████████▎                   | 59/78 [00:19<00:06,  3.12it/s, loss=0.6681]Trial 11 Ep9:  77%|██████████████████████████████████████████████████████████████▎                  | 60/78 [00:19<00:05,  3.10it/s, loss=0.6681]Trial 11 Ep9:  77%|██████████████████████████████████████████████████████████████▎                  | 60/78 [00:19<00:05,  3.10it/s, loss=0.6862]Trial 11 Ep9:  78%|███████████████████████████████████████████████████████████████▎                 | 61/78 [00:19<00:05,  3.02it/s, loss=0.6862]Trial 11 Ep9:  78%|███████████████████████████████████████████████████████████████▎                 | 61/78 [00:20<00:05,  3.02it/s, loss=0.6695]Trial 11 Ep9:  79%|████████████████████████████████████████████████████████████████▍                | 62/78 [00:20<00:05,  2.99it/s, loss=0.6695]Trial 11 Ep9:  79%|████████████████████████████████████████████████████████████████▍                | 62/78 [00:20<00:05,  2.99it/s, loss=0.6697]Trial 11 Ep9:  81%|█████████████████████████████████████████████████████████████████▍               | 63/78 [00:20<00:05,  2.93it/s, loss=0.6697]Trial 11 Ep9:  81%|█████████████████████████████████████████████████████████████████▍               | 63/78 [00:20<00:05,  2.93it/s, loss=0.6737]Trial 11 Ep9:  82%|██████████████████████████████████████████████████████████████████▍              | 64/78 [00:20<00:04,  2.95it/s, loss=0.6737]Trial 11 Ep9:  82%|██████████████████████████████████████████████████████████████████▍              | 64/78 [00:21<00:04,  2.95it/s, loss=0.6912]Trial 11 Ep9:  83%|███████████████████████████████████████████████████████████████████▌             | 65/78 [00:21<00:04,  2.61it/s, loss=0.6912]Trial 11 Ep9:  83%|███████████████████████████████████████████████████████████████████▌             | 65/78 [00:21<00:04,  2.61it/s, loss=0.7366]Trial 11 Ep9:  85%|████████████████████████████████████████████████████████████████████▌            | 66/78 [00:21<00:04,  2.70it/s, loss=0.7366]Trial 11 Ep9:  85%|████████████████████████████████████████████████████████████████████▌            | 66/78 [00:21<00:04,  2.70it/s, loss=0.6329]Trial 11 Ep9:  86%|█████████████████████████████████████████████████████████████████████▌           | 67/78 [00:21<00:03,  2.75it/s, loss=0.6329]Trial 11 Ep9:  86%|█████████████████████████████████████████████████████████████████████▌           | 67/78 [00:22<00:03,  2.75it/s, loss=0.6850]Trial 11 Ep9:  87%|██████████████████████████████████████████████████████████████████████▌          | 68/78 [00:22<00:03,  2.78it/s, loss=0.6850]Trial 11 Ep9:  87%|██████████████████████████████████████████████████████████████████████▌          | 68/78 [00:22<00:03,  2.78it/s, loss=0.6883]Trial 11 Ep9:  88%|███████████████████████████████████████████████████████████████████████▋         | 69/78 [00:22<00:03,  2.95it/s, loss=0.6883]Trial 11 Ep9:  88%|███████████████████████████████████████████████████████████████████████▋         | 69/78 [00:22<00:03,  2.95it/s, loss=0.7001]Trial 11 Ep9:  90%|████████████████████████████████████████████████████████████████████████▋        | 70/78 [00:22<00:02,  2.94it/s, loss=0.7001]Trial 11 Ep9:  90%|████████████████████████████████████████████████████████████████████████▋        | 70/78 [00:23<00:02,  2.94it/s, loss=0.6941]Trial 11 Ep9:  91%|█████████████████████████████████████████████████████████████████████████▋       | 71/78 [00:23<00:02,  3.04it/s, loss=0.6941]Trial 11 Ep9:  91%|█████████████████████████████████████████████████████████████████████████▋       | 71/78 [00:23<00:02,  3.04it/s, loss=0.6760]Trial 11 Ep9:  92%|██████████████████████████████████████████████████████████████████████████▊      | 72/78 [00:23<00:01,  3.18it/s, loss=0.6760]Trial 11 Ep9:  92%|██████████████████████████████████████████████████████████████████████████▊      | 72/78 [00:23<00:01,  3.18it/s, loss=0.7089]Trial 11 Ep9:  94%|███████████████████████████████████████████████████████████████████████████▊     | 73/78 [00:23<00:01,  3.14it/s, loss=0.7089]Trial 11 Ep9:  94%|███████████████████████████████████████████████████████████████████████████▊     | 73/78 [00:24<00:01,  3.14it/s, loss=0.6971]Trial 11 Ep9:  95%|████████████████████████████████████████████████████████████████████████████▊    | 74/78 [00:24<00:01,  3.19it/s, loss=0.6971]Trial 11 Ep9:  95%|████████████████████████████████████████████████████████████████████████████▊    | 74/78 [00:24<00:01,  3.19it/s, loss=0.6585]Trial 11 Ep9:  96%|█████████████████████████████████████████████████████████████████████████████▉  