Trial 20 Ep1:   0%|                                                                                                                                    | 0/78 [00:00<?, ?it/s]Trial 20 Ep1:   0%|                                                                                                                       | 0/78 [00:00<?, ?it/s, loss=0.6716]Trial 20 Ep1:   1%|█▍                                                                                                             | 1/78 [00:00<01:15,  1.02it/s, loss=0.6716]Trial 20 Ep1:   1%|█▍                                                                                                             | 1/78 [00:01<01:15,  1.02it/s, loss=0.7178]Trial 20 Ep1:   3%|██▊                                                                                                            | 2/78 [00:01<00:57,  1.32it/s, loss=0.7178]Trial 20 Ep1:   3%|██▊                                                                                                            | 2/78 [00:04<00:57,  1.32it/s, loss=0.7761]Trial 20 Ep1:   4%|████▎                                                                                                          | 3/78 [00:04<02:04,  1.66s/it, loss=0.7761]Trial 20 Ep1:   4%|████▎                                                                                                          | 3/78 [00:04<02:04,  1.66s/it, loss=0.7338]Trial 20 Ep1:   5%|█████▋                                                                                                         | 4/78 [00:04<01:33,  1.26s/it, loss=0.7338]Trial 20 Ep1:   5%|█████▋                                                                                                         | 4/78 [00:05<01:33,  1.26s/it, loss=0.7026]Trial 20 Ep1:   6%|███████                                                                                                        | 5/78 [00:05<01:22,  1.13s/it, loss=0.7026]Trial 20 Ep1:   6%|███████                                                                                                        | 5/78 [00:06<01:22,  1.13s/it, loss=0.6753]Trial 20 Ep1:   8%|████████▌                                                                                                      | 6/78 [00:06<01:07,  1.06it/s, loss=0.6753]Trial 20 Ep1:   8%|████████▌                                                                                                      | 6/78 [00:07<01:07,  1.06it/s, loss=0.6967]Trial 20 Ep1:   9%|█████████▉                                                                                                     | 7/78 [00:07<01:08,  1.03it/s, loss=0.6967]Trial 20 Ep1:   9%|█████████▉                                                                                                     | 7/78 [00:08<01:08,  1.03it/s, loss=0.6737]Trial 20 Ep1:  10%|███████████▍                                                                                                   | 8/78 [00:08<00:59,  1.17it/s, loss=0.6737]Trial 20 Ep1:  10%|███████████▍                                                                                                   | 8/78 [00:08<00:59,  1.17it/s, loss=0.7915]Trial 20 Ep1:  12%|████████████▊                                                                                                  | 9/78 [00:08<00:56,  1.21it/s, loss=0.7915]Trial 20 Ep1:  12%|████████████▊                                                                                                  | 9/78 [00:09<00:56,  1.21it/s, loss=0.7557]Trial 20 Ep1:  13%|██████████████                                                                                                | 10/78 [00:09<00:53,  1.28it/s, loss=0.7557]Trial 20 Ep1:  13%|██████████████                                                                                                | 10/78 [00:10<00:53,  1.28it/s, loss=0.6873]Trial 20 Ep1:  14%|███████████████▌                                                                                              | 11/78 [00:10<00:50,  1.31it/s, loss=0.6873]Trial 20 Ep1:  14%|███████████████▌                                                                                              | 11/78 [00:10<00:50,  1.31it/s, loss=0.7374]Trial 20 Ep1:  15%|████████████████▉                                                                                             | 12/78 [00:10<00:49,  1.34it/s, loss=0.7374]Trial 20 Ep1:  15%|████████████████▉                                                                                             | 12/78 [00:11<00:49,  1.34it/s, loss=0.6903]Trial 20 Ep1:  17%|██████████████████▎                                                                                           | 13/78 [00:11<00:46,  1.39it/s, loss=0.6903]Trial 20 Ep1:  17%|██████████████████▎                                                                                           | 13/78 [00:12<00:46,  1.39it/s, loss=0.7102]Trial 20 Ep1:  18%|███████████████████▋                                                                                          | 14/78 [00:12<00:45,  1.42it/s, loss=0.7102]Trial 20 Ep1:  18%|███████████████████▋                                                                                          | 14/78 [00:12<00:45,  1.42it/s, loss=0.6718]Trial 20 Ep1:  19%|█████████████████████▏                                                                                        | 15/78 [00:12<00:43,  1.45it/s, loss=0.6718]Trial 20 Ep1:  19%|█████████████████████▏                                                                                        | 15/78 [00:13<00:43,  1.45it/s, loss=0.7211]Trial 20 Ep1:  21%|██████████████████████▌                                                                                       | 16/78 [00:13<00:43,  1.43it/s, loss=0.7211]Trial 20 Ep1:  21%|██████████████████████▌                                                                                       | 16/78 [00:14<00:43,  1.43it/s, loss=0.7769]Trial 20 Ep1:  22%|███████████████████████▉                                                                                      | 17/78 [00:14<00:48,  1.25it/s, loss=0.7769]Trial 20 Ep1:  22%|███████████████████████▉                                                                                      | 17/78 [00:15<00:48,  1.25it/s, loss=0.7911]Trial 20 Ep1:  23%|█████████████████████████▍                                                                                    | 18/78 [00:15<00:46,  1.29it/s, loss=0.7911]Trial 20 Ep1:  23%|█████████████████████████▍                                                                                    | 18/78 [00:16<00:46,  1.29it/s, loss=0.7378]Trial 20 Ep1:  24%|██████████████████████████▊                                                                                   | 19/78 [00:16<00:45,  1.31it/s, loss=0.7378]Trial 20 Ep1:  24%|██████████████████████████▊                                                                                   | 19/78 [00:16<00:45,  1.31it/s, loss=0.7923]Trial 20 Ep1:  26%|████████████████████████████▏                                                                                 | 20/78 [00:16<00:42,  1.36it/s, loss=0.7923]Trial 20 Ep1:  26%|████████████████████████████▏                                                                                 | 20/78 [00:17<00:42,  1.36it/s, loss=0.7372]Trial 20 Ep1:  27%|█████████████████████████████▌                                                                                | 21/78 [00:17<00:40,  1.42it/s, loss=0.7372]Trial 20 Ep1:  27%|█████████████████████████████▌                                                                                | 21/78 [00:18<00:40,  1.42it/s, loss=0.6667]Trial 20 Ep1:  28%|███████████████████████████████                                                                               | 22/78 [00:18<00:39,  1.42it/s, loss=0.6667]Trial 20 Ep1:  28%|███████████████████████████████                                                                               | 22/78 [00:18<00:39,  1.42it/s, loss=0.7341]Trial 20 Ep1:  29%|████████████████████████████████▍                                                                             | 23/78 [00:18<00:39,  1.41it/s, loss=0.7341]Trial 20 Ep1:  29%|████████████████████████████████▍                                                                             | 23/78 [00:19<00:39,  1.41it/s, loss=0.7041]Trial 20 Ep1:  31%|█████████████████████████████████▊                                                                            | 24/78 [00:19<00:37,  1.43it/s, loss=0.7041]Trial 20 Ep1:  31%|█████████████████████████████████▊                                                                            | 24/78 [00:20<00:37,  1.43it/s, loss=0.7036]Trial 20 Ep1:  32%|███████████████████████████████████▎                                                                          | 25/78 [00:20<00:37,  1.41it/s, loss=0.7036]Trial 20 Ep1:  32%|███████████████████████████████████▎                                                                          | 25/78 [00:20<00:37,  1.41it/s, loss=0.6435]Trial 20 Ep1:  33%|████████████████████████████████████▋                                                                         | 26/78 [00:20<00:36,  1.43it/s, loss=0.6435]Trial 20 Ep1:  33%|████████████████████████████████████▋                                                                         | 26/78 [00:21<00:36,  1.43it/s, loss=0.7420]Trial 20 Ep1:  35%|██████████████████████████████████████                                                                        | 27/78 [00:21<00:34,  1.46it/s, loss=0.7420]Trial 20 Ep1:  35%|██████████████████████████████████████                                                                        | 27/78 [00:22<00:34,  1.46it/s, loss=0.7039]Trial 20 Ep1:  36%|███████████████████████████████████████▍                                                                      | 28/78 [00:22<00:36,  1.37it/s, loss=0.7039]Trial 20 Ep1:  36%|███████████████████████████████████████▍                                                                      | 28/78 [00:23<00:36,  1.37it/s, loss=0.7175]Trial 20 Ep1:  37%|████████████████████████████████████████▉                                                                     | 29/78 [00:23<00:34,  1.44it/s, loss=0.7175]Trial 20 Ep1:  37%|████████████████████████████████████████▉                                                                     | 29/78 [00:23<00:34,  1.44it/s, loss=0.7662]Trial 20 Ep1:  38%|██████████████████████████████████████████▎                                                                   | 30/78 [00:23<00:32,  1.47it/s, loss=0.7662]Trial 20 Ep1:  38%|██████████████████████████████████████████▎                                                                   | 30/78 [00:24<00:32,  1.47it/s, loss=0.7471]Trial 20 Ep1:  40%|███████████████████████████████████████████▋                                                                  | 31/78 [00:24<00:32,  1.44it/s, loss=0.7471]Trial 20 Ep1:  40%|███████████████████████████████████████████▋                                                                  | 31/78 [00:25<00:32,  1.44it/s, loss=0.6385]Trial 20 Ep1:  41%|█████████████████████████████████████████████▏                                                                | 32/78 [00:25<00:31,  1.46it/s, loss=0.6385]Trial 20 Ep1:  41%|█████████████████████████████████████████████▏                                                                | 32/78 [00:25<00:31,  1.46it/s, loss=0.7347]Trial 20 Ep1:  42%|██████████████████████████████████████████████▌                                                               | 33/78 [00:25<00:30,  1.46it/s, loss=0.7347]Trial 20 Ep1:  42%|██████████████████████████████████████████████▌                                                               | 33/78 [00:26<00:30,  1.46it/s, loss=0.7038]Trial 20 Ep1:  44%|███████████████████████████████████████████████▉                                                              | 34/78 [00:26<00:28,  1.52it/s, loss=0.7038]Trial 20 Ep1:  44%|███████████████████████████████████████████████▉                                                              | 34/78 [00:27<00:28,  1.52it/s, loss=0.7735]Trial 20 Ep1:  45%|█████████████████████████████████████████████████▎                                                            | 35/78 [00:27<00:29,  1.44it/s, loss=0.7735]Trial 20 Ep1:  45%|█████████████████████████████████████████████████▎                                                            | 35/78 [00:27<00:29,  1.44it/s, loss=0.7591]Trial 20 Ep1:  46%|██████████████████████████████████████████████████▊                                                           | 36/78 [00:27<00:30,  1.39it/s, loss=0.7591]Trial 20 Ep1:  46%|██████████████████████████████████████████████████▊                                                           | 36/78 [00:28<00:30,  1.39it/s, loss=0.6729]Trial 20 Ep1:  47%|████████████████████████████████████████████████████▏                                                         | 37/78 [00:28<00:28,  1.44it/s, loss=0.6729]Trial 20 Ep1:  47%|████████████████████████████████████████████████████▏                                                         | 37/78 [00:29<00:28,  1.44it/s, loss=0.7108]Trial 20 Ep1:  49%|█████████████████████████████████████████████████████▌                                                        | 38/78 [00:29<00:28,  1.41it/s, loss=0.7108]Trial 20 Ep1:  49%|█████████████████████████████████████████████████████▌                                                        | 38/78 [00:30<00:28,  1.41it/s, loss=0.9516]Trial 20 Ep1:  50%|███████████████████████████████████████████████████████                                                       | 39/78 [00:30<00:27,  1.41it/s, loss=0.9516]Trial 20 Ep1:  50%|███████████████████████████████████████████████████████                                                       | 39/78 [00:30<00:27,  1.41it/s, loss=0.8990]Trial 20 Ep1:  51%|████████████████████████████████████████████████████████▍                                                     | 40/78 [00:30<00:26,  1.45it/s, loss=0.8990]Trial 20 Ep1:  51%|████████████████████████████████████████████████████████▍                                                     | 40/78 [00:31<00:26,  1.45it/s, loss=0.6736]Trial 20 Ep1:  53%|█████████████████████████████████████████████████████████▊                                                    | 41/78 [00:31<00:25,  1.46it/s, loss=0.6736]Trial 20 Ep1:  53%|█████████████████████████████████████████████████████████▊                                                    | 41/78 [00:32<00:25,  1.46it/s, loss=0.6642]Trial 20 Ep1:  54%|███████████████████████████████████████████████████████████▏                                                  | 42/78 [00:32<00:25,  1.42it/s, loss=0.6642]Trial 20 Ep1:  54%|███████████████████████████████████████████████████████████▏                                                  | 42/78 [00:32<00:25,  1.42it/s, loss=0.8339]Trial 20 Ep1:  55%|████████████████████████████████████████████████████████████▋                                                 | 43/78 [00:32<00:25,  1.37it/s, loss=0.8339]Trial 20 Ep1:  55%|████████████████████████████████████████████████████████████▋                                                 | 43/78 [00:33<00:25,  1.37it/s, loss=0.7053]Trial 20 Ep1:  56%|██████████████████████████████████████████████████████████████                                                | 44/78 [00:33<00:25,  1.36it/s, loss=0.7053]Trial 20 Ep1:  56%|██████████████████████████████████████████████████████████████                                                | 44/78 [00:34<00:25,  1.36it/s, loss=0.9055]Trial 20 Ep1:  58%|███████████████████████████████████████████████████████████████▍                                              | 45/78 [00:34<00:24,  1.35it/s, loss=0.9055]Trial 20 Ep1:  58%|███████████████████████████████████████████████████████████████▍                                              | 45/78 [00:35<00:24,  1.35it/s, loss=0.9884]Trial 20 Ep1:  59%|████████████████████████████████████████████████████████████████▊                                             | 46/78 [00:35<00:22,  1.40it/s, loss=0.9884]Trial 20 Ep1:  59%|████████████████████████████████████████████████████████████████▊                                             | 46/78 [00:35<00:22,  1.40it/s, loss=0.8130]Trial 20 Ep1:  60%|██████████████████████████████████████████████████████████████████▎                                           | 47/78 [00:35<00:21,  1.42it/s, loss=0.8130]Trial 20 Ep1:  60%|██████████████████████████████████████████████████████████████████▎                                           | 47/78 [00:36<00:21,  1.42it/s, loss=1.0581]Trial 20 Ep1:  62%|███████████████████████████████████████████████████████████████████▋                                          | 48/78 [00:36<00:21,  1.40it/s, loss=1.0581]Trial 20 Ep1:  62%|███████████████████████████████████████████████████████████████████▋                                          | 48/78 [00:37<00:21,  1.40it/s, loss=0.8264]Trial 20 Ep1:  63%|█████████████████████████████████████████████████████████████████████                                         | 49/78 [00:37<00:21,  1.38it/s, loss=0.8264]Trial 20 Ep1:  63%|█████████████████████████████████████████████████████████████████████                                         | 49/78 [00:37<00:21,  1.38it/s, loss=0.6881]Trial 20 Ep1:  64%|██████████████████████████████████████████████████████████████████████▌                                       | 50/78 [00:37<00:19,  1.42it/s, loss=0.6881]Trial 20 Ep1:  64%|██████████████████████████████████████████████████████████████████████▌                                       | 50/78 [00:38<00:19,  1.42it/s, loss=0.8374]Trial 20 Ep1:  65%|███████████████████████████████████████████████████████████████████████▉                                      | 51/78 [00:38<00:19,  1.40it/s, loss=0.8374]Trial 20 Ep1:  65%|███████████████████████████████████████████████████████████████████████▉                                      | 51/78 [00:39<00:19,  1.40it/s, loss=0.6917]Trial 20 Ep1:  67%|█████████████████████████████████████████████████████████████████████████▎                                    | 52/78 [00:39<00:18,  1.38it/s, loss=0.6917]Trial 20 Ep1:  67%|█████████████████████████████████████████████████████████████████████████▎                                    | 52/78 [00:40<00:18,  1.38it/s, loss=0.8874]Trial 20 Ep1:  68%|██████████████████████████████████████████████████████████████████████████▋                                   | 53/78 [00:40<00:18,  1.38it/s, loss=0.8874]Trial 20 Ep1:  68%|██████████████████████████████████████████████████████████████████████████▋                                   | 53/78 [00:40<00:18,  1.38it/s, loss=0.9738]Trial 20 Ep1:  69%|████████████████████████████████████████████████████████████████████████████▏                                 | 54/78 [00:40<00:17,  1.40it/s, loss=0.9738]Trial 20 Ep1:  69%|████████████████████████████████████████████████████████████████████████████▏                                 | 54/78 [00:41<00:17,  1.40it/s, loss=0.7354]Trial 20 Ep1:  71%|█████████████████████████████████████████████████████████████████████████████▌                                | 55/78 [00:41<00:17,  1.34it/s, loss=0.7354]Trial 20 Ep1:  71%|█████████████████████████████████████████████████████████████████████████████▌                                | 55/78 [00:42<00:17,  1.34it/s, loss=0.6815]Trial 20 Ep1:  72%|██████████████████████████████████████████████████████████████████████████████▉                               | 56/78 [00:42<00:17,  1.29it/s, loss=0.6815]Trial 20 Ep1:  72%|██████████████████████████████████████████████████████████████████████████████▉                               | 56/78 [00:43<00:17,  1.29it/s, loss=0.6486]Trial 20 Ep1:  73%|████████████████████████████████████████████████████████████████████████████████▍                             | 57/78 [00:43<00:15,  1.34it/s, loss=0.6486]Trial 20 Ep1:  73%|████████████████████████████████████████████████████████████████████████████████▍                             | 57/78 [00:43<00:15,  1.34it/s, loss=0.5981]Trial 20 Ep1:  74%|█████████████████████████████████████████████████████████████████████████████████▊                            | 58/78 [00:43<00:14,  1.36it/s, loss=0.5981]Trial 20 Ep1:  74%|█████████████████████████████████████████████████████████████████████████████████▊                            | 58/78 [00:44<00:14,  1.36it/s, loss=0.9060]Trial 20 Ep1:  76%|███████████████████████████████████████████████████████████████████████████████████▏                          | 59/78 [00:44<00:13,  1.36it/s, loss=0.9060]Trial 20 Ep1:  76%|███████████████████████████████████████████████████████████████████████████████████▏                          | 59/78 [00:45<00:13,  1.36it/s, loss=1.2017]Trial 20 Ep1:  77%|████████████████████████████████████████████████████████████████████████████████████▌                         | 60/78 [00:45<00:12,  1.41it/s, loss=1.2017]Trial 20 Ep1:  77%|████████████████████████████████████████████████████████████████████████████████████▌                         | 60/78 [00:45<00:12,  1.41it/s, loss=0.8551]Trial 20 Ep1:  78%|██████████████████████████████████████████████████████████████████████████████████████                        | 61/78 [00:45<00:11,  1.43it/s, loss=0.8551]Trial 20 Ep1:  78%|██████████████████████████████████████████████████████████████████████████████████████                        | 61/78 [00:46<00:11,  1.43it/s, loss=1.3364]Trial 20 Ep1:  79%|███████████████████████████████████████████████████████████████████████████████████████▍                      | 62/78 [00:46<00:11,  1.41it/s, loss=1.3364]Trial 20 Ep1:  79%|███████████████████████████████████████████████████████████████████████████████████████▍                 