Trial 2 Ep10:   0%|                                                                                                       | 0/78 [00:00<?, ?it/s]Trial 2 Ep10:   0%|                                                                                          | 0/78 [00:00<?, ?it/s, loss=0.6888]Trial 2 Ep10:   1%|█                                                                                 | 1/78 [00:00<00:22,  3.40it/s, loss=0.6888]Trial 2 Ep10:   1%|█                                                                                 | 1/78 [00:00<00:22,  3.40it/s, loss=0.7172]Trial 2 Ep10:   3%|██                                                                                | 2/78 [00:00<00:24,  3.08it/s, loss=0.7172]Trial 2 Ep10:   3%|██                                                                                | 2/78 [00:00<00:24,  3.08it/s, loss=0.6788]Trial 2 Ep10:   4%|███▏                                                                              | 3/78 [00:00<00:24,  3.04it/s, loss=0.6788]Trial 2 Ep10:   4%|███▏                                                                              | 3/78 [00:01<00:24,  3.04it/s, loss=0.6722]Trial 2 Ep10:   5%|████▏                                                                             | 4/78 [00:01<00:23,  3.14it/s, loss=0.6722]Trial 2 Ep10:   5%|████▏                                                                             | 4/78 [00:01<00:23,  3.14it/s, loss=0.6693]Trial 2 Ep10:   6%|█████▎                                                                            | 5/78 [00:01<00:22,  3.20it/s, loss=0.6693]Trial 2 Ep10:   6%|█████▎                                                                            | 5/78 [00:01<00:22,  3.20it/s, loss=0.7182]Trial 2 Ep10:   8%|██████▎                                                                           | 6/78 [00:01<00:22,  3.16it/s, loss=0.7182]Trial 2 Ep10:   8%|██████▎                                                                           | 6/78 [00:02<00:22,  3.16it/s, loss=0.6458]Trial 2 Ep10:   9%|███████▎                                                                          | 7/78 [00:02<00:23,  3.00it/s, loss=0.6458]Trial 2 Ep10:   9%|███████▎                                                                          | 7/78 [00:02<00:23,  3.00it/s, loss=0.6948]Trial 2 Ep10:  10%|████████▍                                                                         | 8/78 [00:02<00:22,  3.05it/s, loss=0.6948]Trial 2 Ep10:  10%|████████▍                                                                         | 8/78 [00:02<00:22,  3.05it/s, loss=0.6917]Trial 2 Ep10:  12%|█████████▍                                                                        | 9/78 [00:02<00:22,  3.13it/s, loss=0.6917]Trial 2 Ep10:  12%|█████████▍                                                                        | 9/78 [00:03<00:22,  3.13it/s, loss=0.6834]Trial 2 Ep10:  13%|██████████▍                                                                      | 10/78 [00:03<00:22,  2.96it/s, loss=0.6834]Trial 2 Ep10:  13%|██████████▍                                                                      | 10/78 [00:03<00:22,  2.96it/s, loss=0.6743]Trial 2 Ep10:  14%|███████████▍                                                                     | 11/78 [00:03<00:22,  3.01it/s, loss=0.6743]Trial 2 Ep10:  14%|███████████▍                                                                     | 11/78 [00:03<00:22,  3.01it/s, loss=0.6866]Trial 2 Ep10:  15%|████████████▍                                                                    | 12/78 [00:03<00:20,  3.17it/s, loss=0.6866]Trial 2 Ep10:  15%|████████████▍                                                                    | 12/78 [00:04<00:20,  3.17it/s, loss=0.6807]Trial 2 Ep10:  17%|█████████████▌                                                                   | 13/78 [00:04<00:20,  3.24it/s, loss=0.6807]Trial 2 Ep10:  17%|█████████████▌                                                                   | 13/78 [00:04<00:20,  3.24it/s, loss=0.6783]Trial 2 Ep10:  18%|██████████████▌                                                                  | 14/78 [00:04<00:18,  3.39it/s, loss=0.6783]Trial 2 Ep10:  18%|██████████████▌                                                                  | 14/78 [00:04<00:18,  3.39it/s, loss=0.6671]Trial 2 Ep10:  19%|███████████████▌                                                                 | 15/78 [00:04<00:19,  3.21it/s, loss=0.6671]Trial 2 Ep10:  19%|███████████████▌                                                                 | 15/78 [00:05<00:19,  3.21it/s, loss=0.6454]Trial 2 Ep10:  21%|████████████████▌                                                                | 16/78 [00:05<00:20,  3.07it/s, loss=0.6454]Trial 2 Ep10:  21%|████████████████▌                                                                | 16/78 [00:05<00:20,  3.07it/s, loss=0.6521]Trial 2 Ep10:  22%|█████████████████▋                                                               | 17/78 [00:05<00:20,  3.05it/s, loss=0.6521]Trial 2 Ep10:  22%|█████████████████▋                                                               | 17/78 [00:05<00:20,  3.05it/s, loss=0.6862]Trial 2 Ep10:  23%|██████████████████▋                                                              | 18/78 [00:05<00:19,  3.12it/s, loss=0.6862]Trial 2 Ep10:  23%|██████████████████▋                                                              | 18/78 [00:06<00:19,  3.12it/s, loss=0.6833]Trial 2 Ep10:  24%|███████████████████▋                                                             | 19/78 [00:06<00:18,  3.12it/s, loss=0.6833]Trial 2 Ep10:  24%|███████████████████▋                                                             | 19/78 [00:06<00:18,  3.12it/s, loss=0.7427]Trial 2 Ep10:  26%|████████████████████▊                                                            | 20/78 [00:06<00:18,  3.07it/s, loss=0.7427]Trial 2 Ep10:  26%|████████████████████▊                                                            | 20/78 [00:06<00:18,  3.07it/s, loss=0.6696]Trial 2 Ep10:  27%|█████████████████████▊                                                           | 21/78 [00:06<00:18,  3.01it/s, loss=0.6696]Trial 2 Ep10:  27%|█████████████████████▊                                                           | 21/78 [00:07<00:18,  3.01it/s, loss=0.6630]Trial 2 Ep10:  28%|██████████████████████▊                                                          | 22/78 [00:07<00:18,  2.99it/s, loss=0.6630]Trial 2 Ep10:  28%|██████████████████████▊                                                          | 22/78 [00:07<00:18,  2.99it/s, loss=0.6935]Trial 2 Ep10:  29%|███████████████████████▉                                                         | 23/78 [00:07<00:17,  3.14it/s, loss=0.6935]Trial 2 Ep10:  29%|███████████████████████▉                                                         | 23/78 [00:07<00:17,  3.14it/s, loss=0.7225]Trial 2 Ep10:  31%|████████████████████████▉                                                        | 24/78 [00:07<00:17,  3.16it/s, loss=0.7225]Trial 2 Ep10:  31%|████████████████████████▉                                                        | 24/78 [00:08<00:17,  3.16it/s, loss=0.6790]Trial 2 Ep10:  32%|█████████████████████████▉                                                       | 25/78 [00:08<00:16,  3.13it/s, loss=0.6790]Trial 2 Ep10:  32%|█████████████████████████▉                                                       | 25/78 [00:08<00:16,  3.13it/s, loss=0.6587]Trial 2 Ep10:  33%|███████████████████████████                                                      | 26/78 [00:08<00:16,  3.12it/s, loss=0.6587]Trial 2 Ep10:  33%|███████████████████████████                                                      | 26/78 [00:08<00:16,  3.12it/s, loss=0.6782]Trial 2 Ep10:  35%|████████████████████████████                                                     | 27/78 [00:08<00:16,  3.09it/s, loss=0.6782]Trial 2 Ep10:  35%|████████████████████████████                                                     | 27/78 [00:08<00:16,  3.09it/s, loss=0.6810]Trial 2 Ep10:  36%|█████████████████████████████                                                    | 28/78 [00:08<00:15,  3.15it/s, loss=0.6810]Trial 2 Ep10:  36%|█████████████████████████████                                                    | 28/78 [00:09<00:15,  3.15it/s, loss=0.6237]Trial 2 Ep10:  37%|██████████████████████████████                                                   | 29/78 [00:09<00:14,  3.28it/s, loss=0.6237]Trial 2 Ep10:  37%|██████████████████████████████                                                   | 29/78 [00:09<00:14,  3.28it/s, loss=0.7082]Trial 2 Ep10:  38%|███████████████████████████████▏                                                 | 30/78 [00:09<00:14,  3.21it/s, loss=0.7082]Trial 2 Ep10:  38%|███████████████████████████████▏                                                 | 30/78 [00:09<00:14,  3.21it/s, loss=0.6791]Trial 2 Ep10:  40%|████████████████████████████████▏                                                | 31/78 [00:09<00:14,  3.15it/s, loss=0.6791]Trial 2 Ep10:  40%|████████████████████████████████▏                                                | 31/78 [00:10<00:14,  3.15it/s, loss=0.6583]Trial 2 Ep10:  41%|█████████████████████████████████▏                                               | 32/78 [00:10<00:14,  3.14it/s, loss=0.6583]Trial 2 Ep10:  41%|█████████████████████████████████▏                                               | 32/78 [00:10<00:14,  3.14it/s, loss=0.7507]Trial 2 Ep10:  42%|██████████████████████████████████▎                                              | 33/78 [00:10<00:14,  3.09it/s, loss=0.7507]Trial 2 Ep10:  42%|██████████████████████████████████▎                                              | 33/78 [00:10<00:14,  3.09it/s, loss=0.7066]Trial 2 Ep10:  44%|███████████████████████████████████▎                                             | 34/78 [00:10<00:13,  3.17it/s, loss=0.7066]Trial 2 Ep10:  44%|███████████████████████████████████▎                                             | 34/78 [00:11<00:13,  3.17it/s, loss=0.6525]Trial 2 Ep10:  45%|████████████████████████████████████▎                                            | 35/78 [00:11<00:13,  3.14it/s, loss=0.6525]Trial 2 Ep10:  45%|████████████████████████████████████▎                                            | 35/78 [00:11<00:13,  3.14it/s, loss=0.6802]Trial 2 Ep10:  46%|█████████████████████████████████████▍                                           | 36/78 [00:11<00:12,  3.28it/s, loss=0.6802]Trial 2 Ep10:  46%|█████████████████████████████████████▍                                           | 36/78 [00:11<00:12,  3.28it/s, loss=0.6622]Trial 2 Ep10:  47%|██████████████████████████████████████▍                                          | 37/78 [00:11<00:12,  3.28it/s, loss=0.6622]Trial 2 Ep10:  47%|██████████████████████████████████████▍                                          | 37/78 [00:12<00:12,  3.28it/s, loss=0.6405]Trial 2 Ep10:  49%|███████████████████████████████████████▍                                         | 38/78 [00:12<00:12,  3.21it/s, loss=0.6405]Trial 2 Ep10:  49%|███████████████████████████████████████▍                                         | 38/78 [00:12<00:12,  3.21it/s, loss=0.6579]Trial 2 Ep10:  50%|████████████████████████████████████████▌                                        | 39/78 [00:12<00:12,  3.17it/s, loss=0.6579]Trial 2 Ep10:  50%|████████████████████████████████████████▌                                        | 39/78 [00:12<00:12,  3.17it/s, loss=0.7163]Trial 2 Ep10:  51%|█████████████████████████████████████████▌                                       | 40/78 [00:12<00:12,  3.13it/s, loss=0.7163]Trial 2 Ep10:  51%|█████████████████████████████████████████▌                                       | 40/78 [00:13<00:12,  3.13it/s, loss=0.6438]Trial 2 Ep10:  53%|██████████████████████████████████████████▌                                      | 41/78 [00:13<00:11,  3.22it/s, loss=0.6438]Trial 2 Ep10:  53%|██████████████████████████████████████████▌                                      | 41/78 [00:13<00:11,  3.22it/s, loss=0.7073]Trial 2 Ep10:  54%|███████████████████████████████████████████▌                                     | 42/78 [00:13<00:11,  3.20it/s, loss=0.7073]Trial 2 Ep10:  54%|███████████████████████████████████████████▌                                     | 42/78 [00:13<00:11,  3.20it/s, loss=0.7131]Trial 2 Ep10:  55%|████████████████████████████████████████████▋                                    | 43/78 [00:13<00:10,  3.38it/s, loss=0.7131]Trial 2 Ep10:  55%|████████████████████████████████████████████▋                                    | 43/78 [00:13<00:10,  3.38it/s, loss=0.6945]Trial 2 Ep10:  56%|█████████████████████████████████████████████▋                                   | 44/78 [00:13<00:09,  3.42it/s, loss=0.6945]Trial 2 Ep10:  56%|█████████████████████████████████████████████▋                                   | 44/78 [00:14<00:09,  3.42it/s, loss=0.6775]Trial 2 Ep10:  58%|██████████████████████████████████████████████▋                                  | 45/78 [00:14<00:09,  3.38it/s, loss=0.6775]Trial 2 Ep10:  58%|██████████████████████████████████████████████▋                                  | 45/78 [00:14<00:09,  3.38it/s, loss=0.7073]Trial 2 Ep10:  59%|███████████████████████████████████████████████▊                                 | 46/78 [00:14<00:09,  3.31it/s, loss=0.7073]Trial 2 Ep10:  59%|███████████████████████████████████████████████▊                                 | 46/78 [00:14<00:09,  3.31it/s, loss=0.6373]Trial 2 Ep10:  60%|████████████████████████████████████████████████▊                                | 47/78 [00:14<00:09,  3.37it/s, loss=0.6373]Trial 2 Ep10:  60%|████████████████████████████████████████████████▊                                | 47/78 [00:15<00:09,  3.37it/s, loss=0.6743]Trial 2 Ep10:  62%|█████████████████████████████████████████████████▊                               | 48/78 [00:15<00:09,  3.25it/s, loss=0.6743]Trial 2 Ep10:  62%|█████████████████████████████████████████████████▊                               | 48/78 [00:15<00:09,  3.25it/s, loss=0.6642]Trial 2 Ep10:  63%|██████████████████████████████████████████████████▉                              | 49/78 [00:15<00:09,  3.20it/s, loss=0.6642]Trial 2 Ep10:  63%|██████████████████████████████████████████████████▉                              | 49/78 [00:15<00:09,  3.20it/s, loss=0.6476]Trial 2 Ep10:  64%|███████████████████████████████████████████████████▉                             | 50/78 [00:15<00:08,  3.25it/s, loss=0.6476]Trial 2 Ep10:  64%|███████████████████████████████████████████████████▉                             | 50/78 [00:16<00:08,  3.25it/s, loss=0.6735]Trial 2 Ep10:  65%|████████████████████████████████████████████████████▉                            | 51/78 [00:16<00:08,  3.18it/s, loss=0.6735]Trial 2 Ep10:  65%|████████████████████████████████████████████████████▉                            | 51/78 [00:16<00:08,  3.18it/s, loss=0.6975]Trial 2 Ep10:  67%|██████████████████████████████████████████████████████                           | 52/78 [00:16<00:08,  3.25it/s, loss=0.6975]Trial 2 Ep10:  67%|██████████████████████████████████████████████████████                           | 52/78 [00:16<00:08,  3.25it/s, loss=0.6467]Trial 2 Ep10:  68%|███████████████████████████████████████████████████████                          | 53/78 [00:16<00:07,  3.24it/s, loss=0.6467]Trial 2 Ep10:  68%|███████████████████████████████████████████████████████                          | 53/78 [00:16<00:07,  3.24it/s, loss=0.7026]Trial 2 Ep10:  69%|████████████████████████████████████████████████████████                         | 54/78 [00:16<00:07,  3.30it/s, loss=0.7026]Trial 2 Ep10:  69%|████████████████████████████████████████████████████████                         | 54/78 [00:17<00:07,  3.30it/s, loss=0.6841]Trial 2 Ep10:  71%|█████████████████████████████████████████████████████████                        | 55/78 [00:17<00:07,  3.16it/s, loss=0.6841]Trial 2 Ep10:  71%|█████████████████████████████████████████████████████████                        | 55/78 [00:17<00:07,  3.16it/s, loss=0.6521]Trial 2 Ep10:  72%|██████████████████████████████████████████████████████████▏                      | 56/78 [00:17<00:07,  3.10it/s, loss=0.6521]Trial 2 Ep10:  72%|██████████████████████████████████████████████████████████▏                      | 56/78 [00:17<00:07,  3.10it/s, loss=0.7090]Trial 2 Ep10:  73%|███████████████████████████████████████████████████████████▏                     | 57/78 [00:17<00:06,  3.24it/s, loss=0.7090]Trial 2 Ep10:  73%|███████████████████████████████████████████████████████████▏                     | 57/78 [00:18<00:06,  3.24it/s, loss=0.7130]Trial 2 Ep10:  74%|████████████████████████████████████████████████████████████▏                    | 58/78 [00:18<00:05,  3.34it/s, loss=0.7130]Trial 2 Ep10:  74%|████████████████████████████████████████████████████████████▏                    | 58/78 [00:18<00:05,  3.34it/s, loss=0.6607]Trial 2 Ep10:  76%|█████████████████████████████████████████████████████████████▎                   | 59/78 [00:18<00:05,  3.20it/s, loss=0.6607]Trial 2 Ep10:  76%|█████████████████████████████████████████████████████████████▎                   | 59/78 [00:18<00:05,  3.20it/s, loss=0.7359]Trial 2 Ep10:  77%|██████████████████████████████████████████████████████████████▎                  | 60/78 [00:18<00:05,  3.25it/s, loss=0.7359]Trial 2 Ep10:  77%|██████████████████████████████████████████████████████████████▎                  | 60/78 [00:19<00:05,  3.25it/s, loss=0.6603]Trial 2 Ep10:  78%|███████████████████████████████████████████████████████████████▎                 | 61/78 [00:19<00:05,  3.31it/s, loss=0.6603]Trial 2 Ep10:  78%|███████████████████████████████████████████████████████████████▎                 | 61/78 [00:19<00:05,  3.31it/s, loss=0.6891]Trial 2 Ep10:  79%|████████████████████████████████████████████████████████████████▍                | 62/78 [00:19<00:04,  3.41it/s, loss=0.6891]Trial 2 Ep10:  79%|████████████████████████████████████████████████████████████████▍                | 62/78 [00:19<00:04,  3.41it/s, loss=0.6621]Trial 2 Ep10:  81%|█████████████████████████████████████████████████████████████████▍               | 63/78 [00:19<00:04,  3.24it/s, loss=0.6621]Trial 2 Ep10:  81%|█████████████████████████████████████████████████████████████████▍               | 63/78 [00:20<00:04,  3.24it/s, loss=0.6693]Trial 2 Ep10:  82%|██████████████████████████████████████████████████████████████████▍              | 64/78 [00:20<00:05,  2.69it/s, loss=0.6693]Trial 2 Ep10:  82%|██████████████████████████████████████████████████████████████████▍              | 64/78 [00:20<00:05,  2.69it/s, loss=0.6586]Trial 2 Ep10:  83%|███████████████████████████████████████████████████████████████████▌             | 65/78 [00:20<00:04,  2.90it/s, loss=0.6586]Trial 2 Ep10:  83%|███████████████████████████████████████████████████████████████████▌             | 65/78 [00:20<00:04,  2.90it/s, loss=0.7169]Trial 2 Ep10:  85%|████████████████████████████████████████████████████████████████████▌            | 66/78 [00:20<00:03,  3.07it/s, loss=0.7169]Trial 2 Ep10:  85%|████████████████████████████████████████████████████████████████████▌            | 66/78 [00:21<00:03,  3.07it/s, loss=0.6971]Trial 2 Ep10:  86%|█████████████████████████████████████████████████████████████████████▌           | 67/78 [00:21<00:03,  3.15it/s, loss=0.6971]Trial 2 Ep10:  86%|█████████████████████████████████████████████████████████████████████▌           | 67/78 [00:21<00:03,  3.15it/s, loss=0.6825]Trial 2 Ep10:  87%|██████████████████████████████████████████████████████████████████████▌          | 68/78 [00:21<00:03,  2.96it/s, loss=0.6825]Trial 2 Ep10:  87%|██████████████████████████████████████████████████████████████████████▌          | 68/78 [00:21<00:03,  2.96it/s, loss=0.6671]Trial 2 Ep10:  88%|███████████████████████████████████████████████████████████████████████▋         | 69/78 [00:21<00:03,  2.94it/s, loss=0.6671]Trial 2 Ep10:  88%|███████████████████████████████████████████████████████████████████████▋         | 69/78 [00:22<00:03,  2.94it/s, loss=0.6700]Trial 2 Ep10:  90%|████████████████████████████████████████████████████████████████████████▋        | 70/78 [00:22<00:02,  2.96it/s, loss=0.6700]Trial 2 Ep10:  90%|████████████████████████████████████████████████████████████████████████▋        | 70/78 [00:22<00:02,  2.96it/s, loss=0.6486]Trial 2 Ep10:  91%|█████████████████████████████████████████████████████████████████████████▋       | 71/78 [00:22<00:02,  3.06it/s, loss=0.6486]Trial 2 Ep10:  91%|█████████████████████████████████████████████████████████████████████████▋       | 71/78 [00:22<00:02,  3.06it/s, loss=0.7245]Trial 2 Ep10:  92%|██████████████████████████████████████████████████████████████████████████▊      | 72/78 [00:22<00:02,  2.98it/s, loss=0.7245]Trial 2 Ep10:  92%|██████████████████████████████████████████████████████████████████████████▊      | 72/78 [00:23<00:02,  2.98it/s, loss=0.6664]Trial 2 Ep10:  94%|███████████████████████████████████████████████████████████████████████████▊     | 73/78 [00:23<00:01,  2.99it/s, loss=0.6664]Trial 2 Ep10:  94%|███████████████████████████████████████████████████████████████████████████▊     | 73/78 [00:23<00:01,  2.99it/s, loss=0.6632]Trial 2 Ep10:  95%|████████████████████████████████████████████████████████████████████████████▊    | 74/78 [00:23<00:01,  2.86it/s, loss=0.6632]Trial 2 Ep10:  95%|████████████████████████████████████████████████████████████████████████████▊    | 74/78 [00:23<00:01,  2.86it/s, loss=0.6665]Trial 2 Ep10:  96%|█████████████████████████████████████████████████████████████████████████████▉  