Trial 22 Ep1:   0%|                                                                                                                                    | 0/78 [00:00<?, ?it/s]Trial 22 Ep1:   0%|                                                                                                                       | 0/78 [00:01<?, ?it/s, loss=0.6391]Trial 22 Ep1:   1%|█▍                                                                                                             | 1/78 [00:01<01:18,  1.02s/it, loss=0.6391]Trial 22 Ep1:   1%|█▍                                                                                                             | 1/78 [00:01<01:18,  1.02s/it, loss=0.7403]Trial 22 Ep1:   3%|██▊                                                                                                            | 2/78 [00:01<00:56,  1.35it/s, loss=0.7403]Trial 22 Ep1:   3%|██▊                                                                                                            | 2/78 [00:03<00:56,  1.35it/s, loss=0.6818]Trial 22 Ep1:   4%|████▎                                                                                                          | 3/78 [00:03<01:51,  1.49s/it, loss=0.6818]Trial 22 Ep1:   4%|████▎                                                                                                          | 3/78 [00:04<01:51,  1.49s/it, loss=0.6077]Trial 22 Ep1:   5%|█████▋                                                                                                         | 4/78 [00:04<01:30,  1.22s/it, loss=0.6077]Trial 22 Ep1:   5%|█████▋                                                                                                         | 4/78 [00:05<01:30,  1.22s/it, loss=0.7498]Trial 22 Ep1:   6%|███████                                                                                                        | 5/78 [00:05<01:14,  1.02s/it, loss=0.7498]Trial 22 Ep1:   6%|███████                                                                                                        | 5/78 [00:06<01:14,  1.02s/it, loss=0.7109]Trial 22 Ep1:   8%|████████▌                                                                                                      | 6/78 [00:06<01:04,  1.12it/s, loss=0.7109]Trial 22 Ep1:   8%|████████▌                                                                                                      | 6/78 [00:06<01:04,  1.12it/s, loss=0.7235]Trial 22 Ep1:   9%|█████████▉                                                                                                     | 7/78 [00:06<00:58,  1.20it/s, loss=0.7235]Trial 22 Ep1:   9%|█████████▉                                                                                                     | 7/78 [00:07<00:58,  1.20it/s, loss=0.7488]Trial 22 Ep1:  10%|███████████▍                                                                                                   | 8/78 [00:07<00:53,  1.30it/s, loss=0.7488]Trial 22 Ep1:  10%|███████████▍                                                                                                   | 8/78 [00:08<00:53,  1.30it/s, loss=0.7224]Trial 22 Ep1:  12%|████████████▊                                                                                                  | 9/78 [00:08<00:51,  1.34it/s, loss=0.7224]Trial 22 Ep1:  12%|████████████▊                                                                                                  | 9/78 [00:08<00:51,  1.34it/s, loss=0.7581]Trial 22 Ep1:  13%|██████████████                                                                                                | 10/78 [00:08<00:48,  1.39it/s, loss=0.7581]Trial 22 Ep1:  13%|██████████████                                                                                                | 10/78 [00:09<00:48,  1.39it/s, loss=0.6686]Trial 22 Ep1:  14%|███████████████▌                                                                                              | 11/78 [00:09<00:46,  1.45it/s, loss=0.6686]Trial 22 Ep1:  14%|███████████████▌                                                                                              | 11/78 [00:10<00:46,  1.45it/s, loss=0.7554]Trial 22 Ep1:  15%|████████████████▉                                                                                             | 12/78 [00:10<00:48,  1.35it/s, loss=0.7554]Trial 22 Ep1:  15%|████████████████▉                                                                                             | 12/78 [00:11<00:48,  1.35it/s, loss=0.6697]Trial 22 Ep1:  17%|██████████████████▎                                                                                           | 13/78 [00:11<00:52,  1.23it/s, loss=0.6697]Trial 22 Ep1:  17%|██████████████████▎                                                                                           | 13/78 [00:11<00:52,  1.23it/s, loss=0.7135]Trial 22 Ep1:  18%|███████████████████▋                                                                                          | 14/78 [00:11<00:50,  1.26it/s, loss=0.7135]Trial 22 Ep1:  18%|███████████████████▋                                                                                          | 14/78 [00:12<00:50,  1.26it/s, loss=0.6875]Trial 22 Ep1:  19%|█████████████████████▏                                                                                        | 15/78 [00:12<00:49,  1.28it/s, loss=0.6875]Trial 22 Ep1:  19%|█████████████████████▏                                                                                        | 15/78 [00:13<00:49,  1.28it/s, loss=0.7040]Trial 22 Ep1:  21%|██████████████████████▌                                                                                       | 16/78 [00:13<00:46,  1.34it/s, loss=0.7040]Trial 22 Ep1:  21%|██████████████████████▌                                                                                       | 16/78 [00:14<00:46,  1.34it/s, loss=0.7473]Trial 22 Ep1:  22%|███████████████████████▉                                                                                      | 17/78 [00:14<00:46,  1.32it/s, loss=0.7473]Trial 22 Ep1:  22%|███████████████████████▉                                                                                      | 17/78 [00:14<00:46,  1.32it/s, loss=0.7217]Trial 22 Ep1:  23%|█████████████████████████▍                                                                                    | 18/78 [00:14<00:44,  1.36it/s, loss=0.7217]Trial 22 Ep1:  23%|█████████████████████████▍                                                                                    | 18/78 [00:15<00:44,  1.36it/s, loss=0.7651]Trial 22 Ep1:  24%|██████████████████████████▊                                                                                   | 19/78 [00:15<00:42,  1.38it/s, loss=0.7651]Trial 22 Ep1:  24%|██████████████████████████▊                                                                                   | 19/78 [00:16<00:42,  1.38it/s, loss=0.7316]Trial 22 Ep1:  26%|████████████████████████████▏                                                                                 | 20/78 [00:16<00:42,  1.36it/s, loss=0.7316]Trial 22 Ep1:  26%|████████████████████████████▏                                                                                 | 20/78 [00:17<00:42,  1.36it/s, loss=0.6412]Trial 22 Ep1:  27%|█████████████████████████████▌                                                                                | 21/78 [00:17<00:42,  1.35it/s, loss=0.6412]Trial 22 Ep1:  27%|█████████████████████████████▌                                                                                | 21/78 [00:17<00:42,  1.35it/s, loss=0.6626]Trial 22 Ep1:  28%|███████████████████████████████                                                                               | 22/78 [00:17<00:39,  1.40it/s, loss=0.6626]Trial 22 Ep1:  28%|███████████████████████████████                                                                               | 22/78 [00:18<00:39,  1.40it/s, loss=0.7223]Trial 22 Ep1:  29%|████████████████████████████████▍                                                                             | 23/78 [00:18<00:37,  1.46it/s, loss=0.7223]Trial 22 Ep1:  29%|████████████████████████████████▍                                                                             | 23/78 [00:19<00:37,  1.46it/s, loss=0.6356]Trial 22 Ep1:  31%|█████████████████████████████████▊                                                                            | 24/78 [00:19<00:37,  1.43it/s, loss=0.6356]Trial 22 Ep1:  31%|█████████████████████████████████▊                                                                            | 24/78 [00:19<00:37,  1.43it/s, loss=0.6551]Trial 22 Ep1:  32%|███████████████████████████████████▎                                                                          | 25/78 [00:19<00:39,  1.35it/s, loss=0.6551]Trial 22 Ep1:  32%|███████████████████████████████████▎                                                                          | 25/78 [00:20<00:39,  1.35it/s, loss=0.7477]Trial 22 Ep1:  33%|████████████████████████████████████▋                                                                         | 26/78 [00:20<00:39,  1.31it/s, loss=0.7477]Trial 22 Ep1:  33%|████████████████████████████████████▋                                                                         | 26/78 [00:21<00:39,  1.31it/s, loss=0.6418]Trial 22 Ep1:  35%|██████████████████████████████████████                                                                        | 27/78 [00:21<00:38,  1.34it/s, loss=0.6418]Trial 22 Ep1:  35%|██████████████████████████████████████                                                                        | 27/78 [00:22<00:38,  1.34it/s, loss=0.7027]Trial 22 Ep1:  36%|███████████████████████████████████████▍                                                                      | 28/78 [00:22<00:35,  1.41it/s, loss=0.7027]Trial 22 Ep1:  36%|███████████████████████████████████████▍                                                                      | 28/78 [00:22<00:35,  1.41it/s, loss=0.8218]Trial 22 Ep1:  37%|████████████████████████████████████████▉                                                                     | 29/78 [00:22<00:33,  1.45it/s, loss=0.8218]Trial 22 Ep1:  37%|████████████████████████████████████████▉                                                                     | 29/78 [00:23<00:33,  1.45it/s, loss=0.7425]Trial 22 Ep1:  38%|██████████████████████████████████████████▎                                                                   | 30/78 [00:23<00:33,  1.45it/s, loss=0.7425]Trial 22 Ep1:  38%|██████████████████████████████████████████▎                                                                   | 30/78 [00:24<00:33,  1.45it/s, loss=0.6708]Trial 22 Ep1:  40%|███████████████████████████████████████████▋                                                                  | 31/78 [00:24<00:32,  1.46it/s, loss=0.6708]Trial 22 Ep1:  40%|███████████████████████████████████████████▋                                                                  | 31/78 [00:24<00:32,  1.46it/s, loss=0.7091]Trial 22 Ep1:  41%|█████████████████████████████████████████████▏                                                                | 32/78 [00:24<00:32,  1.42it/s, loss=0.7091]Trial 22 Ep1:  41%|█████████████████████████████████████████████▏                                                                | 32/78 [00:25<00:32,  1.42it/s, loss=0.6920]Trial 22 Ep1:  42%|██████████████████████████████████████████████▌                                                               | 33/78 [00:25<00:31,  1.42it/s, loss=0.6920]Trial 22 Ep1:  42%|██████████████████████████████████████████████▌                                                               | 33/78 [00:26<00:31,  1.42it/s, loss=0.8026]Trial 22 Ep1:  44%|███████████████████████████████████████████████▉                                                              | 34/78 [00:26<00:31,  1.39it/s, loss=0.8026]Trial 22 Ep1:  44%|███████████████████████████████████████████████▉                                                              | 34/78 [00:27<00:31,  1.39it/s, loss=0.6700]Trial 22 Ep1:  45%|█████████████████████████████████████████████████▎                                                            | 35/78 [00:27<00:34,  1.24it/s, loss=0.6700]Trial 22 Ep1:  45%|█████████████████████████████████████████████████▎                                                            | 35/78 [00:27<00:34,  1.24it/s, loss=0.7361]Trial 22 Ep1:  46%|██████████████████████████████████████████████████▊                                                           | 36/78 [00:27<00:32,  1.29it/s, loss=0.7361]Trial 22 Ep1:  46%|██████████████████████████████████████████████████▊                                                           | 36/78 [00:28<00:32,  1.29it/s, loss=0.7888]Trial 22 Ep1:  47%|████████████████████████████████████████████████████▏                                                         | 37/78 [00:28<00:30,  1.34it/s, loss=0.7888]Trial 22 Ep1:  47%|████████████████████████████████████████████████████▏                                                         | 37/78 [00:29<00:30,  1.34it/s, loss=0.6651]Trial 22 Ep1:  49%|█████████████████████████████████████████████████████▌                                                        | 38/78 [00:29<00:28,  1.40it/s, loss=0.6651]Trial 22 Ep1:  49%|█████████████████████████████████████████████████████▌                                                        | 38/78 [00:30<00:28,  1.40it/s, loss=0.6913]Trial 22 Ep1:  50%|███████████████████████████████████████████████████████                                                       | 39/78 [00:30<00:27,  1.40it/s, loss=0.6913]Trial 22 Ep1:  50%|███████████████████████████████████████████████████████                                                       | 39/78 [00:30<00:27,  1.40it/s, loss=0.7459]Trial 22 Ep1:  51%|████████████████████████████████████████████████████████▍                                                     | 40/78 [00:30<00:26,  1.45it/s, loss=0.7459]Trial 22 Ep1:  51%|████████████████████████████████████████████████████████▍                                                     | 40/78 [00:31<00:26,  1.45it/s, loss=0.7025]Trial 22 Ep1:  53%|█████████████████████████████████████████████████████████▊                                                    | 41/78 [00:31<00:25,  1.42it/s, loss=0.7025]Trial 22 Ep1:  53%|█████████████████████████████████████████████████████████▊                                                    | 41/78 [00:32<00:25,  1.42it/s, loss=0.6793]Trial 22 Ep1:  54%|███████████████████████████████████████████████████████████▏                                                  | 42/78 [00:32<00:24,  1.44it/s, loss=0.6793]Trial 22 Ep1:  54%|███████████████████████████████████████████████████████████▏                                                  | 42/78 [00:32<00:24,  1.44it/s, loss=0.7533]Trial 22 Ep1:  55%|████████████████████████████████████████████████████████████▋                                                 | 43/78 [00:32<00:24,  1.40it/s, loss=0.7533]Trial 22 Ep1:  55%|████████████████████████████████████████████████████████████▋                                                 | 43/78 [00:33<00:24,  1.40it/s, loss=0.7139]Trial 22 Ep1:  56%|██████████████████████████████████████████████████████████████                                                | 44/78 [00:33<00:23,  1.42it/s, loss=0.7139]Trial 22 Ep1:  56%|██████████████████████████████████████████████████████████████                                                | 44/78 [00:34<00:23,  1.42it/s, loss=0.6979]Trial 22 Ep1:  58%|███████████████████████████████████████████████████████████████▍                                              | 45/78 [00:34<00:22,  1.46it/s, loss=0.6979]Trial 22 Ep1:  58%|███████████████████████████████████████████████████████████████▍                                              | 45/78 [00:34<00:22,  1.46it/s, loss=0.7421]Trial 22 Ep1:  59%|████████████████████████████████████████████████████████████████▊                                             | 46/78 [00:34<00:21,  1.47it/s, loss=0.7421]Trial 22 Ep1:  59%|████████████████████████████████████████████████████████████████▊                                             | 46/78 [00:35<00:21,  1.47it/s, loss=0.7124]Trial 22 Ep1:  60%|██████████████████████████████████████████████████████████████████▎                                           | 47/78 [00:35<00:20,  1.49it/s, loss=0.7124]Trial 22 Ep1:  60%|██████████████████████████████████████████████████████████████████▎                                           | 47/78 [00:36<00:20,  1.49it/s, loss=0.6994]Trial 22 Ep1:  62%|███████████████████████████████████████████████████████████████████▋                                          | 48/78 [00:36<00:20,  1.47it/s, loss=0.6994]Trial 22 Ep1:  62%|███████████████████████████████████████████████████████████████████▋                                          | 48/78 [00:36<00:20,  1.47it/s, loss=0.7074]Trial 22 Ep1:  63%|█████████████████████████████████████████████████████████████████████                                         | 49/78 [00:36<00:19,  1.46it/s, loss=0.7074]Trial 22 Ep1:  63%|█████████████████████████████████████████████████████████████████████                                         | 49/78 [00:37<00:19,  1.46it/s, loss=0.6905]Trial 22 Ep1:  64%|██████████████████████████████████████████████████████████████████████▌                                       | 50/78 [00:37<00:19,  1.44it/s, loss=0.6905]Trial 22 Ep1:  64%|██████████████████████████████████████████████████████████████████████▌                                       | 50/78 [00:38<00:19,  1.44it/s, loss=0.6681]Trial 22 Ep1:  65%|███████████████████████████████████████████████████████████████████████▉                                      | 51/78 [00:38<00:19,  1.40it/s, loss=0.6681]Trial 22 Ep1:  65%|███████████████████████████████████████████████████████████████████████▉                                      | 51/78 [00:39<00:19,  1.40it/s, loss=0.7331]Trial 22 Ep1:  67%|█████████████████████████████████████████████████████████████████████████▎                                    | 52/78 [00:39<00:18,  1.42it/s, loss=0.7331]Trial 22 Ep1:  67%|█████████████████████████████████████████████████████████████████████████▎                                    | 52/78 [00:39<00:18,  1.42it/s, loss=0.7208]Trial 22 Ep1:  68%|██████████████████████████████████████████████████████████████████████████▋                                   | 53/78 [00:39<00:18,  1.39it/s, loss=0.7208]Trial 22 Ep1:  68%|██████████████████████████████████████████████████████████████████████████▋                                   | 53/78 [00:40<00:18,  1.39it/s, loss=0.7178]Trial 22 Ep1:  69%|████████████████████████████████████████████████████████████████████████████▏                                 | 54/78 [00:40<00:16,  1.41it/s, loss=0.7178]Trial 22 Ep1:  69%|████████████████████████████████████████████████████████████████████████████▏                                 | 54/78 [00:41<00:16,  1.41it/s, loss=0.7166]Trial 22 Ep1:  71%|█████████████████████████████████████████████████████████████████████████████▌                                | 55/78 [00:41<00:15,  1.48it/s, loss=0.7166]Trial 22 Ep1:  71%|█████████████████████████████████████████████████████████████████████████████▌                                | 55/78 [00:41<00:15,  1.48it/s, loss=0.7521]Trial 22 Ep1:  72%|██████████████████████████████████████████████████████████████████████████████▉                               | 56/78 [00:41<00:15,  1.45it/s, loss=0.7521]Trial 22 Ep1:  72%|██████████████████████████████████████████████████████████████████████████████▉                               | 56/78 [00:42<00:15,  1.45it/s, loss=0.5890]Trial 22 Ep1:  73%|████████████████████████████████████████████████████████████████████████████████▍                             | 57/78 [00:42<00:14,  1.49it/s, loss=0.5890]Trial 22 Ep1:  73%|████████████████████████████████████████████████████████████████████████████████▍                             | 57/78 [00:43<00:14,  1.49it/s, loss=0.8475]Trial 22 Ep1:  74%|█████████████████████████████████████████████████████████████████████████████████▊                            | 58/78 [00:43<00:13,  1.50it/s, loss=0.8475]Trial 22 Ep1:  74%|█████████████████████████████████████████████████████████████████████████████████▊                            | 58/78 [00:43<00:13,  1.50it/s, loss=0.7594]Trial 22 Ep1:  76%|███████████████████████████████████████████████████████████████████████████████████▏                          | 59/78 [00:43<00:13,  1.43it/s, loss=0.7594]Trial 22 Ep1:  76%|███████████████████████████████████████████████████████████████████████████████████▏                          | 59/78 [00:44<00:13,  1.43it/s, loss=0.8131]Trial 22 Ep1:  77%|████████████████████████████████████████████████████████████████████████████████████▌                         | 60/78 [00:44<00:12,  1.44it/s, loss=0.8131]Trial 22 Ep1:  77%|████████████████████████████████████████████████████████████████████████████████████▌                         | 60/78 [00:45<00:12,  1.44it/s, loss=0.6691]Trial 22 Ep1:  78%|██████████████████████████████████████████████████████████████████████████████████████                        | 61/78 [00:45<00:11,  1.44it/s, loss=0.6691]Trial 22 Ep1:  78%|██████████████████████████████████████████████████████████████████████████████████████                        | 61/78 [00:45<00:11,  1.44it/s, loss=0.7567]Trial 22 Ep1:  79%|███████████████████████████████████████████████████████████████████████████████████████▍                      | 62/78 [00:45<00:11,  1.42it/s, loss=0.7567]Trial 22 Ep1:  79%|███████████████████████████████████████████████████████████████████████████████████████▍                 