Trial 2 Ep7:   0%|                                                                                                                                     | 0/78 [00:00<?, ?it/s]Trial 2 Ep7:   0%|                                                                                                                        | 0/78 [00:00<?, ?it/s, loss=0.5298]Trial 2 Ep7:   1%|█▍                                                                                                              | 1/78 [00:00<00:56,  1.37it/s, loss=0.5298]Trial 2 Ep7:   1%|█▍                                                                                                              | 1/78 [00:01<00:56,  1.37it/s, loss=0.6004]Trial 2 Ep7:   3%|██▊                                                                                                             | 2/78 [00:01<00:57,  1.32it/s, loss=0.6004]Trial 2 Ep7:   3%|██▊                                                                                                             | 2/78 [00:02<00:57,  1.32it/s, loss=0.4218]Trial 2 Ep7:   4%|████▎                                                                                                           | 3/78 [00:02<00:54,  1.38it/s, loss=0.4218]Trial 2 Ep7:   4%|████▎                                                                                                           | 3/78 [00:02<00:54,  1.38it/s, loss=0.5788]Trial 2 Ep7:   5%|█████▋                                                                                                          | 4/78 [00:02<00:52,  1.41it/s, loss=0.5788]Trial 2 Ep7:   5%|█████▋                                                                                                          | 4/78 [00:03<00:52,  1.41it/s, loss=0.5978]Trial 2 Ep7:   6%|███████▏                                                                                                        | 5/78 [00:03<00:50,  1.45it/s, loss=0.5978]Trial 2 Ep7:   6%|███████▏                                                                                                        | 5/78 [00:04<00:50,  1.45it/s, loss=0.6419]Trial 2 Ep7:   8%|████████▌                                                                                                       | 6/78 [00:04<00:50,  1.43it/s, loss=0.6419]Trial 2 Ep7:   8%|████████▌                                                                                                       | 6/78 [00:04<00:50,  1.43it/s, loss=0.7809]Trial 2 Ep7:   9%|██████████                                                                                                      | 7/78 [00:04<00:49,  1.43it/s, loss=0.7809]Trial 2 Ep7:   9%|██████████                                                                                                      | 7/78 [00:05<00:49,  1.43it/s, loss=0.6780]Trial 2 Ep7:  10%|███████████▍                                                                                                    | 8/78 [00:05<00:49,  1.43it/s, loss=0.6780]Trial 2 Ep7:  10%|███████████▍                                                                                                    | 8/78 [00:06<00:49,  1.43it/s, loss=0.6279]Trial 2 Ep7:  12%|████████████▉                                                                                                   | 9/78 [00:06<00:47,  1.46it/s, loss=0.6279]Trial 2 Ep7:  12%|████████████▉                                                                                                   | 9/78 [00:07<00:47,  1.46it/s, loss=0.5149]Trial 2 Ep7:  13%|██████████████▏                                                                                                | 10/78 [00:07<00:47,  1.42it/s, loss=0.5149]Trial 2 Ep7:  13%|██████████████▏                                                                                                | 10/78 [00:07<00:47,  1.42it/s, loss=0.4562]Trial 2 Ep7:  14%|███████████████▋                                                                                               | 11/78 [00:07<00:46,  1.45it/s, loss=0.4562]Trial 2 Ep7:  14%|███████████████▋                                                                                               | 11/78 [00:08<00:46,  1.45it/s, loss=0.5441]Trial 2 Ep7:  15%|█████████████████                                                                                              | 12/78 [00:08<00:44,  1.47it/s, loss=0.5441]Trial 2 Ep7:  15%|█████████████████                                                                                              | 12/78 [00:09<00:44,  1.47it/s, loss=0.8414]Trial 2 Ep7:  17%|██████████████████▌                                                                                            | 13/78 [00:09<00:43,  1.50it/s, loss=0.8414]Trial 2 Ep7:  17%|██████████████████▌                                                                                            | 13/78 [00:09<00:43,  1.50it/s, loss=0.4733]Trial 2 Ep7:  18%|███████████████████▉                                                                                           | 14/78 [00:09<00:44,  1.45it/s, loss=0.4733]Trial 2 Ep7:  18%|███████████████████▉                                                                                           | 14/78 [00:10<00:44,  1.45it/s, loss=0.7298]Trial 2 Ep7:  19%|█████████████████████▎                                                                                         | 15/78 [00:10<00:43,  1.45it/s, loss=0.7298]Trial 2 Ep7:  19%|█████████████████████▎                                                                                         | 15/78 [00:11<00:43,  1.45it/s, loss=0.5850]Trial 2 Ep7:  21%|██████████████████████▊                                                                                        | 16/78 [00:11<00:44,  1.38it/s, loss=0.5850]Trial 2 Ep7:  21%|██████████████████████▊                                                                                        | 16/78 [00:12<00:44,  1.38it/s, loss=0.6517]Trial 2 Ep7:  22%|████████████████████████▏                                                                                      | 17/78 [00:12<00:45,  1.33it/s, loss=0.6517]Trial 2 Ep7:  22%|████████████████████████▏                                                                                      | 17/78 [00:12<00:45,  1.33it/s, loss=0.4746]Trial 2 Ep7:  23%|█████████████████████████▌                                                                                     | 18/78 [00:12<00:42,  1.41it/s, loss=0.4746]Trial 2 Ep7:  23%|█████████████████████████▌                                                                                     | 18/78 [00:13<00:42,  1.41it/s, loss=0.4176]Trial 2 Ep7:  24%|███████████████████████████                                                                                    | 19/78 [00:13<00:40,  1.47it/s, loss=0.4176]Trial 2 Ep7:  24%|███████████████████████████                                                                                    | 19/78 [00:14<00:40,  1.47it/s, loss=0.4341]Trial 2 Ep7:  26%|████████████████████████████▍                                                                                  | 20/78 [00:14<00:40,  1.44it/s, loss=0.4341]Trial 2 Ep7:  26%|████████████████████████████▍                                                                                  | 20/78 [00:14<00:40,  1.44it/s, loss=0.6229]Trial 2 Ep7:  27%|█████████████████████████████▉                                                                                 | 21/78 [00:14<00:39,  1.43it/s, loss=0.6229]Trial 2 Ep7:  27%|█████████████████████████████▉                                                                                 | 21/78 [00:15<00:39,  1.43it/s, loss=0.6646]Trial 2 Ep7:  28%|███████████████████████████████▎                                                                               | 22/78 [00:15<00:38,  1.44it/s, loss=0.6646]Trial 2 Ep7:  28%|███████████████████████████████▎                                                                               | 22/78 [00:16<00:38,  1.44it/s, loss=0.5636]Trial 2 Ep7:  29%|████████████████████████████████▋                                                                              | 23/78 [00:16<00:37,  1.46it/s, loss=0.5636]Trial 2 Ep7:  29%|████████████████████████████████▋                                                                              | 23/78 [00:16<00:37,  1.46it/s, loss=0.6239]Trial 2 Ep7:  31%|██████████████████████████████████▏                                                                            | 24/78 [00:16<00:38,  1.40it/s, loss=0.6239]Trial 2 Ep7:  31%|██████████████████████████████████▏                                                                            | 24/78 [00:17<00:38,  1.40it/s, loss=0.5160]Trial 2 Ep7:  32%|███████████████████████████████████▌                                                                           | 25/78 [00:17<00:36,  1.46it/s, loss=0.5160]Trial 2 Ep7:  32%|███████████████████████████████████▌                                                                           | 25/78 [00:18<00:36,  1.46it/s, loss=0.5396]Trial 2 Ep7:  33%|█████████████████████████████████████                                                                          | 26/78 [00:18<00:35,  1.45it/s, loss=0.5396]Trial 2 Ep7:  33%|█████████████████████████████████████                                                                          | 26/78 [00:18<00:35,  1.45it/s, loss=0.6019]Trial 2 Ep7:  35%|██████████████████████████████████████▍                                                                        | 27/78 [00:18<00:34,  1.50it/s, loss=0.6019]Trial 2 Ep7:  35%|██████████████████████████████████████▍                                                                        | 27/78 [00:19<00:34,  1.50it/s, loss=0.5169]Trial 2 Ep7:  36%|███████████████████████████████████████▊                                                                       | 28/78 [00:19<00:34,  1.46it/s, loss=0.5169]Trial 2 Ep7:  36%|███████████████████████████████████████▊                                                                       | 28/78 [00:20<00:34,  1.46it/s, loss=0.5619]Trial 2 Ep7:  37%|█████████████████████████████████████████▎                                                                     | 29/78 [00:20<00:33,  1.47it/s, loss=0.5619]Trial 2 Ep7:  37%|█████████████████████████████████████████▎                                                                     | 29/78 [00:21<00:33,  1.47it/s, loss=0.6016]Trial 2 Ep7:  38%|██████████████████████████████████████████▋                                                                    | 30/78 [00:21<00:34,  1.38it/s, loss=0.6016]Trial 2 Ep7:  38%|██████████████████████████████████████████▋                                                                    | 30/78 [00:21<00:34,  1.38it/s, loss=0.5287]Trial 2 Ep7:  40%|████████████████████████████████████████████                                                                   | 31/78 [00:21<00:34,  1.36it/s, loss=0.5287]Trial 2 Ep7:  40%|████████████████████████████████████████████                                                                   | 31/78 [00:22<00:34,  1.36it/s, loss=0.6085]Trial 2 Ep7:  41%|█████████████████████████████████████████████▌                                                                 | 32/78 [00:22<00:34,  1.34it/s, loss=0.6085]Trial 2 Ep7:  41%|█████████████████████████████████████████████▌                                                                 | 32/78 [00:23<00:34,  1.34it/s, loss=0.5634]Trial 2 Ep7:  42%|██████████████████████████████████████████████▉                                                                | 33/78 [00:23<00:34,  1.32it/s, loss=0.5634]Trial 2 Ep7:  42%|██████████████████████████████████████████████▉                                                                | 33/78 [00:24<00:34,  1.32it/s, loss=0.5084]Trial 2 Ep7:  44%|████████████████████████████████████████████████▍                                                              | 34/78 [00:24<00:32,  1.34it/s, loss=0.5084]Trial 2 Ep7:  44%|████████████████████████████████████████████████▍                                                              | 34/78 [00:24<00:32,  1.34it/s, loss=0.6138]Trial 2 Ep7:  45%|█████████████████████████████████████████████████▊                                                             | 35/78 [00:24<00:31,  1.38it/s, loss=0.6138]Trial 2 Ep7:  45%|█████████████████████████████████████████████████▊                                                             | 35/78 [00:25<00:31,  1.38it/s, loss=0.5088]Trial 2 Ep7:  46%|███████████████████████████████████████████████████▏                                                           | 36/78 [00:25<00:29,  1.40it/s, loss=0.5088]Trial 2 Ep7:  46%|███████████████████████████████████████████████████▏                                                           | 36/78 [00:26<00:29,  1.40it/s, loss=0.5227]Trial 2 Ep7:  47%|████████████████████████████████████████████████████▋                                                          | 37/78 [00:26<00:29,  1.38it/s, loss=0.5227]Trial 2 Ep7:  47%|████████████████████████████████████████████████████▋                                                          | 37/78 [00:26<00:29,  1.38it/s, loss=0.6603]Trial 2 Ep7:  49%|██████████████████████████████████████████████████████                                                         | 38/78 [00:26<00:27,  1.44it/s, loss=0.6603]Trial 2 Ep7:  49%|██████████████████████████████████████████████████████                                                         | 38/78 [00:27<00:27,  1.44it/s, loss=0.6504]Trial 2 Ep7:  50%|███████████████████████████████████████████████████████▌                                                       | 39/78 [00:27<00:26,  1.47it/s, loss=0.6504]Trial 2 Ep7:  50%|███████████████████████████████████████████████████████▌                                                       | 39/78 [00:28<00:26,  1.47it/s, loss=0.5029]Trial 2 Ep7:  51%|████████████████████████████████████████████████████████▉                                                      | 40/78 [00:28<00:25,  1.49it/s, loss=0.5029]Trial 2 Ep7:  51%|████████████████████████████████████████████████████████▉                                                      | 40/78 [00:28<00:25,  1.49it/s, loss=0.6396]Trial 2 Ep7:  53%|██████████████████████████████████████████████████████████▎                                                    | 41/78 [00:28<00:25,  1.44it/s, loss=0.6396]Trial 2 Ep7:  53%|██████████████████████████████████████████████████████████▎                                                    | 41/78 [00:29<00:25,  1.44it/s, loss=0.6857]Trial 2 Ep7:  54%|███████████████████████████████████████████████████████████▊                                                   | 42/78 [00:29<00:23,  1.52it/s, loss=0.6857]Trial 2 Ep7:  54%|███████████████████████████████████████████████████████████▊                                                   | 42/78 [00:30<00:23,  1.52it/s, loss=0.5910]Trial 2 Ep7:  55%|█████████████████████████████████████████████████████████████▏                                                 | 43/78 [00:30<00:23,  1.47it/s, loss=0.5910]Trial 2 Ep7:  55%|█████████████████████████████████████████████████████████████▏                                                 | 43/78 [00:30<00:23,  1.47it/s, loss=0.5132]Trial 2 Ep7:  56%|██████████████████████████████████████████████████████████████▌                                                | 44/78 [00:30<00:23,  1.44it/s, loss=0.5132]Trial 2 Ep7:  56%|██████████████████████████████████████████████████████████████▌                                                | 44/78 [00:31<00:23,  1.44it/s, loss=0.7167]Trial 2 Ep7:  58%|████████████████████████████████████████████████████████████████                                               | 45/78 [00:31<00:22,  1.45it/s, loss=0.7167]Trial 2 Ep7:  58%|████████████████████████████████████████████████████████████████                                               | 45/78 [00:32<00:22,  1.45it/s, loss=0.6142]Trial 2 Ep7:  59%|█████████████████████████████████████████████████████████████████▍                                             | 46/78 [00:32<00:22,  1.42it/s, loss=0.6142]Trial 2 Ep7:  59%|█████████████████████████████████████████████████████████████████▍                                             | 46/78 [00:32<00:22,  1.42it/s, loss=0.6104]Trial 2 Ep7:  60%|██████████████████████████████████████████████████████████████████▉                                            | 47/78 [00:32<00:21,  1.47it/s, loss=0.6104]Trial 2 Ep7:  60%|██████████████████████████████████████████████████████████████████▉                                            | 47/78 [00:33<00:21,  1.47it/s, loss=0.5241]Trial 2 Ep7:  62%|████████████████████████████████████████████████████████████████████▎                                          | 48/78 [00:33<00:20,  1.44it/s, loss=0.5241]Trial 2 Ep7:  62%|████████████████████████████████████████████████████████████████████▎                                          | 48/78 [00:34<00:20,  1.44it/s, loss=0.5540]Trial 2 Ep7:  63%|█████████████████████████████████████████████████████████████████████▋                                         | 49/78 [00:34<00:19,  1.46it/s, loss=0.5540]Trial 2 Ep7:  63%|█████████████████████████████████████████████████████████████████████▋                                         | 49/78 [00:34<00:19,  1.46it/s, loss=0.4978]Trial 2 Ep7:  64%|███████████████████████████████████████████████████████████████████████▏                                       | 50/78 [00:34<00:19,  1.47it/s, loss=0.4978]Trial 2 Ep7:  64%|███████████████████████████████████████████████████████████████████████▏                                       | 50/78 [00:35<00:19,  1.47it/s, loss=0.7294]Trial 2 Ep7:  65%|████████████████████████████████████████████████████████████████████████▌                                      | 51/78 [00:35<00:17,  1.51it/s, loss=0.7294]Trial 2 Ep7:  65%|████████████████████████████████████████████████████████████████████████▌                                      | 51/78 [00:36<00:17,  1.51it/s, loss=0.3912]Trial 2 Ep7:  67%|██████████████████████████████████████████████████████████████████████████                                     | 52/78 [00:36<00:17,  1.49it/s, loss=0.3912]Trial 2 Ep7:  67%|██████████████████████████████████████████████████████████████████████████                                     | 52/78 [00:36<00:17,  1.49it/s, loss=0.5476]Trial 2 Ep7:  68%|███████████████████████████████████████████████████████████████████████████▍                                   | 53/78 [00:36<00:17,  1.47it/s, loss=0.5476]Trial 2 Ep7:  68%|███████████████████████████████████████████████████████████████████████████▍                                   | 53/78 [00:37<00:17,  1.47it/s, loss=0.6006]Trial 2 Ep7:  69%|████████████████████████████████████████████████████████████████████████████▊                                  | 54/78 [00:37<00:17,  1.38it/s, loss=0.6006]Trial 2 Ep7:  69%|████████████████████████████████████████████████████████████████████████████▊                                  | 54/78 [00:38<00:17,  1.38it/s, loss=0.6270]Trial 2 Ep7:  71%|██████████████████████████████████████████████████████████████████████████████▎                                | 55/78 [00:38<00:16,  1.35it/s, loss=0.6270]Trial 2 Ep7:  71%|██████████████████████████████████████████████████████████████████████████████▎                                | 55/78 [00:39<00:16,  1.35it/s, loss=0.4818]Trial 2 Ep7:  72%|███████████████████████████████████████████████████████████████████████████████▋                               | 56/78 [00:39<00:15,  1.38it/s, loss=0.4818]Trial 2 Ep7:  72%|███████████████████████████████████████████████████████████████████████████████▋                               | 56/78 [00:39<00:15,  1.38it/s, loss=0.6808]Trial 2 Ep7:  73%|█████████████████████████████████████████████████████████████████████████████████                              | 57/78 [00:39<00:15,  1.39it/s, loss=0.6808]Trial 2 Ep7:  73%|█████████████████████████████████████████████████████████████████████████████████                              | 57/78 [00:40<00:15,  1.39it/s, loss=0.5520]Trial 2 Ep7:  74%|██████████████████████████████████████████████████████████████████████████████████▌                            | 58/78 [00:40<00:14,  1.33it/s, loss=0.5520]Trial 2 Ep7:  74%|██████████████████████████████████████████████████████████████████████████████████▌                            | 58/78 [00:41<00:14,  1.33it/s, loss=0.5047]Trial 2 Ep7:  76%|███████████████████████████████████████████████████████████████████████████████████▉                           | 59/78 [00:41<00:13,  1.41it/s, loss=0.5047]Trial 2 Ep7:  76%|███████████████████████████████████████████████████████████████████████████████████▉                           | 59/78 [00:42<00:13,  1.41it/s, loss=0.6468]Trial 2 Ep7:  77%|█████████████████████████████████████████████████████████████████████████████████████▍                         | 60/78 [00:42<00:12,  1.39it/s, loss=0.6468]Trial 2 Ep7:  77%|█████████████████████████████████████████████████████████████████████████████████████▍                         | 60/78 [00:42<00:12,  1.39it/s, loss=0.6027]Trial 2 Ep7:  78%|██████████████████████████████████████████████████████████████████████████████████████▊                        | 61/78 [00:42<00:11,  1.44it/s, loss=0.6027]Trial 2 Ep7:  78%|██████████████████████████████████████████████████████████████████████████████████████▊                        | 61/78 [00:43<00:11,  1.44it/s, loss=0.6341]Trial 2 Ep7:  79%|████████████████████████████████████████████████████████████████████████████████████████▏                      | 62/78 [00:43<00:11,  1.42it/s, loss=0.6341]Trial 2 Ep7:  79%|████████████████████████████████████████████████████████████████████████████████████████▏                 