Trial 1 Ep3:   0%|                                                                                                                                     | 0/78 [00:00<?, ?it/s]Trial 1 Ep3:   0%|                                                                                                                        | 0/78 [00:00<?, ?it/s, loss=0.7036]Trial 1 Ep3:   1%|█▍                                                                                                              | 1/78 [00:00<00:52,  1.48it/s, loss=0.7036]Trial 1 Ep3:   1%|█▍                                                                                                              | 1/78 [00:01<00:52,  1.48it/s, loss=0.7035]Trial 1 Ep3:   3%|██▊                                                                                                             | 2/78 [00:01<00:53,  1.42it/s, loss=0.7035]Trial 1 Ep3:   3%|██▊                                                                                                             | 2/78 [00:02<00:53,  1.42it/s, loss=0.7780]Trial 1 Ep3:   4%|████▎                                                                                                           | 3/78 [00:02<00:53,  1.41it/s, loss=0.7780]Trial 1 Ep3:   4%|████▎                                                                                                           | 3/78 [00:02<00:53,  1.41it/s, loss=0.7737]Trial 1 Ep3:   5%|█████▋                                                                                                          | 4/78 [00:02<00:53,  1.39it/s, loss=0.7737]Trial 1 Ep3:   5%|█████▋                                                                                                          | 4/78 [00:03<00:53,  1.39it/s, loss=0.7006]Trial 1 Ep3:   6%|███████▏                                                                                                        | 5/78 [00:03<00:52,  1.40it/s, loss=0.7006]Trial 1 Ep3:   6%|███████▏                                                                                                        | 5/78 [00:04<00:52,  1.40it/s, loss=0.6839]Trial 1 Ep3:   8%|████████▌                                                                                                       | 6/78 [00:04<00:52,  1.38it/s, loss=0.6839]Trial 1 Ep3:   8%|████████▌                                                                                                       | 6/78 [00:05<00:52,  1.38it/s, loss=0.7197]Trial 1 Ep3:   9%|██████████                                                                                                      | 7/78 [00:05<00:50,  1.39it/s, loss=0.7197]Trial 1 Ep3:   9%|██████████                                                                                                      | 7/78 [00:05<00:50,  1.39it/s, loss=0.6802]Trial 1 Ep3:  10%|███████████▍                                                                                                    | 8/78 [00:05<00:50,  1.39it/s, loss=0.6802]Trial 1 Ep3:  10%|███████████▍                                                                                                    | 8/78 [00:06<00:50,  1.39it/s, loss=0.6767]Trial 1 Ep3:  12%|████████████▉                                                                                                   | 9/78 [00:06<00:49,  1.40it/s, loss=0.6767]Trial 1 Ep3:  12%|████████████▉                                                                                                   | 9/78 [00:07<00:49,  1.40it/s, loss=0.6754]Trial 1 Ep3:  13%|██████████████▏                                                                                                | 10/78 [00:07<00:47,  1.42it/s, loss=0.6754]Trial 1 Ep3:  13%|██████████████▏                                                                                                | 10/78 [00:07<00:47,  1.42it/s, loss=0.6996]Trial 1 Ep3:  14%|███████████████▋                                                                                               | 11/78 [00:07<00:48,  1.38it/s, loss=0.6996]Trial 1 Ep3:  14%|███████████████▋                                                                                               | 11/78 [00:08<00:48,  1.38it/s, loss=0.7238]Trial 1 Ep3:  15%|█████████████████                                                                                              | 12/78 [00:08<00:50,  1.31it/s, loss=0.7238]Trial 1 Ep3:  15%|█████████████████                                                                                              | 12/78 [00:09<00:50,  1.31it/s, loss=0.7093]Trial 1 Ep3:  17%|██████████████████▌                                                                                            | 13/78 [00:09<00:50,  1.29it/s, loss=0.7093]Trial 1 Ep3:  17%|██████████████████▌                                                                                            | 13/78 [00:10<00:50,  1.29it/s, loss=0.7200]Trial 1 Ep3:  18%|███████████████████▉                                                                                           | 14/78 [00:10<00:47,  1.35it/s, loss=0.7200]Trial 1 Ep3:  18%|███████████████████▉                                                                                           | 14/78 [00:10<00:47,  1.35it/s, loss=0.8450]Trial 1 Ep3:  19%|█████████████████████▎                                                                                         | 15/78 [00:10<00:44,  1.41it/s, loss=0.8450]Trial 1 Ep3:  19%|█████████████████████▎                                                                                         | 15/78 [00:11<00:44,  1.41it/s, loss=0.6982]Trial 1 Ep3:  21%|██████████████████████▊                                                                                        | 16/78 [00:11<00:43,  1.42it/s, loss=0.6982]Trial 1 Ep3:  21%|██████████████████████▊                                                                                        | 16/78 [00:12<00:43,  1.42it/s, loss=0.6432]Trial 1 Ep3:  22%|████████████████████████▏                                                                                      | 17/78 [00:12<00:44,  1.38it/s, loss=0.6432]Trial 1 Ep3:  22%|████████████████████████▏                                                                                      | 17/78 [00:12<00:44,  1.38it/s, loss=0.7387]Trial 1 Ep3:  23%|█████████████████████████▌                                                                                     | 18/78 [00:12<00:42,  1.40it/s, loss=0.7387]Trial 1 Ep3:  23%|█████████████████████████▌                                                                                     | 18/78 [00:13<00:42,  1.40it/s, loss=0.7050]Trial 1 Ep3:  24%|███████████████████████████                                                                                    | 19/78 [00:13<00:41,  1.41it/s, loss=0.7050]Trial 1 Ep3:  24%|███████████████████████████                                                                                    | 19/78 [00:14<00:41,  1.41it/s, loss=0.7124]Trial 1 Ep3:  26%|████████████████████████████▍                                                                                  | 20/78 [00:14<00:41,  1.39it/s, loss=0.7124]Trial 1 Ep3:  26%|████████████████████████████▍                                                                                  | 20/78 [00:15<00:41,  1.39it/s, loss=0.7267]Trial 1 Ep3:  27%|█████████████████████████████▉                                                                                 | 21/78 [00:15<00:41,  1.37it/s, loss=0.7267]Trial 1 Ep3:  27%|█████████████████████████████▉                                                                                 | 21/78 [00:15<00:41,  1.37it/s, loss=0.7654]Trial 1 Ep3:  28%|███████████████████████████████▎                                                                               | 22/78 [00:15<00:39,  1.40it/s, loss=0.7654]Trial 1 Ep3:  28%|███████████████████████████████▎                                                                               | 22/78 [00:16<00:39,  1.40it/s, loss=0.7231]Trial 1 Ep3:  29%|████████████████████████████████▋                                                                              | 23/78 [00:16<00:40,  1.37it/s, loss=0.7231]Trial 1 Ep3:  29%|████████████████████████████████▋                                                                              | 23/78 [00:17<00:40,  1.37it/s, loss=0.6966]Trial 1 Ep3:  31%|██████████████████████████████████▏                                                                            | 24/78 [00:17<00:39,  1.37it/s, loss=0.6966]Trial 1 Ep3:  31%|██████████████████████████████████▏                                                                            | 24/78 [00:18<00:39,  1.37it/s, loss=0.6755]Trial 1 Ep3:  32%|███████████████████████████████████▌                                                                           | 25/78 [00:18<00:39,  1.34it/s, loss=0.6755]Trial 1 Ep3:  32%|███████████████████████████████████▌                                                                           | 25/78 [00:18<00:39,  1.34it/s, loss=0.6851]Trial 1 Ep3:  33%|█████████████████████████████████████                                                                          | 26/78 [00:18<00:38,  1.37it/s, loss=0.6851]Trial 1 Ep3:  33%|█████████████████████████████████████                                                                          | 26/78 [00:19<00:38,  1.37it/s, loss=0.7044]Trial 1 Ep3:  35%|██████████████████████████████████████▍                                                                        | 27/78 [00:19<00:38,  1.32it/s, loss=0.7044]Trial 1 Ep3:  35%|██████████████████████████████████████▍                                                                        | 27/78 [00:20<00:38,  1.32it/s, loss=0.7020]Trial 1 Ep3:  36%|███████████████████████████████████████▊                                                                       | 28/78 [00:20<00:36,  1.37it/s, loss=0.7020]Trial 1 Ep3:  36%|███████████████████████████████████████▊                                                                       | 28/78 [00:21<00:36,  1.37it/s, loss=0.6814]Trial 1 Ep3:  37%|█████████████████████████████████████████▎                                                                     | 29/78 [00:21<00:35,  1.40it/s, loss=0.6814]Trial 1 Ep3:  37%|█████████████████████████████████████████▎                                                                     | 29/78 [00:21<00:35,  1.40it/s, loss=0.6665]Trial 1 Ep3:  38%|██████████████████████████████████████████▋                                                                    | 30/78 [00:21<00:35,  1.34it/s, loss=0.6665]Trial 1 Ep3:  38%|██████████████████████████████████████████▋                                                                    | 30/78 [00:22<00:35,  1.34it/s, loss=0.6939]Trial 1 Ep3:  40%|████████████████████████████████████████████                                                                   | 31/78 [00:22<00:35,  1.34it/s, loss=0.6939]Trial 1 Ep3:  40%|████████████████████████████████████████████                                                                   | 31/78 [00:23<00:35,  1.34it/s, loss=0.7347]Trial 1 Ep3:  41%|█████████████████████████████████████████████▌                                                                 | 32/78 [00:23<00:33,  1.38it/s, loss=0.7347]Trial 1 Ep3:  41%|█████████████████████████████████████████████▌                                                                 | 32/78 [00:23<00:33,  1.38it/s, loss=0.6934]Trial 1 Ep3:  42%|██████████████████████████████████████████████▉                                                                | 33/78 [00:23<00:31,  1.41it/s, loss=0.6934]Trial 1 Ep3:  42%|██████████████████████████████████████████████▉                                                                | 33/78 [00:24<00:31,  1.41it/s, loss=0.6978]Trial 1 Ep3:  44%|████████████████████████████████████████████████▍                                                              | 34/78 [00:24<00:30,  1.43it/s, loss=0.6978]Trial 1 Ep3:  44%|████████████████████████████████████████████████▍                                                              | 34/78 [00:25<00:30,  1.43it/s, loss=0.6523]Trial 1 Ep3:  45%|█████████████████████████████████████████████████▊                                                             | 35/78 [00:25<00:29,  1.45it/s, loss=0.6523]Trial 1 Ep3:  45%|█████████████████████████████████████████████████▊                                                             | 35/78 [00:26<00:29,  1.45it/s, loss=0.6680]Trial 1 Ep3:  46%|███████████████████████████████████████████████████▏                                                           | 36/78 [00:26<00:30,  1.40it/s, loss=0.6680]Trial 1 Ep3:  46%|███████████████████████████████████████████████████▏                                                           | 36/78 [00:26<00:30,  1.40it/s, loss=0.9355]Trial 1 Ep3:  47%|████████████████████████████████████████████████████▋                                                          | 37/78 [00:26<00:29,  1.39it/s, loss=0.9355]Trial 1 Ep3:  47%|████████████████████████████████████████████████████▋                                                          | 37/78 [00:27<00:29,  1.39it/s, loss=0.7573]Trial 1 Ep3:  49%|██████████████████████████████████████████████████████                                                         | 38/78 [00:27<00:28,  1.40it/s, loss=0.7573]Trial 1 Ep3:  49%|██████████████████████████████████████████████████████                                                         | 38/78 [00:28<00:28,  1.40it/s, loss=0.7042]Trial 1 Ep3:  50%|███████████████████████████████████████████████████████▌                                                       | 39/78 [00:28<00:27,  1.42it/s, loss=0.7042]Trial 1 Ep3:  50%|███████████████████████████████████████████████████████▌                                                       | 39/78 [00:28<00:27,  1.42it/s, loss=0.6933]Trial 1 Ep3:  51%|████████████████████████████████████████████████████████▉                                                      | 40/78 [00:28<00:27,  1.40it/s, loss=0.6933]Trial 1 Ep3:  51%|████████████████████████████████████████████████████████▉                                                      | 40/78 [00:29<00:27,  1.40it/s, loss=0.6991]Trial 1 Ep3:  53%|██████████████████████████████████████████████████████████▎                                                    | 41/78 [00:29<00:28,  1.31it/s, loss=0.6991]Trial 1 Ep3:  53%|██████████████████████████████████████████████████████████▎                                                    | 41/78 [00:30<00:28,  1.31it/s, loss=0.8059]Trial 1 Ep3:  54%|███████████████████████████████████████████████████████████▊                                                   | 42/78 [00:30<00:25,  1.40it/s, loss=0.8059]Trial 1 Ep3:  54%|███████████████████████████████████████████████████████████▊                                                   | 42/78 [00:31<00:25,  1.40it/s, loss=0.7023]Trial 1 Ep3:  55%|█████████████████████████████████████████████████████████████▏                                                 | 43/78 [00:31<00:25,  1.35it/s, loss=0.7023]Trial 1 Ep3:  55%|█████████████████████████████████████████████████████████████▏                                                 | 43/78 [00:31<00:25,  1.35it/s, loss=0.7077]Trial 1 Ep3:  56%|██████████████████████████████████████████████████████████████▌                                                | 44/78 [00:31<00:24,  1.38it/s, loss=0.7077]Trial 1 Ep3:  56%|██████████████████████████████████████████████████████████████▌                                                | 44/78 [00:32<00:24,  1.38it/s, loss=0.7704]Trial 1 Ep3:  58%|████████████████████████████████████████████████████████████████                                               | 45/78 [00:32<00:24,  1.37it/s, loss=0.7704]Trial 1 Ep3:  58%|████████████████████████████████████████████████████████████████                                               | 45/78 [00:33<00:24,  1.37it/s, loss=0.7027]Trial 1 Ep3:  59%|█████████████████████████████████████████████████████████████████▍                                             | 46/78 [00:33<00:22,  1.42it/s, loss=0.7027]Trial 1 Ep3:  59%|█████████████████████████████████████████████████████████████████▍                                             | 46/78 [00:33<00:22,  1.42it/s, loss=0.6840]Trial 1 Ep3:  60%|██████████████████████████████████████████████████████████████████▉                                            | 47/78 [00:33<00:21,  1.43it/s, loss=0.6840]Trial 1 Ep3:  60%|██████████████████████████████████████████████████████████████████▉                                            | 47/78 [00:34<00:21,  1.43it/s, loss=0.7291]Trial 1 Ep3:  62%|████████████████████████████████████████████████████████████████████▎                                          | 48/78 [00:34<00:21,  1.43it/s, loss=0.7291]Trial 1 Ep3:  62%|████████████████████████████████████████████████████████████████████▎                                          | 48/78 [00:35<00:21,  1.43it/s, loss=0.6756]Trial 1 Ep3:  63%|█████████████████████████████████████████████████████████████████████▋                                         | 49/78 [00:35<00:20,  1.40it/s, loss=0.6756]Trial 1 Ep3:  63%|█████████████████████████████████████████████████████████████████████▋                                         | 49/78 [00:36<00:20,  1.40it/s, loss=0.7219]Trial 1 Ep3:  64%|███████████████████████████████████████████████████████████████████████▏                                       | 50/78 [00:36<00:21,  1.32it/s, loss=0.7219]Trial 1 Ep3:  64%|███████████████████████████████████████████████████████████████████████▏                                       | 50/78 [00:37<00:21,  1.32it/s, loss=0.7371]Trial 1 Ep3:  65%|████████████████████████████████████████████████████████████████████████▌                                      | 51/78 [00:37<00:20,  1.30it/s, loss=0.7371]Trial 1 Ep3:  65%|████████████████████████████████████████████████████████████████████████▌                                      | 51/78 [00:37<00:20,  1.30it/s, loss=0.7336]Trial 1 Ep3:  67%|██████████████████████████████████████████████████████████████████████████                                     | 52/78 [00:37<00:19,  1.33it/s, loss=0.7336]Trial 1 Ep3:  67%|██████████████████████████████████████████████████████████████████████████                                     | 52/78 [00:38<00:19,  1.33it/s, loss=0.7321]Trial 1 Ep3:  68%|███████████████████████████████████████████████████████████████████████████▍                                   | 53/78 [00:38<00:17,  1.41it/s, loss=0.7321]Trial 1 Ep3:  68%|███████████████████████████████████████████████████████████████████████████▍                                   | 53/78 [00:39<00:17,  1.41it/s, loss=0.7614]Trial 1 Ep3:  69%|████████████████████████████████████████████████████████████████████████████▊                                  | 54/78 [00:39<00:17,  1.41it/s, loss=0.7614]Trial 1 Ep3:  69%|████████████████████████████████████████████████████████████████████████████▊                                  | 54/78 [00:39<00:17,  1.41it/s, loss=0.7040]Trial 1 Ep3:  71%|██████████████████████████████████████████████████████████████████████████████▎                                | 55/78 [00:39<00:16,  1.41it/s, loss=0.7040]Trial 1 Ep3:  71%|██████████████████████████████████████████████████████████████████████████████▎                                | 55/78 [00:40<00:16,  1.41it/s, loss=0.7354]Trial 1 Ep3:  72%|███████████████████████████████████████████████████████████████████████████████▋                               | 56/78 [00:40<00:15,  1.45it/s, loss=0.7354]Trial 1 Ep3:  72%|███████████████████████████████████████████████████████████████████████████████▋                               | 56/78 [00:41<00:15,  1.45it/s, loss=0.7128]Trial 1 Ep3:  73%|█████████████████████████████████████████████████████████████████████████████████                              | 57/78 [00:41<00:14,  1.42it/s, loss=0.7128]Trial 1 Ep3:  73%|█████████████████████████████████████████████████████████████████████████████████                              | 57/78 [00:41<00:14,  1.42it/s, loss=0.6789]Trial 1 Ep3:  74%|██████████████████████████████████████████████████████████████████████████████████▌                            | 58/78 [00:41<00:14,  1.38it/s, loss=0.6789]Trial 1 Ep3:  74%|██████████████████████████████████████████████████████████████████████████████████▌                            | 58/78 [00:42<00:14,  1.38it/s, loss=0.7386]Trial 1 Ep3:  76%|███████████████████████████████████████████████████████████████████████████████████▉                           | 59/78 [00:42<00:13,  1.38it/s, loss=0.7386]Trial 1 Ep3:  76%|███████████████████████████████████████████████████████████████████████████████████▉                           | 59/78 [00:43<00:13,  1.38it/s, loss=0.7503]Trial 1 Ep3:  77%|█████████████████████████████████████████████████████████████████████████████████████▍                         | 60/78 [00:43<00:13,  1.31it/s, loss=0.7503]Trial 1 Ep3:  77%|█████████████████████████████████████████████████████████████████████████████████████▍                         | 60/78 [00:44<00:13,  1.31it/s, loss=0.6818]Trial 1 Ep3:  78%|██████████████████████████████████████████████████████████████████████████████████████▊                        | 61/78 [00:44<00:13,  1.30it/s, loss=0.6818]Trial 1 Ep3:  78%|██████████████████████████████████████████████████████████████████████████████████████▊                        | 61/78 [00:44<00:13,  1.30it/s, loss=0.7099]Trial 1 Ep3:  79%|████████████████████████████████████████████████████████████████████████████████████████▏                      | 62/78 [00:44<00:11,  1.38it/s, loss=0.7099]Trial 1 Ep3:  79%|████████████████████████████████████████████████████████████████████████████████████████▏                 