Trial 24 Ep1:   0%|                                                                                                                                    | 0/78 [00:00<?, ?it/s]Trial 24 Ep1:   0%|                                                                                                                       | 0/78 [00:00<?, ?it/s, loss=0.7967]Trial 24 Ep1:   1%|█▍                                                                                                             | 1/78 [00:00<01:09,  1.11it/s, loss=0.7967]Trial 24 Ep1:   1%|█▍                                                                                                             | 1/78 [00:01<01:09,  1.11it/s, loss=0.7828]Trial 24 Ep1:   3%|██▊                                                                                                            | 2/78 [00:01<01:00,  1.26it/s, loss=0.7828]Trial 24 Ep1:   3%|██▊                                                                                                            | 2/78 [00:04<01:00,  1.26it/s, loss=0.7037]Trial 24 Ep1:   4%|████▎                                                                                                          | 3/78 [00:04<02:18,  1.85s/it, loss=0.7037]Trial 24 Ep1:   4%|████▎                                                                                                          | 3/78 [00:05<02:18,  1.85s/it, loss=0.7356]Trial 24 Ep1:   5%|█████▋                                                                                                         | 4/78 [00:05<01:41,  1.37s/it, loss=0.7356]Trial 24 Ep1:   5%|█████▋                                                                                                         | 4/78 [00:06<01:41,  1.37s/it, loss=0.7384]Trial 24 Ep1:   6%|███████                                                                                                        | 5/78 [00:06<01:23,  1.15s/it, loss=0.7384]Trial 24 Ep1:   6%|███████                                                                                                        | 5/78 [00:06<01:23,  1.15s/it, loss=0.7118]Trial 24 Ep1:   8%|████████▌                                                                                                      | 6/78 [00:06<01:11,  1.01it/s, loss=0.7118]Trial 24 Ep1:   8%|████████▌                                                                                                      | 6/78 [00:07<01:11,  1.01it/s, loss=0.6614]Trial 24 Ep1:   9%|█████████▉                                                                                                     | 7/78 [00:07<01:02,  1.13it/s, loss=0.6614]Trial 24 Ep1:   9%|█████████▉                                                                                                     | 7/78 [00:08<01:02,  1.13it/s, loss=0.7482]Trial 24 Ep1:  10%|███████████▍                                                                                                   | 8/78 [00:08<00:57,  1.21it/s, loss=0.7482]Trial 24 Ep1:  10%|███████████▍                                                                                                   | 8/78 [00:08<00:57,  1.21it/s, loss=0.7200]Trial 24 Ep1:  12%|████████████▊                                                                                                  | 9/78 [00:08<00:54,  1.27it/s, loss=0.7200]Trial 24 Ep1:  12%|████████████▊                                                                                                  | 9/78 [00:09<00:54,  1.27it/s, loss=0.6887]Trial 24 Ep1:  13%|██████████████                                                                                                | 10/78 [00:09<00:51,  1.32it/s, loss=0.6887]Trial 24 Ep1:  13%|██████████████                                                                                                | 10/78 [00:10<00:51,  1.32it/s, loss=0.7550]Trial 24 Ep1:  14%|███████████████▌                                                                                              | 11/78 [00:10<00:47,  1.40it/s, loss=0.7550]Trial 24 Ep1:  14%|███████████████▌                                                                                              | 11/78 [00:10<00:47,  1.40it/s, loss=0.7571]Trial 24 Ep1:  15%|████████████████▉                                                                                             | 12/78 [00:10<00:45,  1.45it/s, loss=0.7571]Trial 24 Ep1:  15%|████████████████▉                                                                                             | 12/78 [00:11<00:45,  1.45it/s, loss=0.6865]Trial 24 Ep1:  17%|██████████████████▎                                                                                           | 13/78 [00:11<00:45,  1.43it/s, loss=0.6865]Trial 24 Ep1:  17%|██████████████████▎                                                                                           | 13/78 [00:12<00:45,  1.43it/s, loss=0.7858]Trial 24 Ep1:  18%|███████████████████▋                                                                                          | 14/78 [00:12<00:44,  1.44it/s, loss=0.7858]Trial 24 Ep1:  18%|███████████████████▋                                                                                          | 14/78 [00:12<00:44,  1.44it/s, loss=0.6859]Trial 24 Ep1:  19%|█████████████████████▏                                                                                        | 15/78 [00:12<00:42,  1.49it/s, loss=0.6859]Trial 24 Ep1:  19%|█████████████████████▏                                                                                        | 15/78 [00:13<00:42,  1.49it/s, loss=0.6781]Trial 24 Ep1:  21%|██████████████████████▌                                                                                       | 16/78 [00:13<00:44,  1.38it/s, loss=0.6781]Trial 24 Ep1:  21%|██████████████████████▌                                                                                       | 16/78 [00:14<00:44,  1.38it/s, loss=0.6379]Trial 24 Ep1:  22%|███████████████████████▉                                                                                      | 17/78 [00:14<00:43,  1.39it/s, loss=0.6379]Trial 24 Ep1:  22%|███████████████████████▉                                                                                      | 17/78 [00:14<00:43,  1.39it/s, loss=0.7880]Trial 24 Ep1:  23%|█████████████████████████▍                                                                                    | 18/78 [00:14<00:41,  1.46it/s, loss=0.7880]Trial 24 Ep1:  23%|█████████████████████████▍                                                                                    | 18/78 [00:15<00:41,  1.46it/s, loss=0.7235]Trial 24 Ep1:  24%|██████████████████████████▊                                                                                   | 19/78 [00:15<00:40,  1.47it/s, loss=0.7235]Trial 24 Ep1:  24%|██████████████████████████▊                                                                                   | 19/78 [00:16<00:40,  1.47it/s, loss=0.7135]Trial 24 Ep1:  26%|████████████████████████████▏                                                                                 | 20/78 [00:16<00:38,  1.51it/s, loss=0.7135]Trial 24 Ep1:  26%|████████████████████████████▏                                                                                 | 20/78 [00:16<00:38,  1.51it/s, loss=0.7389]Trial 24 Ep1:  27%|█████████████████████████████▌                                                                                | 21/78 [00:16<00:38,  1.47it/s, loss=0.7389]Trial 24 Ep1:  27%|█████████████████████████████▌                                                                                | 21/78 [00:17<00:38,  1.47it/s, loss=0.6801]Trial 24 Ep1:  28%|███████████████████████████████                                                                               | 22/78 [00:17<00:37,  1.51it/s, loss=0.6801]Trial 24 Ep1:  28%|███████████████████████████████                                                                               | 22/78 [00:18<00:37,  1.51it/s, loss=0.6780]Trial 24 Ep1:  29%|████████████████████████████████▍                                                                             | 23/78 [00:18<00:37,  1.45it/s, loss=0.6780]Trial 24 Ep1:  29%|████████████████████████████████▍                                                                             | 23/78 [00:19<00:37,  1.45it/s, loss=0.7354]Trial 24 Ep1:  31%|█████████████████████████████████▊                                                                            | 24/78 [00:19<00:36,  1.47it/s, loss=0.7354]Trial 24 Ep1:  31%|█████████████████████████████████▊                                                                            | 24/78 [00:19<00:36,  1.47it/s, loss=0.7015]Trial 24 Ep1:  32%|███████████████████████████████████▎                                                                          | 25/78 [00:19<00:35,  1.48it/s, loss=0.7015]Trial 24 Ep1:  32%|███████████████████████████████████▎                                                                          | 25/78 [00:20<00:35,  1.48it/s, loss=0.7742]Trial 24 Ep1:  33%|████████████████████████████████████▋                                                                         | 26/78 [00:20<00:35,  1.48it/s, loss=0.7742]Trial 24 Ep1:  33%|████████████████████████████████████▋                                                                         | 26/78 [00:21<00:35,  1.48it/s, loss=0.7352]Trial 24 Ep1:  35%|██████████████████████████████████████                                                                        | 27/78 [00:21<00:34,  1.50it/s, loss=0.7352]Trial 24 Ep1:  35%|██████████████████████████████████████                                                                        | 27/78 [00:21<00:34,  1.50it/s, loss=0.6228]Trial 24 Ep1:  36%|███████████████████████████████████████▍                                                                      | 28/78 [00:21<00:33,  1.50it/s, loss=0.6228]Trial 24 Ep1:  36%|███████████████████████████████████████▍                                                                      | 28/78 [00:22<00:33,  1.50it/s, loss=0.7471]Trial 24 Ep1:  37%|████████████████████████████████████████▉                                                                     | 29/78 [00:22<00:32,  1.50it/s, loss=0.7471]Trial 24 Ep1:  37%|████████████████████████████████████████▉                                                                     | 29/78 [00:22<00:32,  1.50it/s, loss=0.6384]Trial 24 Ep1:  38%|██████████████████████████████████████████▎                                                                   | 30/78 [00:22<00:31,  1.52it/s, loss=0.6384]Trial 24 Ep1:  38%|██████████████████████████████████████████▎                                                                   | 30/78 [00:23<00:31,  1.52it/s, loss=0.7123]Trial 24 Ep1:  40%|███████████████████████████████████████████▋                                                                  | 31/78 [00:23<00:30,  1.56it/s, loss=0.7123]Trial 24 Ep1:  40%|███████████████████████████████████████████▋                                                                  | 31/78 [00:24<00:30,  1.56it/s, loss=0.8095]Trial 24 Ep1:  41%|█████████████████████████████████████████████▏                                                                | 32/78 [00:24<00:29,  1.54it/s, loss=0.8095]Trial 24 Ep1:  41%|█████████████████████████████████████████████▏                                                                | 32/78 [00:25<00:29,  1.54it/s, loss=0.6996]Trial 24 Ep1:  42%|██████████████████████████████████████████████▌                                                               | 33/78 [00:25<00:33,  1.36it/s, loss=0.6996]Trial 24 Ep1:  42%|██████████████████████████████████████████████▌                                                               | 33/78 [00:25<00:33,  1.36it/s, loss=0.7320]Trial 24 Ep1:  44%|███████████████████████████████████████████████▉                                                              | 34/78 [00:25<00:32,  1.35it/s, loss=0.7320]Trial 24 Ep1:  44%|███████████████████████████████████████████████▉                                                              | 34/78 [00:26<00:32,  1.35it/s, loss=0.7410]Trial 24 Ep1:  45%|█████████████████████████████████████████████████▎                                                            | 35/78 [00:26<00:31,  1.38it/s, loss=0.7410]Trial 24 Ep1:  45%|█████████████████████████████████████████████████▎                                                            | 35/78 [00:27<00:31,  1.38it/s, loss=0.6438]Trial 24 Ep1:  46%|██████████████████████████████████████████████████▊                                                           | 36/78 [00:27<00:30,  1.38it/s, loss=0.6438]Trial 24 Ep1:  46%|██████████████████████████████████████████████████▊                                                           | 36/78 [00:27<00:30,  1.38it/s, loss=0.8612]Trial 24 Ep1:  47%|████████████████████████████████████████████████████▏                                                         | 37/78 [00:27<00:28,  1.44it/s, loss=0.8612]Trial 24 Ep1:  47%|████████████████████████████████████████████████████▏                                                         | 37/78 [00:28<00:28,  1.44it/s, loss=0.7070]Trial 24 Ep1:  49%|█████████████████████████████████████████████████████▌                                                        | 38/78 [00:28<00:28,  1.42it/s, loss=0.7070]Trial 24 Ep1:  49%|█████████████████████████████████████████████████████▌                                                        | 38/78 [00:29<00:28,  1.42it/s, loss=0.7300]Trial 24 Ep1:  50%|███████████████████████████████████████████████████████                                                       | 39/78 [00:29<00:27,  1.44it/s, loss=0.7300]Trial 24 Ep1:  50%|███████████████████████████████████████████████████████                                                       | 39/78 [00:30<00:27,  1.44it/s, loss=0.7289]Trial 24 Ep1:  51%|████████████████████████████████████████████████████████▍                                                     | 40/78 [00:30<00:27,  1.39it/s, loss=0.7289]Trial 24 Ep1:  51%|████████████████████████████████████████████████████████▍                                                     | 40/78 [00:30<00:27,  1.39it/s, loss=0.6981]Trial 24 Ep1:  53%|█████████████████████████████████████████████████████████▊                                                    | 41/78 [00:30<00:26,  1.39it/s, loss=0.6981]Trial 24 Ep1:  53%|█████████████████████████████████████████████████████████▊                                                    | 41/78 [00:31<00:26,  1.39it/s, loss=0.7272]Trial 24 Ep1:  54%|███████████████████████████████████████████████████████████▏                                                  | 42/78 [00:31<00:25,  1.44it/s, loss=0.7272]Trial 24 Ep1:  54%|███████████████████████████████████████████████████████████▏                                                  | 42/78 [00:32<00:25,  1.44it/s, loss=0.7595]Trial 24 Ep1:  55%|████████████████████████████████████████████████████████████▋                                                 | 43/78 [00:32<00:25,  1.39it/s, loss=0.7595]Trial 24 Ep1:  55%|████████████████████████████████████████████████████████████▋                                                 | 43/78 [00:33<00:25,  1.39it/s, loss=0.8159]Trial 24 Ep1:  56%|██████████████████████████████████████████████████████████████                                                | 44/78 [00:33<00:24,  1.38it/s, loss=0.8159]Trial 24 Ep1:  56%|██████████████████████████████████████████████████████████████                                                | 44/78 [00:33<00:24,  1.38it/s, loss=0.7004]Trial 24 Ep1:  58%|███████████████████████████████████████████████████████████████▍                                              | 45/78 [00:33<00:23,  1.42it/s, loss=0.7004]Trial 24 Ep1:  58%|███████████████████████████████████████████████████████████████▍                                              | 45/78 [00:34<00:23,  1.42it/s, loss=0.7730]Trial 24 Ep1:  59%|████████████████████████████████████████████████████████████████▊                                             | 46/78 [00:34<00:22,  1.44it/s, loss=0.7730]Trial 24 Ep1:  59%|████████████████████████████████████████████████████████████████▊                                             | 46/78 [00:35<00:22,  1.44it/s, loss=0.8279]Trial 24 Ep1:  60%|██████████████████████████████████████████████████████████████████▎                                           | 47/78 [00:35<00:21,  1.44it/s, loss=0.8279]Trial 24 Ep1:  60%|██████████████████████████████████████████████████████████████████▎                                           | 47/78 [00:35<00:21,  1.44it/s, loss=0.6725]Trial 24 Ep1:  62%|███████████████████████████████████████████████████████████████████▋                                          | 48/78 [00:35<00:21,  1.42it/s, loss=0.6725]Trial 24 Ep1:  62%|███████████████████████████████████████████████████████████████████▋                                          | 48/78 [00:36<00:21,  1.42it/s, loss=0.7754]Trial 24 Ep1:  63%|█████████████████████████████████████████████████████████████████████                                         | 49/78 [00:36<00:21,  1.33it/s, loss=0.7754]Trial 24 Ep1:  63%|█████████████████████████████████████████████████████████████████████                                         | 49/78 [00:37<00:21,  1.33it/s, loss=0.7958]Trial 24 Ep1:  64%|██████████████████████████████████████████████████████████████████████▌                                       | 50/78 [00:37<00:20,  1.39it/s, loss=0.7958]Trial 24 Ep1:  64%|██████████████████████████████████████████████████████████████████████▌                                       | 50/78 [00:37<00:20,  1.39it/s, loss=0.7504]Trial 24 Ep1:  65%|███████████████████████████████████████████████████████████████████████▉                                      | 51/78 [00:37<00:18,  1.43it/s, loss=0.7504]Trial 24 Ep1:  65%|███████████████████████████████████████████████████████████████████████▉                                      | 51/78 [00:38<00:18,  1.43it/s, loss=0.8115]Trial 24 Ep1:  67%|█████████████████████████████████████████████████████████████████████████▎                                    | 52/78 [00:38<00:17,  1.46it/s, loss=0.8115]Trial 24 Ep1:  67%|█████████████████████████████████████████████████████████████████████████▎                                    | 52/78 [00:39<00:17,  1.46it/s, loss=0.6446]Trial 24 Ep1:  68%|██████████████████████████████████████████████████████████████████████████▋                                   | 53/78 [00:39<00:17,  1.45it/s, loss=0.6446]Trial 24 Ep1:  68%|██████████████████████████████████████████████████████████████████████████▋                                   | 53/78 [00:39<00:17,  1.45it/s, loss=0.8268]Trial 24 Ep1:  69%|████████████████████████████████████████████████████████████████████████████▏                                 | 54/78 [00:39<00:16,  1.44it/s, loss=0.8268]Trial 24 Ep1:  69%|████████████████████████████████████████████████████████████████████████████▏                                 | 54/78 [00:40<00:16,  1.44it/s, loss=0.6748]Trial 24 Ep1:  71%|█████████████████████████████████████████████████████████████████████████████▌                                | 55/78 [00:40<00:16,  1.40it/s, loss=0.6748]Trial 24 Ep1:  71%|█████████████████████████████████████████████████████████████████████████████▌                                | 55/78 [00:41<00:16,  1.40it/s, loss=0.7231]Trial 24 Ep1:  72%|██████████████████████████████████████████████████████████████████████████████▉                               | 56/78 [00:41<00:15,  1.40it/s, loss=0.7231]Trial 24 Ep1:  72%|██████████████████████████████████████████████████████████████████████████████▉                               | 56/78 [00:42<00:15,  1.40it/s, loss=0.9151]Trial 24 Ep1:  73%|████████████████████████████████████████████████████████████████████████████████▍                             | 57/78 [00:42<00:15,  1.36it/s, loss=0.9151]Trial 24 Ep1:  73%|████████████████████████████████████████████████████████████████████████████████▍                             | 57/78 [00:42<00:15,  1.36it/s, loss=0.7734]Trial 24 Ep1:  74%|█████████████████████████████████████████████████████████████████████████████████▊                            | 58/78 [00:42<00:14,  1.38it/s, loss=0.7734]Trial 24 Ep1:  74%|█████████████████████████████████████████████████████████████████████████████████▊                            | 58/78 [00:43<00:14,  1.38it/s, loss=0.7557]Trial 24 Ep1:  76%|███████████████████████████████████████████████████████████████████████████████████▏                          | 59/78 [00:43<00:13,  1.39it/s, loss=0.7557]Trial 24 Ep1:  76%|███████████████████████████████████████████████████████████████████████████████████▏                          | 59/78 [00:44<00:13,  1.39it/s, loss=0.6930]Trial 24 Ep1:  77%|████████████████████████████████████████████████████████████████████████████████████▌                         | 60/78 [00:44<00:13,  1.32it/s, loss=0.6930]Trial 24 Ep1:  77%|████████████████████████████████████████████████████████████████████████████████████▌                         | 60/78 [00:45<00:13,  1.32it/s, loss=0.7024]Trial 24 Ep1:  78%|██████████████████████████████████████████████████████████████████████████████████████                        | 61/78 [00:45<00:12,  1.35it/s, loss=0.7024]Trial 24 Ep1:  78%|██████████████████████████████████████████████████████████████████████████████████████                        | 61/78 [00:45<00:12,  1.35it/s, loss=0.6800]Trial 24 Ep1:  79%|███████████████████████████████████████████████████████████████████████████████████████▍                      | 62/78 [00:45<00:11,  1.35it/s, loss=0.6800]Trial 24 Ep1:  79%|███████████████████████████████████████████████████████████████████████████████████████▍                 