Trial 4 Ep3:   0%|                                                                                                                                     | 0/78 [00:00<?, ?it/s]Trial 4 Ep3:   0%|                                                                                                                        | 0/78 [00:00<?, ?it/s, loss=0.7726]Trial 4 Ep3:   1%|█▍                                                                                                              | 1/78 [00:00<00:58,  1.32it/s, loss=0.7726]Trial 4 Ep3:   1%|█▍                                                                                                              | 1/78 [00:01<00:58,  1.32it/s, loss=0.8960]Trial 4 Ep3:   3%|██▊                                                                                                             | 2/78 [00:01<00:58,  1.30it/s, loss=0.8960]Trial 4 Ep3:   3%|██▊                                                                                                             | 2/78 [00:02<00:58,  1.30it/s, loss=0.8454]Trial 4 Ep3:   4%|████▎                                                                                                           | 3/78 [00:02<00:54,  1.37it/s, loss=0.8454]Trial 4 Ep3:   4%|████▎                                                                                                           | 3/78 [00:02<00:54,  1.37it/s, loss=1.0816]Trial 4 Ep3:   5%|█████▋                                                                                                          | 4/78 [00:02<00:51,  1.45it/s, loss=1.0816]Trial 4 Ep3:   5%|█████▋                                                                                                          | 4/78 [00:03<00:51,  1.45it/s, loss=0.9010]Trial 4 Ep3:   6%|███████▏                                                                                                        | 5/78 [00:03<00:50,  1.44it/s, loss=0.9010]Trial 4 Ep3:   6%|███████▏                                                                                                        | 5/78 [00:04<00:50,  1.44it/s, loss=0.8554]Trial 4 Ep3:   8%|████████▌                                                                                                       | 6/78 [00:04<00:50,  1.44it/s, loss=0.8554]Trial 4 Ep3:   8%|████████▌                                                                                                       | 6/78 [00:05<00:50,  1.44it/s, loss=0.7628]Trial 4 Ep3:   9%|██████████                                                                                                      | 7/78 [00:05<00:54,  1.30it/s, loss=0.7628]Trial 4 Ep3:   9%|██████████                                                                                                      | 7/78 [00:05<00:54,  1.30it/s, loss=0.7723]Trial 4 Ep3:  10%|███████████▍                                                                                                    | 8/78 [00:05<00:53,  1.32it/s, loss=0.7723]Trial 4 Ep3:  10%|███████████▍                                                                                                    | 8/78 [00:06<00:53,  1.32it/s, loss=0.7543]Trial 4 Ep3:  12%|████████████▉                                                                                                   | 9/78 [00:06<00:51,  1.34it/s, loss=0.7543]Trial 4 Ep3:  12%|████████████▉                                                                                                   | 9/78 [00:07<00:51,  1.34it/s, loss=1.3050]Trial 4 Ep3:  13%|██████████████▏                                                                                                | 10/78 [00:07<00:51,  1.32it/s, loss=1.3050]Trial 4 Ep3:  13%|██████████████▏                                                                                                | 10/78 [00:08<00:51,  1.32it/s, loss=0.6716]Trial 4 Ep3:  14%|███████████████▋                                                                                               | 11/78 [00:08<00:49,  1.34it/s, loss=0.6716]Trial 4 Ep3:  14%|███████████████▋                                                                                               | 11/78 [00:08<00:49,  1.34it/s, loss=1.2445]Trial 4 Ep3:  15%|█████████████████                                                                                              | 12/78 [00:08<00:48,  1.37it/s, loss=1.2445]Trial 4 Ep3:  15%|█████████████████                                                                                              | 12/78 [00:09<00:48,  1.37it/s, loss=1.0262]Trial 4 Ep3:  17%|██████████████████▌                                                                                            | 13/78 [00:09<00:49,  1.32it/s, loss=1.0262]Trial 4 Ep3:  17%|██████████████████▌                                                                                            | 13/78 [00:10<00:49,  1.32it/s, loss=0.8412]Trial 4 Ep3:  18%|███████████████████▉                                                                                           | 14/78 [00:10<00:46,  1.37it/s, loss=0.8412]Trial 4 Ep3:  18%|███████████████████▉                                                                                           | 14/78 [00:10<00:46,  1.37it/s, loss=1.4313]Trial 4 Ep3:  19%|█████████████████████▎                                                                                         | 15/78 [00:10<00:43,  1.45it/s, loss=1.4313]Trial 4 Ep3:  19%|█████████████████████▎                                                                                         | 15/78 [00:11<00:43,  1.45it/s, loss=0.7469]Trial 4 Ep3:  21%|██████████████████████▊                                                                                        | 16/78 [00:11<00:41,  1.48it/s, loss=0.7469]Trial 4 Ep3:  21%|██████████████████████▊                                                                                        | 16/78 [00:12<00:41,  1.48it/s, loss=0.9127]Trial 4 Ep3:  22%|████████████████████████▏                                                                                      | 17/78 [00:12<00:42,  1.43it/s, loss=0.9127]Trial 4 Ep3:  22%|████████████████████████▏                                                                                      | 17/78 [00:13<00:42,  1.43it/s, loss=0.9363]Trial 4 Ep3:  23%|█████████████████████████▌                                                                                     | 18/78 [00:13<00:42,  1.41it/s, loss=0.9363]Trial 4 Ep3:  23%|█████████████████████████▌                                                                                     | 18/78 [00:13<00:42,  1.41it/s, loss=0.8409]Trial 4 Ep3:  24%|███████████████████████████                                                                                    | 19/78 [00:13<00:41,  1.43it/s, loss=0.8409]Trial 4 Ep3:  24%|███████████████████████████                                                                                    | 19/78 [00:14<00:41,  1.43it/s, loss=0.9332]Trial 4 Ep3:  26%|████████████████████████████▍                                                                                  | 20/78 [00:14<00:41,  1.38it/s, loss=0.9332]Trial 4 Ep3:  26%|████████████████████████████▍                                                                                  | 20/78 [00:15<00:41,  1.38it/s, loss=0.7620]Trial 4 Ep3:  27%|█████████████████████████████▉                                                                                 | 21/78 [00:15<00:39,  1.45it/s, loss=0.7620]Trial 4 Ep3:  27%|█████████████████████████████▉                                                                                 | 21/78 [00:15<00:39,  1.45it/s, loss=0.9687]Trial 4 Ep3:  28%|███████████████████████████████▎                                                                               | 22/78 [00:15<00:41,  1.35it/s, loss=0.9687]Trial 4 Ep3:  28%|███████████████████████████████▎                                                                               | 22/78 [00:16<00:41,  1.35it/s, loss=0.7036]Trial 4 Ep3:  29%|████████████████████████████████▋                                                                              | 23/78 [00:16<00:40,  1.35it/s, loss=0.7036]Trial 4 Ep3:  29%|████████████████████████████████▋                                                                              | 23/78 [00:17<00:40,  1.35it/s, loss=0.8265]Trial 4 Ep3:  31%|██████████████████████████████████▏                                                                            | 24/78 [00:17<00:40,  1.35it/s, loss=0.8265]Trial 4 Ep3:  31%|██████████████████████████████████▏                                                                            | 24/78 [00:18<00:40,  1.35it/s, loss=0.8240]Trial 4 Ep3:  32%|███████████████████████████████████▌                                                                           | 25/78 [00:18<00:40,  1.32it/s, loss=0.8240]Trial 4 Ep3:  32%|███████████████████████████████████▌                                                                           | 25/78 [00:18<00:40,  1.32it/s, loss=0.7740]Trial 4 Ep3:  33%|█████████████████████████████████████                                                                          | 26/78 [00:18<00:37,  1.39it/s, loss=0.7740]Trial 4 Ep3:  33%|█████████████████████████████████████                                                                          | 26/78 [00:19<00:37,  1.39it/s, loss=0.7593]Trial 4 Ep3:  35%|██████████████████████████████████████▍                                                                        | 27/78 [00:19<00:35,  1.43it/s, loss=0.7593]Trial 4 Ep3:  35%|██████████████████████████████████████▍                                                                        | 27/78 [00:20<00:35,  1.43it/s, loss=0.6926]Trial 4 Ep3:  36%|███████████████████████████████████████▊                                                                       | 28/78 [00:20<00:35,  1.42it/s, loss=0.6926]Trial 4 Ep3:  36%|███████████████████████████████████████▊                                                                       | 28/78 [00:20<00:35,  1.42it/s, loss=0.6937]Trial 4 Ep3:  37%|█████████████████████████████████████████▎                                                                     | 29/78 [00:20<00:33,  1.45it/s, loss=0.6937]Trial 4 Ep3:  37%|█████████████████████████████████████████▎                                                                     | 29/78 [00:21<00:33,  1.45it/s, loss=0.7666]Trial 4 Ep3:  38%|██████████████████████████████████████████▋                                                                    | 30/78 [00:21<00:36,  1.33it/s, loss=0.7666]Trial 4 Ep3:  38%|██████████████████████████████████████████▋                                                                    | 30/78 [00:22<00:36,  1.33it/s, loss=1.2892]Trial 4 Ep3:  40%|████████████████████████████████████████████                                                                   | 31/78 [00:22<00:34,  1.37it/s, loss=1.2892]Trial 4 Ep3:  40%|████████████████████████████████████████████                                                                   | 31/78 [00:23<00:34,  1.37it/s, loss=0.8866]Trial 4 Ep3:  41%|█████████████████████████████████████████████▌                                                                 | 32/78 [00:23<00:34,  1.35it/s, loss=0.8866]Trial 4 Ep3:  41%|█████████████████████████████████████████████▌                                                                 | 32/78 [00:23<00:34,  1.35it/s, loss=0.8753]Trial 4 Ep3:  42%|██████████████████████████████████████████████▉                                                                | 33/78 [00:23<00:31,  1.41it/s, loss=0.8753]Trial 4 Ep3:  42%|██████████████████████████████████████████████▉                                                                | 33/78 [00:24<00:31,  1.41it/s, loss=1.1874]Trial 4 Ep3:  44%|████████████████████████████████████████████████▍                                                              | 34/78 [00:24<00:31,  1.40it/s, loss=1.1874]Trial 4 Ep3:  44%|████████████████████████████████████████████████▍                                                              | 34/78 [00:25<00:31,  1.40it/s, loss=0.6736]Trial 4 Ep3:  45%|█████████████████████████████████████████████████▊                                                             | 35/78 [00:25<00:29,  1.43it/s, loss=0.6736]Trial 4 Ep3:  45%|█████████████████████████████████████████████████▊                                                             | 35/78 [00:25<00:29,  1.43it/s, loss=0.8260]Trial 4 Ep3:  46%|███████████████████████████████████████████████████▏                                                           | 36/78 [00:25<00:28,  1.46it/s, loss=0.8260]Trial 4 Ep3:  46%|███████████████████████████████████████████████████▏                                                           | 36/78 [00:26<00:28,  1.46it/s, loss=0.8216]Trial 4 Ep3:  47%|████████████████████████████████████████████████████▋                                                          | 37/78 [00:26<00:28,  1.45it/s, loss=0.8216]Trial 4 Ep3:  47%|████████████████████████████████████████████████████▋                                                          | 37/78 [00:27<00:28,  1.45it/s, loss=0.8311]Trial 4 Ep3:  49%|██████████████████████████████████████████████████████                                                         | 38/78 [00:27<00:28,  1.42it/s, loss=0.8311]Trial 4 Ep3:  49%|██████████████████████████████████████████████████████                                                         | 38/78 [00:28<00:28,  1.42it/s, loss=0.7828]Trial 4 Ep3:  50%|███████████████████████████████████████████████████████▌                                                       | 39/78 [00:28<00:28,  1.37it/s, loss=0.7828]Trial 4 Ep3:  50%|███████████████████████████████████████████████████████▌                                                       | 39/78 [00:28<00:28,  1.37it/s, loss=0.8805]Trial 4 Ep3:  51%|████████████████████████████████████████████████████████▉                                                      | 40/78 [00:28<00:27,  1.40it/s, loss=0.8805]Trial 4 Ep3:  51%|████████████████████████████████████████████████████████▉                                                      | 40/78 [00:29<00:27,  1.40it/s, loss=0.8293]Trial 4 Ep3:  53%|██████████████████████████████████████████████████████████▎                                                    | 41/78 [00:29<00:26,  1.37it/s, loss=0.8293]Trial 4 Ep3:  53%|██████████████████████████████████████████████████████████▎                                                    | 41/78 [00:30<00:26,  1.37it/s, loss=0.7606]Trial 4 Ep3:  54%|███████████████████████████████████████████████████████████▊                                                   | 42/78 [00:30<00:26,  1.38it/s, loss=0.7606]Trial 4 Ep3:  54%|███████████████████████████████████████████████████████████▊                                                   | 42/78 [00:30<00:26,  1.38it/s, loss=0.7410]Trial 4 Ep3:  55%|█████████████████████████████████████████████████████████████▏                                                 | 43/78 [00:30<00:24,  1.40it/s, loss=0.7410]Trial 4 Ep3:  55%|█████████████████████████████████████████████████████████████▏                                                 | 43/78 [00:31<00:24,  1.40it/s, loss=0.8615]Trial 4 Ep3:  56%|██████████████████████████████████████████████████████████████▌                                                | 44/78 [00:31<00:24,  1.39it/s, loss=0.8615]Trial 4 Ep3:  56%|██████████████████████████████████████████████████████████████▌                                                | 44/78 [00:32<00:24,  1.39it/s, loss=0.9635]Trial 4 Ep3:  58%|████████████████████████████████████████████████████████████████                                               | 45/78 [00:32<00:24,  1.37it/s, loss=0.9635]Trial 4 Ep3:  58%|████████████████████████████████████████████████████████████████                                               | 45/78 [00:33<00:24,  1.37it/s, loss=0.7727]Trial 4 Ep3:  59%|█████████████████████████████████████████████████████████████████▍                                             | 46/78 [00:33<00:22,  1.40it/s, loss=0.7727]Trial 4 Ep3:  59%|█████████████████████████████████████████████████████████████████▍                                             | 46/78 [00:33<00:22,  1.40it/s, loss=1.2331]Trial 4 Ep3:  60%|██████████████████████████████████████████████████████████████████▉                                            | 47/78 [00:33<00:22,  1.38it/s, loss=1.2331]Trial 4 Ep3:  60%|██████████████████████████████████████████████████████████████████▉                                            | 47/78 [00:34<00:22,  1.38it/s, loss=0.7209]Trial 4 Ep3:  62%|████████████████████████████████████████████████████████████████████▎                                          | 48/78 [00:34<00:21,  1.41it/s, loss=0.7209]Trial 4 Ep3:  62%|████████████████████████████████████████████████████████████████████▎                                          | 48/78 [00:35<00:21,  1.41it/s, loss=1.0013]Trial 4 Ep3:  63%|█████████████████████████████████████████████████████████████████████▋                                         | 49/78 [00:35<00:20,  1.41it/s, loss=1.0013]Trial 4 Ep3:  63%|█████████████████████████████████████████████████████████████████████▋                                         | 49/78 [00:35<00:20,  1.41it/s, loss=0.7860]Trial 4 Ep3:  64%|███████████████████████████████████████████████████████████████████████▏                                       | 50/78 [00:35<00:19,  1.43it/s, loss=0.7860]Trial 4 Ep3:  64%|███████████████████████████████████████████████████████████████████████▏                                       | 50/78 [00:36<00:19,  1.43it/s, loss=1.1170]Trial 4 Ep3:  65%|████████████████████████████████████████████████████████████████████████▌                                      | 51/78 [00:36<00:19,  1.39it/s, loss=1.1170]Trial 4 Ep3:  65%|████████████████████████████████████████████████████████████████████████▌                                      | 51/78 [00:37<00:19,  1.39it/s, loss=0.6992]Trial 4 Ep3:  67%|██████████████████████████████████████████████████████████████████████████                                     | 52/78 [00:37<00:19,  1.33it/s, loss=0.6992]Trial 4 Ep3:  67%|██████████████████████████████████████████████████████████████████████████                                     | 52/78 [00:38<00:19,  1.33it/s, loss=0.9453]Trial 4 Ep3:  68%|███████████████████████████████████████████████████████████████████████████▍                                   | 53/78 [00:38<00:17,  1.42it/s, loss=0.9453]Trial 4 Ep3:  68%|███████████████████████████████████████████████████████████████████████████▍                                   | 53/78 [00:38<00:17,  1.42it/s, loss=1.0906]Trial 4 Ep3:  69%|████████████████████████████████████████████████████████████████████████████▊                                  | 54/78 [00:38<00:17,  1.38it/s, loss=1.0906]Trial 4 Ep3:  69%|████████████████████████████████████████████████████████████████████████████▊                                  | 54/78 [00:39<00:17,  1.38it/s, loss=0.7779]Trial 4 Ep3:  71%|██████████████████████████████████████████████████████████████████████████████▎                                | 55/78 [00:39<00:16,  1.40it/s, loss=0.7779]Trial 4 Ep3:  71%|██████████████████████████████████████████████████████████████████████████████▎                                | 55/78 [00:40<00:16,  1.40it/s, loss=0.8321]Trial 4 Ep3:  72%|███████████████████████████████████████████████████████████████████████████████▋                               | 56/78 [00:40<00:15,  1.44it/s, loss=0.8321]Trial 4 Ep3:  72%|███████████████████████████████████████████████████████████████████████████████▋                               | 56/78 [00:41<00:15,  1.44it/s, loss=0.8700]Trial 4 Ep3:  73%|█████████████████████████████████████████████████████████████████████████████████                              | 57/78 [00:41<00:15,  1.40it/s, loss=0.8700]Trial 4 Ep3:  73%|█████████████████████████████████████████████████████████████████████████████████                              | 57/78 [00:41<00:15,  1.40it/s, loss=0.6272]Trial 4 Ep3:  74%|██████████████████████████████████████████████████████████████████████████████████▌                            | 58/78 [00:41<00:14,  1.43it/s, loss=0.6272]Trial 4 Ep3:  74%|██████████████████████████████████████████████████████████████████████████████████▌                            | 58/78 [00:42<00:14,  1.43it/s, loss=0.7052]Trial 4 Ep3:  76%|███████████████████████████████████████████████████████████████████████████████████▉                           | 59/78 [00:42<00:13,  1.46it/s, loss=0.7052]Trial 4 Ep3:  76%|███████████████████████████████████████████████████████████████████████████████████▉                           | 59/78 [00:43<00:13,  1.46it/s, loss=0.7677]Trial 4 Ep3:  77%|█████████████████████████████████████████████████████████████████████████████████████▍                         | 60/78 [00:43<00:12,  1.42it/s, loss=0.7677]Trial 4 Ep3:  77%|█████████████████████████████████████████████████████████████████████████████████████▍                         | 60/78 [00:43<00:12,  1.42it/s, loss=0.7704]Trial 4 Ep3:  78%|██████████████████████████████████████████████████████████████████████████████████████▊                        | 61/78 [00:43<00:12,  1.33it/s, loss=0.7704]Trial 4 Ep3:  78%|██████████████████████████████████████████████████████████████████████████████████████▊                        | 61/78 [00:44<00:12,  1.33it/s, loss=0.8537]Trial 4 Ep3:  79%|████████████████████████████████████████████████████████████████████████████████████████▏                      | 62/78 [00:44<00:11,  1.35it/s, loss=0.8537]Trial 4 Ep3:  79%|████████████████████████████████████████████████████████████████████████████████████████▏                 