Trial 8 Ep4:   0%|                                                                                                                                     | 0/78 [00:00<?, ?it/s]Trial 8 Ep4:   0%|                                                                                                                        | 0/78 [00:00<?, ?it/s, loss=0.7123]Trial 8 Ep4:   1%|█▍                                                                                                              | 1/78 [00:00<00:57,  1.34it/s, loss=0.7123]Trial 8 Ep4:   1%|█▍                                                                                                              | 1/78 [00:01<00:57,  1.34it/s, loss=0.6942]Trial 8 Ep4:   3%|██▊                                                                                                             | 2/78 [00:01<00:50,  1.51it/s, loss=0.6942]Trial 8 Ep4:   3%|██▊                                                                                                             | 2/78 [00:02<00:50,  1.51it/s, loss=0.6784]Trial 8 Ep4:   4%|████▎                                                                                                           | 3/78 [00:02<00:51,  1.45it/s, loss=0.6784]Trial 8 Ep4:   4%|████▎                                                                                                           | 3/78 [00:02<00:51,  1.45it/s, loss=0.6543]Trial 8 Ep4:   5%|█████▋                                                                                                          | 4/78 [00:02<00:55,  1.34it/s, loss=0.6543]Trial 8 Ep4:   5%|█████▋                                                                                                          | 4/78 [00:03<00:55,  1.34it/s, loss=0.6473]Trial 8 Ep4:   6%|███████▏                                                                                                        | 5/78 [00:03<00:54,  1.34it/s, loss=0.6473]Trial 8 Ep4:   6%|███████▏                                                                                                        | 5/78 [00:04<00:54,  1.34it/s, loss=0.6866]Trial 8 Ep4:   8%|████████▌                                                                                                       | 6/78 [00:04<00:53,  1.35it/s, loss=0.6866]Trial 8 Ep4:   8%|████████▌                                                                                                       | 6/78 [00:05<00:53,  1.35it/s, loss=0.7003]Trial 8 Ep4:   9%|██████████                                                                                                      | 7/78 [00:05<00:50,  1.41it/s, loss=0.7003]Trial 8 Ep4:   9%|██████████                                                                                                      | 7/78 [00:05<00:50,  1.41it/s, loss=0.7124]Trial 8 Ep4:  10%|███████████▍                                                                                                    | 8/78 [00:05<00:53,  1.32it/s, loss=0.7124]Trial 8 Ep4:  10%|███████████▍                                                                                                    | 8/78 [00:06<00:53,  1.32it/s, loss=0.8008]Trial 8 Ep4:  12%|████████████▉                                                                                                   | 9/78 [00:06<00:51,  1.34it/s, loss=0.8008]Trial 8 Ep4:  12%|████████████▉                                                                                                   | 9/78 [00:07<00:51,  1.34it/s, loss=0.6878]Trial 8 Ep4:  13%|██████████████▏                                                                                                | 10/78 [00:07<00:51,  1.33it/s, loss=0.6878]Trial 8 Ep4:  13%|██████████████▏                                                                                                | 10/78 [00:08<00:51,  1.33it/s, loss=0.7343]Trial 8 Ep4:  14%|███████████████▋                                                                                               | 11/78 [00:08<00:49,  1.35it/s, loss=0.7343]Trial 8 Ep4:  14%|███████████████▋                                                                                               | 11/78 [00:08<00:49,  1.35it/s, loss=0.6729]Trial 8 Ep4:  15%|█████████████████                                                                                              | 12/78 [00:08<00:46,  1.41it/s, loss=0.6729]Trial 8 Ep4:  15%|█████████████████                                                                                              | 12/78 [00:09<00:46,  1.41it/s, loss=0.6919]Trial 8 Ep4:  17%|██████████████████▌                                                                                            | 13/78 [00:09<00:45,  1.44it/s, loss=0.6919]Trial 8 Ep4:  17%|██████████████████▌                                                                                            | 13/78 [00:10<00:45,  1.44it/s, loss=0.7158]Trial 8 Ep4:  18%|███████████████████▉                                                                                           | 14/78 [00:10<00:44,  1.43it/s, loss=0.7158]Trial 8 Ep4:  18%|███████████████████▉                                                                                           | 14/78 [00:10<00:44,  1.43it/s, loss=0.6666]Trial 8 Ep4:  19%|█████████████████████▎                                                                                         | 15/78 [00:10<00:43,  1.45it/s, loss=0.6666]Trial 8 Ep4:  19%|█████████████████████▎                                                                                         | 15/78 [00:11<00:43,  1.45it/s, loss=0.6965]Trial 8 Ep4:  21%|██████████████████████▊                                                                                        | 16/78 [00:11<00:41,  1.49it/s, loss=0.6965]Trial 8 Ep4:  21%|██████████████████████▊                                                                                        | 16/78 [00:12<00:41,  1.49it/s, loss=0.6722]Trial 8 Ep4:  22%|████████████████████████▏                                                                                      | 17/78 [00:12<00:42,  1.44it/s, loss=0.6722]Trial 8 Ep4:  22%|████████████████████████▏                                                                                      | 17/78 [00:12<00:42,  1.44it/s, loss=0.6734]Trial 8 Ep4:  23%|█████████████████████████▌                                                                                     | 18/78 [00:12<00:41,  1.45it/s, loss=0.6734]Trial 8 Ep4:  23%|█████████████████████████▌                                                                                     | 18/78 [00:13<00:41,  1.45it/s, loss=0.7142]Trial 8 Ep4:  24%|███████████████████████████                                                                                    | 19/78 [00:13<00:43,  1.37it/s, loss=0.7142]Trial 8 Ep4:  24%|███████████████████████████                                                                                    | 19/78 [00:14<00:43,  1.37it/s, loss=0.7396]Trial 8 Ep4:  26%|████████████████████████████▍                                                                                  | 20/78 [00:14<00:40,  1.42it/s, loss=0.7396]Trial 8 Ep4:  26%|████████████████████████████▍                                                                                  | 20/78 [00:15<00:40,  1.42it/s, loss=0.7016]Trial 8 Ep4:  27%|█████████████████████████████▉                                                                                 | 21/78 [00:15<00:41,  1.39it/s, loss=0.7016]Trial 8 Ep4:  27%|█████████████████████████████▉                                                                                 | 21/78 [00:15<00:41,  1.39it/s, loss=0.6513]Trial 8 Ep4:  28%|███████████████████████████████▎                                                                               | 22/78 [00:15<00:41,  1.34it/s, loss=0.6513]Trial 8 Ep4:  28%|███████████████████████████████▎                                                                               | 22/78 [00:16<00:41,  1.34it/s, loss=0.6730]Trial 8 Ep4:  29%|████████████████████████████████▋                                                                              | 23/78 [00:16<00:40,  1.35it/s, loss=0.6730]Trial 8 Ep4:  29%|████████████████████████████████▋                                                                              | 23/78 [00:17<00:40,  1.35it/s, loss=0.6883]Trial 8 Ep4:  31%|██████████████████████████████████▏                                                                            | 24/78 [00:17<00:38,  1.42it/s, loss=0.6883]Trial 8 Ep4:  31%|██████████████████████████████████▏                                                                            | 24/78 [00:17<00:38,  1.42it/s, loss=0.6581]Trial 8 Ep4:  32%|███████████████████████████████████▌                                                                           | 25/78 [00:17<00:37,  1.42it/s, loss=0.6581]Trial 8 Ep4:  32%|███████████████████████████████████▌                                                                           | 25/78 [00:18<00:37,  1.42it/s, loss=0.7005]Trial 8 Ep4:  33%|█████████████████████████████████████                                                                          | 26/78 [00:18<00:36,  1.41it/s, loss=0.7005]Trial 8 Ep4:  33%|█████████████████████████████████████                                                                          | 26/78 [00:19<00:36,  1.41it/s, loss=0.6761]Trial 8 Ep4:  35%|██████████████████████████████████████▍                                                                        | 27/78 [00:19<00:35,  1.43it/s, loss=0.6761]Trial 8 Ep4:  35%|██████████████████████████████████████▍                                                                        | 27/78 [00:20<00:35,  1.43it/s, loss=0.6715]Trial 8 Ep4:  36%|███████████████████████████████████████▊                                                                       | 28/78 [00:20<00:36,  1.37it/s, loss=0.6715]Trial 8 Ep4:  36%|███████████████████████████████████████▊                                                                       | 28/78 [00:20<00:36,  1.37it/s, loss=0.6995]Trial 8 Ep4:  37%|█████████████████████████████████████████▎                                                                     | 29/78 [00:20<00:35,  1.39it/s, loss=0.6995]Trial 8 Ep4:  37%|█████████████████████████████████████████▎                                                                     | 29/78 [00:21<00:35,  1.39it/s, loss=0.6924]Trial 8 Ep4:  38%|██████████████████████████████████████████▋                                                                    | 30/78 [00:21<00:33,  1.43it/s, loss=0.6924]Trial 8 Ep4:  38%|██████████████████████████████████████████▋                                                                    | 30/78 [00:22<00:33,  1.43it/s, loss=0.7163]Trial 8 Ep4:  40%|████████████████████████████████████████████                                                                   | 31/78 [00:22<00:33,  1.42it/s, loss=0.7163]Trial 8 Ep4:  40%|████████████████████████████████████████████                                                                   | 31/78 [00:22<00:33,  1.42it/s, loss=0.6508]Trial 8 Ep4:  41%|█████████████████████████████████████████████▌                                                                 | 32/78 [00:22<00:33,  1.38it/s, loss=0.6508]Trial 8 Ep4:  41%|█████████████████████████████████████████████▌                                                                 | 32/78 [00:23<00:33,  1.38it/s, loss=0.7063]Trial 8 Ep4:  42%|██████████████████████████████████████████████▉                                                                | 33/78 [00:23<00:31,  1.43it/s, loss=0.7063]Trial 8 Ep4:  42%|██████████████████████████████████████████████▉                                                                | 33/78 [00:24<00:31,  1.43it/s, loss=0.7228]Trial 8 Ep4:  44%|████████████████████████████████████████████████▍                                                              | 34/78 [00:24<00:30,  1.45it/s, loss=0.7228]Trial 8 Ep4:  44%|████████████████████████████████████████████████▍                                                              | 34/78 [00:24<00:30,  1.45it/s, loss=0.6755]Trial 8 Ep4:  45%|█████████████████████████████████████████████████▊                                                             | 35/78 [00:24<00:28,  1.49it/s, loss=0.6755]Trial 8 Ep4:  45%|█████████████████████████████████████████████████▊                                                             | 35/78 [00:25<00:28,  1.49it/s, loss=0.7202]Trial 8 Ep4:  46%|███████████████████████████████████████████████████▏                                                           | 36/78 [00:25<00:30,  1.36it/s, loss=0.7202]Trial 8 Ep4:  46%|███████████████████████████████████████████████████▏                                                           | 36/78 [00:26<00:30,  1.36it/s, loss=0.6814]Trial 8 Ep4:  47%|████████████████████████████████████████████████████▋                                                          | 37/78 [00:26<00:28,  1.44it/s, loss=0.6814]Trial 8 Ep4:  47%|████████████████████████████████████████████████████▋                                                          | 37/78 [00:27<00:28,  1.44it/s, loss=0.6669]Trial 8 Ep4:  49%|██████████████████████████████████████████████████████                                                         | 38/78 [00:27<00:28,  1.39it/s, loss=0.6669]Trial 8 Ep4:  49%|██████████████████████████████████████████████████████                                                         | 38/78 [00:27<00:28,  1.39it/s, loss=0.6988]Trial 8 Ep4:  50%|███████████████████████████████████████████████████████▌                                                       | 39/78 [00:27<00:27,  1.44it/s, loss=0.6988]Trial 8 Ep4:  50%|███████████████████████████████████████████████████████▌                                                       | 39/78 [00:28<00:27,  1.44it/s, loss=0.6591]Trial 8 Ep4:  51%|████████████████████████████████████████████████████████▉                                                      | 40/78 [00:28<00:26,  1.41it/s, loss=0.6591]Trial 8 Ep4:  51%|████████████████████████████████████████████████████████▉                                                      | 40/78 [00:29<00:26,  1.41it/s, loss=0.7163]Trial 8 Ep4:  53%|██████████████████████████████████████████████████████████▎                                                    | 41/78 [00:29<00:26,  1.40it/s, loss=0.7163]Trial 8 Ep4:  53%|██████████████████████████████████████████████████████████▎                                                    | 41/78 [00:29<00:26,  1.40it/s, loss=0.7106]Trial 8 Ep4:  54%|███████████████████████████████████████████████████████████▊                                                   | 42/78 [00:29<00:24,  1.45it/s, loss=0.7106]Trial 8 Ep4:  54%|███████████████████████████████████████████████████████████▊                                                   | 42/78 [00:30<00:24,  1.45it/s, loss=0.6293]Trial 8 Ep4:  55%|█████████████████████████████████████████████████████████████▏                                                 | 43/78 [00:30<00:25,  1.36it/s, loss=0.6293]Trial 8 Ep4:  55%|█████████████████████████████████████████████████████████████▏                                                 | 43/78 [00:31<00:25,  1.36it/s, loss=0.6969]Trial 8 Ep4:  56%|██████████████████████████████████████████████████████████████▌                                                | 44/78 [00:31<00:23,  1.42it/s, loss=0.6969]Trial 8 Ep4:  56%|██████████████████████████████████████████████████████████████▌                                                | 44/78 [00:32<00:23,  1.42it/s, loss=0.6709]Trial 8 Ep4:  58%|████████████████████████████████████████████████████████████████                                               | 45/78 [00:32<00:24,  1.34it/s, loss=0.6709]Trial 8 Ep4:  58%|████████████████████████████████████████████████████████████████                                               | 45/78 [00:32<00:24,  1.34it/s, loss=0.7415]Trial 8 Ep4:  59%|█████████████████████████████████████████████████████████████████▍                                             | 46/78 [00:32<00:23,  1.39it/s, loss=0.7415]Trial 8 Ep4:  59%|█████████████████████████████████████████████████████████████████▍                                             | 46/78 [00:33<00:23,  1.39it/s, loss=0.7011]Trial 8 Ep4:  60%|██████████████████████████████████████████████████████████████████▉                                            | 47/78 [00:33<00:21,  1.42it/s, loss=0.7011]Trial 8 Ep4:  60%|██████████████████████████████████████████████████████████████████▉                                            | 47/78 [00:34<00:21,  1.42it/s, loss=0.6975]Trial 8 Ep4:  62%|████████████████████████████████████████████████████████████████████▎                                          | 48/78 [00:34<00:21,  1.41it/s, loss=0.6975]Trial 8 Ep4:  62%|████████████████████████████████████████████████████████████████████▎                                          | 48/78 [00:34<00:21,  1.41it/s, loss=0.6772]Trial 8 Ep4:  63%|█████████████████████████████████████████████████████████████████████▋                                         | 49/78 [00:34<00:20,  1.41it/s, loss=0.6772]Trial 8 Ep4:  63%|█████████████████████████████████████████████████████████████████████▋                                         | 49/78 [00:35<00:20,  1.41it/s, loss=0.7614]Trial 8 Ep4:  64%|███████████████████████████████████████████████████████████████████████▏                                       | 50/78 [00:35<00:21,  1.30it/s, loss=0.7614]Trial 8 Ep4:  64%|███████████████████████████████████████████████████████████████████████▏                                       | 50/78 [00:36<00:21,  1.30it/s, loss=0.7290]Trial 8 Ep4:  65%|████████████████████████████████████████████████████████████████████████▌                                      | 51/78 [00:36<00:19,  1.37it/s, loss=0.7290]Trial 8 Ep4:  65%|████████████████████████████████████████████████████████████████████████▌                                      | 51/78 [00:37<00:19,  1.37it/s, loss=0.7008]Trial 8 Ep4:  67%|██████████████████████████████████████████████████████████████████████████                                     | 52/78 [00:37<00:18,  1.41it/s, loss=0.7008]Trial 8 Ep4:  67%|██████████████████████████████████████████████████████████████████████████                                     | 52/78 [00:37<00:18,  1.41it/s, loss=0.6955]Trial 8 Ep4:  68%|███████████████████████████████████████████████████████████████████████████▍                                   | 53/78 [00:37<00:17,  1.46it/s, loss=0.6955]Trial 8 Ep4:  68%|███████████████████████████████████████████████████████████████████████████▍                                   | 53/78 [00:38<00:17,  1.46it/s, loss=0.6734]Trial 8 Ep4:  69%|████████████████████████████████████████████████████████████████████████████▊                                  | 54/78 [00:38<00:15,  1.51it/s, loss=0.6734]Trial 8 Ep4:  69%|████████████████████████████████████████████████████████████████████████████▊                                  | 54/78 [00:39<00:15,  1.51it/s, loss=0.7475]Trial 8 Ep4:  71%|██████████████████████████████████████████████████████████████████████████████▎                                | 55/78 [00:39<00:16,  1.44it/s, loss=0.7475]Trial 8 Ep4:  71%|██████████████████████████████████████████████████████████████████████████████▎                                | 55/78 [00:39<00:16,  1.44it/s, loss=0.6188]Trial 8 Ep4:  72%|███████████████████████████████████████████████████████████████████████████████▋                               | 56/78 [00:39<00:15,  1.40it/s, loss=0.6188]Trial 8 Ep4:  72%|███████████████████████████████████████████████████████████████████████████████▋                               | 56/78 [00:40<00:15,  1.40it/s, loss=0.6350]Trial 8 Ep4:  73%|█████████████████████████████████████████████████████████████████████████████████                              | 57/78 [00:40<00:14,  1.41it/s, loss=0.6350]Trial 8 Ep4:  73%|█████████████████████████████████████████████████████████████████████████████████                              | 57/78 [00:41<00:14,  1.41it/s, loss=0.6864]Trial 8 Ep4:  74%|██████████████████████████████████████████████████████████████████████████████████▌                            | 58/78 [00:41<00:13,  1.48it/s, loss=0.6864]Trial 8 Ep4:  74%|██████████████████████████████████████████████████████████████████████████████████▌                            | 58/78 [00:41<00:13,  1.48it/s, loss=0.7056]Trial 8 Ep4:  76%|███████████████████████████████████████████████████████████████████████████████████▉                           | 59/78 [00:41<00:12,  1.49it/s, loss=0.7056]Trial 8 Ep4:  76%|███████████████████████████████████████████████████████████████████████████████████▉                           | 59/78 [00:42<00:12,  1.49it/s, loss=0.6822]Trial 8 Ep4:  77%|█████████████████████████████████████████████████████████████████████████████████████▍                         | 60/78 [00:42<00:12,  1.45it/s, loss=0.6822]Trial 8 Ep4:  77%|█████████████████████████████████████████████████████████████████████████████████████▍                         | 60/78 [00:43<00:12,  1.45it/s, loss=0.6810]Trial 8 Ep4:  78%|██████████████████████████████████████████████████████████████████████████████████████▊                        | 61/78 [00:43<00:11,  1.46it/s, loss=0.6810]Trial 8 Ep4:  78%|██████████████████████████████████████████████████████████████████████████████████████▊                        | 61/78 [00:43<00:11,  1.46it/s, loss=0.7039]Trial 8 Ep4:  79%|████████████████████████████████████████████████████████████████████████████████████████▏                      | 62/78 [00:43<00:10,  1.48it/s, loss=0.7039]Trial 8 Ep4:  79%|████████████████████████████████████████████████████████████████████████████████████████▏                 