Trial 5 Ep5:   0%|                                                                                                        | 0/78 [00:00<?, ?it/s]Trial 5 Ep5:   0%|                                                                                           | 0/78 [00:00<?, ?it/s, loss=0.7303]Trial 5 Ep5:   1%|█                                                                                  | 1/78 [00:00<00:25,  2.97it/s, loss=0.7303]Trial 5 Ep5:   1%|█                                                                                  | 1/78 [00:00<00:25,  2.97it/s, loss=0.7112]Trial 5 Ep5:   3%|██▏                                                                                | 2/78 [00:00<00:23,  3.18it/s, loss=0.7112]Trial 5 Ep5:   3%|██▏                                                                                | 2/78 [00:00<00:23,  3.18it/s, loss=0.6810]Trial 5 Ep5:   4%|███▏                                                                               | 3/78 [00:00<00:23,  3.26it/s, loss=0.6810]Trial 5 Ep5:   4%|███▏                                                                               | 3/78 [00:01<00:23,  3.26it/s, loss=0.6755]Trial 5 Ep5:   5%|████▎                                                                              | 4/78 [00:01<00:22,  3.22it/s, loss=0.6755]Trial 5 Ep5:   5%|████▎                                                                              | 4/78 [00:01<00:22,  3.22it/s, loss=0.7054]Trial 5 Ep5:   6%|█████▎                                                                             | 5/78 [00:01<00:23,  3.09it/s, loss=0.7054]Trial 5 Ep5:   6%|█████▎                                                                             | 5/78 [00:01<00:23,  3.09it/s, loss=0.6955]Trial 5 Ep5:   8%|██████▍                                                                            | 6/78 [00:01<00:23,  3.06it/s, loss=0.6955]Trial 5 Ep5:   8%|██████▍                                                                            | 6/78 [00:02<00:23,  3.06it/s, loss=0.6985]Trial 5 Ep5:   9%|███████▍                                                                           | 7/78 [00:02<00:22,  3.18it/s, loss=0.6985]Trial 5 Ep5:   9%|███████▍                                                                           | 7/78 [00:02<00:22,  3.18it/s, loss=0.7405]Trial 5 Ep5:  10%|████████▌                                                                          | 8/78 [00:02<00:23,  3.03it/s, loss=0.7405]Trial 5 Ep5:  10%|████████▌                                                                          | 8/78 [00:02<00:23,  3.03it/s, loss=0.6966]Trial 5 Ep5:  12%|█████████▌                                                                         | 9/78 [00:02<00:23,  2.98it/s, loss=0.6966]Trial 5 Ep5:  12%|█████████▌                                                                         | 9/78 [00:03<00:23,  2.98it/s, loss=0.6956]Trial 5 Ep5:  13%|██████████▌                                                                       | 10/78 [00:03<00:22,  3.08it/s, loss=0.6956]Trial 5 Ep5:  13%|██████████▌                                                                       | 10/78 [00:03<00:22,  3.08it/s, loss=0.7082]Trial 5 Ep5:  14%|███████████▌                                                                      | 11/78 [00:03<00:20,  3.22it/s, loss=0.7082]Trial 5 Ep5:  14%|███████████▌                                                                      | 11/78 [00:03<00:20,  3.22it/s, loss=0.7179]Trial 5 Ep5:  15%|████████████▌                                                                     | 12/78 [00:03<00:21,  3.02it/s, loss=0.7179]Trial 5 Ep5:  15%|████████████▌                                                                     | 12/78 [00:04<00:21,  3.02it/s, loss=0.7333]Trial 5 Ep5:  17%|█████████████▋                                                                    | 13/78 [00:04<00:20,  3.19it/s, loss=0.7333]Trial 5 Ep5:  17%|█████████████▋                                                                    | 13/78 [00:04<00:20,  3.19it/s, loss=0.6896]Trial 5 Ep5:  18%|██████████████▋                                                                   | 14/78 [00:04<00:19,  3.24it/s, loss=0.6896]Trial 5 Ep5:  18%|██████████████▋                                                                   | 14/78 [00:04<00:19,  3.24it/s, loss=0.7317]Trial 5 Ep5:  19%|███████████████▊                                                                  | 15/78 [00:04<00:19,  3.22it/s, loss=0.7317]Trial 5 Ep5:  19%|███████████████▊                                                                  | 15/78 [00:05<00:19,  3.22it/s, loss=0.7087]Trial 5 Ep5:  21%|████████████████▊                                                                 | 16/78 [00:05<00:19,  3.16it/s, loss=0.7087]Trial 5 Ep5:  21%|████████████████▊                                                                 | 16/78 [00:05<00:19,  3.16it/s, loss=0.6951]Trial 5 Ep5:  22%|█████████████████▊                                                                | 17/78 [00:05<00:18,  3.30it/s, loss=0.6951]Trial 5 Ep5:  22%|█████████████████▊                                                                | 17/78 [00:05<00:18,  3.30it/s, loss=0.7041]Trial 5 Ep5:  23%|██████████████████▉                                                               | 18/78 [00:05<00:18,  3.31it/s, loss=0.7041]Trial 5 Ep5:  23%|██████████████████▉                                                               | 18/78 [00:05<00:18,  3.31it/s, loss=0.7223]Trial 5 Ep5:  24%|███████████████████▉                                                              | 19/78 [00:05<00:17,  3.32it/s, loss=0.7223]Trial 5 Ep5:  24%|███████████████████▉                                                              | 19/78 [00:06<00:17,  3.32it/s, loss=0.6636]Trial 5 Ep5:  26%|█████████████████████                                                             | 20/78 [00:06<00:18,  3.22it/s, loss=0.6636]Trial 5 Ep5:  26%|█████████████████████                                                             | 20/78 [00:06<00:18,  3.22it/s, loss=0.7026]Trial 5 Ep5:  27%|██████████████████████                                                            | 21/78 [00:06<00:18,  3.10it/s, loss=0.7026]Trial 5 Ep5:  27%|██████████████████████                                                            | 21/78 [00:06<00:18,  3.10it/s, loss=0.6795]Trial 5 Ep5:  28%|███████████████████████▏                                                          | 22/78 [00:06<00:17,  3.17it/s, loss=0.6795]Trial 5 Ep5:  28%|███████████████████████▏                                                          | 22/78 [00:07<00:17,  3.17it/s, loss=0.6934]Trial 5 Ep5:  29%|████████████████████████▏                                                         | 23/78 [00:07<00:17,  3.12it/s, loss=0.6934]Trial 5 Ep5:  29%|████████████████████████▏                                                         | 23/78 [00:07<00:17,  3.12it/s, loss=0.6870]Trial 5 Ep5:  31%|█████████████████████████▏                                                        | 24/78 [00:07<00:16,  3.21it/s, loss=0.6870]Trial 5 Ep5:  31%|█████████████████████████▏                                                        | 24/78 [00:07<00:16,  3.21it/s, loss=0.7184]Trial 5 Ep5:  32%|██████████████████████████▎                                                       | 25/78 [00:07<00:16,  3.14it/s, loss=0.7184]Trial 5 Ep5:  32%|██████████████████████████▎                                                       | 25/78 [00:08<00:16,  3.14it/s, loss=0.7021]Trial 5 Ep5:  33%|███████████████████████████▎                                                      | 26/78 [00:08<00:16,  3.18it/s, loss=0.7021]Trial 5 Ep5:  33%|███████████████████████████▎                                                      | 26/78 [00:08<00:16,  3.18it/s, loss=0.6920]Trial 5 Ep5:  35%|████████████████████████████▍                                                     | 27/78 [00:08<00:15,  3.25it/s, loss=0.6920]Trial 5 Ep5:  35%|████████████████████████████▍                                                     | 27/78 [00:08<00:15,  3.25it/s, loss=0.7247]Trial 5 Ep5:  36%|█████████████████████████████▍                                                    | 28/78 [00:08<00:16,  3.04it/s, loss=0.7247]Trial 5 Ep5:  36%|█████████████████████████████▍                                                    | 28/78 [00:09<00:16,  3.04it/s, loss=0.6840]Trial 5 Ep5:  37%|██████████████████████████████▍                                                   | 29/78 [00:09<00:15,  3.11it/s, loss=0.6840]Trial 5 Ep5:  37%|██████████████████████████████▍                                                   | 29/78 [00:09<00:15,  3.11it/s, loss=0.6820]Trial 5 Ep5:  38%|███████████████████████████████▌                                                  | 30/78 [00:09<00:15,  3.12it/s, loss=0.6820]Trial 5 Ep5:  38%|███████████████████████████████▌                                                  | 30/78 [00:09<00:15,  3.12it/s, loss=0.6654]Trial 5 Ep5:  40%|████████████████████████████████▌                                                 | 31/78 [00:09<00:14,  3.19it/s, loss=0.6654]Trial 5 Ep5:  40%|████████████████████████████████▌                                                 | 31/78 [00:10<00:14,  3.19it/s, loss=0.7050]Trial 5 Ep5:  41%|█████████████████████████████████▋                                                | 32/78 [00:10<00:14,  3.07it/s, loss=0.7050]Trial 5 Ep5:  41%|█████████████████████████████████▋                                                | 32/78 [00:10<00:14,  3.07it/s, loss=0.7229]Trial 5 Ep5:  42%|██████████████████████████████████▋                                               | 33/78 [00:10<00:15,  2.92it/s, loss=0.7229]Trial 5 Ep5:  42%|██████████████████████████████████▋                                               | 33/78 [00:10<00:15,  2.92it/s, loss=0.7194]Trial 5 Ep5:  44%|███████████████████████████████████▋                                              | 34/78 [00:10<00:14,  3.03it/s, loss=0.7194]Trial 5 Ep5:  44%|███████████████████████████████████▋                                              | 34/78 [00:11<00:14,  3.03it/s, loss=0.6968]Trial 5 Ep5:  45%|████████████████████████████████████▊                                             | 35/78 [00:11<00:13,  3.11it/s, loss=0.6968]Trial 5 Ep5:  45%|████████████████████████████████████▊                                             | 35/78 [00:11<00:13,  3.11it/s, loss=0.6936]Trial 5 Ep5:  46%|█████████████████████████████████████▊                                            | 36/78 [00:11<00:13,  3.18it/s, loss=0.6936]Trial 5 Ep5:  46%|█████████████████████████████████████▊                                            | 36/78 [00:11<00:13,  3.18it/s, loss=0.6842]Trial 5 Ep5:  47%|██████████████████████████████████████▉                                           | 37/78 [00:11<00:12,  3.16it/s, loss=0.6842]Trial 5 Ep5:  47%|██████████████████████████████████████▉                                           | 37/78 [00:12<00:12,  3.16it/s, loss=0.6841]Trial 5 Ep5:  49%|███████████████████████████████████████▉                                          | 38/78 [00:12<00:12,  3.10it/s, loss=0.6841]Trial 5 Ep5:  49%|███████████████████████████████████████▉                                          | 38/78 [00:12<00:12,  3.10it/s, loss=0.7116]Trial 5 Ep5:  50%|█████████████████████████████████████████                                         | 39/78 [00:12<00:12,  3.25it/s, loss=0.7116]Trial 5 Ep5:  50%|█████████████████████████████████████████                                         | 39/78 [00:12<00:12,  3.25it/s, loss=0.7303]Trial 5 Ep5:  51%|██████████████████████████████████████████                                        | 40/78 [00:12<00:12,  3.12it/s, loss=0.7303]Trial 5 Ep5:  51%|██████████████████████████████████████████                                        | 40/78 [00:13<00:12,  3.12it/s, loss=0.7058]Trial 5 Ep5:  53%|███████████████████████████████████████████                                       | 41/78 [00:13<00:11,  3.23it/s, loss=0.7058]Trial 5 Ep5:  53%|███████████████████████████████████████████                                       | 41/78 [00:13<00:11,  3.23it/s, loss=0.6673]Trial 5 Ep5:  54%|████████████████████████████████████████████▏                                     | 42/78 [00:13<00:10,  3.28it/s, loss=0.6673]Trial 5 Ep5:  54%|████████████████████████████████████████████▏                                     | 42/78 [00:13<00:10,  3.28it/s, loss=0.6942]Trial 5 Ep5:  55%|█████████████████████████████████████████████▏                                    | 43/78 [00:13<00:10,  3.23it/s, loss=0.6942]Trial 5 Ep5:  55%|█████████████████████████████████████████████▏                                    | 43/78 [00:13<00:10,  3.23it/s, loss=0.7453]Trial 5 Ep5:  56%|██████████████████████████████████████████████▎                                   | 44/78 [00:13<00:10,  3.18it/s, loss=0.7453]Trial 5 Ep5:  56%|██████████████████████████████████████████████▎                                   | 44/78 [00:14<00:10,  3.18it/s, loss=0.6978]Trial 5 Ep5:  58%|███████████████████████████████████████████████▎                                  | 45/78 [00:14<00:09,  3.31it/s, loss=0.6978]Trial 5 Ep5:  58%|███████████████████████████████████████████████▎                                  | 45/78 [00:14<00:09,  3.31it/s, loss=0.7164]Trial 5 Ep5:  59%|████████████████████████████████████████████████▎                                 | 46/78 [00:14<00:09,  3.45it/s, loss=0.7164]Trial 5 Ep5:  59%|████████████████████████████████████████████████▎                                 | 46/78 [00:14<00:09,  3.45it/s, loss=0.7053]Trial 5 Ep5:  60%|█████████████████████████████████████████████████▍                                | 47/78 [00:14<00:09,  3.43it/s, loss=0.7053]Trial 5 Ep5:  60%|█████████████████████████████████████████████████▍                                | 47/78 [00:15<00:09,  3.43it/s, loss=0.7045]Trial 5 Ep5:  62%|██████████████████████████████████████████████████▍                               | 48/78 [00:15<00:09,  3.32it/s, loss=0.7045]Trial 5 Ep5:  62%|██████████████████████████████████████████████████▍                               | 48/78 [00:15<00:09,  3.32it/s, loss=0.7099]Trial 5 Ep5:  63%|███████████████████████████████████████████████████▌                              | 49/78 [00:15<00:09,  3.07it/s, loss=0.7099]Trial 5 Ep5:  63%|███████████████████████████████████████████████████▌                              | 49/78 [00:15<00:09,  3.07it/s, loss=0.6883]Trial 5 Ep5:  64%|████████████████████████████████████████████████████▌                             | 50/78 [00:15<00:09,  3.06it/s, loss=0.6883]Trial 5 Ep5:  64%|████████████████████████████████████████████████████▌                             | 50/78 [00:16<00:09,  3.06it/s, loss=0.7795]Trial 5 Ep5:  65%|█████████████████████████████████████████████████████▌                            | 51/78 [00:16<00:08,  3.23it/s, loss=0.7795]Trial 5 Ep5:  65%|█████████████████████████████████████████████████████▌                            | 51/78 [00:16<00:08,  3.23it/s, loss=0.7339]Trial 5 Ep5:  67%|██████████████████████████████████████████████████████▋                           | 52/78 [00:16<00:08,  3.21it/s, loss=0.7339]Trial 5 Ep5:  67%|██████████████████████████████████████████████████████▋                           | 52/78 [00:16<00:08,  3.21it/s, loss=0.7119]Trial 5 Ep5:  68%|███████████████████████████████████████████████████████▋                          | 53/78 [00:16<00:08,  3.11it/s, loss=0.7119]Trial 5 Ep5:  68%|███████████████████████████████████████████████████████▋                          | 53/78 [00:17<00:08,  3.11it/s, loss=0.7046]Trial 5 Ep5:  69%|████████████████████████████████████████████████████████▊                         | 54/78 [00:17<00:07,  3.23it/s, loss=0.7046]Trial 5 Ep5:  69%|████████████████████████████████████████████████████████▊                         | 54/78 [00:17<00:07,  3.23it/s, loss=0.6532]Trial 5 Ep5:  71%|█████████████████████████████████████████████████████████▊                        | 55/78 [00:17<00:06,  3.31it/s, loss=0.6532]Trial 5 Ep5:  71%|█████████████████████████████████████████████████████████▊                        | 55/78 [00:17<00:06,  3.31it/s, loss=0.7210]Trial 5 Ep5:  72%|██████████████████████████████████████████████████████████▊                       | 56/78 [00:17<00:07,  3.14it/s, loss=0.7210]Trial 5 Ep5:  72%|██████████████████████████████████████████████████████████▊                       | 56/78 [00:17<00:07,  3.14it/s, loss=0.6717]Trial 5 Ep5:  73%|███████████████████████████████████████████████████████████▉                      | 57/78 [00:17<00:06,  3.22it/s, loss=0.6717]Trial 5 Ep5:  73%|███████████████████████████████████████████████████████████▉                      | 57/78 [00:18<00:06,  3.22it/s, loss=0.6779]Trial 5 Ep5:  74%|████████████████████████████████████████████████████████████▉                     | 58/78 [00:18<00:06,  3.13it/s, loss=0.6779]Trial 5 Ep5:  74%|████████████████████████████████████████████████████████████▉                     | 58/78 [00:18<00:06,  3.13it/s, loss=0.6912]Trial 5 Ep5:  76%|██████████████████████████████████████████████████████████████                    | 59/78 [00:18<00:05,  3.21it/s, loss=0.6912]Trial 5 Ep5:  76%|██████████████████████████████████████████████████████████████                    | 59/78 [00:18<00:05,  3.21it/s, loss=0.7233]Trial 5 Ep5:  77%|███████████████████████████████████████████████████████████████                   | 60/78 [00:18<00:05,  3.15it/s, loss=0.7233]Trial 5 Ep5:  77%|███████████████████████████████████████████████████████████████                   | 60/78 [00:19<00:05,  3.15it/s, loss=0.6624]Trial 5 Ep5:  78%|████████████████████████████████████████████████████████████████▏                 | 61/78 [00:19<00:05,  3.04it/s, loss=0.6624]Trial 5 Ep5:  78%|████████████████████████████████████████████████████████████████▏                 | 61/78 [00:19<00:05,  3.04it/s, loss=0.7097]Trial 5 Ep5:  79%|█████████████████████████████████████████████████████████████████▏                | 62/78 [00:19<00:05,  3.05it/s, loss=0.7097]Trial 5 Ep5:  79%|█████████████████████████████████████████████████████████████████▏                | 62/78 [00:19<00:05,  3.05it/s, loss=0.6970]Trial 5 Ep5:  81%|██████████████████████████████████████████████████████████████████▏               | 63/78 [00:19<00:05,  2.99it/s, loss=0.6970]Trial 5 Ep5:  81%|██████████████████████████████████████████████████████████████████▏               | 63/78 [00:20<00:05,  2.99it/s, loss=0.7295]Trial 5 Ep5:  82%|███████████████████████████████████████████████████████████████████▎              | 64/78 [00:20<00:04,  3.03it/s, loss=0.7295]Trial 5 Ep5:  82%|███████████████████████████████████████████████████████████████████▎              | 64/78 [00:20<00:04,  3.03it/s, loss=0.6511]Trial 5 Ep5:  83%|████████████████████████████████████████████████████████████████████▎             | 65/78 [00:20<00:04,  3.07it/s, loss=0.6511]Trial 5 Ep5:  83%|████████████████████████████████████████████████████████████████████▎             | 65/78 [00:20<00:04,  3.07it/s, loss=0.6955]Trial 5 Ep5:  85%|█████████████████████████████████████████████████████████████████████▍            | 66/78 [00:20<00:03,  3.24it/s, loss=0.6955]Trial 5 Ep5:  85%|█████████████████████████████████████████████████████████████████████▍            | 66/78 [00:21<00:03,  3.24it/s, loss=0.6886]Trial 5 Ep5:  86%|██████████████████████████████████████████████████████████████████████▍           | 67/78 [00:21<00:03,  3.17it/s, loss=0.6886]Trial 5 Ep5:  86%|██████████████████████████████████████████████████████████████████████▍           | 67/78 [00:21<00:03,  3.17it/s, loss=0.6994]Trial 5 Ep5:  87%|███████████████████████████████████████████████████████████████████████▍          | 68/78 [00:21<00:03,  3.21it/s, loss=0.6994]Trial 5 Ep5:  87%|███████████████████████████████████████████████████████████████████████▍          | 68/78 [00:21<00:03,  3.21it/s, loss=0.7410]Trial 5 Ep5:  88%|████████████████████████████████████████████████████████████████████████▌         | 69/78 [00:21<00:03,  2.72it/s, loss=0.7410]Trial 5 Ep5:  88%|████████████████████████████████████████████████████████████████████████▌         | 69/78 [00:22<00:03,  2.72it/s, loss=0.6771]Trial 5 Ep5:  90%|█████████████████████████████████████████████████████████████████████████▌        | 70/78 [00:22<00:02,  2.81it/s, loss=0.6771]Trial 5 Ep5:  90%|█████████████████████████████████████████████████████████████████████████▌        | 70/78 [00:22<00:02,  2.81it/s, loss=0.6707]Trial 5 Ep5:  91%|██████████████████████████████████████████████████████████████████████████▋       | 71/78 [00:22<00:02,  2.87it/s, loss=0.6707]Trial 5 Ep5:  91%|██████████████████████████████████████████████████████████████████████████▋       | 71/78 [00:22<00:02,  2.87it/s, loss=0.6760]Trial 5 Ep5:  92%|███████████████████████████████████████████████████████████████████████████▋      | 72/78 [00:22<00:01,  3.01it/s, loss=0.6760]Trial 5 Ep5:  92%|███████████████████████████████████████████████████████████████████████████▋      | 72/78 [00:23<00:01,  3.01it/s, loss=0.6976]Trial 5 Ep5:  94%|████████████████████████████████████████████████████████████████████████████▋     | 73/78 [00:23<00:01,  3.00it/s, loss=0.6976]Trial 5 Ep5:  94%|████████████████████████████████████████████████████████████████████████████▋     | 73/78 [00:23<00:01,  3.00it/s, loss=0.6667]Trial 5 Ep5:  95%|█████████████████████████████████████████████████████████████████████████████▊    | 74/78 [00:23<00:01,  3.13it/s, loss=0.6667]Trial 5 Ep5:  95%|█████████████████████████████████████████████████████████████████████████████▊    | 74/78 [00:23<00:01,  3.13it/s, loss=0.6717]Trial 5 Ep5:  96%|██████████████████████████████████████████████████████████████████████████████▊  