Trial 7 Ep10:   0%|                                                                                                       | 0/78 [00:00<?, ?it/s]Trial 7 Ep10:   0%|                                                                                          | 0/78 [00:00<?, ?it/s, loss=0.6860]Trial 7 Ep10:   1%|█                                                                                 | 1/78 [00:00<00:25,  3.00it/s, loss=0.6860]Trial 7 Ep10:   1%|█                                                                                 | 1/78 [00:00<00:25,  3.00it/s, loss=0.6356]Trial 7 Ep10:   3%|██                                                                                | 2/78 [00:00<00:26,  2.87it/s, loss=0.6356]Trial 7 Ep10:   3%|██                                                                                | 2/78 [00:01<00:26,  2.87it/s, loss=0.6169]Trial 7 Ep10:   4%|███▏                                                                              | 3/78 [00:01<00:24,  3.01it/s, loss=0.6169]Trial 7 Ep10:   4%|███▏                                                                              | 3/78 [00:01<00:24,  3.01it/s, loss=0.6759]Trial 7 Ep10:   5%|████▏                                                                             | 4/78 [00:01<00:23,  3.13it/s, loss=0.6759]Trial 7 Ep10:   5%|████▏                                                                             | 4/78 [00:01<00:23,  3.13it/s, loss=0.6151]Trial 7 Ep10:   6%|█████▎                                                                            | 5/78 [00:01<00:23,  3.08it/s, loss=0.6151]Trial 7 Ep10:   6%|█████▎                                                                            | 5/78 [00:01<00:23,  3.08it/s, loss=0.7044]Trial 7 Ep10:   8%|██████▎                                                                           | 6/78 [00:01<00:22,  3.20it/s, loss=0.7044]Trial 7 Ep10:   8%|██████▎                                                                           | 6/78 [00:02<00:22,  3.20it/s, loss=0.6686]Trial 7 Ep10:   9%|███████▎                                                                          | 7/78 [00:02<00:22,  3.10it/s, loss=0.6686]Trial 7 Ep10:   9%|███████▎                                                                          | 7/78 [00:02<00:22,  3.10it/s, loss=0.6310]Trial 7 Ep10:  10%|████████▍                                                                         | 8/78 [00:02<00:21,  3.22it/s, loss=0.6310]Trial 7 Ep10:  10%|████████▍                                                                         | 8/78 [00:02<00:21,  3.22it/s, loss=0.6056]Trial 7 Ep10:  12%|█████████▍                                                                        | 9/78 [00:02<00:21,  3.14it/s, loss=0.6056]Trial 7 Ep10:  12%|█████████▍                                                                        | 9/78 [00:03<00:21,  3.14it/s, loss=0.7667]Trial 7 Ep10:  13%|██████████▍                                                                      | 10/78 [00:03<00:20,  3.26it/s, loss=0.7667]Trial 7 Ep10:  13%|██████████▍                                                                      | 10/78 [00:03<00:20,  3.26it/s, loss=0.5954]Trial 7 Ep10:  14%|███████████▍                                                                     | 11/78 [00:03<00:20,  3.32it/s, loss=0.5954]Trial 7 Ep10:  14%|███████████▍                                                                     | 11/78 [00:03<00:20,  3.32it/s, loss=0.6667]Trial 7 Ep10:  15%|████████████▍                                                                    | 12/78 [00:03<00:20,  3.17it/s, loss=0.6667]Trial 7 Ep10:  15%|████████████▍                                                                    | 12/78 [00:04<00:20,  3.17it/s, loss=0.6229]Trial 7 Ep10:  17%|█████████████▌                                                                   | 13/78 [00:04<00:20,  3.23it/s, loss=0.6229]Trial 7 Ep10:  17%|█████████████▌                                                                   | 13/78 [00:04<00:20,  3.23it/s, loss=0.6925]Trial 7 Ep10:  18%|██████████████▌                                                                  | 14/78 [00:04<00:20,  3.16it/s, loss=0.6925]Trial 7 Ep10:  18%|██████████████▌                                                                  | 14/78 [00:04<00:20,  3.16it/s, loss=0.6344]Trial 7 Ep10:  19%|███████████████▌                                                                 | 15/78 [00:04<00:20,  3.15it/s, loss=0.6344]Trial 7 Ep10:  19%|███████████████▌                                                                 | 15/78 [00:05<00:20,  3.15it/s, loss=0.6952]Trial 7 Ep10:  21%|████████████████▌                                                                | 16/78 [00:05<00:19,  3.22it/s, loss=0.6952]Trial 7 Ep10:  21%|████████████████▌                                                                | 16/78 [00:05<00:19,  3.22it/s, loss=0.6684]Trial 7 Ep10:  22%|█████████████████▋                                                               | 17/78 [00:05<00:19,  3.15it/s, loss=0.6684]Trial 7 Ep10:  22%|█████████████████▋                                                               | 17/78 [00:05<00:19,  3.15it/s, loss=0.6920]Trial 7 Ep10:  23%|██████████████████▋                                                              | 18/78 [00:05<00:18,  3.23it/s, loss=0.6920]Trial 7 Ep10:  23%|██████████████████▋                                                              | 18/78 [00:06<00:18,  3.23it/s, loss=0.6765]Trial 7 Ep10:  24%|███████████████████▋                                                             | 19/78 [00:06<00:18,  3.15it/s, loss=0.6765]Trial 7 Ep10:  24%|███████████████████▋                                                             | 19/78 [00:06<00:18,  3.15it/s, loss=0.6622]Trial 7 Ep10:  26%|████████████████████▊                                                            | 20/78 [00:06<00:17,  3.24it/s, loss=0.6622]Trial 7 Ep10:  26%|████████████████████▊                                                            | 20/78 [00:06<00:17,  3.24it/s, loss=0.6767]Trial 7 Ep10:  27%|█████████████████████▊                                                           | 21/78 [00:06<00:18,  3.03it/s, loss=0.6767]Trial 7 Ep10:  27%|█████████████████████▊                                                           | 21/78 [00:06<00:18,  3.03it/s, loss=0.5926]Trial 7 Ep10:  28%|██████████████████████▊                                                          | 22/78 [00:06<00:18,  3.08it/s, loss=0.5926]Trial 7 Ep10:  28%|██████████████████████▊                                                          | 22/78 [00:07<00:18,  3.08it/s, loss=0.6405]Trial 7 Ep10:  29%|███████████████████████▉                                                         | 23/78 [00:07<00:18,  3.00it/s, loss=0.6405]Trial 7 Ep10:  29%|███████████████████████▉                                                         | 23/78 [00:07<00:18,  3.00it/s, loss=0.6014]Trial 7 Ep10:  31%|████████████████████████▉                                                        | 24/78 [00:07<00:17,  3.12it/s, loss=0.6014]Trial 7 Ep10:  31%|████████████████████████▉                                                        | 24/78 [00:07<00:17,  3.12it/s, loss=0.6551]Trial 7 Ep10:  32%|█████████████████████████▉                                                       | 25/78 [00:07<00:17,  3.07it/s, loss=0.6551]Trial 7 Ep10:  32%|█████████████████████████▉                                                       | 25/78 [00:08<00:17,  3.07it/s, loss=0.6686]Trial 7 Ep10:  33%|███████████████████████████                                                      | 26/78 [00:08<00:17,  3.04it/s, loss=0.6686]Trial 7 Ep10:  33%|███████████████████████████                                                      | 26/78 [00:08<00:17,  3.04it/s, loss=0.7148]Trial 7 Ep10:  35%|████████████████████████████                                                     | 27/78 [00:08<00:16,  3.08it/s, loss=0.7148]Trial 7 Ep10:  35%|████████████████████████████                                                     | 27/78 [00:08<00:16,  3.08it/s, loss=0.6735]Trial 7 Ep10:  36%|█████████████████████████████                                                    | 28/78 [00:08<00:16,  3.06it/s, loss=0.6735]Trial 7 Ep10:  36%|█████████████████████████████                                                    | 28/78 [00:09<00:16,  3.06it/s, loss=0.6873]Trial 7 Ep10:  37%|██████████████████████████████                                                   | 29/78 [00:09<00:15,  3.13it/s, loss=0.6873]Trial 7 Ep10:  37%|██████████████████████████████                                                   | 29/78 [00:09<00:15,  3.13it/s, loss=0.6379]Trial 7 Ep10:  38%|███████████████████████████████▏                                                 | 30/78 [00:09<00:15,  3.09it/s, loss=0.6379]Trial 7 Ep10:  38%|███████████████████████████████▏                                                 | 30/78 [00:09<00:15,  3.09it/s, loss=0.6349]Trial 7 Ep10:  40%|████████████████████████████████▏                                                | 31/78 [00:09<00:15,  2.98it/s, loss=0.6349]Trial 7 Ep10:  40%|████████████████████████████████▏                                                | 31/78 [00:10<00:15,  2.98it/s, loss=0.6413]Trial 7 Ep10:  41%|█████████████████████████████████▏                                               | 32/78 [00:10<00:15,  3.01it/s, loss=0.6413]Trial 7 Ep10:  41%|█████████████████████████████████▏                                               | 32/78 [00:10<00:15,  3.01it/s, loss=0.6309]Trial 7 Ep10:  42%|██████████████████████████████████▎                                              | 33/78 [00:10<00:15,  2.96it/s, loss=0.6309]Trial 7 Ep10:  42%|██████████████████████████████████▎                                              | 33/78 [00:10<00:15,  2.96it/s, loss=0.6443]Trial 7 Ep10:  44%|███████████████████████████████████▎                                             | 34/78 [00:10<00:14,  2.98it/s, loss=0.6443]Trial 7 Ep10:  44%|███████████████████████████████████▎                                             | 34/78 [00:11<00:14,  2.98it/s, loss=0.6834]Trial 7 Ep10:  45%|████████████████████████████████████▎                                            | 35/78 [00:11<00:14,  3.00it/s, loss=0.6834]Trial 7 Ep10:  45%|████████████████████████████████████▎                                            | 35/78 [00:11<00:14,  3.00it/s, loss=0.6478]Trial 7 Ep10:  46%|█████████████████████████████████████▍                                           | 36/78 [00:11<00:13,  3.02it/s, loss=0.6478]Trial 7 Ep10:  46%|█████████████████████████████████████▍                                           | 36/78 [00:11<00:13,  3.02it/s, loss=0.6380]Trial 7 Ep10:  47%|██████████████████████████████████████▍                                          | 37/78 [00:11<00:13,  3.12it/s, loss=0.6380]Trial 7 Ep10:  47%|██████████████████████████████████████▍                                          | 37/78 [00:12<00:13,  3.12it/s, loss=0.6177]Trial 7 Ep10:  49%|███████████████████████████████████████▍                                         | 38/78 [00:12<00:13,  3.07it/s, loss=0.6177]Trial 7 Ep10:  49%|███████████████████████████████████████▍                                         | 38/78 [00:12<00:13,  3.07it/s, loss=0.6097]Trial 7 Ep10:  50%|████████████████████████████████████████▌                                        | 39/78 [00:12<00:12,  3.07it/s, loss=0.6097]Trial 7 Ep10:  50%|████████████████████████████████████████▌                                        | 39/78 [00:12<00:12,  3.07it/s, loss=0.6749]Trial 7 Ep10:  51%|█████████████████████████████████████████▌                                       | 40/78 [00:12<00:11,  3.23it/s, loss=0.6749]Trial 7 Ep10:  51%|█████████████████████████████████████████▌                                       | 40/78 [00:13<00:11,  3.23it/s, loss=0.6977]Trial 7 Ep10:  53%|██████████████████████████████████████████▌                                      | 41/78 [00:13<00:11,  3.21it/s, loss=0.6977]Trial 7 Ep10:  53%|██████████████████████████████████████████▌                                      | 41/78 [00:13<00:11,  3.21it/s, loss=0.6457]Trial 7 Ep10:  54%|███████████████████████████████████████████▌                                     | 42/78 [00:13<00:11,  3.27it/s, loss=0.6457]Trial 7 Ep10:  54%|███████████████████████████████████████████▌                                     | 42/78 [00:13<00:11,  3.27it/s, loss=0.6704]Trial 7 Ep10:  55%|████████████████████████████████████████████▋                                    | 43/78 [00:13<00:10,  3.31it/s, loss=0.6704]Trial 7 Ep10:  55%|████████████████████████████████████████████▋                                    | 43/78 [00:14<00:10,  3.31it/s, loss=0.6114]Trial 7 Ep10:  56%|█████████████████████████████████████████████▋                                   | 44/78 [00:14<00:10,  3.20it/s, loss=0.6114]Trial 7 Ep10:  56%|█████████████████████████████████████████████▋                                   | 44/78 [00:14<00:10,  3.20it/s, loss=0.5883]Trial 7 Ep10:  58%|██████████████████████████████████████████████▋                                  | 45/78 [00:14<00:10,  3.27it/s, loss=0.5883]Trial 7 Ep10:  58%|██████████████████████████████████████████████▋                                  | 45/78 [00:14<00:10,  3.27it/s, loss=0.6609]Trial 7 Ep10:  59%|███████████████████████████████████████████████▊                                 | 46/78 [00:14<00:10,  3.18it/s, loss=0.6609]Trial 7 Ep10:  59%|███████████████████████████████████████████████▊                                 | 46/78 [00:15<00:10,  3.18it/s, loss=0.6896]Trial 7 Ep10:  60%|████████████████████████████████████████████████▊                                | 47/78 [00:15<00:09,  3.22it/s, loss=0.6896]Trial 7 Ep10:  60%|████████████████████████████████████████████████▊                                | 47/78 [00:15<00:09,  3.22it/s, loss=0.6440]Trial 7 Ep10:  62%|█████████████████████████████████████████████████▊                               | 48/78 [00:15<00:09,  3.22it/s, loss=0.6440]Trial 7 Ep10:  62%|█████████████████████████████████████████████████▊                               | 48/78 [00:15<00:09,  3.22it/s, loss=0.7693]Trial 7 Ep10:  63%|██████████████████████████████████████████████████▉                              | 49/78 [00:15<00:09,  3.19it/s, loss=0.7693]Trial 7 Ep10:  63%|██████████████████████████████████████████████████▉                              | 49/78 [00:15<00:09,  3.19it/s, loss=0.6800]Trial 7 Ep10:  64%|███████████████████████████████████████████████████▉                             | 50/78 [00:15<00:08,  3.19it/s, loss=0.6800]Trial 7 Ep10:  64%|███████████████████████████████████████████████████▉                             | 50/78 [00:16<00:08,  3.19it/s, loss=0.6914]Trial 7 Ep10:  65%|████████████████████████████████████████████████████▉                            | 51/78 [00:16<00:08,  3.24it/s, loss=0.6914]Trial 7 Ep10:  65%|████████████████████████████████████████████████████▉                            | 51/78 [00:16<00:08,  3.24it/s, loss=0.6685]Trial 7 Ep10:  67%|██████████████████████████████████████████████████████                           | 52/78 [00:16<00:08,  3.23it/s, loss=0.6685]Trial 7 Ep10:  67%|██████████████████████████████████████████████████████                           | 52/78 [00:16<00:08,  3.23it/s, loss=0.7383]Trial 7 Ep10:  68%|███████████████████████████████████████████████████████                          | 53/78 [00:16<00:07,  3.27it/s, loss=0.7383]Trial 7 Ep10:  68%|███████████████████████████████████████████████████████                          | 53/78 [00:17<00:07,  3.27it/s, loss=0.6475]Trial 7 Ep10:  69%|████████████████████████████████████████████████████████                         | 54/78 [00:17<00:07,  3.33it/s, loss=0.6475]Trial 7 Ep10:  69%|████████████████████████████████████████████████████████                         | 54/78 [00:17<00:07,  3.33it/s, loss=0.6826]Trial 7 Ep10:  71%|█████████████████████████████████████████████████████████                        | 55/78 [00:17<00:06,  3.34it/s, loss=0.6826]Trial 7 Ep10:  71%|█████████████████████████████████████████████████████████                        | 55/78 [00:17<00:06,  3.34it/s, loss=0.6815]Trial 7 Ep10:  72%|██████████████████████████████████████████████████████████▏                      | 56/78 [00:17<00:06,  3.19it/s, loss=0.6815]Trial 7 Ep10:  72%|██████████████████████████████████████████████████████████▏                      | 56/78 [00:18<00:06,  3.19it/s, loss=0.6206]Trial 7 Ep10:  73%|███████████████████████████████████████████████████████████▏                     | 57/78 [00:18<00:06,  3.27it/s, loss=0.6206]Trial 7 Ep10:  73%|███████████████████████████████████████████████████████████▏                     | 57/78 [00:18<00:06,  3.27it/s, loss=0.6479]Trial 7 Ep10:  74%|████████████████████████████████████████████████████████████▏                    | 58/78 [00:18<00:06,  3.23it/s, loss=0.6479]Trial 7 Ep10:  74%|████████████████████████████████████████████████████████████▏                    | 58/78 [00:18<00:06,  3.23it/s, loss=0.7220]Trial 7 Ep10:  76%|█████████████████████████████████████████████████████████████▎                   | 59/78 [00:18<00:05,  3.20it/s, loss=0.7220]Trial 7 Ep10:  76%|█████████████████████████████████████████████████████████████▎                   | 59/78 [00:19<00:05,  3.20it/s, loss=0.6862]Trial 7 Ep10:  77%|██████████████████████████████████████████████████████████████▎                  | 60/78 [00:19<00:05,  3.16it/s, loss=0.6862]Trial 7 Ep10:  77%|██████████████████████████████████████████████████████████████▎                  | 60/78 [00:19<00:05,  3.16it/s, loss=0.6295]Trial 7 Ep10:  78%|███████████████████████████████████████████████████████████████▎                 | 61/78 [00:19<00:05,  3.16it/s, loss=0.6295]Trial 7 Ep10:  78%|███████████████████████████████████████████████████████████████▎                 | 61/78 [00:19<00:05,  3.16it/s, loss=0.6960]Trial 7 Ep10:  79%|████████████████████████████████████████████████████████████████▍                | 62/78 [00:19<00:05,  3.18it/s, loss=0.6960]Trial 7 Ep10:  79%|████████████████████████████████████████████████████████████████▍                | 62/78 [00:19<00:05,  3.18it/s, loss=0.6365]Trial 7 Ep10:  81%|█████████████████████████████████████████████████████████████████▍               | 63/78 [00:19<00:04,  3.23it/s, loss=0.6365]Trial 7 Ep10:  81%|█████████████████████████████████████████████████████████████████▍               | 63/78 [00:20<00:04,  3.23it/s, loss=0.6130]Trial 7 Ep10:  82%|██████████████████████████████████████████████████████████████████▍              | 64/78 [00:20<00:05,  2.72it/s, loss=0.6130]Trial 7 Ep10:  82%|██████████████████████████████████████████████████████████████████▍              | 64/78 [00:20<00:05,  2.72it/s, loss=0.7315]Trial 7 Ep10:  83%|███████████████████████████████████████████████████████████████████▌             | 65/78 [00:20<00:04,  2.83it/s, loss=0.7315]Trial 7 Ep10:  83%|███████████████████████████████████████████████████████████████████▌             | 65/78 [00:21<00:04,  2.83it/s, loss=0.7127]Trial 7 Ep10:  85%|████████████████████████████████████████████████████████████████████▌            | 66/78 [00:21<00:04,  2.76it/s, loss=0.7127]Trial 7 Ep10:  85%|████████████████████████████████████████████████████████████████████▌            | 66/78 [00:21<00:04,  2.76it/s, loss=0.6931]Trial 7 Ep10:  86%|█████████████████████████████████████████████████████████████████████▌           | 67/78 [00:21<00:04,  2.73it/s, loss=0.6931]Trial 7 Ep10:  86%|█████████████████████████████████████████████████████████████████████▌           | 67/78 [00:21<00:04,  2.73it/s, loss=0.6933]Trial 7 Ep10:  87%|██████████████████████████████████████████████████████████████████████▌          | 68/78 [00:21<00:03,  2.91it/s, loss=0.6933]Trial 7 Ep10:  87%|██████████████████████████████████████████████████████████████████████▌          | 68/78 [00:22<00:03,  2.91it/s, loss=0.5882]Trial 7 Ep10:  88%|███████████████████████████████████████████████████████████████████████▋         | 69/78 [00:22<00:03,  2.95it/s, loss=0.5882]Trial 7 Ep10:  88%|███████████████████████████████████████████████████████████████████████▋         | 69/78 [00:22<00:03,  2.95it/s, loss=0.6854]Trial 7 Ep10:  90%|████████████████████████████████████████████████████████████████████████▋        | 70/78 [00:22<00:02,  2.93it/s, loss=0.6854]Trial 7 Ep10:  90%|████████████████████████████████████████████████████████████████████████▋        | 70/78 [00:22<00:02,  2.93it/s, loss=0.7015]Trial 7 Ep10:  91%|█████████████████████████████████████████████████████████████████████████▋       | 71/78 [00:22<00:02,  2.84it/s, loss=0.7015]Trial 7 Ep10:  91%|█████████████████████████████████████████████████████████████████████████▋       | 71/78 [00:23<00:02,  2.84it/s, loss=0.7201]Trial 7 Ep10:  92%|██████████████████████████████████████████████████████████████████████████▊      | 72/78 [00:23<00:02,  2.94it/s, loss=0.7201]Trial 7 Ep10:  92%|██████████████████████████████████████████████████████████████████████████▊      | 72/78 [00:23<00:02,  2.94it/s, loss=0.6296]Trial 7 Ep10:  94%|███████████████████████████████████████████████████████████████████████████▊     | 73/78 [00:23<00:01,  3.07it/s, loss=0.6296]Trial 7 Ep10:  94%|███████████████████████████████████████████████████████████████████████████▊     | 73/78 [00:23<00:01,  3.07it/s, loss=0.6858]Trial 7 Ep10:  95%|████████████████████████████████████████████████████████████████████████████▊    | 74/78 [00:23<00:01,  2.98it/s, loss=0.6858]Trial 7 Ep10:  95%|████████████████████████████████████████████████████████████████████████████▊    | 74/78 [00:24<00:01,  2.98it/s, loss=0.6888]Trial 7 Ep10:  96%|█████████████████████████████████████████████████████████████████████████████▉  