Trial 6 Ep5:   0%|                                                                                                        | 0/78 [00:00<?, ?it/s]Trial 6 Ep5:   0%|                                                                                           | 0/78 [00:00<?, ?it/s, loss=0.6918]Trial 6 Ep5:   1%|█                                                                                  | 1/78 [00:00<00:29,  2.58it/s, loss=0.6918]Trial 6 Ep5:   1%|█                                                                                  | 1/78 [00:00<00:29,  2.58it/s, loss=0.6585]Trial 6 Ep5:   3%|██▏                                                                                | 2/78 [00:00<00:25,  3.01it/s, loss=0.6585]Trial 6 Ep5:   3%|██▏                                                                                | 2/78 [00:01<00:25,  3.01it/s, loss=0.6808]Trial 6 Ep5:   4%|███▏                                                                               | 3/78 [00:01<00:26,  2.86it/s, loss=0.6808]Trial 6 Ep5:   4%|███▏                                                                               | 3/78 [00:01<00:26,  2.86it/s, loss=0.7204]Trial 6 Ep5:   5%|████▎                                                                              | 4/78 [00:01<00:25,  2.96it/s, loss=0.7204]Trial 6 Ep5:   5%|████▎                                                                              | 4/78 [00:01<00:25,  2.96it/s, loss=0.6682]Trial 6 Ep5:   6%|█████▎                                                                             | 5/78 [00:01<00:24,  2.99it/s, loss=0.6682]Trial 6 Ep5:   6%|█████▎                                                                             | 5/78 [00:02<00:24,  2.99it/s, loss=0.7046]Trial 6 Ep5:   8%|██████▍                                                                            | 6/78 [00:02<00:23,  3.07it/s, loss=0.7046]Trial 6 Ep5:   8%|██████▍                                                                            | 6/78 [00:02<00:23,  3.07it/s, loss=0.6909]Trial 6 Ep5:   9%|███████▍                                                                           | 7/78 [00:02<00:23,  3.08it/s, loss=0.6909]Trial 6 Ep5:   9%|███████▍                                                                           | 7/78 [00:02<00:23,  3.08it/s, loss=0.6870]Trial 6 Ep5:  10%|████████▌                                                                          | 8/78 [00:02<00:23,  3.03it/s, loss=0.6870]Trial 6 Ep5:  10%|████████▌                                                                          | 8/78 [00:03<00:23,  3.03it/s, loss=0.6564]Trial 6 Ep5:  12%|█████████▌                                                                         | 9/78 [00:03<00:23,  2.97it/s, loss=0.6564]Trial 6 Ep5:  12%|█████████▌                                                                         | 9/78 [00:03<00:23,  2.97it/s, loss=0.6709]Trial 6 Ep5:  13%|██████████▌                                                                       | 10/78 [00:03<00:22,  3.05it/s, loss=0.6709]Trial 6 Ep5:  13%|██████████▌                                                                       | 10/78 [00:03<00:22,  3.05it/s, loss=0.6797]Trial 6 Ep5:  14%|███████████▌                                                                      | 11/78 [00:03<00:21,  3.07it/s, loss=0.6797]Trial 6 Ep5:  14%|███████████▌                                                                      | 11/78 [00:03<00:21,  3.07it/s, loss=0.6752]Trial 6 Ep5:  15%|████████████▌                                                                     | 12/78 [00:03<00:21,  3.02it/s, loss=0.6752]Trial 6 Ep5:  15%|████████████▌                                                                     | 12/78 [00:04<00:21,  3.02it/s, loss=0.7092]Trial 6 Ep5:  17%|█████████████▋                                                                    | 13/78 [00:04<00:21,  3.06it/s, loss=0.7092]Trial 6 Ep5:  17%|█████████████▋                                                                    | 13/78 [00:04<00:21,  3.06it/s, loss=0.6795]Trial 6 Ep5:  18%|██████████████▋                                                                   | 14/78 [00:04<00:20,  3.09it/s, loss=0.6795]Trial 6 Ep5:  18%|██████████████▋                                                                   | 14/78 [00:04<00:20,  3.09it/s, loss=0.6395]Trial 6 Ep5:  19%|███████████████▊                                                                  | 15/78 [00:04<00:20,  3.04it/s, loss=0.6395]Trial 6 Ep5:  19%|███████████████▊                                                                  | 15/78 [00:05<00:20,  3.04it/s, loss=0.6972]Trial 6 Ep5:  21%|████████████████▊                                                                 | 16/78 [00:05<00:19,  3.14it/s, loss=0.6972]Trial 6 Ep5:  21%|████████████████▊                                                                 | 16/78 [00:05<00:19,  3.14it/s, loss=0.6592]Trial 6 Ep5:  22%|█████████████████▊                                                                | 17/78 [00:05<00:19,  3.10it/s, loss=0.6592]Trial 6 Ep5:  22%|█████████████████▊                                                                | 17/78 [00:05<00:19,  3.10it/s, loss=0.6653]Trial 6 Ep5:  23%|██████████████████▉                                                               | 18/78 [00:05<00:20,  2.94it/s, loss=0.6653]Trial 6 Ep5:  23%|██████████████████▉                                                               | 18/78 [00:06<00:20,  2.94it/s, loss=0.6199]Trial 6 Ep5:  24%|███████████████████▉                                                              | 19/78 [00:06<00:19,  3.04it/s, loss=0.6199]Trial 6 Ep5:  24%|███████████████████▉                                                              | 19/78 [00:06<00:19,  3.04it/s, loss=0.7021]Trial 6 Ep5:  26%|█████████████████████                                                             | 20/78 [00:06<00:19,  3.04it/s, loss=0.7021]Trial 6 Ep5:  26%|█████████████████████                                                             | 20/78 [00:06<00:19,  3.04it/s, loss=0.6322]Trial 6 Ep5:  27%|██████████████████████                                                            | 21/78 [00:06<00:18,  3.03it/s, loss=0.6322]Trial 6 Ep5:  27%|██████████████████████                                                            | 21/78 [00:07<00:18,  3.03it/s, loss=0.6362]Trial 6 Ep5:  28%|███████████████████████▏                                                          | 22/78 [00:07<00:17,  3.16it/s, loss=0.6362]Trial 6 Ep5:  28%|███████████████████████▏                                                          | 22/78 [00:07<00:17,  3.16it/s, loss=0.6678]Trial 6 Ep5:  29%|████████████████████████▏                                                         | 23/78 [00:07<00:17,  3.19it/s, loss=0.6678]Trial 6 Ep5:  29%|████████████████████████▏                                                         | 23/78 [00:07<00:17,  3.19it/s, loss=0.6724]Trial 6 Ep5:  31%|█████████████████████████▏                                                        | 24/78 [00:07<00:16,  3.24it/s, loss=0.6724]Trial 6 Ep5:  31%|█████████████████████████▏                                                        | 24/78 [00:08<00:16,  3.24it/s, loss=0.6478]Trial 6 Ep5:  32%|██████████████████████████▎                                                       | 25/78 [00:08<00:16,  3.18it/s, loss=0.6478]Trial 6 Ep5:  32%|██████████████████████████▎                                                       | 25/78 [00:08<00:16,  3.18it/s, loss=0.7162]Trial 6 Ep5:  33%|███████████████████████████▎                                                      | 26/78 [00:08<00:17,  3.04it/s, loss=0.7162]Trial 6 Ep5:  33%|███████████████████████████▎                                                      | 26/78 [00:08<00:17,  3.04it/s, loss=0.7415]Trial 6 Ep5:  35%|████████████████████████████▍                                                     | 27/78 [00:08<00:16,  3.07it/s, loss=0.7415]Trial 6 Ep5:  35%|████████████████████████████▍                                                     | 27/78 [00:09<00:16,  3.07it/s, loss=0.6714]Trial 6 Ep5:  36%|█████████████████████████████▍                                                    | 28/78 [00:09<00:16,  3.09it/s, loss=0.6714]Trial 6 Ep5:  36%|█████████████████████████████▍                                                    | 28/78 [00:09<00:16,  3.09it/s, loss=0.6573]Trial 6 Ep5:  37%|██████████████████████████████▍                                                   | 29/78 [00:09<00:15,  3.22it/s, loss=0.6573]Trial 6 Ep5:  37%|██████████████████████████████▍                                                   | 29/78 [00:09<00:15,  3.22it/s, loss=0.6173]Trial 6 Ep5:  38%|███████████████████████████████▌                                                  | 30/78 [00:09<00:15,  3.10it/s, loss=0.6173]Trial 6 Ep5:  38%|███████████████████████████████▌                                                  | 30/78 [00:10<00:15,  3.10it/s, loss=0.6573]Trial 6 Ep5:  40%|████████████████████████████████▌                                                 | 31/78 [00:10<00:15,  3.01it/s, loss=0.6573]Trial 6 Ep5:  40%|████████████████████████████████▌                                                 | 31/78 [00:10<00:15,  3.01it/s, loss=0.6530]Trial 6 Ep5:  41%|█████████████████████████████████▋                                                | 32/78 [00:10<00:15,  2.97it/s, loss=0.6530]Trial 6 Ep5:  41%|█████████████████████████████████▋                                                | 32/78 [00:10<00:15,  2.97it/s, loss=0.7009]Trial 6 Ep5:  42%|██████████████████████████████████▋                                               | 33/78 [00:10<00:15,  2.94it/s, loss=0.7009]Trial 6 Ep5:  42%|██████████████████████████████████▋                                               | 33/78 [00:11<00:15,  2.94it/s, loss=0.7211]Trial 6 Ep5:  44%|███████████████████████████████████▋                                              | 34/78 [00:11<00:14,  2.96it/s, loss=0.7211]Trial 6 Ep5:  44%|███████████████████████████████████▋                                              | 34/78 [00:11<00:14,  2.96it/s, loss=0.6780]Trial 6 Ep5:  45%|████████████████████████████████████▊                                             | 35/78 [00:11<00:15,  2.83it/s, loss=0.6780]Trial 6 Ep5:  45%|████████████████████████████████████▊                                             | 35/78 [00:11<00:15,  2.83it/s, loss=0.6848]Trial 6 Ep5:  46%|█████████████████████████████████████▊                                            | 36/78 [00:11<00:14,  2.88it/s, loss=0.6848]Trial 6 Ep5:  46%|█████████████████████████████████████▊                                            | 36/78 [00:12<00:14,  2.88it/s, loss=0.7157]Trial 6 Ep5:  47%|██████████████████████████████████████▉                                           | 37/78 [00:12<00:14,  2.89it/s, loss=0.7157]Trial 6 Ep5:  47%|██████████████████████████████████████▉                                           | 37/78 [00:12<00:14,  2.89it/s, loss=0.7039]Trial 6 Ep5:  49%|███████████████████████████████████████▉                                          | 38/78 [00:12<00:13,  2.89it/s, loss=0.7039]Trial 6 Ep5:  49%|███████████████████████████████████████▉                                          | 38/78 [00:12<00:13,  2.89it/s, loss=0.6866]Trial 6 Ep5:  50%|█████████████████████████████████████████                                         | 39/78 [00:12<00:13,  2.86it/s, loss=0.6866]Trial 6 Ep5:  50%|█████████████████████████████████████████                                         | 39/78 [00:13<00:13,  2.86it/s, loss=0.6474]Trial 6 Ep5:  51%|██████████████████████████████████████████                                        | 40/78 [00:13<00:12,  2.98it/s, loss=0.6474]Trial 6 Ep5:  51%|██████████████████████████████████████████                                        | 40/78 [00:13<00:12,  2.98it/s, loss=0.7196]Trial 6 Ep5:  53%|███████████████████████████████████████████                                       | 41/78 [00:13<00:12,  2.96it/s, loss=0.7196]Trial 6 Ep5:  53%|███████████████████████████████████████████                                       | 41/78 [00:13<00:12,  2.96it/s, loss=0.7666]Trial 6 Ep5:  54%|████████████████████████████████████████████▏                                     | 42/78 [00:13<00:11,  3.14it/s, loss=0.7666]Trial 6 Ep5:  54%|████████████████████████████████████████████▏                                     | 42/78 [00:14<00:11,  3.14it/s, loss=0.7027]Trial 6 Ep5:  55%|█████████████████████████████████████████████▏                                    | 43/78 [00:14<00:11,  2.95it/s, loss=0.7027]Trial 6 Ep5:  55%|█████████████████████████████████████████████▏                                    | 43/78 [00:14<00:11,  2.95it/s, loss=0.6553]Trial 6 Ep5:  56%|██████████████████████████████████████████████▎                                   | 44/78 [00:14<00:11,  2.97it/s, loss=0.6553]Trial 6 Ep5:  56%|██████████████████████████████████████████████▎                                   | 44/78 [00:14<00:11,  2.97it/s, loss=0.5986]Trial 6 Ep5:  58%|███████████████████████████████████████████████▎                                  | 45/78 [00:14<00:11,  2.95it/s, loss=0.5986]Trial 6 Ep5:  58%|███████████████████████████████████████████████▎                                  | 45/78 [00:15<00:11,  2.95it/s, loss=0.6604]Trial 6 Ep5:  59%|████████████████████████████████████████████████▎                                 | 46/78 [00:15<00:10,  3.00it/s, loss=0.6604]Trial 6 Ep5:  59%|████████████████████████████████████████████████▎                                 | 46/78 [00:15<00:10,  3.00it/s, loss=0.7302]Trial 6 Ep5:  60%|█████████████████████████████████████████████████▍                                | 47/78 [00:15<00:09,  3.13it/s, loss=0.7302]Trial 6 Ep5:  60%|█████████████████████████████████████████████████▍                                | 47/78 [00:15<00:09,  3.13it/s, loss=0.6603]Trial 6 Ep5:  62%|██████████████████████████████████████████████████▍                               | 48/78 [00:15<00:09,  3.01it/s, loss=0.6603]Trial 6 Ep5:  62%|██████████████████████████████████████████████████▍                               | 48/78 [00:16<00:09,  3.01it/s, loss=0.6819]Trial 6 Ep5:  63%|███████████████████████████████████████████████████▌                              | 49/78 [00:16<00:09,  3.08it/s, loss=0.6819]Trial 6 Ep5:  63%|███████████████████████████████████████████████████▌                              | 49/78 [00:16<00:09,  3.08it/s, loss=0.7007]Trial 6 Ep5:  64%|████████████████████████████████████████████████████▌                             | 50/78 [00:16<00:08,  3.17it/s, loss=0.7007]Trial 6 Ep5:  64%|████████████████████████████████████████████████████▌                             | 50/78 [00:16<00:08,  3.17it/s, loss=0.6961]Trial 6 Ep5:  65%|█████████████████████████████████████████████████████▌                            | 51/78 [00:16<00:08,  3.16it/s, loss=0.6961]Trial 6 Ep5:  65%|█████████████████████████████████████████████████████▌                            | 51/78 [00:17<00:08,  3.16it/s, loss=0.6550]Trial 6 Ep5:  67%|██████████████████████████████████████████████████████▋                           | 52/78 [00:17<00:08,  3.10it/s, loss=0.6550]Trial 6 Ep5:  67%|██████████████████████████████████████████████████████▋                           | 52/78 [00:17<00:08,  3.10it/s, loss=0.6793]Trial 6 Ep5:  68%|███████████████████████████████████████████████████████▋                          | 53/78 [00:17<00:07,  3.15it/s, loss=0.6793]Trial 6 Ep5:  68%|███████████████████████████████████████████████████████▋                          | 53/78 [00:17<00:07,  3.15it/s, loss=0.6926]Trial 6 Ep5:  69%|████████████████████████████████████████████████████████▊                         | 54/78 [00:17<00:07,  3.01it/s, loss=0.6926]Trial 6 Ep5:  69%|████████████████████████████████████████████████████████▊                         | 54/78 [00:18<00:07,  3.01it/s, loss=0.6713]Trial 6 Ep5:  71%|█████████████████████████████████████████████████████████▊                        | 55/78 [00:18<00:07,  3.07it/s, loss=0.6713]Trial 6 Ep5:  71%|█████████████████████████████████████████████████████████▊                        | 55/78 [00:18<00:07,  3.07it/s, loss=0.7126]Trial 6 Ep5:  72%|██████████████████████████████████████████████████████████▊                       | 56/78 [00:18<00:07,  3.12it/s, loss=0.7126]Trial 6 Ep5:  72%|██████████████████████████████████████████████████████████▊                       | 56/78 [00:18<00:07,  3.12it/s, loss=0.6857]Trial 6 Ep5:  73%|███████████████████████████████████████████████████████████▉                      | 57/78 [00:18<00:06,  3.18it/s, loss=0.6857]Trial 6 Ep5:  73%|███████████████████████████████████████████████████████████▉                      | 57/78 [00:19<00:06,  3.18it/s, loss=0.7105]Trial 6 Ep5:  74%|████████████████████████████████████████████████████████████▉                     | 58/78 [00:19<00:06,  3.10it/s, loss=0.7105]Trial 6 Ep5:  74%|████████████████████████████████████████████████████████████▉                     | 58/78 [00:19<00:06,  3.10it/s, loss=0.6843]Trial 6 Ep5:  76%|██████████████████████████████████████████████████████████████                    | 59/78 [00:19<00:06,  3.06it/s, loss=0.6843]Trial 6 Ep5:  76%|██████████████████████████████████████████████████████████████                    | 59/78 [00:19<00:06,  3.06it/s, loss=0.6698]Trial 6 Ep5:  77%|███████████████████████████████████████████████████████████████                   | 60/78 [00:19<00:05,  3.12it/s, loss=0.6698]Trial 6 Ep5:  77%|███████████████████████████████████████████████████████████████                   | 60/78 [00:20<00:05,  3.12it/s, loss=0.6643]Trial 6 Ep5:  78%|████████████████████████████████████████████████████████████████▏                 | 61/78 [00:20<00:05,  3.20it/s, loss=0.6643]Trial 6 Ep5:  78%|████████████████████████████████████████████████████████████████▏                 | 61/78 [00:20<00:05,  3.20it/s, loss=0.6795]Trial 6 Ep5:  79%|█████████████████████████████████████████████████████████████████▏                | 62/78 [00:20<00:04,  3.30it/s, loss=0.6795]Trial 6 Ep5:  79%|█████████████████████████████████████████████████████████████████▏                | 62/78 [00:20<00:04,  3.30it/s, loss=0.6426]Trial 6 Ep5:  81%|██████████████████████████████████████████████████████████████████▏               | 63/78 [00:20<00:04,  3.21it/s, loss=0.6426]Trial 6 Ep5:  81%|██████████████████████████████████████████████████████████████████▏               | 63/78 [00:20<00:04,  3.21it/s, loss=0.7022]Trial 6 Ep5:  82%|███████████████████████████████████████████████████████████████████▎              | 64/78 [00:20<00:04,  3.26it/s, loss=0.7022]Trial 6 Ep5:  82%|███████████████████████████████████████████████████████████████████▎              | 64/78 [00:21<00:04,  3.26it/s, loss=0.6815]Trial 6 Ep5:  83%|████████████████████████████████████████████████████████████████████▎             | 65/78 [00:21<00:03,  3.27it/s, loss=0.6815]Trial 6 Ep5:  83%|████████████████████████████████████████████████████████████████████▎             | 65/78 [00:21<00:03,  3.27it/s, loss=0.6960]Trial 6 Ep5:  85%|█████████████████████████████████████████████████████████████████████▍            | 66/78 [00:21<00:03,  3.12it/s, loss=0.6960]Trial 6 Ep5:  85%|█████████████████████████████████████████████████████████████████████▍            | 66/78 [00:21<00:03,  3.12it/s, loss=0.6437]Trial 6 Ep5:  86%|██████████████████████████████████████████████████████████████████████▍           | 67/78 [00:21<00:03,  3.07it/s, loss=0.6437]Trial 6 Ep5:  86%|██████████████████████████████████████████████████████████████████████▍           | 67/78 [00:22<00:03,  3.07it/s, loss=0.7295]Trial 6 Ep5:  87%|███████████████████████████████████████████████████████████████████████▍          | 68/78 [00:22<00:03,  3.12it/s, loss=0.7295]Trial 6 Ep5:  87%|███████████████████████████████████████████████████████████████████████▍          | 68/78 [00:22<00:03,  3.12it/s, loss=0.6453]Trial 6 Ep5:  88%|████████████████████████████████████████████████████████████████████████▌         | 69/78 [00:22<00:03,  2.61it/s, loss=0.6453]Trial 6 Ep5:  88%|████████████████████████████████████████████████████████████████████████▌         | 69/78 [00:23<00:03,  2.61it/s, loss=0.6525]Trial 6 Ep5:  90%|█████████████████████████████████████████████████████████████████████████▌        | 70/78 [00:23<00:02,  2.71it/s, loss=0.6525]Trial 6 Ep5:  90%|█████████████████████████████████████████████████████████████████████████▌        | 70/78 [00:23<00:02,  2.71it/s, loss=0.6863]Trial 6 Ep5:  91%|██████████████████████████████████████████████████████████████████████████▋       | 71/78 [00:23<00:02,  2.98it/s, loss=0.6863]Trial 6 Ep5:  91%|██████████████████████████████████████████████████████████████████████████▋       | 71/78 [00:23<00:02,  2.98it/s, loss=0.6911]Trial 6 Ep5:  92%|███████████████████████████████████████████████████████████████████████████▋      | 72/78 [00:23<00:01,  3.01it/s, loss=0.6911]Trial 6 Ep5:  92%|███████████████████████████████████████████████████████████████████████████▋      | 72/78 [00:23<00:01,  3.01it/s, loss=0.6580]Trial 6 Ep5:  94%|████████████████████████████████████████████████████████████████████████████▋     | 73/78 [00:23<00:01,  3.07it/s, loss=0.6580]Trial 6 Ep5:  94%|████████████████████████████████████████████████████████████████████████████▋     | 73/78 [00:24<00:01,  3.07it/s, loss=0.6325]Trial 6 Ep5:  95%|█████████████████████████████████████████████████████████████████████████████▊    | 74/78 [00:24<00:01,  3.01it/s, loss=0.6325]Trial 6 Ep5:  95%|█████████████████████████████████████████████████████████████████████████████▊    | 74/78 [00:24<00:01,  3.01it/s, loss=0.6938]Trial 6 Ep5:  96%|██████████████████████████████████████████████████████████████████████████████▊  