Trial 12 Ep5:   0%|                                                                                                                                    | 0/78 [00:00<?, ?it/s]Trial 12 Ep5:   0%|                                                                                                                       | 0/78 [00:00<?, ?it/s, loss=0.7046]Trial 12 Ep5:   1%|█▍                                                                                                             | 1/78 [00:00<00:55,  1.40it/s, loss=0.7046]Trial 12 Ep5:   1%|█▍                                                                                                             | 1/78 [00:01<00:55,  1.40it/s, loss=0.7164]Trial 12 Ep5:   3%|██▊                                                                                                            | 2/78 [00:01<00:52,  1.44it/s, loss=0.7164]Trial 12 Ep5:   3%|██▊                                                                                                            | 2/78 [00:02<00:52,  1.44it/s, loss=0.6440]Trial 12 Ep5:   4%|████▎                                                                                                          | 3/78 [00:02<00:53,  1.40it/s, loss=0.6440]Trial 12 Ep5:   4%|████▎                                                                                                          | 3/78 [00:03<00:53,  1.40it/s, loss=0.6965]Trial 12 Ep5:   5%|█████▋                                                                                                         | 4/78 [00:03<00:57,  1.29it/s, loss=0.6965]Trial 12 Ep5:   5%|█████▋                                                                                                         | 4/78 [00:03<00:57,  1.29it/s, loss=0.6469]Trial 12 Ep5:   6%|███████                                                                                                        | 5/78 [00:03<00:55,  1.31it/s, loss=0.6469]Trial 12 Ep5:   6%|███████                                                                                                        | 5/78 [00:04<00:55,  1.31it/s, loss=0.6644]Trial 12 Ep5:   8%|████████▌                                                                                                      | 6/78 [00:04<00:53,  1.34it/s, loss=0.6644]Trial 12 Ep5:   8%|████████▌                                                                                                      | 6/78 [00:05<00:53,  1.34it/s, loss=0.6232]Trial 12 Ep5:   9%|█████████▉                                                                                                     | 7/78 [00:05<00:52,  1.37it/s, loss=0.6232]Trial 12 Ep5:   9%|█████████▉                                                                                                     | 7/78 [00:05<00:52,  1.37it/s, loss=0.6676]Trial 12 Ep5:  10%|███████████▍                                                                                                   | 8/78 [00:05<00:50,  1.38it/s, loss=0.6676]Trial 12 Ep5:  10%|███████████▍                                                                                                   | 8/78 [00:06<00:50,  1.38it/s, loss=0.6690]Trial 12 Ep5:  12%|████████████▊                                                                                                  | 9/78 [00:06<00:47,  1.45it/s, loss=0.6690]Trial 12 Ep5:  12%|████████████▊                                                                                                  | 9/78 [00:07<00:47,  1.45it/s, loss=0.6440]Trial 12 Ep5:  13%|██████████████                                                                                                | 10/78 [00:07<00:45,  1.48it/s, loss=0.6440]Trial 12 Ep5:  13%|██████████████                                                                                                | 10/78 [00:07<00:45,  1.48it/s, loss=0.6696]Trial 12 Ep5:  14%|███████████████▌                                                                                              | 11/78 [00:07<00:45,  1.49it/s, loss=0.6696]Trial 12 Ep5:  14%|███████████████▌                                                                                              | 11/78 [00:08<00:45,  1.49it/s, loss=0.6907]Trial 12 Ep5:  15%|████████████████▉                                                                                             | 12/78 [00:08<00:43,  1.53it/s, loss=0.6907]Trial 12 Ep5:  15%|████████████████▉                                                                                             | 12/78 [00:09<00:43,  1.53it/s, loss=0.6734]Trial 12 Ep5:  17%|██████████████████▎                                                                                           | 13/78 [00:09<00:42,  1.53it/s, loss=0.6734]Trial 12 Ep5:  17%|██████████████████▎                                                                                           | 13/78 [00:09<00:42,  1.53it/s, loss=0.6924]Trial 12 Ep5:  18%|███████████████████▋                                                                                          | 14/78 [00:09<00:41,  1.53it/s, loss=0.6924]Trial 12 Ep5:  18%|███████████████████▋                                                                                          | 14/78 [00:10<00:41,  1.53it/s, loss=0.6511]Trial 12 Ep5:  19%|█████████████████████▏                                                                                        | 15/78 [00:10<00:41,  1.51it/s, loss=0.6511]Trial 12 Ep5:  19%|█████████████████████▏                                                                                        | 15/78 [00:11<00:41,  1.51it/s, loss=0.6966]Trial 12 Ep5:  21%|██████████████████████▌                                                                                       | 16/78 [00:11<00:42,  1.46it/s, loss=0.6966]Trial 12 Ep5:  21%|██████████████████████▌                                                                                       | 16/78 [00:11<00:42,  1.46it/s, loss=0.6860]Trial 12 Ep5:  22%|███████████████████████▉                                                                                      | 17/78 [00:11<00:42,  1.43it/s, loss=0.6860]Trial 12 Ep5:  22%|███████████████████████▉                                                                                      | 17/78 [00:12<00:42,  1.43it/s, loss=0.6754]Trial 12 Ep5:  23%|█████████████████████████▍                                                                                    | 18/78 [00:12<00:46,  1.29it/s, loss=0.6754]Trial 12 Ep5:  23%|█████████████████████████▍                                                                                    | 18/78 [00:13<00:46,  1.29it/s, loss=0.6576]Trial 12 Ep5:  24%|██████████████████████████▊                                                                                   | 19/78 [00:13<00:44,  1.33it/s, loss=0.6576]Trial 12 Ep5:  24%|██████████████████████████▊                                                                                   | 19/78 [00:14<00:44,  1.33it/s, loss=0.7030]Trial 12 Ep5:  26%|████████████████████████████▏                                                                                 | 20/78 [00:14<00:43,  1.34it/s, loss=0.7030]Trial 12 Ep5:  26%|████████████████████████████▏                                                                                 | 20/78 [00:15<00:43,  1.34it/s, loss=0.6207]Trial 12 Ep5:  27%|█████████████████████████████▌                                                                                | 21/78 [00:15<00:43,  1.30it/s, loss=0.6207]Trial 12 Ep5:  27%|█████████████████████████████▌                                                                                | 21/78 [00:15<00:43,  1.30it/s, loss=0.7005]Trial 12 Ep5:  28%|███████████████████████████████                                                                               | 22/78 [00:15<00:42,  1.31it/s, loss=0.7005]Trial 12 Ep5:  28%|███████████████████████████████                                                                               | 22/78 [00:16<00:42,  1.31it/s, loss=0.6725]Trial 12 Ep5:  29%|████████████████████████████████▍                                                                             | 23/78 [00:16<00:40,  1.37it/s, loss=0.6725]Trial 12 Ep5:  29%|████████████████████████████████▍                                                                             | 23/78 [00:17<00:40,  1.37it/s, loss=0.6889]Trial 12 Ep5:  31%|█████████████████████████████████▊                                                                            | 24/78 [00:17<00:39,  1.35it/s, loss=0.6889]Trial 12 Ep5:  31%|█████████████████████████████████▊                                                                            | 24/78 [00:17<00:39,  1.35it/s, loss=0.6160]Trial 12 Ep5:  32%|███████████████████████████████████▎                                                                          | 25/78 [00:17<00:37,  1.42it/s, loss=0.6160]Trial 12 Ep5:  32%|███████████████████████████████████▎                                                                          | 25/78 [00:18<00:37,  1.42it/s, loss=0.6874]Trial 12 Ep5:  33%|████████████████████████████████████▋                                                                         | 26/78 [00:18<00:37,  1.40it/s, loss=0.6874]Trial 12 Ep5:  33%|████████████████████████████████████▋                                                                         | 26/78 [00:19<00:37,  1.40it/s, loss=0.7169]Trial 12 Ep5:  35%|██████████████████████████████████████                                                                        | 27/78 [00:19<00:36,  1.38it/s, loss=0.7169]Trial 12 Ep5:  35%|██████████████████████████████████████                                                                        | 27/78 [00:20<00:36,  1.38it/s, loss=0.6930]Trial 12 Ep5:  36%|███████████████████████████████████████▍                                                                      | 28/78 [00:20<00:36,  1.36it/s, loss=0.6930]Trial 12 Ep5:  36%|███████████████████████████████████████▍                                                                      | 28/78 [00:20<00:36,  1.36it/s, loss=0.6746]Trial 12 Ep5:  37%|████████████████████████████████████████▉                                                                     | 29/78 [00:20<00:36,  1.35it/s, loss=0.6746]Trial 12 Ep5:  37%|████████████████████████████████████████▉                                                                     | 29/78 [00:21<00:36,  1.35it/s, loss=0.6674]Trial 12 Ep5:  38%|██████████████████████████████████████████▎                                                                   | 30/78 [00:21<00:33,  1.42it/s, loss=0.6674]Trial 12 Ep5:  38%|██████████████████████████████████████████▎                                                                   | 30/78 [00:22<00:33,  1.42it/s, loss=0.6193]Trial 12 Ep5:  40%|███████████████████████████████████████████▋                                                                  | 31/78 [00:22<00:32,  1.46it/s, loss=0.6193]Trial 12 Ep5:  40%|███████████████████████████████████████████▋                                                                  | 31/78 [00:22<00:32,  1.46it/s, loss=0.6616]Trial 12 Ep5:  41%|█████████████████████████████████████████████▏                                                                | 32/78 [00:22<00:33,  1.36it/s, loss=0.6616]Trial 12 Ep5:  41%|█████████████████████████████████████████████▏                                                                | 32/78 [00:23<00:33,  1.36it/s, loss=0.6924]Trial 12 Ep5:  42%|██████████████████████████████████████████████▌                                                               | 33/78 [00:23<00:33,  1.34it/s, loss=0.6924]Trial 12 Ep5:  42%|██████████████████████████████████████████████▌                                                               | 33/78 [00:24<00:33,  1.34it/s, loss=0.7062]Trial 12 Ep5:  44%|███████████████████████████████████████████████▉                                                              | 34/78 [00:24<00:32,  1.37it/s, loss=0.7062]Trial 12 Ep5:  44%|███████████████████████████████████████████████▉                                                              | 34/78 [00:25<00:32,  1.37it/s, loss=0.6762]Trial 12 Ep5:  45%|█████████████████████████████████████████████████▎                                                            | 35/78 [00:25<00:31,  1.35it/s, loss=0.6762]Trial 12 Ep5:  45%|█████████████████████████████████████████████████▎                                                            | 35/78 [00:25<00:31,  1.35it/s, loss=0.6689]Trial 12 Ep5:  46%|██████████████████████████████████████████████████▊                                                           | 36/78 [00:25<00:29,  1.41it/s, loss=0.6689]Trial 12 Ep5:  46%|██████████████████████████████████████████████████▊                                                           | 36/78 [00:26<00:29,  1.41it/s, loss=0.6071]Trial 12 Ep5:  47%|████████████████████████████████████████████████████▏                                                         | 37/78 [00:26<00:28,  1.42it/s, loss=0.6071]Trial 12 Ep5:  47%|████████████████████████████████████████████████████▏                                                         | 37/78 [00:27<00:28,  1.42it/s, loss=0.5911]Trial 12 Ep5:  49%|█████████████████████████████████████████████████████▌                                                        | 38/78 [00:27<00:27,  1.43it/s, loss=0.5911]Trial 12 Ep5:  49%|█████████████████████████████████████████████████████▌                                                        | 38/78 [00:27<00:27,  1.43it/s, loss=0.6933]Trial 12 Ep5:  50%|███████████████████████████████████████████████████████                                                       | 39/78 [00:27<00:26,  1.47it/s, loss=0.6933]Trial 12 Ep5:  50%|███████████████████████████████████████████████████████                                                       | 39/78 [00:28<00:26,  1.47it/s, loss=0.6556]Trial 12 Ep5:  51%|████████████████████████████████████████████████████████▍                                                     | 40/78 [00:28<00:25,  1.48it/s, loss=0.6556]Trial 12 Ep5:  51%|████████████████████████████████████████████████████████▍                                                     | 40/78 [00:29<00:25,  1.48it/s, loss=0.6221]Trial 12 Ep5:  53%|█████████████████████████████████████████████████████████▊                                                    | 41/78 [00:29<00:25,  1.47it/s, loss=0.6221]Trial 12 Ep5:  53%|█████████████████████████████████████████████████████████▊                                                    | 41/78 [00:29<00:25,  1.47it/s, loss=0.6993]Trial 12 Ep5:  54%|███████████████████████████████████████████████████████████▏                                                  | 42/78 [00:29<00:24,  1.49it/s, loss=0.6993]Trial 12 Ep5:  54%|███████████████████████████████████████████████████████████▏                                                  | 42/78 [00:30<00:24,  1.49it/s, loss=0.5931]Trial 12 Ep5:  55%|████████████████████████████████████████████████████████████▋                                                 | 43/78 [00:30<00:22,  1.52it/s, loss=0.5931]Trial 12 Ep5:  55%|████████████████████████████████████████████████████████████▋                                                 | 43/78 [00:31<00:22,  1.52it/s, loss=0.6208]Trial 12 Ep5:  56%|██████████████████████████████████████████████████████████████                                                | 44/78 [00:31<00:22,  1.53it/s, loss=0.6208]Trial 12 Ep5:  56%|██████████████████████████████████████████████████████████████                                                | 44/78 [00:31<00:22,  1.53it/s, loss=0.7704]Trial 12 Ep5:  58%|███████████████████████████████████████████████████████████████▍                                              | 45/78 [00:31<00:21,  1.52it/s, loss=0.7704]Trial 12 Ep5:  58%|███████████████████████████████████████████████████████████████▍                                              | 45/78 [00:32<00:21,  1.52it/s, loss=0.6729]Trial 12 Ep5:  59%|████████████████████████████████████████████████████████████████▊                                             | 46/78 [00:32<00:22,  1.39it/s, loss=0.6729]Trial 12 Ep5:  59%|████████████████████████████████████████████████████████████████▊                                             | 46/78 [00:33<00:22,  1.39it/s, loss=0.6771]Trial 12 Ep5:  60%|██████████████████████████████████████████████████████████████████▎                                           | 47/78 [00:33<00:22,  1.39it/s, loss=0.6771]Trial 12 Ep5:  60%|██████████████████████████████████████████████████████████████████▎                                           | 47/78 [00:34<00:22,  1.39it/s, loss=0.6273]Trial 12 Ep5:  62%|███████████████████████████████████████████████████████████████████▋                                          | 48/78 [00:34<00:21,  1.39it/s, loss=0.6273]Trial 12 Ep5:  62%|███████████████████████████████████████████████████████████████████▋                                          | 48/78 [00:34<00:21,  1.39it/s, loss=0.6888]Trial 12 Ep5:  63%|█████████████████████████████████████████████████████████████████████                                         | 49/78 [00:34<00:20,  1.40it/s, loss=0.6888]Trial 12 Ep5:  63%|█████████████████████████████████████████████████████████████████████                                         | 49/78 [00:35<00:20,  1.40it/s, loss=0.7355]Trial 12 Ep5:  64%|██████████████████████████████████████████████████████████████████████▌                                       | 50/78 [00:35<00:19,  1.43it/s, loss=0.7355]Trial 12 Ep5:  64%|██████████████████████████████████████████████████████████████████████▌                                       | 50/78 [00:36<00:19,  1.43it/s, loss=0.6093]Trial 12 Ep5:  65%|███████████████████████████████████████████████████████████████████████▉                                      | 51/78 [00:36<00:18,  1.46it/s, loss=0.6093]Trial 12 Ep5:  65%|███████████████████████████████████████████████████████████████████████▉                                      | 51/78 [00:36<00:18,  1.46it/s, loss=0.7158]Trial 12 Ep5:  67%|█████████████████████████████████████████████████████████████████████████▎                                    | 52/78 [00:36<00:17,  1.47it/s, loss=0.7158]Trial 12 Ep5:  67%|█████████████████████████████████████████████████████████████████████████▎                                    | 52/78 [00:37<00:17,  1.47it/s, loss=0.6423]Trial 12 Ep5:  68%|██████████████████████████████████████████████████████████████████████████▋                                   | 53/78 [00:37<00:17,  1.46it/s, loss=0.6423]Trial 12 Ep5:  68%|██████████████████████████████████████████████████████████████████████████▋                                   | 53/78 [00:38<00:17,  1.46it/s, loss=0.6648]Trial 12 Ep5:  69%|████████████████████████████████████████████████████████████████████████████▏                                 | 54/78 [00:38<00:16,  1.42it/s, loss=0.6648]Trial 12 Ep5:  69%|████████████████████████████████████████████████████████████████████████████▏                                 | 54/78 [00:38<00:16,  1.42it/s, loss=0.6480]Trial 12 Ep5:  71%|█████████████████████████████████████████████████████████████████████████████▌                                | 55/78 [00:38<00:15,  1.44it/s, loss=0.6480]Trial 12 Ep5:  71%|█████████████████████████████████████████████████████████████████████████████▌                                | 55/78 [00:39<00:15,  1.44it/s, loss=0.6329]Trial 12 Ep5:  72%|██████████████████████████████████████████████████████████████████████████████▉                               | 56/78 [00:39<00:14,  1.49it/s, loss=0.6329]Trial 12 Ep5:  72%|██████████████████████████████████████████████████████████████████████████████▉                               | 56/78 [00:40<00:14,  1.49it/s, loss=0.6019]Trial 12 Ep5:  73%|████████████████████████████████████████████████████████████████████████████████▍                             | 57/78 [00:40<00:14,  1.48it/s, loss=0.6019]Trial 12 Ep5:  73%|████████████████████████████████████████████████████████████████████████████████▍                             | 57/78 [00:40<00:14,  1.48it/s, loss=0.5864]Trial 12 Ep5:  74%|█████████████████████████████████████████████████████████████████████████████████▊                            | 58/78 [00:40<00:13,  1.45it/s, loss=0.5864]Trial 12 Ep5:  74%|█████████████████████████████████████████████████████████████████████████████████▊                            | 58/78 [00:41<00:13,  1.45it/s, loss=0.7459]Trial 12 Ep5:  76%|███████████████████████████████████████████████████████████████████████████████████▏                          | 59/78 [00:41<00:13,  1.41it/s, loss=0.7459]Trial 12 Ep5:  76%|███████████████████████████████████████████████████████████████████████████████████▏                          | 59/78 [00:42<00:13,  1.41it/s, loss=0.6506]Trial 12 Ep5:  77%|████████████████████████████████████████████████████████████████████████████████████▌                         | 60/78 [00:42<00:13,  1.33it/s, loss=0.6506]Trial 12 Ep5:  77%|████████████████████████████████████████████████████████████████████████████████████▌                         | 60/78 [00:43<00:13,  1.33it/s, loss=0.6484]Trial 12 Ep5:  78%|██████████████████████████████████████████████████████████████████████████████████████                        | 61/78 [00:43<00:12,  1.39it/s, loss=0.6484]Trial 12 Ep5:  78%|██████████████████████████████████████████████████████████████████████████████████████                        | 61/78 [00:43<00:12,  1.39it/s, loss=0.6133]Trial 12 Ep5:  79%|███████████████████████████████████████████████████████████████████████████████████████▍                      | 62/78 [00:43<00:11,  1.42it/s, loss=0.6133]Trial 12 Ep5:  79%|███████████████████████████████████████████████████████████████████████████████████████▍                 