Trial 16 Ep1:   0%|                                                                                                                                    | 0/78 [00:00<?, ?it/s]Trial 16 Ep1:   0%|                                                                                                                       | 0/78 [00:01<?, ?it/s, loss=0.7884]Trial 16 Ep1:   1%|█▍                                                                                                             | 1/78 [00:01<01:17,  1.01s/it, loss=0.7884]Trial 16 Ep1:   1%|█▍                                                                                                             | 1/78 [00:01<01:17,  1.01s/it, loss=0.7158]Trial 16 Ep1:   3%|██▊                                                                                                            | 2/78 [00:01<01:01,  1.24it/s, loss=0.7158]Trial 16 Ep1:   3%|██▊                                                                                                            | 2/78 [00:04<01:01,  1.24it/s, loss=0.7372]Trial 16 Ep1:   4%|████▎                                                                                                          | 3/78 [00:04<02:04,  1.67s/it, loss=0.7372]Trial 16 Ep1:   4%|████▎                                                                                                          | 3/78 [00:05<02:04,  1.67s/it, loss=0.6552]Trial 16 Ep1:   5%|█████▋                                                                                                         | 4/78 [00:05<01:34,  1.27s/it, loss=0.6552]Trial 16 Ep1:   5%|█████▋                                                                                                         | 4/78 [00:05<01:34,  1.27s/it, loss=0.7862]Trial 16 Ep1:   6%|███████                                                                                                        | 5/78 [00:05<01:18,  1.08s/it, loss=0.7862]Trial 16 Ep1:   6%|███████                                                                                                        | 5/78 [00:06<01:18,  1.08s/it, loss=0.7090]Trial 16 Ep1:   8%|████████▌                                                                                                      | 6/78 [00:06<01:16,  1.07s/it, loss=0.7090]Trial 16 Ep1:   8%|████████▌                                                                                                      | 6/78 [00:07<01:16,  1.07s/it, loss=0.8379]Trial 16 Ep1:   9%|█████████▉                                                                                                     | 7/78 [00:07<01:07,  1.05it/s, loss=0.8379]Trial 16 Ep1:   9%|█████████▉                                                                                                     | 7/78 [00:08<01:07,  1.05it/s, loss=0.6905]Trial 16 Ep1:  10%|███████████▍                                                                                                   | 8/78 [00:08<01:02,  1.13it/s, loss=0.6905]Trial 16 Ep1:  10%|███████████▍                                                                                                   | 8/78 [00:09<01:02,  1.13it/s, loss=0.7404]Trial 16 Ep1:  12%|████████████▊                                                                                                  | 9/78 [00:09<01:00,  1.15it/s, loss=0.7404]Trial 16 Ep1:  12%|████████████▊                                                                                                  | 9/78 [00:09<01:00,  1.15it/s, loss=0.7265]Trial 16 Ep1:  13%|██████████████                                                                                                | 10/78 [00:09<00:58,  1.16it/s, loss=0.7265]Trial 16 Ep1:  13%|██████████████                                                                                                | 10/78 [00:10<00:58,  1.16it/s, loss=0.7328]Trial 16 Ep1:  14%|███████████████▌                                                                                              | 11/78 [00:10<00:53,  1.26it/s, loss=0.7328]Trial 16 Ep1:  14%|███████████████▌                                                                                              | 11/78 [00:11<00:53,  1.26it/s, loss=0.7775]Trial 16 Ep1:  15%|████████████████▉                                                                                             | 12/78 [00:11<00:51,  1.29it/s, loss=0.7775]Trial 16 Ep1:  15%|████████████████▉                                                                                             | 12/78 [00:11<00:51,  1.29it/s, loss=0.7559]Trial 16 Ep1:  17%|██████████████████▎                                                                                           | 13/78 [00:11<00:48,  1.35it/s, loss=0.7559]Trial 16 Ep1:  17%|██████████████████▎                                                                                           | 13/78 [00:12<00:48,  1.35it/s, loss=0.7350]Trial 16 Ep1:  18%|███████████████████▋                                                                                          | 14/78 [00:12<00:45,  1.40it/s, loss=0.7350]Trial 16 Ep1:  18%|███████████████████▋                                                                                          | 14/78 [00:13<00:45,  1.40it/s, loss=0.7385]Trial 16 Ep1:  19%|█████████████████████▏                                                                                        | 15/78 [00:13<00:44,  1.43it/s, loss=0.7385]Trial 16 Ep1:  19%|█████████████████████▏                                                                                        | 15/78 [00:14<00:44,  1.43it/s, loss=0.7391]Trial 16 Ep1:  21%|██████████████████████▌                                                                                       | 16/78 [00:14<00:43,  1.43it/s, loss=0.7391]Trial 16 Ep1:  21%|██████████████████████▌                                                                                       | 16/78 [00:14<00:43,  1.43it/s, loss=0.6925]Trial 16 Ep1:  22%|███████████████████████▉                                                                                      | 17/78 [00:14<00:46,  1.30it/s, loss=0.6925]Trial 16 Ep1:  22%|███████████████████████▉                                                                                      | 17/78 [00:15<00:46,  1.30it/s, loss=0.6450]Trial 16 Ep1:  23%|█████████████████████████▍                                                                                    | 18/78 [00:15<00:44,  1.34it/s, loss=0.6450]Trial 16 Ep1:  23%|█████████████████████████▍                                                                                    | 18/78 [00:16<00:44,  1.34it/s, loss=0.7275]Trial 16 Ep1:  24%|██████████████████████████▊                                                                                   | 19/78 [00:16<00:43,  1.37it/s, loss=0.7275]Trial 16 Ep1:  24%|██████████████████████████▊                                                                                   | 19/78 [00:17<00:43,  1.37it/s, loss=0.7346]Trial 16 Ep1:  26%|████████████████████████████▏                                                                                 | 20/78 [00:17<00:42,  1.38it/s, loss=0.7346]Trial 16 Ep1:  26%|████████████████████████████▏                                                                                 | 20/78 [00:17<00:42,  1.38it/s, loss=0.7238]Trial 16 Ep1:  27%|█████████████████████████████▌                                                                                | 21/78 [00:17<00:42,  1.35it/s, loss=0.7238]Trial 16 Ep1:  27%|█████████████████████████████▌                                                                                | 21/78 [00:18<00:42,  1.35it/s, loss=0.7382]Trial 16 Ep1:  28%|███████████████████████████████                                                                               | 22/78 [00:18<00:42,  1.31it/s, loss=0.7382]Trial 16 Ep1:  28%|███████████████████████████████                                                                               | 22/78 [00:19<00:42,  1.31it/s, loss=0.7119]Trial 16 Ep1:  29%|████████████████████████████████▍                                                                             | 23/78 [00:19<00:40,  1.36it/s, loss=0.7119]Trial 16 Ep1:  29%|████████████████████████████████▍                                                                             | 23/78 [00:20<00:40,  1.36it/s, loss=0.7348]Trial 16 Ep1:  31%|█████████████████████████████████▊                                                                            | 24/78 [00:20<00:39,  1.36it/s, loss=0.7348]Trial 16 Ep1:  31%|█████████████████████████████████▊                                                                            | 24/78 [00:20<00:39,  1.36it/s, loss=0.7110]Trial 16 Ep1:  32%|███████████████████████████████████▎                                                                          | 25/78 [00:20<00:39,  1.36it/s, loss=0.7110]Trial 16 Ep1:  32%|███████████████████████████████████▎                                                                          | 25/78 [00:21<00:39,  1.36it/s, loss=0.7270]Trial 16 Ep1:  33%|████████████████████████████████████▋                                                                         | 26/78 [00:21<00:36,  1.41it/s, loss=0.7270]Trial 16 Ep1:  33%|████████████████████████████████████▋                                                                         | 26/78 [00:22<00:36,  1.41it/s, loss=0.6763]Trial 16 Ep1:  35%|██████████████████████████████████████                                                                        | 27/78 [00:22<00:35,  1.43it/s, loss=0.6763]Trial 16 Ep1:  35%|██████████████████████████████████████                                                                        | 27/78 [00:22<00:35,  1.43it/s, loss=0.6436]Trial 16 Ep1:  36%|███████████████████████████████████████▍                                                                      | 28/78 [00:22<00:35,  1.39it/s, loss=0.6436]Trial 16 Ep1:  36%|███████████████████████████████████████▍                                                                      | 28/78 [00:23<00:35,  1.39it/s, loss=0.7697]Trial 16 Ep1:  37%|████████████████████████████████████████▉                                                                     | 29/78 [00:23<00:36,  1.36it/s, loss=0.7697]Trial 16 Ep1:  37%|████████████████████████████████████████▉                                                                     | 29/78 [00:24<00:36,  1.36it/s, loss=0.6776]Trial 16 Ep1:  38%|██████████████████████████████████████████▎                                                                   | 30/78 [00:24<00:34,  1.41it/s, loss=0.6776]Trial 16 Ep1:  38%|██████████████████████████████████████████▎                                                                   | 30/78 [00:24<00:34,  1.41it/s, loss=0.7408]Trial 16 Ep1:  40%|███████████████████████████████████████████▋                                                                  | 31/78 [00:24<00:32,  1.46it/s, loss=0.7408]Trial 16 Ep1:  40%|███████████████████████████████████████████▋                                                                  | 31/78 [00:25<00:32,  1.46it/s, loss=0.7810]Trial 16 Ep1:  41%|█████████████████████████████████████████████▏                                                                | 32/78 [00:25<00:31,  1.45it/s, loss=0.7810]Trial 16 Ep1:  41%|█████████████████████████████████████████████▏                                                                | 32/78 [00:26<00:31,  1.45it/s, loss=0.6976]Trial 16 Ep1:  42%|██████████████████████████████████████████████▌                                                               | 33/78 [00:26<00:31,  1.44it/s, loss=0.6976]Trial 16 Ep1:  42%|██████████████████████████████████████████████▌                                                               | 33/78 [00:26<00:31,  1.44it/s, loss=0.7566]Trial 16 Ep1:  44%|███████████████████████████████████████████████▉                                                              | 34/78 [00:26<00:30,  1.45it/s, loss=0.7566]Trial 16 Ep1:  44%|███████████████████████████████████████████████▉                                                              | 34/78 [00:27<00:30,  1.45it/s, loss=0.6750]Trial 16 Ep1:  45%|█████████████████████████████████████████████████▎                                                            | 35/78 [00:27<00:33,  1.28it/s, loss=0.6750]Trial 16 Ep1:  45%|█████████████████████████████████████████████████▎                                                            | 35/78 [00:28<00:33,  1.28it/s, loss=0.7316]Trial 16 Ep1:  46%|██████████████████████████████████████████████████▊                                                           | 36/78 [00:28<00:31,  1.35it/s, loss=0.7316]Trial 16 Ep1:  46%|██████████████████████████████████████████████████▊                                                           | 36/78 [00:29<00:31,  1.35it/s, loss=0.7055]Trial 16 Ep1:  47%|████████████████████████████████████████████████████▏                                                         | 37/78 [00:29<00:29,  1.37it/s, loss=0.7055]Trial 16 Ep1:  47%|████████████████████████████████████████████████████▏                                                         | 37/78 [00:30<00:29,  1.37it/s, loss=0.7461]Trial 16 Ep1:  49%|█████████████████████████████████████████████████████▌                                                        | 38/78 [00:30<00:29,  1.37it/s, loss=0.7461]Trial 16 Ep1:  49%|█████████████████████████████████████████████████████▌                                                        | 38/78 [00:30<00:29,  1.37it/s, loss=0.6881]Trial 16 Ep1:  50%|███████████████████████████████████████████████████████                                                       | 39/78 [00:30<00:27,  1.44it/s, loss=0.6881]Trial 16 Ep1:  50%|███████████████████████████████████████████████████████                                                       | 39/78 [00:31<00:27,  1.44it/s, loss=0.7142]Trial 16 Ep1:  51%|████████████████████████████████████████████████████████▍                                                     | 40/78 [00:31<00:25,  1.47it/s, loss=0.7142]Trial 16 Ep1:  51%|████████████████████████████████████████████████████████▍                                                     | 40/78 [00:31<00:25,  1.47it/s, loss=0.7063]Trial 16 Ep1:  53%|█████████████████████████████████████████████████████████▊                                                    | 41/78 [00:31<00:24,  1.49it/s, loss=0.7063]Trial 16 Ep1:  53%|█████████████████████████████████████████████████████████▊                                                    | 41/78 [00:32<00:24,  1.49it/s, loss=0.7171]Trial 16 Ep1:  54%|███████████████████████████████████████████████████████████▏                                                  | 42/78 [00:32<00:25,  1.43it/s, loss=0.7171]Trial 16 Ep1:  54%|███████████████████████████████████████████████████████████▏                                                  | 42/78 [00:33<00:25,  1.43it/s, loss=0.7688]Trial 16 Ep1:  55%|████████████████████████████████████████████████████████████▋                                                 | 43/78 [00:33<00:24,  1.41it/s, loss=0.7688]Trial 16 Ep1:  55%|████████████████████████████████████████████████████████████▋                                                 | 43/78 [00:34<00:24,  1.41it/s, loss=0.7292]Trial 16 Ep1:  56%|██████████████████████████████████████████████████████████████                                                | 44/78 [00:34<00:23,  1.44it/s, loss=0.7292]Trial 16 Ep1:  56%|██████████████████████████████████████████████████████████████                                                | 44/78 [00:34<00:23,  1.44it/s, loss=0.6946]Trial 16 Ep1:  58%|███████████████████████████████████████████████████████████████▍                                              | 45/78 [00:34<00:23,  1.40it/s, loss=0.6946]Trial 16 Ep1:  58%|███████████████████████████████████████████████████████████████▍                                              | 45/78 [00:35<00:23,  1.40it/s, loss=0.7352]Trial 16 Ep1:  59%|████████████████████████████████████████████████████████████████▊                                             | 46/78 [00:35<00:22,  1.42it/s, loss=0.7352]Trial 16 Ep1:  59%|████████████████████████████████████████████████████████████████▊                                             | 46/78 [00:36<00:22,  1.42it/s, loss=0.7254]Trial 16 Ep1:  60%|██████████████████████████████████████████████████████████████████▎                                           | 47/78 [00:36<00:21,  1.42it/s, loss=0.7254]Trial 16 Ep1:  60%|██████████████████████████████████████████████████████████████████▎                                           | 47/78 [00:36<00:21,  1.42it/s, loss=0.6895]Trial 16 Ep1:  62%|███████████████████████████████████████████████████████████████████▋                                          | 48/78 [00:36<00:20,  1.45it/s, loss=0.6895]Trial 16 Ep1:  62%|███████████████████████████████████████████████████████████████████▋                                          | 48/78 [00:37<00:20,  1.45it/s, loss=0.7223]Trial 16 Ep1:  63%|█████████████████████████████████████████████████████████████████████                                         | 49/78 [00:37<00:20,  1.40it/s, loss=0.7223]Trial 16 Ep1:  63%|█████████████████████████████████████████████████████████████████████                                         | 49/78 [00:38<00:20,  1.40it/s, loss=0.7102]Trial 16 Ep1:  64%|██████████████████████████████████████████████████████████████████████▌                                       | 50/78 [00:38<00:20,  1.40it/s, loss=0.7102]Trial 16 Ep1:  64%|██████████████████████████████████████████████████████████████████████▌                                       | 50/78 [00:39<00:20,  1.40it/s, loss=0.6664]Trial 16 Ep1:  65%|███████████████████████████████████████████████████████████████████████▉                                      | 51/78 [00:39<00:18,  1.43it/s, loss=0.6664]Trial 16 Ep1:  65%|███████████████████████████████████████████████████████████████████████▉                                      | 51/78 [00:39<00:18,  1.43it/s, loss=0.7067]Trial 16 Ep1:  67%|█████████████████████████████████████████████████████████████████████████▎                                    | 52/78 [00:39<00:19,  1.34it/s, loss=0.7067]Trial 16 Ep1:  67%|█████████████████████████████████████████████████████████████████████████▎                                    | 52/78 [00:40<00:19,  1.34it/s, loss=0.6820]Trial 16 Ep1:  68%|██████████████████████████████████████████████████████████████████████████▋                                   | 53/78 [00:40<00:17,  1.39it/s, loss=0.6820]Trial 16 Ep1:  68%|██████████████████████████████████████████████████████████████████████████▋                                   | 53/78 [00:41<00:17,  1.39it/s, loss=0.7065]Trial 16 Ep1:  69%|████████████████████████████████████████████████████████████████████████████▏                                 | 54/78 [00:41<00:17,  1.37it/s, loss=0.7065]Trial 16 Ep1:  69%|████████████████████████████████████████████████████████████████████████████▏                                 | 54/78 [00:42<00:17,  1.37it/s, loss=0.7477]Trial 16 Ep1:  71%|█████████████████████████████████████████████████████████████████████████████▌                                | 55/78 [00:42<00:16,  1.37it/s, loss=0.7477]Trial 16 Ep1:  71%|█████████████████████████████████████████████████████████████████████████████▌                                | 55/78 [00:42<00:16,  1.37it/s, loss=0.6802]Trial 16 Ep1:  72%|██████████████████████████████████████████████████████████████████████████████▉                               | 56/78 [00:42<00:15,  1.43it/s, loss=0.6802]Trial 16 Ep1:  72%|██████████████████████████████████████████████████████████████████████████████▉                               | 56/78 [00:43<00:15,  1.43it/s, loss=0.7595]Trial 16 Ep1:  73%|████████████████████████████████████████████████████████████████████████████████▍                             | 57/78 [00:43<00:14,  1.44it/s, loss=0.7595]Trial 16 Ep1:  73%|████████████████████████████████████████████████████████████████████████████████▍                             | 57/78 [00:44<00:14,  1.44it/s, loss=0.7490]Trial 16 Ep1:  74%|█████████████████████████████████████████████████████████████████████████████████▊                            | 58/78 [00:44<00:14,  1.41it/s, loss=0.7490]Trial 16 Ep1:  74%|█████████████████████████████████████████████████████████████████████████████████▊                            | 58/78 [00:44<00:14,  1.41it/s, loss=0.6564]Trial 16 Ep1:  76%|███████████████████████████████████████████████████████████████████████████████████▏                          | 59/78 [00:44<00:13,  1.42it/s, loss=0.6564]Trial 16 Ep1:  76%|███████████████████████████████████████████████████████████████████████████████████▏                          | 59/78 [00:45<00:13,  1.42it/s, loss=0.7196]Trial 16 Ep1:  77%|████████████████████████████████████████████████████████████████████████████████████▌                         | 60/78 [00:45<00:12,  1.46it/s, loss=0.7196]Trial 16 Ep1:  77%|████████████████████████████████████████████████████████████████████████████████████▌                         | 60/78 [00:46<00:12,  1.46it/s, loss=0.6722]Trial 16 Ep1:  78%|██████████████████████████████████████████████████████████████████████████████████████                        | 61/78 [00:46<00:11,  1.43it/s, loss=0.6722]Trial 16 Ep1:  78%|██████████████████████████████████████████████████████████████████████████████████████                        | 61/78 [00:46<00:11,  1.43it/s, loss=0.6956]Trial 16 Ep1:  79%|███████████████████████████████████████████████████████████████████████████████████████▍                      | 62/78 [00:46<00:11,  1.37it/s, loss=0.6956]Trial 16 Ep1:  79%|███████████████████████████████████████████████████████████████████████████████████████▍                 