Trial 10 Ep7:   0%|                                                                                                       | 0/78 [00:00<?, ?it/s]Trial 10 Ep7:   0%|                                                                                          | 0/78 [00:00<?, ?it/s, loss=0.6979]Trial 10 Ep7:   1%|█                                                                                 | 1/78 [00:00<00:23,  3.31it/s, loss=0.6979]Trial 10 Ep7:   1%|█                                                                                 | 1/78 [00:00<00:23,  3.31it/s, loss=0.6918]Trial 10 Ep7:   3%|██                                                                                | 2/78 [00:00<00:26,  2.91it/s, loss=0.6918]Trial 10 Ep7:   3%|██                                                                                | 2/78 [00:00<00:26,  2.91it/s, loss=0.6963]Trial 10 Ep7:   4%|███▏                                                                              | 3/78 [00:00<00:25,  3.00it/s, loss=0.6963]Trial 10 Ep7:   4%|███▏                                                                              | 3/78 [00:01<00:25,  3.00it/s, loss=0.6943]Trial 10 Ep7:   5%|████▏                                                                             | 4/78 [00:01<00:23,  3.16it/s, loss=0.6943]Trial 10 Ep7:   5%|████▏                                                                             | 4/78 [00:01<00:23,  3.16it/s, loss=0.6933]Trial 10 Ep7:   6%|█████▎                                                                            | 5/78 [00:01<00:23,  3.07it/s, loss=0.6933]Trial 10 Ep7:   6%|█████▎                                                                            | 5/78 [00:01<00:23,  3.07it/s, loss=0.6984]Trial 10 Ep7:   8%|██████▎                                                                           | 6/78 [00:01<00:22,  3.19it/s, loss=0.6984]Trial 10 Ep7:   8%|██████▎                                                                           | 6/78 [00:02<00:22,  3.19it/s, loss=0.6819]Trial 10 Ep7:   9%|███████▎                                                                          | 7/78 [00:02<00:22,  3.12it/s, loss=0.6819]Trial 10 Ep7:   9%|███████▎                                                                          | 7/78 [00:02<00:22,  3.12it/s, loss=0.7043]Trial 10 Ep7:  10%|████████▍                                                                         | 8/78 [00:02<00:21,  3.19it/s, loss=0.7043]Trial 10 Ep7:  10%|████████▍                                                                         | 8/78 [00:02<00:21,  3.19it/s, loss=0.6920]Trial 10 Ep7:  12%|█████████▍                                                                        | 9/78 [00:02<00:21,  3.18it/s, loss=0.6920]Trial 10 Ep7:  12%|█████████▍                                                                        | 9/78 [00:03<00:21,  3.18it/s, loss=0.7083]Trial 10 Ep7:  13%|██████████▍                                                                      | 10/78 [00:03<00:21,  3.17it/s, loss=0.7083]Trial 10 Ep7:  13%|██████████▍                                                                      | 10/78 [00:03<00:21,  3.17it/s, loss=0.6739]Trial 10 Ep7:  14%|███████████▍                                                                     | 11/78 [00:03<00:21,  3.18it/s, loss=0.6739]Trial 10 Ep7:  14%|███████████▍                                                                     | 11/78 [00:03<00:21,  3.18it/s, loss=0.6892]Trial 10 Ep7:  15%|████████████▍                                                                    | 12/78 [00:03<00:20,  3.24it/s, loss=0.6892]Trial 10 Ep7:  15%|████████████▍                                                                    | 12/78 [00:04<00:20,  3.24it/s, loss=0.7031]Trial 10 Ep7:  17%|█████████████▌                                                                   | 13/78 [00:04<00:19,  3.36it/s, loss=0.7031]Trial 10 Ep7:  17%|█████████████▌                                                                   | 13/78 [00:04<00:19,  3.36it/s, loss=0.7063]Trial 10 Ep7:  18%|██████████████▌                                                                  | 14/78 [00:04<00:19,  3.23it/s, loss=0.7063]Trial 10 Ep7:  18%|██████████████▌                                                                  | 14/78 [00:04<00:19,  3.23it/s, loss=0.6848]Trial 10 Ep7:  19%|███████████████▌                                                                 | 15/78 [00:04<00:20,  3.14it/s, loss=0.6848]Trial 10 Ep7:  19%|███████████████▌                                                                 | 15/78 [00:05<00:20,  3.14it/s, loss=0.6779]Trial 10 Ep7:  21%|████████████████▌                                                                | 16/78 [00:05<00:19,  3.10it/s, loss=0.6779]Trial 10 Ep7:  21%|████████████████▌                                                                | 16/78 [00:05<00:19,  3.10it/s, loss=0.6907]Trial 10 Ep7:  22%|█████████████████▋                                                               | 17/78 [00:05<00:19,  3.08it/s, loss=0.6907]Trial 10 Ep7:  22%|█████████████████▋                                                               | 17/78 [00:05<00:19,  3.08it/s, loss=0.6914]Trial 10 Ep7:  23%|██████████████████▋                                                              | 18/78 [00:05<00:18,  3.21it/s, loss=0.6914]Trial 10 Ep7:  23%|██████████████████▋                                                              | 18/78 [00:05<00:18,  3.21it/s, loss=0.6848]Trial 10 Ep7:  24%|███████████████████▋                                                             | 19/78 [00:05<00:18,  3.27it/s, loss=0.6848]Trial 10 Ep7:  24%|███████████████████▋                                                             | 19/78 [00:06<00:18,  3.27it/s, loss=0.7049]Trial 10 Ep7:  26%|████████████████████▊                                                            | 20/78 [00:06<00:17,  3.30it/s, loss=0.7049]Trial 10 Ep7:  26%|████████████████████▊                                                            | 20/78 [00:06<00:17,  3.30it/s, loss=0.6957]Trial 10 Ep7:  27%|█████████████████████▊                                                           | 21/78 [00:06<00:17,  3.18it/s, loss=0.6957]Trial 10 Ep7:  27%|█████████████████████▊                                                           | 21/78 [00:06<00:17,  3.18it/s, loss=0.6986]Trial 10 Ep7:  28%|██████████████████████▊                                                          | 22/78 [00:06<00:17,  3.25it/s, loss=0.6986]Trial 10 Ep7:  28%|██████████████████████▊                                                          | 22/78 [00:07<00:17,  3.25it/s, loss=0.7048]Trial 10 Ep7:  29%|███████████████████████▉                                                         | 23/78 [00:07<00:17,  3.17it/s, loss=0.7048]Trial 10 Ep7:  29%|███████████████████████▉                                                         | 23/78 [00:07<00:17,  3.17it/s, loss=0.7011]Trial 10 Ep7:  31%|████████████████████████▉                                                        | 24/78 [00:07<00:17,  3.12it/s, loss=0.7011]Trial 10 Ep7:  31%|████████████████████████▉                                                        | 24/78 [00:07<00:17,  3.12it/s, loss=0.6881]Trial 10 Ep7:  32%|█████████████████████████▉                                                       | 25/78 [00:07<00:17,  3.10it/s, loss=0.6881]Trial 10 Ep7:  32%|█████████████████████████▉                                                       | 25/78 [00:08<00:17,  3.10it/s, loss=0.7038]Trial 10 Ep7:  33%|███████████████████████████                                                      | 26/78 [00:08<00:16,  3.23it/s, loss=0.7038]Trial 10 Ep7:  33%|███████████████████████████                                                      | 26/78 [00:08<00:16,  3.23it/s, loss=0.7026]Trial 10 Ep7:  35%|████████████████████████████                                                     | 27/78 [00:08<00:16,  3.10it/s, loss=0.7026]Trial 10 Ep7:  35%|████████████████████████████                                                     | 27/78 [00:08<00:16,  3.10it/s, loss=0.7035]Trial 10 Ep7:  36%|█████████████████████████████                                                    | 28/78 [00:08<00:16,  3.08it/s, loss=0.7035]Trial 10 Ep7:  36%|█████████████████████████████                                                    | 28/78 [00:09<00:16,  3.08it/s, loss=0.6972]Trial 10 Ep7:  37%|██████████████████████████████                                                   | 29/78 [00:09<00:15,  3.11it/s, loss=0.6972]Trial 10 Ep7:  37%|██████████████████████████████                                                   | 29/78 [00:09<00:15,  3.11it/s, loss=0.6912]Trial 10 Ep7:  38%|███████████████████████████████▏                                                 | 30/78 [00:09<00:15,  3.07it/s, loss=0.6912]Trial 10 Ep7:  38%|███████████████████████████████▏                                                 | 30/78 [00:09<00:15,  3.07it/s, loss=0.6906]Trial 10 Ep7:  40%|████████████████████████████████▏                                                | 31/78 [00:09<00:14,  3.15it/s, loss=0.6906]Trial 10 Ep7:  40%|████████████████████████████████▏                                                | 31/78 [00:10<00:14,  3.15it/s, loss=0.7110]Trial 10 Ep7:  41%|█████████████████████████████████▏                                               | 32/78 [00:10<00:14,  3.27it/s, loss=0.7110]Trial 10 Ep7:  41%|█████████████████████████████████▏                                               | 32/78 [00:10<00:14,  3.27it/s, loss=0.6795]Trial 10 Ep7:  42%|██████████████████████████████████▎                                              | 33/78 [00:10<00:14,  3.20it/s, loss=0.6795]Trial 10 Ep7:  42%|██████████████████████████████████▎                                              | 33/78 [00:10<00:14,  3.20it/s, loss=0.7045]Trial 10 Ep7:  44%|███████████████████████████████████▎                                             | 34/78 [00:10<00:13,  3.25it/s, loss=0.7045]Trial 10 Ep7:  44%|███████████████████████████████████▎                                             | 34/78 [00:11<00:13,  3.25it/s, loss=0.6934]Trial 10 Ep7:  45%|████████████████████████████████████▎                                            | 35/78 [00:11<00:13,  3.27it/s, loss=0.6934]Trial 10 Ep7:  45%|████████████████████████████████████▎                                            | 35/78 [00:11<00:13,  3.27it/s, loss=0.7008]Trial 10 Ep7:  46%|█████████████████████████████████████▍                                           | 36/78 [00:11<00:13,  3.07it/s, loss=0.7008]Trial 10 Ep7:  46%|█████████████████████████████████████▍                                           | 36/78 [00:11<00:13,  3.07it/s, loss=0.6913]Trial 10 Ep7:  47%|██████████████████████████████████████▍                                          | 37/78 [00:11<00:13,  3.15it/s, loss=0.6913]Trial 10 Ep7:  47%|██████████████████████████████████████▍                                          | 37/78 [00:12<00:13,  3.15it/s, loss=0.6877]Trial 10 Ep7:  49%|███████████████████████████████████████▍                                         | 38/78 [00:12<00:12,  3.12it/s, loss=0.6877]Trial 10 Ep7:  49%|███████████████████████████████████████▍                                         | 38/78 [00:12<00:12,  3.12it/s, loss=0.6955]Trial 10 Ep7:  50%|████████████████████████████████████████▌                                        | 39/78 [00:12<00:12,  3.22it/s, loss=0.6955]Trial 10 Ep7:  50%|████████████████████████████████████████▌                                        | 39/78 [00:12<00:12,  3.22it/s, loss=0.7115]Trial 10 Ep7:  51%|█████████████████████████████████████████▌                                       | 40/78 [00:12<00:11,  3.21it/s, loss=0.7115]Trial 10 Ep7:  51%|█████████████████████████████████████████▌                                       | 40/78 [00:12<00:11,  3.21it/s, loss=0.6832]Trial 10 Ep7:  53%|██████████████████████████████████████████▌                                      | 41/78 [00:12<00:11,  3.34it/s, loss=0.6832]Trial 10 Ep7:  53%|██████████████████████████████████████████▌                                      | 41/78 [00:13<00:11,  3.34it/s, loss=0.6888]Trial 10 Ep7:  54%|███████████████████████████████████████████▌                                     | 42/78 [00:13<00:11,  3.11it/s, loss=0.6888]Trial 10 Ep7:  54%|███████████████████████████████████████████▌                                     | 42/78 [00:13<00:11,  3.11it/s, loss=0.6892]Trial 10 Ep7:  55%|████████████████████████████████████████████▋                                    | 43/78 [00:13<00:10,  3.18it/s, loss=0.6892]Trial 10 Ep7:  55%|████████████████████████████████████████████▋                                    | 43/78 [00:13<00:10,  3.18it/s, loss=0.6990]Trial 10 Ep7:  56%|█████████████████████████████████████████████▋                                   | 44/78 [00:13<00:10,  3.14it/s, loss=0.6990]Trial 10 Ep7:  56%|█████████████████████████████████████████████▋                                   | 44/78 [00:14<00:10,  3.14it/s, loss=0.7084]Trial 10 Ep7:  58%|██████████████████████████████████████████████▋                                  | 45/78 [00:14<00:10,  3.06it/s, loss=0.7084]Trial 10 Ep7:  58%|██████████████████████████████████████████████▋                                  | 45/78 [00:14<00:10,  3.06it/s, loss=0.6905]Trial 10 Ep7:  59%|███████████████████████████████████████████████▊                                 | 46/78 [00:14<00:10,  3.10it/s, loss=0.6905]Trial 10 Ep7:  59%|███████████████████████████████████████████████▊                                 | 46/78 [00:14<00:10,  3.10it/s, loss=0.6818]Trial 10 Ep7:  60%|████████████████████████████████████████████████▊                                | 47/78 [00:14<00:09,  3.19it/s, loss=0.6818]Trial 10 Ep7:  60%|████████████████████████████████████████████████▊                                | 47/78 [00:15<00:09,  3.19it/s, loss=0.7028]Trial 10 Ep7:  62%|█████████████████████████████████████████████████▊                               | 48/78 [00:15<00:09,  3.26it/s, loss=0.7028]Trial 10 Ep7:  62%|█████████████████████████████████████████████████▊                               | 48/78 [00:15<00:09,  3.26it/s, loss=0.7032]Trial 10 Ep7:  63%|██████████████████████████████████████████████████▉                              | 49/78 [00:15<00:09,  3.15it/s, loss=0.7032]Trial 10 Ep7:  63%|██████████████████████████████████████████████████▉                              | 49/78 [00:15<00:09,  3.15it/s, loss=0.6922]Trial 10 Ep7:  64%|███████████████████████████████████████████████████▉                             | 50/78 [00:15<00:08,  3.26it/s, loss=0.6922]Trial 10 Ep7:  64%|███████████████████████████████████████████████████▉                             | 50/78 [00:16<00:08,  3.26it/s, loss=0.6884]Trial 10 Ep7:  65%|████████████████████████████████████████████████████▉                            | 51/78 [00:16<00:08,  3.29it/s, loss=0.6884]Trial 10 Ep7:  65%|████████████████████████████████████████████████████▉                            | 51/78 [00:16<00:08,  3.29it/s, loss=0.7011]Trial 10 Ep7:  67%|██████████████████████████████████████████████████████                           | 52/78 [00:16<00:08,  3.20it/s, loss=0.7011]Trial 10 Ep7:  67%|██████████████████████████████████████████████████████                           | 52/78 [00:16<00:08,  3.20it/s, loss=0.6939]Trial 10 Ep7:  68%|███████████████████████████████████████████████████████                          | 53/78 [00:16<00:07,  3.31it/s, loss=0.6939]Trial 10 Ep7:  68%|███████████████████████████████████████████████████████                          | 53/78 [00:16<00:07,  3.31it/s, loss=0.6943]Trial 10 Ep7:  69%|████████████████████████████████████████████████████████                         | 54/78 [00:16<00:07,  3.24it/s, loss=0.6943]Trial 10 Ep7:  69%|████████████████████████████████████████████████████████                         | 54/78 [00:17<00:07,  3.24it/s, loss=0.6853]Trial 10 Ep7:  71%|█████████████████████████████████████████████████████████                        | 55/78 [00:17<00:07,  3.15it/s, loss=0.6853]Trial 10 Ep7:  71%|█████████████████████████████████████████████████████████                        | 55/78 [00:17<00:07,  3.15it/s, loss=0.6873]Trial 10 Ep7:  72%|██████████████████████████████████████████████████████████▏                      | 56/78 [00:17<00:07,  3.07it/s, loss=0.6873]Trial 10 Ep7:  72%|██████████████████████████████████████████████████████████▏                      | 56/78 [00:18<00:07,  3.07it/s, loss=0.7000]Trial 10 Ep7:  73%|███████████████████████████████████████████████████████████▏                     | 57/78 [00:18<00:06,  3.03it/s, loss=0.7000]Trial 10 Ep7:  73%|███████████████████████████████████████████████████████████▏                     | 57/78 [00:18<00:06,  3.03it/s, loss=0.6977]Trial 10 Ep7:  74%|████████████████████████████████████████████████████████████▏                    | 58/78 [00:18<00:06,  3.03it/s, loss=0.6977]Trial 10 Ep7:  74%|████████████████████████████████████████████████████████████▏                    | 58/78 [00:18<00:06,  3.03it/s, loss=0.6891]Trial 10 Ep7:  76%|█████████████████████████████████████████████████████████████▎                   | 59/78 [00:18<00:06,  3.16it/s, loss=0.6891]Trial 10 Ep7:  76%|█████████████████████████████████████████████████████████████▎                   | 59/78 [00:18<00:06,  3.16it/s, loss=0.6934]Trial 10 Ep7:  77%|██████████████████████████████████████████████████████████████▎                  | 60/78 [00:18<00:05,  3.17it/s, loss=0.6934]Trial 10 Ep7:  77%|██████████████████████████████████████████████████████████████▎                  | 60/78 [00:19<00:05,  3.17it/s, loss=0.6941]Trial 10 Ep7:  78%|███████████████████████████████████████████████████████████████▎                 | 61/78 [00:19<00:05,  3.25it/s, loss=0.6941]Trial 10 Ep7:  78%|███████████████████████████████████████████████████████████████▎                 | 61/78 [00:19<00:05,  3.25it/s, loss=0.7055]Trial 10 Ep7:  79%|████████████████████████████████████████████████████████████████▍                | 62/78 [00:19<00:05,  2.87it/s, loss=0.7055]Trial 10 Ep7:  79%|████████████████████████████████████████████████████████████████▍                | 62/78 [00:19<00:05,  2.87it/s, loss=0.6893]Trial 10 Ep7:  81%|█████████████████████████████████████████████████████████████████▍               | 63/78 [00:19<00:04,  3.01it/s, loss=0.6893]Trial 10 Ep7:  81%|█████████████████████████████████████████████████████████████████▍               | 63/78 [00:20<00:04,  3.01it/s, loss=0.6984]Trial 10 Ep7:  82%|██████████████████████████████████████████████████████████████████▍              | 64/78 [00:20<00:04,  3.09it/s, loss=0.6984]Trial 10 Ep7:  82%|██████████████████████████████████████████████████████████████████▍              | 64/78 [00:20<00:04,  3.09it/s, loss=0.7277]Trial 10 Ep7:  83%|███████████████████████████████████████████████████████████████████▌             | 65/78 [00:20<00:04,  2.95it/s, loss=0.7277]Trial 10 Ep7:  83%|███████████████████████████████████████████████████████████████████▌             | 65/78 [00:20<00:04,  2.95it/s, loss=0.6963]Trial 10 Ep7:  85%|████████████████████████████████████████████████████████████████████▌            | 66/78 [00:20<00:04,  2.94it/s, loss=0.6963]Trial 10 Ep7:  85%|████████████████████████████████████████████████████████████████████▌            | 66/78 [00:21<00:04,  2.94it/s, loss=0.6961]Trial 10 Ep7:  86%|█████████████████████████████████████████████████████████████████████▌           | 67/78 [00:21<00:03,  2.94it/s, loss=0.6961]Trial 10 Ep7:  86%|█████████████████████████████████████████████████████████████████████▌           | 67/78 [00:21<00:03,  2.94it/s, loss=0.6893]Trial 10 Ep7:  87%|██████████████████████████████████████████████████████████████████████▌          | 68/78 [00:21<00:03,  2.95it/s, loss=0.6893]Trial 10 Ep7:  87%|██████████████████████████████████████████████████████████████████████▌          | 68/78 [00:22<00:03,  2.95it/s, loss=0.6929]Trial 10 Ep7:  88%|███████████████████████████████████████████████████████████████████████▋         | 69/78 [00:22<00:03,  2.88it/s, loss=0.6929]Trial 10 Ep7:  88%|███████████████████████████████████████████████████████████████████████▋         | 69/78 [00:22<00:03,  2.88it/s, loss=0.6921]Trial 10 Ep7:  90%|████████████████████████████████████████████████████████████████████████▋        | 70/78 [00:22<00:02,  2.90it/s, loss=0.6921]Trial 10 Ep7:  90%|████████████████████████████████████████████████████████████████████████▋        | 70/78 [00:22<00:02,  2.90it/s, loss=0.6959]Trial 10 Ep7:  91%|█████████████████████████████████████████████████████████████████████████▋       | 71/78 [00:22<00:02,  3.04it/s, loss=0.6959]Trial 10 Ep7:  91%|█████████████████████████████████████████████████████████████████████████▋       | 71/78 [00:22<00:02,  3.04it/s, loss=0.6958]Trial 10 Ep7:  92%|██████████████████████████████████████████████████████████████████████████▊      | 72/78 [00:22<00:01,  3.12it/s, loss=0.6958]Trial 10 Ep7:  92%|██████████████████████████████████████████████████████████████████████████▊      | 72/78 [00:23<00:01,  3.12it/s, loss=0.6865]Trial 10 Ep7:  94%|███████████████████████████████████████████████████████████████████████████▊     | 73/78 [00:23<00:01,  3.26it/s, loss=0.6865]Trial 10 Ep7:  94%|███████████████████████████████████████████████████████████████████████████▊     | 73/78 [00:23<00:01,  3.26it/s, loss=0.6943]Trial 10 Ep7:  95%|████████████████████████████████████████████████████████████████████████████▊    | 74/78 [00:23<00:01,  3.21it/s, loss=0.6943]Trial 10 Ep7:  95%|████████████████████████████████████████████████████████████████████████████▊    | 74/78 [00:23<00:01,  3.21it/s, loss=0.7039]Trial 10 Ep7:  96%|█████████████████████████████████████████████████████████████████████████████▉  