Trial 1 Ep6:   0%|                                                                                                        | 0/78 [00:00<?, ?it/s]Trial 1 Ep6:   0%|                                                                                           | 0/78 [00:00<?, ?it/s, loss=0.6973]Trial 1 Ep6:   1%|█                                                                                  | 1/78 [00:00<00:21,  3.65it/s, loss=0.6973]Trial 1 Ep6:   1%|█                                                                                  | 1/78 [00:00<00:21,  3.65it/s, loss=0.6941]Trial 1 Ep6:   3%|██▏                                                                                | 2/78 [00:00<00:21,  3.49it/s, loss=0.6941]Trial 1 Ep6:   3%|██▏                                                                                | 2/78 [00:00<00:21,  3.49it/s, loss=0.6506]Trial 1 Ep6:   4%|███▏                                                                               | 3/78 [00:00<00:23,  3.25it/s, loss=0.6506]Trial 1 Ep6:   4%|███▏                                                                               | 3/78 [00:01<00:23,  3.25it/s, loss=0.7285]Trial 1 Ep6:   5%|████▎                                                                              | 4/78 [00:01<00:22,  3.32it/s, loss=0.7285]Trial 1 Ep6:   5%|████▎                                                                              | 4/78 [00:01<00:22,  3.32it/s, loss=0.7028]Trial 1 Ep6:   6%|█████▎                                                                             | 5/78 [00:01<00:23,  3.16it/s, loss=0.7028]Trial 1 Ep6:   6%|█████▎                                                                             | 5/78 [00:01<00:23,  3.16it/s, loss=0.6903]Trial 1 Ep6:   8%|██████▍                                                                            | 6/78 [00:01<00:23,  3.05it/s, loss=0.6903]Trial 1 Ep6:   8%|██████▍                                                                            | 6/78 [00:02<00:23,  3.05it/s, loss=0.7038]Trial 1 Ep6:   9%|███████▍                                                                           | 7/78 [00:02<00:23,  3.08it/s, loss=0.7038]Trial 1 Ep6:   9%|███████▍                                                                           | 7/78 [00:02<00:23,  3.08it/s, loss=0.7082]Trial 1 Ep6:  10%|████████▌                                                                          | 8/78 [00:02<00:22,  3.12it/s, loss=0.7082]Trial 1 Ep6:  10%|████████▌                                                                          | 8/78 [00:02<00:22,  3.12it/s, loss=0.7057]Trial 1 Ep6:  12%|█████████▌                                                                         | 9/78 [00:02<00:22,  3.05it/s, loss=0.7057]Trial 1 Ep6:  12%|█████████▌                                                                         | 9/78 [00:03<00:22,  3.05it/s, loss=0.7330]Trial 1 Ep6:  13%|██████████▌                                                                       | 10/78 [00:03<00:21,  3.14it/s, loss=0.7330]Trial 1 Ep6:  13%|██████████▌                                                                       | 10/78 [00:03<00:21,  3.14it/s, loss=0.7184]Trial 1 Ep6:  14%|███████████▌                                                                      | 11/78 [00:03<00:20,  3.23it/s, loss=0.7184]Trial 1 Ep6:  14%|███████████▌                                                                      | 11/78 [00:03<00:20,  3.23it/s, loss=0.6822]Trial 1 Ep6:  15%|████████████▌                                                                     | 12/78 [00:03<00:19,  3.32it/s, loss=0.6822]Trial 1 Ep6:  15%|████████████▌                                                                     | 12/78 [00:04<00:19,  3.32it/s, loss=0.7065]Trial 1 Ep6:  17%|█████████████▋                                                                    | 13/78 [00:04<00:20,  3.22it/s, loss=0.7065]Trial 1 Ep6:  17%|█████████████▋                                                                    | 13/78 [00:04<00:20,  3.22it/s, loss=0.6896]Trial 1 Ep6:  18%|██████████████▋                                                                   | 14/78 [00:04<00:19,  3.29it/s, loss=0.6896]Trial 1 Ep6:  18%|██████████████▋                                                                   | 14/78 [00:04<00:19,  3.29it/s, loss=0.7172]Trial 1 Ep6:  19%|███████████████▊                                                                  | 15/78 [00:04<00:18,  3.38it/s, loss=0.7172]Trial 1 Ep6:  19%|███████████████▊                                                                  | 15/78 [00:04<00:18,  3.38it/s, loss=0.6611]Trial 1 Ep6:  21%|████████████████▊                                                                 | 16/78 [00:04<00:18,  3.38it/s, loss=0.6611]Trial 1 Ep6:  21%|████████████████▊                                                                 | 16/78 [00:05<00:18,  3.38it/s, loss=0.7127]Trial 1 Ep6:  22%|█████████████████▊                                                                | 17/78 [00:05<00:18,  3.32it/s, loss=0.7127]Trial 1 Ep6:  22%|█████████████████▊                                                                | 17/78 [00:05<00:18,  3.32it/s, loss=0.7027]Trial 1 Ep6:  23%|██████████████████▉                                                               | 18/78 [00:05<00:18,  3.21it/s, loss=0.7027]Trial 1 Ep6:  23%|██████████████████▉                                                               | 18/78 [00:05<00:18,  3.21it/s, loss=0.6976]Trial 1 Ep6:  24%|███████████████████▉                                                              | 19/78 [00:05<00:18,  3.27it/s, loss=0.6976]Trial 1 Ep6:  24%|███████████████████▉                                                              | 19/78 [00:06<00:18,  3.27it/s, loss=0.6919]Trial 1 Ep6:  26%|█████████████████████                                                             | 20/78 [00:06<00:18,  3.21it/s, loss=0.6919]Trial 1 Ep6:  26%|█████████████████████                                                             | 20/78 [00:06<00:18,  3.21it/s, loss=0.6984]Trial 1 Ep6:  27%|██████████████████████                                                            | 21/78 [00:06<00:18,  3.03it/s, loss=0.6984]Trial 1 Ep6:  27%|██████████████████████                                                            | 21/78 [00:06<00:18,  3.03it/s, loss=0.6776]Trial 1 Ep6:  28%|███████████████████████▏                                                          | 22/78 [00:06<00:18,  3.06it/s, loss=0.6776]Trial 1 Ep6:  28%|███████████████████████▏                                                          | 22/78 [00:07<00:18,  3.06it/s, loss=0.7174]Trial 1 Ep6:  29%|████████████████████████▏                                                         | 23/78 [00:07<00:18,  3.01it/s, loss=0.7174]Trial 1 Ep6:  29%|████████████████████████▏                                                         | 23/78 [00:07<00:18,  3.01it/s, loss=0.7359]Trial 1 Ep6:  31%|█████████████████████████▏                                                        | 24/78 [00:07<00:17,  3.01it/s, loss=0.7359]Trial 1 Ep6:  31%|█████████████████████████▏                                                        | 24/78 [00:07<00:17,  3.01it/s, loss=0.6980]Trial 1 Ep6:  32%|██████████████████████████▎                                                       | 25/78 [00:07<00:16,  3.13it/s, loss=0.6980]Trial 1 Ep6:  32%|██████████████████████████▎                                                       | 25/78 [00:08<00:16,  3.13it/s, loss=0.6430]Trial 1 Ep6:  33%|███████████████████████████▎                                                      | 26/78 [00:08<00:16,  3.08it/s, loss=0.6430]Trial 1 Ep6:  33%|███████████████████████████▎                                                      | 26/78 [00:08<00:16,  3.08it/s, loss=0.6733]Trial 1 Ep6:  35%|████████████████████████████▍                                                     | 27/78 [00:08<00:15,  3.20it/s, loss=0.6733]Trial 1 Ep6:  35%|████████████████████████████▍                                                     | 27/78 [00:08<00:15,  3.20it/s, loss=0.6838]Trial 1 Ep6:  36%|█████████████████████████████▍                                                    | 28/78 [00:08<00:16,  3.12it/s, loss=0.6838]Trial 1 Ep6:  36%|█████████████████████████████▍                                                    | 28/78 [00:09<00:16,  3.12it/s, loss=0.7113]Trial 1 Ep6:  37%|██████████████████████████████▍                                                   | 29/78 [00:09<00:16,  3.03it/s, loss=0.7113]Trial 1 Ep6:  37%|██████████████████████████████▍                                                   | 29/78 [00:09<00:16,  3.03it/s, loss=0.6970]Trial 1 Ep6:  38%|███████████████████████████████▌                                                  | 30/78 [00:09<00:15,  3.15it/s, loss=0.6970]Trial 1 Ep6:  38%|███████████████████████████████▌                                                  | 30/78 [00:09<00:15,  3.15it/s, loss=0.7268]Trial 1 Ep6:  40%|████████████████████████████████▌                                                 | 31/78 [00:09<00:15,  3.11it/s, loss=0.7268]Trial 1 Ep6:  40%|████████████████████████████████▌                                                 | 31/78 [00:10<00:15,  3.11it/s, loss=0.7149]Trial 1 Ep6:  41%|█████████████████████████████████▋                                                | 32/78 [00:10<00:14,  3.09it/s, loss=0.7149]Trial 1 Ep6:  41%|█████████████████████████████████▋                                                | 32/78 [00:10<00:14,  3.09it/s, loss=0.6870]Trial 1 Ep6:  42%|██████████████████████████████████▋                                               | 33/78 [00:10<00:14,  3.04it/s, loss=0.6870]Trial 1 Ep6:  42%|██████████████████████████████████▋                                               | 33/78 [00:10<00:14,  3.04it/s, loss=0.6826]Trial 1 Ep6:  44%|███████████████████████████████████▋                                              | 34/78 [00:10<00:13,  3.24it/s, loss=0.6826]Trial 1 Ep6:  44%|███████████████████████████████████▋                                              | 34/78 [00:11<00:13,  3.24it/s, loss=0.7005]Trial 1 Ep6:  45%|████████████████████████████████████▊                                             | 35/78 [00:11<00:13,  3.18it/s, loss=0.7005]Trial 1 Ep6:  45%|████████████████████████████████████▊                                             | 35/78 [00:11<00:13,  3.18it/s, loss=0.7040]Trial 1 Ep6:  46%|█████████████████████████████████████▊                                            | 36/78 [00:11<00:13,  3.14it/s, loss=0.7040]Trial 1 Ep6:  46%|█████████████████████████████████████▊                                            | 36/78 [00:11<00:13,  3.14it/s, loss=0.7019]Trial 1 Ep6:  47%|██████████████████████████████████████▉                                           | 37/78 [00:11<00:12,  3.21it/s, loss=0.7019]Trial 1 Ep6:  47%|██████████████████████████████████████▉                                           | 37/78 [00:11<00:12,  3.21it/s, loss=0.6890]Trial 1 Ep6:  49%|███████████████████████████████████████▉                                          | 38/78 [00:11<00:12,  3.32it/s, loss=0.6890]Trial 1 Ep6:  49%|███████████████████████████████████████▉                                          | 38/78 [00:12<00:12,  3.32it/s, loss=0.7159]Trial 1 Ep6:  50%|█████████████████████████████████████████                                         | 39/78 [00:12<00:11,  3.32it/s, loss=0.7159]Trial 1 Ep6:  50%|█████████████████████████████████████████                                         | 39/78 [00:12<00:11,  3.32it/s, loss=0.7094]Trial 1 Ep6:  51%|██████████████████████████████████████████                                        | 40/78 [00:12<00:11,  3.35it/s, loss=0.7094]Trial 1 Ep6:  51%|██████████████████████████████████████████                                        | 40/78 [00:12<00:11,  3.35it/s, loss=0.7126]Trial 1 Ep6:  53%|███████████████████████████████████████████                                       | 41/78 [00:12<00:11,  3.23it/s, loss=0.7126]Trial 1 Ep6:  53%|███████████████████████████████████████████                                       | 41/78 [00:13<00:11,  3.23it/s, loss=0.7069]Trial 1 Ep6:  54%|████████████████████████████████████████████▏                                     | 42/78 [00:13<00:11,  3.26it/s, loss=0.7069]Trial 1 Ep6:  54%|████████████████████████████████████████████▏                                     | 42/78 [00:13<00:11,  3.26it/s, loss=0.7246]Trial 1 Ep6:  55%|█████████████████████████████████████████████▏                                    | 43/78 [00:13<00:10,  3.24it/s, loss=0.7246]Trial 1 Ep6:  55%|█████████████████████████████████████████████▏                                    | 43/78 [00:13<00:10,  3.24it/s, loss=0.6871]Trial 1 Ep6:  56%|██████████████████████████████████████████████▎                                   | 44/78 [00:13<00:10,  3.15it/s, loss=0.6871]Trial 1 Ep6:  56%|██████████████████████████████████████████████▎                                   | 44/78 [00:14<00:10,  3.15it/s, loss=0.7089]Trial 1 Ep6:  58%|███████████████████████████████████████████████▎                                  | 45/78 [00:14<00:10,  3.17it/s, loss=0.7089]Trial 1 Ep6:  58%|███████████████████████████████████████████████▎                                  | 45/78 [00:14<00:10,  3.17it/s, loss=0.6996]Trial 1 Ep6:  59%|████████████████████████████████████████████████▎                                 | 46/78 [00:14<00:09,  3.29it/s, loss=0.6996]Trial 1 Ep6:  59%|████████████████████████████████████████████████▎                                 | 46/78 [00:14<00:09,  3.29it/s, loss=0.6946]Trial 1 Ep6:  60%|█████████████████████████████████████████████████▍                                | 47/78 [00:14<00:09,  3.17it/s, loss=0.6946]Trial 1 Ep6:  60%|█████████████████████████████████████████████████▍                                | 47/78 [00:15<00:09,  3.17it/s, loss=0.7164]Trial 1 Ep6:  62%|██████████████████████████████████████████████████▍                               | 48/78 [00:15<00:09,  3.01it/s, loss=0.7164]Trial 1 Ep6:  62%|██████████████████████████████████████████████████▍                               | 48/78 [00:15<00:09,  3.01it/s, loss=0.6584]Trial 1 Ep6:  63%|███████████████████████████████████████████████████▌                              | 49/78 [00:15<00:09,  2.97it/s, loss=0.6584]Trial 1 Ep6:  63%|███████████████████████████████████████████████████▌                              | 49/78 [00:15<00:09,  2.97it/s, loss=0.7009]Trial 1 Ep6:  64%|████████████████████████████████████████████████████▌                             | 50/78 [00:15<00:09,  2.98it/s, loss=0.7009]Trial 1 Ep6:  64%|████████████████████████████████████████████████████▌                             | 50/78 [00:16<00:09,  2.98it/s, loss=0.7132]Trial 1 Ep6:  65%|█████████████████████████████████████████████████████▌                            | 51/78 [00:16<00:08,  3.01it/s, loss=0.7132]Trial 1 Ep6:  65%|█████████████████████████████████████████████████████▌                            | 51/78 [00:16<00:08,  3.01it/s, loss=0.6945]Trial 1 Ep6:  67%|██████████████████████████████████████████████████████▋                           | 52/78 [00:16<00:08,  2.97it/s, loss=0.6945]Trial 1 Ep6:  67%|██████████████████████████████████████████████████████▋                           | 52/78 [00:16<00:08,  2.97it/s, loss=0.6937]Trial 1 Ep6:  68%|███████████████████████████████████████████████████████▋                          | 53/78 [00:16<00:08,  3.05it/s, loss=0.6937]Trial 1 Ep6:  68%|███████████████████████████████████████████████████████▋                          | 53/78 [00:17<00:08,  3.05it/s, loss=0.7069]Trial 1 Ep6:  69%|████████████████████████████████████████████████████████▊                         | 54/78 [00:17<00:07,  3.06it/s, loss=0.7069]Trial 1 Ep6:  69%|████████████████████████████████████████████████████████▊                         | 54/78 [00:17<00:07,  3.06it/s, loss=0.6994]Trial 1 Ep6:  71%|█████████████████████████████████████████████████████████▊                        | 55/78 [00:17<00:07,  3.04it/s, loss=0.6994]Trial 1 Ep6:  71%|█████████████████████████████████████████████████████████▊                        | 55/78 [00:17<00:07,  3.04it/s, loss=0.7160]Trial 1 Ep6:  72%|██████████████████████████████████████████████████████████▊                       | 56/78 [00:17<00:07,  3.05it/s, loss=0.7160]Trial 1 Ep6:  72%|██████████████████████████████████████████████████████████▊                       | 56/78 [00:18<00:07,  3.05it/s, loss=0.6971]Trial 1 Ep6:  73%|███████████████████████████████████████████████████████████▉                      | 57/78 [00:18<00:06,  3.15it/s, loss=0.6971]Trial 1 Ep6:  73%|███████████████████████████████████████████████████████████▉                      | 57/78 [00:18<00:06,  3.15it/s, loss=0.7320]Trial 1 Ep6:  74%|████████████████████████████████████████████████████████████▉                     | 58/78 [00:18<00:07,  2.56it/s, loss=0.7320]Trial 1 Ep6:  74%|████████████████████████████████████████████████████████████▉                     | 58/78 [00:18<00:07,  2.56it/s, loss=0.7004]Trial 1 Ep6:  76%|██████████████████████████████████████████████████████████████                    | 59/78 [00:18<00:07,  2.62it/s, loss=0.7004]Trial 1 Ep6:  76%|██████████████████████████████████████████████████████████████                    | 59/78 [00:19<00:07,  2.62it/s, loss=0.7019]Trial 1 Ep6:  77%|███████████████████████████████████████████████████████████████                   | 60/78 [00:19<00:06,  2.78it/s, loss=0.7019]Trial 1 Ep6:  77%|███████████████████████████████████████████████████████████████                   | 60/78 [00:19<00:06,  2.78it/s, loss=0.6769]Trial 1 Ep6:  78%|████████████████████████████████████████████████████████████████▏                 | 61/78 [00:19<00:05,  2.94it/s, loss=0.6769]Trial 1 Ep6:  78%|████████████████████████████████████████████████████████████████▏                 | 61/78 [00:19<00:05,  2.94it/s, loss=0.7251]Trial 1 Ep6:  79%|█████████████████████████████████████████████████████████████████▏                | 62/78 [00:19<00:05,  3.00it/s, loss=0.7251]Trial 1 Ep6:  79%|█████████████████████████████████████████████████████████████████▏                | 62/78 [00:20<00:05,  3.00it/s, loss=0.6990]Trial 1 Ep6:  81%|██████████████████████████████████████████████████████████████████▏               | 63/78 [00:20<00:04,  3.05it/s, loss=0.6990]Trial 1 Ep6:  81%|██████████████████████████████████████████████████████████████████▏               | 63/78 [00:20<00:04,  3.05it/s, loss=0.6917]Trial 1 Ep6:  82%|███████████████████████████████████████████████████████████████████▎              | 64/78 [00:20<00:04,  3.02it/s, loss=0.6917]Trial 1 Ep6:  82%|███████████████████████████████████████████████████████████████████▎              | 64/78 [00:20<00:04,  3.02it/s, loss=0.6975]Trial 1 Ep6:  83%|████████████████████████████████████████████████████████████████████▎             | 65/78 [00:20<00:04,  3.12it/s, loss=0.6975]Trial 1 Ep6:  83%|████████████████████████████████████████████████████████████████████▎             | 65/78 [00:21<00:04,  3.12it/s, loss=0.6771]Trial 1 Ep6:  85%|█████████████████████████████████████████████████████████████████████▍            | 66/78 [00:21<00:03,  3.19it/s, loss=0.6771]Trial 1 Ep6:  85%|█████████████████████████████████████████████████████████████████████▍            | 66/78 [00:21<00:03,  3.19it/s, loss=0.7330]Trial 1 Ep6:  86%|██████████████████████████████████████████████████████████████████████▍           | 67/78 [00:21<00:03,  3.33it/s, loss=0.7330]Trial 1 Ep6:  86%|██████████████████████████████████████████████████████████████████████▍           | 67/78 [00:21<00:03,  3.33it/s, loss=0.6703]Trial 1 Ep6:  87%|███████████████████████████████████████████████████████████████████████▍          | 68/78 [00:21<00:02,  3.41it/s, loss=0.6703]Trial 1 Ep6:  87%|███████████████████████████████████████████████████████████████████████▍          | 68/78 [00:21<00:02,  3.41it/s, loss=0.6936]Trial 1 Ep6:  88%|████████████████████████████████████████████████████████████████████████▌         | 69/78 [00:21<00:02,  3.39it/s, loss=0.6936]Trial 1 Ep6:  88%|████████████████████████████████████████████████████████████████████████▌         | 69/78 [00:22<00:02,  3.39it/s, loss=0.6675]Trial 1 Ep6:  90%|█████████████████████████████████████████████████████████████████████████▌        | 70/78 [00:22<00:02,  3.27it/s, loss=0.6675]Trial 1 Ep6:  90%|█████████████████████████████████████████████████████████████████████████▌        | 70/78 [00:22<00:02,  3.27it/s, loss=0.6797]Trial 1 Ep6:  91%|██████████████████████████████████████████████████████████████████████████▋       | 71/78 [00:22<00:02,  3.34it/s, loss=0.6797]Trial 1 Ep6:  91%|██████████████████████████████████████████████████████████████████████████▋       | 71/78 [00:22<00:02,  3.34it/s, loss=0.6629]Trial 1 Ep6:  92%|███████████████████████████████████████████████████████████████████████████▋      | 72/78 [00:22<00:01,  3.17it/s, loss=0.6629]Trial 1 Ep6:  92%|███████████████████████████████████████████████████████████████████████████▋      | 72/78 [00:23<00:01,  3.17it/s, loss=0.6680]Trial 1 Ep6:  94%|████████████████████████████████████████████████████████████████████████████▋     | 73/78 [00:23<00:01,  3.22it/s, loss=0.6680]Trial 1 Ep6:  94%|████████████████████████████████████████████████████████████████████████████▋     | 73/78 [00:23<00:01,  3.22it/s, loss=0.6778]Trial 1 Ep6:  95%|█████████████████████████████████████████████████████████████████████████████▊    | 74/78 [00:23<00:01,  3.27it/s, loss=0.6778]Trial 1 Ep6:  95%|█████████████████████████████████████████████████████████████████████████████▊    | 74/78 [00:23<00:01,  3.27it/s, loss=0.7062]Trial 1 Ep6:  96%|██████████████████████████████████████████████████████████████████████████████▊  