Trial 12 Ep7:   0%|                                                                                                       | 0/78 [00:00<?, ?it/s]Trial 12 Ep7:   0%|                                                                                          | 0/78 [00:00<?, ?it/s, loss=0.7045]Trial 12 Ep7:   1%|█                                                                                 | 1/78 [00:00<00:28,  2.72it/s, loss=0.7045]Trial 12 Ep7:   1%|█                                                                                 | 1/78 [00:00<00:28,  2.72it/s, loss=0.6566]Trial 12 Ep7:   3%|██                                                                                | 2/78 [00:00<00:23,  3.19it/s, loss=0.6566]Trial 12 Ep7:   3%|██                                                                                | 2/78 [00:00<00:23,  3.19it/s, loss=0.7695]Trial 12 Ep7:   4%|███▏                                                                              | 3/78 [00:00<00:22,  3.29it/s, loss=0.7695]Trial 12 Ep7:   4%|███▏                                                                              | 3/78 [00:01<00:22,  3.29it/s, loss=0.6746]Trial 12 Ep7:   5%|████▏                                                                             | 4/78 [00:01<00:23,  3.13it/s, loss=0.6746]Trial 12 Ep7:   5%|████▏                                                                             | 4/78 [00:01<00:23,  3.13it/s, loss=0.6922]Trial 12 Ep7:   6%|█████▎                                                                            | 5/78 [00:01<00:22,  3.24it/s, loss=0.6922]Trial 12 Ep7:   6%|█████▎                                                                            | 5/78 [00:01<00:22,  3.24it/s, loss=0.6868]Trial 12 Ep7:   8%|██████▎                                                                           | 6/78 [00:01<00:24,  3.00it/s, loss=0.6868]Trial 12 Ep7:   8%|██████▎                                                                           | 6/78 [00:02<00:24,  3.00it/s, loss=0.7405]Trial 12 Ep7:   9%|███████▎                                                                          | 7/78 [00:02<00:22,  3.11it/s, loss=0.7405]Trial 12 Ep7:   9%|███████▎                                                                          | 7/78 [00:02<00:22,  3.11it/s, loss=0.7354]Trial 12 Ep7:  10%|████████▍                                                                         | 8/78 [00:02<00:23,  3.02it/s, loss=0.7354]Trial 12 Ep7:  10%|████████▍                                                                         | 8/78 [00:02<00:23,  3.02it/s, loss=0.7173]Trial 12 Ep7:  12%|█████████▍                                                                        | 9/78 [00:02<00:22,  3.01it/s, loss=0.7173]Trial 12 Ep7:  12%|█████████▍                                                                        | 9/78 [00:03<00:22,  3.01it/s, loss=0.7017]Trial 12 Ep7:  13%|██████████▍                                                                      | 10/78 [00:03<00:22,  3.05it/s, loss=0.7017]Trial 12 Ep7:  13%|██████████▍                                                                      | 10/78 [00:03<00:22,  3.05it/s, loss=0.6844]Trial 12 Ep7:  14%|███████████▍                                                                     | 11/78 [00:03<00:21,  3.05it/s, loss=0.6844]Trial 12 Ep7:  14%|███████████▍                                                                     | 11/78 [00:03<00:21,  3.05it/s, loss=0.6729]Trial 12 Ep7:  15%|████████████▍                                                                    | 12/78 [00:03<00:22,  2.99it/s, loss=0.6729]Trial 12 Ep7:  15%|████████████▍                                                                    | 12/78 [00:04<00:22,  2.99it/s, loss=0.7102]Trial 12 Ep7:  17%|█████████████▌                                                                   | 13/78 [00:04<00:21,  2.99it/s, loss=0.7102]Trial 12 Ep7:  17%|█████████████▌                                                                   | 13/78 [00:04<00:21,  2.99it/s, loss=0.7628]Trial 12 Ep7:  18%|██████████████▌                                                                  | 14/78 [00:04<00:21,  2.97it/s, loss=0.7628]Trial 12 Ep7:  18%|██████████████▌                                                                  | 14/78 [00:04<00:21,  2.97it/s, loss=0.7043]Trial 12 Ep7:  19%|███████████████▌                                                                 | 15/78 [00:04<00:21,  2.91it/s, loss=0.7043]Trial 12 Ep7:  19%|███████████████▌                                                                 | 15/78 [00:05<00:21,  2.91it/s, loss=0.6777]Trial 12 Ep7:  21%|████████████████▌                                                                | 16/78 [00:05<00:21,  2.92it/s, loss=0.6777]Trial 12 Ep7:  21%|████████████████▌                                                                | 16/78 [00:05<00:21,  2.92it/s, loss=0.7144]Trial 12 Ep7:  22%|█████████████████▋                                                               | 17/78 [00:05<00:20,  3.04it/s, loss=0.7144]Trial 12 Ep7:  22%|█████████████████▋                                                               | 17/78 [00:05<00:20,  3.04it/s, loss=0.6876]Trial 12 Ep7:  23%|██████████████████▋                                                              | 18/78 [00:05<00:20,  2.99it/s, loss=0.6876]Trial 12 Ep7:  23%|██████████████████▋                                                              | 18/78 [00:06<00:20,  2.99it/s, loss=0.6623]Trial 12 Ep7:  24%|███████████████████▋                                                             | 19/78 [00:06<00:19,  3.00it/s, loss=0.6623]Trial 12 Ep7:  24%|███████████████████▋                                                             | 19/78 [00:06<00:19,  3.00it/s, loss=0.6480]Trial 12 Ep7:  26%|████████████████████▊                                                            | 20/78 [00:06<00:19,  2.97it/s, loss=0.6480]Trial 12 Ep7:  26%|████████████████████▊                                                            | 20/78 [00:06<00:19,  2.97it/s, loss=0.7327]Trial 12 Ep7:  27%|█████████████████████▊                                                           | 21/78 [00:06<00:18,  3.06it/s, loss=0.7327]Trial 12 Ep7:  27%|█████████████████████▊                                                           | 21/78 [00:07<00:18,  3.06it/s, loss=0.6745]Trial 12 Ep7:  28%|██████████████████████▊                                                          | 22/78 [00:07<00:18,  3.05it/s, loss=0.6745]Trial 12 Ep7:  28%|██████████████████████▊                                                          | 22/78 [00:07<00:18,  3.05it/s, loss=0.7143]Trial 12 Ep7:  29%|███████████████████████▉                                                         | 23/78 [00:07<00:18,  3.00it/s, loss=0.7143]Trial 12 Ep7:  29%|███████████████████████▉                                                         | 23/78 [00:07<00:18,  3.00it/s, loss=0.6733]Trial 12 Ep7:  31%|████████████████████████▉                                                        | 24/78 [00:07<00:17,  3.03it/s, loss=0.6733]Trial 12 Ep7:  31%|████████████████████████▉                                                        | 24/78 [00:08<00:17,  3.03it/s, loss=0.6784]Trial 12 Ep7:  32%|█████████████████████████▉                                                       | 25/78 [00:08<00:18,  2.94it/s, loss=0.6784]Trial 12 Ep7:  32%|█████████████████████████▉                                                       | 25/78 [00:08<00:18,  2.94it/s, loss=0.7496]Trial 12 Ep7:  33%|███████████████████████████                                                      | 26/78 [00:08<00:17,  2.98it/s, loss=0.7496]Trial 12 Ep7:  33%|███████████████████████████                                                      | 26/78 [00:08<00:17,  2.98it/s, loss=0.7172]Trial 12 Ep7:  35%|████████████████████████████                                                     | 27/78 [00:08<00:17,  2.90it/s, loss=0.7172]Trial 12 Ep7:  35%|████████████████████████████                                                     | 27/78 [00:09<00:17,  2.90it/s, loss=0.6783]Trial 12 Ep7:  36%|█████████████████████████████                                                    | 28/78 [00:09<00:17,  2.91it/s, loss=0.6783]Trial 12 Ep7:  36%|█████████████████████████████                                                    | 28/78 [00:09<00:17,  2.91it/s, loss=0.7113]Trial 12 Ep7:  37%|██████████████████████████████                                                   | 29/78 [00:09<00:16,  2.96it/s, loss=0.7113]Trial 12 Ep7:  37%|██████████████████████████████                                                   | 29/78 [00:09<00:16,  2.96it/s, loss=0.7091]Trial 12 Ep7:  38%|███████████████████████████████▏                                                 | 30/78 [00:09<00:15,  3.05it/s, loss=0.7091]Trial 12 Ep7:  38%|███████████████████████████████▏                                                 | 30/78 [00:10<00:15,  3.05it/s, loss=0.7002]Trial 12 Ep7:  40%|████████████████████████████████▏                                                | 31/78 [00:10<00:15,  3.01it/s, loss=0.7002]Trial 12 Ep7:  40%|████████████████████████████████▏                                                | 31/78 [00:10<00:15,  3.01it/s, loss=0.6875]Trial 12 Ep7:  41%|█████████████████████████████████▏                                               | 32/78 [00:10<00:15,  3.05it/s, loss=0.6875]Trial 12 Ep7:  41%|█████████████████████████████████▏                                               | 32/78 [00:10<00:15,  3.05it/s, loss=0.6875]Trial 12 Ep7:  42%|██████████████████████████████████▎                                              | 33/78 [00:10<00:14,  3.06it/s, loss=0.6875]Trial 12 Ep7:  42%|██████████████████████████████████▎                                              | 33/78 [00:11<00:14,  3.06it/s, loss=0.7051]Trial 12 Ep7:  44%|███████████████████████████████████▎                                             | 34/78 [00:11<00:14,  3.09it/s, loss=0.7051]Trial 12 Ep7:  44%|███████████████████████████████████▎                                             | 34/78 [00:11<00:14,  3.09it/s, loss=0.6986]Trial 12 Ep7:  45%|████████████████████████████████████▎                                            | 35/78 [00:11<00:13,  3.17it/s, loss=0.6986]Trial 12 Ep7:  45%|████████████████████████████████████▎                                            | 35/78 [00:11<00:13,  3.17it/s, loss=0.7032]Trial 12 Ep7:  46%|█████████████████████████████████████▍                                           | 36/78 [00:11<00:13,  3.16it/s, loss=0.7032]Trial 12 Ep7:  46%|█████████████████████████████████████▍                                           | 36/78 [00:12<00:13,  3.16it/s, loss=0.7254]Trial 12 Ep7:  47%|██████████████████████████████████████▍                                          | 37/78 [00:12<00:12,  3.25it/s, loss=0.7254]Trial 12 Ep7:  47%|██████████████████████████████████████▍                                          | 37/78 [00:12<00:12,  3.25it/s, loss=0.6895]Trial 12 Ep7:  49%|███████████████████████████████████████▍                                         | 38/78 [00:12<00:12,  3.11it/s, loss=0.6895]Trial 12 Ep7:  49%|███████████████████████████████████████▍                                         | 38/78 [00:12<00:12,  3.11it/s, loss=0.6789]Trial 12 Ep7:  50%|████████████████████████████████████████▌                                        | 39/78 [00:12<00:12,  3.09it/s, loss=0.6789]Trial 12 Ep7:  50%|████████████████████████████████████████▌                                        | 39/78 [00:13<00:12,  3.09it/s, loss=0.6814]Trial 12 Ep7:  51%|█████████████████████████████████████████▌                                       | 40/78 [00:13<00:12,  3.03it/s, loss=0.6814]Trial 12 Ep7:  51%|█████████████████████████████████████████▌                                       | 40/78 [00:13<00:12,  3.03it/s, loss=0.7246]Trial 12 Ep7:  53%|██████████████████████████████████████████▌                                      | 41/78 [00:13<00:12,  3.02it/s, loss=0.7246]Trial 12 Ep7:  53%|██████████████████████████████████████████▌                                      | 41/78 [00:13<00:12,  3.02it/s, loss=0.6338]Trial 12 Ep7:  54%|███████████████████████████████████████████▌                                     | 42/78 [00:13<00:11,  3.00it/s, loss=0.6338]Trial 12 Ep7:  54%|███████████████████████████████████████████▌                                     | 42/78 [00:14<00:11,  3.00it/s, loss=0.6954]Trial 12 Ep7:  55%|████████████████████████████████████████████▋                                    | 43/78 [00:14<00:11,  2.92it/s, loss=0.6954]Trial 12 Ep7:  55%|████████████████████████████████████████████▋                                    | 43/78 [00:14<00:11,  2.92it/s, loss=0.6915]Trial 12 Ep7:  56%|█████████████████████████████████████████████▋                                   | 44/78 [00:14<00:11,  3.01it/s, loss=0.6915]Trial 12 Ep7:  56%|█████████████████████████████████████████████▋                                   | 44/78 [00:14<00:11,  3.01it/s, loss=0.6815]Trial 12 Ep7:  58%|██████████████████████████████████████████████▋                                  | 45/78 [00:14<00:10,  3.04it/s, loss=0.6815]Trial 12 Ep7:  58%|██████████████████████████████████████████████▋                                  | 45/78 [00:15<00:10,  3.04it/s, loss=0.7038]Trial 12 Ep7:  59%|███████████████████████████████████████████████▊                                 | 46/78 [00:15<00:10,  3.12it/s, loss=0.7038]Trial 12 Ep7:  59%|███████████████████████████████████████████████▊                                 | 46/78 [00:15<00:10,  3.12it/s, loss=0.7236]Trial 12 Ep7:  60%|████████████████████████████████████████████████▊                                | 47/78 [00:15<00:10,  3.02it/s, loss=0.7236]Trial 12 Ep7:  60%|████████████████████████████████████████████████▊                                | 47/78 [00:15<00:10,  3.02it/s, loss=0.7156]Trial 12 Ep7:  62%|█████████████████████████████████████████████████▊                               | 48/78 [00:15<00:09,  3.08it/s, loss=0.7156]Trial 12 Ep7:  62%|█████████████████████████████████████████████████▊                               | 48/78 [00:16<00:09,  3.08it/s, loss=0.6711]Trial 12 Ep7:  63%|██████████████████████████████████████████████████▉                              | 49/78 [00:16<00:09,  3.10it/s, loss=0.6711]Trial 12 Ep7:  63%|██████████████████████████████████████████████████▉                              | 49/78 [00:16<00:09,  3.10it/s, loss=0.6612]Trial 12 Ep7:  64%|███████████████████████████████████████████████████▉                             | 50/78 [00:16<00:09,  3.07it/s, loss=0.6612]Trial 12 Ep7:  64%|███████████████████████████████████████████████████▉                             | 50/78 [00:16<00:09,  3.07it/s, loss=0.6624]Trial 12 Ep7:  65%|████████████████████████████████████████████████████▉                            | 51/78 [00:16<00:08,  3.19it/s, loss=0.6624]Trial 12 Ep7:  65%|████████████████████████████████████████████████████▉                            | 51/78 [00:17<00:08,  3.19it/s, loss=0.6357]Trial 12 Ep7:  67%|██████████████████████████████████████████████████████                           | 52/78 [00:17<00:08,  3.23it/s, loss=0.6357]Trial 12 Ep7:  67%|██████████████████████████████████████████████████████                           | 52/78 [00:17<00:08,  3.23it/s, loss=0.6695]Trial 12 Ep7:  68%|███████████████████████████████████████████████████████                          | 53/78 [00:17<00:07,  3.19it/s, loss=0.6695]Trial 12 Ep7:  68%|███████████████████████████████████████████████████████                          | 53/78 [00:17<00:07,  3.19it/s, loss=0.6691]Trial 12 Ep7:  69%|████████████████████████████████████████████████████████                         | 54/78 [00:17<00:07,  3.15it/s, loss=0.6691]Trial 12 Ep7:  69%|████████████████████████████████████████████████████████                         | 54/78 [00:18<00:07,  3.15it/s, loss=0.6476]Trial 12 Ep7:  71%|█████████████████████████████████████████████████████████                        | 55/78 [00:18<00:07,  2.98it/s, loss=0.6476]Trial 12 Ep7:  71%|█████████████████████████████████████████████████████████                        | 55/78 [00:18<00:07,  2.98it/s, loss=0.6611]Trial 12 Ep7:  72%|██████████████████████████████████████████████████████████▏                      | 56/78 [00:18<00:07,  3.04it/s, loss=0.6611]Trial 12 Ep7:  72%|██████████████████████████████████████████████████████████▏                      | 56/78 [00:18<00:07,  3.04it/s, loss=0.6656]Trial 12 Ep7:  73%|███████████████████████████████████████████████████████████▏                     | 57/78 [00:18<00:07,  3.00it/s, loss=0.6656]Trial 12 Ep7:  73%|███████████████████████████████████████████████████████████▏                     | 57/78 [00:19<00:07,  3.00it/s, loss=0.7120]Trial 12 Ep7:  74%|████████████████████████████████████████████████████████████▏                    | 58/78 [00:19<00:06,  3.10it/s, loss=0.7120]Trial 12 Ep7:  74%|████████████████████████████████████████████████████████████▏                    | 58/78 [00:19<00:06,  3.10it/s, loss=0.6356]Trial 12 Ep7:  76%|█████████████████████████████████████████████████████████████▎                   | 59/78 [00:19<00:05,  3.23it/s, loss=0.6356]Trial 12 Ep7:  76%|█████████████████████████████████████████████████████████████▎                   | 59/78 [00:19<00:05,  3.23it/s, loss=0.6576]Trial 12 Ep7:  77%|██████████████████████████████████████████████████████████████▎                  | 60/78 [00:19<00:05,  3.13it/s, loss=0.6576]Trial 12 Ep7:  77%|██████████████████████████████████████████████████████████████▎                  | 60/78 [00:20<00:05,  3.13it/s, loss=0.7027]Trial 12 Ep7:  78%|███████████████████████████████████████████████████████████████▎                 | 61/78 [00:20<00:05,  3.02it/s, loss=0.7027]Trial 12 Ep7:  78%|███████████████████████████████████████████████████████████████▎                 | 61/78 [00:20<00:05,  3.02it/s, loss=0.6699]Trial 12 Ep7:  79%|████████████████████████████████████████████████████████████████▍                | 62/78 [00:20<00:05,  3.18it/s, loss=0.6699]Trial 12 Ep7:  79%|████████████████████████████████████████████████████████████████▍                | 62/78 [00:20<00:05,  3.18it/s, loss=0.7138]Trial 12 Ep7:  81%|█████████████████████████████████████████████████████████████████▍               | 63/78 [00:20<00:04,  3.01it/s, loss=0.7138]Trial 12 Ep7:  81%|█████████████████████████████████████████████████████████████████▍               | 63/78 [00:20<00:04,  3.01it/s, loss=0.6799]Trial 12 Ep7:  82%|██████████████████████████████████████████████████████████████████▍              | 64/78 [00:20<00:04,  3.09it/s, loss=0.6799]Trial 12 Ep7:  82%|██████████████████████████████████████████████████████████████████▍              | 64/78 [00:21<00:04,  3.09it/s, loss=0.6580]Trial 12 Ep7:  83%|███████████████████████████████████████████████████████████████████▌             | 65/78 [00:21<00:04,  3.11it/s, loss=0.6580]Trial 12 Ep7:  83%|███████████████████████████████████████████████████████████████████▌             | 65/78 [00:21<00:04,  3.11it/s, loss=0.6583]Trial 12 Ep7:  85%|████████████████████████████████████████████████████████████████████▌            | 66/78 [00:21<00:04,  2.96it/s, loss=0.6583]Trial 12 Ep7:  85%|████████████████████████████████████████████████████████████████████▌            | 66/78 [00:22<00:04,  2.96it/s, loss=0.6519]Trial 12 Ep7:  86%|█████████████████████████████████████████████████████████████████████▌           | 67/78 [00:22<00:03,  2.76it/s, loss=0.6519]Trial 12 Ep7:  86%|█████████████████████████████████████████████████████████████████████▌           | 67/78 [00:22<00:03,  2.76it/s, loss=0.6984]Trial 12 Ep7:  87%|██████████████████████████████████████████████████████████████████████▌          | 68/78 [00:22<00:03,  2.87it/s, loss=0.6984]Trial 12 Ep7:  87%|██████████████████████████████████████████████████████████████████████▌          | 68/78 [00:22<00:03,  2.87it/s, loss=0.6961]Trial 12 Ep7:  88%|███████████████████████████████████████████████████████████████████████▋         | 69/78 [00:22<00:03,  2.95it/s, loss=0.6961]Trial 12 Ep7:  88%|███████████████████████████████████████████████████████████████████████▋         | 69/78 [00:23<00:03,  2.95it/s, loss=0.6889]Trial 12 Ep7:  90%|████████████████████████████████████████████████████████████████████████▋        | 70/78 [00:23<00:02,  3.05it/s, loss=0.6889]Trial 12 Ep7:  90%|████████████████████████████████████████████████████████████████████████▋        | 70/78 [00:23<00:02,  3.05it/s, loss=0.6988]Trial 12 Ep7:  91%|█████████████████████████████████████████████████████████████████████████▋       | 71/78 [00:23<00:02,  3.04it/s, loss=0.6988]Trial 12 Ep7:  91%|█████████████████████████████████████████████████████████████████████████▋       | 71/78 [00:23<00:02,  3.04it/s, loss=0.7228]Trial 12 Ep7:  92%|██████████████████████████████████████████████████████████████████████████▊      | 72/78 [00:23<00:01,  3.14it/s, loss=0.7228]Trial 12 Ep7:  92%|██████████████████████████████████████████████████████████████████████████▊      | 72/78 [00:23<00:01,  3.14it/s, loss=0.6456]Trial 12 Ep7:  94%|███████████████████████████████████████████████████████████████████████████▊     | 73/78 [00:23<00:01,  3.22it/s, loss=0.6456]Trial 12 Ep7:  94%|███████████████████████████████████████████████████████████████████████████▊     | 73/78 [00:24<00:01,  3.22it/s, loss=0.6918]Trial 12 Ep7:  95%|████████████████████████████████████████████████████████████████████████████▊    | 74/78 [00:24<00:01,  3.28it/s, loss=0.6918]Trial 12 Ep7:  95%|████████████████████████████████████████████████████████████████████████████▊    | 74/78 [00:24<00:01,  3.28it/s, loss=0.6636]Trial 12 Ep7:  96%|█████████████████████████████████████████████████████████████████████████████▉  