Trial 21 Ep1:   0%|                                                                                                                                    | 0/78 [00:00<?, ?it/s]Trial 21 Ep1:   0%|                                                                                                                       | 0/78 [00:00<?, ?it/s, loss=0.6683]Trial 21 Ep1:   1%|█▍                                                                                                             | 1/78 [00:00<01:07,  1.14it/s, loss=0.6683]Trial 21 Ep1:   1%|█▍                                                                                                             | 1/78 [00:01<01:07,  1.14it/s, loss=0.6485]Trial 21 Ep1:   3%|██▊                                                                                                            | 2/78 [00:01<01:01,  1.24it/s, loss=0.6485]Trial 21 Ep1:   3%|██▊                                                                                                            | 2/78 [00:04<01:01,  1.24it/s, loss=0.7143]Trial 21 Ep1:   4%|████▎                                                                                                          | 3/78 [00:04<01:56,  1.55s/it, loss=0.7143]Trial 21 Ep1:   4%|████▎                                                                                                          | 3/78 [00:04<01:56,  1.55s/it, loss=0.6625]Trial 21 Ep1:   5%|█████▋                                                                                                         | 4/78 [00:04<01:28,  1.19s/it, loss=0.6625]Trial 21 Ep1:   5%|█████▋                                                                                                         | 4/78 [00:05<01:28,  1.19s/it, loss=0.7702]Trial 21 Ep1:   6%|███████                                                                                                        | 5/78 [00:05<01:18,  1.08s/it, loss=0.7702]Trial 21 Ep1:   6%|███████                                                                                                        | 5/78 [00:06<01:18,  1.08s/it, loss=0.7571]Trial 21 Ep1:   8%|████████▌                                                                                                      | 6/78 [00:06<01:06,  1.08it/s, loss=0.7571]Trial 21 Ep1:   8%|████████▌                                                                                                      | 6/78 [00:06<01:06,  1.08it/s, loss=0.7204]Trial 21 Ep1:   9%|█████████▉                                                                                                     | 7/78 [00:06<01:01,  1.16it/s, loss=0.7204]Trial 21 Ep1:   9%|█████████▉                                                                                                     | 7/78 [00:07<01:01,  1.16it/s, loss=0.7671]Trial 21 Ep1:  10%|███████████▍                                                                                                   | 8/78 [00:07<00:55,  1.25it/s, loss=0.7671]Trial 21 Ep1:  10%|███████████▍                                                                                                   | 8/78 [00:08<00:55,  1.25it/s, loss=0.7342]Trial 21 Ep1:  12%|████████████▊                                                                                                  | 9/78 [00:08<00:52,  1.31it/s, loss=0.7342]Trial 21 Ep1:  12%|████████████▊                                                                                                  | 9/78 [00:08<00:52,  1.31it/s, loss=0.7408]Trial 21 Ep1:  13%|██████████████                                                                                                | 10/78 [00:08<00:50,  1.35it/s, loss=0.7408]Trial 21 Ep1:  13%|██████████████                                                                                                | 10/78 [00:09<00:50,  1.35it/s, loss=0.7240]Trial 21 Ep1:  14%|███████████████▌                                                                                              | 11/78 [00:09<00:48,  1.39it/s, loss=0.7240]Trial 21 Ep1:  14%|███████████████▌                                                                                              | 11/78 [00:10<00:48,  1.39it/s, loss=0.6903]Trial 21 Ep1:  15%|████████████████▉                                                                                             | 12/78 [00:10<00:46,  1.43it/s, loss=0.6903]Trial 21 Ep1:  15%|████████████████▉                                                                                             | 12/78 [00:10<00:46,  1.43it/s, loss=0.7163]Trial 21 Ep1:  17%|██████████████████▎                                                                                           | 13/78 [00:10<00:43,  1.49it/s, loss=0.7163]Trial 21 Ep1:  17%|██████████████████▎                                                                                           | 13/78 [00:11<00:43,  1.49it/s, loss=0.6921]Trial 21 Ep1:  18%|███████████████████▋                                                                                          | 14/78 [00:11<00:43,  1.46it/s, loss=0.6921]Trial 21 Ep1:  18%|███████████████████▋                                                                                          | 14/78 [00:12<00:43,  1.46it/s, loss=0.7801]Trial 21 Ep1:  19%|█████████████████████▏                                                                                        | 15/78 [00:12<00:43,  1.44it/s, loss=0.7801]Trial 21 Ep1:  19%|█████████████████████▏                                                                                        | 15/78 [00:13<00:43,  1.44it/s, loss=0.8035]Trial 21 Ep1:  21%|██████████████████████▌                                                                                       | 16/78 [00:13<00:43,  1.43it/s, loss=0.8035]Trial 21 Ep1:  21%|██████████████████████▌                                                                                       | 16/78 [00:13<00:43,  1.43it/s, loss=0.7055]Trial 21 Ep1:  22%|███████████████████████▉                                                                                      | 17/78 [00:13<00:44,  1.36it/s, loss=0.7055]Trial 21 Ep1:  22%|███████████████████████▉                                                                                      | 17/78 [00:14<00:44,  1.36it/s, loss=0.6882]Trial 21 Ep1:  23%|█████████████████████████▍                                                                                    | 18/78 [00:14<00:41,  1.43it/s, loss=0.6882]Trial 21 Ep1:  23%|█████████████████████████▍                                                                                    | 18/78 [00:15<00:41,  1.43it/s, loss=0.7192]Trial 21 Ep1:  24%|██████████████████████████▊                                                                                   | 19/78 [00:15<00:40,  1.47it/s, loss=0.7192]Trial 21 Ep1:  24%|██████████████████████████▊                                                                                   | 19/78 [00:15<00:40,  1.47it/s, loss=0.6733]Trial 21 Ep1:  26%|████████████████████████████▏                                                                                 | 20/78 [00:15<00:39,  1.49it/s, loss=0.6733]Trial 21 Ep1:  26%|████████████████████████████▏                                                                                 | 20/78 [00:16<00:39,  1.49it/s, loss=0.7282]Trial 21 Ep1:  27%|█████████████████████████████▌                                                                                | 21/78 [00:16<00:39,  1.46it/s, loss=0.7282]Trial 21 Ep1:  27%|█████████████████████████████▌                                                                                | 21/78 [00:17<00:39,  1.46it/s, loss=0.7295]Trial 21 Ep1:  28%|███████████████████████████████                                                                               | 22/78 [00:17<00:37,  1.50it/s, loss=0.7295]Trial 21 Ep1:  28%|███████████████████████████████                                                                               | 22/78 [00:17<00:37,  1.50it/s, loss=0.7714]Trial 21 Ep1:  29%|████████████████████████████████▍                                                                             | 23/78 [00:17<00:37,  1.46it/s, loss=0.7714]Trial 21 Ep1:  29%|████████████████████████████████▍                                                                             | 23/78 [00:18<00:37,  1.46it/s, loss=0.6973]Trial 21 Ep1:  31%|█████████████████████████████████▊                                                                            | 24/78 [00:18<00:37,  1.45it/s, loss=0.6973]Trial 21 Ep1:  31%|█████████████████████████████████▊                                                                            | 24/78 [00:19<00:37,  1.45it/s, loss=0.7339]Trial 21 Ep1:  32%|███████████████████████████████████▎                                                                          | 25/78 [00:19<00:36,  1.44it/s, loss=0.7339]Trial 21 Ep1:  32%|███████████████████████████████████▎                                                                          | 25/78 [00:19<00:36,  1.44it/s, loss=0.7353]Trial 21 Ep1:  33%|████████████████████████████████████▋                                                                         | 26/78 [00:19<00:34,  1.50it/s, loss=0.7353]Trial 21 Ep1:  33%|████████████████████████████████████▋                                                                         | 26/78 [00:20<00:34,  1.50it/s, loss=0.7015]Trial 21 Ep1:  35%|██████████████████████████████████████                                                                        | 27/78 [00:20<00:37,  1.37it/s, loss=0.7015]Trial 21 Ep1:  35%|██████████████████████████████████████                                                                        | 27/78 [00:21<00:37,  1.37it/s, loss=0.6541]Trial 21 Ep1:  36%|███████████████████████████████████████▍                                                                      | 28/78 [00:21<00:36,  1.38it/s, loss=0.6541]Trial 21 Ep1:  36%|███████████████████████████████████████▍                                                                      | 28/78 [00:22<00:36,  1.38it/s, loss=0.7024]Trial 21 Ep1:  37%|████████████████████████████████████████▉                                                                     | 29/78 [00:22<00:34,  1.41it/s, loss=0.7024]Trial 21 Ep1:  37%|████████████████████████████████████████▉                                                                     | 29/78 [00:22<00:34,  1.41it/s, loss=0.7069]Trial 21 Ep1:  38%|██████████████████████████████████████████▎                                                                   | 30/78 [00:22<00:34,  1.40it/s, loss=0.7069]Trial 21 Ep1:  38%|██████████████████████████████████████████▎                                                                   | 30/78 [00:23<00:34,  1.40it/s, loss=0.6706]Trial 21 Ep1:  40%|███████████████████████████████████████████▋                                                                  | 31/78 [00:23<00:32,  1.44it/s, loss=0.6706]Trial 21 Ep1:  40%|███████████████████████████████████████████▋                                                                  | 31/78 [00:24<00:32,  1.44it/s, loss=0.6829]Trial 21 Ep1:  41%|█████████████████████████████████████████████▏                                                                | 32/78 [00:24<00:30,  1.50it/s, loss=0.6829]Trial 21 Ep1:  41%|█████████████████████████████████████████████▏                                                                | 32/78 [00:24<00:30,  1.50it/s, loss=0.7324]Trial 21 Ep1:  42%|██████████████████████████████████████████████▌                                                               | 33/78 [00:24<00:30,  1.48it/s, loss=0.7324]Trial 21 Ep1:  42%|██████████████████████████████████████████████▌                                                               | 33/78 [00:25<00:30,  1.48it/s, loss=0.6967]Trial 21 Ep1:  44%|███████████████████████████████████████████████▉                                                              | 34/78 [00:25<00:29,  1.49it/s, loss=0.6967]Trial 21 Ep1:  44%|███████████████████████████████████████████████▉                                                              | 34/78 [00:26<00:29,  1.49it/s, loss=0.6622]Trial 21 Ep1:  45%|█████████████████████████████████████████████████▎                                                            | 35/78 [00:26<00:31,  1.34it/s, loss=0.6622]Trial 21 Ep1:  45%|█████████████████████████████████████████████████▎                                                            | 35/78 [00:27<00:31,  1.34it/s, loss=0.6895]Trial 21 Ep1:  46%|██████████████████████████████████████████████████▊                                                           | 36/78 [00:27<00:34,  1.21it/s, loss=0.6895]Trial 21 Ep1:  46%|██████████████████████████████████████████████████▊                                                           | 36/78 [00:28<00:34,  1.21it/s, loss=0.6909]Trial 21 Ep1:  47%|████████████████████████████████████████████████████▏                                                         | 37/78 [00:28<00:31,  1.28it/s, loss=0.6909]Trial 21 Ep1:  47%|████████████████████████████████████████████████████▏                                                         | 37/78 [00:28<00:31,  1.28it/s, loss=0.6584]Trial 21 Ep1:  49%|█████████████████████████████████████████████████████▌                                                        | 38/78 [00:28<00:30,  1.31it/s, loss=0.6584]Trial 21 Ep1:  49%|█████████████████████████████████████████████████████▌                                                        | 38/78 [00:29<00:30,  1.31it/s, loss=0.7208]Trial 21 Ep1:  50%|███████████████████████████████████████████████████████                                                       | 39/78 [00:29<00:28,  1.38it/s, loss=0.7208]Trial 21 Ep1:  50%|███████████████████████████████████████████████████████                                                       | 39/78 [00:30<00:28,  1.38it/s, loss=0.7205]Trial 21 Ep1:  51%|████████████████████████████████████████████████████████▍                                                     | 40/78 [00:30<00:27,  1.40it/s, loss=0.7205]Trial 21 Ep1:  51%|████████████████████████████████████████████████████████▍                                                     | 40/78 [00:30<00:27,  1.40it/s, loss=0.6348]Trial 21 Ep1:  53%|█████████████████████████████████████████████████████████▊                                                    | 41/78 [00:30<00:25,  1.46it/s, loss=0.6348]Trial 21 Ep1:  53%|█████████████████████████████████████████████████████████▊                                                    | 41/78 [00:31<00:25,  1.46it/s, loss=0.7042]Trial 21 Ep1:  54%|███████████████████████████████████████████████████████████▏                                                  | 42/78 [00:31<00:26,  1.38it/s, loss=0.7042]Trial 21 Ep1:  54%|███████████████████████████████████████████████████████████▏                                                  | 42/78 [00:32<00:26,  1.38it/s, loss=0.7208]Trial 21 Ep1:  55%|████████████████████████████████████████████████████████████▋                                                 | 43/78 [00:32<00:24,  1.41it/s, loss=0.7208]Trial 21 Ep1:  55%|████████████████████████████████████████████████████████████▋                                                 | 43/78 [00:32<00:24,  1.41it/s, loss=0.7140]Trial 21 Ep1:  56%|██████████████████████████████████████████████████████████████                                                | 44/78 [00:32<00:24,  1.40it/s, loss=0.7140]Trial 21 Ep1:  56%|██████████████████████████████████████████████████████████████                                                | 44/78 [00:33<00:24,  1.40it/s, loss=0.6955]Trial 21 Ep1:  58%|███████████████████████████████████████████████████████████████▍                                              | 45/78 [00:33<00:24,  1.37it/s, loss=0.6955]Trial 21 Ep1:  58%|███████████████████████████████████████████████████████████████▍                                              | 45/78 [00:34<00:24,  1.37it/s, loss=0.6710]Trial 21 Ep1:  59%|████████████████████████████████████████████████████████████████▊                                             | 46/78 [00:34<00:22,  1.40it/s, loss=0.6710]Trial 21 Ep1:  59%|████████████████████████████████████████████████████████████████▊                                             | 46/78 [00:35<00:22,  1.40it/s, loss=0.7540]Trial 21 Ep1:  60%|██████████████████████████████████████████████████████████████████▎                                           | 47/78 [00:35<00:21,  1.44it/s, loss=0.7540]Trial 21 Ep1:  60%|██████████████████████████████████████████████████████████████████▎                                           | 47/78 [00:35<00:21,  1.44it/s, loss=0.6925]Trial 21 Ep1:  62%|███████████████████████████████████████████████████████████████████▋                                          | 48/78 [00:35<00:20,  1.49it/s, loss=0.6925]Trial 21 Ep1:  62%|███████████████████████████████████████████████████████████████████▋                                          | 48/78 [00:36<00:20,  1.49it/s, loss=0.6823]Trial 21 Ep1:  63%|█████████████████████████████████████████████████████████████████████                                         | 49/78 [00:36<00:20,  1.44it/s, loss=0.6823]Trial 21 Ep1:  63%|█████████████████████████████████████████████████████████████████████                                         | 49/78 [00:37<00:20,  1.44it/s, loss=0.6808]Trial 21 Ep1:  64%|██████████████████████████████████████████████████████████████████████▌                                       | 50/78 [00:37<00:18,  1.48it/s, loss=0.6808]Trial 21 Ep1:  64%|██████████████████████████████████████████████████████████████████████▌                                       | 50/78 [00:37<00:18,  1.48it/s, loss=0.6698]Trial 21 Ep1:  65%|███████████████████████████████████████████████████████████████████████▉                                      | 51/78 [00:37<00:18,  1.50it/s, loss=0.6698]Trial 21 Ep1:  65%|███████████████████████████████████████████████████████████████████████▉                                      | 51/78 [00:38<00:18,  1.50it/s, loss=0.6757]Trial 21 Ep1:  67%|█████████████████████████████████████████████████████████████████████████▎                                    | 52/78 [00:38<00:18,  1.38it/s, loss=0.6757]Trial 21 Ep1:  67%|█████████████████████████████████████████████████████████████████████████▎                                    | 52/78 [00:39<00:18,  1.38it/s, loss=0.7596]Trial 21 Ep1:  68%|██████████████████████████████████████████████████████████████████████████▋                                   | 53/78 [00:39<00:17,  1.45it/s, loss=0.7596]Trial 21 Ep1:  68%|██████████████████████████████████████████████████████████████████████████▋                                   | 53/78 [00:39<00:17,  1.45it/s, loss=0.6764]Trial 21 Ep1:  69%|████████████████████████████████████████████████████████████████████████████▏                                 | 54/78 [00:39<00:16,  1.44it/s, loss=0.6764]Trial 21 Ep1:  69%|████████████████████████████████████████████████████████████████████████████▏                                 | 54/78 [00:40<00:16,  1.44it/s, loss=0.6637]Trial 21 Ep1:  71%|█████████████████████████████████████████████████████████████████████████████▌                                | 55/78 [00:40<00:16,  1.41it/s, loss=0.6637]Trial 21 Ep1:  71%|█████████████████████████████████████████████████████████████████████████████▌                                | 55/78 [00:41<00:16,  1.41it/s, loss=0.7609]Trial 21 Ep1:  72%|██████████████████████████████████████████████████████████████████████████████▉                               | 56/78 [00:41<00:15,  1.38it/s, loss=0.7609]Trial 21 Ep1:  72%|██████████████████████████████████████████████████████████████████████████████▉                               | 56/78 [00:42<00:15,  1.38it/s, loss=0.6841]Trial 21 Ep1:  73%|████████████████████████████████████████████████████████████████████████████████▍                             | 57/78 [00:42<00:15,  1.37it/s, loss=0.6841]Trial 21 Ep1:  73%|████████████████████████████████████████████████████████████████████████████████▍                             | 57/78 [00:42<00:15,  1.37it/s, loss=0.7349]Trial 21 Ep1:  74%|█████████████████████████████████████████████████████████████████████████████████▊                            | 58/78 [00:42<00:14,  1.37it/s, loss=0.7349]Trial 21 Ep1:  74%|█████████████████████████████████████████████████████████████████████████████████▊                            | 58/78 [00:43<00:14,  1.37it/s, loss=0.6744]Trial 21 Ep1:  76%|███████████████████████████████████████████████████████████████████████████████████▏                          | 59/78 [00:43<00:13,  1.42it/s, loss=0.6744]Trial 21 Ep1:  76%|███████████████████████████████████████████████████████████████████████████████████▏                          | 59/78 [00:44<00:13,  1.42it/s, loss=0.7325]Trial 21 Ep1:  77%|████████████████████████████████████████████████████████████████████████████████████▌                         | 60/78 [00:44<00:12,  1.43it/s, loss=0.7325]Trial 21 Ep1:  77%|████████████████████████████████████████████████████████████████████████████████████▌                         | 60/78 [00:44<00:12,  1.43it/s, loss=0.7340]Trial 21 Ep1:  78%|██████████████████████████████████████████████████████████████████████████████████████                        | 61/78 [00:44<00:11,  1.48it/s, loss=0.7340]Trial 21 Ep1:  78%|██████████████████████████████████████████████████████████████████████████████████████                        | 61/78 [00:45<00:11,  1.48it/s, loss=0.7102]Trial 21 Ep1:  79%|███████████████████████████████████████████████████████████████████████████████████████▍                      | 62/78 [00:45<00:10,  1.50it/s, loss=0.7102]Trial 21 Ep1:  79%|███████████████████████████████████████████████████████████████████████████████████████▍                 