Trial 4 Ep7:   0%|                                                                                                        | 0/78 [00:00<?, ?it/s]Trial 4 Ep7:   0%|                                                                                           | 0/78 [00:00<?, ?it/s, loss=0.6786]Trial 4 Ep7:   1%|█                                                                                  | 1/78 [00:00<00:23,  3.31it/s, loss=0.6786]Trial 4 Ep7:   1%|█                                                                                  | 1/78 [00:00<00:23,  3.31it/s, loss=0.7022]Trial 4 Ep7:   3%|██▏                                                                                | 2/78 [00:00<00:24,  3.12it/s, loss=0.7022]Trial 4 Ep7:   3%|██▏                                                                                | 2/78 [00:00<00:24,  3.12it/s, loss=0.6762]Trial 4 Ep7:   4%|███▏                                                                               | 3/78 [00:00<00:25,  2.99it/s, loss=0.6762]Trial 4 Ep7:   4%|███▏                                                                               | 3/78 [00:01<00:25,  2.99it/s, loss=0.6855]Trial 4 Ep7:   5%|████▎                                                                              | 4/78 [00:01<00:25,  2.95it/s, loss=0.6855]Trial 4 Ep7:   5%|████▎                                                                              | 4/78 [00:01<00:25,  2.95it/s, loss=0.6992]Trial 4 Ep7:   6%|█████▎                                                                             | 5/78 [00:01<00:23,  3.10it/s, loss=0.6992]Trial 4 Ep7:   6%|█████▎                                                                             | 5/78 [00:01<00:23,  3.10it/s, loss=0.6988]Trial 4 Ep7:   8%|██████▍                                                                            | 6/78 [00:01<00:22,  3.16it/s, loss=0.6988]Trial 4 Ep7:   8%|██████▍                                                                            | 6/78 [00:02<00:22,  3.16it/s, loss=0.6887]Trial 4 Ep7:   9%|███████▍                                                                           | 7/78 [00:02<00:21,  3.23it/s, loss=0.6887]Trial 4 Ep7:   9%|███████▍                                                                           | 7/78 [00:02<00:21,  3.23it/s, loss=0.6926]Trial 4 Ep7:  10%|████████▌                                                                          | 8/78 [00:02<00:21,  3.30it/s, loss=0.6926]Trial 4 Ep7:  10%|████████▌                                                                          | 8/78 [00:02<00:21,  3.30it/s, loss=0.6867]Trial 4 Ep7:  12%|█████████▌                                                                         | 9/78 [00:02<00:21,  3.28it/s, loss=0.6867]Trial 4 Ep7:  12%|█████████▌                                                                         | 9/78 [00:03<00:21,  3.28it/s, loss=0.6875]Trial 4 Ep7:  13%|██████████▌                                                                       | 10/78 [00:03<00:20,  3.34it/s, loss=0.6875]Trial 4 Ep7:  13%|██████████▌                                                                       | 10/78 [00:03<00:20,  3.34it/s, loss=0.7038]Trial 4 Ep7:  14%|███████████▌                                                                      | 11/78 [00:03<00:20,  3.28it/s, loss=0.7038]Trial 4 Ep7:  14%|███████████▌                                                                      | 11/78 [00:03<00:20,  3.28it/s, loss=0.7026]Trial 4 Ep7:  15%|████████████▌                                                                     | 12/78 [00:03<00:20,  3.20it/s, loss=0.7026]Trial 4 Ep7:  15%|████████████▌                                                                     | 12/78 [00:04<00:20,  3.20it/s, loss=0.6867]Trial 4 Ep7:  17%|█████████████▋                                                                    | 13/78 [00:04<00:20,  3.10it/s, loss=0.6867]Trial 4 Ep7:  17%|█████████████▋                                                                    | 13/78 [00:04<00:20,  3.10it/s, loss=0.7020]Trial 4 Ep7:  18%|██████████████▋                                                                   | 14/78 [00:04<00:21,  3.04it/s, loss=0.7020]Trial 4 Ep7:  18%|██████████████▋                                                                   | 14/78 [00:04<00:21,  3.04it/s, loss=0.6927]Trial 4 Ep7:  19%|███████████████▊                                                                  | 15/78 [00:04<00:21,  2.98it/s, loss=0.6927]Trial 4 Ep7:  19%|███████████████▊                                                                  | 15/78 [00:05<00:21,  2.98it/s, loss=0.6757]Trial 4 Ep7:  21%|████████████████▊                                                                 | 16/78 [00:05<00:20,  2.97it/s, loss=0.6757]Trial 4 Ep7:  21%|████████████████▊                                                                 | 16/78 [00:05<00:20,  2.97it/s, loss=0.6948]Trial 4 Ep7:  22%|█████████████████▊                                                                | 17/78 [00:05<00:19,  3.07it/s, loss=0.6948]Trial 4 Ep7:  22%|█████████████████▊                                                                | 17/78 [00:05<00:19,  3.07it/s, loss=0.6935]Trial 4 Ep7:  23%|██████████████████▉                                                               | 18/78 [00:05<00:19,  3.09it/s, loss=0.6935]Trial 4 Ep7:  23%|██████████████████▉                                                               | 18/78 [00:06<00:19,  3.09it/s, loss=0.7052]Trial 4 Ep7:  24%|███████████████████▉                                                              | 19/78 [00:06<00:18,  3.16it/s, loss=0.7052]Trial 4 Ep7:  24%|███████████████████▉                                                              | 19/78 [00:06<00:18,  3.16it/s, loss=0.6901]Trial 4 Ep7:  26%|█████████████████████                                                             | 20/78 [00:06<00:18,  3.08it/s, loss=0.6901]Trial 4 Ep7:  26%|█████████████████████                                                             | 20/78 [00:06<00:18,  3.08it/s, loss=0.6868]Trial 4 Ep7:  27%|██████████████████████                                                            | 21/78 [00:06<00:18,  3.16it/s, loss=0.6868]Trial 4 Ep7:  27%|██████████████████████                                                            | 21/78 [00:06<00:18,  3.16it/s, loss=0.6786]Trial 4 Ep7:  28%|███████████████████████▏                                                          | 22/78 [00:06<00:17,  3.23it/s, loss=0.6786]Trial 4 Ep7:  28%|███████████████████████▏                                                          | 22/78 [00:07<00:17,  3.23it/s, loss=0.6716]Trial 4 Ep7:  29%|████████████████████████▏                                                         | 23/78 [00:07<00:16,  3.24it/s, loss=0.6716]Trial 4 Ep7:  29%|████████████████████████▏                                                         | 23/78 [00:07<00:16,  3.24it/s, loss=0.7134]Trial 4 Ep7:  31%|█████████████████████████▏                                                        | 24/78 [00:07<00:17,  3.14it/s, loss=0.7134]Trial 4 Ep7:  31%|█████████████████████████▏                                                        | 24/78 [00:08<00:17,  3.14it/s, loss=0.6932]Trial 4 Ep7:  32%|██████████████████████████▎                                                       | 25/78 [00:08<00:17,  3.01it/s, loss=0.6932]Trial 4 Ep7:  32%|██████████████████████████▎                                                       | 25/78 [00:08<00:17,  3.01it/s, loss=0.6857]Trial 4 Ep7:  33%|███████████████████████████▎                                                      | 26/78 [00:08<00:16,  3.16it/s, loss=0.6857]Trial 4 Ep7:  33%|███████████████████████████▎                                                      | 26/78 [00:08<00:16,  3.16it/s, loss=0.6948]Trial 4 Ep7:  35%|████████████████████████████▍                                                     | 27/78 [00:08<00:16,  3.08it/s, loss=0.6948]Trial 4 Ep7:  35%|████████████████████████████▍                                                     | 27/78 [00:08<00:16,  3.08it/s, loss=0.6978]Trial 4 Ep7:  36%|█████████████████████████████▍                                                    | 28/78 [00:08<00:16,  3.08it/s, loss=0.6978]Trial 4 Ep7:  36%|█████████████████████████████▍                                                    | 28/78 [00:09<00:16,  3.08it/s, loss=0.7097]Trial 4 Ep7:  37%|██████████████████████████████▍                                                   | 29/78 [00:09<00:15,  3.19it/s, loss=0.7097]Trial 4 Ep7:  37%|██████████████████████████████▍                                                   | 29/78 [00:09<00:15,  3.19it/s, loss=0.7033]Trial 4 Ep7:  38%|███████████████████████████████▌                                                  | 30/78 [00:09<00:15,  3.14it/s, loss=0.7033]Trial 4 Ep7:  38%|███████████████████████████████▌                                                  | 30/78 [00:09<00:15,  3.14it/s, loss=0.6925]Trial 4 Ep7:  40%|████████████████████████████████▌                                                 | 31/78 [00:09<00:14,  3.18it/s, loss=0.6925]Trial 4 Ep7:  40%|████████████████████████████████▌                                                 | 31/78 [00:10<00:14,  3.18it/s, loss=0.6996]Trial 4 Ep7:  41%|█████████████████████████████████▋                                                | 32/78 [00:10<00:14,  3.20it/s, loss=0.6996]Trial 4 Ep7:  41%|█████████████████████████████████▋                                                | 32/78 [00:10<00:14,  3.20it/s, loss=0.6851]Trial 4 Ep7:  42%|██████████████████████████████████▋                                               | 33/78 [00:10<00:15,  2.99it/s, loss=0.6851]Trial 4 Ep7:  42%|██████████████████████████████████▋                                               | 33/78 [00:10<00:15,  2.99it/s, loss=0.6796]Trial 4 Ep7:  44%|███████████████████████████████████▋                                              | 34/78 [00:10<00:15,  2.88it/s, loss=0.6796]Trial 4 Ep7:  44%|███████████████████████████████████▋                                              | 34/78 [00:11<00:15,  2.88it/s, loss=0.6859]Trial 4 Ep7:  45%|████████████████████████████████████▊                                             | 35/78 [00:11<00:14,  2.96it/s, loss=0.6859]Trial 4 Ep7:  45%|████████████████████████████████████▊                                             | 35/78 [00:11<00:14,  2.96it/s, loss=0.6985]Trial 4 Ep7:  46%|█████████████████████████████████████▊                                            | 36/78 [00:11<00:13,  3.06it/s, loss=0.6985]Trial 4 Ep7:  46%|█████████████████████████████████████▊                                            | 36/78 [00:11<00:13,  3.06it/s, loss=0.6834]Trial 4 Ep7:  47%|██████████████████████████████████████▉                                           | 37/78 [00:11<00:13,  2.98it/s, loss=0.6834]Trial 4 Ep7:  47%|██████████████████████████████████████▉                                           | 37/78 [00:12<00:13,  2.98it/s, loss=0.6893]Trial 4 Ep7:  49%|███████████████████████████████████████▉                                          | 38/78 [00:12<00:13,  3.07it/s, loss=0.6893]Trial 4 Ep7:  49%|███████████████████████████████████████▉                                          | 38/78 [00:12<00:13,  3.07it/s, loss=0.7013]Trial 4 Ep7:  50%|█████████████████████████████████████████                                         | 39/78 [00:12<00:12,  3.03it/s, loss=0.7013]Trial 4 Ep7:  50%|█████████████████████████████████████████                                         | 39/78 [00:12<00:12,  3.03it/s, loss=0.6945]Trial 4 Ep7:  51%|██████████████████████████████████████████                                        | 40/78 [00:12<00:12,  2.98it/s, loss=0.6945]Trial 4 Ep7:  51%|██████████████████████████████████████████                                        | 40/78 [00:13<00:12,  2.98it/s, loss=0.7084]Trial 4 Ep7:  53%|███████████████████████████████████████████                                       | 41/78 [00:13<00:12,  2.99it/s, loss=0.7084]Trial 4 Ep7:  53%|███████████████████████████████████████████                                       | 41/78 [00:13<00:12,  2.99it/s, loss=0.6941]Trial 4 Ep7:  54%|████████████████████████████████████████████▏                                     | 42/78 [00:13<00:12,  2.93it/s, loss=0.6941]Trial 4 Ep7:  54%|████████████████████████████████████████████▏                                     | 42/78 [00:13<00:12,  2.93it/s, loss=0.7104]Trial 4 Ep7:  55%|█████████████████████████████████████████████▏                                    | 43/78 [00:13<00:12,  2.90it/s, loss=0.7104]Trial 4 Ep7:  55%|█████████████████████████████████████████████▏                                    | 43/78 [00:14<00:12,  2.90it/s, loss=0.7024]Trial 4 Ep7:  56%|██████████████████████████████████████████████▎                                   | 44/78 [00:14<00:11,  2.84it/s, loss=0.7024]Trial 4 Ep7:  56%|██████████████████████████████████████████████▎                                   | 44/78 [00:14<00:11,  2.84it/s, loss=0.6852]Trial 4 Ep7:  58%|███████████████████████████████████████████████▎                                  | 45/78 [00:14<00:11,  2.93it/s, loss=0.6852]Trial 4 Ep7:  58%|███████████████████████████████████████████████▎                                  | 45/78 [00:14<00:11,  2.93it/s, loss=0.6735]Trial 4 Ep7:  59%|████████████████████████████████████████████████▎                                 | 46/78 [00:14<00:10,  3.06it/s, loss=0.6735]Trial 4 Ep7:  59%|████████████████████████████████████████████████▎                                 | 46/78 [00:15<00:10,  3.06it/s, loss=0.7010]Trial 4 Ep7:  60%|█████████████████████████████████████████████████▍                                | 47/78 [00:15<00:10,  3.04it/s, loss=0.7010]Trial 4 Ep7:  60%|█████████████████████████████████████████████████▍                                | 47/78 [00:15<00:10,  3.04it/s, loss=0.6947]Trial 4 Ep7:  62%|██████████████████████████████████████████████████▍                               | 48/78 [00:15<00:10,  2.95it/s, loss=0.6947]Trial 4 Ep7:  62%|██████████████████████████████████████████████████▍                               | 48/78 [00:15<00:10,  2.95it/s, loss=0.6873]Trial 4 Ep7:  63%|███████████████████████████████████████████████████▌                              | 49/78 [00:15<00:10,  2.89it/s, loss=0.6873]Trial 4 Ep7:  63%|███████████████████████████████████████████████████▌                              | 49/78 [00:16<00:10,  2.89it/s, loss=0.6829]Trial 4 Ep7:  64%|████████████████████████████████████████████████████▌                             | 50/78 [00:16<00:09,  2.96it/s, loss=0.6829]Trial 4 Ep7:  64%|████████████████████████████████████████████████████▌                             | 50/78 [00:16<00:09,  2.96it/s, loss=0.6908]Trial 4 Ep7:  65%|█████████████████████████████████████████████████████▌                            | 51/78 [00:16<00:09,  2.93it/s, loss=0.6908]Trial 4 Ep7:  65%|█████████████████████████████████████████████████████▌                            | 51/78 [00:17<00:09,  2.93it/s, loss=0.7063]Trial 4 Ep7:  67%|██████████████████████████████████████████████████████▋                           | 52/78 [00:17<00:08,  2.89it/s, loss=0.7063]Trial 4 Ep7:  67%|██████████████████████████████████████████████████████▋                           | 52/78 [00:17<00:08,  2.89it/s, loss=0.6860]Trial 4 Ep7:  68%|███████████████████████████████████████████████████████▋                          | 53/78 [00:17<00:08,  3.00it/s, loss=0.6860]Trial 4 Ep7:  68%|███████████████████████████████████████████████████████▋                          | 53/78 [00:17<00:08,  3.00it/s, loss=0.6929]Trial 4 Ep7:  69%|████████████████████████████████████████████████████████▊                         | 54/78 [00:17<00:07,  3.01it/s, loss=0.6929]Trial 4 Ep7:  69%|████████████████████████████████████████████████████████▊                         | 54/78 [00:17<00:07,  3.01it/s, loss=0.7025]Trial 4 Ep7:  71%|█████████████████████████████████████████████████████████▊                        | 55/78 [00:17<00:07,  3.15it/s, loss=0.7025]Trial 4 Ep7:  71%|█████████████████████████████████████████████████████████▊                        | 55/78 [00:18<00:07,  3.15it/s, loss=0.6805]Trial 4 Ep7:  72%|██████████████████████████████████████████████████████████▊                       | 56/78 [00:18<00:07,  3.07it/s, loss=0.6805]Trial 4 Ep7:  72%|██████████████████████████████████████████████████████████▊                       | 56/78 [00:18<00:07,  3.07it/s, loss=0.7120]Trial 4 Ep7:  73%|███████████████████████████████████████████████████████████▉                      | 57/78 [00:18<00:07,  2.89it/s, loss=0.7120]Trial 4 Ep7:  73%|███████████████████████████████████████████████████████████▉                      | 57/78 [00:19<00:07,  2.89it/s, loss=0.7053]Trial 4 Ep7:  74%|████████████████████████████████████████████████████████████▉                     | 58/78 [00:19<00:06,  2.87it/s, loss=0.7053]Trial 4 Ep7:  74%|████████████████████████████████████████████████████████████▉                     | 58/78 [00:19<00:06,  2.87it/s, loss=0.6910]Trial 4 Ep7:  76%|██████████████████████████████████████████████████████████████                    | 59/78 [00:19<00:06,  3.01it/s, loss=0.6910]Trial 4 Ep7:  76%|██████████████████████████████████████████████████████████████                    | 59/78 [00:19<00:06,  3.01it/s, loss=0.6909]Trial 4 Ep7:  77%|███████████████████████████████████████████████████████████████                   | 60/78 [00:19<00:06,  2.86it/s, loss=0.6909]Trial 4 Ep7:  77%|███████████████████████████████████████████████████████████████                   | 60/78 [00:20<00:06,  2.86it/s, loss=0.6907]Trial 4 Ep7:  78%|████████████████████████████████████████████████████████████████▏                 | 61/78 [00:20<00:05,  2.90it/s, loss=0.6907]Trial 4 Ep7:  78%|████████████████████████████████████████████████████████████████▏                 | 61/78 [00:20<00:05,  2.90it/s, loss=0.6898]Trial 4 Ep7:  79%|█████████████████████████████████████████████████████████████████▏                | 62/78 [00:20<00:05,  2.87it/s, loss=0.6898]Trial 4 Ep7:  79%|█████████████████████████████████████████████████████████████████▏                | 62/78 [00:20<00:05,  2.87it/s, loss=0.7044]Trial 4 Ep7:  81%|██████████████████████████████████████████████████████████████████▏               | 63/78 [00:20<00:05,  2.92it/s, loss=0.7044]Trial 4 Ep7:  81%|██████████████████████████████████████████████████████████████████▏               | 63/78 [00:21<00:05,  2.92it/s, loss=0.6977]Trial 4 Ep7:  82%|███████████████████████████████████████████████████████████████████▎              | 64/78 [00:21<00:04,  3.01it/s, loss=0.6977]Trial 4 Ep7:  82%|███████████████████████████████████████████████████████████████████▎              | 64/78 [00:21<00:04,  3.01it/s, loss=0.6994]Trial 4 Ep7:  83%|████████████████████████████████████████████████████████████████████▎             | 65/78 [00:21<00:04,  2.87it/s, loss=0.6994]Trial 4 Ep7:  83%|████████████████████████████████████████████████████████████████████▎             | 65/78 [00:21<00:04,  2.87it/s, loss=0.7023]Trial 4 Ep7:  85%|█████████████████████████████████████████████████████████████████████▍            | 66/78 [00:21<00:04,  2.92it/s, loss=0.7023]Trial 4 Ep7:  85%|█████████████████████████████████████████████████████████████████████▍            | 66/78 [00:22<00:04,  2.92it/s, loss=0.7121]Trial 4 Ep7:  86%|██████████████████████████████████████████████████████████████████████▍           | 67/78 [00:22<00:04,  2.52it/s, loss=0.7121]Trial 4 Ep7:  86%|██████████████████████████████████████████████████████████████████████▍           | 67/78 [00:22<00:04,  2.52it/s, loss=0.6961]Trial 4 Ep7:  87%|███████████████████████████████████████████████████████████████████████▍          | 68/78 [00:22<00:03,  2.62it/s, loss=0.6961]Trial 4 Ep7:  87%|███████████████████████████████████████████████████████████████████████▍          | 68/78 [00:22<00:03,  2.62it/s, loss=0.7015]Trial 4 Ep7:  88%|████████████████████████████████████████████████████████████████████████▌         | 69/78 [00:22<00:03,  2.71it/s, loss=0.7015]Trial 4 Ep7:  88%|████████████████████████████████████████████████████████████████████████▌         | 69/78 [00:23<00:03,  2.71it/s, loss=0.7006]Trial 4 Ep7:  90%|█████████████████████████████████████████████████████████████████████████▌        | 70/78 [00:23<00:02,  2.72it/s, loss=0.7006]Trial 4 Ep7:  90%|█████████████████████████████████████████████████████████████████████████▌        | 70/78 [00:23<00:02,  2.72it/s, loss=0.6941]Trial 4 Ep7:  91%|██████████████████████████████████████████████████████████████████████████▋       | 71/78 [00:23<00:02,  2.76it/s, loss=0.6941]Trial 4 Ep7:  91%|██████████████████████████████████████████████████████████████████████████▋       | 71/78 [00:24<00:02,  2.76it/s, loss=0.6838]Trial 4 Ep7:  92%|███████████████████████████████████████████████████████████████████████████▋      | 72/78 [00:24<00:02,  2.79it/s, loss=0.6838]Trial 4 Ep7:  92%|███████████████████████████████████████████████████████████████████████████▋      | 72/78 [00:24<00:02,  2.79it/s, loss=0.6938]Trial 4 Ep7:  94%|████████████████████████████████████████████████████████████████████████████▋     | 73/78 [00:24<00:01,  2.96it/s, loss=0.6938]Trial 4 Ep7:  94%|████████████████████████████████████████████████████████████████████████████▋     | 73/78 [00:24<00:01,  2.96it/s, loss=0.6769]Trial 4 Ep7:  95%|█████████████████████████████████████████████████████████████████████████████▊    | 74/78 [00:24<00:01,  3.07it/s, loss=0.6769]Trial 4 Ep7:  95%|█████████████████████████████████████████████████████████████████████████████▊    | 74/78 [00:24<00:01,  3.07it/s, loss=0.6805]Trial 4 Ep7:  96%|██████████████████████████████████████████████████████████████████████████████▊  