Trial 0 Ep6:   0%|                                                                                                        | 0/78 [00:00<?, ?it/s]Trial 0 Ep6:   0%|                                                                                           | 0/78 [00:00<?, ?it/s, loss=0.6894]Trial 0 Ep6:   1%|█                                                                                  | 1/78 [00:00<00:23,  3.28it/s, loss=0.6894]Trial 0 Ep6:   1%|█                                                                                  | 1/78 [00:00<00:23,  3.28it/s, loss=0.7102]Trial 0 Ep6:   3%|██▏                                                                                | 2/78 [00:00<00:24,  3.14it/s, loss=0.7102]Trial 0 Ep6:   3%|██▏                                                                                | 2/78 [00:00<00:24,  3.14it/s, loss=0.6913]Trial 0 Ep6:   4%|███▏                                                                               | 3/78 [00:00<00:23,  3.13it/s, loss=0.6913]Trial 0 Ep6:   4%|███▏                                                                               | 3/78 [00:01<00:23,  3.13it/s, loss=0.6882]Trial 0 Ep6:   5%|████▎                                                                              | 4/78 [00:01<00:24,  3.08it/s, loss=0.6882]Trial 0 Ep6:   5%|████▎                                                                              | 4/78 [00:01<00:24,  3.08it/s, loss=0.6845]Trial 0 Ep6:   6%|█████▎                                                                             | 5/78 [00:01<00:23,  3.11it/s, loss=0.6845]Trial 0 Ep6:   6%|█████▎                                                                             | 5/78 [00:01<00:23,  3.11it/s, loss=0.6942]Trial 0 Ep6:   8%|██████▍                                                                            | 6/78 [00:01<00:23,  3.07it/s, loss=0.6942]Trial 0 Ep6:   8%|██████▍                                                                            | 6/78 [00:02<00:23,  3.07it/s, loss=0.7015]Trial 0 Ep6:   9%|███████▍                                                                           | 7/78 [00:02<00:22,  3.13it/s, loss=0.7015]Trial 0 Ep6:   9%|███████▍                                                                           | 7/78 [00:02<00:22,  3.13it/s, loss=0.6778]Trial 0 Ep6:  10%|████████▌                                                                          | 8/78 [00:02<00:22,  3.12it/s, loss=0.6778]Trial 0 Ep6:  10%|████████▌                                                                          | 8/78 [00:02<00:22,  3.12it/s, loss=0.6822]Trial 0 Ep6:  12%|█████████▌                                                                         | 9/78 [00:02<00:21,  3.15it/s, loss=0.6822]Trial 0 Ep6:  12%|█████████▌                                                                         | 9/78 [00:03<00:21,  3.15it/s, loss=0.6897]Trial 0 Ep6:  13%|██████████▌                                                                       | 10/78 [00:03<00:21,  3.22it/s, loss=0.6897]Trial 0 Ep6:  13%|██████████▌                                                                       | 10/78 [00:03<00:21,  3.22it/s, loss=0.6895]Trial 0 Ep6:  14%|███████████▌                                                                      | 11/78 [00:03<00:21,  3.11it/s, loss=0.6895]Trial 0 Ep6:  14%|███████████▌                                                                      | 11/78 [00:03<00:21,  3.11it/s, loss=0.7061]Trial 0 Ep6:  15%|████████████▌                                                                     | 12/78 [00:03<00:22,  2.95it/s, loss=0.7061]Trial 0 Ep6:  15%|████████████▌                                                                     | 12/78 [00:04<00:22,  2.95it/s, loss=0.6840]Trial 0 Ep6:  17%|█████████████▋                                                                    | 13/78 [00:04<00:21,  3.08it/s, loss=0.6840]Trial 0 Ep6:  17%|█████████████▋                                                                    | 13/78 [00:04<00:21,  3.08it/s, loss=0.7179]Trial 0 Ep6:  18%|██████████████▋                                                                   | 14/78 [00:04<00:20,  3.19it/s, loss=0.7179]Trial 0 Ep6:  18%|██████████████▋                                                                   | 14/78 [00:04<00:20,  3.19it/s, loss=0.7013]Trial 0 Ep6:  19%|███████████████▊                                                                  | 15/78 [00:04<00:19,  3.27it/s, loss=0.7013]Trial 0 Ep6:  19%|███████████████▊                                                                  | 15/78 [00:05<00:19,  3.27it/s, loss=0.6934]Trial 0 Ep6:  21%|████████████████▊                                                                 | 16/78 [00:05<00:18,  3.27it/s, loss=0.6934]Trial 0 Ep6:  21%|████████████████▊                                                                 | 16/78 [00:05<00:18,  3.27it/s, loss=0.6845]Trial 0 Ep6:  22%|█████████████████▊                                                                | 17/78 [00:05<00:19,  3.15it/s, loss=0.6845]Trial 0 Ep6:  22%|█████████████████▊                                                                | 17/78 [00:05<00:19,  3.15it/s, loss=0.6968]Trial 0 Ep6:  23%|██████████████████▉                                                               | 18/78 [00:05<00:18,  3.22it/s, loss=0.6968]Trial 0 Ep6:  23%|██████████████████▉                                                               | 18/78 [00:06<00:18,  3.22it/s, loss=0.6946]Trial 0 Ep6:  24%|███████████████████▉                                                              | 19/78 [00:06<00:18,  3.20it/s, loss=0.6946]Trial 0 Ep6:  24%|███████████████████▉                                                              | 19/78 [00:06<00:18,  3.20it/s, loss=0.6866]Trial 0 Ep6:  26%|█████████████████████                                                             | 20/78 [00:06<00:18,  3.14it/s, loss=0.6866]Trial 0 Ep6:  26%|█████████████████████                                                             | 20/78 [00:06<00:18,  3.14it/s, loss=0.6802]Trial 0 Ep6:  27%|██████████████████████                                                            | 21/78 [00:06<00:18,  3.08it/s, loss=0.6802]Trial 0 Ep6:  27%|██████████████████████                                                            | 21/78 [00:06<00:18,  3.08it/s, loss=0.6853]Trial 0 Ep6:  28%|███████████████████████▏                                                          | 22/78 [00:06<00:17,  3.17it/s, loss=0.6853]Trial 0 Ep6:  28%|███████████████████████▏                                                          | 22/78 [00:07<00:17,  3.17it/s, loss=0.6869]Trial 0 Ep6:  29%|████████████████████████▏                                                         | 23/78 [00:07<00:17,  3.06it/s, loss=0.6869]Trial 0 Ep6:  29%|████████████████████████▏                                                         | 23/78 [00:07<00:17,  3.06it/s, loss=0.6975]Trial 0 Ep6:  31%|█████████████████████████▏                                                        | 24/78 [00:07<00:17,  3.05it/s, loss=0.6975]Trial 0 Ep6:  31%|█████████████████████████▏                                                        | 24/78 [00:08<00:17,  3.05it/s, loss=0.6882]Trial 0 Ep6:  32%|██████████████████████████▎                                                       | 25/78 [00:08<00:17,  2.98it/s, loss=0.6882]Trial 0 Ep6:  32%|██████████████████████████▎                                                       | 25/78 [00:08<00:17,  2.98it/s, loss=0.6839]Trial 0 Ep6:  33%|███████████████████████████▎                                                      | 26/78 [00:08<00:17,  3.02it/s, loss=0.6839]Trial 0 Ep6:  33%|███████████████████████████▎                                                      | 26/78 [00:08<00:17,  3.02it/s, loss=0.6945]Trial 0 Ep6:  35%|████████████████████████████▍                                                     | 27/78 [00:08<00:16,  3.11it/s, loss=0.6945]Trial 0 Ep6:  35%|████████████████████████████▍                                                     | 27/78 [00:08<00:16,  3.11it/s, loss=0.6941]Trial 0 Ep6:  36%|█████████████████████████████▍                                                    | 28/78 [00:08<00:15,  3.17it/s, loss=0.6941]Trial 0 Ep6:  36%|█████████████████████████████▍                                                    | 28/78 [00:09<00:15,  3.17it/s, loss=0.6776]Trial 0 Ep6:  37%|██████████████████████████████▍                                                   | 29/78 [00:09<00:15,  3.20it/s, loss=0.6776]Trial 0 Ep6:  37%|██████████████████████████████▍                                                   | 29/78 [00:09<00:15,  3.20it/s, loss=0.6894]Trial 0 Ep6:  38%|███████████████████████████████▌                                                  | 30/78 [00:09<00:15,  3.03it/s, loss=0.6894]Trial 0 Ep6:  38%|███████████████████████████████▌                                                  | 30/78 [00:09<00:15,  3.03it/s, loss=0.6869]Trial 0 Ep6:  40%|████████████████████████████████▌                                                 | 31/78 [00:09<00:15,  2.99it/s, loss=0.6869]Trial 0 Ep6:  40%|████████████████████████████████▌                                                 | 31/78 [00:10<00:15,  2.99it/s, loss=0.7046]Trial 0 Ep6:  41%|█████████████████████████████████▋                                                | 32/78 [00:10<00:14,  3.10it/s, loss=0.7046]Trial 0 Ep6:  41%|█████████████████████████████████▋                                                | 32/78 [00:10<00:14,  3.10it/s, loss=0.6944]Trial 0 Ep6:  42%|██████████████████████████████████▋                                               | 33/78 [00:10<00:14,  3.16it/s, loss=0.6944]Trial 0 Ep6:  42%|██████████████████████████████████▋                                               | 33/78 [00:10<00:14,  3.16it/s, loss=0.6917]Trial 0 Ep6:  44%|███████████████████████████████████▋                                              | 34/78 [00:10<00:13,  3.18it/s, loss=0.6917]Trial 0 Ep6:  44%|███████████████████████████████████▋                                              | 34/78 [00:11<00:13,  3.18it/s, loss=0.6830]Trial 0 Ep6:  45%|████████████████████████████████████▊                                             | 35/78 [00:11<00:13,  3.23it/s, loss=0.6830]Trial 0 Ep6:  45%|████████████████████████████████████▊                                             | 35/78 [00:11<00:13,  3.23it/s, loss=0.6959]Trial 0 Ep6:  46%|█████████████████████████████████████▊                                            | 36/78 [00:11<00:13,  3.10it/s, loss=0.6959]Trial 0 Ep6:  46%|█████████████████████████████████████▊                                            | 36/78 [00:11<00:13,  3.10it/s, loss=0.7032]Trial 0 Ep6:  47%|██████████████████████████████████████▉                                           | 37/78 [00:11<00:13,  3.03it/s, loss=0.7032]Trial 0 Ep6:  47%|██████████████████████████████████████▉                                           | 37/78 [00:12<00:13,  3.03it/s, loss=0.6901]Trial 0 Ep6:  49%|███████████████████████████████████████▉                                          | 38/78 [00:12<00:13,  3.02it/s, loss=0.6901]Trial 0 Ep6:  49%|███████████████████████████████████████▉                                          | 38/78 [00:12<00:13,  3.02it/s, loss=0.6851]Trial 0 Ep6:  50%|█████████████████████████████████████████                                         | 39/78 [00:12<00:12,  3.09it/s, loss=0.6851]Trial 0 Ep6:  50%|█████████████████████████████████████████                                         | 39/78 [00:12<00:12,  3.09it/s, loss=0.7055]Trial 0 Ep6:  51%|██████████████████████████████████████████                                        | 40/78 [00:12<00:12,  3.05it/s, loss=0.7055]Trial 0 Ep6:  51%|██████████████████████████████████████████                                        | 40/78 [00:13<00:12,  3.05it/s, loss=0.6879]Trial 0 Ep6:  53%|███████████████████████████████████████████                                       | 41/78 [00:13<00:12,  3.03it/s, loss=0.6879]Trial 0 Ep6:  53%|███████████████████████████████████████████                                       | 41/78 [00:13<00:12,  3.03it/s, loss=0.6949]Trial 0 Ep6:  54%|████████████████████████████████████████████▏                                     | 42/78 [00:13<00:11,  3.18it/s, loss=0.6949]Trial 0 Ep6:  54%|████████████████████████████████████████████▏                                     | 42/78 [00:13<00:11,  3.18it/s, loss=0.6958]Trial 0 Ep6:  55%|█████████████████████████████████████████████▏                                    | 43/78 [00:13<00:11,  3.06it/s, loss=0.6958]Trial 0 Ep6:  55%|█████████████████████████████████████████████▏                                    | 43/78 [00:14<00:11,  3.06it/s, loss=0.6898]Trial 0 Ep6:  56%|██████████████████████████████████████████████▎                                   | 44/78 [00:14<00:10,  3.15it/s, loss=0.6898]Trial 0 Ep6:  56%|██████████████████████████████████████████████▎                                   | 44/78 [00:14<00:10,  3.15it/s, loss=0.6833]Trial 0 Ep6:  58%|███████████████████████████████████████████████▎                                  | 45/78 [00:14<00:10,  3.09it/s, loss=0.6833]Trial 0 Ep6:  58%|███████████████████████████████████████████████▎                                  | 45/78 [00:14<00:10,  3.09it/s, loss=0.6785]Trial 0 Ep6:  59%|████████████████████████████████████████████████▎                                 | 46/78 [00:14<00:09,  3.21it/s, loss=0.6785]Trial 0 Ep6:  59%|████████████████████████████████████████████████▎                                 | 46/78 [00:15<00:09,  3.21it/s, loss=0.6982]Trial 0 Ep6:  60%|█████████████████████████████████████████████████▍                                | 47/78 [00:15<00:09,  3.25it/s, loss=0.6982]Trial 0 Ep6:  60%|█████████████████████████████████████████████████▍                                | 47/78 [00:15<00:09,  3.25it/s, loss=0.6734]Trial 0 Ep6:  62%|██████████████████████████████████████████████████▍                               | 48/78 [00:15<00:09,  3.23it/s, loss=0.6734]Trial 0 Ep6:  62%|██████████████████████████████████████████████████▍                               | 48/78 [00:15<00:09,  3.23it/s, loss=0.6835]Trial 0 Ep6:  63%|███████████████████████████████████████████████████▌                              | 49/78 [00:15<00:09,  3.16it/s, loss=0.6835]Trial 0 Ep6:  63%|███████████████████████████████████████████████████▌                              | 49/78 [00:16<00:09,  3.16it/s, loss=0.6907]Trial 0 Ep6:  64%|████████████████████████████████████████████████████▌                             | 50/78 [00:16<00:09,  2.98it/s, loss=0.6907]Trial 0 Ep6:  64%|████████████████████████████████████████████████████▌                             | 50/78 [00:16<00:09,  2.98it/s, loss=0.6995]Trial 0 Ep6:  65%|█████████████████████████████████████████████████████▌                            | 51/78 [00:16<00:09,  2.91it/s, loss=0.6995]Trial 0 Ep6:  65%|█████████████████████████████████████████████████████▌                            | 51/78 [00:16<00:09,  2.91it/s, loss=0.6829]Trial 0 Ep6:  67%|██████████████████████████████████████████████████████▋                           | 52/78 [00:16<00:08,  2.99it/s, loss=0.6829]Trial 0 Ep6:  67%|██████████████████████████████████████████████████████▋                           | 52/78 [00:17<00:08,  2.99it/s, loss=0.7025]Trial 0 Ep6:  68%|███████████████████████████████████████████████████████▋                          | 53/78 [00:17<00:07,  3.16it/s, loss=0.7025]Trial 0 Ep6:  68%|███████████████████████████████████████████████████████▋                          | 53/78 [00:17<00:07,  3.16it/s, loss=0.6900]Trial 0 Ep6:  69%|████████████████████████████████████████████████████████▊                         | 54/78 [00:17<00:07,  3.17it/s, loss=0.6900]Trial 0 Ep6:  69%|████████████████████████████████████████████████████████▊                         | 54/78 [00:17<00:07,  3.17it/s, loss=0.7157]Trial 0 Ep6:  71%|█████████████████████████████████████████████████████████▊                        | 55/78 [00:17<00:06,  3.31it/s, loss=0.7157]Trial 0 Ep6:  71%|█████████████████████████████████████████████████████████▊                        | 55/78 [00:17<00:06,  3.31it/s, loss=0.6906]Trial 0 Ep6:  72%|██████████████████████████████████████████████████████████▊                       | 56/78 [00:17<00:06,  3.39it/s, loss=0.6906]Trial 0 Ep6:  72%|██████████████████████████████████████████████████████████▊                       | 56/78 [00:18<00:06,  3.39it/s, loss=0.7026]Trial 0 Ep6:  73%|███████████████████████████████████████████████████████████▉                      | 57/78 [00:18<00:06,  3.26it/s, loss=0.7026]Trial 0 Ep6:  73%|███████████████████████████████████████████████████████████▉                      | 57/78 [00:18<00:06,  3.26it/s, loss=0.6875]Trial 0 Ep6:  74%|████████████████████████████████████████████████████████████▉                     | 58/78 [00:18<00:06,  3.12it/s, loss=0.6875]Trial 0 Ep6:  74%|████████████████████████████████████████████████████████████▉                     | 58/78 [00:18<00:06,  3.12it/s, loss=0.6898]Trial 0 Ep6:  76%|██████████████████████████████████████████████████████████████                    | 59/78 [00:18<00:06,  3.10it/s, loss=0.6898]Trial 0 Ep6:  76%|██████████████████████████████████████████████████████████████                    | 59/78 [00:19<00:06,  3.10it/s, loss=0.7058]Trial 0 Ep6:  77%|███████████████████████████████████████████████████████████████                   | 60/78 [00:19<00:06,  2.94it/s, loss=0.7058]Trial 0 Ep6:  77%|███████████████████████████████████████████████████████████████                   | 60/78 [00:19<00:06,  2.94it/s, loss=0.7038]Trial 0 Ep6:  78%|████████████████████████████████████████████████████████████████▏                 | 61/78 [00:19<00:05,  2.92it/s, loss=0.7038]Trial 0 Ep6:  78%|████████████████████████████████████████████████████████████████▏                 | 61/78 [00:19<00:05,  2.92it/s, loss=0.7021]Trial 0 Ep6:  79%|█████████████████████████████████████████████████████████████████▏                | 62/78 [00:19<00:05,  2.97it/s, loss=0.7021]Trial 0 Ep6:  79%|█████████████████████████████████████████████████████████████████▏                | 62/78 [00:20<00:05,  2.97it/s, loss=0.6918]Trial 0 Ep6:  81%|██████████████████████████████████████████████████████████████████▏               | 63/78 [00:20<00:05,  2.92it/s, loss=0.6918]Trial 0 Ep6:  81%|██████████████████████████████████████████████████████████████████▏               | 63/78 [00:20<00:05,  2.92it/s, loss=0.7034]Trial 0 Ep6:  82%|███████████████████████████████████████████████████████████████████▎              | 64/78 [00:20<00:04,  2.97it/s, loss=0.7034]Trial 0 Ep6:  82%|███████████████████████████████████████████████████████████████████▎              | 64/78 [00:20<00:04,  2.97it/s, loss=0.6924]Trial 0 Ep6:  83%|████████████████████████████████████████████████████████████████████▎             | 65/78 [00:20<00:04,  3.04it/s, loss=0.6924]Trial 0 Ep6:  83%|████████████████████████████████████████████████████████████████████▎             | 65/78 [00:21<00:04,  3.04it/s, loss=0.7002]Trial 0 Ep6:  85%|█████████████████████████████████████████████████████████████████████▍            | 66/78 [00:21<00:03,  3.04it/s, loss=0.7002]Trial 0 Ep6:  85%|█████████████████████████████████████████████████████████████████████▍            | 66/78 [00:21<00:03,  3.04it/s, loss=0.6905]Trial 0 Ep6:  86%|██████████████████████████████████████████████████████████████████████▍           | 67/78 [00:21<00:03,  3.04it/s, loss=0.6905]Trial 0 Ep6:  86%|██████████████████████████████████████████████████████████████████████▍           | 67/78 [00:21<00:03,  3.04it/s, loss=0.6996]Trial 0 Ep6:  87%|███████████████████████████████████████████████████████████████████████▍          | 68/78 [00:21<00:03,  3.15it/s, loss=0.6996]Trial 0 Ep6:  87%|███████████████████████████████████████████████████████████████████████▍          | 68/78 [00:22<00:03,  3.15it/s, loss=0.6987]Trial 0 Ep6:  88%|████████████████████████████████████████████████████████████████████████▌         | 69/78 [00:22<00:02,  3.13it/s, loss=0.6987]Trial 0 Ep6:  88%|████████████████████████████████████████████████████████████████████████▌         | 69/78 [00:22<00:02,  3.13it/s, loss=0.6877]Trial 0 Ep6:  90%|█████████████████████████████████████████████████████████████████████████▌        | 70/78 [00:22<00:02,  3.22it/s, loss=0.6877]Trial 0 Ep6:  90%|█████████████████████████████████████████████████████████████████████████▌        | 70/78 [00:22<00:02,  3.22it/s, loss=0.7046]Trial 0 Ep6:  91%|██████████████████████████████████████████████████████████████████████████▋       | 71/78 [00:22<00:02,  3.16it/s, loss=0.7046]Trial 0 Ep6:  91%|██████████████████████████████████████████████████████████████████████████▋       | 71/78 [00:23<00:02,  3.16it/s, loss=0.6915]Trial 0 Ep6:  92%|███████████████████████████████████████████████████████████████████████████▋      | 72/78 [00:23<00:02,  2.66it/s, loss=0.6915]Trial 0 Ep6:  92%|███████████████████████████████████████████████████████████████████████████▋      | 72/78 [00:23<00:02,  2.66it/s, loss=0.7070]Trial 0 Ep6:  94%|████████████████████████████████████████████████████████████████████████████▋     | 73/78 [00:23<00:01,  2.78it/s, loss=0.7070]Trial 0 Ep6:  94%|████████████████████████████████████████████████████████████████████████████▋     | 73/78 [00:23<00:01,  2.78it/s, loss=0.7029]Trial 0 Ep6:  95%|█████████████████████████████████████████████████████████████████████████████▊    | 74/78 [00:23<00:01,  2.95it/s, loss=0.7029]Trial 0 Ep6:  95%|█████████████████████████████████████████████████████████████████████████████▊    | 74/78 [00:24<00:01,  2.95it/s, loss=0.6818]Trial 0 Ep6:  96%|██████████████████████████████████████████████████████████████████████████████▊  