Trial 2 Ep7:   0%|                                                                                                        | 0/78 [00:00<?, ?it/s]Trial 2 Ep7:   0%|                                                                                           | 0/78 [00:00<?, ?it/s, loss=0.6831]Trial 2 Ep7:   1%|█                                                                                  | 1/78 [00:00<00:26,  2.94it/s, loss=0.6831]Trial 2 Ep7:   1%|█                                                                                  | 1/78 [00:00<00:26,  2.94it/s, loss=0.7526]Trial 2 Ep7:   3%|██▏                                                                                | 2/78 [00:00<00:26,  2.91it/s, loss=0.7526]Trial 2 Ep7:   3%|██▏                                                                                | 2/78 [00:01<00:26,  2.91it/s, loss=0.6975]Trial 2 Ep7:   4%|███▏                                                                               | 3/78 [00:01<00:27,  2.77it/s, loss=0.6975]Trial 2 Ep7:   4%|███▏                                                                               | 3/78 [00:01<00:27,  2.77it/s, loss=0.6504]Trial 2 Ep7:   5%|████▎                                                                              | 4/78 [00:01<00:25,  2.90it/s, loss=0.6504]Trial 2 Ep7:   5%|████▎                                                                              | 4/78 [00:01<00:25,  2.90it/s, loss=0.6473]Trial 2 Ep7:   6%|█████▎                                                                             | 5/78 [00:01<00:23,  3.09it/s, loss=0.6473]Trial 2 Ep7:   6%|█████▎                                                                             | 5/78 [00:01<00:23,  3.09it/s, loss=0.7135]Trial 2 Ep7:   8%|██████▍                                                                            | 6/78 [00:01<00:22,  3.17it/s, loss=0.7135]Trial 2 Ep7:   8%|██████▍                                                                            | 6/78 [00:02<00:22,  3.17it/s, loss=0.6789]Trial 2 Ep7:   9%|███████▍                                                                           | 7/78 [00:02<00:22,  3.11it/s, loss=0.6789]Trial 2 Ep7:   9%|███████▍                                                                           | 7/78 [00:02<00:22,  3.11it/s, loss=0.6896]Trial 2 Ep7:  10%|████████▌                                                                          | 8/78 [00:02<00:22,  3.15it/s, loss=0.6896]Trial 2 Ep7:  10%|████████▌                                                                          | 8/78 [00:02<00:22,  3.15it/s, loss=0.6476]Trial 2 Ep7:  12%|█████████▌                                                                         | 9/78 [00:02<00:21,  3.23it/s, loss=0.6476]Trial 2 Ep7:  12%|█████████▌                                                                         | 9/78 [00:03<00:21,  3.23it/s, loss=0.6757]Trial 2 Ep7:  13%|██████████▌                                                                       | 10/78 [00:03<00:20,  3.27it/s, loss=0.6757]Trial 2 Ep7:  13%|██████████▌                                                                       | 10/78 [00:03<00:20,  3.27it/s, loss=0.6587]Trial 2 Ep7:  14%|███████████▌                                                                      | 11/78 [00:03<00:20,  3.24it/s, loss=0.6587]Trial 2 Ep7:  14%|███████████▌                                                                      | 11/78 [00:03<00:20,  3.24it/s, loss=0.6954]Trial 2 Ep7:  15%|████████████▌                                                                     | 12/78 [00:03<00:20,  3.26it/s, loss=0.6954]Trial 2 Ep7:  15%|████████████▌                                                                     | 12/78 [00:04<00:20,  3.26it/s, loss=0.6881]Trial 2 Ep7:  17%|█████████████▋                                                                    | 13/78 [00:04<00:20,  3.22it/s, loss=0.6881]Trial 2 Ep7:  17%|█████████████▋                                                                    | 13/78 [00:04<00:20,  3.22it/s, loss=0.6774]Trial 2 Ep7:  18%|██████████████▋                                                                   | 14/78 [00:04<00:19,  3.20it/s, loss=0.6774]Trial 2 Ep7:  18%|██████████████▋                                                                   | 14/78 [00:04<00:19,  3.20it/s, loss=0.7008]Trial 2 Ep7:  19%|███████████████▊                                                                  | 15/78 [00:04<00:19,  3.21it/s, loss=0.7008]Trial 2 Ep7:  19%|███████████████▊                                                                  | 15/78 [00:05<00:19,  3.21it/s, loss=0.6903]Trial 2 Ep7:  21%|████████████████▊                                                                 | 16/78 [00:05<00:20,  3.08it/s, loss=0.6903]Trial 2 Ep7:  21%|████████████████▊                                                                 | 16/78 [00:05<00:20,  3.08it/s, loss=0.6705]Trial 2 Ep7:  22%|█████████████████▊                                                                | 17/78 [00:05<00:18,  3.23it/s, loss=0.6705]Trial 2 Ep7:  22%|█████████████████▊                                                                | 17/78 [00:05<00:18,  3.23it/s, loss=0.6718]Trial 2 Ep7:  23%|██████████████████▉                                                               | 18/78 [00:05<00:18,  3.32it/s, loss=0.6718]Trial 2 Ep7:  23%|██████████████████▉                                                               | 18/78 [00:05<00:18,  3.32it/s, loss=0.6648]Trial 2 Ep7:  24%|███████████████████▉                                                              | 19/78 [00:05<00:17,  3.42it/s, loss=0.6648]Trial 2 Ep7:  24%|███████████████████▉                                                              | 19/78 [00:06<00:17,  3.42it/s, loss=0.6564]Trial 2 Ep7:  26%|█████████████████████                                                             | 20/78 [00:06<00:17,  3.40it/s, loss=0.6564]Trial 2 Ep7:  26%|█████████████████████                                                             | 20/78 [00:06<00:17,  3.40it/s, loss=0.6467]Trial 2 Ep7:  27%|██████████████████████                                                            | 21/78 [00:06<00:17,  3.35it/s, loss=0.6467]Trial 2 Ep7:  27%|██████████████████████                                                            | 21/78 [00:06<00:17,  3.35it/s, loss=0.6638]Trial 2 Ep7:  28%|███████████████████████▏                                                          | 22/78 [00:06<00:17,  3.24it/s, loss=0.6638]Trial 2 Ep7:  28%|███████████████████████▏                                                          | 22/78 [00:07<00:17,  3.24it/s, loss=0.6971]Trial 2 Ep7:  29%|████████████████████████▏                                                         | 23/78 [00:07<00:17,  3.21it/s, loss=0.6971]Trial 2 Ep7:  29%|████████████████████████▏                                                         | 23/78 [00:07<00:17,  3.21it/s, loss=0.7361]Trial 2 Ep7:  31%|█████████████████████████▏                                                        | 24/78 [00:07<00:16,  3.27it/s, loss=0.7361]Trial 2 Ep7:  31%|█████████████████████████▏                                                        | 24/78 [00:07<00:16,  3.27it/s, loss=0.7439]Trial 2 Ep7:  32%|██████████████████████████▎                                                       | 25/78 [00:07<00:17,  3.03it/s, loss=0.7439]Trial 2 Ep7:  32%|██████████████████████████▎                                                       | 25/78 [00:08<00:17,  3.03it/s, loss=0.6825]Trial 2 Ep7:  33%|███████████████████████████▎                                                      | 26/78 [00:08<00:17,  3.01it/s, loss=0.6825]Trial 2 Ep7:  33%|███████████████████████████▎                                                      | 26/78 [00:08<00:17,  3.01it/s, loss=0.6691]Trial 2 Ep7:  35%|████████████████████████████▍                                                     | 27/78 [00:08<00:16,  3.10it/s, loss=0.6691]Trial 2 Ep7:  35%|████████████████████████████▍                                                     | 27/78 [00:08<00:16,  3.10it/s, loss=0.6398]Trial 2 Ep7:  36%|█████████████████████████████▍                                                    | 28/78 [00:08<00:16,  3.00it/s, loss=0.6398]Trial 2 Ep7:  36%|█████████████████████████████▍                                                    | 28/78 [00:09<00:16,  3.00it/s, loss=0.6778]Trial 2 Ep7:  37%|██████████████████████████████▍                                                   | 29/78 [00:09<00:16,  2.97it/s, loss=0.6778]Trial 2 Ep7:  37%|██████████████████████████████▍                                                   | 29/78 [00:09<00:16,  2.97it/s, loss=0.6685]Trial 2 Ep7:  38%|███████████████████████████████▌                                                  | 30/78 [00:09<00:15,  3.07it/s, loss=0.6685]Trial 2 Ep7:  38%|███████████████████████████████▌                                                  | 30/78 [00:09<00:15,  3.07it/s, loss=0.6626]Trial 2 Ep7:  40%|████████████████████████████████▌                                                 | 31/78 [00:09<00:14,  3.14it/s, loss=0.6626]Trial 2 Ep7:  40%|████████████████████████████████▌                                                 | 31/78 [00:10<00:14,  3.14it/s, loss=0.6489]Trial 2 Ep7:  41%|█████████████████████████████████▋                                                | 32/78 [00:10<00:14,  3.26it/s, loss=0.6489]Trial 2 Ep7:  41%|█████████████████████████████████▋                                                | 32/78 [00:10<00:14,  3.26it/s, loss=0.7306]Trial 2 Ep7:  42%|██████████████████████████████████▋                                               | 33/78 [00:10<00:13,  3.22it/s, loss=0.7306]Trial 2 Ep7:  42%|██████████████████████████████████▋                                               | 33/78 [00:10<00:13,  3.22it/s, loss=0.6781]Trial 2 Ep7:  44%|███████████████████████████████████▋                                              | 34/78 [00:10<00:13,  3.34it/s, loss=0.6781]Trial 2 Ep7:  44%|███████████████████████████████████▋                                              | 34/78 [00:11<00:13,  3.34it/s, loss=0.6855]Trial 2 Ep7:  45%|████████████████████████████████████▊                                             | 35/78 [00:11<00:13,  3.19it/s, loss=0.6855]Trial 2 Ep7:  45%|████████████████████████████████████▊                                             | 35/78 [00:11<00:13,  3.19it/s, loss=0.7584]Trial 2 Ep7:  46%|█████████████████████████████████████▊                                            | 36/78 [00:11<00:13,  3.11it/s, loss=0.7584]Trial 2 Ep7:  46%|█████████████████████████████████████▊                                            | 36/78 [00:11<00:13,  3.11it/s, loss=0.6802]Trial 2 Ep7:  47%|██████████████████████████████████████▉                                           | 37/78 [00:11<00:13,  3.05it/s, loss=0.6802]Trial 2 Ep7:  47%|██████████████████████████████████████▉                                           | 37/78 [00:12<00:13,  3.05it/s, loss=0.6818]Trial 2 Ep7:  49%|███████████████████████████████████████▉                                          | 38/78 [00:12<00:13,  3.02it/s, loss=0.6818]Trial 2 Ep7:  49%|███████████████████████████████████████▉                                          | 38/78 [00:12<00:13,  3.02it/s, loss=0.6884]Trial 2 Ep7:  50%|█████████████████████████████████████████                                         | 39/78 [00:12<00:12,  3.05it/s, loss=0.6884]Trial 2 Ep7:  50%|█████████████████████████████████████████                                         | 39/78 [00:12<00:12,  3.05it/s, loss=0.6844]Trial 2 Ep7:  51%|██████████████████████████████████████████                                        | 40/78 [00:12<00:12,  3.15it/s, loss=0.6844]Trial 2 Ep7:  51%|██████████████████████████████████████████                                        | 40/78 [00:13<00:12,  3.15it/s, loss=0.7138]Trial 2 Ep7:  53%|███████████████████████████████████████████                                       | 41/78 [00:13<00:11,  3.12it/s, loss=0.7138]Trial 2 Ep7:  53%|███████████████████████████████████████████                                       | 41/78 [00:13<00:11,  3.12it/s, loss=0.6989]Trial 2 Ep7:  54%|████████████████████████████████████████████▏                                     | 42/78 [00:13<00:11,  3.10it/s, loss=0.6989]Trial 2 Ep7:  54%|████████████████████████████████████████████▏                                     | 42/78 [00:13<00:11,  3.10it/s, loss=0.6671]Trial 2 Ep7:  55%|█████████████████████████████████████████████▏                                    | 43/78 [00:13<00:11,  3.08it/s, loss=0.6671]Trial 2 Ep7:  55%|█████████████████████████████████████████████▏                                    | 43/78 [00:13<00:11,  3.08it/s, loss=0.7118]Trial 2 Ep7:  56%|██████████████████████████████████████████████▎                                   | 44/78 [00:13<00:10,  3.20it/s, loss=0.7118]Trial 2 Ep7:  56%|██████████████████████████████████████████████▎                                   | 44/78 [00:14<00:10,  3.20it/s, loss=0.6756]Trial 2 Ep7:  58%|███████████████████████████████████████████████▎                                  | 45/78 [00:14<00:10,  3.18it/s, loss=0.6756]Trial 2 Ep7:  58%|███████████████████████████████████████████████▎                                  | 45/78 [00:14<00:10,  3.18it/s, loss=0.6527]Trial 2 Ep7:  59%|████████████████████████████████████████████████▎                                 | 46/78 [00:14<00:10,  3.11it/s, loss=0.6527]Trial 2 Ep7:  59%|████████████████████████████████████████████████▎                                 | 46/78 [00:14<00:10,  3.11it/s, loss=0.7203]Trial 2 Ep7:  60%|█████████████████████████████████████████████████▍                                | 47/78 [00:14<00:10,  3.04it/s, loss=0.7203]Trial 2 Ep7:  60%|█████████████████████████████████████████████████▍                                | 47/78 [00:15<00:10,  3.04it/s, loss=0.6875]Trial 2 Ep7:  62%|██████████████████████████████████████████████████▍                               | 48/78 [00:15<00:09,  3.15it/s, loss=0.6875]Trial 2 Ep7:  62%|██████████████████████████████████████████████████▍                               | 48/78 [00:15<00:09,  3.15it/s, loss=0.6728]Trial 2 Ep7:  63%|███████████████████████████████████████████████████▌                              | 49/78 [00:15<00:09,  3.08it/s, loss=0.6728]Trial 2 Ep7:  63%|███████████████████████████████████████████████████▌                              | 49/78 [00:15<00:09,  3.08it/s, loss=0.6666]Trial 2 Ep7:  64%|████████████████████████████████████████████████████▌                             | 50/78 [00:15<00:08,  3.20it/s, loss=0.6666]Trial 2 Ep7:  64%|████████████████████████████████████████████████████▌                             | 50/78 [00:16<00:08,  3.20it/s, loss=0.7494]Trial 2 Ep7:  65%|█████████████████████████████████████████████████████▌                            | 51/78 [00:16<00:08,  3.16it/s, loss=0.7494]Trial 2 Ep7:  65%|█████████████████████████████████████████████████████▌                            | 51/78 [00:16<00:08,  3.16it/s, loss=0.6603]Trial 2 Ep7:  67%|██████████████████████████████████████████████████████▋                           | 52/78 [00:16<00:08,  3.21it/s, loss=0.6603]Trial 2 Ep7:  67%|██████████████████████████████████████████████████████▋                           | 52/78 [00:16<00:08,  3.21it/s, loss=0.6661]Trial 2 Ep7:  68%|███████████████████████████████████████████████████████▋                          | 53/78 [00:16<00:07,  3.22it/s, loss=0.6661]Trial 2 Ep7:  68%|███████████████████████████████████████████████████████▋                          | 53/78 [00:17<00:07,  3.22it/s, loss=0.6948]Trial 2 Ep7:  69%|████████████████████████████████████████████████████████▊                         | 54/78 [00:17<00:07,  3.26it/s, loss=0.6948]Trial 2 Ep7:  69%|████████████████████████████████████████████████████████▊                         | 54/78 [00:17<00:07,  3.26it/s, loss=0.6658]Trial 2 Ep7:  71%|█████████████████████████████████████████████████████████▊                        | 55/78 [00:17<00:07,  3.04it/s, loss=0.6658]Trial 2 Ep7:  71%|█████████████████████████████████████████████████████████▊                        | 55/78 [00:17<00:07,  3.04it/s, loss=0.6790]Trial 2 Ep7:  72%|██████████████████████████████████████████████████████████▊                       | 56/78 [00:17<00:07,  3.03it/s, loss=0.6790]Trial 2 Ep7:  72%|██████████████████████████████████████████████████████████▊                       | 56/78 [00:18<00:07,  3.03it/s, loss=0.7119]Trial 2 Ep7:  73%|███████████████████████████████████████████████████████████▉                      | 57/78 [00:18<00:07,  3.00it/s, loss=0.7119]Trial 2 Ep7:  73%|███████████████████████████████████████████████████████████▉                      | 57/78 [00:18<00:07,  3.00it/s, loss=0.6532]Trial 2 Ep7:  74%|████████████████████████████████████████████████████████████▉                     | 58/78 [00:18<00:06,  3.00it/s, loss=0.6532]Trial 2 Ep7:  74%|████████████████████████████████████████████████████████████▉                     | 58/78 [00:18<00:06,  3.00it/s, loss=0.6617]Trial 2 Ep7:  76%|██████████████████████████████████████████████████████████████                    | 59/78 [00:18<00:06,  3.16it/s, loss=0.6617]Trial 2 Ep7:  76%|██████████████████████████████████████████████████████████████                    | 59/78 [00:19<00:06,  3.16it/s, loss=0.7072]Trial 2 Ep7:  77%|███████████████████████████████████████████████████████████████                   | 60/78 [00:19<00:05,  3.27it/s, loss=0.7072]Trial 2 Ep7:  77%|███████████████████████████████████████████████████████████████                   | 60/78 [00:19<00:05,  3.27it/s, loss=0.7483]Trial 2 Ep7:  78%|████████████████████████████████████████████████████████████████▏                 | 61/78 [00:19<00:05,  3.19it/s, loss=0.7483]Trial 2 Ep7:  78%|████████████████████████████████████████████████████████████████▏                 | 61/78 [00:19<00:05,  3.19it/s, loss=0.7322]Trial 2 Ep7:  79%|█████████████████████████████████████████████████████████████████▏                | 62/78 [00:19<00:05,  3.15it/s, loss=0.7322]Trial 2 Ep7:  79%|█████████████████████████████████████████████████████████████████▏                | 62/78 [00:20<00:05,  3.15it/s, loss=0.6917]Trial 2 Ep7:  81%|██████████████████████████████████████████████████████████████████▏               | 63/78 [00:20<00:04,  3.23it/s, loss=0.6917]Trial 2 Ep7:  81%|██████████████████████████████████████████████████████████████████▏               | 63/78 [00:20<00:04,  3.23it/s, loss=0.6673]Trial 2 Ep7:  82%|███████████████████████████████████████████████████████████████████▎              | 64/78 [00:20<00:04,  3.32it/s, loss=0.6673]Trial 2 Ep7:  82%|███████████████████████████████████████████████████████████████████▎              | 64/78 [00:20<00:04,  3.32it/s, loss=0.6774]Trial 2 Ep7:  83%|████████████████████████████████████████████████████████████████████▎             | 65/78 [00:20<00:03,  3.34it/s, loss=0.6774]Trial 2 Ep7:  83%|████████████████████████████████████████████████████████████████████▎             | 65/78 [00:20<00:03,  3.34it/s, loss=0.7181]Trial 2 Ep7:  85%|█████████████████████████████████████████████████████████████████████▍            | 66/78 [00:20<00:03,  3.17it/s, loss=0.7181]Trial 2 Ep7:  85%|█████████████████████████████████████████████████████████████████████▍            | 66/78 [00:21<00:03,  3.17it/s, loss=0.7454]Trial 2 Ep7:  86%|██████████████████████████████████████████████████████████████████████▍           | 67/78 [00:21<00:03,  2.81it/s, loss=0.7454]Trial 2 Ep7:  86%|██████████████████████████████████████████████████████████████████████▍           | 67/78 [00:21<00:03,  2.81it/s, loss=0.7068]Trial 2 Ep7:  87%|███████████████████████████████████████████████████████████████████████▍          | 68/78 [00:21<00:03,  2.88it/s, loss=0.7068]Trial 2 Ep7:  87%|███████████████████████████████████████████████████████████████████████▍          | 68/78 [00:21<00:03,  2.88it/s, loss=0.6969]Trial 2 Ep7:  88%|████████████████████████████████████████████████████████████████████████▌         | 69/78 [00:21<00:02,  3.07it/s, loss=0.6969]Trial 2 Ep7:  88%|████████████████████████████████████████████████████████████████████████▌         | 69/78 [00:22<00:02,  3.07it/s, loss=0.6733]Trial 2 Ep7:  90%|█████████████████████████████████████████████████████████████████████████▌        | 70/78 [00:22<00:02,  3.21it/s, loss=0.6733]Trial 2 Ep7:  90%|█████████████████████████████████████████████████████████████████████████▌        | 70/78 [00:22<00:02,  3.21it/s, loss=0.6262]Trial 2 Ep7:  91%|██████████████████████████████████████████████████████████████████████████▋       | 71/78 [00:22<00:02,  3.25it/s, loss=0.6262]Trial 2 Ep7:  91%|██████████████████████████████████████████████████████████████████████████▋       | 71/78 [00:22<00:02,  3.25it/s, loss=0.7315]Trial 2 Ep7:  92%|███████████████████████████████████████████████████████████████████████████▋      | 72/78 [00:22<00:01,  3.34it/s, loss=0.7315]Trial 2 Ep7:  92%|███████████████████████████████████████████████████████████████████████████▋      | 72/78 [00:23<00:01,  3.34it/s, loss=0.7004]Trial 2 Ep7:  94%|████████████████████████████████████████████████████████████████████████████▋     | 73/78 [00:23<00:01,  3.33it/s, loss=0.7004]Trial 2 Ep7:  94%|████████████████████████████████████████████████████████████████████████████▋     | 73/78 [00:23<00:01,  3.33it/s, loss=0.6637]Trial 2 Ep7:  95%|█████████████████████████████████████████████████████████████████████████████▊    | 74/78 [00:23<00:01,  3.37it/s, loss=0.6637]Trial 2 Ep7:  95%|█████████████████████████████████████████████████████████████████████████████▊    | 74/78 [00:23<00:01,  3.37it/s, loss=0.6940]Trial 2 Ep7:  96%|██████████████████████████████████████████████████████████████████████████████▊  