Trial 5 Ep1:   0%|                                                                                                                                     | 0/78 [00:00<?, ?it/s]Trial 5 Ep1:   0%|                                                                                                                        | 0/78 [00:00<?, ?it/s, loss=0.7052]Trial 5 Ep1:   1%|█▍                                                                                                              | 1/78 [00:00<01:06,  1.15it/s, loss=0.7052]Trial 5 Ep1:   1%|█▍                                                                                                              | 1/78 [00:01<01:06,  1.15it/s, loss=0.7456]Trial 5 Ep1:   3%|██▊                                                                                                             | 2/78 [00:01<00:56,  1.35it/s, loss=0.7456]Trial 5 Ep1:   3%|██▊                                                                                                             | 2/78 [00:03<00:56,  1.35it/s, loss=0.6971]Trial 5 Ep1:   4%|████▎                                                                                                           | 3/78 [00:03<01:46,  1.42s/it, loss=0.6971]Trial 5 Ep1:   4%|████▎                                                                                                           | 3/78 [00:04<01:46,  1.42s/it, loss=0.6929]Trial 5 Ep1:   5%|█████▋                                                                                                          | 4/78 [00:04<01:29,  1.21s/it, loss=0.6929]Trial 5 Ep1:   5%|█████▋                                                                                                          | 4/78 [00:05<01:29,  1.21s/it, loss=0.6371]Trial 5 Ep1:   6%|███████▏                                                                                                        | 5/78 [00:05<01:15,  1.03s/it, loss=0.6371]Trial 5 Ep1:   6%|███████▏                                                                                                        | 5/78 [00:06<01:15,  1.03s/it, loss=0.8734]Trial 5 Ep1:   8%|████████▌                                                                                                       | 6/78 [00:06<01:05,  1.10it/s, loss=0.8734]Trial 5 Ep1:   8%|████████▌                                                                                                       | 6/78 [00:07<01:05,  1.10it/s, loss=0.6548]Trial 5 Ep1:   9%|██████████                                                                                                      | 7/78 [00:07<01:07,  1.06it/s, loss=0.6548]Trial 5 Ep1:   9%|██████████                                                                                                      | 7/78 [00:07<01:07,  1.06it/s, loss=0.7297]Trial 5 Ep1:  10%|███████████▍                                                                                                    | 8/78 [00:07<00:59,  1.17it/s, loss=0.7297]Trial 5 Ep1:  10%|███████████▍                                                                                                    | 8/78 [00:08<00:59,  1.17it/s, loss=0.7263]Trial 5 Ep1:  12%|████████████▉                                                                                                   | 9/78 [00:08<00:53,  1.29it/s, loss=0.7263]Trial 5 Ep1:  12%|████████████▉                                                                                                   | 9/78 [00:09<00:53,  1.29it/s, loss=0.6601]Trial 5 Ep1:  13%|██████████████▏                                                                                                | 10/78 [00:09<00:51,  1.32it/s, loss=0.6601]Trial 5 Ep1:  13%|██████████████▏                                                                                                | 10/78 [00:09<00:51,  1.32it/s, loss=0.7264]Trial 5 Ep1:  14%|███████████████▋                                                                                               | 11/78 [00:09<00:52,  1.29it/s, loss=0.7264]Trial 5 Ep1:  14%|███████████████▋                                                                                               | 11/78 [00:10<00:52,  1.29it/s, loss=0.7069]Trial 5 Ep1:  15%|█████████████████                                                                                              | 12/78 [00:10<00:48,  1.36it/s, loss=0.7069]Trial 5 Ep1:  15%|█████████████████                                                                                              | 12/78 [00:11<00:48,  1.36it/s, loss=0.7061]Trial 5 Ep1:  17%|██████████████████▌                                                                                            | 13/78 [00:11<00:48,  1.35it/s, loss=0.7061]Trial 5 Ep1:  17%|██████████████████▌                                                                                            | 13/78 [00:11<00:48,  1.35it/s, loss=0.7804]Trial 5 Ep1:  18%|███████████████████▉                                                                                           | 14/78 [00:11<00:46,  1.37it/s, loss=0.7804]Trial 5 Ep1:  18%|███████████████████▉                                                                                           | 14/78 [00:12<00:46,  1.37it/s, loss=0.7411]Trial 5 Ep1:  19%|█████████████████████▎                                                                                         | 15/78 [00:12<00:45,  1.38it/s, loss=0.7411]Trial 5 Ep1:  19%|█████████████████████▎                                                                                         | 15/78 [00:13<00:45,  1.38it/s, loss=0.7389]Trial 5 Ep1:  21%|██████████████████████▊                                                                                        | 16/78 [00:13<00:44,  1.40it/s, loss=0.7389]Trial 5 Ep1:  21%|██████████████████████▊                                                                                        | 16/78 [00:14<00:44,  1.40it/s, loss=0.6940]Trial 5 Ep1:  22%|████████████████████████▏                                                                                      | 17/78 [00:14<00:49,  1.24it/s, loss=0.6940]Trial 5 Ep1:  22%|████████████████████████▏                                                                                      | 17/78 [00:15<00:49,  1.24it/s, loss=0.7859]Trial 5 Ep1:  23%|█████████████████████████▌                                                                                     | 18/78 [00:15<00:47,  1.28it/s, loss=0.7859]Trial 5 Ep1:  23%|█████████████████████████▌                                                                                     | 18/78 [00:15<00:47,  1.28it/s, loss=0.8107]Trial 5 Ep1:  24%|███████████████████████████                                                                                    | 19/78 [00:15<00:44,  1.32it/s, loss=0.8107]Trial 5 Ep1:  24%|███████████████████████████                                                                                    | 19/78 [00:16<00:44,  1.32it/s, loss=0.8488]Trial 5 Ep1:  26%|████████████████████████████▍                                                                                  | 20/78 [00:16<00:43,  1.35it/s, loss=0.8488]Trial 5 Ep1:  26%|████████████████████████████▍                                                                                  | 20/78 [00:17<00:43,  1.35it/s, loss=0.7584]Trial 5 Ep1:  27%|█████████████████████████████▉                                                                                 | 21/78 [00:17<00:40,  1.41it/s, loss=0.7584]Trial 5 Ep1:  27%|█████████████████████████████▉                                                                                 | 21/78 [00:17<00:40,  1.41it/s, loss=0.7839]Trial 5 Ep1:  28%|███████████████████████████████▎                                                                               | 22/78 [00:17<00:39,  1.41it/s, loss=0.7839]Trial 5 Ep1:  28%|███████████████████████████████▎                                                                               | 22/78 [00:18<00:39,  1.41it/s, loss=0.8751]Trial 5 Ep1:  29%|████████████████████████████████▋                                                                              | 23/78 [00:18<00:37,  1.47it/s, loss=0.8751]Trial 5 Ep1:  29%|████████████████████████████████▋                                                                              | 23/78 [00:19<00:37,  1.47it/s, loss=1.0110]Trial 5 Ep1:  31%|██████████████████████████████████▏                                                                            | 24/78 [00:19<00:37,  1.44it/s, loss=1.0110]Trial 5 Ep1:  31%|██████████████████████████████████▏                                                                            | 24/78 [00:19<00:37,  1.44it/s, loss=0.7515]Trial 5 Ep1:  32%|███████████████████████████████████▌                                                                           | 25/78 [00:19<00:37,  1.42it/s, loss=0.7515]Trial 5 Ep1:  32%|███████████████████████████████████▌                                                                           | 25/78 [00:20<00:37,  1.42it/s, loss=1.0135]Trial 5 Ep1:  33%|█████████████████████████████████████                                                                          | 26/78 [00:20<00:35,  1.46it/s, loss=1.0135]Trial 5 Ep1:  33%|█████████████████████████████████████                                                                          | 26/78 [00:21<00:35,  1.46it/s, loss=0.8226]Trial 5 Ep1:  35%|██████████████████████████████████████▍                                                                        | 27/78 [00:21<00:34,  1.49it/s, loss=0.8226]Trial 5 Ep1:  35%|██████████████████████████████████████▍                                                                        | 27/78 [00:21<00:34,  1.49it/s, loss=0.7417]Trial 5 Ep1:  36%|███████████████████████████████████████▊                                                                       | 28/78 [00:21<00:32,  1.52it/s, loss=0.7417]Trial 5 Ep1:  36%|███████████████████████████████████████▊                                                                       | 28/78 [00:22<00:32,  1.52it/s, loss=0.8424]Trial 5 Ep1:  37%|█████████████████████████████████████████▎                                                                     | 29/78 [00:22<00:32,  1.51it/s, loss=0.8424]Trial 5 Ep1:  37%|█████████████████████████████████████████▎                                                                     | 29/78 [00:23<00:32,  1.51it/s, loss=0.9161]Trial 5 Ep1:  38%|██████████████████████████████████████████▋                                                                    | 30/78 [00:23<00:32,  1.49it/s, loss=0.9161]Trial 5 Ep1:  38%|██████████████████████████████████████████▋                                                                    | 30/78 [00:23<00:32,  1.49it/s, loss=0.8879]Trial 5 Ep1:  40%|████████████████████████████████████████████                                                                   | 31/78 [00:23<00:33,  1.42it/s, loss=0.8879]Trial 5 Ep1:  40%|████████████████████████████████████████████                                                                   | 31/78 [00:24<00:33,  1.42it/s, loss=0.8019]Trial 5 Ep1:  41%|█████████████████████████████████████████████▌                                                                 | 32/78 [00:24<00:32,  1.43it/s, loss=0.8019]Trial 5 Ep1:  41%|█████████████████████████████████████████████▌                                                                 | 32/78 [00:25<00:32,  1.43it/s, loss=0.8140]Trial 5 Ep1:  42%|██████████████████████████████████████████████▉                                                                | 33/78 [00:25<00:33,  1.35it/s, loss=0.8140]Trial 5 Ep1:  42%|██████████████████████████████████████████████▉                                                                | 33/78 [00:26<00:33,  1.35it/s, loss=0.7841]Trial 5 Ep1:  44%|████████████████████████████████████████████████▍                                                              | 34/78 [00:26<00:31,  1.38it/s, loss=0.7841]Trial 5 Ep1:  44%|████████████████████████████████████████████████▍                                                              | 34/78 [00:26<00:31,  1.38it/s, loss=0.9447]Trial 5 Ep1:  45%|█████████████████████████████████████████████████▊                                                             | 35/78 [00:26<00:31,  1.36it/s, loss=0.9447]Trial 5 Ep1:  45%|█████████████████████████████████████████████████▊                                                             | 35/78 [00:27<00:31,  1.36it/s, loss=0.8271]Trial 5 Ep1:  46%|███████████████████████████████████████████████████▏                                                           | 36/78 [00:27<00:30,  1.36it/s, loss=0.8271]Trial 5 Ep1:  46%|███████████████████████████████████████████████████▏                                                           | 36/78 [00:28<00:30,  1.36it/s, loss=1.0154]Trial 5 Ep1:  47%|████████████████████████████████████████████████████▋                                                          | 37/78 [00:28<00:30,  1.35it/s, loss=1.0154]Trial 5 Ep1:  47%|████████████████████████████████████████████████████▋                                                          | 37/78 [00:29<00:30,  1.35it/s, loss=0.8990]Trial 5 Ep1:  49%|██████████████████████████████████████████████████████                                                         | 38/78 [00:29<00:29,  1.35it/s, loss=0.8990]Trial 5 Ep1:  49%|██████████████████████████████████████████████████████                                                         | 38/78 [00:29<00:29,  1.35it/s, loss=0.9053]Trial 5 Ep1:  50%|███████████████████████████████████████████████████████▌                                                       | 39/78 [00:29<00:28,  1.38it/s, loss=0.9053]Trial 5 Ep1:  50%|███████████████████████████████████████████████████████▌                                                       | 39/78 [00:30<00:28,  1.38it/s, loss=1.5093]Trial 5 Ep1:  51%|████████████████████████████████████████████████████████▉                                                      | 40/78 [00:30<00:26,  1.41it/s, loss=1.5093]Trial 5 Ep1:  51%|████████████████████████████████████████████████████████▉                                                      | 40/78 [00:31<00:26,  1.41it/s, loss=0.5731]Trial 5 Ep1:  53%|██████████████████████████████████████████████████████████▎                                                    | 41/78 [00:31<00:25,  1.45it/s, loss=0.5731]Trial 5 Ep1:  53%|██████████████████████████████████████████████████████████▎                                                    | 41/78 [00:31<00:25,  1.45it/s, loss=0.9839]Trial 5 Ep1:  54%|███████████████████████████████████████████████████████████▊                                                   | 42/78 [00:31<00:24,  1.49it/s, loss=0.9839]Trial 5 Ep1:  54%|███████████████████████████████████████████████████████████▊                                                   | 42/78 [00:32<00:24,  1.49it/s, loss=0.7268]Trial 5 Ep1:  55%|█████████████████████████████████████████████████████████████▏                                                 | 43/78 [00:32<00:24,  1.46it/s, loss=0.7268]Trial 5 Ep1:  55%|█████████████████████████████████████████████████████████████▏                                                 | 43/78 [00:33<00:24,  1.46it/s, loss=0.8185]Trial 5 Ep1:  56%|██████████████████████████████████████████████████████████████▌                                                | 44/78 [00:33<00:23,  1.46it/s, loss=0.8185]Trial 5 Ep1:  56%|██████████████████████████████████████████████████████████████▌                                                | 44/78 [00:33<00:23,  1.46it/s, loss=1.0699]Trial 5 Ep1:  58%|████████████████████████████████████████████████████████████████                                               | 45/78 [00:33<00:22,  1.48it/s, loss=1.0699]Trial 5 Ep1:  58%|████████████████████████████████████████████████████████████████                                               | 45/78 [00:34<00:22,  1.48it/s, loss=1.3376]Trial 5 Ep1:  59%|█████████████████████████████████████████████████████████████████▍                                             | 46/78 [00:34<00:22,  1.45it/s, loss=1.3376]Trial 5 Ep1:  59%|█████████████████████████████████████████████████████████████████▍                                             | 46/78 [00:35<00:22,  1.45it/s, loss=0.8129]Trial 5 Ep1:  60%|██████████████████████████████████████████████████████████████████▉                                            | 47/78 [00:35<00:21,  1.46it/s, loss=0.8129]Trial 5 Ep1:  60%|██████████████████████████████████████████████████████████████████▉                                            | 47/78 [00:35<00:21,  1.46it/s, loss=0.8457]Trial 5 Ep1:  62%|████████████████████████████████████████████████████████████████████▎                                          | 48/78 [00:35<00:20,  1.45it/s, loss=0.8457]Trial 5 Ep1:  62%|████████████████████████████████████████████████████████████████████▎                                          | 48/78 [00:36<00:20,  1.45it/s, loss=1.1177]Trial 5 Ep1:  63%|█████████████████████████████████████████████████████████████████████▋                                         | 49/78 [00:36<00:19,  1.48it/s, loss=1.1177]Trial 5 Ep1:  63%|█████████████████████████████████████████████████████████████████████▋                                         | 49/78 [00:37<00:19,  1.48it/s, loss=1.4586]Trial 5 Ep1:  64%|███████████████████████████████████████████████████████████████████████▏                                       | 50/78 [00:37<00:18,  1.51it/s, loss=1.4586]Trial 5 Ep1:  64%|███████████████████████████████████████████████████████████████████████▏                                       | 50/78 [00:37<00:18,  1.51it/s, loss=1.0182]Trial 5 Ep1:  65%|████████████████████████████████████████████████████████████████████████▌                                      | 51/78 [00:37<00:17,  1.53it/s, loss=1.0182]Trial 5 Ep1:  65%|████████████████████████████████████████████████████████████████████████▌                                      | 51/78 [00:38<00:17,  1.53it/s, loss=1.0614]Trial 5 Ep1:  67%|██████████████████████████████████████████████████████████████████████████                                     | 52/78 [00:38<00:18,  1.41it/s, loss=1.0614]Trial 5 Ep1:  67%|██████████████████████████████████████████████████████████████████████████                                     | 52/78 [00:39<00:18,  1.41it/s, loss=1.2114]Trial 5 Ep1:  68%|███████████████████████████████████████████████████████████████████████████▍                                   | 53/78 [00:39<00:17,  1.45it/s, loss=1.2114]Trial 5 Ep1:  68%|███████████████████████████████████████████████████████████████████████████▍                                   | 53/78 [00:40<00:17,  1.45it/s, loss=0.9261]Trial 5 Ep1:  69%|████████████████████████████████████████████████████████████████████████████▊                                  | 54/78 [00:40<00:17,  1.36it/s, loss=0.9261]Trial 5 Ep1:  69%|████████████████████████████████████████████████████████████████████████████▊                                  | 54/78 [00:40<00:17,  1.36it/s, loss=1.1746]Trial 5 Ep1:  71%|██████████████████████████████████████████████████████████████████████████████▎                                | 55/78 [00:40<00:17,  1.33it/s, loss=1.1746]Trial 5 Ep1:  71%|██████████████████████████████████████████████████████████████████████████████▎                                | 55/78 [00:41<00:17,  1.33it/s, loss=0.8196]Trial 5 Ep1:  72%|███████████████████████████████████████████████████████████████████████████████▋                               | 56/78 [00:41<00:16,  1.37it/s, loss=0.8196]Trial 5 Ep1:  72%|███████████████████████████████████████████████████████████████████████████████▋                               | 56/78 [00:42<00:16,  1.37it/s, loss=1.3148]Trial 5 Ep1:  73%|█████████████████████████████████████████████████████████████████████████████████                              | 57/78 [00:42<00:14,  1.44it/s, loss=1.3148]Trial 5 Ep1:  73%|█████████████████████████████████████████████████████████████████████████████████                              | 57/78 [00:42<00:14,  1.44it/s, loss=0.9088]Trial 5 Ep1:  74%|██████████████████████████████████████████████████████████████████████████████████▌                            | 58/78 [00:42<00:13,  1.46it/s, loss=0.9088]Trial 5 Ep1:  74%|██████████████████████████████████████████████████████████████████████████████████▌                            | 58/78 [00:43<00:13,  1.46it/s, loss=1.5725]Trial 5 Ep1:  76%|███████████████████████████████████████████████████████████████████████████████████▉                           | 59/78 [00:43<00:13,  1.43it/s, loss=1.5725]Trial 5 Ep1:  76%|███████████████████████████████████████████████████████████████████████████████████▉                           | 59/78 [00:44<00:13,  1.43it/s, loss=0.8302]Trial 5 Ep1:  77%|█████████████████████████████████████████████████████████████████████████████████████▍                         | 60/78 [00:44<00:12,  1.45it/s, loss=0.8302]Trial 5 Ep1:  77%|█████████████████████████████████████████████████████████████████████████████████████▍                         | 60/78 [00:44<00:12,  1.45it/s, loss=0.9628]Trial 5 Ep1:  78%|██████████████████████████████████████████████████████████████████████████████████████▊                        | 61/78 [00:44<00:11,  1.52it/s, loss=0.9628]Trial 5 Ep1:  78%|██████████████████████████████████████████████████████████████████████████████████████▊                        | 61/78 [00:45<00:11,  1.52it/s, loss=0.9997]Trial 5 Ep1:  79%|████████████████████████████████████████████████████████████████████████████████████████▏                      | 62/78 [00:45<00:10,  1.48it/s, loss=0.9997]Trial 5 Ep1:  79%|████████████████████████████████████████████████████████████████████████████████████████▏                 