Trial 11 Ep5:   0%|                                                                                                                                    | 0/78 [00:00<?, ?it/s]Trial 11 Ep5:   0%|                                                                                                                       | 0/78 [00:00<?, ?it/s, loss=0.6412]Trial 11 Ep5:   1%|█▍                                                                                                             | 1/78 [00:00<00:58,  1.32it/s, loss=0.6412]Trial 11 Ep5:   1%|█▍                                                                                                             | 1/78 [00:01<00:58,  1.32it/s, loss=0.6296]Trial 11 Ep5:   3%|██▊                                                                                                            | 2/78 [00:01<00:53,  1.42it/s, loss=0.6296]Trial 11 Ep5:   3%|██▊                                                                                                            | 2/78 [00:02<00:53,  1.42it/s, loss=0.6609]Trial 11 Ep5:   4%|████▎                                                                                                          | 3/78 [00:02<00:54,  1.38it/s, loss=0.6609]Trial 11 Ep5:   4%|████▎                                                                                                          | 3/78 [00:02<00:54,  1.38it/s, loss=0.6489]Trial 11 Ep5:   5%|█████▋                                                                                                         | 4/78 [00:02<00:50,  1.45it/s, loss=0.6489]Trial 11 Ep5:   5%|█████▋                                                                                                         | 4/78 [00:03<00:50,  1.45it/s, loss=0.5867]Trial 11 Ep5:   6%|███████                                                                                                        | 5/78 [00:03<00:51,  1.42it/s, loss=0.5867]Trial 11 Ep5:   6%|███████                                                                                                        | 5/78 [00:04<00:51,  1.42it/s, loss=0.6944]Trial 11 Ep5:   8%|████████▌                                                                                                      | 6/78 [00:04<00:50,  1.44it/s, loss=0.6944]Trial 11 Ep5:   8%|████████▌                                                                                                      | 6/78 [00:04<00:50,  1.44it/s, loss=0.7132]Trial 11 Ep5:   9%|█████████▉                                                                                                     | 7/78 [00:04<00:48,  1.47it/s, loss=0.7132]Trial 11 Ep5:   9%|█████████▉                                                                                                     | 7/78 [00:05<00:48,  1.47it/s, loss=0.6620]Trial 11 Ep5:  10%|███████████▍                                                                                                   | 8/78 [00:05<00:47,  1.49it/s, loss=0.6620]Trial 11 Ep5:  10%|███████████▍                                                                                                   | 8/78 [00:06<00:47,  1.49it/s, loss=0.7217]Trial 11 Ep5:  12%|████████████▊                                                                                                  | 9/78 [00:06<00:49,  1.39it/s, loss=0.7217]Trial 11 Ep5:  12%|████████████▊                                                                                                  | 9/78 [00:07<00:49,  1.39it/s, loss=0.6850]Trial 11 Ep5:  13%|██████████████                                                                                                | 10/78 [00:07<00:48,  1.41it/s, loss=0.6850]Trial 11 Ep5:  13%|██████████████                                                                                                | 10/78 [00:07<00:48,  1.41it/s, loss=0.6623]Trial 11 Ep5:  14%|███████████████▌                                                                                              | 11/78 [00:07<00:46,  1.45it/s, loss=0.6623]Trial 11 Ep5:  14%|███████████████▌                                                                                              | 11/78 [00:08<00:46,  1.45it/s, loss=0.6799]Trial 11 Ep5:  15%|████████████████▉                                                                                             | 12/78 [00:08<00:46,  1.41it/s, loss=0.6799]Trial 11 Ep5:  15%|████████████████▉                                                                                             | 12/78 [00:09<00:46,  1.41it/s, loss=0.6975]Trial 11 Ep5:  17%|██████████████████▎                                                                                           | 13/78 [00:09<00:44,  1.45it/s, loss=0.6975]Trial 11 Ep5:  17%|██████████████████▎                                                                                           | 13/78 [00:09<00:44,  1.45it/s, loss=0.6528]Trial 11 Ep5:  18%|███████████████████▋                                                                                          | 14/78 [00:09<00:44,  1.45it/s, loss=0.6528]Trial 11 Ep5:  18%|███████████████████▋                                                                                          | 14/78 [00:10<00:44,  1.45it/s, loss=0.6491]Trial 11 Ep5:  19%|█████████████████████▏                                                                                        | 15/78 [00:10<00:43,  1.45it/s, loss=0.6491]Trial 11 Ep5:  19%|█████████████████████▏                                                                                        | 15/78 [00:11<00:43,  1.45it/s, loss=0.7610]Trial 11 Ep5:  21%|██████████████████████▌                                                                                       | 16/78 [00:11<00:44,  1.40it/s, loss=0.7610]Trial 11 Ep5:  21%|██████████████████████▌                                                                                       | 16/78 [00:12<00:44,  1.40it/s, loss=0.6792]Trial 11 Ep5:  22%|███████████████████████▉                                                                                      | 17/78 [00:12<00:44,  1.36it/s, loss=0.6792]Trial 11 Ep5:  22%|███████████████████████▉                                                                                      | 17/78 [00:12<00:44,  1.36it/s, loss=0.7091]Trial 11 Ep5:  23%|█████████████████████████▍                                                                                    | 18/78 [00:12<00:43,  1.37it/s, loss=0.7091]Trial 11 Ep5:  23%|█████████████████████████▍                                                                                    | 18/78 [00:13<00:43,  1.37it/s, loss=0.6624]Trial 11 Ep5:  24%|██████████████████████████▊                                                                                   | 19/78 [00:13<00:43,  1.37it/s, loss=0.6624]Trial 11 Ep5:  24%|██████████████████████████▊                                                                                   | 19/78 [00:14<00:43,  1.37it/s, loss=0.6929]Trial 11 Ep5:  26%|████████████████████████████▏                                                                                 | 20/78 [00:14<00:41,  1.38it/s, loss=0.6929]Trial 11 Ep5:  26%|████████████████████████████▏                                                                                 | 20/78 [00:14<00:41,  1.38it/s, loss=0.6507]Trial 11 Ep5:  27%|█████████████████████████████▌                                                                                | 21/78 [00:14<00:40,  1.42it/s, loss=0.6507]Trial 11 Ep5:  27%|█████████████████████████████▌                                                                                | 21/78 [00:15<00:40,  1.42it/s, loss=0.6755]Trial 11 Ep5:  28%|███████████████████████████████                                                                               | 22/78 [00:15<00:39,  1.41it/s, loss=0.6755]Trial 11 Ep5:  28%|███████████████████████████████                                                                               | 22/78 [00:16<00:39,  1.41it/s, loss=0.6744]Trial 11 Ep5:  29%|████████████████████████████████▍                                                                             | 23/78 [00:16<00:37,  1.46it/s, loss=0.6744]Trial 11 Ep5:  29%|████████████████████████████████▍                                                                             | 23/78 [00:16<00:37,  1.46it/s, loss=0.6687]Trial 11 Ep5:  31%|█████████████████████████████████▊                                                                            | 24/78 [00:16<00:38,  1.40it/s, loss=0.6687]Trial 11 Ep5:  31%|█████████████████████████████████▊                                                                            | 24/78 [00:17<00:38,  1.40it/s, loss=0.6820]Trial 11 Ep5:  32%|███████████████████████████████████▎                                                                          | 25/78 [00:17<00:39,  1.33it/s, loss=0.6820]Trial 11 Ep5:  32%|███████████████████████████████████▎                                                                          | 25/78 [00:18<00:39,  1.33it/s, loss=0.6219]Trial 11 Ep5:  33%|████████████████████████████████████▋                                                                         | 26/78 [00:18<00:38,  1.34it/s, loss=0.6219]Trial 11 Ep5:  33%|████████████████████████████████████▋                                                                         | 26/78 [00:19<00:38,  1.34it/s, loss=0.6235]Trial 11 Ep5:  35%|██████████████████████████████████████                                                                        | 27/78 [00:19<00:37,  1.35it/s, loss=0.6235]Trial 11 Ep5:  35%|██████████████████████████████████████                                                                        | 27/78 [00:19<00:37,  1.35it/s, loss=0.6457]Trial 11 Ep5:  36%|███████████████████████████████████████▍                                                                      | 28/78 [00:19<00:36,  1.36it/s, loss=0.6457]Trial 11 Ep5:  36%|███████████████████████████████████████▍                                                                      | 28/78 [00:20<00:36,  1.36it/s, loss=0.6492]Trial 11 Ep5:  37%|████████████████████████████████████████▉                                                                     | 29/78 [00:20<00:35,  1.36it/s, loss=0.6492]Trial 11 Ep5:  37%|████████████████████████████████████████▉                                                                     | 29/78 [00:21<00:35,  1.36it/s, loss=0.7125]Trial 11 Ep5:  38%|██████████████████████████████████████████▎                                                                   | 30/78 [00:21<00:34,  1.39it/s, loss=0.7125]Trial 11 Ep5:  38%|██████████████████████████████████████████▎                                                                   | 30/78 [00:22<00:34,  1.39it/s, loss=0.6249]Trial 11 Ep5:  40%|███████████████████████████████████████████▋                                                                  | 31/78 [00:22<00:33,  1.42it/s, loss=0.6249]Trial 11 Ep5:  40%|███████████████████████████████████████████▋                                                                  | 31/78 [00:22<00:33,  1.42it/s, loss=0.6505]Trial 11 Ep5:  41%|█████████████████████████████████████████████▏                                                                | 32/78 [00:22<00:32,  1.40it/s, loss=0.6505]Trial 11 Ep5:  41%|█████████████████████████████████████████████▏                                                                | 32/78 [00:23<00:32,  1.40it/s, loss=0.7376]Trial 11 Ep5:  42%|██████████████████████████████████████████████▌                                                               | 33/78 [00:23<00:31,  1.45it/s, loss=0.7376]Trial 11 Ep5:  42%|██████████████████████████████████████████████▌                                                               | 33/78 [00:24<00:31,  1.45it/s, loss=0.6914]Trial 11 Ep5:  44%|███████████████████████████████████████████████▉                                                              | 34/78 [00:24<00:31,  1.41it/s, loss=0.6914]Trial 11 Ep5:  44%|███████████████████████████████████████████████▉                                                              | 34/78 [00:24<00:31,  1.41it/s, loss=0.6798]Trial 11 Ep5:  45%|█████████████████████████████████████████████████▎                                                            | 35/78 [00:24<00:30,  1.40it/s, loss=0.6798]Trial 11 Ep5:  45%|█████████████████████████████████████████████████▎                                                            | 35/78 [00:25<00:30,  1.40it/s, loss=0.7399]Trial 11 Ep5:  46%|██████████████████████████████████████████████████▊                                                           | 36/78 [00:25<00:29,  1.42it/s, loss=0.7399]Trial 11 Ep5:  46%|██████████████████████████████████████████████████▊                                                           | 36/78 [00:26<00:29,  1.42it/s, loss=0.6761]Trial 11 Ep5:  47%|████████████████████████████████████████████████████▏                                                         | 37/78 [00:26<00:29,  1.39it/s, loss=0.6761]Trial 11 Ep5:  47%|████████████████████████████████████████████████████▏                                                         | 37/78 [00:27<00:29,  1.39it/s, loss=0.7066]Trial 11 Ep5:  49%|█████████████████████████████████████████████████████▌                                                        | 38/78 [00:27<00:28,  1.42it/s, loss=0.7066]Trial 11 Ep5:  49%|█████████████████████████████████████████████████████▌                                                        | 38/78 [00:27<00:28,  1.42it/s, loss=0.7170]Trial 11 Ep5:  50%|███████████████████████████████████████████████████████                                                       | 39/78 [00:27<00:27,  1.41it/s, loss=0.7170]Trial 11 Ep5:  50%|███████████████████████████████████████████████████████                                                       | 39/78 [00:28<00:27,  1.41it/s, loss=0.6214]Trial 11 Ep5:  51%|████████████████████████████████████████████████████████▍                                                     | 40/78 [00:28<00:26,  1.44it/s, loss=0.6214]Trial 11 Ep5:  51%|████████████████████████████████████████████████████████▍                                                     | 40/78 [00:29<00:26,  1.44it/s, loss=0.6336]Trial 11 Ep5:  53%|█████████████████████████████████████████████████████████▊                                                    | 41/78 [00:29<00:25,  1.43it/s, loss=0.6336]Trial 11 Ep5:  53%|█████████████████████████████████████████████████████████▊                                                    | 41/78 [00:29<00:25,  1.43it/s, loss=0.7258]Trial 11 Ep5:  54%|███████████████████████████████████████████████████████████▏                                                  | 42/78 [00:29<00:24,  1.45it/s, loss=0.7258]Trial 11 Ep5:  54%|███████████████████████████████████████████████████████████▏                                                  | 42/78 [00:30<00:24,  1.45it/s, loss=0.6307]Trial 11 Ep5:  55%|████████████████████████████████████████████████████████████▋                                                 | 43/78 [00:30<00:23,  1.46it/s, loss=0.6307]Trial 11 Ep5:  55%|████████████████████████████████████████████████████████████▋                                                 | 43/78 [00:31<00:23,  1.46it/s, loss=0.6216]Trial 11 Ep5:  56%|██████████████████████████████████████████████████████████████                                                | 44/78 [00:31<00:23,  1.45it/s, loss=0.6216]Trial 11 Ep5:  56%|██████████████████████████████████████████████████████████████                                                | 44/78 [00:31<00:23,  1.45it/s, loss=0.6063]Trial 11 Ep5:  58%|███████████████████████████████████████████████████████████████▍                                              | 45/78 [00:31<00:22,  1.47it/s, loss=0.6063]Trial 11 Ep5:  58%|███████████████████████████████████████████████████████████████▍                                              | 45/78 [00:32<00:22,  1.47it/s, loss=0.7086]Trial 11 Ep5:  59%|████████████████████████████████████████████████████████████████▊                                             | 46/78 [00:32<00:22,  1.42it/s, loss=0.7086]Trial 11 Ep5:  59%|████████████████████████████████████████████████████████████████▊                                             | 46/78 [00:33<00:22,  1.42it/s, loss=0.6972]Trial 11 Ep5:  60%|██████████████████████████████████████████████████████████████████▎                                           | 47/78 [00:33<00:22,  1.38it/s, loss=0.6972]Trial 11 Ep5:  60%|██████████████████████████████████████████████████████████████████▎                                           | 47/78 [00:34<00:22,  1.38it/s, loss=0.6818]Trial 11 Ep5:  62%|███████████████████████████████████████████████████████████████████▋                                          | 48/78 [00:34<00:21,  1.39it/s, loss=0.6818]Trial 11 Ep5:  62%|███████████████████████████████████████████████████████████████████▋                                          | 48/78 [00:34<00:21,  1.39it/s, loss=0.7039]Trial 11 Ep5:  63%|█████████████████████████████████████████████████████████████████████                                         | 49/78 [00:34<00:19,  1.47it/s, loss=0.7039]Trial 11 Ep5:  63%|█████████████████████████████████████████████████████████████████████                                         | 49/78 [00:35<00:19,  1.47it/s, loss=0.7002]Trial 11 Ep5:  64%|██████████████████████████████████████████████████████████████████████▌                                       | 50/78 [00:35<00:19,  1.45it/s, loss=0.7002]Trial 11 Ep5:  64%|██████████████████████████████████████████████████████████████████████▌                                       | 50/78 [00:36<00:19,  1.45it/s, loss=0.6948]Trial 11 Ep5:  65%|███████████████████████████████████████████████████████████████████████▉                                      | 51/78 [00:36<00:19,  1.38it/s, loss=0.6948]Trial 11 Ep5:  65%|███████████████████████████████████████████████████████████████████████▉                                      | 51/78 [00:36<00:19,  1.38it/s, loss=0.6959]Trial 11 Ep5:  67%|█████████████████████████████████████████████████████████████████████████▎                                    | 52/78 [00:36<00:17,  1.45it/s, loss=0.6959]Trial 11 Ep5:  67%|█████████████████████████████████████████████████████████████████████████▎                                    | 52/78 [00:37<00:17,  1.45it/s, loss=0.6457]Trial 11 Ep5:  68%|██████████████████████████████████████████████████████████████████████████▋                                   | 53/78 [00:37<00:17,  1.43it/s, loss=0.6457]Trial 11 Ep5:  68%|██████████████████████████████████████████████████████████████████████████▋                                   | 53/78 [00:38<00:17,  1.43it/s, loss=0.6550]Trial 11 Ep5:  69%|████████████████████████████████████████████████████████████████████████████▏                                 | 54/78 [00:38<00:16,  1.48it/s, loss=0.6550]Trial 11 Ep5:  69%|████████████████████████████████████████████████████████████████████████████▏                                 | 54/78 [00:38<00:16,  1.48it/s, loss=0.6973]Trial 11 Ep5:  71%|█████████████████████████████████████████████████████████████████████████████▌                                | 55/78 [00:38<00:15,  1.50it/s, loss=0.6973]Trial 11 Ep5:  71%|█████████████████████████████████████████████████████████████████████████████▌                                | 55/78 [00:39<00:15,  1.50it/s, loss=0.6333]Trial 11 Ep5:  72%|██████████████████████████████████████████████████████████████████████████████▉                               | 56/78 [00:39<00:14,  1.48it/s, loss=0.6333]Trial 11 Ep5:  72%|██████████████████████████████████████████████████████████████████████████████▉                               | 56/78 [00:40<00:14,  1.48it/s, loss=0.6643]Trial 11 Ep5:  73%|████████████████████████████████████████████████████████████████████████████████▍                             | 57/78 [00:40<00:15,  1.39it/s, loss=0.6643]Trial 11 Ep5:  73%|████████████████████████████████████████████████████████████████████████████████▍                             | 57/78 [00:40<00:15,  1.39it/s, loss=0.6677]Trial 11 Ep5:  74%|█████████████████████████████████████████████████████████████████████████████████▊                            | 58/78 [00:40<00:13,  1.48it/s, loss=0.6677]Trial 11 Ep5:  74%|█████████████████████████████████████████████████████████████████████████████████▊                            | 58/78 [00:41<00:13,  1.48it/s, loss=0.7578]Trial 11 Ep5:  76%|███████████████████████████████████████████████████████████████████████████████████▏                          | 59/78 [00:41<00:12,  1.50it/s, loss=0.7578]Trial 11 Ep5:  76%|███████████████████████████████████████████████████████████████████████████████████▏                          | 59/78 [00:42<00:12,  1.50it/s, loss=0.6255]Trial 11 Ep5:  77%|████████████████████████████████████████████████████████████████████████████████████▌                         | 60/78 [00:42<00:11,  1.51it/s, loss=0.6255]Trial 11 Ep5:  77%|████████████████████████████████████████████████████████████████████████████████████▌                         | 60/78 [00:42<00:11,  1.51it/s, loss=0.7483]Trial 11 Ep5:  78%|██████████████████████████████████████████████████████████████████████████████████████                        | 61/78 [00:42<00:11,  1.48it/s, loss=0.7483]Trial 11 Ep5:  78%|██████████████████████████████████████████████████████████████████████████████████████                        | 61/78 [00:43<00:11,  1.48it/s, loss=0.6687]Trial 11 Ep5:  79%|███████████████████████████████████████████████████████████████████████████████████████▍                      | 62/78 [00:43<00:10,  1.49it/s, loss=0.6687]Trial 11 Ep5:  79%|███████████████████████████████████████████████████████████████████████████████████████▍                 