Trial 9 Ep7:   0%|                                                                                                        | 0/78 [00:00<?, ?it/s]Trial 9 Ep7:   0%|                                                                                           | 0/78 [00:00<?, ?it/s, loss=0.5982]Trial 9 Ep7:   1%|█                                                                                  | 1/78 [00:00<00:22,  3.42it/s, loss=0.5982]Trial 9 Ep7:   1%|█                                                                                  | 1/78 [00:00<00:22,  3.42it/s, loss=0.6915]Trial 9 Ep7:   3%|██▏                                                                                | 2/78 [00:00<00:23,  3.29it/s, loss=0.6915]Trial 9 Ep7:   3%|██▏                                                                                | 2/78 [00:00<00:23,  3.29it/s, loss=0.7057]Trial 9 Ep7:   4%|███▏                                                                               | 3/78 [00:00<00:22,  3.37it/s, loss=0.7057]Trial 9 Ep7:   4%|███▏                                                                               | 3/78 [00:01<00:22,  3.37it/s, loss=0.6914]Trial 9 Ep7:   5%|████▎                                                                              | 4/78 [00:01<00:23,  3.19it/s, loss=0.6914]Trial 9 Ep7:   5%|████▎                                                                              | 4/78 [00:01<00:23,  3.19it/s, loss=0.6515]Trial 9 Ep7:   6%|█████▎                                                                             | 5/78 [00:01<00:24,  2.97it/s, loss=0.6515]Trial 9 Ep7:   6%|█████▎                                                                             | 5/78 [00:01<00:24,  2.97it/s, loss=0.6703]Trial 9 Ep7:   8%|██████▍                                                                            | 6/78 [00:01<00:24,  2.96it/s, loss=0.6703]Trial 9 Ep7:   8%|██████▍                                                                            | 6/78 [00:02<00:24,  2.96it/s, loss=0.6650]Trial 9 Ep7:   9%|███████▍                                                                           | 7/78 [00:02<00:22,  3.15it/s, loss=0.6650]Trial 9 Ep7:   9%|███████▍                                                                           | 7/78 [00:02<00:22,  3.15it/s, loss=0.6827]Trial 9 Ep7:  10%|████████▌                                                                          | 8/78 [00:02<00:21,  3.22it/s, loss=0.6827]Trial 9 Ep7:  10%|████████▌                                                                          | 8/78 [00:02<00:21,  3.22it/s, loss=0.6680]Trial 9 Ep7:  12%|█████████▌                                                                         | 9/78 [00:02<00:21,  3.28it/s, loss=0.6680]Trial 9 Ep7:  12%|█████████▌                                                                         | 9/78 [00:03<00:21,  3.28it/s, loss=0.6492]Trial 9 Ep7:  13%|██████████▌                                                                       | 10/78 [00:03<00:20,  3.34it/s, loss=0.6492]Trial 9 Ep7:  13%|██████████▌                                                                       | 10/78 [00:03<00:20,  3.34it/s, loss=0.7778]Trial 9 Ep7:  14%|███████████▌                                                                      | 11/78 [00:03<00:21,  3.14it/s, loss=0.7778]Trial 9 Ep7:  14%|███████████▌                                                                      | 11/78 [00:03<00:21,  3.14it/s, loss=0.6462]Trial 9 Ep7:  15%|████████████▌                                                                     | 12/78 [00:03<00:21,  3.06it/s, loss=0.6462]Trial 9 Ep7:  15%|████████████▌                                                                     | 12/78 [00:04<00:21,  3.06it/s, loss=0.6730]Trial 9 Ep7:  17%|█████████████▋                                                                    | 13/78 [00:04<00:20,  3.14it/s, loss=0.6730]Trial 9 Ep7:  17%|█████████████▋                                                                    | 13/78 [00:04<00:20,  3.14it/s, loss=0.6739]Trial 9 Ep7:  18%|██████████████▋                                                                   | 14/78 [00:04<00:19,  3.34it/s, loss=0.6739]Trial 9 Ep7:  18%|██████████████▋                                                                   | 14/78 [00:04<00:19,  3.34it/s, loss=0.6944]Trial 9 Ep7:  19%|███████████████▊                                                                  | 15/78 [00:04<00:18,  3.36it/s, loss=0.6944]Trial 9 Ep7:  19%|███████████████▊                                                                  | 15/78 [00:04<00:18,  3.36it/s, loss=0.7187]Trial 9 Ep7:  21%|████████████████▊                                                                 | 16/78 [00:04<00:19,  3.21it/s, loss=0.7187]Trial 9 Ep7:  21%|████████████████▊                                                                 | 16/78 [00:05<00:19,  3.21it/s, loss=0.6554]Trial 9 Ep7:  22%|█████████████████▊                                                                | 17/78 [00:05<00:18,  3.30it/s, loss=0.6554]Trial 9 Ep7:  22%|█████████████████▊                                                                | 17/78 [00:05<00:18,  3.30it/s, loss=0.6636]Trial 9 Ep7:  23%|██████████████████▉                                                               | 18/78 [00:05<00:18,  3.28it/s, loss=0.6636]Trial 9 Ep7:  23%|██████████████████▉                                                               | 18/78 [00:05<00:18,  3.28it/s, loss=0.6981]Trial 9 Ep7:  24%|███████████████████▉                                                              | 19/78 [00:05<00:17,  3.32it/s, loss=0.6981]Trial 9 Ep7:  24%|███████████████████▉                                                              | 19/78 [00:06<00:17,  3.32it/s, loss=0.7016]Trial 9 Ep7:  26%|█████████████████████                                                             | 20/78 [00:06<00:17,  3.34it/s, loss=0.7016]Trial 9 Ep7:  26%|█████████████████████                                                             | 20/78 [00:06<00:17,  3.34it/s, loss=0.6418]Trial 9 Ep7:  27%|██████████████████████                                                            | 21/78 [00:06<00:16,  3.39it/s, loss=0.6418]Trial 9 Ep7:  27%|██████████████████████                                                            | 21/78 [00:06<00:16,  3.39it/s, loss=0.6892]Trial 9 Ep7:  28%|███████████████████████▏                                                          | 22/78 [00:06<00:16,  3.49it/s, loss=0.6892]Trial 9 Ep7:  28%|███████████████████████▏                                                          | 22/78 [00:07<00:16,  3.49it/s, loss=0.6750]Trial 9 Ep7:  29%|████████████████████████▏                                                         | 23/78 [00:07<00:15,  3.51it/s, loss=0.6750]Trial 9 Ep7:  29%|████████████████████████▏                                                         | 23/78 [00:07<00:15,  3.51it/s, loss=0.6140]Trial 9 Ep7:  31%|█████████████████████████▏                                                        | 24/78 [00:07<00:15,  3.49it/s, loss=0.6140]Trial 9 Ep7:  31%|█████████████████████████▏                                                        | 24/78 [00:07<00:15,  3.49it/s, loss=0.7149]Trial 9 Ep7:  32%|██████████████████████████▎                                                       | 25/78 [00:07<00:15,  3.51it/s, loss=0.7149]Trial 9 Ep7:  32%|██████████████████████████▎                                                       | 25/78 [00:07<00:15,  3.51it/s, loss=0.6515]Trial 9 Ep7:  33%|███████████████████████████▎                                                      | 26/78 [00:07<00:15,  3.36it/s, loss=0.6515]Trial 9 Ep7:  33%|███████████████████████████▎                                                      | 26/78 [00:08<00:15,  3.36it/s, loss=0.7539]Trial 9 Ep7:  35%|████████████████████████████▍                                                     | 27/78 [00:08<00:15,  3.25it/s, loss=0.7539]Trial 9 Ep7:  35%|████████████████████████████▍                                                     | 27/78 [00:08<00:15,  3.25it/s, loss=0.6902]Trial 9 Ep7:  36%|█████████████████████████████▍                                                    | 28/78 [00:08<00:15,  3.21it/s, loss=0.6902]Trial 9 Ep7:  36%|█████████████████████████████▍                                                    | 28/78 [00:08<00:15,  3.21it/s, loss=0.7583]Trial 9 Ep7:  37%|██████████████████████████████▍                                                   | 29/78 [00:08<00:15,  3.09it/s, loss=0.7583]Trial 9 Ep7:  37%|██████████████████████████████▍                                                   | 29/78 [00:09<00:15,  3.09it/s, loss=0.6540]Trial 9 Ep7:  38%|███████████████████████████████▌                                                  | 30/78 [00:09<00:15,  3.16it/s, loss=0.6540]Trial 9 Ep7:  38%|███████████████████████████████▌                                                  | 30/78 [00:09<00:15,  3.16it/s, loss=0.6702]Trial 9 Ep7:  40%|████████████████████████████████▌                                                 | 31/78 [00:09<00:14,  3.24it/s, loss=0.6702]Trial 9 Ep7:  40%|████████████████████████████████▌                                                 | 31/78 [00:09<00:14,  3.24it/s, loss=0.6806]Trial 9 Ep7:  41%|█████████████████████████████████▋                                                | 32/78 [00:09<00:14,  3.20it/s, loss=0.6806]Trial 9 Ep7:  41%|█████████████████████████████████▋                                                | 32/78 [00:10<00:14,  3.20it/s, loss=0.7200]Trial 9 Ep7:  42%|██████████████████████████████████▋                                               | 33/78 [00:10<00:13,  3.24it/s, loss=0.7200]Trial 9 Ep7:  42%|██████████████████████████████████▋                                               | 33/78 [00:10<00:13,  3.24it/s, loss=0.7658]Trial 9 Ep7:  44%|███████████████████████████████████▋                                              | 34/78 [00:10<00:13,  3.21it/s, loss=0.7658]Trial 9 Ep7:  44%|███████████████████████████████████▋                                              | 34/78 [00:10<00:13,  3.21it/s, loss=0.7117]Trial 9 Ep7:  45%|████████████████████████████████████▊                                             | 35/78 [00:10<00:12,  3.31it/s, loss=0.7117]Trial 9 Ep7:  45%|████████████████████████████████████▊                                             | 35/78 [00:11<00:12,  3.31it/s, loss=0.6562]Trial 9 Ep7:  46%|█████████████████████████████████████▊                                            | 36/78 [00:11<00:13,  3.17it/s, loss=0.6562]Trial 9 Ep7:  46%|█████████████████████████████████████▊                                            | 36/78 [00:11<00:13,  3.17it/s, loss=0.6876]Trial 9 Ep7:  47%|██████████████████████████████████████▉                                           | 37/78 [00:11<00:13,  3.08it/s, loss=0.6876]Trial 9 Ep7:  47%|██████████████████████████████████████▉                                           | 37/78 [00:11<00:13,  3.08it/s, loss=0.6543]Trial 9 Ep7:  49%|███████████████████████████████████████▉                                          | 38/78 [00:11<00:13,  2.94it/s, loss=0.6543]Trial 9 Ep7:  49%|███████████████████████████████████████▉                                          | 38/78 [00:12<00:13,  2.94it/s, loss=0.6153]Trial 9 Ep7:  50%|█████████████████████████████████████████                                         | 39/78 [00:12<00:12,  3.09it/s, loss=0.6153]Trial 9 Ep7:  50%|█████████████████████████████████████████                                         | 39/78 [00:12<00:12,  3.09it/s, loss=0.6319]Trial 9 Ep7:  51%|██████████████████████████████████████████                                        | 40/78 [00:12<00:13,  2.91it/s, loss=0.6319]Trial 9 Ep7:  51%|██████████████████████████████████████████                                        | 40/78 [00:12<00:13,  2.91it/s, loss=0.7137]Trial 9 Ep7:  53%|███████████████████████████████████████████                                       | 41/78 [00:12<00:12,  2.92it/s, loss=0.7137]Trial 9 Ep7:  53%|███████████████████████████████████████████                                       | 41/78 [00:13<00:12,  2.92it/s, loss=0.6856]Trial 9 Ep7:  54%|████████████████████████████████████████████▏                                     | 42/78 [00:13<00:12,  2.93it/s, loss=0.6856]Trial 9 Ep7:  54%|████████████████████████████████████████████▏                                     | 42/78 [00:13<00:12,  2.93it/s, loss=0.6918]Trial 9 Ep7:  55%|█████████████████████████████████████████████▏                                    | 43/78 [00:13<00:12,  2.82it/s, loss=0.6918]Trial 9 Ep7:  55%|█████████████████████████████████████████████▏                                    | 43/78 [00:13<00:12,  2.82it/s, loss=0.6421]Trial 9 Ep7:  56%|██████████████████████████████████████████████▎                                   | 44/78 [00:13<00:11,  2.96it/s, loss=0.6421]Trial 9 Ep7:  56%|██████████████████████████████████████████████▎                                   | 44/78 [00:14<00:11,  2.96it/s, loss=0.6790]Trial 9 Ep7:  58%|███████████████████████████████████████████████▎                                  | 45/78 [00:14<00:10,  3.02it/s, loss=0.6790]Trial 9 Ep7:  58%|███████████████████████████████████████████████▎                                  | 45/78 [00:14<00:10,  3.02it/s, loss=0.6541]Trial 9 Ep7:  59%|████████████████████████████████████████████████▎                                 | 46/78 [00:14<00:10,  3.04it/s, loss=0.6541]Trial 9 Ep7:  59%|████████████████████████████████████████████████▎                                 | 46/78 [00:14<00:10,  3.04it/s, loss=0.7007]Trial 9 Ep7:  60%|█████████████████████████████████████████████████▍                                | 47/78 [00:14<00:10,  3.07it/s, loss=0.7007]Trial 9 Ep7:  60%|█████████████████████████████████████████████████▍                                | 47/78 [00:15<00:10,  3.07it/s, loss=0.6835]Trial 9 Ep7:  62%|██████████████████████████████████████████████████▍                               | 48/78 [00:15<00:09,  3.05it/s, loss=0.6835]Trial 9 Ep7:  62%|██████████████████████████████████████████████████▍                               | 48/78 [00:15<00:09,  3.05it/s, loss=0.6625]Trial 9 Ep7:  63%|███████████████████████████████████████████████████▌                              | 49/78 [00:15<00:09,  3.02it/s, loss=0.6625]Trial 9 Ep7:  63%|███████████████████████████████████████████████████▌                              | 49/78 [00:15<00:09,  3.02it/s, loss=0.7182]Trial 9 Ep7:  64%|████████████████████████████████████████████████████▌                             | 50/78 [00:15<00:09,  3.07it/s, loss=0.7182]Trial 9 Ep7:  64%|████████████████████████████████████████████████████▌                             | 50/78 [00:16<00:09,  3.07it/s, loss=0.7347]Trial 9 Ep7:  65%|█████████████████████████████████████████████████████▌                            | 51/78 [00:16<00:08,  3.17it/s, loss=0.7347]Trial 9 Ep7:  65%|█████████████████████████████████████████████████████▌                            | 51/78 [00:16<00:08,  3.17it/s, loss=0.6531]Trial 9 Ep7:  67%|██████████████████████████████████████████████████████▋                           | 52/78 [00:16<00:08,  3.12it/s, loss=0.6531]Trial 9 Ep7:  67%|██████████████████████████████████████████████████████▋                           | 52/78 [00:16<00:08,  3.12it/s, loss=0.6614]Trial 9 Ep7:  68%|███████████████████████████████████████████████████████▋                          | 53/78 [00:16<00:08,  3.12it/s, loss=0.6614]Trial 9 Ep7:  68%|███████████████████████████████████████████████████████▋                          | 53/78 [00:17<00:08,  3.12it/s, loss=0.6810]Trial 9 Ep7:  69%|████████████████████████████████████████████████████████▊                         | 54/78 [00:17<00:07,  3.12it/s, loss=0.6810]Trial 9 Ep7:  69%|████████████████████████████████████████████████████████▊                         | 54/78 [00:17<00:07,  3.12it/s, loss=0.7181]Trial 9 Ep7:  71%|█████████████████████████████████████████████████████████▊                        | 55/78 [00:17<00:07,  3.24it/s, loss=0.7181]Trial 9 Ep7:  71%|█████████████████████████████████████████████████████████▊                        | 55/78 [00:17<00:07,  3.24it/s, loss=0.6867]Trial 9 Ep7:  72%|██████████████████████████████████████████████████████████▊                       | 56/78 [00:17<00:06,  3.29it/s, loss=0.6867]Trial 9 Ep7:  72%|██████████████████████████████████████████████████████████▊                       | 56/78 [00:17<00:06,  3.29it/s, loss=0.6674]Trial 9 Ep7:  73%|███████████████████████████████████████████████████████████▉                      | 57/78 [00:17<00:06,  3.35it/s, loss=0.6674]Trial 9 Ep7:  73%|███████████████████████████████████████████████████████████▉                      | 57/78 [00:18<00:06,  3.35it/s, loss=0.7275]Trial 9 Ep7:  74%|████████████████████████████████████████████████████████████▉                     | 58/78 [00:18<00:05,  3.38it/s, loss=0.7275]Trial 9 Ep7:  74%|████████████████████████████████████████████████████████████▉                     | 58/78 [00:18<00:05,  3.38it/s, loss=0.7100]Trial 9 Ep7:  76%|██████████████████████████████████████████████████████████████                    | 59/78 [00:18<00:05,  3.37it/s, loss=0.7100]Trial 9 Ep7:  76%|██████████████████████████████████████████████████████████████                    | 59/78 [00:18<00:05,  3.37it/s, loss=0.7046]Trial 9 Ep7:  77%|███████████████████████████████████████████████████████████████                   | 60/78 [00:18<00:05,  3.25it/s, loss=0.7046]Trial 9 Ep7:  77%|███████████████████████████████████████████████████████████████                   | 60/78 [00:19<00:05,  3.25it/s, loss=0.7067]Trial 9 Ep7:  78%|████████████████████████████████████████████████████████████████▏                 | 61/78 [00:19<00:05,  3.18it/s, loss=0.7067]Trial 9 Ep7:  78%|████████████████████████████████████████████████████████████████▏                 | 61/78 [00:19<00:05,  3.18it/s, loss=0.6673]Trial 9 Ep7:  79%|█████████████████████████████████████████████████████████████████▏                | 62/78 [00:19<00:05,  3.16it/s, loss=0.6673]Trial 9 Ep7:  79%|█████████████████████████████████████████████████████████████████▏                | 62/78 [00:19<00:05,  3.16it/s, loss=0.6994]Trial 9 Ep7:  81%|██████████████████████████████████████████████████████████████████▏               | 63/78 [00:19<00:04,  3.17it/s, loss=0.6994]Trial 9 Ep7:  81%|██████████████████████████████████████████████████████████████████▏               | 63/78 [00:20<00:04,  3.17it/s, loss=0.6980]Trial 9 Ep7:  82%|███████████████████████████████████████████████████████████████████▎              | 64/78 [00:20<00:04,  3.25it/s, loss=0.6980]Trial 9 Ep7:  82%|███████████████████████████████████████████████████████████████████▎              | 64/78 [00:20<00:04,  3.25it/s, loss=0.6742]Trial 9 Ep7:  83%|████████████████████████████████████████████████████████████████████▎             | 65/78 [00:20<00:04,  3.20it/s, loss=0.6742]Trial 9 Ep7:  83%|████████████████████████████████████████████████████████████████████▎             | 65/78 [00:20<00:04,  3.20it/s, loss=0.7043]Trial 9 Ep7:  85%|█████████████████████████████████████████████████████████████████████▍            | 66/78 [00:20<00:03,  3.10it/s, loss=0.7043]Trial 9 Ep7:  85%|█████████████████████████████████████████████████████████████████████▍            | 66/78 [00:21<00:03,  3.10it/s, loss=0.6899]Trial 9 Ep7:  86%|██████████████████████████████████████████████████████████████████████▍           | 67/78 [00:21<00:04,  2.63it/s, loss=0.6899]Trial 9 Ep7:  86%|██████████████████████████████████████████████████████████████████████▍           | 67/78 [00:21<00:04,  2.63it/s, loss=0.7063]Trial 9 Ep7:  87%|███████████████████████████████████████████████████████████████████████▍          | 68/78 [00:21<00:03,  2.74it/s, loss=0.7063]Trial 9 Ep7:  87%|███████████████████████████████████████████████████████████████████████▍          | 68/78 [00:21<00:03,  2.74it/s, loss=0.6901]Trial 9 Ep7:  88%|████████████████████████████████████████████████████████████████████████▌         | 69/78 [00:21<00:03,  2.84it/s, loss=0.6901]Trial 9 Ep7:  88%|████████████████████████████████████████████████████████████████████████▌         | 69/78 [00:22<00:03,  2.84it/s, loss=0.6402]Trial 9 Ep7:  90%|█████████████████████████████████████████████████████████████████████████▌        | 70/78 [00:22<00:02,  2.83it/s, loss=0.6402]Trial 9 Ep7:  90%|█████████████████████████████████████████████████████████████████████████▌        | 70/78 [00:22<00:02,  2.83it/s, loss=0.6417]Trial 9 Ep7:  91%|██████████████████████████████████████████████████████████████████████████▋       | 71/78 [00:22<00:02,  2.98it/s, loss=0.6417]Trial 9 Ep7:  91%|██████████████████████████████████████████████████████████████████████████▋       | 71/78 [00:22<00:02,  2.98it/s, loss=0.6559]Trial 9 Ep7:  92%|███████████████████████████████████████████████████████████████████████████▋      | 72/78 [00:22<00:02,  2.96it/s, loss=0.6559]Trial 9 Ep7:  92%|███████████████████████████████████████████████████████████████████████████▋      | 72/78 [00:23<00:02,  2.96it/s, loss=0.6588]Trial 9 Ep7:  94%|████████████████████████████████████████████████████████████████████████████▋     | 73/78 [00:23<00:01,  2.94it/s, loss=0.6588]Trial 9 Ep7:  94%|████████████████████████████████████████████████████████████████████████████▋     | 73/78 [00:23<00:01,  2.94it/s, loss=0.6687]Trial 9 Ep7:  95%|█████████████████████████████████████████████████████████████████████████████▊    | 74/78 [00:23<00:01,  2.96it/s, loss=0.6687]Trial 9 Ep7:  95%|█████████████████████████████████████████████████████████████████████████████▊    | 74/78 [00:23<00:01,  2.96it/s, loss=0.7296]Trial 9 Ep7:  96%|██████████████████████████████████████████████████████████████████████████████▊  