Trial 17 Ep1:   0%|                                                                                                                                    | 0/78 [00:00<?, ?it/s]Trial 17 Ep1:   0%|                                                                                                                       | 0/78 [00:00<?, ?it/s, loss=0.7468]Trial 17 Ep1:   1%|█▍                                                                                                             | 1/78 [00:00<01:03,  1.22it/s, loss=0.7468]Trial 17 Ep1:   1%|█▍                                                                                                             | 1/78 [00:01<01:03,  1.22it/s, loss=0.7213]Trial 17 Ep1:   3%|██▊                                                                                                            | 2/78 [00:01<00:51,  1.48it/s, loss=0.7213]Trial 17 Ep1:   3%|██▊                                                                                                            | 2/78 [00:03<00:51,  1.48it/s, loss=0.6878]Trial 17 Ep1:   4%|████▎                                                                                                          | 3/78 [00:03<01:51,  1.48s/it, loss=0.6878]Trial 17 Ep1:   4%|████▎                                                                                                          | 3/78 [00:04<01:51,  1.48s/it, loss=0.7544]Trial 17 Ep1:   5%|█████▋                                                                                                         | 4/78 [00:04<01:26,  1.16s/it, loss=0.7544]Trial 17 Ep1:   5%|█████▋                                                                                                         | 4/78 [00:05<01:26,  1.16s/it, loss=0.6965]Trial 17 Ep1:   6%|███████                                                                                                        | 5/78 [00:05<01:18,  1.07s/it, loss=0.6965]Trial 17 Ep1:   6%|███████                                                                                                        | 5/78 [00:06<01:18,  1.07s/it, loss=0.7094]Trial 17 Ep1:   8%|████████▌                                                                                                      | 6/78 [00:06<01:12,  1.01s/it, loss=0.7094]Trial 17 Ep1:   8%|████████▌                                                                                                      | 6/78 [00:06<01:12,  1.01s/it, loss=0.7972]Trial 17 Ep1:   9%|█████████▉                                                                                                     | 7/78 [00:06<01:03,  1.11it/s, loss=0.7972]Trial 17 Ep1:   9%|█████████▉                                                                                                     | 7/78 [00:07<01:03,  1.11it/s, loss=0.7275]Trial 17 Ep1:  10%|███████████▍                                                                                                   | 8/78 [00:07<00:58,  1.19it/s, loss=0.7275]Trial 17 Ep1:  10%|███████████▍                                                                                                   | 8/78 [00:08<00:58,  1.19it/s, loss=0.7004]Trial 17 Ep1:  12%|████████████▊                                                                                                  | 9/78 [00:08<00:54,  1.26it/s, loss=0.7004]Trial 17 Ep1:  12%|████████████▊                                                                                                  | 9/78 [00:09<00:54,  1.26it/s, loss=0.7380]Trial 17 Ep1:  13%|██████████████                                                                                                | 10/78 [00:09<00:51,  1.31it/s, loss=0.7380]Trial 17 Ep1:  13%|██████████████                                                                                                | 10/78 [00:09<00:51,  1.31it/s, loss=0.7028]Trial 17 Ep1:  14%|███████████████▌                                                                                              | 11/78 [00:09<00:48,  1.38it/s, loss=0.7028]Trial 17 Ep1:  14%|███████████████▌                                                                                              | 11/78 [00:10<00:48,  1.38it/s, loss=1.1372]Trial 17 Ep1:  15%|████████████████▉                                                                                             | 12/78 [00:10<00:47,  1.39it/s, loss=1.1372]Trial 17 Ep1:  15%|████████████████▉                                                                                             | 12/78 [00:11<00:47,  1.39it/s, loss=0.8610]Trial 17 Ep1:  17%|██████████████████▎                                                                                           | 13/78 [00:11<00:45,  1.44it/s, loss=0.8610]Trial 17 Ep1:  17%|██████████████████▎                                                                                           | 13/78 [00:12<00:45,  1.44it/s, loss=0.7564]Trial 17 Ep1:  18%|███████████████████▋                                                                                          | 14/78 [00:12<00:49,  1.29it/s, loss=0.7564]Trial 17 Ep1:  18%|███████████████████▋                                                                                          | 14/78 [00:13<00:49,  1.29it/s, loss=0.8248]Trial 17 Ep1:  19%|█████████████████████▏                                                                                        | 15/78 [00:13<00:53,  1.17it/s, loss=0.8248]Trial 17 Ep1:  19%|█████████████████████▏                                                                                        | 15/78 [00:13<00:53,  1.17it/s, loss=0.9960]Trial 17 Ep1:  21%|██████████████████████▌                                                                                       | 16/78 [00:13<00:48,  1.28it/s, loss=0.9960]Trial 17 Ep1:  21%|██████████████████████▌                                                                                       | 16/78 [00:14<00:48,  1.28it/s, loss=0.7588]Trial 17 Ep1:  22%|███████████████████████▉                                                                                      | 17/78 [00:14<00:48,  1.27it/s, loss=0.7588]Trial 17 Ep1:  22%|███████████████████████▉                                                                                      | 17/78 [00:15<00:48,  1.27it/s, loss=1.5594]Trial 17 Ep1:  23%|█████████████████████████▍                                                                                    | 18/78 [00:15<00:46,  1.30it/s, loss=1.5594]Trial 17 Ep1:  23%|█████████████████████████▍                                                                                    | 18/78 [00:15<00:46,  1.30it/s, loss=0.9316]Trial 17 Ep1:  24%|██████████████████████████▊                                                                                   | 19/78 [00:15<00:42,  1.38it/s, loss=0.9316]Trial 17 Ep1:  24%|██████████████████████████▊                                                                                   | 19/78 [00:16<00:42,  1.38it/s, loss=1.7492]Trial 17 Ep1:  26%|████████████████████████████▏                                                                                 | 20/78 [00:16<00:43,  1.34it/s, loss=1.7492]Trial 17 Ep1:  26%|████████████████████████████▏                                                                                 | 20/78 [00:17<00:43,  1.34it/s, loss=0.6386]Trial 17 Ep1:  27%|█████████████████████████████▌                                                                                | 21/78 [00:17<00:41,  1.37it/s, loss=0.6386]Trial 17 Ep1:  27%|█████████████████████████████▌                                                                                | 21/78 [00:17<00:41,  1.37it/s, loss=1.1113]Trial 17 Ep1:  28%|███████████████████████████████                                                                               | 22/78 [00:17<00:38,  1.44it/s, loss=1.1113]Trial 17 Ep1:  28%|███████████████████████████████                                                                               | 22/78 [00:18<00:38,  1.44it/s, loss=1.5288]Trial 17 Ep1:  29%|████████████████████████████████▍                                                                             | 23/78 [00:18<00:36,  1.50it/s, loss=1.5288]Trial 17 Ep1:  29%|████████████████████████████████▍                                                                             | 23/78 [00:19<00:36,  1.50it/s, loss=1.2114]Trial 17 Ep1:  31%|█████████████████████████████████▊                                                                            | 24/78 [00:19<00:35,  1.50it/s, loss=1.2114]Trial 17 Ep1:  31%|█████████████████████████████████▊                                                                            | 24/78 [00:19<00:35,  1.50it/s, loss=1.3621]Trial 17 Ep1:  32%|███████████████████████████████████▎                                                                          | 25/78 [00:19<00:35,  1.49it/s, loss=1.3621]Trial 17 Ep1:  32%|███████████████████████████████████▎                                                                          | 25/78 [00:20<00:35,  1.49it/s, loss=2.0990]Trial 17 Ep1:  33%|████████████████████████████████████▋                                                                         | 26/78 [00:20<00:35,  1.45it/s, loss=2.0990]Trial 17 Ep1:  33%|████████████████████████████████████▋                                                                         | 26/78 [00:21<00:35,  1.45it/s, loss=0.6622]Trial 17 Ep1:  35%|██████████████████████████████████████                                                                        | 27/78 [00:21<00:34,  1.46it/s, loss=0.6622]Trial 17 Ep1:  35%|██████████████████████████████████████                                                                        | 27/78 [00:22<00:34,  1.46it/s, loss=2.0876]Trial 17 Ep1:  36%|███████████████████████████████████████▍                                                                      | 28/78 [00:22<00:35,  1.40it/s, loss=2.0876]Trial 17 Ep1:  36%|███████████████████████████████████████▍                                                                      | 28/78 [00:22<00:35,  1.40it/s, loss=0.7998]Trial 17 Ep1:  37%|████████████████████████████████████████▉                                                                     | 29/78 [00:22<00:35,  1.38it/s, loss=0.7998]Trial 17 Ep1:  37%|████████████████████████████████████████▉                                                                     | 29/78 [00:23<00:35,  1.38it/s, loss=3.3815]Trial 17 Ep1:  38%|██████████████████████████████████████████▎                                                                   | 30/78 [00:23<00:35,  1.37it/s, loss=3.3815]Trial 17 Ep1:  38%|██████████████████████████████████████████▎                                                                   | 30/78 [00:24<00:35,  1.37it/s, loss=1.1327]Trial 17 Ep1:  40%|███████████████████████████████████████████▋                                                                  | 31/78 [00:24<00:33,  1.40it/s, loss=1.1327]Trial 17 Ep1:  40%|███████████████████████████████████████████▋                                                                  | 31/78 [00:24<00:33,  1.40it/s, loss=1.1477]Trial 17 Ep1:  41%|█████████████████████████████████████████████▏                                                                | 32/78 [00:24<00:32,  1.40it/s, loss=1.1477]Trial 17 Ep1:  41%|█████████████████████████████████████████████▏                                                                | 32/78 [00:25<00:32,  1.40it/s, loss=3.2139]Trial 17 Ep1:  42%|██████████████████████████████████████████████▌                                                               | 33/78 [00:25<00:31,  1.45it/s, loss=3.2139]Trial 17 Ep1:  42%|██████████████████████████████████████████████▌                                                               | 33/78 [00:26<00:31,  1.45it/s, loss=0.6997]Trial 17 Ep1:  44%|███████████████████████████████████████████████▉                                                              | 34/78 [00:26<00:29,  1.52it/s, loss=0.6997]Trial 17 Ep1:  44%|███████████████████████████████████████████████▉                                                              | 34/78 [00:27<00:29,  1.52it/s, loss=1.6575]Trial 17 Ep1:  45%|█████████████████████████████████████████████████▎                                                            | 35/78 [00:27<00:33,  1.29it/s, loss=1.6575]Trial 17 Ep1:  45%|█████████████████████████████████████████████████▎                                                            | 35/78 [00:27<00:33,  1.29it/s, loss=1.4109]Trial 17 Ep1:  46%|██████████████████████████████████████████████████▊                                                           | 36/78 [00:27<00:30,  1.38it/s, loss=1.4109]Trial 17 Ep1:  46%|██████████████████████████████████████████████████▊                                                           | 36/78 [00:28<00:30,  1.38it/s, loss=1.5196]Trial 17 Ep1:  47%|████████████████████████████████████████████████████▏                                                         | 37/78 [00:28<00:29,  1.38it/s, loss=1.5196]Trial 17 Ep1:  47%|████████████████████████████████████████████████████▏                                                         | 37/78 [00:29<00:29,  1.38it/s, loss=1.3044]Trial 17 Ep1:  49%|█████████████████████████████████████████████████████▌                                                        | 38/78 [00:29<00:27,  1.44it/s, loss=1.3044]Trial 17 Ep1:  49%|█████████████████████████████████████████████████████▌                                                        | 38/78 [00:29<00:27,  1.44it/s, loss=2.4296]Trial 17 Ep1:  50%|███████████████████████████████████████████████████████                                                       | 39/78 [00:29<00:27,  1.44it/s, loss=2.4296]Trial 17 Ep1:  50%|███████████████████████████████████████████████████████                                                       | 39/78 [00:30<00:27,  1.44it/s, loss=4.7258]Trial 17 Ep1:  51%|████████████████████████████████████████████████████████▍                                                     | 40/78 [00:30<00:26,  1.41it/s, loss=4.7258]Trial 17 Ep1:  51%|████████████████████████████████████████████████████████▍                                                     | 40/78 [00:31<00:26,  1.41it/s, loss=1.5727]Trial 17 Ep1:  53%|█████████████████████████████████████████████████████████▊                                                    | 41/78 [00:31<00:25,  1.43it/s, loss=1.5727]Trial 17 Ep1:  53%|█████████████████████████████████████████████████████████▊                                                    | 41/78 [00:31<00:25,  1.43it/s, loss=2.8313]Trial 17 Ep1:  54%|███████████████████████████████████████████████████████████▏                                                  | 42/78 [00:31<00:24,  1.48it/s, loss=2.8313]Trial 17 Ep1:  54%|███████████████████████████████████████████████████████████▏                                                  | 42/78 [00:32<00:24,  1.48it/s, loss=1.5746]Trial 17 Ep1:  55%|████████████████████████████████████████████████████████████▋                                                 | 43/78 [00:32<00:23,  1.48it/s, loss=1.5746]Trial 17 Ep1:  55%|████████████████████████████████████████████████████████████▋                                                 | 43/78 [00:33<00:23,  1.48it/s, loss=3.5541]Trial 17 Ep1:  56%|██████████████████████████████████████████████████████████████                                                | 44/78 [00:33<00:23,  1.45it/s, loss=3.5541]Trial 17 Ep1:  56%|██████████████████████████████████████████████████████████████                                                | 44/78 [00:33<00:23,  1.45it/s, loss=1.1236]Trial 17 Ep1:  58%|███████████████████████████████████████████████████████████████▍                                              | 45/78 [00:33<00:22,  1.49it/s, loss=1.1236]Trial 17 Ep1:  58%|███████████████████████████████████████████████████████████████▍                                              | 45/78 [00:34<00:22,  1.49it/s, loss=1.8319]Trial 17 Ep1:  59%|████████████████████████████████████████████████████████████████▊                                             | 46/78 [00:34<00:21,  1.47it/s, loss=1.8319]Trial 17 Ep1:  59%|████████████████████████████████████████████████████████████████▊                                             | 46/78 [00:35<00:21,  1.47it/s, loss=2.1389]Trial 17 Ep1:  60%|██████████████████████████████████████████████████████████████████▎                                           | 47/78 [00:35<00:21,  1.46it/s, loss=2.1389]Trial 17 Ep1:  60%|██████████████████████████████████████████████████████████████████▎                                           | 47/78 [00:36<00:21,  1.46it/s, loss=2.1957]Trial 17 Ep1:  62%|███████████████████████████████████████████████████████████████████▋                                          | 48/78 [00:36<00:20,  1.47it/s, loss=2.1957]Trial 17 Ep1:  62%|███████████████████████████████████████████████████████████████████▋                                          | 48/78 [00:36<00:20,  1.47it/s, loss=0.7724]Trial 17 Ep1:  63%|█████████████████████████████████████████████████████████████████████                                         | 49/78 [00:36<00:20,  1.41it/s, loss=0.7724]Trial 17 Ep1:  63%|█████████████████████████████████████████████████████████████████████                                         | 49/78 [00:37<00:20,  1.41it/s, loss=2.0655]Trial 17 Ep1:  64%|██████████████████████████████████████████████████████████████████████▌                                       | 50/78 [00:37<00:20,  1.39it/s, loss=2.0655]Trial 17 Ep1:  64%|██████████████████████████████████████████████████████████████████████▌                                       | 50/78 [00:38<00:20,  1.39it/s, loss=1.4035]Trial 17 Ep1:  65%|███████████████████████████████████████████████████████████████████████▉                                      | 51/78 [00:38<00:19,  1.41it/s, loss=1.4035]Trial 17 Ep1:  65%|███████████████████████████████████████████████████████████████████████▉                                      | 51/78 [00:39<00:19,  1.41it/s, loss=1.2913]Trial 17 Ep1:  67%|█████████████████████████████████████████████████████████████████████████▎                                    | 52/78 [00:39<00:19,  1.35it/s, loss=1.2913]Trial 17 Ep1:  67%|█████████████████████████████████████████████████████████████████████████▎                                    | 52/78 [00:39<00:19,  1.35it/s, loss=2.3114]Trial 17 Ep1:  68%|██████████████████████████████████████████████████████████████████████████▋                                   | 53/78 [00:39<00:18,  1.39it/s, loss=2.3114]Trial 17 Ep1:  68%|██████████████████████████████████████████████████████████████████████████▋                                   | 53/78 [00:40<00:18,  1.39it/s, loss=1.4052]Trial 17 Ep1:  69%|████████████████████████████████████████████████████████████████████████████▏                                 | 54/78 [00:40<00:16,  1.43it/s, loss=1.4052]Trial 17 Ep1:  69%|████████████████████████████████████████████████████████████████████████████▏                                 | 54/78 [00:41<00:16,  1.43it/s, loss=3.6110]Trial 17 Ep1:  71%|█████████████████████████████████████████████████████████████████████████████▌                                | 55/78 [00:41<00:16,  1.42it/s, loss=3.6110]Trial 17 Ep1:  71%|█████████████████████████████████████████████████████████████████████████████▌                                | 55/78 [00:41<00:16,  1.42it/s, loss=0.8088]Trial 17 Ep1:  72%|██████████████████████████████████████████████████████████████████████████████▉                               | 56/78 [00:41<00:15,  1.44it/s, loss=0.8088]Trial 17 Ep1:  72%|██████████████████████████████████████████████████████████████████████████████▉                               | 56/78 [00:42<00:15,  1.44it/s, loss=2.1943]Trial 17 Ep1:  73%|████████████████████████████████████████████████████████████████████████████████▍                             | 57/78 [00:42<00:14,  1.41it/s, loss=2.1943]Trial 17 Ep1:  73%|████████████████████████████████████████████████████████████████████████████████▍                             | 57/78 [00:43<00:14,  1.41it/s, loss=1.0361]Trial 17 Ep1:  74%|█████████████████████████████████████████████████████████████████████████████████▊                            | 58/78 [00:43<00:13,  1.45it/s, loss=1.0361]Trial 17 Ep1:  74%|█████████████████████████████████████████████████████████████████████████████████▊                            | 58/78 [00:43<00:13,  1.45it/s, loss=2.2402]Trial 17 Ep1:  76%|███████████████████████████████████████████████████████████████████████████████████▏                          | 59/78 [00:43<00:13,  1.44it/s, loss=2.2402]Trial 17 Ep1:  76%|███████████████████████████████████████████████████████████████████████████████████▏                          | 59/78 [00:44<00:13,  1.44it/s, loss=6.0045]Trial 17 Ep1:  77%|████████████████████████████████████████████████████████████████████████████████████▌                         | 60/78 [00:44<00:12,  1.40it/s, loss=6.0045]Trial 17 Ep1:  77%|████████████████████████████████████████████████████████████████████████████████████▌                         | 60/78 [00:45<00:12,  1.40it/s, loss=4.2807]Trial 17 Ep1:  78%|██████████████████████████████████████████████████████████████████████████████████████                        | 61/78 [00:45<00:11,  1.43it/s, loss=4.2807]Trial 17 Ep1:  78%|██████████████████████████████████████████████████████████████████████████████████████                        | 61/78 [00:46<00:11,  1.43it/s, loss=4.1516]Trial 17 Ep1:  79%|███████████████████████████████████████████████████████████████████████████████████████▍                      | 62/78 [00:46<00:11,  1.39it/s, loss=4.1516]Trial 17 Ep1:  79%|███████████████████████████████████████████████████████████████████████████████████████▍                 