[I 2026-02-24 13:51:09,197] A new study created in RDB with name: albert_rte_lrtt_bs32_sgd_decay_nowd_nomom_nonest_combos_convnt_attn_alpha1
Some weights of AlbertForSequenceClassification were not initialized from the model checkpoint at albert/albert-base-v2 and are newly initialized: ['classifier.bias', 'classifier.weight']
You should probably TRAIN this model on a down-stream task to be able to use it for predictions and inference.
  GLUE rte: Train=2490, Eval=277
Task: rte, Metric: accuracy
Train batches: 78, Eval batches: 5

Study: albert_rte_lrtt_bs32_sgd_decay_nowd_nomom_nonest_combos_convnt_attn_alpha1, Device: cuda, New trials: 20

======================================================================
Trial 0 Starting (rte, metric=accuracy)
======================================================================
  rank=16, lora_alpha=1.0000, lr=2.42e-04
  target_ab_lr=0.0797, lr_multiplier=328.819639
  effective_ab_lr = lr*alpha*mult = 0.0797
  momentum=0.00, nesterov=False, reinit_mode=decay
  optimizer=AnalogSGD
======================================================================
  [FIX] Reinitialized classifier with FIXED seed=42
  LRTT Analog layers: 4, Total params: 9,332,018, Trainable (before grad set): 9,332,018
  Trainable (after grad set): 11,058
  LoRA target: attn -> ['attention']

Optimizer configuration:
  Forward scaling (lora_alpha): 1.0
  Classifier LR: 0.00024236553615229644
  LRTT LR: 0.07969454818643935 (= 0.00024236553615229644 * 328.81963934163184)
  LRTT_LR_MULTIPLIER: 328.81963934163184
  Analog contexts in optimizer: 48 (LRTT + NT)
  Digital params in optimizer: 39
Trial 0 Ep1:   0%|                                                                                                        | 0/78 [00:00<?, ?it/s]Trial 0 Ep1:   0%|                                                                                           | 0/78 [00:00<?, ?it/s, loss=0.7218]Trial 0 Ep1:   1%|█                                                                                  | 1/78 [00:00<00:58,  1.32it/s, loss=0.7218]Trial 0 Ep1:   1%|█                                                                                  | 1/78 [00:01<00:58,  1.32it/s, loss=0.6604]Trial 0 Ep1:   3%|██▏                                                                                | 2/78 [00:01<01:04,  1.18it/s, loss=0.6604]Trial 0 Ep1:   3%|██▏                                                                                | 2/78 [00:01<01:04,  1.18it/s, loss=0.6227]Trial 0 Ep1:   4%|███▏                                                                               | 3/78 [00:01<00:45,  1.65it/s, loss=0.6227]Trial 0 Ep1:   4%|███▏                                                                               | 3/78 [00:02<00:45,  1.65it/s, loss=0.7380]Trial 0 Ep1:   5%|████▎                                                                              | 4/78 [00:02<00:38,  1.92it/s, loss=0.7380]Trial 0 Ep1:   5%|████▎                                                                              | 4/78 [00:02<00:38,  1.92it/s, loss=0.7921]Trial 0 Ep1:   6%|█████▎                                                                             | 5/78 [00:02<00:31,  2.32it/s, loss=0.7921]Trial 0 Ep1:   6%|█████▎                                                                             | 5/78 [00:03<00:31,  2.32it/s, loss=0.7751]Trial 0 Ep1:   8%|██████▍                                                                            | 6/78 [00:03<00:29,  2.41it/s, loss=0.7751]Trial 0 Ep1:   8%|██████▍                                                                            | 6/78 [00:03<00:29,  2.41it/s, loss=0.8194]Trial 0 Ep1:   9%|███████▍                                                                           | 7/78 [00:03<00:27,  2.57it/s, loss=0.8194]Trial 0 Ep1:   9%|███████▍                                                                           | 7/78 [00:03<00:27,  2.57it/s, loss=0.6811]Trial 0 Ep1:  10%|████████▌                                                                          | 8/78 [00:03<00:25,  2.72it/s, loss=0.6811]Trial 0 Ep1:  10%|████████▌                                                                          | 8/78 [00:03<00:25,  2.72it/s, loss=0.6914]Trial 0 Ep1:  12%|█████████▌                                                                         | 9/78 [00:03<00:23,  2.89it/s, loss=0.6914]Trial 0 Ep1:  12%|█████████▌                                                                         | 9/78 [00:04<00:23,  2.89it/s, loss=0.7816]Trial 0 Ep1:  13%|██████████▌                                                                       | 10/78 [00:04<00:25,  2.69it/s, loss=0.7816]Trial 0 Ep1:  13%|██████████▌                                                                       | 10/78 [00:04<00:25,  2.69it/s, loss=0.6683]Trial 0 Ep1:  14%|███████████▌                                                                      | 11/78 [00:04<00:24,  2.77it/s, loss=0.6683]Trial 0 Ep1:  14%|███████████▌                                                                      | 11/78 [00:05<00:24,  2.77it/s, loss=0.7782]Trial 0 Ep1:  15%|████████████▌                                                                     | 12/78 [00:05<00:22,  2.89it/s, loss=0.7782]Trial 0 Ep1:  15%|████████████▌                                                                     | 12/78 [00:05<00:22,  2.89it/s, loss=0.6354]Trial 0 Ep1:  17%|█████████████▋                                                                    | 13/78 [00:05<00:22,  2.95it/s, loss=0.6354]Trial 0 Ep1:  17%|█████████████▋                                                                    | 13/78 [00:05<00:22,  2.95it/s, loss=0.7325]Trial 0 Ep1:  18%|██████████████▋                                                                   | 14/78 [00:05<00:26,  2.40it/s, loss=0.7325]Trial 0 Ep1:  18%|██████████████▋                                                                   | 14/78 [00:06<00:26,  2.40it/s, loss=0.6431]Trial 0 Ep1:  19%|███████████████▊                                                                  | 15/78 [00:06<00:25,  2.52it/s, loss=0.6431]Trial 0 Ep1:  19%|███████████████▊                                                                  | 15/78 [00:06<00:25,  2.52it/s, loss=0.7182]Trial 0 Ep1:  21%|████████████████▊                                                                 | 16/78 [00:06<00:23,  2.64it/s, loss=0.7182]Trial 0 Ep1:  21%|████████████████▊                                                                 | 16/78 [00:06<00:23,  2.64it/s, loss=0.6897]Trial 0 Ep1:  22%|█████████████████▊                                                                | 17/78 [00:06<00:21,  2.80it/s, loss=0.6897]Trial 0 Ep1:  22%|█████████████████▊                                                                | 17/78 [00:07<00:21,  2.80it/s, loss=0.6909]Trial 0 Ep1:  23%|██████████████████▉                                                               | 18/78 [00:07<00:20,  2.89it/s, loss=0.6909]Trial 0 Ep1:  23%|██████████████████▉                                                               | 18/78 [00:07<00:20,  2.89it/s, loss=0.7019]Trial 0 Ep1:  24%|███████████████████▉                                                              | 19/78 [00:07<00:19,  2.97it/s, loss=0.7019]Trial 0 Ep1:  24%|███████████████████▉                                                              | 19/78 [00:07<00:19,  2.97it/s, loss=0.6722]Trial 0 Ep1:  26%|█████████████████████                                                             | 20/78 [00:07<00:18,  3.12it/s, loss=0.6722]Trial 0 Ep1:  26%|█████████████████████                                                             | 20/78 [00:08<00:18,  3.12it/s, loss=0.7423]Trial 0 Ep1:  27%|██████████████████████                                                            | 21/78 [00:08<00:18,  3.17it/s, loss=0.7423]Trial 0 Ep1:  27%|██████████████████████                                                            | 21/78 [00:08<00:18,  3.17it/s, loss=0.6803]Trial 0 Ep1:  28%|███████████████████████▏                                                          | 22/78 [00:08<00:18,  3.07it/s, loss=0.6803]Trial 0 Ep1:  28%|███████████████████████▏                                                          | 22/78 [00:08<00:18,  3.07it/s, loss=0.7102]Trial 0 Ep1:  29%|████████████████████████▏                                                         | 23/78 [00:08<00:17,  3.12it/s, loss=0.7102]Trial 0 Ep1:  29%|████████████████████████▏                                                         | 23/78 [00:09<00:17,  3.12it/s, loss=0.6588]Trial 0 Ep1:  31%|█████████████████████████▏                                                        | 24/78 [00:09<00:17,  3.16it/s, loss=0.6588]Trial 0 Ep1:  31%|█████████████████████████▏                                                        | 24/78 [00:09<00:17,  3.16it/s, loss=0.7076]Trial 0 Ep1:  32%|██████████████████████████▎                                                       | 25/78 [00:09<00:17,  3.02it/s, loss=0.7076]Trial 0 Ep1:  32%|██████████████████████████▎                                                       | 25/78 [00:09<00:17,  3.02it/s, loss=0.7199]Trial 0 Ep1:  33%|███████████████████████████▎                                                      | 26/78 [00:09<00:17,  3.05it/s, loss=0.7199]Trial 0 Ep1:  33%|███████████████████████████▎                                                      | 26/78 [00:10<00:17,  3.05it/s, loss=0.6987]Trial 0 Ep1:  35%|████████████████████████████▍                                                     | 27/78 [00:10<00:16,  3.02it/s, loss=0.6987]Trial 0 Ep1:  35%|████████████████████████████▍                                                     | 27/78 [00:10<00:16,  3.02it/s, loss=0.6778]Trial 0 Ep1:  36%|█████████████████████████████▍                                                    | 28/78 [00:10<00:15,  3.17it/s, loss=0.6778]Trial 0 Ep1:  36%|█████████████████████████████▍                                                    | 28/78 [00:10<00:15,  3.17it/s, loss=0.7281]Trial 0 Ep1:  37%|██████████████████████████████▍                                                   | 29/78 [00:10<00:16,  3.03it/s, loss=0.7281]Trial 0 Ep1:  37%|██████████████████████████████▍                                                   | 29/78 [00:11<00:16,  3.03it/s, loss=0.7099]Trial 0 Ep1:  38%|███████████████████████████████▌                                                  | 30/78 [00:11<00:16,  2.98it/s, loss=0.7099]Trial 0 Ep1:  38%|███████████████████████████████▌                                                  | 30/78 [00:11<00:16,  2.98it/s, loss=0.7083]Trial 0 Ep1:  40%|████████████████████████████████▌                                                 | 31/78 [00:11<00:15,  3.01it/s, loss=0.7083]Trial 0 Ep1:  40%|████████████████████████████████▌                                                 | 31/78 [00:11<00:15,  3.01it/s, loss=0.6833]Trial 0 Ep1:  41%|█████████████████████████████████▋                                                | 32/78 [00:11<00:15,  3.05it/s, loss=0.6833]Trial 0 Ep1:  41%|█████████████████████████████████▋                                                | 32/78 [00:12<00:15,  3.05it/s, loss=0.6746]Trial 0 Ep1:  42%|██████████████████████████████████▋                                               | 33/78 [00:12<00:14,  3.12it/s, loss=0.6746]Trial 0 Ep1:  42%|██████████████████████████████████▋                                               | 33/78 [00:12<00:14,  3.12it/s, loss=0.6442]Trial 0 Ep1:  44%|███████████████████████████████████▋                                              | 34/78 [00:12<00:13,  3.19it/s, loss=0.6442]Trial 0 Ep1:  44%|███████████████████████████████████▋                                              | 34/78 [00:12<00:13,  3.19it/s, loss=0.6561]Trial 0 Ep1:  45%|████████████████████████████████████▊                                             | 35/78 [00:12<00:14,  3.05it/s, loss=0.6561]Trial 0 Ep1:  45%|████████████████████████████████████▊                                             | 35/78 [00:13<00:14,  3.05it/s, loss=0.7614]Trial 0 Ep1:  46%|█████████████████████████████████████▊                                            | 36/78 [00:13<00:13,  3.00it/s, loss=0.7614]Trial 0 Ep1:  46%|█████████████████████████████████████▊                                            | 36/78 [00:13<00:13,  3.00it/s, loss=0.6999]Trial 0 Ep1:  47%|██████████████████████████████████████▉                                           | 37/78 [00:13<00:13,  2.93it/s, loss=0.6999]Trial 0 Ep1:  47%|██████████████████████████████████████▉                                           | 37/78 [00:13<00:13,  2.93it/s, loss=0.8137]Trial 0 Ep1:  49%|███████████████████████████████████████▉                                          | 38/78 [00:13<00:13,  3.07it/s, loss=0.8137]Trial 0 Ep1:  49%|███████████████████████████████████████▉                                          | 38/78 [00:14<00:13,  3.07it/s, loss=0.7610]Trial 0 Ep1:  50%|█████████████████████████████████████████                                         | 39/78 [00:14<00:12,  3.08it/s, loss=0.7610]Trial 0 Ep1:  50%|█████████████████████████████████████████                                         | 39/78 [00:14<00:12,  3.08it/s, loss=0.7294]Trial 0 Ep1:  51%|██████████████████████████████████████████                                        | 40/78 [00:14<00:12,  3.06it/s, loss=0.7294]Trial 0 Ep1:  51%|██████████████████████████████████████████                                        | 40/78 [00:14<00:12,  3.06it/s, loss=0.7205]Trial 0 Ep1:  53%|███████████████████████████████████████████                                       | 41/78 [00:14<00:12,  3.07it/s, loss=0.7205]Trial 0 Ep1:  53%|███████████████████████████████████████████                                       | 41/78 [00:15<00:12,  3.07it/s, loss=0.7351]Trial 0 Ep1:  54%|████████████████████████████████████████████▏                                     | 42/78 [00:15<00:11,  3.08it/s, loss=0.7351]Trial 0 Ep1:  54%|████████████████████████████████████████████▏                                     | 42/78 [00:15<00:11,  3.08it/s, loss=0.7287]Trial 0 Ep1:  55%|█████████████████████████████████████████████▏                                    | 43/78 [00:15<00:11,  3.09it/s, loss=0.7287]Trial 0 Ep1:  55%|█████████████████████████████████████████████▏                                    | 43/78 [00:15<00:11,  3.09it/s, loss=0.7088]Trial 0 Ep1:  56%|██████████████████████████████████████████████▎                                   | 44/78 [00:15<00:10,  3.22it/s, loss=0.7088]Trial 0 Ep1:  56%|██████████████████████████████████████████████▎                                   | 44/78 [00:16<00:10,  3.22it/s, loss=0.7316]Trial 0 Ep1:  58%|███████████████████████████████████████████████▎                                  | 45/78 [00:16<00:10,  3.11it/s, loss=0.7316]Trial 0 Ep1:  58%|███████████████████████████████████████████████▎                                  | 45/78 [00:16<00:10,  3.11it/s, loss=0.7071]Trial 0 Ep1:  59%|████████████████████████████████████████████████▎                                 | 46/78 [00:16<00:10,  3.05it/s, loss=0.7071]Trial 0 Ep1:  59%|████████████████████████████████████████████████▎                                 | 46/78 [00:16<00:10,  3.05it/s, loss=0.7203]Trial 0 Ep1:  60%|█████████████████████████████████████████████████▍                                | 47/78 [00:16<00:09,  3.15it/s, loss=0.7203]Trial 0 Ep1:  60%|█████████████████████████████████████████████████▍                                | 47/78 [00:16<00:09,  3.15it/s, loss=0.6622]Trial 0 Ep1:  62%|██████████████████████████████████████████████████▍                               | 48/78 [00:16<00:09,  3.27it/s, loss=0.6622]Trial 0 Ep1:  62%|██████████████████████████████████████████████████▍                               | 48/78 [00:17<00:09,  3.27it/s, loss=0.7181]Trial 0 Ep1:  63%|███████████████████████████████████████████████████▌                              | 49/78 [00:17<00:10,  2.88it/s, loss=0.7181]Trial 0 Ep1:  63%|███████████████████████████████████████████████████▌                              | 49/78 [00:17<00:10,  2.88it/s, loss=0.7005]Trial 0 Ep1:  64%|████████████████████████████████████████████████████▌                             | 50/78 [00:17<00:09,  2.94it/s, loss=0.7005]Trial 0 Ep1:  64%|████████████████████████████████████████████████████▌                             | 50/78 [00:18<00:09,  2.94it/s, loss=0.7141]Trial 0 Ep1:  65%|█████████████████████████████████████████████████████▌                            | 51/78 [00:18<00:09,  2.94it/s, loss=0.7141]Trial 0 Ep1:  65%|█████████████████████████████████████████████████████▌                            | 51/78 [00:18<00:09,  2.94it/s, loss=0.7258]Trial 0 Ep1:  67%|██████████████████████████████████████████████████████▋                           | 52/78 [00:18<00:08,  2.97it/s, loss=0.7258]Trial 0 Ep1:  67%|██████████████████████████████████████████████████████▋                           | 52/78 [00:18<00:08,  2.97it/s, loss=0.7052]Trial 0 Ep1:  68%|███████████████████████████████████████████████████████▋                          | 53/78 [00:18<00:08,  3.07it/s, loss=0.7052]Trial 0 Ep1:  68%|███████████████████████████████████████████████████████▋                          | 53/78 [00:19<00:08,  3.07it/s, loss=0.6574]Trial 0 Ep1:  69%|████████████████████████████████████████████████████████▊                         | 54/78 [00:19<00:08,  2.92it/s, loss=0.6574]Trial 0 Ep1:  69%|████████████████████████████████████████████████████████▊                         | 54/78 [00:19<00:08,  2.92it/s, loss=0.6880]Trial 0 Ep1:  71%|█████████████████████████████████████████████████████████▊                        | 55/78 [00:19<00:07,  3.04it/s, loss=0.6880]Trial 0 Ep1:  71%|█████████████████████████████████████████████████████████▊                        | 55/78 [00:19<00:07,  3.04it/s, loss=0.7007]Trial 0 Ep1:  72%|██████████████████████████████████████████████████████████▊                       | 56/78 [00:19<00:07,  3.10it/s, loss=0.7007]Trial 0 Ep1:  72%|██████████████████████████████████████████████████████████▊                       | 56/78 [00:20<00:07,  3.10it/s, loss=0.7270]Trial 0 Ep1:  73%|███████████████████████████████████████████████████████████▉                      | 57/78 [00:20<00:06,  3.05it/s, loss=0.7270]Trial 0 Ep1:  73%|███████████████████████████████████████████████████████████▉                      | 57/78 [00:20<00:06,  3.05it/s, loss=0.7529]Trial 0 Ep1:  74%|████████████████████████████████████████████████████████████▉                     | 58/78 [00:20<00:06,  2.96it/s, loss=0.7529]Trial 0 Ep1:  74%|████████████████████████████████████████████████████████████▉                     | 58/78 [00:20<00:06,  2.96it/s, loss=0.7122]Trial 0 Ep1:  76%|██████████████████████████████████████████████████████████████                    | 59/78 [00:20<00:06,  3.16it/s, loss=0.7122]Trial 0 Ep1:  76%|██████████████████████████████████████████████████████████████                    | 59/78 [00:20<00:06,  3.16it/s, loss=0.7040]Trial 0 Ep1:  77%|███████████████████████████████████████████████████████████████                   | 60/78 [00:20<00:05,  3.16it/s, loss=0.7040]Trial 0 Ep1:  77%|███████████████████████████████████████████████████████████████                   | 60/78 [00:21<00:05,  3.16it/s, loss=0.7721]Trial 0 Ep1:  78%|████████████████████████████████████████████████████████████████▏                 | 61/78 [00:21<00:05,  3.19it/s, loss=0.7721]Trial 0 Ep1:  78%|████████████████████████████████████████████████████████████████▏                 | 61/78 [00:21<00:05,  3.19it/s, loss=0.6878]Trial 0 Ep1:  79%|█████████████████████████████████████████████████████████████████▏                | 62/78 [00:21<00:04,  3.22it/s, loss=0.6878]Trial 0 Ep1:  79%|█████████████████████████████████████████████████████████████████▏                | 62/78 [00:21<00:04,  3.22it/s, loss=0.6952]Trial 0 Ep1:  81%|██████████████████████████████████████████████████████████████████▏               | 63/78 [00:21<00:04,  3.08it/s, loss=0.6952]Trial 0 Ep1:  81%|██████████████████████████████████████████████████████████████████▏               | 63/78 [00:22<00:04,  3.08it/s, loss=0.7445]Trial 0 Ep1:  82%|███████████████████████████████████████████████████████████████████▎              | 64/78 [00:22<00:04,  3.02it/s, loss=0.7445]Trial 0 Ep1:  82%|███████████████████████████████████████████████████████████████████▎              | 64/78 [00:22<00:04,  3.02it/s, loss=0.7012]Trial 0 Ep1:  83%|████████████████████████████████████████████████████████████████████▎             | 65/78 [00:22<00:04,  2.97it/s, loss=0.7012]Trial 0 Ep1:  83%|████████████████████████████████████████████████████████████████████▎             | 65/78 [00:22<00:04,  2.97it/s, loss=0.6856]Trial 0 Ep1:  85%|█████████████████████████████████████████████████████████████████████▍            | 66/78 [00:22<00:03,  3.01it/s, loss=0.6856]Trial 0 Ep1:  85%|█████████████████████████████████████████████████████████████████████▍            | 66/78 [00:23<00:03,  3.01it/s, loss=0.7438]Trial 0 Ep1:  86%|██████████████████████████████████████████████████████████████████████▍           | 67/78 [00:23<00:03,  3.07it/s, loss=0.7438]Trial 0 Ep1:  86%|██████████████████████████████████████████████████████████████████████▍           | 67/78 [00:23<00:03,  3.07it/s, loss=0.7533]Trial 0 Ep1:  87%|███████████████████████████████████████████████████████████████████████▍          | 68/78 [00:23<00:03,  3.21it/s, loss=0.7533]Trial 0 Ep1:  87%|███████████████████████████████████████████████████████████████████████▍          | 68/78 [00:23<00:03,  3.21it/s, loss=0.6711]Trial 0 Ep1:  88%|████████████████████████████████████████████████████████████████████████▌         | 69/78 [00:23<00:02,  3.23it/s, loss=0.6711]Trial 0 Ep1:  88%|████████████████████████████████████████████████████████████