Trial 6 Ep4:   0%|                                                                                                                                     | 0/78 [00:00<?, ?it/s]Trial 6 Ep4:   0%|                                                                                                                        | 0/78 [00:00<?, ?it/s, loss=0.7299]Trial 6 Ep4:   1%|█▍                                                                                                              | 1/78 [00:00<00:51,  1.49it/s, loss=0.7299]Trial 6 Ep4:   1%|█▍                                                                                                              | 1/78 [00:01<00:51,  1.49it/s, loss=0.7183]Trial 6 Ep4:   3%|██▊                                                                                                             | 2/78 [00:01<00:52,  1.46it/s, loss=0.7183]Trial 6 Ep4:   3%|██▊                                                                                                             | 2/78 [00:02<00:52,  1.46it/s, loss=0.6817]Trial 6 Ep4:   4%|████▎                                                                                                           | 3/78 [00:02<00:49,  1.51it/s, loss=0.6817]Trial 6 Ep4:   4%|████▎                                                                                                           | 3/78 [00:02<00:49,  1.51it/s, loss=0.7052]Trial 6 Ep4:   5%|█████▋                                                                                                          | 4/78 [00:02<00:48,  1.53it/s, loss=0.7052]Trial 6 Ep4:   5%|█████▋                                                                                                          | 4/78 [00:03<00:48,  1.53it/s, loss=0.6569]Trial 6 Ep4:   6%|███████▏                                                                                                        | 5/78 [00:03<00:48,  1.51it/s, loss=0.6569]Trial 6 Ep4:   6%|███████▏                                                                                                        | 5/78 [00:03<00:48,  1.51it/s, loss=0.7240]Trial 6 Ep4:   8%|████████▌                                                                                                       | 6/78 [00:03<00:47,  1.52it/s, loss=0.7240]Trial 6 Ep4:   8%|████████▌                                                                                                       | 6/78 [00:04<00:47,  1.52it/s, loss=0.6679]Trial 6 Ep4:   9%|██████████                                                                                                      | 7/78 [00:04<00:48,  1.46it/s, loss=0.6679]Trial 6 Ep4:   9%|██████████                                                                                                      | 7/78 [00:05<00:48,  1.46it/s, loss=0.7058]Trial 6 Ep4:  10%|███████████▍                                                                                                    | 8/78 [00:05<00:48,  1.45it/s, loss=0.7058]Trial 6 Ep4:  10%|███████████▍                                                                                                    | 8/78 [00:06<00:48,  1.45it/s, loss=0.6760]Trial 6 Ep4:  12%|████████████▉                                                                                                   | 9/78 [00:06<00:48,  1.42it/s, loss=0.6760]Trial 6 Ep4:  12%|████████████▉                                                                                                   | 9/78 [00:06<00:48,  1.42it/s, loss=0.7199]Trial 6 Ep4:  13%|██████████████▏                                                                                                | 10/78 [00:06<00:47,  1.43it/s, loss=0.7199]Trial 6 Ep4:  13%|██████████████▏                                                                                                | 10/78 [00:07<00:47,  1.43it/s, loss=0.6336]Trial 6 Ep4:  14%|███████████████▋                                                                                               | 11/78 [00:07<00:45,  1.46it/s, loss=0.6336]Trial 6 Ep4:  14%|███████████████▋                                                                                               | 11/78 [00:08<00:45,  1.46it/s, loss=0.6894]Trial 6 Ep4:  15%|█████████████████                                                                                              | 12/78 [00:08<00:47,  1.40it/s, loss=0.6894]Trial 6 Ep4:  15%|█████████████████                                                                                              | 12/78 [00:08<00:47,  1.40it/s, loss=0.6294]Trial 6 Ep4:  17%|██████████████████▌                                                                                            | 13/78 [00:08<00:44,  1.47it/s, loss=0.6294]Trial 6 Ep4:  17%|██████████████████▌                                                                                            | 13/78 [00:09<00:44,  1.47it/s, loss=0.7144]Trial 6 Ep4:  18%|███████████████████▉                                                                                           | 14/78 [00:09<00:43,  1.46it/s, loss=0.7144]Trial 6 Ep4:  18%|███████████████████▉                                                                                           | 14/78 [00:10<00:43,  1.46it/s, loss=0.6868]Trial 6 Ep4:  19%|█████████████████████▎                                                                                         | 15/78 [00:10<00:48,  1.30it/s, loss=0.6868]Trial 6 Ep4:  19%|█████████████████████▎                                                                                         | 15/78 [00:11<00:48,  1.30it/s, loss=0.6784]Trial 6 Ep4:  21%|██████████████████████▊                                                                                        | 16/78 [00:11<00:45,  1.35it/s, loss=0.6784]Trial 6 Ep4:  21%|██████████████████████▊                                                                                        | 16/78 [00:11<00:45,  1.35it/s, loss=0.6636]Trial 6 Ep4:  22%|████████████████████████▏                                                                                      | 17/78 [00:11<00:43,  1.41it/s, loss=0.6636]Trial 6 Ep4:  22%|████████████████████████▏                                                                                      | 17/78 [00:12<00:43,  1.41it/s, loss=0.7111]Trial 6 Ep4:  23%|█████████████████████████▌                                                                                     | 18/78 [00:12<00:43,  1.39it/s, loss=0.7111]Trial 6 Ep4:  23%|█████████████████████████▌                                                                                     | 18/78 [00:13<00:43,  1.39it/s, loss=0.6142]Trial 6 Ep4:  24%|███████████████████████████                                                                                    | 19/78 [00:13<00:41,  1.42it/s, loss=0.6142]Trial 6 Ep4:  24%|███████████████████████████                                                                                    | 19/78 [00:13<00:41,  1.42it/s, loss=0.6348]Trial 6 Ep4:  26%|████████████████████████████▍                                                                                  | 20/78 [00:13<00:40,  1.45it/s, loss=0.6348]Trial 6 Ep4:  26%|████████████████████████████▍                                                                                  | 20/78 [00:14<00:40,  1.45it/s, loss=0.6778]Trial 6 Ep4:  27%|█████████████████████████████▉                                                                                 | 21/78 [00:14<00:38,  1.46it/s, loss=0.6778]Trial 6 Ep4:  27%|█████████████████████████████▉                                                                                 | 21/78 [00:15<00:38,  1.46it/s, loss=0.7423]Trial 6 Ep4:  28%|███████████████████████████████▎                                                                               | 22/78 [00:15<00:37,  1.51it/s, loss=0.7423]Trial 6 Ep4:  28%|███████████████████████████████▎                                                                               | 22/78 [00:15<00:37,  1.51it/s, loss=0.6321]Trial 6 Ep4:  29%|████████████████████████████████▋                                                                              | 23/78 [00:15<00:36,  1.51it/s, loss=0.6321]Trial 6 Ep4:  29%|████████████████████████████████▋                                                                              | 23/78 [00:16<00:36,  1.51it/s, loss=0.7126]Trial 6 Ep4:  31%|██████████████████████████████████▏                                                                            | 24/78 [00:16<00:35,  1.50it/s, loss=0.7126]Trial 6 Ep4:  31%|██████████████████████████████████▏                                                                            | 24/78 [00:17<00:35,  1.50it/s, loss=0.7283]Trial 6 Ep4:  32%|███████████████████████████████████▌                                                                           | 25/78 [00:17<00:35,  1.50it/s, loss=0.7283]Trial 6 Ep4:  32%|███████████████████████████████████▌                                                                           | 25/78 [00:17<00:35,  1.50it/s, loss=0.6867]Trial 6 Ep4:  33%|█████████████████████████████████████                                                                          | 26/78 [00:17<00:35,  1.45it/s, loss=0.6867]Trial 6 Ep4:  33%|█████████████████████████████████████                                                                          | 26/78 [00:18<00:35,  1.45it/s, loss=0.6743]Trial 6 Ep4:  35%|██████████████████████████████████████▍                                                                        | 27/78 [00:18<00:34,  1.49it/s, loss=0.6743]Trial 6 Ep4:  35%|██████████████████████████████████████▍                                                                        | 27/78 [00:19<00:34,  1.49it/s, loss=0.6909]Trial 6 Ep4:  36%|███████████████████████████████████████▊                                                                       | 28/78 [00:19<00:33,  1.51it/s, loss=0.6909]Trial 6 Ep4:  36%|███████████████████████████████████████▊                                                                       | 28/78 [00:20<00:33,  1.51it/s, loss=0.6392]Trial 6 Ep4:  37%|█████████████████████████████████████████▎                                                                     | 29/78 [00:20<00:35,  1.39it/s, loss=0.6392]Trial 6 Ep4:  37%|█████████████████████████████████████████▎                                                                     | 29/78 [00:20<00:35,  1.39it/s, loss=0.6340]Trial 6 Ep4:  38%|██████████████████████████████████████████▋                                                                    | 30/78 [00:20<00:34,  1.39it/s, loss=0.6340]Trial 6 Ep4:  38%|██████████████████████████████████████████▋                                                                    | 30/78 [00:21<00:34,  1.39it/s, loss=0.6273]Trial 6 Ep4:  40%|████████████████████████████████████████████                                                                   | 31/78 [00:21<00:34,  1.38it/s, loss=0.6273]Trial 6 Ep4:  40%|████████████████████████████████████████████                                                                   | 31/78 [00:22<00:34,  1.38it/s, loss=0.6823]Trial 6 Ep4:  41%|█████████████████████████████████████████████▌                                                                 | 32/78 [00:22<00:32,  1.41it/s, loss=0.6823]Trial 6 Ep4:  41%|█████████████████████████████████████████████▌                                                                 | 32/78 [00:22<00:32,  1.41it/s, loss=0.6641]Trial 6 Ep4:  42%|██████████████████████████████████████████████▉                                                                | 33/78 [00:22<00:30,  1.47it/s, loss=0.6641]Trial 6 Ep4:  42%|██████████████████████████████████████████████▉                                                                | 33/78 [00:23<00:30,  1.47it/s, loss=0.7042]Trial 6 Ep4:  44%|████████████████████████████████████████████████▍                                                              | 34/78 [00:23<00:32,  1.36it/s, loss=0.7042]Trial 6 Ep4:  44%|████████████████████████████████████████████████▍                                                              | 34/78 [00:24<00:32,  1.36it/s, loss=0.7088]Trial 6 Ep4:  45%|█████████████████████████████████████████████████▊                                                             | 35/78 [00:24<00:30,  1.43it/s, loss=0.7088]Trial 6 Ep4:  45%|█████████████████████████████████████████████████▊                                                             | 35/78 [00:25<00:30,  1.43it/s, loss=0.6835]Trial 6 Ep4:  46%|███████████████████████████████████████████████████▏                                                           | 36/78 [00:25<00:29,  1.42it/s, loss=0.6835]Trial 6 Ep4:  46%|███████████████████████████████████████████████████▏                                                           | 36/78 [00:25<00:29,  1.42it/s, loss=0.6570]Trial 6 Ep4:  47%|████████████████████████████████████████████████████▋                                                          | 37/78 [00:25<00:29,  1.40it/s, loss=0.6570]Trial 6 Ep4:  47%|████████████████████████████████████████████████████▋                                                          | 37/78 [00:26<00:29,  1.40it/s, loss=0.7012]Trial 6 Ep4:  49%|██████████████████████████████████████████████████████                                                         | 38/78 [00:26<00:29,  1.37it/s, loss=0.7012]Trial 6 Ep4:  49%|██████████████████████████████████████████████████████                                                         | 38/78 [00:27<00:29,  1.37it/s, loss=0.6581]Trial 6 Ep4:  50%|███████████████████████████████████████████████████████▌                                                       | 39/78 [00:27<00:28,  1.38it/s, loss=0.6581]Trial 6 Ep4:  50%|███████████████████████████████████████████████████████▌                                                       | 39/78 [00:27<00:28,  1.38it/s, loss=0.6583]Trial 6 Ep4:  51%|████████████████████████████████████████████████████████▉                                                      | 40/78 [00:27<00:28,  1.35it/s, loss=0.6583]Trial 6 Ep4:  51%|████████████████████████████████████████████████████████▉                                                      | 40/78 [00:28<00:28,  1.35it/s, loss=0.6113]Trial 6 Ep4:  53%|██████████████████████████████████████████████████████████▎                                                    | 41/78 [00:28<00:26,  1.42it/s, loss=0.6113]Trial 6 Ep4:  53%|██████████████████████████████████████████████████████████▎                                                    | 41/78 [00:29<00:26,  1.42it/s, loss=0.6646]Trial 6 Ep4:  54%|███████████████████████████████████████████████████████████▊                                                   | 42/78 [00:29<00:25,  1.43it/s, loss=0.6646]Trial 6 Ep4:  54%|███████████████████████████████████████████████████████████▊                                                   | 42/78 [00:30<00:25,  1.43it/s, loss=0.6577]Trial 6 Ep4:  55%|█████████████████████████████████████████████████████████████▏                                                 | 43/78 [00:30<00:24,  1.42it/s, loss=0.6577]Trial 6 Ep4:  55%|█████████████████████████████████████████████████████████████▏                                                 | 43/78 [00:30<00:24,  1.42it/s, loss=0.6453]Trial 6 Ep4:  56%|██████████████████████████████████████████████████████████████▌                                                | 44/78 [00:30<00:24,  1.40it/s, loss=0.6453]Trial 6 Ep4:  56%|██████████████████████████████████████████████████████████████▌                                                | 44/78 [00:31<00:24,  1.40it/s, loss=0.6893]Trial 6 Ep4:  58%|████████████████████████████████████████████████████████████████                                               | 45/78 [00:31<00:23,  1.39it/s, loss=0.6893]Trial 6 Ep4:  58%|████████████████████████████████████████████████████████████████                                               | 45/78 [00:32<00:23,  1.39it/s, loss=0.6886]Trial 6 Ep4:  59%|█████████████████████████████████████████████████████████████████▍                                             | 46/78 [00:32<00:23,  1.38it/s, loss=0.6886]Trial 6 Ep4:  59%|█████████████████████████████████████████████████████████████████▍                                             | 46/78 [00:32<00:23,  1.38it/s, loss=0.7138]Trial 6 Ep4:  60%|██████████████████████████████████████████████████████████████████▉                                            | 47/78 [00:32<00:22,  1.39it/s, loss=0.7138]Trial 6 Ep4:  60%|██████████████████████████████████████████████████████████████████▉                                            | 47/78 [00:33<00:22,  1.39it/s, loss=0.7503]Trial 6 Ep4:  62%|████████████████████████████████████████████████████████████████████▎                                          | 48/78 [00:33<00:22,  1.33it/s, loss=0.7503]Trial 6 Ep4:  62%|████████████████████████████████████████████████████████████████████▎                                          | 48/78 [00:34<00:22,  1.33it/s, loss=0.6388]Trial 6 Ep4:  63%|█████████████████████████████████████████████████████████████████████▋                                         | 49/78 [00:34<00:21,  1.37it/s, loss=0.6388]Trial 6 Ep4:  63%|█████████████████████████████████████████████████████████████████████▋                                         | 49/78 [00:35<00:21,  1.37it/s, loss=0.7100]Trial 6 Ep4:  64%|███████████████████████████████████████████████████████████████████████▏                                       | 50/78 [00:35<00:19,  1.41it/s, loss=0.7100]Trial 6 Ep4:  64%|███████████████████████████████████████████████████████████████████████▏                                       | 50/78 [00:35<00:19,  1.41it/s, loss=0.6951]Trial 6 Ep4:  65%|████████████████████████████████████████████████████████████████████████▌                                      | 51/78 [00:35<00:19,  1.37it/s, loss=0.6951]Trial 6 Ep4:  65%|████████████████████████████████████████████████████████████████████████▌                                      | 51/78 [00:36<00:19,  1.37it/s, loss=0.6312]Trial 6 Ep4:  67%|██████████████████████████████████████████████████████████████████████████                                     | 52/78 [00:36<00:19,  1.33it/s, loss=0.6312]Trial 6 Ep4:  67%|██████████████████████████████████████████████████████████████████████████                                     | 52/78 [00:37<00:19,  1.33it/s, loss=0.6646]Trial 6 Ep4:  68%|███████████████████████████████████████████████████████████████████████████▍                                   | 53/78 [00:37<00:18,  1.36it/s, loss=0.6646]Trial 6 Ep4:  68%|███████████████████████████████████████████████████████████████████████████▍                                   | 53/78 [00:38<00:18,  1.36it/s, loss=0.6895]Trial 6 Ep4:  69%|████████████████████████████████████████████████████████████████████████████▊                                  | 54/78 [00:38<00:17,  1.37it/s, loss=0.6895]Trial 6 Ep4:  69%|████████████████████████████████████████████████████████████████████████████▊                                  | 54/78 [00:38<00:17,  1.37it/s, loss=0.6526]Trial 6 Ep4:  71%|██████████████████████████████████████████████████████████████████████████████▎                                | 55/78 [00:38<00:16,  1.37it/s, loss=0.6526]Trial 6 Ep4:  71%|██████████████████████████████████████████████████████████████████████████████▎                                | 55/78 [00:39<00:16,  1.37it/s, loss=0.6875]Trial 6 Ep4:  72%|███████████████████████████████████████████████████████████████████████████████▋                               | 56/78 [00:39<00:15,  1.38it/s, loss=0.6875]Trial 6 Ep4:  72%|███████████████████████████████████████████████████████████████████████████████▋                               | 56/78 [00:40<00:15,  1.38it/s, loss=0.7015]Trial 6 Ep4:  73%|█████████████████████████████████████████████████████████████████████████████████                              | 57/78 [00:40<00:15,  1.36it/s, loss=0.7015]Trial 6 Ep4:  73%|█████████████████████████████████████████████████████████████████████████████████                              | 57/78 [00:40<00:15,  1.36it/s, loss=0.6708]Trial 6 Ep4:  74%|██████████████████████████████████████████████████████████████████████████████████▌                            | 58/78 [00:40<00:14,  1.41it/s, loss=0.6708]Trial 6 Ep4:  74%|██████████████████████████████████████████████████████████████████████████████████▌                            | 58/78 [00:41<00:14,  1.41it/s, loss=0.6654]Trial 6 Ep4:  76%|███████████████████████████████████████████████████████████████████████████████████▉                           | 59/78 [00:41<00:13,  1.36it/s, loss=0.6654]Trial 6 Ep4:  76%|███████████████████████████████████████████████████████████████████████████████████▉                           | 59/78 [00:42<00:13,  1.36it/s, loss=0.6958]Trial 6 Ep4:  77%|█████████████████████████████████████████████████████████████████████████████████████▍                         | 60/78 [00:42<00:12,  1.42it/s, loss=0.6958]Trial 6 Ep4:  77%|█████████████████████████████████████████████████████████████████████████████████████▍                         | 60/78 [00:43<00:12,  1.42it/s, loss=0.7179]Trial 6 Ep4:  78%|██████████████████████████████████████████████████████████████████████████████████████▊                        | 61/78 [00:43<00:12,  1.41it/s, loss=0.7179]Trial 6 Ep4:  78%|██████████████████████████████████████████████████████████████████████████████████████▊                        | 61/78 [00:43<00:12,  1.41it/s, loss=0.7185]Trial 6 Ep4:  79%|████████████████████████████████████████████████████████████████████████████████████████▏                      | 62/78 [00:43<00:10,  1.47it/s, loss=0.7185]Trial 6 Ep4:  79%|████████████████████████████████████████████████████████████████████████████████████████▏                 