Trial 0 Ep4:   0%|                                                                                                        | 0/78 [00:00<?, ?it/s]Trial 0 Ep4:   0%|                                                                                           | 0/78 [00:00<?, ?it/s, loss=0.7077]Trial 0 Ep4:   1%|█                                                                                  | 1/78 [00:00<00:26,  2.87it/s, loss=0.7077]Trial 0 Ep4:   1%|█                                                                                  | 1/78 [00:00<00:26,  2.87it/s, loss=0.7046]Trial 0 Ep4:   3%|██▏                                                                                | 2/78 [00:00<00:25,  2.95it/s, loss=0.7046]Trial 0 Ep4:   3%|██▏                                                                                | 2/78 [00:00<00:25,  2.95it/s, loss=0.7100]Trial 0 Ep4:   4%|███▏                                                                               | 3/78 [00:00<00:23,  3.18it/s, loss=0.7100]Trial 0 Ep4:   4%|███▏                                                                               | 3/78 [00:01<00:23,  3.18it/s, loss=0.6863]Trial 0 Ep4:   5%|████▎                                                                              | 4/78 [00:01<00:29,  2.51it/s, loss=0.6863]Trial 0 Ep4:   5%|████▎                                                                              | 4/78 [00:01<00:29,  2.51it/s, loss=0.6929]Trial 0 Ep4:   6%|█████▎                                                                             | 5/78 [00:01<00:27,  2.65it/s, loss=0.6929]Trial 0 Ep4:   6%|█████▎                                                                             | 5/78 [00:02<00:27,  2.65it/s, loss=0.6790]Trial 0 Ep4:   8%|██████▍                                                                            | 6/78 [00:02<00:25,  2.81it/s, loss=0.6790]Trial 0 Ep4:   8%|██████▍                                                                            | 6/78 [00:02<00:25,  2.81it/s, loss=0.6880]Trial 0 Ep4:   9%|███████▍                                                                           | 7/78 [00:02<00:24,  2.88it/s, loss=0.6880]Trial 0 Ep4:   9%|███████▍                                                                           | 7/78 [00:02<00:24,  2.88it/s, loss=0.7168]Trial 0 Ep4:  10%|████████▌                                                                          | 8/78 [00:02<00:23,  3.00it/s, loss=0.7168]Trial 0 Ep4:  10%|████████▌                                                                          | 8/78 [00:03<00:23,  3.00it/s, loss=0.7087]Trial 0 Ep4:  12%|█████████▌                                                                         | 9/78 [00:03<00:22,  3.10it/s, loss=0.7087]Trial 0 Ep4:  12%|█████████▌                                                                         | 9/78 [00:03<00:22,  3.10it/s, loss=0.6916]Trial 0 Ep4:  13%|██████████▌                                                                       | 10/78 [00:03<00:23,  2.93it/s, loss=0.6916]Trial 0 Ep4:  13%|██████████▌                                                                       | 10/78 [00:03<00:23,  2.93it/s, loss=0.6859]Trial 0 Ep4:  14%|███████████▌                                                                      | 11/78 [00:03<00:21,  3.06it/s, loss=0.6859]Trial 0 Ep4:  14%|███████████▌                                                                      | 11/78 [00:04<00:21,  3.06it/s, loss=0.6932]Trial 0 Ep4:  15%|████████████▌                                                                     | 12/78 [00:04<00:20,  3.24it/s, loss=0.6932]Trial 0 Ep4:  15%|████████████▌                                                                     | 12/78 [00:04<00:20,  3.24it/s, loss=0.7214]Trial 0 Ep4:  17%|█████████████▋                                                                    | 13/78 [00:04<00:19,  3.28it/s, loss=0.7214]Trial 0 Ep4:  17%|█████████████▋                                                                    | 13/78 [00:04<00:19,  3.28it/s, loss=0.6886]Trial 0 Ep4:  18%|██████████████▋                                                                   | 14/78 [00:04<00:20,  3.11it/s, loss=0.6886]Trial 0 Ep4:  18%|██████████████▋                                                                   | 14/78 [00:05<00:20,  3.11it/s, loss=0.6747]Trial 0 Ep4:  19%|███████████████▊                                                                  | 15/78 [00:05<00:20,  3.06it/s, loss=0.6747]Trial 0 Ep4:  19%|███████████████▊                                                                  | 15/78 [00:05<00:20,  3.06it/s, loss=0.6819]Trial 0 Ep4:  21%|████████████████▊                                                                 | 16/78 [00:05<00:20,  3.00it/s, loss=0.6819]Trial 0 Ep4:  21%|████████████████▊                                                                 | 16/78 [00:05<00:20,  3.00it/s, loss=0.6928]Trial 0 Ep4:  22%|█████████████████▊                                                                | 17/78 [00:05<00:20,  2.96it/s, loss=0.6928]Trial 0 Ep4:  22%|█████████████████▊                                                                | 17/78 [00:06<00:20,  2.96it/s, loss=0.7178]Trial 0 Ep4:  23%|██████████████████▉                                                               | 18/78 [00:06<00:20,  2.96it/s, loss=0.7178]Trial 0 Ep4:  23%|██████████████████▉                                                               | 18/78 [00:06<00:20,  2.96it/s, loss=0.6769]Trial 0 Ep4:  24%|███████████████████▉                                                              | 19/78 [00:06<00:20,  2.94it/s, loss=0.6769]Trial 0 Ep4:  24%|███████████████████▉                                                              | 19/78 [00:06<00:20,  2.94it/s, loss=0.7092]Trial 0 Ep4:  26%|█████████████████████                                                             | 20/78 [00:06<00:19,  2.91it/s, loss=0.7092]Trial 0 Ep4:  26%|█████████████████████                                                             | 20/78 [00:07<00:19,  2.91it/s, loss=0.6972]Trial 0 Ep4:  27%|██████████████████████                                                            | 21/78 [00:07<00:19,  2.88it/s, loss=0.6972]Trial 0 Ep4:  27%|██████████████████████                                                            | 21/78 [00:07<00:19,  2.88it/s, loss=0.6803]Trial 0 Ep4:  28%|███████████████████████▏                                                          | 22/78 [00:07<00:18,  3.00it/s, loss=0.6803]Trial 0 Ep4:  28%|███████████████████████▏                                                          | 22/78 [00:07<00:18,  3.00it/s, loss=0.6827]Trial 0 Ep4:  29%|████████████████████████▏                                                         | 23/78 [00:07<00:18,  3.01it/s, loss=0.6827]Trial 0 Ep4:  29%|████████████████████████▏                                                         | 23/78 [00:08<00:18,  3.01it/s, loss=0.6718]Trial 0 Ep4:  31%|█████████████████████████▏                                                        | 24/78 [00:08<00:17,  3.15it/s, loss=0.6718]Trial 0 Ep4:  31%|█████████████████████████▏                                                        | 24/78 [00:08<00:17,  3.15it/s, loss=0.7021]Trial 0 Ep4:  32%|██████████████████████████▎                                                       | 25/78 [00:08<00:17,  2.96it/s, loss=0.7021]Trial 0 Ep4:  32%|██████████████████████████▎                                                       | 25/78 [00:08<00:17,  2.96it/s, loss=0.7100]Trial 0 Ep4:  33%|███████████████████████████▎                                                      | 26/78 [00:08<00:16,  3.08it/s, loss=0.7100]Trial 0 Ep4:  33%|███████████████████████████▎                                                      | 26/78 [00:09<00:16,  3.08it/s, loss=0.6904]Trial 0 Ep4:  35%|████████████████████████████▍                                                     | 27/78 [00:09<00:16,  3.12it/s, loss=0.6904]Trial 0 Ep4:  35%|████████████████████████████▍                                                     | 27/78 [00:09<00:16,  3.12it/s, loss=0.7247]Trial 0 Ep4:  36%|█████████████████████████████▍                                                    | 28/78 [00:09<00:16,  3.07it/s, loss=0.7247]Trial 0 Ep4:  36%|█████████████████████████████▍                                                    | 28/78 [00:09<00:16,  3.07it/s, loss=0.6689]Trial 0 Ep4:  37%|██████████████████████████████▍                                                   | 29/78 [00:09<00:16,  3.03it/s, loss=0.6689]Trial 0 Ep4:  37%|██████████████████████████████▍                                                   | 29/78 [00:09<00:16,  3.03it/s, loss=0.6898]Trial 0 Ep4:  38%|███████████████████████████████▌                                                  | 30/78 [00:09<00:15,  3.17it/s, loss=0.6898]Trial 0 Ep4:  38%|███████████████████████████████▌                                                  | 30/78 [00:10<00:15,  3.17it/s, loss=0.6990]Trial 0 Ep4:  40%|████████████████████████████████▌                                                 | 31/78 [00:10<00:14,  3.23it/s, loss=0.6990]Trial 0 Ep4:  40%|████████████████████████████████▌                                                 | 31/78 [00:10<00:14,  3.23it/s, loss=0.6962]Trial 0 Ep4:  41%|█████████████████████████████████▋                                                | 32/78 [00:10<00:13,  3.34it/s, loss=0.6962]Trial 0 Ep4:  41%|█████████████████████████████████▋                                                | 32/78 [00:10<00:13,  3.34it/s, loss=0.6887]Trial 0 Ep4:  42%|██████████████████████████████████▋                                               | 33/78 [00:10<00:13,  3.44it/s, loss=0.6887]Trial 0 Ep4:  42%|██████████████████████████████████▋                                               | 33/78 [00:11<00:13,  3.44it/s, loss=0.6879]Trial 0 Ep4:  44%|███████████████████████████████████▋                                              | 34/78 [00:11<00:12,  3.43it/s, loss=0.6879]Trial 0 Ep4:  44%|███████████████████████████████████▋                                              | 34/78 [00:11<00:12,  3.43it/s, loss=0.7016]Trial 0 Ep4:  45%|████████████████████████████████████▊                                             | 35/78 [00:11<00:12,  3.36it/s, loss=0.7016]Trial 0 Ep4:  45%|████████████████████████████████████▊                                             | 35/78 [00:11<00:12,  3.36it/s, loss=0.6803]Trial 0 Ep4:  46%|█████████████████████████████████████▊                                            | 36/78 [00:11<00:12,  3.35it/s, loss=0.6803]Trial 0 Ep4:  46%|█████████████████████████████████████▊                                            | 36/78 [00:12<00:12,  3.35it/s, loss=0.7018]Trial 0 Ep4:  47%|██████████████████████████████████████▉                                           | 37/78 [00:12<00:12,  3.34it/s, loss=0.7018]Trial 0 Ep4:  47%|██████████████████████████████████████▉                                           | 37/78 [00:12<00:12,  3.34it/s, loss=0.6777]Trial 0 Ep4:  49%|███████████████████████████████████████▉                                          | 38/78 [00:12<00:12,  3.33it/s, loss=0.6777]Trial 0 Ep4:  49%|███████████████████████████████████████▉                                          | 38/78 [00:12<00:12,  3.33it/s, loss=0.6827]Trial 0 Ep4:  50%|█████████████████████████████████████████                                         | 39/78 [00:12<00:11,  3.36it/s, loss=0.6827]Trial 0 Ep4:  50%|█████████████████████████████████████████                                         | 39/78 [00:12<00:11,  3.36it/s, loss=0.7156]Trial 0 Ep4:  51%|██████████████████████████████████████████                                        | 40/78 [00:12<00:11,  3.26it/s, loss=0.7156]Trial 0 Ep4:  51%|██████████████████████████████████████████                                        | 40/78 [00:13<00:11,  3.26it/s, loss=0.6748]Trial 0 Ep4:  53%|███████████████████████████████████████████                                       | 41/78 [00:13<00:11,  3.21it/s, loss=0.6748]Trial 0 Ep4:  53%|███████████████████████████████████████████                                       | 41/78 [00:13<00:11,  3.21it/s, loss=0.6787]Trial 0 Ep4:  54%|████████████████████████████████████████████▏                                     | 42/78 [00:13<00:11,  3.24it/s, loss=0.6787]Trial 0 Ep4:  54%|████████████████████████████████████████████▏                                     | 42/78 [00:13<00:11,  3.24it/s, loss=0.6890]Trial 0 Ep4:  55%|█████████████████████████████████████████████▏                                    | 43/78 [00:13<00:11,  3.02it/s, loss=0.6890]Trial 0 Ep4:  55%|█████████████████████████████████████████████▏                                    | 43/78 [00:14<00:11,  3.02it/s, loss=0.6710]Trial 0 Ep4:  56%|██████████████████████████████████████████████▎                                   | 44/78 [00:14<00:11,  3.06it/s, loss=0.6710]Trial 0 Ep4:  56%|██████████████████████████████████████████████▎                                   | 44/78 [00:14<00:11,  3.06it/s, loss=0.6884]Trial 0 Ep4:  58%|███████████████████████████████████████████████▎                                  | 45/78 [00:14<00:10,  3.12it/s, loss=0.6884]Trial 0 Ep4:  58%|███████████████████████████████████████████████▎                                  | 45/78 [00:14<00:10,  3.12it/s, loss=0.7009]Trial 0 Ep4:  59%|████████████████████████████████████████████████▎                                 | 46/78 [00:14<00:10,  3.09it/s, loss=0.7009]Trial 0 Ep4:  59%|████████████████████████████████████████████████▎                                 | 46/78 [00:15<00:10,  3.09it/s, loss=0.6930]Trial 0 Ep4:  60%|█████████████████████████████████████████████████▍                                | 47/78 [00:15<00:10,  2.99it/s, loss=0.6930]Trial 0 Ep4:  60%|█████████████████████████████████████████████████▍                                | 47/78 [00:15<00:10,  2.99it/s, loss=0.6994]Trial 0 Ep4:  62%|██████████████████████████████████████████████████▍                               | 48/78 [00:15<00:10,  2.95it/s, loss=0.6994]Trial 0 Ep4:  62%|██████████████████████████████████████████████████▍                               | 48/78 [00:15<00:10,  2.95it/s, loss=0.7045]Trial 0 Ep4:  63%|███████████████████████████████████████████████████▌                              | 49/78 [00:15<00:09,  3.05it/s, loss=0.7045]Trial 0 Ep4:  63%|███████████████████████████████████████████████████▌                              | 49/78 [00:16<00:09,  3.05it/s, loss=0.6994]Trial 0 Ep4:  64%|████████████████████████████████████████████████████▌                             | 50/78 [00:16<00:08,  3.18it/s, loss=0.6994]Trial 0 Ep4:  64%|████████████████████████████████████████████████████▌                             | 50/78 [00:16<00:08,  3.18it/s, loss=0.7080]Trial 0 Ep4:  65%|█████████████████████████████████████████████████████▌                            | 51/78 [00:16<00:08,  3.09it/s, loss=0.7080]Trial 0 Ep4:  65%|█████████████████████████████████████████████████████▌                            | 51/78 [00:16<00:08,  3.09it/s, loss=0.6995]Trial 0 Ep4:  67%|██████████████████████████████████████████████████████▋                           | 52/78 [00:16<00:08,  3.14it/s, loss=0.6995]Trial 0 Ep4:  67%|██████████████████████████████████████████████████████▋                           | 52/78 [00:17<00:08,  3.14it/s, loss=0.7317]Trial 0 Ep4:  68%|███████████████████████████████████████████████████████▋                          | 53/78 [00:17<00:07,  3.18it/s, loss=0.7317]Trial 0 Ep4:  68%|███████████████████████████████████████████████████████▋                          | 53/78 [00:17<00:07,  3.18it/s, loss=0.6854]Trial 0 Ep4:  69%|████████████████████████████████████████████████████████▊                         | 54/78 [00:17<00:07,  3.16it/s, loss=0.6854]Trial 0 Ep4:  69%|████████████████████████████████████████████████████████▊                         | 54/78 [00:17<00:07,  3.16it/s, loss=0.6656]Trial 0 Ep4:  71%|█████████████████████████████████████████████████████████▊                        | 55/78 [00:17<00:07,  3.02it/s, loss=0.6656]Trial 0 Ep4:  71%|█████████████████████████████████████████████████████████▊                        | 55/78 [00:18<00:07,  3.02it/s, loss=0.7054]Trial 0 Ep4:  72%|██████████████████████████████████████████████████████████▊                       | 56/78 [00:18<00:07,  3.06it/s, loss=0.7054]Trial 0 Ep4:  72%|██████████████████████████████████████████████████████████▊                       | 56/78 [00:18<00:07,  3.06it/s, loss=0.6922]Trial 0 Ep4:  73%|███████████████████████████████████████████████████████████▉                      | 57/78 [00:18<00:06,  3.01it/s, loss=0.6922]Trial 0 Ep4:  73%|███████████████████████████████████████████████████████████▉                      | 57/78 [00:18<00:06,  3.01it/s, loss=0.7335]Trial 0 Ep4:  74%|████████████████████████████████████████████████████████████▉                     | 58/78 [00:18<00:06,  2.99it/s, loss=0.7335]Trial 0 Ep4:  74%|████████████████████████████████████████████████████████████▉                     | 58/78 [00:19<00:06,  2.99it/s, loss=0.7025]Trial 0 Ep4:  76%|██████████████████████████████████████████████████████████████                    | 59/78 [00:19<00:06,  3.03it/s, loss=0.7025]Trial 0 Ep4:  76%|██████████████████████████████████████████████████████████████                    | 59/78 [00:19<00:06,  3.03it/s, loss=0.6932]Trial 0 Ep4:  77%|███████████████████████████████████████████████████████████████                   | 60/78 [00:19<00:05,  3.06it/s, loss=0.6932]Trial 0 Ep4:  77%|███████████████████████████████████████████████████████████████                   | 60/78 [00:19<00:05,  3.06it/s, loss=0.7001]Trial 0 Ep4:  78%|████████████████████████████████████████████████████████████████▏                 | 61/78 [00:19<00:05,  3.01it/s, loss=0.7001]Trial 0 Ep4:  78%|████████████████████████████████████████████████████████████████▏                 | 61/78 [00:20<00:05,  3.01it/s, loss=0.6854]Trial 0 Ep4:  79%|█████████████████████████████████████████████████████████████████▏                | 62/78 [00:20<00:05,  3.08it/s, loss=0.6854]Trial 0 Ep4:  79%|█████████████████████████████████████████████████████████████████▏                | 62/78 [00:20<00:05,  3.08it/s, loss=0.7096]Trial 0 Ep4:  81%|██████████████████████████████████████████████████████████████████▏               | 63/78 [00:20<00:04,  3.20it/s, loss=0.7096]Trial 0 Ep4:  81%|██████████████████████████████████████████████████████████████████▏               | 63/78 [00:20<00:04,  3.20it/s, loss=0.6846]Trial 0 Ep4:  82%|███████████████████████████████████████████████████████████████████▎              | 64/78 [00:20<00:04,  3.12it/s, loss=0.6846]Trial 0 Ep4:  82%|███████████████████████████████████████████████████████████████████▎              | 64/78 [00:21<00:04,  3.12it/s, loss=0.6847]Trial 0 Ep4:  83%|████████████████████████████████████████████████████████████████████▎             | 65/78 [00:21<00:04,  3.19it/s, loss=0.6847]Trial 0 Ep4:  83%|████████████████████████████████████████████████████████████████████▎             | 65/78 [00:21<00:04,  3.19it/s, loss=0.6863]Trial 0 Ep4:  85%|█████████████████████████████████████████████████████████████████████▍            | 66/78 [00:21<00:03,  3.12it/s, loss=0.6863]Trial 0 Ep4:  85%|█████████████████████████████████████████████████████████████████████▍            | 66/78 [00:21<00:03,  3.12it/s, loss=0.7020]Trial 0 Ep4:  86%|██████████████████████████████████████████████████████████████████████▍           | 67/78 [00:21<00:03,  2.93it/s, loss=0.7020]Trial 0 Ep4:  86%|██████████████████████████████████████████████████████████████████████▍           | 67/78 [00:22<00:03,  2.93it/s, loss=0.6842]Trial 0 Ep4:  87%|███████████████████████████████████████████████████████████████████████▍          | 68/78 [00:22<00:03,  2.91it/s, loss=0.6842]Trial 0 Ep4:  87%|███████████████████████████████████████████████████████████████████████▍          | 68/78 [00:22<00:03,  2.91it/s, loss=0.6915]Trial 0 Ep4:  88%|████████████████████████████████████████████████████████████████████████▌         | 69/78 [00:22<00:02,  3.06it/s, loss=0.6915]Trial 0 Ep4:  88%|████████████████████████████████████████████████████████████████████████▌         | 69/78 [00:22<00:02,  3.06it/s, loss=0.6870]Trial 0 Ep4:  90%|█████████████████████████████████████████████████████████████████████████▌        | 70/78 [00:22<00:02,  3.06it/s, loss=0.6870]Trial 0 Ep4:  90%|█████████████████████████████████████████████████████████████████████████▌        | 70/78 [00:23<00:02,  3.06it/s, loss=0.7116]Trial 0 Ep4:  91%|██████████████████████████████████████████████████████████████████████████▋       | 71/78 [00:23<00:02,  2.99it/s, loss=0.7116]Trial 0 Ep4:  91%|██████████████████████████████████████████████████████████████████████████▋       | 71/78 [00:23<00:02,  2.99it/s, loss=0.6875]Trial 0 Ep4:  92%|███████████████████████████████████████████████████████████████████████████▋      | 72/78 [00:23<00:02,  2.99it/s, loss=0.6875]Trial 0 Ep4:  92%|███████████████████████████████████████████████████████████████████████████▋      | 72/78 [00:23<00:02,  2.99it/s, loss=0.6857]Trial 0 Ep4:  94%|████████████████████████████████████████████████████████████████████████████▋     | 73/78 [00:23<00:01,  2.92it/s, loss=0.6857]Trial 0 Ep4:  94%|████████████████████████████████████████████████████████████████████████████▋     | 73/78 [00:24<00:01,  2.92it/s, loss=0.7137]Trial 0 Ep4:  95%|█████████████████████████████████████████████████████████████████████████████▊    | 74/78 [00:24<00:01,  2.90it/s, loss=0.7137]Trial 0 Ep4:  95%|█████████████████████████████████████████████████████████████████████████████▊    | 74/78 [00:24<00:01,  2.90it/s, loss=0.6839]Trial 0 Ep4:  96%|██████████████████████████████████████████████████████████████████████████████▊  