Trial 23 Ep1:   0%|                                                                                                                                    | 0/78 [00:00<?, ?it/s]Trial 23 Ep1:   0%|                                                                                                                       | 0/78 [00:00<?, ?it/s, loss=0.7258]Trial 23 Ep1:   1%|█▍                                                                                                             | 1/78 [00:00<01:14,  1.03it/s, loss=0.7258]Trial 23 Ep1:   1%|█▍                                                                                                             | 1/78 [00:01<01:14,  1.03it/s, loss=0.6999]Trial 23 Ep1:   3%|██▊                                                                                                            | 2/78 [00:01<00:55,  1.37it/s, loss=0.6999]Trial 23 Ep1:   3%|██▊                                                                                                            | 2/78 [00:04<00:55,  1.37it/s, loss=0.7151]Trial 23 Ep1:   4%|████▎                                                                                                          | 3/78 [00:04<02:13,  1.78s/it, loss=0.7151]Trial 23 Ep1:   4%|████▎                                                                                                          | 3/78 [00:05<02:13,  1.78s/it, loss=0.6528]Trial 23 Ep1:   5%|█████▋                                                                                                         | 4/78 [00:05<01:44,  1.42s/it, loss=0.6528]Trial 23 Ep1:   5%|█████▋                                                                                                         | 4/78 [00:06<01:44,  1.42s/it, loss=0.7134]Trial 23 Ep1:   6%|███████                                                                                                        | 5/78 [00:06<01:24,  1.16s/it, loss=0.7134]Trial 23 Ep1:   6%|███████                                                                                                        | 5/78 [00:06<01:24,  1.16s/it, loss=0.7525]Trial 23 Ep1:   8%|████████▌                                                                                                      | 6/78 [00:06<01:12,  1.00s/it, loss=0.7525]Trial 23 Ep1:   8%|████████▌                                                                                                      | 6/78 [00:07<01:12,  1.00s/it, loss=0.7664]Trial 23 Ep1:   9%|█████████▉                                                                                                     | 7/78 [00:07<01:04,  1.10it/s, loss=0.7664]Trial 23 Ep1:   9%|█████████▉                                                                                                     | 7/78 [00:08<01:04,  1.10it/s, loss=0.6546]Trial 23 Ep1:  10%|███████████▍                                                                                                   | 8/78 [00:08<00:57,  1.23it/s, loss=0.6546]Trial 23 Ep1:  10%|███████████▍                                                                                                   | 8/78 [00:08<00:57,  1.23it/s, loss=0.7445]Trial 23 Ep1:  12%|████████████▊                                                                                                  | 9/78 [00:08<00:52,  1.30it/s, loss=0.7445]Trial 23 Ep1:  12%|████████████▊                                                                                                  | 9/78 [00:09<00:52,  1.30it/s, loss=0.7220]Trial 23 Ep1:  13%|██████████████                                                                                                | 10/78 [00:09<00:50,  1.33it/s, loss=0.7220]Trial 23 Ep1:  13%|██████████████                                                                                                | 10/78 [00:10<00:50,  1.33it/s, loss=0.7085]Trial 23 Ep1:  14%|███████████████▌                                                                                              | 11/78 [00:10<00:48,  1.38it/s, loss=0.7085]Trial 23 Ep1:  14%|███████████████▌                                                                                              | 11/78 [00:10<00:48,  1.38it/s, loss=0.7514]Trial 23 Ep1:  15%|████████████████▉                                                                                             | 12/78 [00:10<00:47,  1.38it/s, loss=0.7514]Trial 23 Ep1:  15%|████████████████▉                                                                                             | 12/78 [00:11<00:47,  1.38it/s, loss=0.7387]Trial 23 Ep1:  17%|██████████████████▎                                                                                           | 13/78 [00:11<00:47,  1.38it/s, loss=0.7387]Trial 23 Ep1:  17%|██████████████████▎                                                                                           | 13/78 [00:12<00:47,  1.38it/s, loss=0.6792]Trial 23 Ep1:  18%|███████████████████▋                                                                                          | 14/78 [00:12<00:44,  1.42it/s, loss=0.6792]Trial 23 Ep1:  18%|███████████████████▋                                                                                          | 14/78 [00:12<00:44,  1.42it/s, loss=0.6225]Trial 23 Ep1:  19%|█████████████████████▏                                                                                        | 15/78 [00:12<00:42,  1.47it/s, loss=0.6225]Trial 23 Ep1:  19%|█████████████████████▏                                                                                        | 15/78 [00:13<00:42,  1.47it/s, loss=0.7874]Trial 23 Ep1:  21%|██████████████████████▌                                                                                       | 16/78 [00:13<00:42,  1.47it/s, loss=0.7874]Trial 23 Ep1:  21%|██████████████████████▌                                                                                       | 16/78 [00:14<00:42,  1.47it/s, loss=0.7037]Trial 23 Ep1:  22%|███████████████████████▉                                                                                      | 17/78 [00:14<00:43,  1.42it/s, loss=0.7037]Trial 23 Ep1:  22%|███████████████████████▉                                                                                      | 17/78 [00:15<00:43,  1.42it/s, loss=0.7197]Trial 23 Ep1:  23%|█████████████████████████▍                                                                                    | 18/78 [00:15<00:43,  1.39it/s, loss=0.7197]Trial 23 Ep1:  23%|█████████████████████████▍                                                                                    | 18/78 [00:15<00:43,  1.39it/s, loss=0.6932]Trial 23 Ep1:  24%|██████████████████████████▊                                                                                   | 19/78 [00:15<00:41,  1.42it/s, loss=0.6932]Trial 23 Ep1:  24%|██████████████████████████▊                                                                                   | 19/78 [00:16<00:41,  1.42it/s, loss=0.6859]Trial 23 Ep1:  26%|████████████████████████████▏                                                                                 | 20/78 [00:16<00:42,  1.37it/s, loss=0.6859]Trial 23 Ep1:  26%|████████████████████████████▏                                                                                 | 20/78 [00:17<00:42,  1.37it/s, loss=0.7448]Trial 23 Ep1:  27%|█████████████████████████████▌                                                                                | 21/78 [00:17<00:41,  1.37it/s, loss=0.7448]Trial 23 Ep1:  27%|█████████████████████████████▌                                                                                | 21/78 [00:18<00:41,  1.37it/s, loss=0.7355]Trial 23 Ep1:  28%|███████████████████████████████                                                                               | 22/78 [00:18<00:41,  1.36it/s, loss=0.7355]Trial 23 Ep1:  28%|███████████████████████████████                                                                               | 22/78 [00:18<00:41,  1.36it/s, loss=0.7075]Trial 23 Ep1:  29%|████████████████████████████████▍                                                                             | 23/78 [00:18<00:39,  1.40it/s, loss=0.7075]Trial 23 Ep1:  29%|████████████████████████████████▍                                                                             | 23/78 [00:19<00:39,  1.40it/s, loss=0.6761]Trial 23 Ep1:  31%|█████████████████████████████████▊                                                                            | 24/78 [00:19<00:37,  1.44it/s, loss=0.6761]Trial 23 Ep1:  31%|█████████████████████████████████▊                                                                            | 24/78 [00:20<00:37,  1.44it/s, loss=0.6846]Trial 23 Ep1:  32%|███████████████████████████████████▎                                                                          | 25/78 [00:20<00:38,  1.36it/s, loss=0.6846]Trial 23 Ep1:  32%|███████████████████████████████████▎                                                                          | 25/78 [00:20<00:38,  1.36it/s, loss=0.7200]Trial 23 Ep1:  33%|████████████████████████████████████▋                                                                         | 26/78 [00:20<00:36,  1.44it/s, loss=0.7200]Trial 23 Ep1:  33%|████████████████████████████████████▋                                                                         | 26/78 [00:21<00:36,  1.44it/s, loss=0.7246]Trial 23 Ep1:  35%|██████████████████████████████████████                                                                        | 27/78 [00:21<00:33,  1.51it/s, loss=0.7246]Trial 23 Ep1:  35%|██████████████████████████████████████                                                                        | 27/78 [00:22<00:33,  1.51it/s, loss=0.7028]Trial 23 Ep1:  36%|███████████████████████████████████████▍                                                                      | 28/78 [00:22<00:33,  1.47it/s, loss=0.7028]Trial 23 Ep1:  36%|███████████████████████████████████████▍                                                                      | 28/78 [00:22<00:33,  1.47it/s, loss=0.6766]Trial 23 Ep1:  37%|████████████████████████████████████████▉                                                                     | 29/78 [00:22<00:33,  1.44it/s, loss=0.6766]Trial 23 Ep1:  37%|████████████████████████████████████████▉                                                                     | 29/78 [00:23<00:33,  1.44it/s, loss=0.6486]Trial 23 Ep1:  38%|██████████████████████████████████████████▎                                                                   | 30/78 [00:23<00:32,  1.46it/s, loss=0.6486]Trial 23 Ep1:  38%|██████████████████████████████████████████▎                                                                   | 30/78 [00:24<00:32,  1.46it/s, loss=0.6105]Trial 23 Ep1:  40%|███████████████████████████████████████████▋                                                                  | 31/78 [00:24<00:32,  1.45it/s, loss=0.6105]Trial 23 Ep1:  40%|███████████████████████████████████████████▋                                                                  | 31/78 [00:24<00:32,  1.45it/s, loss=0.8389]Trial 23 Ep1:  41%|█████████████████████████████████████████████▏                                                                | 32/78 [00:24<00:31,  1.44it/s, loss=0.8389]Trial 23 Ep1:  41%|█████████████████████████████████████████████▏                                                                | 32/78 [00:25<00:31,  1.44it/s, loss=0.6985]Trial 23 Ep1:  42%|██████████████████████████████████████████████▌                                                               | 33/78 [00:25<00:31,  1.44it/s, loss=0.6985]Trial 23 Ep1:  42%|██████████████████████████████████████████████▌                                                               | 33/78 [00:26<00:31,  1.44it/s, loss=0.6808]Trial 23 Ep1:  44%|███████████████████████████████████████████████▉                                                              | 34/78 [00:26<00:30,  1.44it/s, loss=0.6808]Trial 23 Ep1:  44%|███████████████████████████████████████████████▉                                                              | 34/78 [00:27<00:30,  1.44it/s, loss=0.7629]Trial 23 Ep1:  45%|█████████████████████████████████████████████████▎                                                            | 35/78 [00:27<00:32,  1.32it/s, loss=0.7629]Trial 23 Ep1:  45%|█████████████████████████████████████████████████▎                                                            | 35/78 [00:27<00:32,  1.32it/s, loss=0.6839]Trial 23 Ep1:  46%|██████████████████████████████████████████████████▊                                                           | 36/78 [00:27<00:30,  1.39it/s, loss=0.6839]Trial 23 Ep1:  46%|██████████████████████████████████████████████████▊                                                           | 36/78 [00:28<00:30,  1.39it/s, loss=0.7045]Trial 23 Ep1:  47%|████████████████████████████████████████████████████▏                                                         | 37/78 [00:28<00:28,  1.43it/s, loss=0.7045]Trial 23 Ep1:  47%|████████████████████████████████████████████████████▏                                                         | 37/78 [00:29<00:28,  1.43it/s, loss=0.7647]Trial 23 Ep1:  49%|█████████████████████████████████████████████████████▌                                                        | 38/78 [00:29<00:27,  1.46it/s, loss=0.7647]Trial 23 Ep1:  49%|█████████████████████████████████████████████████████▌                                                        | 38/78 [00:29<00:27,  1.46it/s, loss=0.7004]Trial 23 Ep1:  50%|███████████████████████████████████████████████████████                                                       | 39/78 [00:29<00:27,  1.43it/s, loss=0.7004]Trial 23 Ep1:  50%|███████████████████████████████████████████████████████                                                       | 39/78 [00:30<00:27,  1.43it/s, loss=0.7233]Trial 23 Ep1:  51%|████████████████████████████████████████████████████████▍                                                     | 40/78 [00:30<00:26,  1.43it/s, loss=0.7233]Trial 23 Ep1:  51%|████████████████████████████████████████████████████████▍                                                     | 40/78 [00:31<00:26,  1.43it/s, loss=0.7223]Trial 23 Ep1:  53%|█████████████████████████████████████████████████████████▊                                                    | 41/78 [00:31<00:25,  1.46it/s, loss=0.7223]Trial 23 Ep1:  53%|█████████████████████████████████████████████████████████▊                                                    | 41/78 [00:31<00:25,  1.46it/s, loss=0.7493]Trial 23 Ep1:  54%|███████████████████████████████████████████████████████████▏                                                  | 42/78 [00:31<00:24,  1.46it/s, loss=0.7493]Trial 23 Ep1:  54%|███████████████████████████████████████████████████████████▏                                                  | 42/78 [00:32<00:24,  1.46it/s, loss=0.6835]Trial 23 Ep1:  55%|████████████████████████████████████████████████████████████▋                                                 | 43/78 [00:32<00:23,  1.48it/s, loss=0.6835]Trial 23 Ep1:  55%|████████████████████████████████████████████████████████████▋                                                 | 43/78 [00:33<00:23,  1.48it/s, loss=0.6983]Trial 23 Ep1:  56%|██████████████████████████████████████████████████████████████                                                | 44/78 [00:33<00:22,  1.53it/s, loss=0.6983]Trial 23 Ep1:  56%|██████████████████████████████████████████████████████████████                                                | 44/78 [00:33<00:22,  1.53it/s, loss=0.6760]Trial 23 Ep1:  58%|███████████████████████████████████████████████████████████████▍                                              | 45/78 [00:33<00:21,  1.51it/s, loss=0.6760]Trial 23 Ep1:  58%|███████████████████████████████████████████████████████████████▍                                              | 45/78 [00:34<00:21,  1.51it/s, loss=0.7042]Trial 23 Ep1:  59%|████████████████████████████████████████████████████████████████▊                                             | 46/78 [00:34<00:20,  1.54it/s, loss=0.7042]Trial 23 Ep1:  59%|████████████████████████████████████████████████████████████████▊                                             | 46/78 [00:35<00:20,  1.54it/s, loss=0.6911]Trial 23 Ep1:  60%|██████████████████████████████████████████████████████████████████▎                                           | 47/78 [00:35<00:21,  1.45it/s, loss=0.6911]Trial 23 Ep1:  60%|██████████████████████████████████████████████████████████████████▎                                           | 47/78 [00:35<00:21,  1.45it/s, loss=0.6552]Trial 23 Ep1:  62%|███████████████████████████████████████████████████████████████████▋                                          | 48/78 [00:35<00:19,  1.52it/s, loss=0.6552]Trial 23 Ep1:  62%|███████████████████████████████████████████████████████████████████▋                                          | 48/78 [00:36<00:19,  1.52it/s, loss=0.7164]Trial 23 Ep1:  63%|█████████████████████████████████████████████████████████████████████                                         | 49/78 [00:36<00:19,  1.53it/s, loss=0.7164]Trial 23 Ep1:  63%|█████████████████████████████████████████████████████████████████████                                         | 49/78 [00:37<00:19,  1.53it/s, loss=0.7247]Trial 23 Ep1:  64%|██████████████████████████████████████████████████████████████████████▌                                       | 50/78 [00:37<00:18,  1.54it/s, loss=0.7247]Trial 23 Ep1:  64%|██████████████████████████████████████████████████████████████████████▌                                       | 50/78 [00:37<00:18,  1.54it/s, loss=0.7180]Trial 23 Ep1:  65%|███████████████████████████████████████████████████████████████████████▉                                      | 51/78 [00:37<00:18,  1.48it/s, loss=0.7180]Trial 23 Ep1:  65%|███████████████████████████████████████████████████████████████████████▉                                      | 51/78 [00:38<00:18,  1.48it/s, loss=0.7276]Trial 23 Ep1:  67%|█████████████████████████████████████████████████████████████████████████▎                                    | 52/78 [00:38<00:18,  1.43it/s, loss=0.7276]Trial 23 Ep1:  67%|█████████████████████████████████████████████████████████████████████████▎                                    | 52/78 [00:39<00:18,  1.43it/s, loss=0.6946]Trial 23 Ep1:  68%|██████████████████████████████████████████████████████████████████████████▋                                   | 53/78 [00:39<00:17,  1.41it/s, loss=0.6946]Trial 23 Ep1:  68%|██████████████████████████████████████████████████████████████████████████▋                                   | 53/78 [00:39<00:17,  1.41it/s, loss=0.6880]Trial 23 Ep1:  69%|████████████████████████████████████████████████████████████████████████████▏                                 | 54/78 [00:39<00:16,  1.46it/s, loss=0.6880]Trial 23 Ep1:  69%|████████████████████████████████████████████████████████████████████████████▏                                 | 54/78 [00:40<00:16,  1.46it/s, loss=0.6775]Trial 23 Ep1:  71%|█████████████████████████████████████████████████████████████████████████████▌                                | 55/78 [00:40<00:15,  1.48it/s, loss=0.6775]Trial 23 Ep1:  71%|█████████████████████████████████████████████████████████████████████████████▌                                | 55/78 [00:41<00:15,  1.48it/s, loss=0.7302]Trial 23 Ep1:  72%|██████████████████████████████████████████████████████████████████████████████▉                               | 56/78 [00:41<00:14,  1.53it/s, loss=0.7302]Trial 23 Ep1:  72%|██████████████████████████████████████████████████████████████████████████████▉                               | 56/78 [00:41<00:14,  1.53it/s, loss=0.6433]Trial 23 Ep1:  73%|████████████████████████████████████████████████████████████████████████████████▍                             | 57/78 [00:41<00:14,  1.48it/s, loss=0.6433]Trial 23 Ep1:  73%|████████████████████████████████████████████████████████████████████████████████▍                             | 57/78 [00:42<00:14,  1.48it/s, loss=0.6266]Trial 23 Ep1:  74%|█████████████████████████████████████████████████████████████████████████████████▊                            | 58/78 [00:42<00:13,  1.50it/s, loss=0.6266]Trial 23 Ep1:  74%|█████████████████████████████████████████████████████████████████████████████████▊                            | 58/78 [00:43<00:13,  1.50it/s, loss=0.7166]Trial 23 Ep1:  76%|███████████████████████████████████████████████████████████████████████████████████▏                          | 59/78 [00:43<00:13,  1.42it/s, loss=0.7166]Trial 23 Ep1:  76%|███████████████████████████████████████████████████████████████████████████████████▏                          | 59/78 [00:44<00:13,  1.42it/s, loss=0.6981]Trial 23 Ep1:  77%|████████████████████████████████████████████████████████████████████████████████████▌                         | 60/78 [00:44<00:12,  1.45it/s, loss=0.6981]Trial 23 Ep1:  77%|████████████████████████████████████████████████████████████████████████████████████▌                         | 60/78 [00:44<00:12,  1.45it/s, loss=0.6965]Trial 23 Ep1:  78%|██████████████████████████████████████████████████████████████████████████████████████                        | 61/78 [00:44<00:11,  1.46it/s, loss=0.6965]Trial 23 Ep1:  78%|██████████████████████████████████████████████████████████████████████████████████████                        | 61/78 [00:45<00:11,  1.46it/s, loss=0.6719]Trial 23 Ep1:  79%|███████████████████████████████████████████████████████████████████████████████████████▍                      | 62/78 [00:45<00:11,  1.45it/s, loss=0.6719]Trial 23 Ep1:  79%|███████████████████████████████████████████████████████████████████████████████████████▍                 