Trial 19 Ep3:   0%|                                                                                                                                    | 0/78 [00:00<?, ?it/s]Trial 19 Ep3:   0%|                                                                                                                       | 0/78 [00:00<?, ?it/s, loss=0.8900]Trial 19 Ep3:   1%|█▍                                                                                                             | 1/78 [00:00<00:45,  1.68it/s, loss=0.8900]Trial 19 Ep3:   1%|█▍                                                                                                             | 1/78 [00:01<00:45,  1.68it/s, loss=0.6674]Trial 19 Ep3:   3%|██▊                                                                                                            | 2/78 [00:01<00:49,  1.55it/s, loss=0.6674]Trial 19 Ep3:   3%|██▊                                                                                                            | 2/78 [00:01<00:49,  1.55it/s, loss=0.7088]Trial 19 Ep3:   4%|████▎                                                                                                          | 3/78 [00:01<00:48,  1.56it/s, loss=0.7088]Trial 19 Ep3:   4%|████▎                                                                                                          | 3/78 [00:02<00:48,  1.56it/s, loss=0.7832]Trial 19 Ep3:   5%|█████▋                                                                                                         | 4/78 [00:02<00:49,  1.49it/s, loss=0.7832]Trial 19 Ep3:   5%|█████▋                                                                                                         | 4/78 [00:03<00:49,  1.49it/s, loss=0.6764]Trial 19 Ep3:   6%|███████                                                                                                        | 5/78 [00:03<00:48,  1.50it/s, loss=0.6764]Trial 19 Ep3:   6%|███████                                                                                                        | 5/78 [00:03<00:48,  1.50it/s, loss=0.7053]Trial 19 Ep3:   8%|████████▌                                                                                                      | 6/78 [00:03<00:48,  1.48it/s, loss=0.7053]Trial 19 Ep3:   8%|████████▌                                                                                                      | 6/78 [00:04<00:48,  1.48it/s, loss=0.8231]Trial 19 Ep3:   9%|█████████▉                                                                                                     | 7/78 [00:04<00:48,  1.47it/s, loss=0.8231]Trial 19 Ep3:   9%|█████████▉                                                                                                     | 7/78 [00:05<00:48,  1.47it/s, loss=0.7220]Trial 19 Ep3:  10%|███████████▍                                                                                                   | 8/78 [00:05<00:48,  1.44it/s, loss=0.7220]Trial 19 Ep3:  10%|███████████▍                                                                                                   | 8/78 [00:06<00:48,  1.44it/s, loss=0.6694]Trial 19 Ep3:  12%|████████████▊                                                                                                  | 9/78 [00:06<00:47,  1.46it/s, loss=0.6694]Trial 19 Ep3:  12%|████████████▊                                                                                                  | 9/78 [00:06<00:47,  1.46it/s, loss=0.7369]Trial 19 Ep3:  13%|██████████████                                                                                                | 10/78 [00:06<00:46,  1.47it/s, loss=0.7369]Trial 19 Ep3:  13%|██████████████                                                                                                | 10/78 [00:07<00:46,  1.47it/s, loss=0.6889]Trial 19 Ep3:  14%|███████████████▌                                                                                              | 11/78 [00:07<00:46,  1.45it/s, loss=0.6889]Trial 19 Ep3:  14%|███████████████▌                                                                                              | 11/78 [00:08<00:46,  1.45it/s, loss=0.5642]Trial 19 Ep3:  15%|████████████████▉                                                                                             | 12/78 [00:08<00:45,  1.44it/s, loss=0.5642]Trial 19 Ep3:  15%|████████████████▉                                                                                             | 12/78 [00:08<00:45,  1.44it/s, loss=0.5984]Trial 19 Ep3:  17%|██████████████████▎                                                                                           | 13/78 [00:08<00:44,  1.47it/s, loss=0.5984]Trial 19 Ep3:  17%|██████████████████▎                                                                                           | 13/78 [00:09<00:44,  1.47it/s, loss=0.6694]Trial 19 Ep3:  18%|███████████████████▋                                                                                          | 14/78 [00:09<00:44,  1.43it/s, loss=0.6694]Trial 19 Ep3:  18%|███████████████████▋                                                                                          | 14/78 [00:10<00:44,  1.43it/s, loss=0.6540]Trial 19 Ep3:  19%|█████████████████████▏                                                                                        | 15/78 [00:10<00:45,  1.39it/s, loss=0.6540]Trial 19 Ep3:  19%|█████████████████████▏                                                                                        | 15/78 [00:11<00:45,  1.39it/s, loss=0.6576]Trial 19 Ep3:  21%|██████████████████████▌                                                                                       | 16/78 [00:11<00:45,  1.37it/s, loss=0.6576]Trial 19 Ep3:  21%|██████████████████████▌                                                                                       | 16/78 [00:11<00:45,  1.37it/s, loss=0.7513]Trial 19 Ep3:  22%|███████████████████████▉                                                                                      | 17/78 [00:11<00:46,  1.32it/s, loss=0.7513]Trial 19 Ep3:  22%|███████████████████████▉                                                                                      | 17/78 [00:12<00:46,  1.32it/s, loss=0.6357]Trial 19 Ep3:  23%|█████████████████████████▍                                                                                    | 18/78 [00:12<00:44,  1.34it/s, loss=0.6357]Trial 19 Ep3:  23%|█████████████████████████▍                                                                                    | 18/78 [00:13<00:44,  1.34it/s, loss=0.6653]Trial 19 Ep3:  24%|██████████████████████████▊                                                                                   | 19/78 [00:13<00:43,  1.36it/s, loss=0.6653]Trial 19 Ep3:  24%|██████████████████████████▊                                                                                   | 19/78 [00:13<00:43,  1.36it/s, loss=0.6059]Trial 19 Ep3:  26%|████████████████████████████▏                                                                                 | 20/78 [00:13<00:41,  1.41it/s, loss=0.6059]Trial 19 Ep3:  26%|████████████████████████████▏                                                                                 | 20/78 [00:14<00:41,  1.41it/s, loss=0.6170]Trial 19 Ep3:  27%|█████████████████████████████▌                                                                                | 21/78 [00:14<00:40,  1.41it/s, loss=0.6170]Trial 19 Ep3:  27%|█████████████████████████████▌                                                                                | 21/78 [00:15<00:40,  1.41it/s, loss=0.6467]Trial 19 Ep3:  28%|███████████████████████████████                                                                               | 22/78 [00:15<00:41,  1.34it/s, loss=0.6467]Trial 19 Ep3:  28%|███████████████████████████████                                                                               | 22/78 [00:16<00:41,  1.34it/s, loss=0.5220]Trial 19 Ep3:  29%|████████████████████████████████▍                                                                             | 23/78 [00:16<00:41,  1.34it/s, loss=0.5220]Trial 19 Ep3:  29%|████████████████████████████████▍                                                                             | 23/78 [00:16<00:41,  1.34it/s, loss=0.5197]Trial 19 Ep3:  31%|█████████████████████████████████▊                                                                            | 24/78 [00:16<00:38,  1.42it/s, loss=0.5197]Trial 19 Ep3:  31%|█████████████████████████████████▊                                                                            | 24/78 [00:17<00:38,  1.42it/s, loss=0.6333]Trial 19 Ep3:  32%|███████████████████████████████████▎                                                                          | 25/78 [00:17<00:36,  1.44it/s, loss=0.6333]Trial 19 Ep3:  32%|███████████████████████████████████▎                                                                          | 25/78 [00:18<00:36,  1.44it/s, loss=0.6585]Trial 19 Ep3:  33%|████████████████████████████████████▋                                                                         | 26/78 [00:18<00:35,  1.46it/s, loss=0.6585]Trial 19 Ep3:  33%|████████████████████████████████████▋                                                                         | 26/78 [00:18<00:35,  1.46it/s, loss=0.7743]Trial 19 Ep3:  35%|██████████████████████████████████████                                                                        | 27/78 [00:18<00:33,  1.51it/s, loss=0.7743]Trial 19 Ep3:  35%|██████████████████████████████████████                                                                        | 27/78 [00:19<00:33,  1.51it/s, loss=0.7320]Trial 19 Ep3:  36%|███████████████████████████████████████▍                                                                      | 28/78 [00:19<00:33,  1.49it/s, loss=0.7320]Trial 19 Ep3:  36%|███████████████████████████████████████▍                                                                      | 28/78 [00:20<00:33,  1.49it/s, loss=0.6055]Trial 19 Ep3:  37%|████████████████████████████████████████▉                                                                     | 29/78 [00:20<00:33,  1.45it/s, loss=0.6055]Trial 19 Ep3:  37%|████████████████████████████████████████▉                                                                     | 29/78 [00:21<00:33,  1.45it/s, loss=0.6782]Trial 19 Ep3:  38%|██████████████████████████████████████████▎                                                                   | 30/78 [00:21<00:35,  1.36it/s, loss=0.6782]Trial 19 Ep3:  38%|██████████████████████████████████████████▎                                                                   | 30/78 [00:21<00:35,  1.36it/s, loss=0.6359]Trial 19 Ep3:  40%|███████████████████████████████████████████▋                                                                  | 31/78 [00:21<00:32,  1.44it/s, loss=0.6359]Trial 19 Ep3:  40%|███████████████████████████████████████████▋                                                                  | 31/78 [00:22<00:32,  1.44it/s, loss=0.6289]Trial 19 Ep3:  41%|█████████████████████████████████████████████▏                                                                | 32/78 [00:22<00:31,  1.47it/s, loss=0.6289]Trial 19 Ep3:  41%|█████████████████████████████████████████████▏                                                                | 32/78 [00:22<00:31,  1.47it/s, loss=0.6483]Trial 19 Ep3:  42%|██████████████████████████████████████████████▌                                                               | 33/78 [00:22<00:30,  1.48it/s, loss=0.6483]Trial 19 Ep3:  42%|██████████████████████████████████████████████▌                                                               | 33/78 [00:23<00:30,  1.48it/s, loss=0.6698]Trial 19 Ep3:  44%|███████████████████████████████████████████████▉                                                              | 34/78 [00:23<00:29,  1.52it/s, loss=0.6698]Trial 19 Ep3:  44%|███████████████████████████████████████████████▉                                                              | 34/78 [00:24<00:29,  1.52it/s, loss=0.5422]Trial 19 Ep3:  45%|█████████████████████████████████████████████████▎                                                            | 35/78 [00:24<00:28,  1.51it/s, loss=0.5422]Trial 19 Ep3:  45%|█████████████████████████████████████████████████▎                                                            | 35/78 [00:24<00:28,  1.51it/s, loss=0.6449]Trial 19 Ep3:  46%|██████████████████████████████████████████████████▊                                                           | 36/78 [00:24<00:28,  1.46it/s, loss=0.6449]Trial 19 Ep3:  46%|██████████████████████████████████████████████████▊                                                           | 36/78 [00:25<00:28,  1.46it/s, loss=0.7292]Trial 19 Ep3:  47%|████████████████████████████████████████████████████▏                                                         | 37/78 [00:25<00:27,  1.49it/s, loss=0.7292]Trial 19 Ep3:  47%|████████████████████████████████████████████████████▏                                                         | 37/78 [00:26<00:27,  1.49it/s, loss=0.5761]Trial 19 Ep3:  49%|█████████████████████████████████████████████████████▌                                                        | 38/78 [00:26<00:25,  1.54it/s, loss=0.5761]Trial 19 Ep3:  49%|█████████████████████████████████████████████████████▌                                                        | 38/78 [00:26<00:25,  1.54it/s, loss=0.7193]Trial 19 Ep3:  50%|███████████████████████████████████████████████████████                                                       | 39/78 [00:26<00:25,  1.55it/s, loss=0.7193]Trial 19 Ep3:  50%|███████████████████████████████████████████████████████                                                       | 39/78 [00:27<00:25,  1.55it/s, loss=0.6536]Trial 19 Ep3:  51%|████████████████████████████████████████████████████████▍                                                     | 40/78 [00:27<00:24,  1.52it/s, loss=0.6536]Trial 19 Ep3:  51%|████████████████████████████████████████████████████████▍                                                     | 40/78 [00:28<00:24,  1.52it/s, loss=0.6202]Trial 19 Ep3:  53%|█████████████████████████████████████████████████████████▊                                                    | 41/78 [00:28<00:24,  1.49it/s, loss=0.6202]Trial 19 Ep3:  53%|█████████████████████████████████████████████████████████▊                                                    | 41/78 [00:28<00:24,  1.49it/s, loss=0.8363]Trial 19 Ep3:  54%|███████████████████████████████████████████████████████████▏                                                  | 42/78 [00:28<00:24,  1.48it/s, loss=0.8363]Trial 19 Ep3:  54%|███████████████████████████████████████████████████████████▏                                                  | 42/78 [00:29<00:24,  1.48it/s, loss=0.6346]Trial 19 Ep3:  55%|████████████████████████████████████████████████████████████▋                                                 | 43/78 [00:29<00:25,  1.39it/s, loss=0.6346]Trial 19 Ep3:  55%|████████████████████████████████████████████████████████████▋                                                 | 43/78 [00:30<00:25,  1.39it/s, loss=0.6300]Trial 19 Ep3:  56%|██████████████████████████████████████████████████████████████                                                | 44/78 [00:30<00:25,  1.35it/s, loss=0.6300]Trial 19 Ep3:  56%|██████████████████████████████████████████████████████████████                                                | 44/78 [00:31<00:25,  1.35it/s, loss=0.6719]Trial 19 Ep3:  58%|███████████████████████████████████████████████████████████████▍                                              | 45/78 [00:31<00:24,  1.33it/s, loss=0.6719]Trial 19 Ep3:  58%|███████████████████████████████████████████████████████████████▍                                              | 45/78 [00:32<00:24,  1.33it/s, loss=0.6732]Trial 19 Ep3:  59%|████████████████████████████████████████████████████████████████▊                                             | 46/78 [00:32<00:23,  1.37it/s, loss=0.6732]Trial 19 Ep3:  59%|████████████████████████████████████████████████████████████████▊                                             | 46/78 [00:32<00:23,  1.37it/s, loss=0.6277]Trial 19 Ep3:  60%|██████████████████████████████████████████████████████████████████▎                                           | 47/78 [00:32<00:22,  1.41it/s, loss=0.6277]Trial 19 Ep3:  60%|██████████████████████████████████████████████████████████████████▎                                           | 47/78 [00:33<00:22,  1.41it/s, loss=0.6798]Trial 19 Ep3:  62%|███████████████████████████████████████████████████████████████████▋                                          | 48/78 [00:33<00:21,  1.41it/s, loss=0.6798]Trial 19 Ep3:  62%|███████████████████████████████████████████████████████████████████▋                                          | 48/78 [00:34<00:21,  1.41it/s, loss=0.7008]Trial 19 Ep3:  63%|█████████████████████████████████████████████████████████████████████                                         | 49/78 [00:34<00:20,  1.44it/s, loss=0.7008]Trial 19 Ep3:  63%|█████████████████████████████████████████████████████████████████████                                         | 49/78 [00:34<00:20,  1.44it/s, loss=0.5935]Trial 19 Ep3:  64%|██████████████████████████████████████████████████████████████████████▌                                       | 50/78 [00:34<00:18,  1.49it/s, loss=0.5935]Trial 19 Ep3:  64%|██████████████████████████████████████████████████████████████████████▌                                       | 50/78 [00:35<00:18,  1.49it/s, loss=0.6634]Trial 19 Ep3:  65%|███████████████████████████████████████████████████████████████████████▉                                      | 51/78 [00:35<00:18,  1.43it/s, loss=0.6634]Trial 19 Ep3:  65%|███████████████████████████████████████████████████████████████████████▉                                      | 51/78 [00:36<00:18,  1.43it/s, loss=0.6576]Trial 19 Ep3:  67%|█████████████████████████████████████████████████████████████████████████▎                                    | 52/78 [00:36<00:18,  1.41it/s, loss=0.6576]Trial 19 Ep3:  67%|█████████████████████████████████████████████████████████████████████████▎                                    | 52/78 [00:36<00:18,  1.41it/s, loss=0.8878]Trial 19 Ep3:  68%|██████████████████████████████████████████████████████████████████████████▋                                   | 53/78 [00:36<00:16,  1.48it/s, loss=0.8878]Trial 19 Ep3:  68%|██████████████████████████████████████████████████████████████████████████▋                                   | 53/78 [00:37<00:16,  1.48it/s, loss=0.5313]Trial 19 Ep3:  69%|████████████████████████████████████████████████████████████████████████████▏                                 | 54/78 [00:37<00:16,  1.50it/s, loss=0.5313]Trial 19 Ep3:  69%|████████████████████████████████████████████████████████████████████████████▏                                 | 54/78 [00:38<00:16,  1.50it/s, loss=0.6646]Trial 19 Ep3:  71%|█████████████████████████████████████████████████████████████████████████████▌                                | 55/78 [00:38<00:15,  1.52it/s, loss=0.6646]Trial 19 Ep3:  71%|█████████████████████████████████████████████████████████████████████████████▌                                | 55/78 [00:38<00:15,  1.52it/s, loss=0.6770]Trial 19 Ep3:  72%|██████████████████████████████████████████████████████████████████████████████▉                               | 56/78 [00:38<00:14,  1.54it/s, loss=0.6770]Trial 19 Ep3:  72%|██████████████████████████████████████████████████████████████████████████████▉                               | 56/78 [00:39<00:14,  1.54it/s, loss=0.6136]Trial 19 Ep3:  73%|████████████████████████████████████████████████████████████████████████████████▍                             | 57/78 [00:39<00:13,  1.53it/s, loss=0.6136]Trial 19 Ep3:  73%|████████████████████████████████████████████████████████████████████████████████▍                             | 57/78 [00:40<00:13,  1.53it/s, loss=0.6326]Trial 19 Ep3:  74%|█████████████████████████████████████████████████████████████████████████████████▊                            | 58/78 [00:40<00:14,  1.40it/s, loss=0.6326]Trial 19 Ep3:  74%|█████████████████████████████████████████████████████████████████████████████████▊                            | 58/78 [00:40<00:14,  1.40it/s, loss=0.6918]Trial 19 Ep3:  76%|███████████████████████████████████████████████████████████████████████████████████▏                          | 59/78 [00:40<00:13,  1.39it/s, loss=0.6918]Trial 19 Ep3:  76%|███████████████████████████████████████████████████████████████████████████████████▏                          | 59/78 [00:41<00:13,  1.39it/s, loss=0.7123]Trial 19 Ep3:  77%|████████████████████████████████████████████████████████████████████████████████████▌                         | 60/78 [00:41<00:13,  1.38it/s, loss=0.7123]Trial 19 Ep3:  77%|████████████████████████████████████████████████████████████████████████████████████▌                         | 60/78 [00:42<00:13,  1.38it/s, loss=0.6178]Trial 19 Ep3:  78%|██████████████████████████████████████████████████████████████████████████████████████                        | 61/78 [00:42<00:12,  1.41it/s, loss=0.6178]Trial 19 Ep3:  78%|██████████████████████████████████████████████████████████████████████████████████████                        | 61/78 [00:43<00:12,  1.41it/s, loss=0.5770]Trial 19 Ep3:  79%|███████████████████████████████████████████████████████████████████████████████████████▍                      | 62/78 [00:43<00:11,  1.38it/s, loss=0.5770]Trial 19 Ep3:  79%|███████████████████████████████████████████████████████████████████████████████████████▍                 