Trial 1 Ep3:   0%|                                                                                                        | 0/78 [00:00<?, ?it/s]Trial 1 Ep3:   0%|                                                                                           | 0/78 [00:01<?, ?it/s, loss=0.6924]Trial 1 Ep3:   1%|█                                                                                  | 1/78 [00:01<01:49,  1.43s/it, loss=0.6924]Trial 1 Ep3:   1%|█                                                                                  | 1/78 [00:02<01:49,  1.43s/it, loss=0.6847]Trial 1 Ep3:   3%|██▏                                                                                | 2/78 [00:02<01:46,  1.40s/it, loss=0.6847]Trial 1 Ep3:   3%|██▏                                                                                | 2/78 [00:04<01:46,  1.40s/it, loss=0.7111]Trial 1 Ep3:   4%|███▏                                                                               | 3/78 [00:04<01:46,  1.42s/it, loss=0.7111]Trial 1 Ep3:   4%|███▏                                                                               | 3/78 [00:05<01:46,  1.42s/it, loss=0.7055]Trial 1 Ep3:   5%|████▎                                                                              | 4/78 [00:05<01:45,  1.42s/it, loss=0.7055]Trial 1 Ep3:   5%|████▎                                                                              | 4/78 [00:07<01:45,  1.42s/it, loss=0.7035]Trial 1 Ep3:   6%|█████▎                                                                             | 5/78 [00:07<01:43,  1.42s/it, loss=0.7035]Trial 1 Ep3:   6%|█████▎                                                                             | 5/78 [00:08<01:43,  1.42s/it, loss=0.7013]Trial 1 Ep3:   8%|██████▍                                                                            | 6/78 [00:08<01:44,  1.45s/it, loss=0.7013]Trial 1 Ep3:   8%|██████▍                                                                            | 6/78 [00:10<01:44,  1.45s/it, loss=0.6975]Trial 1 Ep3:   9%|███████▍                                                                           | 7/78 [00:10<01:42,  1.44s/it, loss=0.6975]Trial 1 Ep3:   9%|███████▍                                                                           | 7/78 [00:11<01:42,  1.44s/it, loss=0.7251]Trial 1 Ep3:  10%|████████▌                                                                          | 8/78 [00:11<01:40,  1.44s/it, loss=0.7251]Trial 1 Ep3:  10%|████████▌                                                                          | 8/78 [00:12<01:40,  1.44s/it, loss=0.6879]Trial 1 Ep3:  12%|█████████▌                                                                         | 9/78 [00:12<01:39,  1.44s/it, loss=0.6879]Trial 1 Ep3:  12%|█████████▌                                                                         | 9/78 [00:14<01:39,  1.44s/it, loss=0.6771]Trial 1 Ep3:  13%|██████████▌                                                                       | 10/78 [00:14<01:37,  1.43s/it, loss=0.6771]Trial 1 Ep3:  13%|██████████▌                                                                       | 10/78 [00:15<01:37,  1.43s/it, loss=0.7101]Trial 1 Ep3:  14%|███████████▌                                                                      | 11/78 [00:15<01:34,  1.42s/it, loss=0.7101]Trial 1 Ep3:  14%|███████████▌                                                                      | 11/78 [00:17<01:34,  1.42s/it, loss=0.7220]Trial 1 Ep3:  15%|████████████▌                                                                     | 12/78 [00:17<01:32,  1.40s/it, loss=0.7220]Trial 1 Ep3:  15%|████████████▌                                                                     | 12/78 [00:18<01:32,  1.40s/it, loss=0.7247]Trial 1 Ep3:  17%|█████████████▋                                                                    | 13/78 [00:18<01:31,  1.41s/it, loss=0.7247]Trial 1 Ep3:  17%|█████████████▋                                                                    | 13/78 [00:19<01:31,  1.41s/it, loss=0.6789]Trial 1 Ep3:  18%|██████████████▋                                                                   | 14/78 [00:19<01:28,  1.38s/it, loss=0.6789]Trial 1 Ep3:  18%|██████████████▋                                                                   | 14/78 [00:21<01:28,  1.38s/it, loss=0.7197]Trial 1 Ep3:  19%|███████████████▊                                                                  | 15/78 [00:21<01:28,  1.40s/it, loss=0.7197]Trial 1 Ep3:  19%|███████████████▊                                                                  | 15/78 [00:22<01:28,  1.40s/it, loss=0.7100]Trial 1 Ep3:  21%|████████████████▊                                                                 | 16/78 [00:22<01:27,  1.41s/it, loss=0.7100]Trial 1 Ep3:  21%|████████████████▊                                                                 | 16/78 [00:24<01:27,  1.41s/it, loss=0.7085]Trial 1 Ep3:  22%|█████████████████▊                                                                | 17/78 [00:24<01:25,  1.39s/it, loss=0.7085]Trial 1 Ep3:  22%|█████████████████▊                                                                | 17/78 [00:25<01:25,  1.39s/it, loss=0.6967]Trial 1 Ep3:  23%|██████████████████▉                                                               | 18/78 [00:25<01:24,  1.41s/it, loss=0.6967]Trial 1 Ep3:  23%|██████████████████▉                                                               | 18/78 [00:26<01:24,  1.41s/it, loss=0.6977]Trial 1 Ep3:  24%|███████████████████▉                                                              | 19/78 [00:26<01:22,  1.40s/it, loss=0.6977]Trial 1 Ep3:  24%|███████████████████▉                                                              | 19/78 [00:28<01:22,  1.40s/it, loss=0.7154]Trial 1 Ep3:  26%|█████████████████████                                                             | 20/78 [00:28<01:23,  1.43s/it, loss=0.7154]Trial 1 Ep3:  26%|█████████████████████                                                             | 20/78 [00:29<01:23,  1.43s/it, loss=0.6912]Trial 1 Ep3:  27%|██████████████████████                                                            | 21/78 [00:29<01:21,  1.43s/it, loss=0.6912]Trial 1 Ep3:  27%|██████████████████████                                                            | 21/78 [00:30<01:21,  1.43s/it, loss=0.7442]Trial 1 Ep3:  28%|███████████████████████▏                                                          | 22/78 [00:30<01:15,  1.35s/it, loss=0.7442]Trial 1 Ep3:  28%|███████████████████████▏                                                          | 22/78 [00:32<01:15,  1.35s/it, loss=0.7218]Trial 1 Ep3:  29%|████████████████████████▏                                                         | 23/78 [00:32<01:15,  1.37s/it, loss=0.7218]Trial 1 Ep3:  29%|████████████████████████▏                                                         | 23/78 [00:33<01:15,  1.37s/it, loss=0.6908]Trial 1 Ep3:  31%|█████████████████████████▏                                                        | 24/78 [00:33<01:14,  1.38s/it, loss=0.6908]Trial 1 Ep3:  31%|█████████████████████████▏                                                        | 24/78 [00:35<01:14,  1.38s/it, loss=0.6928]Trial 1 Ep3:  32%|██████████████████████████▎                                                       | 25/78 [00:35<01:12,  1.37s/it, loss=0.6928]Trial 1 Ep3:  32%|██████████████████████████▎                                                       | 25/78 [00:36<01:12,  1.37s/it, loss=0.7175]Trial 1 Ep3:  33%|███████████████████████████▎                                                      | 26/78 [00:36<01:11,  1.37s/it, loss=0.7175]Trial 1 Ep3:  33%|███████████████████████████▎                                                      | 26/78 [00:37<01:11,  1.37s/it, loss=0.7522]Trial 1 Ep3:  35%|████████████████████████████▍                                                     | 27/78 [00:37<01:10,  1.39s/it, loss=0.7522]Trial 1 Ep3:  35%|████████████████████████████▍                                                     | 27/78 [00:39<01:10,  1.39s/it, loss=0.6871]Trial 1 Ep3:  36%|█████████████████████████████▍                                                    | 28/78 [00:39<01:09,  1.38s/it, loss=0.6871]Trial 1 Ep3:  36%|█████████████████████████████▍                                                    | 28/78 [00:40<01:09,  1.38s/it, loss=0.7212]Trial 1 Ep3:  37%|██████████████████████████████▍                                                   | 29/78 [00:40<01:08,  1.41s/it, loss=0.7212]Trial 1 Ep3:  37%|██████████████████████████████▍                                                   | 29/78 [00:42<01:08,  1.41s/it, loss=0.7097]Trial 1 Ep3:  38%|███████████████████████████████▌                                                  | 30/78 [00:42<01:10,  1.46s/it, loss=0.7097]Trial 1 Ep3:  38%|███████████████████████████████▌                                                  | 30/78 [00:43<01:10,  1.46s/it, loss=0.7009]Trial 1 Ep3:  40%|████████████████████████████████▌                                                 | 31/78 [00:43<01:07,  1.43s/it, loss=0.7009]Trial 1 Ep3:  40%|████████████████████████████████▌                                                 | 31/78 [00:45<01:07,  1.43s/it, loss=0.6946]Trial 1 Ep3:  41%|█████████████████████████████████▋                                                | 32/78 [00:45<01:04,  1.41s/it, loss=0.6946]Trial 1 Ep3:  41%|█████████████████████████████████▋                                                | 32/78 [00:46<01:04,  1.41s/it, loss=0.7082]Trial 1 Ep3:  42%|██████████████████████████████████▋                                               | 33/78 [00:46<01:02,  1.39s/it, loss=0.7082]Trial 1 Ep3:  42%|██████████████████████████████████▋                                               | 33/78 [00:47<01:02,  1.39s/it, loss=0.7340]Trial 1 Ep3:  44%|███████████████████████████████████▋                                              | 34/78 [00:47<01:01,  1.40s/it, loss=0.7340]Trial 1 Ep3:  44%|███████████████████████████████████▋                                              | 34/78 [00:49<01:01,  1.40s/it, loss=0.7287]Trial 1 Ep3:  45%|████████████████████████████████████▊                                             | 35/78 [00:49<01:00,  1.42s/it, loss=0.7287]Trial 1 Ep3:  45%|████████████████████████████████████▊                                             | 35/78 [00:50<01:00,  1.42s/it, loss=0.6906]Trial 1 Ep3:  46%|█████████████████████████████████████▊                                            | 36/78 [00:50<01:00,  1.45s/it, loss=0.6906]Trial 1 Ep3:  46%|█████████████████████████████████████▊                                            | 36/78 [00:52<01:00,  1.45s/it, loss=0.7204]Trial 1 Ep3:  47%|██████████████████████████████████████▉                                           | 37/78 [00:52<00:57,  1.41s/it, loss=0.7204]Trial 1 Ep3:  47%|██████████████████████████████████████▉                                           | 37/78 [00:53<00:57,  1.41s/it, loss=0.7024]Trial 1 Ep3:  49%|███████████████████████████████████████▉                                          | 38/78 [00:53<00:55,  1.39s/it, loss=0.7024]Trial 1 Ep3:  49%|███████████████████████████████████████▉                                          | 38/78 [00:54<00:55,  1.39s/it, loss=0.7998]Trial 1 Ep3:  50%|█████████████████████████████████████████                                         | 39/78 [00:54<00:53,  1.37s/it, loss=0.7998]Trial 1 Ep3:  50%|█████████████████████████████████████████                                         | 39/78 [00:56<00:53,  1.37s/it, loss=0.7052]Trial 1 Ep3:  51%|██████████████████████████████████████████                                        | 40/78 [00:56<00:52,  1.37s/it, loss=0.7052]Trial 1 Ep3:  51%|██████████████████████████████████████████                                        | 40/78 [00:57<00:52,  1.37s/it, loss=0.7049]Trial 1 Ep3:  53%|███████████████████████████████████████████                                       | 41/78 [00:57<00:49,  1.35s/it, loss=0.7049]Trial 1 Ep3:  53%|███████████████████████████████████████████                                       | 41/78 [00:58<00:49,  1.35s/it, loss=0.7110]Trial 1 Ep3:  54%|████████████████████████████████████████████▏                                     | 42/78 [00:58<00:50,  1.39s/it, loss=0.7110]Trial 1 Ep3:  54%|████████████████████████████████████████████▏                                     | 42/78 [01:00<00:50,  1.39s/it, loss=0.6999]Trial 1 Ep3:  55%|█████████████████████████████████████████████▏                                    | 43/78 [01:00<00:48,  1.38s/it, loss=0.6999]Trial 1 Ep3:  55%|█████████████████████████████████████████████▏                                    | 43/78 [01:01<00:48,  1.38s/it, loss=0.6922]Trial 1 Ep3:  56%|██████████████████████████████████████████████▎                                   | 44/78 [01:01<00:47,  1.39s/it, loss=0.6922]Trial 1 Ep3:  56%|██████████████████████████████████████████████▎                                   | 44/78 [01:03<00:47,  1.39s/it, loss=0.6631]Trial 1 Ep3:  58%|███████████████████████████████████████████████▎                                  | 45/78 [01:03<00:46,  1.40s/it, loss=0.6631]Trial 1 Ep3:  58%|███████████████████████████████████████████████▎                                  | 45/78 [01:04<00:46,  1.40s/it, loss=0.7087]Trial 1 Ep3:  59%|████████████████████████████████████████████████▎                                 | 46/78 [01:04<00:44,  1.40s/it, loss=0.7087]Trial 1 Ep3:  59%|████████████████████████████████████████████████▎                                 | 46/78 [01:05<00:44,  1.40s/it, loss=0.7159]Trial 1 Ep3:  60%|█████████████████████████████████████████████████▍                                | 47/78 [01:05<00:43,  1.40s/it, loss=0.7159]Trial 1 Ep3:  60%|█████████████████████████████████████████████████▍                                | 47/78 [01:07<00:43,  1.40s/it, loss=0.6895]Trial 1 Ep3:  62%|██████████████████████████████████████████████████▍                               | 48/78 [01:07<00:42,  1.41s/it, loss=0.6895]Trial 1 Ep3:  62%|██████████████████████████████████████████████████▍                               | 48/78 [01:08<00:42,  1.41s/it, loss=0.6797]Trial 1 Ep3:  63%|███████████████████████████████████████████████████▌                              | 49/78 [01:08<00:41,  1.42s/it, loss=0.6797]Trial 1 Ep3:  63%|███████████████████████████████████████████████████▌                              | 49/78 [01:10<00:41,  1.42s/it, loss=0.7174]Trial 1 Ep3:  64%|████████████████████████████████████████████████████▌                             | 50/78 [01:10<00:39,  1.42s/it, loss=0.7174]Trial 1 Ep3:  64%|████████████████████████████████████████████████████▌                             | 50/78 [01:11<00:39,  1.42s/it, loss=0.6764]Trial 1 Ep3:  65%|█████████████████████████████████████████████████████▌                            | 51/78 [01:11<00:38,  1.42s/it, loss=0.6764]Trial 1 Ep3:  65%|█████████████████████████████████████████████████████▌                            | 51/78 [01:13<00:38,  1.42s/it, loss=0.6959]Trial 1 Ep3:  67%|██████████████████████████████████████████████████████▋                           | 52/78 [01:13<00:37,  1.43s/it, loss=0.6959]Trial 1 Ep3:  67%|██████████████████████████████████████████████████████▋                           | 52/78 [01:14<00:37,  1.43s/it, loss=0.6926]Trial 1 Ep3:  68%|███████████████████████████████████████████████████████▋                          | 53/78 [01:14<00:35,  1.41s/it, loss=0.6926]Trial 1 Ep3:  68%|███████████████████████████████████████████████████████▋                          | 53/78 [01:15<00:35,  1.41s/it, loss=0.6948]Trial 1 Ep3:  69%|████████████████████████████████████████████████████████▊                         | 54/78 [01:15<00:33,  1.40s/it, loss=0.6948]Trial 1 Ep3:  69%|████████████████████████████████████████████████████████▊                         | 54/78 [01:17<00:33,  1.40s/it, loss=0.7521]Trial 1 Ep3:  71%|█████████████████████████████████████████████████████████▊                        | 55/78 [01:17<00:32,  1.40s/it, loss=0.7521]Trial 1 Ep3:  71%|█████████████████████████████████████████████████████████▊                        | 55/78 [01:18<00:32,  1.40s/it, loss=0.6632]Trial 1 Ep3:  72%|██████████████████████████████████████████████████████████▊                       | 56/78 [01:18<00:30,  1.40s/it, loss=0.6632]Trial 1 Ep3:  72%|██████████████████████████████████████████████████████████▊                       | 56/78 [01:20<00:30,  1.40s/it, loss=0.7211]Trial 1 Ep3:  73%|███████████████████████████████████████████████████████████▉                      | 57/78 [01:20<00:30,  1.44s/it, loss=0.7211]Trial 1 Ep3:  73%|███████████████████████████████████████████████████████████▉                      | 57/78 [01:21<00:30,  1.44s/it, loss=0.7091]Trial 1 Ep3:  74%|████████████████████████████████████████████████████████████▉                     | 58/78 [01:21<00:28,  1.44s/it, loss=0.7091]Trial 1 Ep3:  74%|████████████████████████████████████████████████████████████▉                     | 58/78 [01:23<00:28,  1.44s/it, loss=0.7311]Trial 1 Ep3:  76%|██████████████████████████████████████████████████████████████                    | 59/78 [01:23<00:27,  1.43s/it, loss=0.7311]Trial 1 Ep3:  76%|██████████████████████████████████████████████████████████████                    | 59/78 [01:24<00:27,  1.43s/it, loss=0.7141]Trial 1 Ep3:  77%|███████████████████████████████████████████████████████████████                   | 60/78 [01:24<00:25,  1.43s/it, loss=0.7141]Trial 1 Ep3:  77%|███████████████████████████████████████████████████████████████                   | 60/78 [01:25<00:25,  1.43s/it, loss=0.6993]Trial 1 Ep3:  78%|████████████████████████████████████████████████████████████████▏                 | 61/78 [01:25<00:23,  1.41s/it, loss=0.6993]Trial 1 Ep3:  78%|████████████████████████████████████████████████████████████████▏                 | 61/78 [01:27<00:23,  1.41s/it, loss=0.7092]Trial 1 Ep3:  79%|█████████████████████████████████████████████████████████████████▏                | 62/78 [01:27<00:22,  1.39s/it, loss=0.7092]Trial 1 Ep3:  79%|█████████████████████████████████████████████████████████████████▏                | 62/78 [01:28<00:22,  1.39s/it, loss=0.7081]Trial 1 Ep3:  81%|██████████████████████████████████████████████████████████████████▏               | 63/78 [01:28<00:18,  1.26s/it, loss=0.7081]Trial 1 Ep3:  81%|██████████████████████████████████████████████████████████████████▏               | 63/78 [01:29<00:18,  1.26s/it, loss=0.6770]Trial 1 Ep3:  82%|███████████████████████████████████████████████████████████████████▎              | 64/78 [01:29<00:18,  1.31s/it, loss=0.6770]Trial 1 Ep3:  82%|███████████████████████████████████████████████████████████████████▎              | 64/78 [01:30<00:18,  1.31s/it, loss=0.7152]Trial 1 Ep3:  83%|████████████████████████████████████████████████████████████████████▎             | 65/78 [01:30<00:17,  1.35s/it, loss=0.7152]Trial 1 Ep3:  83%|████████████████████████████████████████████████████████████████████▎             | 65/78 [01:32<00:17,  1.35s/it, loss=0.7068]Trial 1 Ep3:  85%|█████████████████████████████████████████████████████████████████████▍            | 66/78 [01:32<00:16,  1.36s/it, loss=0.7068]Trial 1 Ep3:  85%|█████████████████████████████████████████████████████████████████████▍            | 66/78 [01:33<00:16,  1.36s/it, loss=0.6781]Trial 1 Ep3:  86%|██████████████████████████████████████████████████████████████████████▍           | 67/78 [01:33<00:14,  1.36s/it, loss=0.6781]Trial 1 Ep3:  86%|██████████████████████████████████████████████████████████████████████▍           | 67/78 [01:35<00:14,  1.36s/it, loss=0.7123]Trial 1 Ep3:  87%|███████████████████████████████████████████████████████████████████████▍          | 68/78 [01:35<00:13,  1.37s/it, loss=0.7123]Trial 1 Ep3:  87%|███████████████████████████████████████████████████████████████████████▍          | 68/78 [01:36<00:13,  1.37s/it, loss=0.6810]Trial 1 Ep3:  88%|████████████████████████████████████████████████████████████████████████▌         | 69/78 [01:36<00:12,  1.41s/it, loss=0.6810]Trial 1 Ep3:  88%|████████████████████████████████████████████████████████████████████████▌         | 69/78 [01:38<00:12,  1.41s/it, loss=0.7153]Trial 1 Ep3:  90%|█████████████████████████████████████████████████████████████████████████▌        | 70/78 [01:38<00:11,  1.40s/it, loss=0.7153]Trial 1 Ep3:  90%|█████████████████████████████████████████████████████████████████████████▌        | 70/78 [01:39<00:11,  1.40s/it, loss=0.7036]Trial 1 Ep3:  91%|██████████████████████████████████████████████████████████████████████████▋       | 71/78 [01:39<00:09,  1.41s/it, loss=0.7036]Trial 1 Ep3:  91%|██████████████████████████████████████████████████████████████████████████▋       | 71/78 [01:41<00:09,  1.41s/it, loss=0.6662]Trial 1 Ep3:  92%|███████████████████████████████████████████████████████████████████████████▋      | 72/78 [01:41<00:08,  1.46s/it, loss=0.6662]Trial 1 Ep3:  92%|███████████████████████████████████████████████████████████████████████████▋      | 72/78 [01:42<00:08,  1.46s/it, loss=0.7174]Trial 1 Ep3:  94%|████████████████████████████████████████████████████████████████████████████▋     | 73/78 [01:42<00:07,  1.46s/it, loss=0.7174]Trial 1 Ep3:  94%|████████████████████████████████████████████████████████████████████████████▋     | 73/78 [01:43<00:07,  1.46s/it, loss=0.6979]Trial 1 Ep3:  95%|█████████████████████████████████████████████████████████████████████████████▊    | 74/78 [01:43<00:05,  1.44s/it, loss=0.6979]Trial 1 Ep3:  95%|█████████████████████████████████████████████████████████████████████████████▊    | 74/78 [01:45<00:05,  1.44s/it, loss=0.7012]Trial 1 Ep3:  96%|██████████████████████████████████████████████████████████████████████████████▊  