Trial 3 Ep3:   0%|                                                                                                        | 0/78 [00:00<?, ?it/s]Trial 3 Ep3:   0%|                                                                                           | 0/78 [00:01<?, ?it/s, loss=0.7121]Trial 3 Ep3:   1%|█                                                                                  | 1/78 [00:01<01:50,  1.43s/it, loss=0.7121]Trial 3 Ep3:   1%|█                                                                                  | 1/78 [00:02<01:50,  1.43s/it, loss=0.7420]Trial 3 Ep3:   3%|██▏                                                                                | 2/78 [00:02<01:46,  1.41s/it, loss=0.7420]Trial 3 Ep3:   3%|██▏                                                                                | 2/78 [00:04<01:46,  1.41s/it, loss=0.7305]Trial 3 Ep3:   4%|███▏                                                                               | 3/78 [00:04<01:46,  1.42s/it, loss=0.7305]Trial 3 Ep3:   4%|███▏                                                                               | 3/78 [00:05<01:46,  1.42s/it, loss=0.7172]Trial 3 Ep3:   5%|████▎                                                                              | 4/78 [00:05<01:45,  1.42s/it, loss=0.7172]Trial 3 Ep3:   5%|████▎                                                                              | 4/78 [00:07<01:45,  1.42s/it, loss=0.7091]Trial 3 Ep3:   6%|█████▎                                                                             | 5/78 [00:07<01:45,  1.44s/it, loss=0.7091]Trial 3 Ep3:   6%|█████▎                                                                             | 5/78 [00:08<01:45,  1.44s/it, loss=0.7115]Trial 3 Ep3:   8%|██████▍                                                                            | 6/78 [00:08<01:44,  1.45s/it, loss=0.7115]Trial 3 Ep3:   8%|██████▍                                                                            | 6/78 [00:10<01:44,  1.45s/it, loss=0.7190]Trial 3 Ep3:   9%|███████▍                                                                           | 7/78 [00:10<01:41,  1.44s/it, loss=0.7190]Trial 3 Ep3:   9%|███████▍                                                                           | 7/78 [00:11<01:41,  1.44s/it, loss=0.7101]Trial 3 Ep3:  10%|████████▌                                                                          | 8/78 [00:11<01:38,  1.41s/it, loss=0.7101]Trial 3 Ep3:  10%|████████▌                                                                          | 8/78 [00:12<01:38,  1.41s/it, loss=0.6268]Trial 3 Ep3:  12%|█████████▌                                                                         | 9/78 [00:12<01:26,  1.25s/it, loss=0.6268]Trial 3 Ep3:  12%|█████████▌                                                                         | 9/78 [00:13<01:26,  1.25s/it, loss=0.7542]Trial 3 Ep3:  13%|██████████▌                                                                       | 10/78 [00:13<01:33,  1.38s/it, loss=0.7542]Trial 3 Ep3:  13%|██████████▌                                                                       | 10/78 [00:15<01:33,  1.38s/it, loss=0.7118]Trial 3 Ep3:  14%|███████████▌                                                                      | 11/78 [00:15<01:35,  1.43s/it, loss=0.7118]Trial 3 Ep3:  14%|███████████▌                                                                      | 11/78 [00:16<01:35,  1.43s/it, loss=0.7160]Trial 3 Ep3:  15%|████████████▌                                                                     | 12/78 [00:16<01:34,  1.44s/it, loss=0.7160]Trial 3 Ep3:  15%|████████████▌                                                                     | 12/78 [00:18<01:34,  1.44s/it, loss=0.7134]Trial 3 Ep3:  17%|█████████████▋                                                                    | 13/78 [00:18<01:33,  1.43s/it, loss=0.7134]Trial 3 Ep3:  17%|█████████████▋                                                                    | 13/78 [00:19<01:33,  1.43s/it, loss=0.6897]Trial 3 Ep3:  18%|██████████████▋                                                                   | 14/78 [00:19<01:30,  1.41s/it, loss=0.6897]Trial 3 Ep3:  18%|██████████████▋                                                                   | 14/78 [00:21<01:30,  1.41s/it, loss=0.6576]Trial 3 Ep3:  19%|███████████████▊                                                                  | 15/78 [00:21<01:30,  1.44s/it, loss=0.6576]Trial 3 Ep3:  19%|███████████████▊                                                                  | 15/78 [00:22<01:30,  1.44s/it, loss=0.7985]Trial 3 Ep3:  21%|████████████████▊                                                                 | 16/78 [00:22<01:29,  1.44s/it, loss=0.7985]Trial 3 Ep3:  21%|████████████████▊                                                                 | 16/78 [00:24<01:29,  1.44s/it, loss=0.6796]Trial 3 Ep3:  22%|█████████████████▊                                                                | 17/78 [00:24<01:26,  1.42s/it, loss=0.6796]Trial 3 Ep3:  22%|█████████████████▊                                                                | 17/78 [00:25<01:26,  1.42s/it, loss=0.8367]Trial 3 Ep3:  23%|██████████████████▉                                                               | 18/78 [00:25<01:24,  1.40s/it, loss=0.8367]Trial 3 Ep3:  23%|██████████████████▉                                                               | 18/78 [00:26<01:24,  1.40s/it, loss=0.6907]Trial 3 Ep3:  24%|███████████████████▉                                                              | 19/78 [00:26<01:24,  1.43s/it, loss=0.6907]Trial 3 Ep3:  24%|███████████████████▉                                                              | 19/78 [00:28<01:24,  1.43s/it, loss=0.7183]Trial 3 Ep3:  26%|█████████████████████                                                             | 20/78 [00:28<01:21,  1.41s/it, loss=0.7183]Trial 3 Ep3:  26%|█████████████████████                                                             | 20/78 [00:29<01:21,  1.41s/it, loss=0.7098]Trial 3 Ep3:  27%|██████████████████████                                                            | 21/78 [00:29<01:20,  1.41s/it, loss=0.7098]Trial 3 Ep3:  27%|██████████████████████                                                            | 21/78 [00:31<01:20,  1.41s/it, loss=0.6949]Trial 3 Ep3:  28%|███████████████████████▏                                                          | 22/78 [00:31<01:17,  1.39s/it, loss=0.6949]Trial 3 Ep3:  28%|███████████████████████▏                                                          | 22/78 [00:32<01:17,  1.39s/it, loss=0.7810]Trial 3 Ep3:  29%|████████████████████████▏                                                         | 23/78 [00:32<01:16,  1.39s/it, loss=0.7810]Trial 3 Ep3:  29%|████████████████████████▏                                                         | 23/78 [00:33<01:16,  1.39s/it, loss=0.7103]Trial 3 Ep3:  31%|█████████████████████████▏                                                        | 24/78 [00:33<01:17,  1.43s/it, loss=0.7103]Trial 3 Ep3:  31%|█████████████████████████▏                                                        | 24/78 [00:35<01:17,  1.43s/it, loss=0.7317]Trial 3 Ep3:  32%|██████████████████████████▎                                                       | 25/78 [00:35<01:15,  1.43s/it, loss=0.7317]Trial 3 Ep3:  32%|██████████████████████████▎                                                       | 25/78 [00:36<01:15,  1.43s/it, loss=0.6987]Trial 3 Ep3:  33%|███████████████████████████▎                                                      | 26/78 [00:36<01:14,  1.43s/it, loss=0.6987]Trial 3 Ep3:  33%|███████████████████████████▎                                                      | 26/78 [00:38<01:14,  1.43s/it, loss=0.6929]Trial 3 Ep3:  35%|████████████████████████████▍                                                     | 27/78 [00:38<01:13,  1.44s/it, loss=0.6929]Trial 3 Ep3:  35%|████████████████████████████▍                                                     | 27/78 [00:39<01:13,  1.44s/it, loss=0.6571]Trial 3 Ep3:  36%|█████████████████████████████▍                                                    | 28/78 [00:39<01:11,  1.42s/it, loss=0.6571]Trial 3 Ep3:  36%|█████████████████████████████▍                                                    | 28/78 [00:41<01:11,  1.42s/it, loss=0.7522]Trial 3 Ep3:  37%|██████████████████████████████▍                                                   | 29/78 [00:41<01:09,  1.41s/it, loss=0.7522]Trial 3 Ep3:  37%|██████████████████████████████▍                                                   | 29/78 [00:42<01:09,  1.41s/it, loss=0.7085]Trial 3 Ep3:  38%|███████████████████████████████▌                                                  | 30/78 [00:42<01:07,  1.41s/it, loss=0.7085]Trial 3 Ep3:  38%|███████████████████████████████▌                                                  | 30/78 [00:43<01:07,  1.41s/it, loss=0.6729]Trial 3 Ep3:  40%|████████████████████████████████▌                                                 | 31/78 [00:43<01:05,  1.40s/it, loss=0.6729]Trial 3 Ep3:  40%|████████████████████████████████▌                                                 | 31/78 [00:45<01:05,  1.40s/it, loss=0.6726]Trial 3 Ep3:  41%|█████████████████████████████████▋                                                | 32/78 [00:45<01:04,  1.41s/it, loss=0.6726]Trial 3 Ep3:  41%|█████████████████████████████████▋                                                | 32/78 [00:46<01:04,  1.41s/it, loss=0.6862]Trial 3 Ep3:  42%|██████████████████████████████████▋                                               | 33/78 [00:46<01:03,  1.41s/it, loss=0.6862]Trial 3 Ep3:  42%|██████████████████████████████████▋                                               | 33/78 [00:48<01:03,  1.41s/it, loss=0.7021]Trial 3 Ep3:  44%|███████████████████████████████████▋                                              | 34/78 [00:48<01:02,  1.42s/it, loss=0.7021]Trial 3 Ep3:  44%|███████████████████████████████████▋                                              | 34/78 [00:49<01:02,  1.42s/it, loss=0.6989]Trial 3 Ep3:  45%|████████████████████████████████████▊                                             | 35/78 [00:49<01:01,  1.43s/it, loss=0.6989]Trial 3 Ep3:  45%|████████████████████████████████████▊                                             | 35/78 [00:51<01:01,  1.43s/it, loss=0.7019]Trial 3 Ep3:  46%|█████████████████████████████████████▊                                            | 36/78 [00:51<01:00,  1.45s/it, loss=0.7019]Trial 3 Ep3:  46%|█████████████████████████████████████▊                                            | 36/78 [00:52<01:00,  1.45s/it, loss=0.7042]Trial 3 Ep3:  47%|██████████████████████████████████████▉                                           | 37/78 [00:52<00:59,  1.44s/it, loss=0.7042]Trial 3 Ep3:  47%|██████████████████████████████████████▉                                           | 37/78 [00:53<00:59,  1.44s/it, loss=0.6926]Trial 3 Ep3:  49%|███████████████████████████████████████▉                                          | 38/78 [00:53<00:57,  1.43s/it, loss=0.6926]Trial 3 Ep3:  49%|███████████████████████████████████████▉                                          | 38/78 [00:55<00:57,  1.43s/it, loss=0.7081]Trial 3 Ep3:  50%|█████████████████████████████████████████                                         | 39/78 [00:55<00:56,  1.44s/it, loss=0.7081]Trial 3 Ep3:  50%|█████████████████████████████████████████                                         | 39/78 [00:56<00:56,  1.44s/it, loss=0.6874]Trial 3 Ep3:  51%|██████████████████████████████████████████                                        | 40/78 [00:56<00:54,  1.43s/it, loss=0.6874]Trial 3 Ep3:  51%|██████████████████████████████████████████                                        | 40/78 [00:58<00:54,  1.43s/it, loss=0.7104]Trial 3 Ep3:  53%|███████████████████████████████████████████                                       | 41/78 [00:58<00:52,  1.42s/it, loss=0.7104]Trial 3 Ep3:  53%|███████████████████████████████████████████                                       | 41/78 [00:59<00:52,  1.42s/it, loss=0.7087]Trial 3 Ep3:  54%|████████████████████████████████████████████▏                                     | 42/78 [00:59<00:51,  1.43s/it, loss=0.7087]Trial 3 Ep3:  54%|████████████████████████████████████████████▏                                     | 42/78 [01:01<00:51,  1.43s/it, loss=0.6960]Trial 3 Ep3:  55%|█████████████████████████████████████████████▏                                    | 43/78 [01:01<00:49,  1.43s/it, loss=0.6960]Trial 3 Ep3:  55%|█████████████████████████████████████████████▏                                    | 43/78 [01:02<00:49,  1.43s/it, loss=0.6807]Trial 3 Ep3:  56%|██████████████████████████████████████████████▎                                   | 44/78 [01:02<00:48,  1.42s/it, loss=0.6807]Trial 3 Ep3:  56%|██████████████████████████████████████████████▎                                   | 44/78 [01:03<00:48,  1.42s/it, loss=0.6854]Trial 3 Ep3:  58%|███████████████████████████████████████████████▎                                  | 45/78 [01:03<00:47,  1.43s/it, loss=0.6854]Trial 3 Ep3:  58%|███████████████████████████████████████████████▎                                  | 45/78 [01:05<00:47,  1.43s/it, loss=0.6755]Trial 3 Ep3:  59%|████████████████████████████████████████████████▎                                 | 46/78 [01:05<00:46,  1.44s/it, loss=0.6755]Trial 3 Ep3:  59%|████████████████████████████████████████████████▎                                 | 46/78 [01:06<00:46,  1.44s/it, loss=0.6736]Trial 3 Ep3:  60%|█████████████████████████████████████████████████▍                                | 47/78 [01:06<00:44,  1.43s/it, loss=0.6736]Trial 3 Ep3:  60%|█████████████████████████████████████████████████▍                                | 47/78 [01:08<00:44,  1.43s/it, loss=0.6920]Trial 3 Ep3:  62%|██████████████████████████████████████████████████▍                               | 48/78 [01:08<00:42,  1.42s/it, loss=0.6920]Trial 3 Ep3:  62%|██████████████████████████████████████████████████▍                               | 48/78 [01:09<00:42,  1.42s/it, loss=0.6944]Trial 3 Ep3:  63%|███████████████████████████████████████████████████▌                              | 49/78 [01:09<00:41,  1.43s/it, loss=0.6944]Trial 3 Ep3:  63%|███████████████████████████████████████████████████▌                              | 49/78 [01:10<00:41,  1.43s/it, loss=0.7241]Trial 3 Ep3:  64%|████████████████████████████████████████████████████▌                             | 50/78 [01:10<00:37,  1.35s/it, loss=0.7241]Trial 3 Ep3:  64%|████████████████████████████████████████████████████▌                             | 50/78 [01:12<00:37,  1.35s/it, loss=0.6908]Trial 3 Ep3:  65%|█████████████████████████████████████████████████████▌                            | 51/78 [01:12<00:37,  1.40s/it, loss=0.6908]Trial 3 Ep3:  65%|█████████████████████████████████████████████████████▌                            | 51/78 [01:13<00:37,  1.40s/it, loss=0.6994]Trial 3 Ep3:  67%|██████████████████████████████████████████████████████▋                           | 52/78 [01:13<00:38,  1.48s/it, loss=0.6994]Trial 3 Ep3:  67%|██████████████████████████████████████████████████████▋                           | 52/78 [01:15<00:38,  1.48s/it, loss=0.7194]Trial 3 Ep3:  68%|███████████████████████████████████████████████████████▋                          | 53/78 [01:15<00:36,  1.46s/it, loss=0.7194]Trial 3 Ep3:  68%|███████████████████████████████████████████████████████▋                          | 53/78 [01:16<00:36,  1.46s/it, loss=0.6801]Trial 3 Ep3:  69%|████████████████████████████████████████████████████████▊                         | 54/78 [01:16<00:35,  1.46s/it, loss=0.6801]Trial 3 Ep3:  69%|████████████████████████████████████████████████████████▊                         | 54/78 [01:18<00:35,  1.46s/it, loss=0.6383]Trial 3 Ep3:  71%|█████████████████████████████████████████████████████████▊                        | 55/78 [01:18<00:33,  1.47s/it, loss=0.6383]Trial 3 Ep3:  71%|█████████████████████████████████████████████████████████▊                        | 55/78 [01:19<00:33,  1.47s/it, loss=0.7319]Trial 3 Ep3:  72%|██████████████████████████████████████████████████████████▊                       | 56/78 [01:19<00:32,  1.46s/it, loss=0.7319]Trial 3 Ep3:  72%|██████████████████████████████████████████████████████████▊                       | 56/78 [01:21<00:32,  1.46s/it, loss=0.7206]Trial 3 Ep3:  73%|███████████████████████████████████████████████████████████▉                      | 57/78 [01:21<00:30,  1.44s/it, loss=0.7206]Trial 3 Ep3:  73%|███████████████████████████████████████████████████████████▉                      | 57/78 [01:22<00:30,  1.44s/it, loss=0.6799]Trial 3 Ep3:  74%|████████████████████████████████████████████████████████████▉                     | 58/78 [01:22<00:28,  1.45s/it, loss=0.6799]Trial 3 Ep3:  74%|████████████████████████████████████████████████████████████▉                     | 58/78 [01:24<00:28,  1.45s/it, loss=0.7124]Trial 3 Ep3:  76%|██████████████████████████████████████████████████████████████                    | 59/78 [01:24<00:27,  1.43s/it, loss=0.7124]Trial 3 Ep3:  76%|██████████████████████████████████████████████████████████████                    | 59/78 [01:25<00:27,  1.43s/it, loss=0.7190]Trial 3 Ep3:  77%|███████████████████████████████████████████████████████████████                   | 60/78 [01:25<00:26,  1.45s/it, loss=0.7190]Trial 3 Ep3:  77%|███████████████████████████████████████████████████████████████                   | 60/78 [01:26<00:26,  1.45s/it, loss=0.6755]Trial 3 Ep3:  78%|████████████████████████████████████████████████████████████████▏                 | 61/78 [01:26<00:24,  1.45s/it, loss=0.6755]Trial 3 Ep3:  78%|████████████████████████████████████████████████████████████████▏                 | 61/78 [01:28<00:24,  1.45s/it, loss=0.7085]Trial 3 Ep3:  79%|█████████████████████████████████████████████████████████████████▏                | 62/78 [01:28<00:22,  1.43s/it, loss=0.7085]Trial 3 Ep3:  79%|█████████████████████████████████████████████████████████████████▏                | 62/78 [01:29<00:22,  1.43s/it, loss=0.7121]Trial 3 Ep3:  81%|██████████████████████████████████████████████████████████████████▏               | 63/78 [01:29<00:21,  1.44s/it, loss=0.7121]Trial 3 Ep3:  81%|██████████████████████████████████████████████████████████████████▏               | 63/78 [01:31<00:21,  1.44s/it, loss=0.6962]Trial 3 Ep3:  82%|███████████████████████████████████████████████████████████████████▎              | 64/78 [01:31<00:20,  1.48s/it, loss=0.6962]Trial 3 Ep3:  82%|███████████████████████████████████████████████████████████████████▎              | 64/78 [01:32<00:20,  1.48s/it, loss=0.6797]Trial 3 Ep3:  83%|████████████████████████████████████████████████████████████████████▎             | 65/78 [01:32<00:19,  1.47s/it, loss=0.6797]Trial 3 Ep3:  83%|████████████████████████████████████████████████████████████████████▎             | 65/78 [01:34<00:19,  1.47s/it, loss=0.6922]Trial 3 Ep3:  85%|█████████████████████████████████████████████████████████████████████▍            | 66/78 [01:34<00:17,  1.45s/it, loss=0.6922]Trial 3 Ep3:  85%|█████████████████████████████████████████████████████████████████████▍            | 66/78 [01:35<00:17,  1.45s/it, loss=0.7030]Trial 3 Ep3:  86%|██████████████████████████████████████████████████████████████████████▍           | 67/78 [01:35<00:15,  1.45s/it, loss=0.7030]Trial 3 Ep3:  86%|██████████████████████████████████████████████████████████████████████▍           | 67/78 [01:37<00:15,  1.45s/it, loss=0.7047]Trial 3 Ep3:  87%|███████████████████████████████████████████████████████████████████████▍          | 68/78 [01:37<00:14,  1.45s/it, loss=0.7047]Trial 3 Ep3:  87%|███████████████████████████████████████████████████████████████████████▍          | 68/78 [01:38<00:14,  1.45s/it, loss=0.6844]Trial 3 Ep3:  88%|████████████████████████████████████████████████████████████████████████▌         | 69/78 [01:38<00:13,  1.45s/it, loss=0.6844]Trial 3 Ep3:  88%|████████████████████████████████████████████████████████████████████████▌         | 69/78 [01:40<00:13,  1.45s/it, loss=0.6838]Trial 3 Ep3:  90%|█████████████████████████████████████████████████████████████████████████▌        | 70/78 [01:40<00:11,  1.46s/it, loss=0.6838]Trial 3 Ep3:  90%|█████████████████████████████████████████████████████████████████████████▌        | 70/78 [01:41<00:11,  1.46s/it, loss=0.6801]Trial 3 Ep3:  91%|██████████████████████████████████████████████████████████████████████████▋       | 71/78 [01:41<00:10,  1.46s/it, loss=0.6801]Trial 3 Ep3:  91%|██████████████████████████████████████████████████████████████████████████▋       | 71/78 [01:42<00:10,  1.46s/it, loss=0.6937]Trial 3 Ep3:  92%|███████████████████████████████████████████████████████████████████████████▋      | 72/78 [01:42<00:08,  1.46s/it, loss=0.6937]Trial 3 Ep3:  92%|███████████████████████████████████████████████████████████████████████████▋      | 72/78 [01:44<00:08,  1.46s/it, loss=0.6798]Trial 3 Ep3:  94%|████████████████████████████████████████████████████████████████████████████▋     | 73/78 [01:44<00:07,  1.47s/it, loss=0.6798]Trial 3 Ep3:  94%|████████████████████████████████████████████████████████████████████████████▋     | 73/78 [01:45<00:07,  1.47s/it, loss=0.6758]Trial 3 Ep3:  95%|█████████████████████████████████████████████████████████████████████████████▊    | 74/78 [01:45<00:05,  1.48s/it, loss=0.6758]Trial 3 Ep3:  95%|█████████████████████████████████████████████████████████████████████████████▊    | 74/78 [01:47<00:05,  1.48s/it, loss=0.7426]Trial 3 Ep3:  96%|██████████████████████████████████████████████████████████████████████████████▊  