Trial 2 Ep6:   0%|                                                                                                        | 0/78 [00:00<?, ?it/s]Trial 2 Ep6:   0%|                                                                                           | 0/78 [00:01<?, ?it/s, loss=0.7003]Trial 2 Ep6:   1%|█                                                                                  | 1/78 [00:01<01:53,  1.48s/it, loss=0.7003]Trial 2 Ep6:   1%|█                                                                                  | 1/78 [00:02<01:53,  1.48s/it, loss=0.7808]Trial 2 Ep6:   3%|██▏                                                                                | 2/78 [00:02<01:51,  1.47s/it, loss=0.7808]Trial 2 Ep6:   3%|██▏                                                                                | 2/78 [00:04<01:51,  1.47s/it, loss=0.5414]Trial 2 Ep6:   4%|███▏                                                                               | 3/78 [00:04<01:48,  1.44s/it, loss=0.5414]Trial 2 Ep6:   4%|███▏                                                                               | 3/78 [00:05<01:48,  1.44s/it, loss=0.5615]Trial 2 Ep6:   5%|████▎                                                                              | 4/78 [00:05<01:45,  1.43s/it, loss=0.5615]Trial 2 Ep6:   5%|████▎                                                                              | 4/78 [00:07<01:45,  1.43s/it, loss=0.9023]Trial 2 Ep6:   6%|█████▎                                                                             | 5/78 [00:07<01:42,  1.41s/it, loss=0.9023]Trial 2 Ep6:   6%|█████▎                                                                             | 5/78 [00:08<01:42,  1.41s/it, loss=0.7433]Trial 2 Ep6:   8%|██████▍                                                                            | 6/78 [00:08<01:39,  1.39s/it, loss=0.7433]Trial 2 Ep6:   8%|██████▍                                                                            | 6/78 [00:09<01:39,  1.39s/it, loss=0.5422]Trial 2 Ep6:   9%|███████▍                                                                           | 7/78 [00:09<01:38,  1.39s/it, loss=0.5422]Trial 2 Ep6:   9%|███████▍                                                                           | 7/78 [00:11<01:38,  1.39s/it, loss=0.7158]Trial 2 Ep6:  10%|████████▌                                                                          | 8/78 [00:11<01:36,  1.38s/it, loss=0.7158]Trial 2 Ep6:  10%|████████▌                                                                          | 8/78 [00:12<01:36,  1.38s/it, loss=0.6118]Trial 2 Ep6:  12%|█████████▌                                                                         | 9/78 [00:12<01:34,  1.38s/it, loss=0.6118]Trial 2 Ep6:  12%|█████████▌                                                                         | 9/78 [00:14<01:34,  1.38s/it, loss=0.7982]Trial 2 Ep6:  13%|██████████▌                                                                       | 10/78 [00:14<01:34,  1.39s/it, loss=0.7982]Trial 2 Ep6:  13%|██████████▌                                                                       | 10/78 [00:15<01:34,  1.39s/it, loss=0.4285]Trial 2 Ep6:  14%|███████████▌                                                                      | 11/78 [00:15<01:33,  1.40s/it, loss=0.4285]Trial 2 Ep6:  14%|███████████▌                                                                      | 11/78 [00:16<01:33,  1.40s/it, loss=0.6037]Trial 2 Ep6:  15%|████████████▌                                                                     | 12/78 [00:16<01:32,  1.40s/it, loss=0.6037]Trial 2 Ep6:  15%|████████████▌                                                                     | 12/78 [00:18<01:32,  1.40s/it, loss=0.5913]Trial 2 Ep6:  17%|█████████████▋                                                                    | 13/78 [00:18<01:30,  1.39s/it, loss=0.5913]Trial 2 Ep6:  17%|█████████████▋                                                                    | 13/78 [00:19<01:30,  1.39s/it, loss=0.6084]Trial 2 Ep6:  18%|██████████████▋                                                                   | 14/78 [00:19<01:27,  1.37s/it, loss=0.6084]Trial 2 Ep6:  18%|██████████████▋                                                                   | 14/78 [00:21<01:27,  1.37s/it, loss=0.6290]Trial 2 Ep6:  19%|███████████████▊                                                                  | 15/78 [00:21<01:28,  1.40s/it, loss=0.6290]Trial 2 Ep6:  19%|███████████████▊                                                                  | 15/78 [00:22<01:28,  1.40s/it, loss=0.8280]Trial 2 Ep6:  21%|████████████████▊                                                                 | 16/78 [00:22<01:27,  1.41s/it, loss=0.8280]Trial 2 Ep6:  21%|████████████████▊                                                                 | 16/78 [00:23<01:27,  1.41s/it, loss=0.6415]Trial 2 Ep6:  22%|█████████████████▊                                                                | 17/78 [00:23<01:26,  1.41s/it, loss=0.6415]Trial 2 Ep6:  22%|█████████████████▊                                                                | 17/78 [00:25<01:26,  1.41s/it, loss=0.5868]Trial 2 Ep6:  23%|██████████████████▉                                                               | 18/78 [00:25<01:23,  1.40s/it, loss=0.5868]Trial 2 Ep6:  23%|██████████████████▉                                                               | 18/78 [00:26<01:23,  1.40s/it, loss=0.7805]Trial 2 Ep6:  24%|███████████████████▉                                                              | 19/78 [00:26<01:21,  1.39s/it, loss=0.7805]Trial 2 Ep6:  24%|███████████████████▉                                                              | 19/78 [00:28<01:21,  1.39s/it, loss=0.6350]Trial 2 Ep6:  26%|█████████████████████                                                             | 20/78 [00:28<01:20,  1.39s/it, loss=0.6350]Trial 2 Ep6:  26%|█████████████████████                                                             | 20/78 [00:29<01:20,  1.39s/it, loss=0.6642]Trial 2 Ep6:  27%|██████████████████████                                                            | 21/78 [00:29<01:20,  1.41s/it, loss=0.6642]Trial 2 Ep6:  27%|██████████████████████                                                            | 21/78 [00:30<01:20,  1.41s/it, loss=0.4502]Trial 2 Ep6:  28%|███████████████████████▏                                                          | 22/78 [00:30<01:16,  1.37s/it, loss=0.4502]Trial 2 Ep6:  28%|███████████████████████▏                                                          | 22/78 [00:32<01:16,  1.37s/it, loss=0.7289]Trial 2 Ep6:  29%|████████████████████████▏                                                         | 23/78 [00:32<01:15,  1.37s/it, loss=0.7289]Trial 2 Ep6:  29%|████████████████████████▏                                                         | 23/78 [00:33<01:15,  1.37s/it, loss=0.6558]Trial 2 Ep6:  31%|█████████████████████████▏                                                        | 24/78 [00:33<01:07,  1.25s/it, loss=0.6558]Trial 2 Ep6:  31%|█████████████████████████▏                                                        | 24/78 [00:34<01:07,  1.25s/it, loss=0.4540]Trial 2 Ep6:  32%|██████████████████████████▎                                                       | 25/78 [00:34<01:09,  1.31s/it, loss=0.4540]Trial 2 Ep6:  32%|██████████████████████████▎                                                       | 25/78 [00:35<01:09,  1.31s/it, loss=0.5945]Trial 2 Ep6:  33%|███████████████████████████▎                                                      | 26/78 [00:35<01:08,  1.33s/it, loss=0.5945]Trial 2 Ep6:  33%|███████████████████████████▎                                                      | 26/78 [00:37<01:08,  1.33s/it, loss=0.8141]Trial 2 Ep6:  35%|████████████████████████████▍                                                     | 27/78 [00:37<01:09,  1.37s/it, loss=0.8141]Trial 2 Ep6:  35%|████████████████████████████▍                                                     | 27/78 [00:38<01:09,  1.37s/it, loss=0.5142]Trial 2 Ep6:  36%|█████████████████████████████▍                                                    | 28/78 [00:38<01:09,  1.38s/it, loss=0.5142]Trial 2 Ep6:  36%|█████████████████████████████▍                                                    | 28/78 [00:40<01:09,  1.38s/it, loss=0.6470]Trial 2 Ep6:  37%|██████████████████████████████▍                                                   | 29/78 [00:40<01:09,  1.41s/it, loss=0.6470]Trial 2 Ep6:  37%|██████████████████████████████▍                                                   | 29/78 [00:41<01:09,  1.41s/it, loss=0.4028]Trial 2 Ep6:  38%|███████████████████████████████▌                                                  | 30/78 [00:41<01:06,  1.39s/it, loss=0.4028]Trial 2 Ep6:  38%|███████████████████████████████▌                                                  | 30/78 [00:43<01:06,  1.39s/it, loss=0.8878]Trial 2 Ep6:  40%|████████████████████████████████▌                                                 | 31/78 [00:43<01:07,  1.43s/it, loss=0.8878]Trial 2 Ep6:  40%|████████████████████████████████▌                                                 | 31/78 [00:44<01:07,  1.43s/it, loss=0.5955]Trial 2 Ep6:  41%|█████████████████████████████████▋                                                | 32/78 [00:44<01:07,  1.47s/it, loss=0.5955]Trial 2 Ep6:  41%|█████████████████████████████████▋                                                | 32/78 [00:46<01:07,  1.47s/it, loss=0.5264]Trial 2 Ep6:  42%|██████████████████████████████████▋                                               | 33/78 [00:46<01:06,  1.47s/it, loss=0.5264]Trial 2 Ep6:  42%|██████████████████████████████████▋                                               | 33/78 [00:47<01:06,  1.47s/it, loss=0.5475]Trial 2 Ep6:  44%|███████████████████████████████████▋                                              | 34/78 [00:47<01:05,  1.50s/it, loss=0.5475]Trial 2 Ep6:  44%|███████████████████████████████████▋                                              | 34/78 [00:49<01:05,  1.50s/it, loss=0.7372]Trial 2 Ep6:  45%|████████████████████████████████████▊                                             | 35/78 [00:49<01:04,  1.49s/it, loss=0.7372]Trial 2 Ep6:  45%|████████████████████████████████████▊                                             | 35/78 [00:50<01:04,  1.49s/it, loss=0.6883]Trial 2 Ep6:  46%|█████████████████████████████████████▊                                            | 36/78 [00:50<01:00,  1.45s/it, loss=0.6883]Trial 2 Ep6:  46%|█████████████████████████████████████▊                                            | 36/78 [00:52<01:00,  1.45s/it, loss=0.6188]Trial 2 Ep6:  47%|██████████████████████████████████████▉                                           | 37/78 [00:52<00:59,  1.45s/it, loss=0.6188]Trial 2 Ep6:  47%|██████████████████████████████████████▉                                           | 37/78 [00:53<00:59,  1.45s/it, loss=0.6941]Trial 2 Ep6:  49%|███████████████████████████████████████▉                                          | 38/78 [00:53<00:57,  1.43s/it, loss=0.6941]Trial 2 Ep6:  49%|███████████████████████████████████████▉                                          | 38/78 [00:54<00:57,  1.43s/it, loss=0.6670]Trial 2 Ep6:  50%|█████████████████████████████████████████                                         | 39/78 [00:54<00:55,  1.43s/it, loss=0.6670]Trial 2 Ep6:  50%|█████████████████████████████████████████                                         | 39/78 [00:56<00:55,  1.43s/it, loss=0.5690]Trial 2 Ep6:  51%|██████████████████████████████████████████                                        | 40/78 [00:56<00:54,  1.44s/it, loss=0.5690]Trial 2 Ep6:  51%|██████████████████████████████████████████                                        | 40/78 [00:57<00:54,  1.44s/it, loss=0.7674]Trial 2 Ep6:  53%|███████████████████████████████████████████                                       | 41/78 [00:57<00:52,  1.42s/it, loss=0.7674]Trial 2 Ep6:  53%|███████████████████████████████████████████                                       | 41/78 [00:59<00:52,  1.42s/it, loss=0.5639]Trial 2 Ep6:  54%|████████████████████████████████████████████▏                                     | 42/78 [00:59<00:51,  1.42s/it, loss=0.5639]Trial 2 Ep6:  54%|████████████████████████████████████████████▏                                     | 42/78 [01:00<00:51,  1.42s/it, loss=0.5987]Trial 2 Ep6:  55%|█████████████████████████████████████████████▏                                    | 43/78 [01:00<00:49,  1.41s/it, loss=0.5987]Trial 2 Ep6:  55%|█████████████████████████████████████████████▏                                    | 43/78 [01:01<00:49,  1.41s/it, loss=0.6916]Trial 2 Ep6:  56%|██████████████████████████████████████████████▎                                   | 44/78 [01:01<00:47,  1.41s/it, loss=0.6916]Trial 2 Ep6:  56%|██████████████████████████████████████████████▎                                   | 44/78 [01:03<00:47,  1.41s/it, loss=0.4598]Trial 2 Ep6:  58%|███████████████████████████████████████████████▎                                  | 45/78 [01:03<00:46,  1.41s/it, loss=0.4598]Trial 2 Ep6:  58%|███████████████████████████████████████████████▎                                  | 45/78 [01:04<00:46,  1.41s/it, loss=0.6961]Trial 2 Ep6:  59%|████████████████████████████████████████████████▎                                 | 46/78 [01:04<00:45,  1.42s/it, loss=0.6961]Trial 2 Ep6:  59%|████████████████████████████████████████████████▎                                 | 46/78 [01:06<00:45,  1.42s/it, loss=0.5078]Trial 2 Ep6:  60%|█████████████████████████████████████████████████▍                                | 47/78 [01:06<00:43,  1.39s/it, loss=0.5078]Trial 2 Ep6:  60%|█████████████████████████████████████████████████▍                                | 47/78 [01:07<00:43,  1.39s/it, loss=0.5219]Trial 2 Ep6:  62%|██████████████████████████████████████████████████▍                               | 48/78 [01:07<00:42,  1.41s/it, loss=0.5219]Trial 2 Ep6:  62%|██████████████████████████████████████████████████▍                               | 48/78 [01:08<00:42,  1.41s/it, loss=0.6090]Trial 2 Ep6:  63%|███████████████████████████████████████████████████▌                              | 49/78 [01:08<00:41,  1.42s/it, loss=0.6090]Trial 2 Ep6:  63%|███████████████████████████████████████████████████▌                              | 49/78 [01:10<00:41,  1.42s/it, loss=0.7669]Trial 2 Ep6:  64%|████████████████████████████████████████████████████▌                             | 50/78 [01:10<00:39,  1.41s/it, loss=0.7669]Trial 2 Ep6:  64%|████████████████████████████████████████████████████▌                             | 50/78 [01:11<00:39,  1.41s/it, loss=0.6545]Trial 2 Ep6:  65%|█████████████████████████████████████████████████████▌                            | 51/78 [01:11<00:37,  1.40s/it, loss=0.6545]Trial 2 Ep6:  65%|█████████████████████████████████████████████████████▌                            | 51/78 [01:13<00:37,  1.40s/it, loss=0.5860]Trial 2 Ep6:  67%|██████████████████████████████████████████████████████▋                           | 52/78 [01:13<00:36,  1.39s/it, loss=0.5860]Trial 2 Ep6:  67%|██████████████████████████████████████████████████████▋                           | 52/78 [01:14<00:36,  1.39s/it, loss=0.6464]Trial 2 Ep6:  68%|███████████████████████████████████████████████████████▋                          | 53/78 [01:14<00:34,  1.39s/it, loss=0.6464]Trial 2 Ep6:  68%|███████████████████████████████████████████████████████▋                          | 53/78 [01:15<00:34,  1.39s/it, loss=0.8082]Trial 2 Ep6:  69%|████████████████████████████████████████████████████████▊                         | 54/78 [01:15<00:33,  1.38s/it, loss=0.8082]Trial 2 Ep6:  69%|████████████████████████████████████████████████████████▊                         | 54/78 [01:17<00:33,  1.38s/it, loss=0.5113]Trial 2 Ep6:  71%|█████████████████████████████████████████████████████████▊                        | 55/78 [01:17<00:31,  1.38s/it, loss=0.5113]Trial 2 Ep6:  71%|█████████████████████████████████████████████████████████▊                        | 55/78 [01:18<00:31,  1.38s/it, loss=0.5344]Trial 2 Ep6:  72%|██████████████████████████████████████████████████████████▊                       | 56/78 [01:18<00:30,  1.40s/it, loss=0.5344]Trial 2 Ep6:  72%|██████████████████████████████████████████████████████████▊                       | 56/78 [01:20<00:30,  1.40s/it, loss=0.4726]Trial 2 Ep6:  73%|███████████████████████████████████████████████████████████▉                      | 57/78 [01:20<00:29,  1.41s/it, loss=0.4726]Trial 2 Ep6:  73%|███████████████████████████████████████████████████████████▉                      | 57/78 [01:21<00:29,  1.41s/it, loss=0.6793]Trial 2 Ep6:  74%|████████████████████████████████████████████████████████████▉                     | 58/78 [01:21<00:28,  1.41s/it, loss=0.6793]Trial 2 Ep6:  74%|████████████████████████████████████████████████████████████▉                     | 58/78 [01:22<00:28,  1.41s/it, loss=0.6427]Trial 2 Ep6:  76%|██████████████████████████████████████████████████████████████                    | 59/78 [01:22<00:26,  1.41s/it, loss=0.6427]Trial 2 Ep6:  76%|██████████████████████████████████████████████████████████████                    | 59/78 [01:24<00:26,  1.41s/it, loss=0.6353]Trial 2 Ep6:  77%|███████████████████████████████████████████████████████████████                   | 60/78 [01:24<00:25,  1.40s/it, loss=0.6353]Trial 2 Ep6:  77%|███████████████████████████████████████████████████████████████                   | 60/78 [01:25<00:25,  1.40s/it, loss=0.6214]Trial 2 Ep6:  78%|████████████████████████████████████████████████████████████████▏                 | 61/78 [01:25<00:23,  1.39s/it, loss=0.6214]Trial 2 Ep6:  78%|████████████████████████████████████████████████████████████████▏                 | 61/78 [01:27<00:23,  1.39s/it, loss=0.5739]Trial 2 Ep6:  79%|█████████████████████████████████████████████████████████████████▏                | 62/78 [01:27<00:22,  1.42s/it, loss=0.5739]Trial 2 Ep6:  79%|█████████████████████████████████████████████████████████████████▏                | 62/78 [01:28<00:22,  1.42s/it, loss=0.7092]Trial 2 Ep6:  81%|██████████████████████████████████████████████████████████████████▏               | 63/78 [01:28<00:21,  1.41s/it, loss=0.7092]Trial 2 Ep6:  81%|██████████████████████████████████████████████████████████████████▏               | 63/78 [01:29<00:21,  1.41s/it, loss=0.6395]Trial 2 Ep6:  82%|███████████████████████████████████████████████████████████████████▎              | 64/78 [01:29<00:19,  1.37s/it, loss=0.6395]Trial 2 Ep6:  82%|███████████████████████████████████████████████████████████████████▎              | 64/78 [01:30<00:19,  1.37s/it, loss=0.4995]Trial 2 Ep6:  83%|████████████████████████████████████████████████████████████████████▎             | 65/78 [01:30<00:17,  1.32s/it, loss=0.4995]Trial 2 Ep6:  83%|████████████████████████████████████████████████████████████████████▎             | 65/78 [01:32<00:17,  1.32s/it, loss=0.5572]Trial 2 Ep6:  85%|█████████████████████████████████████████████████████████████████████▍            | 66/78 [01:32<00:16,  1.38s/it, loss=0.5572]Trial 2 Ep6:  85%|█████████████████████████████████████████████████████████████████████▍            | 66/78 [01:33<00:16,  1.38s/it, loss=0.5753]Trial 2 Ep6:  86%|██████████████████████████████████████████████████████████████████████▍           | 67/78 [01:33<00:15,  1.37s/it, loss=0.5753]Trial 2 Ep6:  86%|██████████████████████████████████████████████████████████████████████▍           | 67/78 [01:35<00:15,  1.37s/it, loss=0.8292]Trial 2 Ep6:  87%|███████████████████████████████████████████████████████████████████████▍          | 68/78 [01:35<00:13,  1.39s/it, loss=0.8292]Trial 2 Ep6:  87%|███████████████████████████████████████████████████████████████████████▍          | 68/78 [01:36<00:13,  1.39s/it, loss=0.6521]Trial 2 Ep6:  88%|████████████████████████████████████████████████████████████████████████▌         | 69/78 [01:36<00:12,  1.42s/it, loss=0.6521]Trial 2 Ep6:  88%|████████████████████████████████████████████████████████████████████████▌         | 69/78 [01:38<00:12,  1.42s/it, loss=0.5610]Trial 2 Ep6:  90%|█████████████████████████████████████████████████████████████████████████▌        | 70/78 [01:38<00:11,  1.42s/it, loss=0.5610]Trial 2 Ep6:  90%|█████████████████████████████████████████████████████████████████████████▌        | 70/78 [01:39<00:11,  1.42s/it, loss=0.5585]Trial 2 Ep6:  91%|██████████████████████████████████████████████████████████████████████████▋       | 71/78 [01:39<00:10,  1.46s/it, loss=0.5585]Trial 2 Ep6:  91%|██████████████████████████████████████████████████████████████████████████▋       | 71/78 [01:41<00:10,  1.46s/it, loss=0.5155]Trial 2 Ep6:  92%|███████████████████████████████████████████████████████████████████████████▋      | 72/78 [01:41<00:08,  1.43s/it, loss=0.5155]Trial 2 Ep6:  92%|███████████████████████████████████████████████████████████████████████████▋      | 72/78 [01:42<00:08,  1.43s/it, loss=0.7140]Trial 2 Ep6:  94%|████████████████████████████████████████████████████████████████████████████▋     | 73/78 [01:42<00:06,  1.39s/it, loss=0.7140]Trial 2 Ep6:  94%|████████████████████████████████████████████████████████████████████████████▋     | 73/78 [01:44<00:06,  1.39s/it, loss=0.6823]Trial 2 Ep6:  95%|█████████████████████████████████████████████████████████████████████████████▊    | 74/78 [01:44<00:05,  1.47s/it, loss=0.6823]Trial 2 Ep6:  95%|█████████████████████████████████████████████████████████████████████████████▊    | 74/78 [01:45<00:05,  1.47s/it, loss=0.6593]Trial 2 Ep6:  96%|██████████████████████████████████████████████████████████████████████████████▊  