Trial 4 Ep7:   0%|                                                                                                        | 0/78 [00:00<?, ?it/s]Trial 4 Ep7:   0%|                                                                                           | 0/78 [00:01<?, ?it/s, loss=0.8534]Trial 4 Ep7:   1%|█                                                                                  | 1/78 [00:01<01:52,  1.47s/it, loss=0.8534]Trial 4 Ep7:   1%|█                                                                                  | 1/78 [00:02<01:52,  1.47s/it, loss=1.3802]Trial 4 Ep7:   3%|██▏                                                                                | 2/78 [00:02<01:49,  1.45s/it, loss=1.3802]Trial 4 Ep7:   3%|██▏                                                                                | 2/78 [00:04<01:49,  1.45s/it, loss=0.6541]Trial 4 Ep7:   4%|███▏                                                                               | 3/78 [00:04<01:48,  1.45s/it, loss=0.6541]Trial 4 Ep7:   4%|███▏                                                                               | 3/78 [00:05<01:48,  1.45s/it, loss=0.8510]Trial 4 Ep7:   5%|████▎                                                                              | 4/78 [00:05<01:45,  1.43s/it, loss=0.8510]Trial 4 Ep7:   5%|████▎                                                                              | 4/78 [00:07<01:45,  1.43s/it, loss=1.2098]Trial 4 Ep7:   6%|█████▎                                                                             | 5/78 [00:07<01:45,  1.45s/it, loss=1.2098]Trial 4 Ep7:   6%|█████▎                                                                             | 5/78 [00:08<01:45,  1.45s/it, loss=0.7240]Trial 4 Ep7:   8%|██████▍                                                                            | 6/78 [00:08<01:44,  1.45s/it, loss=0.7240]Trial 4 Ep7:   8%|██████▍                                                                            | 6/78 [00:10<01:44,  1.45s/it, loss=1.7883]Trial 4 Ep7:   9%|███████▍                                                                           | 7/78 [00:10<01:45,  1.48s/it, loss=1.7883]Trial 4 Ep7:   9%|███████▍                                                                           | 7/78 [00:11<01:45,  1.48s/it, loss=0.7148]Trial 4 Ep7:  10%|████████▌                                                                          | 8/78 [00:11<01:45,  1.51s/it, loss=0.7148]Trial 4 Ep7:  10%|████████▌                                                                          | 8/78 [00:13<01:45,  1.51s/it, loss=1.6567]Trial 4 Ep7:  12%|█████████▌                                                                         | 9/78 [00:13<01:47,  1.56s/it, loss=1.6567]Trial 4 Ep7:  12%|█████████▌                                                                         | 9/78 [00:15<01:47,  1.56s/it, loss=0.7501]Trial 4 Ep7:  13%|██████████▌                                                                       | 10/78 [00:15<01:45,  1.55s/it, loss=0.7501]Trial 4 Ep7:  13%|██████████▌                                                                       | 10/78 [00:16<01:45,  1.55s/it, loss=1.2749]Trial 4 Ep7:  14%|███████████▌                                                                      | 11/78 [00:16<01:42,  1.53s/it, loss=1.2749]Trial 4 Ep7:  14%|███████████▌                                                                      | 11/78 [00:17<01:42,  1.53s/it, loss=0.6361]Trial 4 Ep7:  15%|████████████▌                                                                     | 12/78 [00:17<01:34,  1.43s/it, loss=0.6361]Trial 4 Ep7:  15%|████████████▌                                                                     | 12/78 [00:19<01:34,  1.43s/it, loss=0.6636]Trial 4 Ep7:  17%|█████████████▋                                                                    | 13/78 [00:19<01:34,  1.46s/it, loss=0.6636]Trial 4 Ep7:  17%|█████████████▋                                                                    | 13/78 [00:20<01:34,  1.46s/it, loss=1.1654]Trial 4 Ep7:  18%|██████████████▋                                                                   | 14/78 [00:20<01:34,  1.48s/it, loss=1.1654]Trial 4 Ep7:  18%|██████████████▋                                                                   | 14/78 [00:22<01:34,  1.48s/it, loss=0.7306]Trial 4 Ep7:  19%|███████████████▊                                                                  | 15/78 [00:22<01:33,  1.48s/it, loss=0.7306]Trial 4 Ep7:  19%|███████████████▊                                                                  | 15/78 [00:23<01:33,  1.48s/it, loss=2.4891]Trial 4 Ep7:  21%|████████████████▊                                                                 | 16/78 [00:23<01:33,  1.50s/it, loss=2.4891]Trial 4 Ep7:  21%|████████████████▊                                                                 | 16/78 [00:25<01:33,  1.50s/it, loss=1.1214]Trial 4 Ep7:  22%|█████████████████▊                                                                | 17/78 [00:25<01:33,  1.54s/it, loss=1.1214]Trial 4 Ep7:  22%|█████████████████▊                                                                | 17/78 [00:26<01:33,  1.54s/it, loss=1.6337]Trial 4 Ep7:  23%|██████████████████▉                                                               | 18/78 [00:26<01:31,  1.52s/it, loss=1.6337]Trial 4 Ep7:  23%|██████████████████▉                                                               | 18/78 [00:28<01:31,  1.52s/it, loss=0.6862]Trial 4 Ep7:  24%|███████████████████▉                                                              | 19/78 [00:28<01:28,  1.50s/it, loss=0.6862]Trial 4 Ep7:  24%|███████████████████▉                                                              | 19/78 [00:29<01:28,  1.50s/it, loss=0.6852]Trial 4 Ep7:  26%|█████████████████████                                                             | 20/78 [00:29<01:27,  1.50s/it, loss=0.6852]Trial 4 Ep7:  26%|█████████████████████                                                             | 20/78 [00:31<01:27,  1.50s/it, loss=2.1402]Trial 4 Ep7:  27%|██████████████████████                                                            | 21/78 [00:31<01:26,  1.51s/it, loss=2.1402]Trial 4 Ep7:  27%|██████████████████████                                                            | 21/78 [00:32<01:26,  1.51s/it, loss=0.7242]Trial 4 Ep7:  28%|███████████████████████▏                                                          | 22/78 [00:32<01:24,  1.51s/it, loss=0.7242]Trial 4 Ep7:  28%|███████████████████████▏                                                          | 22/78 [00:34<01:24,  1.51s/it, loss=1.3953]Trial 4 Ep7:  29%|████████████████████████▏                                                         | 23/78 [00:34<01:21,  1.49s/it, loss=1.3953]Trial 4 Ep7:  29%|████████████████████████▏                                                         | 23/78 [00:35<01:21,  1.49s/it, loss=0.7180]Trial 4 Ep7:  31%|█████████████████████████▏                                                        | 24/78 [00:35<01:19,  1.48s/it, loss=0.7180]Trial 4 Ep7:  31%|█████████████████████████▏                                                        | 24/78 [00:37<01:19,  1.48s/it, loss=1.6883]Trial 4 Ep7:  32%|██████████████████████████▎                                                       | 25/78 [00:37<01:18,  1.48s/it, loss=1.6883]Trial 4 Ep7:  32%|██████████████████████████▎                                                       | 25/78 [00:38<01:18,  1.48s/it, loss=0.8291]Trial 4 Ep7:  33%|███████████████████████████▎                                                      | 26/78 [00:38<01:15,  1.45s/it, loss=0.8291]Trial 4 Ep7:  33%|███████████████████████████▎                                                      | 26/78 [00:40<01:15,  1.45s/it, loss=1.0279]Trial 4 Ep7:  35%|████████████████████████████▍                                                     | 27/78 [00:40<01:14,  1.46s/it, loss=1.0279]Trial 4 Ep7:  35%|████████████████████████████▍                                                     | 27/78 [00:41<01:14,  1.46s/it, loss=0.7463]Trial 4 Ep7:  36%|█████████████████████████████▍                                                    | 28/78 [00:41<01:13,  1.47s/it, loss=0.7463]Trial 4 Ep7:  36%|█████████████████████████████▍                                                    | 28/78 [00:43<01:13,  1.47s/it, loss=1.4190]Trial 4 Ep7:  37%|██████████████████████████████▍                                                   | 29/78 [00:43<01:11,  1.45s/it, loss=1.4190]Trial 4 Ep7:  37%|██████████████████████████████▍                                                   | 29/78 [00:44<01:11,  1.45s/it, loss=0.8945]Trial 4 Ep7:  38%|███████████████████████████████▌                                                  | 30/78 [00:44<01:11,  1.48s/it, loss=0.8945]Trial 4 Ep7:  38%|███████████████████████████████▌                                                  | 30/78 [00:46<01:11,  1.48s/it, loss=1.1523]Trial 4 Ep7:  40%|████████████████████████████████▌                                                 | 31/78 [00:46<01:09,  1.47s/it, loss=1.1523]Trial 4 Ep7:  40%|████████████████████████████████▌                                                 | 31/78 [00:47<01:09,  1.47s/it, loss=1.1103]Trial 4 Ep7:  41%|█████████████████████████████████▋                                                | 32/78 [00:47<01:09,  1.50s/it, loss=1.1103]Trial 4 Ep7:  41%|█████████████████████████████████▋                                                | 32/78 [00:49<01:09,  1.50s/it, loss=0.8533]Trial 4 Ep7:  42%|██████████████████████████████████▋                                               | 33/78 [00:49<01:06,  1.49s/it, loss=0.8533]Trial 4 Ep7:  42%|██████████████████████████████████▋                                               | 33/78 [00:50<01:06,  1.49s/it, loss=0.7990]Trial 4 Ep7:  44%|███████████████████████████████████▋                                              | 34/78 [00:50<01:05,  1.48s/it, loss=0.7990]Trial 4 Ep7:  44%|███████████████████████████████████▋                                              | 34/78 [00:52<01:05,  1.48s/it, loss=0.9534]Trial 4 Ep7:  45%|████████████████████████████████████▊                                             | 35/78 [00:52<01:06,  1.54s/it, loss=0.9534]Trial 4 Ep7:  45%|████████████████████████████████████▊                                             | 35/78 [00:53<01:06,  1.54s/it, loss=0.6819]Trial 4 Ep7:  46%|█████████████████████████████████████▊                                            | 36/78 [00:53<01:04,  1.54s/it, loss=0.6819]Trial 4 Ep7:  46%|█████████████████████████████████████▊                                            | 36/78 [00:55<01:04,  1.54s/it, loss=1.0780]Trial 4 Ep7:  47%|██████████████████████████████████████▉                                           | 37/78 [00:55<01:01,  1.51s/it, loss=1.0780]Trial 4 Ep7:  47%|██████████████████████████████████████▉                                           | 37/78 [00:56<01:01,  1.51s/it, loss=1.0930]Trial 4 Ep7:  49%|███████████████████████████████████████▉                                          | 38/78 [00:56<01:00,  1.50s/it, loss=1.0930]Trial 4 Ep7:  49%|███████████████████████████████████████▉                                          | 38/78 [00:58<01:00,  1.50s/it, loss=0.8511]Trial 4 Ep7:  50%|█████████████████████████████████████████                                         | 39/78 [00:58<00:59,  1.52s/it, loss=0.8511]Trial 4 Ep7:  50%|█████████████████████████████████████████                                         | 39/78 [00:59<00:59,  1.52s/it, loss=1.8450]Trial 4 Ep7:  51%|██████████████████████████████████████████                                        | 40/78 [00:59<00:58,  1.53s/it, loss=1.8450]Trial 4 Ep7:  51%|██████████████████████████████████████████                                        | 40/78 [01:01<00:58,  1.53s/it, loss=0.6715]Trial 4 Ep7:  53%|███████████████████████████████████████████                                       | 41/78 [01:01<00:56,  1.52s/it, loss=0.6715]Trial 4 Ep7:  53%|███████████████████████████████████████████                                       | 41/78 [01:02<00:56,  1.52s/it, loss=1.4230]Trial 4 Ep7:  54%|████████████████████████████████████████████▏                                     | 42/78 [01:02<00:56,  1.57s/it, loss=1.4230]Trial 4 Ep7:  54%|████████████████████████████████████████████▏                                     | 42/78 [01:04<00:56,  1.57s/it, loss=0.8618]Trial 4 Ep7:  55%|█████████████████████████████████████████████▏                                    | 43/78 [01:04<00:54,  1.55s/it, loss=0.8618]Trial 4 Ep7:  55%|█████████████████████████████████████████████▏                                    | 43/78 [01:05<00:54,  1.55s/it, loss=1.5264]Trial 4 Ep7:  56%|██████████████████████████████████████████████▎                                   | 44/78 [01:05<00:51,  1.52s/it, loss=1.5264]Trial 4 Ep7:  56%|██████████████████████████████████████████████▎                                   | 44/78 [01:07<00:51,  1.52s/it, loss=0.6989]Trial 4 Ep7:  58%|███████████████████████████████████████████████▎                                  | 45/78 [01:07<00:49,  1.50s/it, loss=0.6989]Trial 4 Ep7:  58%|███████████████████████████████████████████████▎                                  | 45/78 [01:08<00:49,  1.50s/it, loss=1.4949]Trial 4 Ep7:  59%|████████████████████████████████████████████████▎                                 | 46/78 [01:08<00:47,  1.49s/it, loss=1.4949]Trial 4 Ep7:  59%|████████████████████████████████████████████████▎                                 | 46/78 [01:10<00:47,  1.49s/it, loss=0.6917]Trial 4 Ep7:  60%|█████████████████████████████████████████████████▍                                | 47/78 [01:10<00:46,  1.49s/it, loss=0.6917]Trial 4 Ep7:  60%|█████████████████████████████████████████████████▍                                | 47/78 [01:11<00:46,  1.49s/it, loss=1.2029]Trial 4 Ep7:  62%|██████████████████████████████████████████████████▍                               | 48/78 [01:11<00:45,  1.50s/it, loss=1.2029]Trial 4 Ep7:  62%|██████████████████████████████████████████████████▍                               | 48/78 [01:13<00:45,  1.50s/it, loss=1.3320]Trial 4 Ep7:  63%|███████████████████████████████████████████████████▌                              | 49/78 [01:13<00:42,  1.48s/it, loss=1.3320]Trial 4 Ep7:  63%|███████████████████████████████████████████████████▌                              | 49/78 [01:14<00:42,  1.48s/it, loss=0.9764]Trial 4 Ep7:  64%|████████████████████████████████████████████████████▌                             | 50/78 [01:14<00:43,  1.54s/it, loss=0.9764]Trial 4 Ep7:  64%|████████████████████████████████████████████████████▌                             | 50/78 [01:16<00:43,  1.54s/it, loss=3.2771]Trial 4 Ep7:  65%|█████████████████████████████████████████████████████▌                            | 51/78 [01:16<00:38,  1.43s/it, loss=3.2771]Trial 4 Ep7:  65%|█████████████████████████████████████████████████████▌                            | 51/78 [01:17<00:38,  1.43s/it, loss=0.7973]Trial 4 Ep7:  67%|██████████████████████████████████████████████████████▋                           | 52/78 [01:17<00:37,  1.45s/it, loss=0.7973]Trial 4 Ep7:  67%|██████████████████████████████████████████████████████▋                           | 52/78 [01:19<00:37,  1.45s/it, loss=1.1353]Trial 4 Ep7:  68%|███████████████████████████████████████████████████████▋                          | 53/78 [01:19<00:37,  1.49s/it, loss=1.1353]Trial 4 Ep7:  68%|███████████████████████████████████████████████████████▋                          | 53/78 [01:20<00:37,  1.49s/it, loss=1.0483]Trial 4 Ep7:  69%|████████████████████████████████████████████████████████▊                         | 54/78 [01:20<00:35,  1.50s/it, loss=1.0483]Trial 4 Ep7:  69%|████████████████████████████████████████████████████████▊                         | 54/78 [01:22<00:35,  1.50s/it, loss=1.1058]Trial 4 Ep7:  71%|█████████████████████████████████████████████████████████▊                        | 55/78 [01:22<00:34,  1.51s/it, loss=1.1058]Trial 4 Ep7:  71%|█████████████████████████████████████████████████████████▊                        | 55/78 [01:23<00:34,  1.51s/it, loss=1.1113]Trial 4 Ep7:  72%|██████████████████████████████████████████████████████████▊                       | 56/78 [01:23<00:33,  1.52s/it, loss=1.1113]Trial 4 Ep7:  72%|██████████████████████████████████████████████████████████▊                       | 56/78 [01:25<00:33,  1.52s/it, loss=0.7913]Trial 4 Ep7:  73%|███████████████████████████████████████████████████████████▉                      | 57/78 [01:25<00:31,  1.52s/it, loss=0.7913]Trial 4 Ep7:  73%|███████████████████████████████████████████████████████████▉                      | 57/78 [01:26<00:31,  1.52s/it, loss=1.5130]Trial 4 Ep7:  74%|████████████████████████████████████████████████████████████▉                     | 58/78 [01:26<00:29,  1.49s/it, loss=1.5130]Trial 4 Ep7:  74%|████████████████████████████████████████████████████████████▉                     | 58/78 [01:28<00:29,  1.49s/it, loss=0.6916]Trial 4 Ep7:  76%|██████████████████████████████████████████████████████████████                    | 59/78 [01:28<00:28,  1.50s/it, loss=0.6916]Trial 4 Ep7:  76%|██████████████████████████████████████████████████████████████                    | 59/78 [01:29<00:28,  1.50s/it, loss=0.7119]Trial 4 Ep7:  77%|███████████████████████████████████████████████████████████████                   | 60/78 [01:29<00:27,  1.54s/it, loss=0.7119]Trial 4 Ep7:  77%|███████████████████████████████████████████████████████████████                   | 60/78 [01:31<00:27,  1.54s/it, loss=0.9096]Trial 4 Ep7:  78%|████████████████████████████████████████████████████████████████▏                 | 61/78 [01:31<00:25,  1.53s/it, loss=0.9096]Trial 4 Ep7:  78%|████████████████████████████████████████████████████████████████▏                 | 61/78 [01:32<00:25,  1.53s/it, loss=1.3521]Trial 4 Ep7:  79%|█████████████████████████████████████████████████████████████████▏                | 62/78 [01:32<00:24,  1.52s/it, loss=1.3521]Trial 4 Ep7:  79%|█████████████████████████████████████████████████████████████████▏                | 62/78 [01:34<00:24,  1.52s/it, loss=0.9490]Trial 4 Ep7:  81%|██████████████████████████████████████████████████████████████████▏               | 63/78 [01:34<00:22,  1.50s/it, loss=0.9490]Trial 4 Ep7:  81%|██████████████████████████████████████████████████████████████████▏               | 63/78 [01:35<00:22,  1.50s/it, loss=1.2628]Trial 4 Ep7:  82%|███████████████████████████████████████████████████████████████████▎              | 64/78 [01:35<00:20,  1.48s/it, loss=1.2628]Trial 4 Ep7:  82%|███████████████████████████████████████████████████████████████████▎              | 64/78 [01:37<00:20,  1.48s/it, loss=0.9597]Trial 4 Ep7:  83%|████████████████████████████████████████████████████████████████████▎             | 65/78 [01:37<00:19,  1.47s/it, loss=0.9597]Trial 4 Ep7:  83%|████████████████████████████████████████████████████████████████████▎             | 65/78 [01:38<00:19,  1.47s/it, loss=1.6060]Trial 4 Ep7:  85%|█████████████████████████████████████████████████████████████████████▍            | 66/78 [01:38<00:17,  1.47s/it, loss=1.6060]Trial 4 Ep7:  85%|█████████████████████████████████████████████████████████████████████▍            | 66/78 [01:40<00:17,  1.47s/it, loss=0.7029]Trial 4 Ep7:  86%|██████████████████████████████████████████████████████████████████████▍           | 67/78 [01:40<00:16,  1.50s/it, loss=0.7029]Trial 4 Ep7:  86%|██████████████████████████████████████████████████████████████████████▍           | 67/78 [01:41<00:16,  1.50s/it, loss=1.2464]Trial 4 Ep7:  87%|███████████████████████████████████████████████████████████████████████▍          | 68/78 [01:41<00:14,  1.48s/it, loss=1.2464]Trial 4 Ep7:  87%|███████████████████████████████████████████████████████████████████████▍          | 68/78 [01:43<00:14,  1.48s/it, loss=0.7014]Trial 4 Ep7:  88%|████████████████████████████████████████████████████████████████████████▌         | 69/78 [01:43<00:13,  1.50s/it, loss=0.7014]Trial 4 Ep7:  88%|████████████████████████████████████████████████████████████████████████▌         | 69/78 [01:44<00:13,  1.50s/it, loss=0.7516]Trial 4 Ep7:  90%|█████████████████████████████████████████████████████████████████████████▌        | 70/78 [01:44<00:11,  1.47s/it, loss=0.7516]Trial 4 Ep7:  90%|█████████████████████████████████████████████████████████████████████████▌        | 70/78 [01:46<00:11,  1.47s/it, loss=0.8657]Trial 4 Ep7:  91%|██████████████████████████████████████████████████████████████████████████▋       | 71/78 [01:46<00:10,  1.46s/it, loss=0.8657]Trial 4 Ep7:  91%|██████████████████████████████████████████████████████████████████████████▋       | 71/78 [01:47<00:10,  1.46s/it, loss=1.0758]Trial 4 Ep7:  92%|███████████████████████████████████████████████████████████████████████████▋      | 72/78 [01:47<00:08,  1.48s/it, loss=1.0758]Trial 4 Ep7:  92%|███████████████████████████████████████████████████████████████████████████▋      | 72/78 [01:49<00:08,  1.48s/it, loss=0.8275]Trial 4 Ep7:  94%|████████████████████████████████████████████████████████████████████████████▋     | 73/78 [01:49<00:07,  1.51s/it, loss=0.8275]Trial 4 Ep7:  94%|████████████████████████████████████████████████████████████████████████████▋     | 73/78 [01:50<00:07,  1.51s/it, loss=1.3349]Trial 4 Ep7:  95%|█████████████████████████████████████████████████████████████████████████████▊    | 74/78 [01:50<00:06,  1.51s/it, loss=1.3349]Trial 4 Ep7:  95%|█████████████████████████████████████████████████████████████████████████████▊    | 74/78 [01:52<00:06,  1.51s/it, loss=0.8121]Trial 4 Ep7:  96%|██████████████████████████████████████████████████████████████████████████████▊  