Trial 9 Ep5:   0%|                                                                                                        | 0/78 [00:00<?, ?it/s]Trial 9 Ep5:   0%|                                                                                           | 0/78 [00:01<?, ?it/s, loss=0.6178]Trial 9 Ep5:   1%|█                                                                                  | 1/78 [00:01<01:41,  1.32s/it, loss=0.6178]Trial 9 Ep5:   1%|█                                                                                  | 1/78 [00:02<01:41,  1.32s/it, loss=0.6394]Trial 9 Ep5:   3%|██▏                                                                                | 2/78 [00:02<01:43,  1.36s/it, loss=0.6394]Trial 9 Ep5:   3%|██▏                                                                                | 2/78 [00:04<01:43,  1.36s/it, loss=0.7490]Trial 9 Ep5:   4%|███▏                                                                               | 3/78 [00:04<01:45,  1.40s/it, loss=0.7490]Trial 9 Ep5:   4%|███▏                                                                               | 3/78 [00:05<01:45,  1.40s/it, loss=0.6650]Trial 9 Ep5:   5%|████▎                                                                              | 4/78 [00:05<01:42,  1.39s/it, loss=0.6650]Trial 9 Ep5:   5%|████▎                                                                              | 4/78 [00:06<01:42,  1.39s/it, loss=0.6435]Trial 9 Ep5:   6%|█████▎                                                                             | 5/78 [00:06<01:42,  1.41s/it, loss=0.6435]Trial 9 Ep5:   6%|█████▎                                                                             | 5/78 [00:08<01:42,  1.41s/it, loss=0.6590]Trial 9 Ep5:   8%|██████▍                                                                            | 6/78 [00:08<01:41,  1.41s/it, loss=0.6590]Trial 9 Ep5:   8%|██████▍                                                                            | 6/78 [00:09<01:41,  1.41s/it, loss=0.7986]Trial 9 Ep5:   9%|███████▍                                                                           | 7/78 [00:09<01:39,  1.40s/it, loss=0.7986]Trial 9 Ep5:   9%|███████▍                                                                           | 7/78 [00:11<01:39,  1.40s/it, loss=0.6654]Trial 9 Ep5:  10%|████████▌                                                                          | 8/78 [00:11<01:37,  1.39s/it, loss=0.6654]Trial 9 Ep5:  10%|████████▌                                                                          | 8/78 [00:12<01:37,  1.39s/it, loss=0.5723]Trial 9 Ep5:  12%|█████████▌                                                                         | 9/78 [00:12<01:39,  1.44s/it, loss=0.5723]Trial 9 Ep5:  12%|█████████▌                                                                         | 9/78 [00:14<01:39,  1.44s/it, loss=0.6589]Trial 9 Ep5:  13%|██████████▌                                                                       | 10/78 [00:14<01:37,  1.43s/it, loss=0.6589]Trial 9 Ep5:  13%|██████████▌                                                                       | 10/78 [00:15<01:37,  1.43s/it, loss=0.6076]Trial 9 Ep5:  14%|███████████▌                                                                      | 11/78 [00:15<01:34,  1.41s/it, loss=0.6076]Trial 9 Ep5:  14%|███████████▌                                                                      | 11/78 [00:16<01:34,  1.41s/it, loss=0.7609]Trial 9 Ep5:  15%|████████████▌                                                                     | 12/78 [00:16<01:26,  1.32s/it, loss=0.7609]Trial 9 Ep5:  15%|████████████▌                                                                     | 12/78 [00:17<01:26,  1.32s/it, loss=0.6121]Trial 9 Ep5:  17%|█████████████▋                                                                    | 13/78 [00:17<01:26,  1.34s/it, loss=0.6121]Trial 9 Ep5:  17%|█████████████▋                                                                    | 13/78 [00:19<01:26,  1.34s/it, loss=0.5514]Trial 9 Ep5:  18%|██████████████▋                                                                   | 14/78 [00:19<01:27,  1.36s/it, loss=0.5514]Trial 9 Ep5:  18%|██████████████▋                                                                   | 14/78 [00:20<01:27,  1.36s/it, loss=0.6676]Trial 9 Ep5:  19%|███████████████▊                                                                  | 15/78 [00:20<01:27,  1.39s/it, loss=0.6676]Trial 9 Ep5:  19%|███████████████▊                                                                  | 15/78 [00:22<01:27,  1.39s/it, loss=0.7104]Trial 9 Ep5:  21%|████████████████▊                                                                 | 16/78 [00:22<01:27,  1.42s/it, loss=0.7104]Trial 9 Ep5:  21%|████████████████▊                                                                 | 16/78 [00:23<01:27,  1.42s/it, loss=0.6028]Trial 9 Ep5:  22%|█████████████████▊                                                                | 17/78 [00:23<01:27,  1.44s/it, loss=0.6028]Trial 9 Ep5:  22%|█████████████████▊                                                                | 17/78 [00:25<01:27,  1.44s/it, loss=0.6061]Trial 9 Ep5:  23%|██████████████████▉                                                               | 18/78 [00:25<01:26,  1.43s/it, loss=0.6061]Trial 9 Ep5:  23%|██████████████████▉                                                               | 18/78 [00:26<01:26,  1.43s/it, loss=0.5708]Trial 9 Ep5:  24%|███████████████████▉                                                              | 19/78 [00:26<01:24,  1.44s/it, loss=0.5708]Trial 9 Ep5:  24%|███████████████████▉                                                              | 19/78 [00:28<01:24,  1.44s/it, loss=0.6455]Trial 9 Ep5:  26%|█████████████████████                                                             | 20/78 [00:28<01:23,  1.44s/it, loss=0.6455]Trial 9 Ep5:  26%|█████████████████████                                                             | 20/78 [00:29<01:23,  1.44s/it, loss=0.6534]Trial 9 Ep5:  27%|██████████████████████                                                            | 21/78 [00:29<01:20,  1.41s/it, loss=0.6534]Trial 9 Ep5:  27%|██████████████████████                                                            | 21/78 [00:30<01:20,  1.41s/it, loss=0.6059]Trial 9 Ep5:  28%|███████████████████████▏                                                          | 22/78 [00:30<01:19,  1.42s/it, loss=0.6059]Trial 9 Ep5:  28%|███████████████████████▏                                                          | 22/78 [00:32<01:19,  1.42s/it, loss=0.6311]Trial 9 Ep5:  29%|████████████████████████▏                                                         | 23/78 [00:32<01:17,  1.40s/it, loss=0.6311]Trial 9 Ep5:  29%|████████████████████████▏                                                         | 23/78 [00:33<01:17,  1.40s/it, loss=0.5902]Trial 9 Ep5:  31%|█████████████████████████▏                                                        | 24/78 [00:33<01:18,  1.45s/it, loss=0.5902]Trial 9 Ep5:  31%|█████████████████████████▏                                                        | 24/78 [00:35<01:18,  1.45s/it, loss=0.6826]Trial 9 Ep5:  32%|██████████████████████████▎                                                       | 25/78 [00:35<01:18,  1.47s/it, loss=0.6826]Trial 9 Ep5:  32%|██████████████████████████▎                                                       | 25/78 [00:36<01:18,  1.47s/it, loss=0.5341]Trial 9 Ep5:  33%|███████████████████████████▎                                                      | 26/78 [00:36<01:16,  1.47s/it, loss=0.5341]Trial 9 Ep5:  33%|███████████████████████████▎                                                      | 26/78 [00:38<01:16,  1.47s/it, loss=0.6321]Trial 9 Ep5:  35%|████████████████████████████▍                                                     | 27/78 [00:38<01:14,  1.46s/it, loss=0.6321]Trial 9 Ep5:  35%|████████████████████████████▍                                                     | 27/78 [00:39<01:14,  1.46s/it, loss=0.6165]Trial 9 Ep5:  36%|█████████████████████████████▍                                                    | 28/78 [00:39<01:12,  1.46s/it, loss=0.6165]Trial 9 Ep5:  36%|█████████████████████████████▍                                                    | 28/78 [00:41<01:12,  1.46s/it, loss=0.6460]Trial 9 Ep5:  37%|██████████████████████████████▍                                                   | 29/78 [00:41<01:11,  1.46s/it, loss=0.6460]Trial 9 Ep5:  37%|██████████████████████████████▍                                                   | 29/78 [00:42<01:11,  1.46s/it, loss=0.7318]Trial 9 Ep5:  38%|███████████████████████████████▌                                                  | 30/78 [00:42<01:09,  1.45s/it, loss=0.7318]Trial 9 Ep5:  38%|███████████████████████████████▌                                                  | 30/78 [00:43<01:09,  1.45s/it, loss=0.6122]Trial 9 Ep5:  40%|████████████████████████████████▌                                                 | 31/78 [00:43<01:07,  1.44s/it, loss=0.6122]Trial 9 Ep5:  40%|████████████████████████████████▌                                                 | 31/78 [00:45<01:07,  1.44s/it, loss=0.6729]Trial 9 Ep5:  41%|█████████████████████████████████▋                                                | 32/78 [00:45<01:06,  1.44s/it, loss=0.6729]Trial 9 Ep5:  41%|█████████████████████████████████▋                                                | 32/78 [00:46<01:06,  1.44s/it, loss=0.6652]Trial 9 Ep5:  42%|██████████████████████████████████▋                                               | 33/78 [00:46<01:03,  1.42s/it, loss=0.6652]Trial 9 Ep5:  42%|██████████████████████████████████▋                                               | 33/78 [00:48<01:03,  1.42s/it, loss=0.6986]Trial 9 Ep5:  44%|███████████████████████████████████▋                                              | 34/78 [00:48<01:03,  1.43s/it, loss=0.6986]Trial 9 Ep5:  44%|███████████████████████████████████▋                                              | 34/78 [00:49<01:03,  1.43s/it, loss=0.6401]Trial 9 Ep5:  45%|████████████████████████████████████▊                                             | 35/78 [00:49<01:01,  1.44s/it, loss=0.6401]Trial 9 Ep5:  45%|████████████████████████████████████▊                                             | 35/78 [00:51<01:01,  1.44s/it, loss=0.7108]Trial 9 Ep5:  46%|█████████████████████████████████████▊                                            | 36/78 [00:51<00:59,  1.42s/it, loss=0.7108]Trial 9 Ep5:  46%|█████████████████████████████████████▊                                            | 36/78 [00:52<00:59,  1.42s/it, loss=0.6612]Trial 9 Ep5:  47%|██████████████████████████████████████▉                                           | 37/78 [00:52<00:58,  1.44s/it, loss=0.6612]Trial 9 Ep5:  47%|██████████████████████████████████████▉                                           | 37/78 [00:53<00:58,  1.44s/it, loss=0.7096]Trial 9 Ep5:  49%|███████████████████████████████████████▉                                          | 38/78 [00:53<00:56,  1.42s/it, loss=0.7096]Trial 9 Ep5:  49%|███████████████████████████████████████▉                                          | 38/78 [00:55<00:56,  1.42s/it, loss=0.6515]Trial 9 Ep5:  50%|█████████████████████████████████████████                                         | 39/78 [00:55<00:55,  1.43s/it, loss=0.6515]Trial 9 Ep5:  50%|█████████████████████████████████████████                                         | 39/78 [00:56<00:55,  1.43s/it, loss=0.5889]Trial 9 Ep5:  51%|██████████████████████████████████████████                                        | 40/78 [00:56<00:54,  1.43s/it, loss=0.5889]Trial 9 Ep5:  51%|██████████████████████████████████████████                                        | 40/78 [00:58<00:54,  1.43s/it, loss=0.5330]Trial 9 Ep5:  53%|███████████████████████████████████████████                                       | 41/78 [00:58<00:52,  1.43s/it, loss=0.5330]Trial 9 Ep5:  53%|███████████████████████████████████████████                                       | 41/78 [00:59<00:52,  1.43s/it, loss=0.7154]Trial 9 Ep5:  54%|████████████████████████████████████████████▏                                     | 42/78 [00:59<00:51,  1.42s/it, loss=0.7154]Trial 9 Ep5:  54%|████████████████████████████████████████████▏                                     | 42/78 [01:01<00:51,  1.42s/it, loss=0.6561]Trial 9 Ep5:  55%|█████████████████████████████████████████████▏                                    | 43/78 [01:01<00:49,  1.41s/it, loss=0.6561]Trial 9 Ep5:  55%|█████████████████████████████████████████████▏                                    | 43/78 [01:02<00:49,  1.41s/it, loss=0.5705]Trial 9 Ep5:  56%|██████████████████████████████████████████████▎                                   | 44/78 [01:02<00:48,  1.42s/it, loss=0.5705]Trial 9 Ep5:  56%|██████████████████████████████████████████████▎                                   | 44/78 [01:03<00:48,  1.42s/it, loss=0.6076]Trial 9 Ep5:  58%|███████████████████████████████████████████████▎                                  | 45/78 [01:03<00:46,  1.42s/it, loss=0.6076]Trial 9 Ep5:  58%|███████████████████████████████████████████████▎                                  | 45/78 [01:05<00:46,  1.42s/it, loss=0.6112]Trial 9 Ep5:  59%|████████████████████████████████████████████████▎                                 | 46/78 [01:05<00:44,  1.41s/it, loss=0.6112]Trial 9 Ep5:  59%|████████████████████████████████████████████████▎                                 | 46/78 [01:06<00:44,  1.41s/it, loss=0.6602]Trial 9 Ep5:  60%|█████████████████████████████████████████████████▍                                | 47/78 [01:06<00:44,  1.43s/it, loss=0.6602]Trial 9 Ep5:  60%|█████████████████████████████████████████████████▍                                | 47/78 [01:08<00:44,  1.43s/it, loss=0.6184]Trial 9 Ep5:  62%|██████████████████████████████████████████████████▍                               | 48/78 [01:08<00:43,  1.44s/it, loss=0.6184]Trial 9 Ep5:  62%|██████████████████████████████████████████████████▍                               | 48/78 [01:09<00:43,  1.44s/it, loss=0.6210]Trial 9 Ep5:  63%|███████████████████████████████████████████████████▌                              | 49/78 [01:09<00:41,  1.42s/it, loss=0.6210]Trial 9 Ep5:  63%|███████████████████████████████████████████████████▌                              | 49/78 [01:11<00:41,  1.42s/it, loss=0.6347]Trial 9 Ep5:  64%|████████████████████████████████████████████████████▌                             | 50/78 [01:11<00:40,  1.43s/it, loss=0.6347]Trial 9 Ep5:  64%|████████████████████████████████████████████████████▌                             | 50/78 [01:12<00:40,  1.43s/it, loss=0.6553]Trial 9 Ep5:  65%|█████████████████████████████████████████████████████▌                            | 51/78 [01:12<00:39,  1.45s/it, loss=0.6553]Trial 9 Ep5:  65%|█████████████████████████████████████████████████████▌                            | 51/78 [01:13<00:39,  1.45s/it, loss=0.6511]Trial 9 Ep5:  67%|██████████████████████████████████████████████████████▋                           | 52/78 [01:13<00:33,  1.28s/it, loss=0.6511]Trial 9 Ep5:  67%|██████████████████████████████████████████████████████▋                           | 52/78 [01:14<00:33,  1.28s/it, loss=0.5586]Trial 9 Ep5:  68%|███████████████████████████████████████████████████████▋                          | 53/78 [01:14<00:33,  1.33s/it, loss=0.5586]Trial 9 Ep5:  68%|███████████████████████████████████████████████████████▋                          | 53/78 [01:16<00:33,  1.33s/it, loss=0.5861]Trial 9 Ep5:  69%|████████████████████████████████████████████████████████▊                         | 54/78 [01:16<00:32,  1.34s/it, loss=0.5861]Trial 9 Ep5:  69%|████████████████████████████████████████████████████████▊                         | 54/78 [01:17<00:32,  1.34s/it, loss=0.6141]Trial 9 Ep5:  71%|█████████████████████████████████████████████████████████▊                        | 55/78 [01:17<00:31,  1.35s/it, loss=0.6141]Trial 9 Ep5:  71%|█████████████████████████████████████████████████████████▊                        | 55/78 [01:19<00:31,  1.35s/it, loss=0.6298]Trial 9 Ep5:  72%|██████████████████████████████████████████████████████████▊                       | 56/78 [01:19<00:30,  1.38s/it, loss=0.6298]Trial 9 Ep5:  72%|██████████████████████████████████████████████████████████▊                       | 56/78 [01:20<00:30,  1.38s/it, loss=0.6948]Trial 9 Ep5:  73%|███████████████████████████████████████████████████████████▉                      | 57/78 [01:20<00:29,  1.43s/it, loss=0.6948]Trial 9 Ep5:  73%|███████████████████████████████████████████████████████████▉                      | 57/78 [01:21<00:29,  1.43s/it, loss=0.6416]Trial 9 Ep5:  74%|████████████████████████████████████████████████████████████▉                     | 58/78 [01:21<00:27,  1.40s/it, loss=0.6416]Trial 9 Ep5:  74%|████████████████████████████████████████████████████████████▉                     | 58/78 [01:23<00:27,  1.40s/it, loss=0.6986]Trial 9 Ep5:  76%|██████████████████████████████████████████████████████████████                    | 59/78 [01:23<00:26,  1.40s/it, loss=0.6986]Trial 9 Ep5:  76%|██████████████████████████████████████████████████████████████                    | 59/78 [01:24<00:26,  1.40s/it, loss=0.6579]Trial 9 Ep5:  77%|███████████████████████████████████████████████████████████████                   | 60/78 [01:24<00:25,  1.40s/it, loss=0.6579]Trial 9 Ep5:  77%|███████████████████████████████████████████████████████████████                   | 60/78 [01:26<00:25,  1.40s/it, loss=0.6526]Trial 9 Ep5:  78%|████████████████████████████████████████████████████████████████▏                 | 61/78 [01:26<00:24,  1.41s/it, loss=0.6526]Trial 9 Ep5:  78%|████████████████████████████████████████████████████████████████▏                 | 61/78 [01:27<00:24,  1.41s/it, loss=0.6245]Trial 9 Ep5:  79%|█████████████████████████████████████████████████████████████████▏                | 62/78 [01:27<00:22,  1.41s/it, loss=0.6245]Trial 9 Ep5:  79%|█████████████████████████████████████████████████████████████████▏                | 62/78 [01:29<00:22,  1.41s/it, loss=0.5804]Trial 9 Ep5:  81%|██████████████████████████████████████████████████████████████████▏               | 63/78 [01:29<00:21,  1.41s/it, loss=0.5804]Trial 9 Ep5:  81%|██████████████████████████████████████████████████████████████████▏               | 63/78 [01:30<00:21,  1.41s/it, loss=0.7093]Trial 9 Ep5:  82%|███████████████████████████████████████████████████████████████████▎              | 64/78 [01:30<00:19,  1.42s/it, loss=0.7093]Trial 9 Ep5:  82%|███████████████████████████████████████████████████████████████████▎              | 64/78 [01:31<00:19,  1.42s/it, loss=0.5975]Trial 9 Ep5:  83%|████████████████████████████████████████████████████████████████████▎             | 65/78 [01:31<00:18,  1.43s/it, loss=0.5975]Trial 9 Ep5:  83%|████████████████████████████████████████████████████████████████████▎             | 65/78 [01:33<00:18,  1.43s/it, loss=0.5876]Trial 9 Ep5:  85%|█████████████████████████████████████████████████████████████████████▍            | 66/78 [01:33<00:17,  1.47s/it, loss=0.5876]Trial 9 Ep5:  85%|█████████████████████████████████████████████████████████████████████▍            | 66/78 [01:34<00:17,  1.47s/it, loss=0.6222]Trial 9 Ep5:  86%|██████████████████████████████████████████████████████████████████████▍           | 67/78 [01:34<00:16,  1.47s/it, loss=0.6222]Trial 9 Ep5:  86%|██████████████████████████████████████████████████████████████████████▍           | 67/78 [01:36<00:16,  1.47s/it, loss=0.6604]Trial 9 Ep5:  87%|███████████████████████████████████████████████████████████████████████▍          | 68/78 [01:36<00:14,  1.44s/it, loss=0.6604]Trial 9 Ep5:  87%|███████████████████████████████████████████████████████████████████████▍          | 68/78 [01:37<00:14,  1.44s/it, loss=0.7348]Trial 9 Ep5:  88%|████████████████████████████████████████████████████████████████████████▌         | 69/78 [01:37<00:12,  1.42s/it, loss=0.7348]Trial 9 Ep5:  88%|████████████████████████████████████████████████████████████████████████▌         | 69/78 [01:39<00:12,  1.42s/it, loss=0.6039]Trial 9 Ep5:  90%|█████████████████████████████████████████████████████████████████████████▌        | 70/78 [01:39<00:11,  1.40s/it, loss=0.6039]Trial 9 Ep5:  90%|█████████████████████████████████████████████████████████████████████████▌        | 70/78 [01:40<00:11,  1.40s/it, loss=0.5465]Trial 9 Ep5:  91%|██████████████████████████████████████████████████████████████████████████▋       | 71/78 [01:40<00:09,  1.38s/it, loss=0.5465]Trial 9 Ep5:  91%|██████████████████████████████████████████████████████████████████████████▋       | 71/78 [01:41<00:09,  1.38s/it, loss=0.7518]Trial 9 Ep5:  92%|███████████████████████████████████████████████████████████████████████████▋      | 72/78 [01:41<00:08,  1.38s/it, loss=0.7518]Trial 9 Ep5:  92%|███████████████████████████████████████████████████████████████████████████▋      | 72/78 [01:43<00:08,  1.38s/it, loss=0.5465]Trial 9 Ep5:  94%|████████████████████████████████████████████████████████████████████████████▋     | 73/78 [01:43<00:06,  1.39s/it, loss=0.5465]Trial 9 Ep5:  94%|████████████████████████████████████████████████████████████████████████████▋     | 73/78 [01:44<00:06,  1.39s/it, loss=0.5318]Trial 9 Ep5:  95%|█████████████████████████████████████████████████████████████████████████████▊    | 74/78 [01:44<00:05,  1.40s/it, loss=0.5318]Trial 9 Ep5:  95%|█████████████████████████████████████████████████████████████████████████████▊    | 74/78 [01:46<00:05,  1.40s/it, loss=0.6651]Trial 9 Ep5:  96%|██████████████████████████████████████████████████████████████████████████████▊  