[I 2026-02-22 10:52:24,032] A new study created in RDB with name: albert_rte_lrtt_bs32_sgd_decay_nowd_nomom_nonest_nolos_convnt_attn
Some weights of AlbertForSequenceClassification were not initialized from the model checkpoint at albert/albert-base-v2 and are newly initialized: ['classifier.bias', 'classifier.weight']
You should probably TRAIN this model on a down-stream task to be able to use it for predictions and inference.
  GLUE rte: Train=2490, Eval=277
Task: rte, Metric: accuracy
Train batches: 78, Eval batches: 5

Study: albert_rte_lrtt_bs32_sgd_decay_nowd_nomom_nonest_nolos_convnt_attn, Device: cuda, New trials: 100

======================================================================
Trial 0 Starting (rte, metric=accuracy)
======================================================================
  rank=16, lora_alpha=0.0100, lr=5.00e-01
  target_ab_lr=0.0300, lr_multiplier=6.000000
  effective_ab_lr = lr*alpha*mult = 0.0300
  momentum=0.00, nesterov=False, reinit_mode=decay
  optimizer=AnalogSGD
======================================================================
  [FIX] Reinitialized classifier with FIXED seed=42
  [DEBUG] LEARN_OUT_SCALING=False, nontarget learn_out_scaling=False
  LRTT Analog layers: 6, Total params: 4,607,306, Trainable (before grad set): 4,607,306
  Trainable (after grad set): 4,914
  LoRA target: attn -> ['attention']

Optimizer configuration:
  Forward scaling (lora_alpha): 0.01
  Classifier LR: 0.5
  LRTT LR: 3.0 (= 0.5 * 6.0)
  LRTT_LR_MULTIPLIER: 6.0
  Analog contexts in optimizer: 72 (LRTT + NT)
  Digital params in optimizer: 21
Trial 0 Ep1:   0%|                                                                                                        | 0/78 [00:00<?, ?it/s]Trial 0 Ep1:   0%|                                                                                           | 0/78 [00:02<?, ?it/s, loss=0.7454]Trial 0 Ep1:   1%|█                                                                                  | 1/78 [00:02<02:38,  2.06s/it, loss=0.7454]Trial 0 Ep1:   1%|█                                                                                  | 1/78 [00:04<02:38,  2.06s/it, loss=0.6630]Trial 0 Ep1:   3%|██▏                                                                                | 2/78 [00:04<02:40,  2.12s/it, loss=0.6630]Trial 0 Ep1:   3%|██▏                                                                                | 2/78 [00:05<02:40,  2.12s/it, loss=0.6099]Trial 0 Ep1:   4%|███▏                                                                               | 3/78 [00:05<02:13,  1.79s/it, loss=0.6099]Trial 0 Ep1:   4%|███▏                                                                               | 3/78 [00:07<02:13,  1.79s/it, loss=0.7826]Trial 0 Ep1:   5%|████▎                                                                              | 4/78 [00:07<02:04,  1.68s/it, loss=0.7826]Trial 0 Ep1:   5%|████▎                                                                              | 4/78 [00:08<02:04,  1.68s/it, loss=0.7176]Trial 0 Ep1:   6%|█████▎                                                                             | 5/78 [00:08<01:52,  1.55s/it, loss=0.7176]Trial 0 Ep1:   6%|█████▎                                                                             | 5/78 [00:09<01:52,  1.55s/it, loss=0.7470]Trial 0 Ep1:   8%|██████▍                                                                            | 6/78 [00:09<01:51,  1.55s/it, loss=0.7470]Trial 0 Ep1:   8%|██████▍                                                                            | 6/78 [00:11<01:51,  1.55s/it, loss=0.7567]Trial 0 Ep1:   9%|███████▍                                                                           | 7/78 [00:11<01:47,  1.52s/it, loss=0.7567]Trial 0 Ep1:   9%|███████▍                                                                           | 7/78 [00:12<01:47,  1.52s/it, loss=0.7259]Trial 0 Ep1:  10%|████████▌                                                                          | 8/78 [00:12<01:34,  1.34s/it, loss=0.7259]Trial 0 Ep1:  10%|████████▌                                                                          | 8/78 [00:13<01:34,  1.34s/it, loss=0.7573]Trial 0 Ep1:  12%|█████████▌                                                                         | 9/78 [00:13<01:37,  1.42s/it, loss=0.7573]Trial 0 Ep1:  12%|█████████▌                                                                         | 9/78 [00:15<01:37,  1.42s/it, loss=0.7324]Trial 0 Ep1:  13%|██████████▌                                                                       | 10/78 [00:15<01:39,  1.47s/it, loss=0.7324]Trial 0 Ep1:  13%|██████████▌                                                                       | 10/78 [00:17<01:39,  1.47s/it, loss=0.7436]Trial 0 Ep1:  14%|███████████▌                                                                      | 11/78 [00:17<01:37,  1.46s/it, loss=0.7436]Trial 0 Ep1:  14%|███████████▌                                                                      | 11/78 [00:18<01:37,  1.46s/it, loss=0.7969]Trial 0 Ep1:  15%|████████████▌                                                                     | 12/78 [00:18<01:34,  1.43s/it, loss=0.7969]Trial 0 Ep1:  15%|████████████▌                                                                     | 12/78 [00:19<01:34,  1.43s/it, loss=0.7434]Trial 0 Ep1:  17%|█████████████▋                                                                    | 13/78 [00:19<01:31,  1.41s/it, loss=0.7434]Trial 0 Ep1:  17%|█████████████▋                                                                    | 13/78 [00:21<01:31,  1.41s/it, loss=0.7370]Trial 0 Ep1:  18%|██████████████▋                                                                   | 14/78 [00:21<01:28,  1.39s/it, loss=0.7370]Trial 0 Ep1:  18%|██████████████▋                                                                   | 14/78 [00:22<01:28,  1.39s/it, loss=0.6902]Trial 0 Ep1:  19%|███████████████▊                                                                  | 15/78 [00:22<01:28,  1.41s/it, loss=0.6902]Trial 0 Ep1:  19%|███████████████▊                                                                  | 15/78 [00:23<01:28,  1.41s/it, loss=0.7466]Trial 0 Ep1:  21%|████████████████▊                                                                 | 16/78 [00:23<01:28,  1.42s/it, loss=0.7466]Trial 0 Ep1:  21%|████████████████▊                                                                 | 16/78 [00:25<01:28,  1.42s/it, loss=0.7561]Trial 0 Ep1:  22%|█████████████████▊                                                                | 17/78 [00:25<01:26,  1.42s/it, loss=0.7561]Trial 0 Ep1:  22%|█████████████████▊                                                                | 17/78 [00:26<01:26,  1.42s/it, loss=0.9450]Trial 0 Ep1:  23%|██████████████████▉                                                               | 18/78 [00:26<01:24,  1.42s/it, loss=0.9450]Trial 0 Ep1:  23%|██████████████████▉                                                               | 18/78 [00:28<01:24,  1.42s/it, loss=0.6653]Trial 0 Ep1:  24%|███████████████████▉                                                              | 19/78 [00:28<01:23,  1.41s/it, loss=0.6653]Trial 0 Ep1:  24%|███████████████████▉                                                              | 19/78 [00:29<01:23,  1.41s/it, loss=0.8101]Trial 0 Ep1:  26%|█████████████████████                                                             | 20/78 [00:29<01:20,  1.39s/it, loss=0.8101]Trial 0 Ep1:  26%|█████████████████████                                                             | 20/78 [00:30<01:20,  1.39s/it, loss=0.7400]Trial 0 Ep1:  27%|██████████████████████                                                            | 21/78 [00:30<01:19,  1.40s/it, loss=0.7400]Trial 0 Ep1:  27%|██████████████████████                                                            | 21/78 [00:32<01:19,  1.40s/it, loss=0.7058]Trial 0 Ep1:  28%|███████████████████████▏                                                          | 22/78 [00:32<01:19,  1.42s/it, loss=0.7058]Trial 0 Ep1:  28%|███████████████████████▏                                                          | 22/78 [00:33<01:19,  1.42s/it, loss=0.9771]Trial 0 Ep1:  29%|████████████████████████▏                                                         | 23/78 [00:33<01:17,  1.41s/it, loss=0.9771]Trial 0 Ep1:  29%|████████████████████████▏                                                         | 23/78 [00:35<01:17,  1.41s/it, loss=0.6693]Trial 0 Ep1:  31%|█████████████████████████▏                                                        | 24/78 [00:35<01:15,  1.41s/it, loss=0.6693]Trial 0 Ep1:  31%|█████████████████████████▏                                                        | 24/78 [00:36<01:15,  1.41s/it, loss=0.7423]Trial 0 Ep1:  32%|██████████████████████████▎                                                       | 25/78 [00:36<01:16,  1.44s/it, loss=0.7423]Trial 0 Ep1:  32%|██████████████████████████▎                                                       | 25/78 [00:38<01:16,  1.44s/it, loss=0.7340]Trial 0 Ep1:  33%|███████████████████████████▎                                                      | 26/78 [00:38<01:14,  1.43s/it, loss=0.7340]Trial 0 Ep1:  33%|███████████████████████████▎                                                      | 26/78 [00:39<01:14,  1.43s/it, loss=0.9978]Trial 0 Ep1:  35%|████████████████████████████▍                                                     | 27/78 [00:39<01:12,  1.43s/it, loss=0.9978]Trial 0 Ep1:  35%|████████████████████████████▍                                                     | 27/78 [00:40<01:12,  1.43s/it, loss=0.6665]Trial 0 Ep1:  36%|█████████████████████████████▍                                                    | 28/78 [00:40<01:10,  1.40s/it, loss=0.6665]Trial 0 Ep1:  36%|█████████████████████████████▍                                                    | 28/78 [00:42<01:10,  1.40s/it, loss=0.8011]Trial 0 Ep1:  37%|██████████████████████████████▍                                                   | 29/78 [00:42<01:09,  1.42s/it, loss=0.8011]Trial 0 Ep1:  37%|██████████████████████████████▍                                                   | 29/78 [00:43<01:09,  1.42s/it, loss=0.6987]Trial 0 Ep1:  38%|███████████████████████████████▌                                                  | 30/78 [00:43<01:08,  1.43s/it, loss=0.6987]Trial 0 Ep1:  38%|███████████████████████████████▌                                                  | 30/78 [00:45<01:08,  1.43s/it, loss=0.7408]Trial 0 Ep1:  40%|████████████████████████████████▌                                                 | 31/78 [00:45<01:06,  1.42s/it, loss=0.7408]Trial 0 Ep1:  40%|████████████████████████████████▌                                                 | 31/78 [00:46<01:06,  1.42s/it, loss=0.7347]Trial 0 Ep1:  41%|█████████████████████████████████▋                                                | 32/78 [00:46<01:05,  1.42s/it, loss=0.7347]Trial 0 Ep1:  41%|█████████████████████████████████▋                                                | 32/78 [00:48<01:05,  1.42s/it, loss=0.7986]Trial 0 Ep1:  42%|██████████████████████████████████▋                                               | 33/78 [00:48<01:03,  1.42s/it, loss=0.7986]Trial 0 Ep1:  42%|██████████████████████████████████▋                                               | 33/78 [00:49<01:03,  1.42s/it, loss=0.6937]Trial 0 Ep1:  44%|███████████████████████████████████▋                                              | 34/78 [00:49<01:02,  1.41s/it, loss=0.6937]Trial 0 Ep1:  44%|███████████████████████████████████▋                                              | 34/78 [00:50<01:02,  1.41s/it, loss=0.7065]Trial 0 Ep1:  45%|████████████████████████████████████▊                                             | 35/78 [00:50<01:01,  1.44s/it, loss=0.7065]Trial 0 Ep1:  45%|████████████████████████████████████▊                                             | 35/78 [00:52<01:01,  1.44s/it, loss=0.7772]Trial 0 Ep1:  46%|█████████████████████████████████████▊                                            | 36/78 [00:52<01:01,  1.46s/it, loss=0.7772]Trial 0 Ep1:  46%|█████████████████████████████████████▊                                            | 36/78 [00:53<01:01,  1.46s/it, loss=1.4231]Trial 0 Ep1:  47%|██████████████████████████████████████▉                                           | 37/78 [00:53<01:00,  1.47s/it, loss=1.4231]Trial 0 Ep1:  47%|██████████████████████████████████████▉                                           | 37/78 [00:55<01:00,  1.47s/it, loss=0.7677]Trial 0 Ep1:  49%|███████████████████████████████████████▉                                          | 38/78 [00:55<00:57,  1.43s/it, loss=0.7677]Trial 0 Ep1:  49%|███████████████████████████████████████▉                                          | 38/78 [00:56<00:57,  1.43s/it, loss=1.6594]Trial 0 Ep1:  50%|█████████████████████████████████████████                                         | 39/78 [00:56<00:55,  1.43s/it, loss=1.6594]Trial 0 Ep1:  50%|█████████████████████████████████████████                                         | 39/78 [00:58<00:55,  1.43s/it, loss=0.7116]Trial 0 Ep1:  51%|██████████████████████████████████████████                                        | 40/78 [00:58<00:54,  1.43s/it, loss=0.7116]Trial 0 Ep1:  51%|██████████████████████████████████████████                                        | 40/78 [00:59<00:54,  1.43s/it, loss=0.8361]Trial 0 Ep1:  53%|███████████████████████████████████████████                                       | 41/78 [00:59<00:53,  1.43s/it, loss=0.8361]Trial 0 Ep1:  53%|███████████████████████████████████████████                                       | 41/78 [01:00<00:53,  1.43s/it, loss=0.7833]Trial 0 Ep1:  54%|████████████████████████████████████████████▏                                     | 42/78 [01:00<00:51,  1.42s/it, loss=0.7833]Trial 0 Ep1:  54%|████████████████████████████████████████████▏                                     | 42/78 [01:02<00:51,  1.42s/it, loss=0.9746]Trial 0 Ep1:  55%|█████████████████████████████████████████████▏                                    | 43/78 [01:02<00:49,  1.42s/it, loss=0.9746]Trial 0 Ep1:  55%|█████████████████████████████████████████████▏                                    | 43/78 [01:03<00:49,  1.42s/it, loss=0.9027]Trial 0 Ep1:  56%|██████████████████████████████████████████████▎                                   | 44/78 [01:03<00:47,  1.39s/it, loss=0.9027]Trial 0 Ep1:  56%|██████████████████████████████████████████████▎                                   | 44/78 [01:05<00:47,  1.39s/it, loss=0.9153]Trial 0 Ep1:  58%|███████████████████████████████████████████████▎                                  | 45/78 [01:05<00:46,  1.41s/it, loss=0.9153]Trial 0 Ep1:  58%|███████████████████████████████████████████████▎                                  | 45/78 [01:06<00:46,  1.41s/it, loss=0.6810]Trial 0 Ep1:  59%|████████████████████████████████████████████████▎                                 | 46/78 [01:06<00:45,  1.41s/it, loss=0.6810]Trial 0 Ep1:  59%|████████████████████████████████████████████████▎                                 | 46/78 [01:07<00:45,  1.41s/it, loss=0.8810]Trial 0 Ep1:  60%|█████████████████████████████████████████████████▍                                | 47/78 [01:07<00:43,  1.40s/it, loss=0.8810]Trial 0 Ep1:  60%|█████████████████████████████████████████████████▍                                | 47/78 [01:09<00:43,  1.40s/it, loss=0.8782]Trial 0 Ep1:  62%|██████████████████████████████████████████████████▍                               | 48/78 [01:09<00:41,  1.38s/it, loss=0.8782]Trial 0 Ep1:  62%|██████████████████████████████████████████████████▍                               | 48/78 [01:10<00:41,  1.38s/it, loss=1.0335]Trial 0 Ep1:  63%|███████████████████████████████████████████████████▌                              | 49/78 [01:10<00:42,  1.46s/it, loss=1.0335]Trial 0 Ep1:  63%|███████████████████████████████████████████████████▌                              | 49/78 [01:12<00:42,  1.46s/it, loss=0.8653]Trial 0 Ep1:  64%|████████████████████████████████████████████████████▌                             | 50/78 [01:12<00:40,  1.45s/it, loss=0.8653]Trial 0 Ep1:  64%|████████████████████████████████████████████████████▌                             | 50/78 [01:13<00:40,  1.45s/it, loss=0.8532]Trial 0 Ep1:  65%|█████████████████████████████████████████████████████▌                            | 51/78 [01:13<00:39,  1.45s/it, loss=0.8532]Trial 0 Ep1:  65%|█████████████████████████████████████████████████████▌                            | 51/78 [01:15<00:39,  1.45s/it, loss=1.0874]Trial 0 Ep1:  67%|██████████████████████████████████████████████████████▋                           | 52/78 [01:15<00:36,  1.40s/it, loss=1.0874]Trial 0 Ep1:  67%|██████████████████████████████████████████████████████▋                           | 52/78 [01:16<00:36,  1.40s/it, loss=0.6922]Trial 0 Ep1:  68%|███████████████████████████████████████████████████████▋                          | 53/78 [01:16<00:33,  1.32s/it, loss=0.6922]Trial 0 Ep1:  68%|███████████████████████████████████████████████████████▋                          | 53/78 [01:17<00:33,  1.32s/it, loss=1.3644]Trial 0 Ep1:  69%|████████████████████████████████████████████████████████▊                         | 54/78 [01:17<00:33,  1.38s/it, loss=1.3644]Trial 0 Ep1:  69%|████████████████████████████████████████████████████████▊                         | 54/78 [01:19<00:33,  1.38s/it, loss=0.9368]Trial 0 Ep1:  71%|█████████████████████████████████████████████████████████▊                        | 55/78 [01:19<00:33,  1.44s/it, loss=0.9368]Trial 0 Ep1:  71%|█████████████████████████████████████████████████████████▊                        | 55/78 [01:20<00:33,  1.44s/it, loss=1.0237]Trial 0 Ep1:  72%|██████████████████████████████████████████████████████████▊                       | 56/78 [01:20<00:31,  1.43s/it, loss=1.0237]Trial 0 Ep1:  72%|██████████████████████████████████████████████████████████▊                       | 56/78 [01:22<00:31,  1.43s/it, loss=0.9171]Trial 0 Ep1:  73%|███████████████████████████████████████████████████████████▉                      | 57/78 [01:22<00:30,  1.44s/it, loss=0.9171]Trial 0 Ep1:  73%|███████████████████████████████████████████████████████████▉                      | 57/78 [01:23<00:30,  1.44s/it, loss=0.9235]Trial 0 Ep1:  74%|████████████████████████████████████████████████████████████▉                     | 58/78 [01:23<00:28,  1.45s/it, loss=0.9235]Trial 0 Ep1:  74%|████████████████████████████████████████████████████████████▉                     | 58/78 [01:24<00:28,  1.45s/it, loss=0.8903]Trial 0 Ep1:  76%|██████████████████████████████████████████████████████████████                    | 59/78 [01:24<00:26,  1.40s/it, loss=0.8903]Trial 0 Ep1:  76%|██████████████████████████████████████████████████████████████                    | 59/78 [01:26<00:26,  1.40s/it, loss=0.9636]Trial 0 Ep1:  77%|███████████████████████████████████████████████████████████████                   | 60/78 [01:26<00:25,  1.40s/it, loss=0.9636]Trial 0 Ep1:  77%|███████████████████████████████████████████████████████████████                   | 60/78 [01:27<00:25,  1.40s/it, loss=0.7033]Trial 0 Ep1:  78%|████████████████████████████████████████████████████████████████▏                 | 61/78 [01:27<00:23,  1.40s/it, loss=0.7033]Trial 0 Ep1:  78%|████████████████████████████████████████████████████████████████▏                 | 61/78 [01:29<00:23,  1.40s/it, loss=0.9960]Trial 0 Ep1:  79%|█████████████████████████████████████████████████████████████████▏                | 62/78 [01:29<00:22,  1.39s/it, loss=0.9960]Trial 0 Ep1:  79%|█████████████████████████████████████████████████████████████████▏                | 62/78 [01:30<00:22,  1.39s/it, loss=1.2175]Trial 0 Ep1:  81%|██████████████████████████████████████████████████████████████████▏               | 63/78 [01:30<00:21,  1.42s/it, loss=1.2175]Trial 0 Ep1:  81%|██████████████████████████████████████████████████████████████████▏               | 63/78 [01:32<00:21,  1.42s/it, loss=0.7113]Trial 0 Ep1:  82%|███████████████████████████████████████████████████████████████████▎              | 64/78 [01:32<00:19,  1.42s/it, loss=0.7113]Trial 0 Ep1:  82%|███████████████████████████████████████████████████████████████████▎              | 64/78 [01:33<00:19,  1.42s/it, loss=1.1544]Trial 0 Ep1:  83%|████████████████████████████████████████████████████████████████████▎             | 65/78 [01:33<00:18,  1.43s/it, loss=1.1544]Trial 0 Ep1:  83%|████████████████████████████████████████████████████████████████████▎             | 65/78 [01:34<00:18,  1.43s/it, loss=1.0237]Trial 0 Ep1:  85%|█████████████████████████████████████████████████████████████████████▍            | 66/78 [01:34<00:17,  1.43s/it, loss=1.0237]Trial 0 Ep1:  85%|█████████████████████████████████████████████████████████████████████▍            | 66/78 [01:36<00:17,  1.43s/it, loss=1.2901]Trial 0 Ep1:  86%|██████████████████████████████████████████████████████████████████████▍           | 67/78 [01:36<00:15,  1.41s/it, loss=1.2901]Trial 0 Ep1:  86%|██████████████████████████████████████████████████████████████████████▍           | 67/78 [01:37<00:15,  1.41s/it, loss=1.0013]Trial 0 Ep1:  87%|███████████████████████████████████████████████████████████████████████▍          | 68/78 [01:37<00:13,  1.39s/it, loss=1.0013]Trial 0 Ep1:  87%|███████████████████████████████████████████████████████████████████████▍          | 68/78 [01:39<00:13,  1.39s/it, loss=0.6443]Trial 0 Ep1:  88%|████████████████████████████████████████████████████████████████████████▌         | 69/78 [01:39<00:12,  1.39s/it, loss=0.6443]Trial 0 Ep1:  88%|████████████████████████████████████████████████████████████████████████▌         | 69/78 [0