Trial 7 Ep7:   0%|                                                                                                        | 0/78 [00:00<?, ?it/s]Trial 7 Ep7:   0%|                                                                                           | 0/78 [00:01<?, ?it/s, loss=0.6646]Trial 7 Ep7:   1%|█                                                                                  | 1/78 [00:01<01:55,  1.50s/it, loss=0.6646]Trial 7 Ep7:   1%|█                                                                                  | 1/78 [00:02<01:55,  1.50s/it, loss=0.6108]Trial 7 Ep7:   3%|██▏                                                                                | 2/78 [00:02<01:50,  1.45s/it, loss=0.6108]Trial 7 Ep7:   3%|██▏                                                                                | 2/78 [00:04<01:50,  1.45s/it, loss=0.6295]Trial 7 Ep7:   4%|███▏                                                                               | 3/78 [00:04<01:46,  1.42s/it, loss=0.6295]Trial 7 Ep7:   4%|███▏                                                                               | 3/78 [00:05<01:46,  1.42s/it, loss=0.6223]Trial 7 Ep7:   5%|████▎                                                                              | 4/78 [00:05<01:45,  1.43s/it, loss=0.6223]Trial 7 Ep7:   5%|████▎                                                                              | 4/78 [00:07<01:45,  1.43s/it, loss=0.5929]Trial 7 Ep7:   6%|█████▎                                                                             | 5/78 [00:07<01:45,  1.44s/it, loss=0.5929]Trial 7 Ep7:   6%|█████▎                                                                             | 5/78 [00:08<01:45,  1.44s/it, loss=0.5543]Trial 7 Ep7:   8%|██████▍                                                                            | 6/78 [00:08<01:42,  1.43s/it, loss=0.5543]Trial 7 Ep7:   8%|██████▍                                                                            | 6/78 [00:10<01:42,  1.43s/it, loss=0.7552]Trial 7 Ep7:   9%|███████▍                                                                           | 7/78 [00:10<01:41,  1.43s/it, loss=0.7552]Trial 7 Ep7:   9%|███████▍                                                                           | 7/78 [00:11<01:41,  1.43s/it, loss=0.6681]Trial 7 Ep7:  10%|████████▌                                                                          | 8/78 [00:11<01:40,  1.43s/it, loss=0.6681]Trial 7 Ep7:  10%|████████▌                                                                          | 8/78 [00:12<01:40,  1.43s/it, loss=0.6965]Trial 7 Ep7:  12%|█████████▌                                                                         | 9/78 [00:12<01:37,  1.42s/it, loss=0.6965]Trial 7 Ep7:  12%|█████████▌                                                                         | 9/78 [00:14<01:37,  1.42s/it, loss=0.6521]Trial 7 Ep7:  13%|██████████▌                                                                       | 10/78 [00:14<01:36,  1.41s/it, loss=0.6521]Trial 7 Ep7:  13%|██████████▌                                                                       | 10/78 [00:15<01:36,  1.41s/it, loss=0.5308]Trial 7 Ep7:  14%|███████████▌                                                                      | 11/78 [00:15<01:35,  1.43s/it, loss=0.5308]Trial 7 Ep7:  14%|███████████▌                                                                      | 11/78 [00:17<01:35,  1.43s/it, loss=0.6241]Trial 7 Ep7:  15%|████████████▌                                                                     | 12/78 [00:17<01:34,  1.43s/it, loss=0.6241]Trial 7 Ep7:  15%|████████████▌                                                                     | 12/78 [00:18<01:34,  1.43s/it, loss=0.6369]Trial 7 Ep7:  17%|█████████████▋                                                                    | 13/78 [00:18<01:32,  1.42s/it, loss=0.6369]Trial 7 Ep7:  17%|█████████████▋                                                                    | 13/78 [00:19<01:32,  1.42s/it, loss=0.7011]Trial 7 Ep7:  18%|██████████████▋                                                                   | 14/78 [00:19<01:30,  1.42s/it, loss=0.7011]Trial 7 Ep7:  18%|██████████████▋                                                                   | 14/78 [00:21<01:30,  1.42s/it, loss=0.7032]Trial 7 Ep7:  19%|███████████████▊                                                                  | 15/78 [00:21<01:28,  1.41s/it, loss=0.7032]Trial 7 Ep7:  19%|███████████████▊                                                                  | 15/78 [00:22<01:28,  1.41s/it, loss=0.6246]Trial 7 Ep7:  21%|████████████████▊                                                                 | 16/78 [00:22<01:28,  1.42s/it, loss=0.6246]Trial 7 Ep7:  21%|████████████████▊                                                                 | 16/78 [00:24<01:28,  1.42s/it, loss=0.6613]Trial 7 Ep7:  22%|█████████████████▊                                                                | 17/78 [00:24<01:27,  1.43s/it, loss=0.6613]Trial 7 Ep7:  22%|█████████████████▊                                                                | 17/78 [00:25<01:27,  1.43s/it, loss=0.5667]Trial 7 Ep7:  23%|██████████████████▉                                                               | 18/78 [00:25<01:24,  1.41s/it, loss=0.5667]Trial 7 Ep7:  23%|██████████████████▉                                                               | 18/78 [00:27<01:24,  1.41s/it, loss=0.6241]Trial 7 Ep7:  24%|███████████████████▉                                                              | 19/78 [00:27<01:22,  1.40s/it, loss=0.6241]Trial 7 Ep7:  24%|███████████████████▉                                                              | 19/78 [00:28<01:22,  1.40s/it, loss=0.6066]Trial 7 Ep7:  26%|█████████████████████                                                             | 20/78 [00:28<01:21,  1.41s/it, loss=0.6066]Trial 7 Ep7:  26%|█████████████████████                                                             | 20/78 [00:29<01:21,  1.41s/it, loss=0.6866]Trial 7 Ep7:  27%|██████████████████████                                                            | 21/78 [00:29<01:20,  1.42s/it, loss=0.6866]Trial 7 Ep7:  27%|██████████████████████                                                            | 21/78 [00:31<01:20,  1.42s/it, loss=0.6339]Trial 7 Ep7:  28%|███████████████████████▏                                                          | 22/78 [00:31<01:19,  1.41s/it, loss=0.6339]Trial 7 Ep7:  28%|███████████████████████▏                                                          | 22/78 [00:32<01:19,  1.41s/it, loss=0.5674]Trial 7 Ep7:  29%|████████████████████████▏                                                         | 23/78 [00:32<01:18,  1.43s/it, loss=0.5674]Trial 7 Ep7:  29%|████████████████████████▏                                                         | 23/78 [00:34<01:18,  1.43s/it, loss=0.6564]Trial 7 Ep7:  31%|█████████████████████████▏                                                        | 24/78 [00:34<01:15,  1.41s/it, loss=0.6564]Trial 7 Ep7:  31%|█████████████████████████▏                                                        | 24/78 [00:35<01:15,  1.41s/it, loss=0.5454]Trial 7 Ep7:  32%|██████████████████████████▎                                                       | 25/78 [00:35<01:14,  1.40s/it, loss=0.5454]Trial 7 Ep7:  32%|██████████████████████████▎                                                       | 25/78 [00:36<01:14,  1.40s/it, loss=0.5670]Trial 7 Ep7:  33%|███████████████████████████▎                                                      | 26/78 [00:36<01:12,  1.40s/it, loss=0.5670]Trial 7 Ep7:  33%|███████████████████████████▎                                                      | 26/78 [00:38<01:12,  1.40s/it, loss=0.5916]Trial 7 Ep7:  35%|████████████████████████████▍                                                     | 27/78 [00:38<01:13,  1.44s/it, loss=0.5916]Trial 7 Ep7:  35%|████████████████████████████▍                                                     | 27/78 [00:39<01:13,  1.44s/it, loss=0.6643]Trial 7 Ep7:  36%|█████████████████████████████▍                                                    | 28/78 [00:39<01:10,  1.41s/it, loss=0.6643]Trial 7 Ep7:  36%|█████████████████████████████▍                                                    | 28/78 [00:40<01:10,  1.41s/it, loss=0.5345]Trial 7 Ep7:  37%|██████████████████████████████▍                                                   | 29/78 [00:40<01:04,  1.32s/it, loss=0.5345]Trial 7 Ep7:  37%|██████████████████████████████▍                                                   | 29/78 [00:42<01:04,  1.32s/it, loss=0.7033]Trial 7 Ep7:  38%|███████████████████████████████▌                                                  | 30/78 [00:42<01:04,  1.34s/it, loss=0.7033]Trial 7 Ep7:  38%|███████████████████████████████▌                                                  | 30/78 [00:43<01:04,  1.34s/it, loss=0.6615]Trial 7 Ep7:  40%|████████████████████████████████▌                                                 | 31/78 [00:43<01:02,  1.33s/it, loss=0.6615]Trial 7 Ep7:  40%|████████████████████████████████▌                                                 | 31/78 [00:44<01:02,  1.33s/it, loss=0.5653]Trial 7 Ep7:  41%|█████████████████████████████████▋                                                | 32/78 [00:44<01:01,  1.33s/it, loss=0.5653]Trial 7 Ep7:  41%|█████████████████████████████████▋                                                | 32/78 [00:46<01:01,  1.33s/it, loss=0.6060]Trial 7 Ep7:  42%|██████████████████████████████████▋                                               | 33/78 [00:46<01:02,  1.39s/it, loss=0.6060]Trial 7 Ep7:  42%|██████████████████████████████████▋                                               | 33/78 [00:47<01:02,  1.39s/it, loss=0.5936]Trial 7 Ep7:  44%|███████████████████████████████████▋                                              | 34/78 [00:47<01:01,  1.40s/it, loss=0.5936]Trial 7 Ep7:  44%|███████████████████████████████████▋                                              | 34/78 [00:49<01:01,  1.40s/it, loss=0.6950]Trial 7 Ep7:  45%|████████████████████████████████████▊                                             | 35/78 [00:49<00:59,  1.39s/it, loss=0.6950]Trial 7 Ep7:  45%|████████████████████████████████████▊                                             | 35/78 [00:50<00:59,  1.39s/it, loss=0.6363]Trial 7 Ep7:  46%|█████████████████████████████████████▊                                            | 36/78 [00:50<00:59,  1.41s/it, loss=0.6363]Trial 7 Ep7:  46%|█████████████████████████████████████▊                                            | 36/78 [00:52<00:59,  1.41s/it, loss=0.6028]Trial 7 Ep7:  47%|██████████████████████████████████████▉                                           | 37/78 [00:52<00:58,  1.43s/it, loss=0.6028]Trial 7 Ep7:  47%|██████████████████████████████████████▉                                           | 37/78 [00:53<00:58,  1.43s/it, loss=0.7095]Trial 7 Ep7:  49%|███████████████████████████████████████▉                                          | 38/78 [00:53<00:58,  1.46s/it, loss=0.7095]Trial 7 Ep7:  49%|███████████████████████████████████████▉                                          | 38/78 [00:55<00:58,  1.46s/it, loss=0.5563]Trial 7 Ep7:  50%|█████████████████████████████████████████                                         | 39/78 [00:55<00:56,  1.45s/it, loss=0.5563]Trial 7 Ep7:  50%|█████████████████████████████████████████                                         | 39/78 [00:56<00:56,  1.45s/it, loss=0.6269]Trial 7 Ep7:  51%|██████████████████████████████████████████                                        | 40/78 [00:56<00:55,  1.45s/it, loss=0.6269]Trial 7 Ep7:  51%|██████████████████████████████████████████                                        | 40/78 [00:57<00:55,  1.45s/it, loss=0.6736]Trial 7 Ep7:  53%|███████████████████████████████████████████                                       | 41/78 [00:57<00:53,  1.44s/it, loss=0.6736]Trial 7 Ep7:  53%|███████████████████████████████████████████                                       | 41/78 [00:59<00:53,  1.44s/it, loss=0.5982]Trial 7 Ep7:  54%|████████████████████████████████████████████▏                                     | 42/78 [00:59<00:53,  1.48s/it, loss=0.5982]Trial 7 Ep7:  54%|████████████████████████████████████████████▏                                     | 42/78 [01:01<00:53,  1.48s/it, loss=0.6425]Trial 7 Ep7:  55%|█████████████████████████████████████████████▏                                    | 43/78 [01:01<00:52,  1.49s/it, loss=0.6425]Trial 7 Ep7:  55%|█████████████████████████████████████████████▏                                    | 43/78 [01:02<00:52,  1.49s/it, loss=0.6717]Trial 7 Ep7:  56%|██████████████████████████████████████████████▎                                   | 44/78 [01:02<00:50,  1.48s/it, loss=0.6717]Trial 7 Ep7:  56%|██████████████████████████████████████████████▎                                   | 44/78 [01:04<00:50,  1.48s/it, loss=0.6108]Trial 7 Ep7:  58%|███████████████████████████████████████████████▎                                  | 45/78 [01:04<00:48,  1.48s/it, loss=0.6108]Trial 7 Ep7:  58%|███████████████████████████████████████████████▎                                  | 45/78 [01:05<00:48,  1.48s/it, loss=0.5966]Trial 7 Ep7:  59%|████████████████████████████████████████████████▎                                 | 46/78 [01:05<00:46,  1.47s/it, loss=0.5966]Trial 7 Ep7:  59%|████████████████████████████████████████████████▎                                 | 46/78 [01:06<00:46,  1.47s/it, loss=0.5294]Trial 7 Ep7:  60%|█████████████████████████████████████████████████▍                                | 47/78 [01:06<00:45,  1.47s/it, loss=0.5294]Trial 7 Ep7:  60%|█████████████████████████████████████████████████▍                                | 47/78 [01:08<00:45,  1.47s/it, loss=0.6118]Trial 7 Ep7:  62%|██████████████████████████████████████████████████▍                               | 48/78 [01:08<00:44,  1.47s/it, loss=0.6118]Trial 7 Ep7:  62%|██████████████████████████████████████████████████▍                               | 48/78 [01:09<00:44,  1.47s/it, loss=0.6796]Trial 7 Ep7:  63%|███████████████████████████████████████████████████▌                              | 49/78 [01:09<00:41,  1.44s/it, loss=0.6796]Trial 7 Ep7:  63%|███████████████████████████████████████████████████▌                              | 49/78 [01:11<00:41,  1.44s/it, loss=0.6467]Trial 7 Ep7:  64%|████████████████████████████████████████████████████▌                             | 50/78 [01:11<00:39,  1.42s/it, loss=0.6467]Trial 7 Ep7:  64%|████████████████████████████████████████████████████▌                             | 50/78 [01:12<00:39,  1.42s/it, loss=0.6248]Trial 7 Ep7:  65%|█████████████████████████████████████████████████████▌                            | 51/78 [01:12<00:38,  1.42s/it, loss=0.6248]Trial 7 Ep7:  65%|█████████████████████████████████████████████████████▌                            | 51/78 [01:13<00:38,  1.42s/it, loss=0.6056]Trial 7 Ep7:  67%|██████████████████████████████████████████████████████▋                           | 52/78 [01:13<00:36,  1.40s/it, loss=0.6056]Trial 7 Ep7:  67%|██████████████████████████████████████████████████████▋                           | 52/78 [01:15<00:36,  1.40s/it, loss=0.6545]Trial 7 Ep7:  68%|███████████████████████████████████████████████████████▋                          | 53/78 [01:15<00:34,  1.40s/it, loss=0.6545]Trial 7 Ep7:  68%|███████████████████████████████████████████████████████▋                          | 53/78 [01:16<00:34,  1.40s/it, loss=0.6556]Trial 7 Ep7:  69%|████████████████████████████████████████████████████████▊                         | 54/78 [01:16<00:33,  1.39s/it, loss=0.6556]Trial 7 Ep7:  69%|████████████████████████████████████████████████████████▊                         | 54/78 [01:18<00:33,  1.39s/it, loss=0.6315]Trial 7 Ep7:  71%|█████████████████████████████████████████████████████████▊                        | 55/78 [01:18<00:32,  1.43s/it, loss=0.6315]Trial 7 Ep7:  71%|█████████████████████████████████████████████████████████▊                        | 55/78 [01:19<00:32,  1.43s/it, loss=0.4964]Trial 7 Ep7:  72%|██████████████████████████████████████████████████████████▊                       | 56/78 [01:19<00:31,  1.43s/it, loss=0.4964]Trial 7 Ep7:  72%|██████████████████████████████████████████████████████████▊                       | 56/78 [01:21<00:31,  1.43s/it, loss=0.4648]Trial 7 Ep7:  73%|███████████████████████████████████████████████████████████▉                      | 57/78 [01:21<00:30,  1.45s/it, loss=0.4648]Trial 7 Ep7:  73%|███████████████████████████████████████████████████████████▉                      | 57/78 [01:22<00:30,  1.45s/it, loss=0.5552]Trial 7 Ep7:  74%|████████████████████████████████████████████████████████████▉                     | 58/78 [01:22<00:28,  1.42s/it, loss=0.5552]Trial 7 Ep7:  74%|████████████████████████████████████████████████████████████▉                     | 58/78 [01:23<00:28,  1.42s/it, loss=0.5568]Trial 7 Ep7:  76%|██████████████████████████████████████████████████████████████                    | 59/78 [01:23<00:27,  1.43s/it, loss=0.5568]Trial 7 Ep7:  76%|██████████████████████████████████████████████████████████████                    | 59/78 [01:25<00:27,  1.43s/it, loss=0.6580]Trial 7 Ep7:  77%|███████████████████████████████████████████████████████████████                   | 60/78 [01:25<00:25,  1.43s/it, loss=0.6580]Trial 7 Ep7:  77%|███████████████████████████████████████████████████████████████                   | 60/78 [01:26<00:25,  1.43s/it, loss=0.8493]Trial 7 Ep7:  78%|████████████████████████████████████████████████████████████████▏                 | 61/78 [01:26<00:24,  1.43s/it, loss=0.8493]Trial 7 Ep7:  78%|████████████████████████████████████████████████████████████████▏                 | 61/78 [01:28<00:24,  1.43s/it, loss=0.5972]Trial 7 Ep7:  79%|█████████████████████████████████████████████████████████████████▏                | 62/78 [01:28<00:22,  1.41s/it, loss=0.5972]Trial 7 Ep7:  79%|█████████████████████████████████████████████████████████████████▏                | 62/78 [01:29<00:22,  1.41s/it, loss=0.6139]Trial 7 Ep7:  81%|██████████████████████████████████████████████████████████████████▏               | 63/78 [01:29<00:21,  1.42s/it, loss=0.6139]Trial 7 Ep7:  81%|██████████████████████████████████████████████████████████████████▏               | 63/78 [01:31<00:21,  1.42s/it, loss=0.5992]Trial 7 Ep7:  82%|███████████████████████████████████████████████████████████████████▎              | 64/78 [01:31<00:20,  1.44s/it, loss=0.5992]Trial 7 Ep7:  82%|███████████████████████████████████████████████████████████████████▎              | 64/78 [01:32<00:20,  1.44s/it, loss=0.5850]Trial 7 Ep7:  83%|████████████████████████████████████████████████████████████████████▎             | 65/78 [01:32<00:18,  1.44s/it, loss=0.5850]Trial 7 Ep7:  83%|████████████████████████████████████████████████████████████████████▎             | 65/78 [01:33<00:18,  1.44s/it, loss=0.6721]Trial 7 Ep7:  85%|█████████████████████████████████████████████████████████████████████▍            | 66/78 [01:33<00:17,  1.42s/it, loss=0.6721]Trial 7 Ep7:  85%|█████████████████████████████████████████████████████████████████████▍            | 66/78 [01:35<00:17,  1.42s/it, loss=0.4801]Trial 7 Ep7:  86%|██████████████████████████████████████████████████████████████████████▍           | 67/78 [01:35<00:15,  1.45s/it, loss=0.4801]Trial 7 Ep7:  86%|██████████████████████████████████████████████████████████████████████▍           | 67/78 [01:36<00:15,  1.45s/it, loss=0.6269]Trial 7 Ep7:  87%|███████████████████████████████████████████████████████████████████████▍          | 68/78 [01:36<00:14,  1.44s/it, loss=0.6269]Trial 7 Ep7:  87%|███████████████████████████████████████████████████████████████████████▍          | 68/78 [01:38<00:14,  1.44s/it, loss=0.5412]Trial 7 Ep7:  88%|████████████████████████████████████████████████████████████████████████▌         | 69/78 [01:38<00:12,  1.44s/it, loss=0.5412]Trial 7 Ep7:  88%|████████████████████████████████████████████████████████████████████████▌         | 69/78 [01:39<00:12,  1.44s/it, loss=0.5377]Trial 7 Ep7:  90%|█████████████████████████████████████████████████████████████████████████▌        | 70/78 [01:39<00:10,  1.35s/it, loss=0.5377]Trial 7 Ep7:  90%|█████████████████████████████████████████████████████████████████████████▌        | 70/78 [01:40<00:10,  1.35s/it, loss=0.6671]Trial 7 Ep7:  91%|██████████████████████████████████████████████████████████████████████████▋       | 71/78 [01:40<00:09,  1.36s/it, loss=0.6671]Trial 7 Ep7:  91%|██████████████████████████████████████████████████████████████████████████▋       | 71/78 [01:42<00:09,  1.36s/it, loss=0.5984]Trial 7 Ep7:  92%|███████████████████████████████████████████████████████████████████████████▋      | 72/78 [01:42<00:08,  1.39s/it, loss=0.5984]Trial 7 Ep7:  92%|███████████████████████████████████████████████████████████████████████████▋      | 72/78 [01:43<00:08,  1.39s/it, loss=0.5244]Trial 7 Ep7:  94%|████████████████████████████████████████████████████████████████████████████▋     | 73/78 [01:43<00:07,  1.42s/it, loss=0.5244]Trial 7 Ep7:  94%|████████████████████████████████████████████████████████████████████████████▋     | 73/78 [01:45<00:07,  1.42s/it, loss=0.7225]Trial 7 Ep7:  95%|█████████████████████████████████████████████████████████████████████████████▊    | 74/78 [01:45<00:05,  1.43s/it, loss=0.7225]Trial 7 Ep7:  95%|█████████████████████████████████████████████████████████████████████████████▊    | 74/78 [01:46<00:05,  1.43s/it, loss=0.7621]Trial 7 Ep7:  96%|██████████████████████████████████████████████████████████████████████████████▊  