Trial 0 Ep6:   0%|                                                                                                        | 0/78 [00:00<?, ?it/s]Trial 0 Ep6:   0%|                                                                                           | 0/78 [00:01<?, ?it/s, loss=0.8693]Trial 0 Ep6:   1%|█                                                                                  | 1/78 [00:01<01:48,  1.40s/it, loss=0.8693]Trial 0 Ep6:   1%|█                                                                                  | 1/78 [00:02<01:48,  1.40s/it, loss=1.0903]Trial 0 Ep6:   3%|██▏                                                                                | 2/78 [00:02<01:48,  1.42s/it, loss=1.0903]Trial 0 Ep6:   3%|██▏                                                                                | 2/78 [00:04<01:48,  1.42s/it, loss=0.6519]Trial 0 Ep6:   4%|███▏                                                                               | 3/78 [00:04<01:46,  1.42s/it, loss=0.6519]Trial 0 Ep6:   4%|███▏                                                                               | 3/78 [00:05<01:46,  1.42s/it, loss=0.7556]Trial 0 Ep6:   5%|████▎                                                                              | 4/78 [00:05<01:44,  1.42s/it, loss=0.7556]Trial 0 Ep6:   5%|████▎                                                                              | 4/78 [00:07<01:44,  1.42s/it, loss=1.0384]Trial 0 Ep6:   6%|█████▎                                                                             | 5/78 [00:07<01:43,  1.42s/it, loss=1.0384]Trial 0 Ep6:   6%|█████▎                                                                             | 5/78 [00:08<01:43,  1.42s/it, loss=1.0176]Trial 0 Ep6:   8%|██████▍                                                                            | 6/78 [00:08<01:42,  1.42s/it, loss=1.0176]Trial 0 Ep6:   8%|██████▍                                                                            | 6/78 [00:09<01:42,  1.42s/it, loss=0.8176]Trial 0 Ep6:   9%|███████▍                                                                           | 7/78 [00:09<01:40,  1.41s/it, loss=0.8176]Trial 0 Ep6:   9%|███████▍                                                                           | 7/78 [00:11<01:40,  1.41s/it, loss=1.1158]Trial 0 Ep6:  10%|████████▌                                                                          | 8/78 [00:11<01:39,  1.42s/it, loss=1.1158]Trial 0 Ep6:  10%|████████▌                                                                          | 8/78 [00:12<01:39,  1.42s/it, loss=0.8367]Trial 0 Ep6:  12%|█████████▌                                                                         | 9/78 [00:12<01:37,  1.41s/it, loss=0.8367]Trial 0 Ep6:  12%|█████████▌                                                                         | 9/78 [00:14<01:37,  1.41s/it, loss=1.0966]Trial 0 Ep6:  13%|██████████▌                                                                       | 10/78 [00:14<01:35,  1.40s/it, loss=1.0966]Trial 0 Ep6:  13%|██████████▌                                                                       | 10/78 [00:15<01:35,  1.40s/it, loss=0.7661]Trial 0 Ep6:  14%|███████████▌                                                                      | 11/78 [00:15<01:34,  1.42s/it, loss=0.7661]Trial 0 Ep6:  14%|███████████▌                                                                      | 11/78 [00:17<01:34,  1.42s/it, loss=0.9960]Trial 0 Ep6:  15%|████████████▌                                                                     | 12/78 [00:17<01:35,  1.45s/it, loss=0.9960]Trial 0 Ep6:  15%|████████████▌                                                                     | 12/78 [00:18<01:35,  1.45s/it, loss=0.7108]Trial 0 Ep6:  17%|█████████████▋                                                                    | 13/78 [00:18<01:32,  1.43s/it, loss=0.7108]Trial 0 Ep6:  17%|█████████████▋                                                                    | 13/78 [00:19<01:32,  1.43s/it, loss=0.7168]Trial 0 Ep6:  18%|██████████████▋                                                                   | 14/78 [00:19<01:30,  1.41s/it, loss=0.7168]Trial 0 Ep6:  18%|██████████████▋                                                                   | 14/78 [00:21<01:30,  1.41s/it, loss=0.7667]Trial 0 Ep6:  19%|███████████████▊                                                                  | 15/78 [00:21<01:31,  1.45s/it, loss=0.7667]Trial 0 Ep6:  19%|███████████████▊                                                                  | 15/78 [00:22<01:31,  1.45s/it, loss=0.7373]Trial 0 Ep6:  21%|████████████████▊                                                                 | 16/78 [00:22<01:21,  1.31s/it, loss=0.7373]Trial 0 Ep6:  21%|████████████████▊                                                                 | 16/78 [00:23<01:21,  1.31s/it, loss=1.0774]Trial 0 Ep6:  22%|█████████████████▊                                                                | 17/78 [00:23<01:22,  1.36s/it, loss=1.0774]Trial 0 Ep6:  22%|█████████████████▊                                                                | 17/78 [00:25<01:22,  1.36s/it, loss=0.7149]Trial 0 Ep6:  23%|██████████████████▉                                                               | 18/78 [00:25<01:22,  1.37s/it, loss=0.7149]Trial 0 Ep6:  23%|██████████████████▉                                                               | 18/78 [00:26<01:22,  1.37s/it, loss=1.5051]Trial 0 Ep6:  24%|███████████████████▉                                                              | 19/78 [00:26<01:21,  1.38s/it, loss=1.5051]Trial 0 Ep6:  24%|███████████████████▉                                                              | 19/78 [00:28<01:21,  1.38s/it, loss=0.6892]Trial 0 Ep6:  26%|█████████████████████                                                             | 20/78 [00:28<01:21,  1.40s/it, loss=0.6892]Trial 0 Ep6:  26%|█████████████████████                                                             | 20/78 [00:29<01:21,  1.40s/it, loss=0.6967]Trial 0 Ep6:  27%|██████████████████████                                                            | 21/78 [00:29<01:20,  1.42s/it, loss=0.6967]Trial 0 Ep6:  27%|██████████████████████                                                            | 21/78 [00:30<01:20,  1.42s/it, loss=0.9692]Trial 0 Ep6:  28%|███████████████████████▏                                                          | 22/78 [00:30<01:18,  1.41s/it, loss=0.9692]Trial 0 Ep6:  28%|███████████████████████▏                                                          | 22/78 [00:32<01:18,  1.41s/it, loss=1.0045]Trial 0 Ep6:  29%|████████████████████████▏                                                         | 23/78 [00:32<01:18,  1.43s/it, loss=1.0045]Trial 0 Ep6:  29%|████████████████████████▏                                                         | 23/78 [00:33<01:18,  1.43s/it, loss=0.8929]Trial 0 Ep6:  31%|█████████████████████████▏                                                        | 24/78 [00:33<01:17,  1.43s/it, loss=0.8929]Trial 0 Ep6:  31%|█████████████████████████▏                                                        | 24/78 [00:35<01:17,  1.43s/it, loss=0.9079]Trial 0 Ep6:  32%|██████████████████████████▎                                                       | 25/78 [00:35<01:16,  1.44s/it, loss=0.9079]Trial 0 Ep6:  32%|██████████████████████████▎                                                       | 25/78 [00:36<01:16,  1.44s/it, loss=0.7556]Trial 0 Ep6:  33%|███████████████████████████▎                                                      | 26/78 [00:36<01:14,  1.43s/it, loss=0.7556]Trial 0 Ep6:  33%|███████████████████████████▎                                                      | 26/78 [00:38<01:14,  1.43s/it, loss=1.1289]Trial 0 Ep6:  35%|████████████████████████████▍                                                     | 27/78 [00:38<01:12,  1.42s/it, loss=1.1289]Trial 0 Ep6:  35%|████████████████████████████▍                                                     | 27/78 [00:39<01:12,  1.42s/it, loss=0.7724]Trial 0 Ep6:  36%|█████████████████████████████▍                                                    | 28/78 [00:39<01:10,  1.41s/it, loss=0.7724]Trial 0 Ep6:  36%|█████████████████████████████▍                                                    | 28/78 [00:40<01:10,  1.41s/it, loss=0.9959]Trial 0 Ep6:  37%|██████████████████████████████▍                                                   | 29/78 [00:40<01:08,  1.40s/it, loss=0.9959]Trial 0 Ep6:  37%|██████████████████████████████▍                                                   | 29/78 [00:42<01:08,  1.40s/it, loss=0.7690]Trial 0 Ep6:  38%|███████████████████████████████▌                                                  | 30/78 [00:42<01:08,  1.43s/it, loss=0.7690]Trial 0 Ep6:  38%|███████████████████████████████▌                                                  | 30/78 [00:43<01:08,  1.43s/it, loss=1.3806]Trial 0 Ep6:  40%|████████████████████████████████▌                                                 | 31/78 [00:43<01:07,  1.43s/it, loss=1.3806]Trial 0 Ep6:  40%|████████████████████████████████▌                                                 | 31/78 [00:45<01:07,  1.43s/it, loss=0.7095]Trial 0 Ep6:  41%|█████████████████████████████████▋                                                | 32/78 [00:45<01:05,  1.41s/it, loss=0.7095]Trial 0 Ep6:  41%|█████████████████████████████████▋                                                | 32/78 [00:46<01:05,  1.41s/it, loss=0.7115]Trial 0 Ep6:  42%|██████████████████████████████████▋                                               | 33/78 [00:46<01:03,  1.40s/it, loss=0.7115]Trial 0 Ep6:  42%|██████████████████████████████████▋                                               | 33/78 [00:47<01:03,  1.40s/it, loss=0.7529]Trial 0 Ep6:  44%|███████████████████████████████████▋                                              | 34/78 [00:47<01:01,  1.40s/it, loss=0.7529]Trial 0 Ep6:  44%|███████████████████████████████████▋                                              | 34/78 [00:49<01:01,  1.40s/it, loss=1.2404]Trial 0 Ep6:  45%|████████████████████████████████████▊                                             | 35/78 [00:49<00:59,  1.39s/it, loss=1.2404]Trial 0 Ep6:  45%|████████████████████████████████████▊                                             | 35/78 [00:50<00:59,  1.39s/it, loss=0.6610]Trial 0 Ep6:  46%|█████████████████████████████████████▊                                            | 36/78 [00:50<00:59,  1.41s/it, loss=0.6610]Trial 0 Ep6:  46%|█████████████████████████████████████▊                                            | 36/78 [00:52<00:59,  1.41s/it, loss=0.6730]Trial 0 Ep6:  47%|██████████████████████████████████████▉                                           | 37/78 [00:52<00:58,  1.42s/it, loss=0.6730]Trial 0 Ep6:  47%|██████████████████████████████████████▉                                           | 37/78 [00:53<00:58,  1.42s/it, loss=1.2133]Trial 0 Ep6:  49%|███████████████████████████████████████▉                                          | 38/78 [00:53<00:56,  1.42s/it, loss=1.2133]Trial 0 Ep6:  49%|███████████████████████████████████████▉                                          | 38/78 [00:55<00:56,  1.42s/it, loss=0.7106]Trial 0 Ep6:  50%|█████████████████████████████████████████                                         | 39/78 [00:55<00:54,  1.41s/it, loss=0.7106]Trial 0 Ep6:  50%|█████████████████████████████████████████                                         | 39/78 [00:56<00:54,  1.41s/it, loss=0.8603]Trial 0 Ep6:  51%|██████████████████████████████████████████                                        | 40/78 [00:56<00:53,  1.42s/it, loss=0.8603]Trial 0 Ep6:  51%|██████████████████████████████████████████                                        | 40/78 [00:57<00:53,  1.42s/it, loss=1.0787]Trial 0 Ep6:  53%|███████████████████████████████████████████                                       | 41/78 [00:57<00:52,  1.42s/it, loss=1.0787]Trial 0 Ep6:  53%|███████████████████████████████████████████                                       | 41/78 [00:59<00:52,  1.42s/it, loss=1.0250]Trial 0 Ep6:  54%|████████████████████████████████████████████▏                                     | 42/78 [00:59<00:50,  1.40s/it, loss=1.0250]Trial 0 Ep6:  54%|████████████████████████████████████████████▏                                     | 42/78 [01:00<00:50,  1.40s/it, loss=0.8752]Trial 0 Ep6:  55%|█████████████████████████████████████████████▏                                    | 43/78 [01:00<00:49,  1.42s/it, loss=0.8752]Trial 0 Ep6:  55%|█████████████████████████████████████████████▏                                    | 43/78 [01:02<00:49,  1.42s/it, loss=0.7564]Trial 0 Ep6:  56%|██████████████████████████████████████████████▎                                   | 44/78 [01:02<00:47,  1.41s/it, loss=0.7564]Trial 0 Ep6:  56%|██████████████████████████████████████████████▎                                   | 44/78 [01:03<00:47,  1.41s/it, loss=0.7606]Trial 0 Ep6:  58%|███████████████████████████████████████████████▎                                  | 45/78 [01:03<00:46,  1.41s/it, loss=0.7606]Trial 0 Ep6:  58%|███████████████████████████████████████████████▎                                  | 45/78 [01:04<00:46,  1.41s/it, loss=0.8312]Trial 0 Ep6:  59%|████████████████████████████████████████████████▎                                 | 46/78 [01:04<00:44,  1.40s/it, loss=0.8312]Trial 0 Ep6:  59%|████████████████████████████████████████████████▎                                 | 46/78 [01:06<00:44,  1.40s/it, loss=1.0375]Trial 0 Ep6:  60%|█████████████████████████████████████████████████▍                                | 47/78 [01:06<00:43,  1.39s/it, loss=1.0375]Trial 0 Ep6:  60%|█████████████████████████████████████████████████▍                                | 47/78 [01:07<00:43,  1.39s/it, loss=0.8873]Trial 0 Ep6:  62%|██████████████████████████████████████████████████▍                               | 48/78 [01:07<00:41,  1.40s/it, loss=0.8873]Trial 0 Ep6:  62%|██████████████████████████████████████████████████▍                               | 48/78 [01:09<00:41,  1.40s/it, loss=0.6628]Trial 0 Ep6:  63%|███████████████████████████████████████████████████▌                              | 49/78 [01:09<00:41,  1.42s/it, loss=0.6628]Trial 0 Ep6:  63%|███████████████████████████████████████████████████▌                              | 49/78 [01:10<00:41,  1.42s/it, loss=0.7698]Trial 0 Ep6:  64%|████████████████████████████████████████████████████▌                             | 50/78 [01:10<00:40,  1.44s/it, loss=0.7698]Trial 0 Ep6:  64%|████████████████████████████████████████████████████▌                             | 50/78 [01:12<00:40,  1.44s/it, loss=1.0146]Trial 0 Ep6:  65%|█████████████████████████████████████████████████████▌                            | 51/78 [01:12<00:39,  1.45s/it, loss=1.0146]Trial 0 Ep6:  65%|█████████████████████████████████████████████████████▌                            | 51/78 [01:13<00:39,  1.45s/it, loss=0.7000]Trial 0 Ep6:  67%|██████████████████████████████████████████████████████▋                           | 52/78 [01:13<00:37,  1.43s/it, loss=0.7000]Trial 0 Ep6:  67%|██████████████████████████████████████████████████████▋                           | 52/78 [01:14<00:37,  1.43s/it, loss=0.8364]Trial 0 Ep6:  68%|███████████████████████████████████████████████████████▋                          | 53/78 [01:14<00:35,  1.40s/it, loss=0.8364]Trial 0 Ep6:  68%|███████████████████████████████████████████████████████▋                          | 53/78 [01:16<00:35,  1.40s/it, loss=0.7222]Trial 0 Ep6:  69%|████████████████████████████████████████████████████████▊                         | 54/78 [01:16<00:33,  1.40s/it, loss=0.7222]Trial 0 Ep6:  69%|████████████████████████████████████████████████████████▊                         | 54/78 [01:17<00:33,  1.40s/it, loss=0.8955]Trial 0 Ep6:  71%|█████████████████████████████████████████████████████████▊                        | 55/78 [01:17<00:31,  1.38s/it, loss=0.8955]Trial 0 Ep6:  71%|█████████████████████████████████████████████████████████▊                        | 55/78 [01:18<00:31,  1.38s/it, loss=0.7770]Trial 0 Ep6:  72%|██████████████████████████████████████████████████████████▊                       | 56/78 [01:18<00:30,  1.37s/it, loss=0.7770]Trial 0 Ep6:  72%|██████████████████████████████████████████████████████████▊                       | 56/78 [01:20<00:30,  1.37s/it, loss=2.6174]Trial 0 Ep6:  73%|███████████████████████████████████████████████████████████▉                      | 57/78 [01:20<00:27,  1.31s/it, loss=2.6174]Trial 0 Ep6:  73%|███████████████████████████████████████████████████████████▉                      | 57/78 [01:21<00:27,  1.31s/it, loss=0.6620]Trial 0 Ep6:  74%|████████████████████████████████████████████████████████████▉                     | 58/78 [01:21<00:27,  1.36s/it, loss=0.6620]Trial 0 Ep6:  74%|████████████████████████████████████████████████████████████▉                     | 58/78 [01:22<00:27,  1.36s/it, loss=1.0007]Trial 0 Ep6:  76%|██████████████████████████████████████████████████████████████                    | 59/78 [01:22<00:26,  1.38s/it, loss=1.0007]Trial 0 Ep6:  76%|██████████████████████████████████████████████████████████████                    | 59/78 [01:24<00:26,  1.38s/it, loss=2.2142]Trial 0 Ep6:  77%|███████████████████████████████████████████████████████████████                   | 60/78 [01:24<00:25,  1.42s/it, loss=2.2142]Trial 0 Ep6:  77%|███████████████████████████████████████████████████████████████                   | 60/78 [01:25<00:25,  1.42s/it, loss=1.9803]Trial 0 Ep6:  78%|████████████████████████████████████████████████████████████████▏                 | 61/78 [01:25<00:24,  1.44s/it, loss=1.9803]Trial 0 Ep6:  78%|████████████████████████████████████████████████████████████████▏                 | 61/78 [01:27<00:24,  1.44s/it, loss=1.7321]Trial 0 Ep6:  79%|█████████████████████████████████████████████████████████████████▏                | 62/78 [01:27<00:22,  1.42s/it, loss=1.7321]Trial 0 Ep6:  79%|█████████████████████████████████████████████████████████████████▏                | 62/78 [01:28<00:22,  1.42s/it, loss=0.7666]Trial 0 Ep6:  81%|██████████████████████████████████████████████████████████████████▏               | 63/78 [01:28<00:21,  1.42s/it, loss=0.7666]Trial 0 Ep6:  81%|██████████████████████████████████████████████████████████████████▏               | 63/78 [01:30<00:21,  1.42s/it, loss=2.2579]Trial 0 Ep6:  82%|███████████████████████████████████████████████████████████████████▎              | 64/78 [01:30<00:20,  1.43s/it, loss=2.2579]Trial 0 Ep6:  82%|███████████████████████████████████████████████████████████████████▎              | 64/78 [01:31<00:20,  1.43s/it, loss=0.6986]Trial 0 Ep6:  83%|████████████████████████████████████████████████████████████████████▎             | 65/78 [01:31<00:18,  1.42s/it, loss=0.6986]Trial 0 Ep6:  83%|████████████████████████████████████████████████████████████████████▎             | 65/78 [01:33<00:18,  1.42s/it, loss=1.3185]Trial 0 Ep6:  85%|█████████████████████████████████████████████████████████████████████▍            | 66/78 [01:33<00:17,  1.43s/it, loss=1.3185]Trial 0 Ep6:  85%|█████████████████████████████████████████████████████████████████████▍            | 66/78 [01:34<00:17,  1.43s/it, loss=0.6720]Trial 0 Ep6:  86%|██████████████████████████████████████████████████████████████████████▍           | 67/78 [01:34<00:15,  1.44s/it, loss=0.6720]Trial 0 Ep6:  86%|██████████████████████████████████████████████████████████████████████▍           | 67/78 [01:35<00:15,  1.44s/it, loss=0.8374]Trial 0 Ep6:  87%|███████████████████████████████████████████████████████████████████████▍          | 68/78 [01:35<00:14,  1.41s/it, loss=0.8374]Trial 0 Ep6:  87%|███████████████████████████████████████████████████████████████████████▍          | 68/78 [01:37<00:14,  1.41s/it, loss=0.7864]Trial 0 Ep6:  88%|████████████████████████████████████████████████████████████████████████▌         | 69/78 [01:37<00:12,  1.41s/it, loss=0.7864]Trial 0 Ep6:  88%|████████████████████████████████████████████████████████████████████████▌         | 69/78 [01:38<00:12,  1.41s/it, loss=1.1361]Trial 0 Ep6:  90%|█████████████████████████████████████████████████████████████████████████▌        | 70/78 [01:38<00:11,  1.39s/it, loss=1.1361]Trial 0 Ep6:  90%|█████████████████████████████████████████████████████████████████████████▌        | 70/78 [01:40<00:11,  1.39s/it, loss=0.7411]Trial 0 Ep6:  91%|██████████████████████████████████████████████████████████████████████████▋       | 71/78 [01:40<00:09,  1.39s/it, loss=0.7411]Trial 0 Ep6:  91%|██████████████████████████████████████████████████████████████████████████▋       | 71/78 [01:41<00:09,  1.39s/it, loss=0.8636]Trial 0 Ep6:  92%|███████████████████████████████████████████████████████████████████████████▋      | 72/78 [01:41<00:08,  1.40s/it, loss=0.8636]Trial 0 Ep6:  92%|███████████████████████████████████████████████████████████████████████████▋      | 72/78 [01:42<00:08,  1.40s/it, loss=0.6325]Trial 0 Ep6:  94%|████████████████████████████████████████████████████████████████████████████▋     | 73/78 [01:42<00:07,  1.41s/it, loss=0.6325]Trial 0 Ep6:  94%|████████████████████████████████████████████████████████████████████████████▋     | 73/78 [01:44<00:07,  1.41s/it, loss=0.7006]Trial 0 Ep6:  95%|█████████████████████████████████████████████████████████████████████████████▊    | 74/78 [01:44<00:05,  1.39s/it, loss=0.7006]Trial 0 Ep6:  95%|█████████████████████████████████████████████████████████████████████████████▊    | 74/78 [01:45<00:05,  1.39s/it, loss=1.3405]Trial 0 Ep6:  96%|██████████████████████████████████████████████████████████████████████████████▊  