Trial 6 Ep1:   0%|                                                                                                        | 0/78 [00:00<?, ?it/s]Trial 6 Ep1:   0%|                                                                                           | 0/78 [00:01<?, ?it/s, loss=0.7790]Trial 6 Ep1:   1%|█                                                                                  | 1/78 [00:01<02:03,  1.60s/it, loss=0.7790]Trial 6 Ep1:   1%|█                                                                                  | 1/78 [00:03<02:03,  1.60s/it, loss=0.7703]Trial 6 Ep1:   3%|██▏                                                                                | 2/78 [00:03<02:17,  1.81s/it, loss=0.7703]Trial 6 Ep1:   3%|██▏                                                                                | 2/78 [00:05<02:17,  1.81s/it, loss=0.7474]Trial 6 Ep1:   4%|███▏                                                                               | 3/78 [00:05<02:09,  1.73s/it, loss=0.7474]Trial 6 Ep1:   4%|███▏                                                                               | 3/78 [00:06<02:09,  1.73s/it, loss=0.7237]Trial 6 Ep1:   5%|████▎                                                                              | 4/78 [00:06<01:58,  1.59s/it, loss=0.7237]Trial 6 Ep1:   5%|████▎                                                                              | 4/78 [00:07<01:58,  1.59s/it, loss=0.7199]Trial 6 Ep1:   6%|█████▎                                                                             | 5/78 [00:07<01:50,  1.51s/it, loss=0.7199]Trial 6 Ep1:   6%|█████▎                                                                             | 5/78 [00:09<01:50,  1.51s/it, loss=0.6900]Trial 6 Ep1:   8%|██████▍                                                                            | 6/78 [00:09<01:43,  1.44s/it, loss=0.6900]Trial 6 Ep1:   8%|██████▍                                                                            | 6/78 [00:10<01:43,  1.44s/it, loss=0.6850]Trial 6 Ep1:   9%|███████▍                                                                           | 7/78 [00:10<01:39,  1.41s/it, loss=0.6850]Trial 6 Ep1:   9%|███████▍                                                                           | 7/78 [00:12<01:39,  1.41s/it, loss=0.7930]Trial 6 Ep1:  10%|████████▌                                                                          | 8/78 [00:12<01:45,  1.51s/it, loss=0.7930]Trial 6 Ep1:  10%|████████▌                                                                          | 8/78 [00:13<01:45,  1.51s/it, loss=0.7776]Trial 6 Ep1:  12%|█████████▌                                                                         | 9/78 [00:13<01:40,  1.46s/it, loss=0.7776]Trial 6 Ep1:  12%|█████████▌                                                                         | 9/78 [00:15<01:40,  1.46s/it, loss=0.7813]Trial 6 Ep1:  13%|██████████▌                                                                       | 10/78 [00:15<01:37,  1.43s/it, loss=0.7813]Trial 6 Ep1:  13%|██████████▌                                                                       | 10/78 [00:16<01:37,  1.43s/it, loss=0.7554]Trial 6 Ep1:  14%|███████████▌                                                                      | 11/78 [00:16<01:34,  1.41s/it, loss=0.7554]Trial 6 Ep1:  14%|███████████▌                                                                      | 11/78 [00:17<01:34,  1.41s/it, loss=0.7470]Trial 6 Ep1:  15%|████████████▌                                                                     | 12/78 [00:17<01:33,  1.42s/it, loss=0.7470]Trial 6 Ep1:  15%|████████████▌                                                                     | 12/78 [00:19<01:33,  1.42s/it, loss=0.7059]Trial 6 Ep1:  17%|█████████████▋                                                                    | 13/78 [00:19<01:32,  1.42s/it, loss=0.7059]Trial 6 Ep1:  17%|█████████████▋                                                                    | 13/78 [00:20<01:32,  1.42s/it, loss=0.7209]Trial 6 Ep1:  18%|██████████████▋                                                                   | 14/78 [00:20<01:31,  1.42s/it, loss=0.7209]Trial 6 Ep1:  18%|██████████████▋                                                                   | 14/78 [00:22<01:31,  1.42s/it, loss=0.7774]Trial 6 Ep1:  19%|███████████████▊                                                                  | 15/78 [00:22<01:30,  1.43s/it, loss=0.7774]Trial 6 Ep1:  19%|███████████████▊                                                                  | 15/78 [00:23<01:30,  1.43s/it, loss=0.8141]Trial 6 Ep1:  21%|████████████████▊                                                                 | 16/78 [00:23<01:27,  1.42s/it, loss=0.8141]Trial 6 Ep1:  21%|████████████████▊                                                                 | 16/78 [00:24<01:27,  1.42s/it, loss=0.6399]Trial 6 Ep1:  22%|█████████████████▊                                                                | 17/78 [00:24<01:26,  1.42s/it, loss=0.6399]Trial 6 Ep1:  22%|█████████████████▊                                                                | 17/78 [00:26<01:26,  1.42s/it, loss=0.7379]Trial 6 Ep1:  23%|██████████████████▉                                                               | 18/78 [00:26<01:25,  1.43s/it, loss=0.7379]Trial 6 Ep1:  23%|██████████████████▉                                                               | 18/78 [00:27<01:25,  1.43s/it, loss=0.7463]Trial 6 Ep1:  24%|███████████████████▉                                                              | 19/78 [00:27<01:24,  1.44s/it, loss=0.7463]Trial 6 Ep1:  24%|███████████████████▉                                                              | 19/78 [00:29<01:24,  1.44s/it, loss=0.7260]Trial 6 Ep1:  26%|█████████████████████                                                             | 20/78 [00:29<01:23,  1.44s/it, loss=0.7260]Trial 6 Ep1:  26%|█████████████████████                                                             | 20/78 [00:30<01:23,  1.44s/it, loss=0.6152]Trial 6 Ep1:  27%|██████████████████████                                                            | 21/78 [00:30<01:22,  1.45s/it, loss=0.6152]Trial 6 Ep1:  27%|██████████████████████                                                            | 21/78 [00:32<01:22,  1.45s/it, loss=0.6602]Trial 6 Ep1:  28%|███████████████████████▏                                                          | 22/78 [00:32<01:21,  1.45s/it, loss=0.6602]Trial 6 Ep1:  28%|███████████████████████▏                                                          | 22/78 [00:33<01:21,  1.45s/it, loss=0.6934]Trial 6 Ep1:  29%|████████████████████████▏                                                         | 23/78 [00:33<01:19,  1.45s/it, loss=0.6934]Trial 6 Ep1:  29%|████████████████████████▏                                                         | 23/78 [00:35<01:19,  1.45s/it, loss=0.7087]Trial 6 Ep1:  31%|█████████████████████████▏                                                        | 24/78 [00:35<01:17,  1.44s/it, loss=0.7087]Trial 6 Ep1:  31%|█████████████████████████▏                                                        | 24/78 [00:36<01:17,  1.44s/it, loss=0.7178]Trial 6 Ep1:  32%|██████████████████████████▎                                                       | 25/78 [00:36<01:16,  1.44s/it, loss=0.7178]Trial 6 Ep1:  32%|██████████████████████████▎                                                       | 25/78 [00:37<01:16,  1.44s/it, loss=0.7732]Trial 6 Ep1:  33%|███████████████████████████▎                                                      | 26/78 [00:37<01:14,  1.44s/it, loss=0.7732]Trial 6 Ep1:  33%|███████████████████████████▎                                                      | 26/78 [00:39<01:14,  1.44s/it, loss=0.6883]Trial 6 Ep1:  35%|████████████████████████████▍                                                     | 27/78 [00:39<01:12,  1.42s/it, loss=0.6883]Trial 6 Ep1:  35%|████████████████████████████▍                                                     | 27/78 [00:40<01:12,  1.42s/it, loss=0.7811]Trial 6 Ep1:  36%|█████████████████████████████▍                                                    | 28/78 [00:40<01:12,  1.45s/it, loss=0.7811]Trial 6 Ep1:  36%|█████████████████████████████▍                                                    | 28/78 [00:42<01:12,  1.45s/it, loss=0.7253]Trial 6 Ep1:  37%|██████████████████████████████▍                                                   | 29/78 [00:42<01:11,  1.46s/it, loss=0.7253]Trial 6 Ep1:  37%|██████████████████████████████▍                                                   | 29/78 [00:43<01:11,  1.46s/it, loss=0.7434]Trial 6 Ep1:  38%|███████████████████████████████▌                                                  | 30/78 [00:43<01:09,  1.44s/it, loss=0.7434]Trial 6 Ep1:  38%|███████████████████████████████▌                                                  | 30/78 [00:45<01:09,  1.44s/it, loss=0.7012]Trial 6 Ep1:  40%|████████████████████████████████▌                                                 | 31/78 [00:45<01:07,  1.43s/it, loss=0.7012]Trial 6 Ep1:  40%|████████████████████████████████▌                                                 | 31/78 [00:46<01:07,  1.43s/it, loss=0.8283]Trial 6 Ep1:  41%|█████████████████████████████████▋                                                | 32/78 [00:46<01:04,  1.40s/it, loss=0.8283]Trial 6 Ep1:  41%|█████████████████████████████████▋                                                | 32/78 [00:47<01:04,  1.40s/it, loss=0.7772]Trial 6 Ep1:  42%|██████████████████████████████████▋                                               | 33/78 [00:47<01:01,  1.36s/it, loss=0.7772]Trial 6 Ep1:  42%|██████████████████████████████████▋                                               | 33/78 [00:49<01:01,  1.36s/it, loss=0.7053]Trial 6 Ep1:  44%|███████████████████████████████████▋                                              | 34/78 [00:49<00:58,  1.34s/it, loss=0.7053]Trial 6 Ep1:  44%|███████████████████████████████████▋                                              | 34/78 [00:50<00:58,  1.34s/it, loss=0.6141]Trial 6 Ep1:  45%|████████████████████████████████████▊                                             | 35/78 [00:50<00:58,  1.37s/it, loss=0.6141]Trial 6 Ep1:  45%|████████████████████████████████████▊                                             | 35/78 [00:51<00:58,  1.37s/it, loss=0.6950]Trial 6 Ep1:  46%|█████████████████████████████████████▊                                            | 36/78 [00:51<00:57,  1.37s/it, loss=0.6950]Trial 6 Ep1:  46%|█████████████████████████████████████▊                                            | 36/78 [00:53<00:57,  1.37s/it, loss=0.7697]Trial 6 Ep1:  47%|██████████████████████████████████████▉                                           | 37/78 [00:53<00:56,  1.37s/it, loss=0.7697]Trial 6 Ep1:  47%|██████████████████████████████████████▉                                           | 37/78 [00:54<00:56,  1.37s/it, loss=0.7323]Trial 6 Ep1:  49%|███████████████████████████████████████▉                                          | 38/78 [00:54<00:55,  1.39s/it, loss=0.7323]Trial 6 Ep1:  49%|███████████████████████████████████████▉                                          | 38/78 [00:56<00:55,  1.39s/it, loss=0.6763]Trial 6 Ep1:  50%|█████████████████████████████████████████                                         | 39/78 [00:56<00:54,  1.39s/it, loss=0.6763]Trial 6 Ep1:  50%|█████████████████████████████████████████                                         | 39/78 [00:57<00:54,  1.39s/it, loss=0.6955]Trial 6 Ep1:  51%|██████████████████████████████████████████                                        | 40/78 [00:57<00:56,  1.49s/it, loss=0.6955]Trial 6 Ep1:  51%|██████████████████████████████████████████                                        | 40/78 [00:59<00:56,  1.49s/it, loss=0.6607]Trial 6 Ep1:  53%|███████████████████████████████████████████                                       | 41/78 [00:59<00:53,  1.45s/it, loss=0.6607]Trial 6 Ep1:  53%|███████████████████████████████████████████                                       | 41/78 [01:00<00:53,  1.45s/it, loss=0.7192]Trial 6 Ep1:  54%|████████████████████████████████████████████▏                                     | 42/78 [01:00<00:52,  1.45s/it, loss=0.7192]Trial 6 Ep1:  54%|████████████████████████████████████████████▏                                     | 42/78 [01:01<00:52,  1.45s/it, loss=0.7014]Trial 6 Ep1:  55%|█████████████████████████████████████████████▏                                    | 43/78 [01:01<00:50,  1.44s/it, loss=0.7014]Trial 6 Ep1:  55%|█████████████████████████████████████████████▏                                    | 43/78 [01:03<00:50,  1.44s/it, loss=0.7181]Trial 6 Ep1:  56%|██████████████████████████████████████████████▎                                   | 44/78 [01:03<00:49,  1.44s/it, loss=0.7181]Trial 6 Ep1:  56%|██████████████████████████████████████████████▎                                   | 44/78 [01:04<00:49,  1.44s/it, loss=0.6586]Trial 6 Ep1:  58%|███████████████████████████████████████████████▎                                  | 45/78 [01:04<00:47,  1.45s/it, loss=0.6586]Trial 6 Ep1:  58%|███████████████████████████████████████████████▎                                  | 45/78 [01:06<00:47,  1.45s/it, loss=0.7751]Trial 6 Ep1:  59%|████████████████████████████████████████████████▎                                 | 46/78 [01:06<00:46,  1.44s/it, loss=0.7751]Trial 6 Ep1:  59%|████████████████████████████████████████████████▎                                 | 46/78 [01:07<00:46,  1.44s/it, loss=0.7347]Trial 6 Ep1:  60%|█████████████████████████████████████████████████▍                                | 47/78 [01:07<00:44,  1.45s/it, loss=0.7347]Trial 6 Ep1:  60%|█████████████████████████████████████████████████▍                                | 47/78 [01:09<00:44,  1.45s/it, loss=0.7264]Trial 6 Ep1:  62%|██████████████████████████████████████████████████▍                               | 48/78 [01:09<00:42,  1.42s/it, loss=0.7264]Trial 6 Ep1:  62%|██████████████████████████████████████████████████▍                               | 48/78 [01:10<00:42,  1.42s/it, loss=0.6707]Trial 6 Ep1:  63%|███████████████████████████████████████████████████▌                              | 49/78 [01:10<00:41,  1.42s/it, loss=0.6707]Trial 6 Ep1:  63%|███████████████████████████████████████████████████▌                              | 49/78 [01:12<00:41,  1.42s/it, loss=0.7318]Trial 6 Ep1:  64%|████████████████████████████████████████████████████▌                             | 50/78 [01:12<00:40,  1.46s/it, loss=0.7318]Trial 6 Ep1:  64%|████████████████████████████████████████████████████▌                             | 50/78 [01:13<00:40,  1.46s/it, loss=0.7184]Trial 6 Ep1:  65%|█████████████████████████████████████████████████████▌                            | 51/78 [01:13<00:38,  1.43s/it, loss=0.7184]Trial 6 Ep1:  65%|█████████████████████████████████████████████████████▌                            | 51/78 [01:14<00:38,  1.43s/it, loss=0.7960]Trial 6 Ep1:  67%|██████████████████████████████████████████████████████▋                           | 52/78 [01:14<00:37,  1.43s/it, loss=0.7960]Trial 6 Ep1:  67%|██████████████████████████████████████████████████████▋                           | 52/78 [01:16<00:37,  1.43s/it, loss=0.7003]Trial 6 Ep1:  68%|███████████████████████████████████████████████████████▋                          | 53/78 [01:16<00:35,  1.42s/it, loss=0.7003]Trial 6 Ep1:  68%|███████████████████████████████████████████████████████▋                          | 53/78 [01:17<00:35,  1.42s/it, loss=0.6846]Trial 6 Ep1:  69%|████████████████████████████████████████████████████████▊                         | 54/78 [01:17<00:33,  1.41s/it, loss=0.6846]Trial 6 Ep1:  69%|████████████████████████████████████████████████████████▊                         | 54/78 [01:19<00:33,  1.41s/it, loss=0.7869]Trial 6 Ep1:  71%|█████████████████████████████████████████████████████████▊                        | 55/78 [01:19<00:32,  1.41s/it, loss=0.7869]Trial 6 Ep1:  71%|█████████████████████████████████████████████████████████▊                        | 55/78 [01:20<00:32,  1.41s/it, loss=0.7334]Trial 6 Ep1:  72%|██████████████████████████████████████████████████████████▊                       | 56/78 [01:20<00:31,  1.41s/it, loss=0.7334]Trial 6 Ep1:  72%|██████████████████████████████████████████████████████████▊                       | 56/78 [01:21<00:31,  1.41s/it, loss=0.7014]Trial 6 Ep1:  73%|███████████████████████████████████████████████████████████▉                      | 57/78 [01:21<00:29,  1.42s/it, loss=0.7014]Trial 6 Ep1:  73%|███████████████████████████████████████████████████████████▉                      | 57/78 [01:23<00:29,  1.42s/it, loss=0.7151]Trial 6 Ep1:  74%|████████████████████████████████████████████████████████████▉                     | 58/78 [01:23<00:28,  1.43s/it, loss=0.7151]Trial 6 Ep1:  74%|████████████████████████████████████████████████████████████▉                     | 58/78 [01:24<00:28,  1.43s/it, loss=0.6739]Trial 6 Ep1:  76%|██████████████████████████████████████████████████████████████                    | 59/78 [01:24<00:26,  1.42s/it, loss=0.6739]Trial 6 Ep1:  76%|██████████████████████████████████████████████████████████████                    | 59/78 [01:26<00:26,  1.42s/it, loss=0.6829]Trial 6 Ep1:  77%|███████████████████████████████████████████████████████████████                   | 60/78 [01:26<00:25,  1.41s/it, loss=0.6829]Trial 6 Ep1:  77%|███████████████████████████████████████████████████████████████                   | 60/78 [01:27<00:25,  1.41s/it, loss=0.7323]Trial 6 Ep1:  78%|████████████████████████████████████████████████████████████████▏                 | 61/78 [01:27<00:23,  1.38s/it, loss=0.7323]Trial 6 Ep1:  78%|████████████████████████████████████████████████████████████████▏                 | 61/78 [01:28<00:23,  1.38s/it, loss=0.6131]Trial 6 Ep1:  79%|█████████████████████████████████████████████████████████████████▏                | 62/78 [01:28<00:22,  1.41s/it, loss=0.6131]Trial 6 Ep1:  79%|█████████████████████████████████████████████████████████████████▏                | 62/78 [01:30<00:22,  1.41s/it, loss=0.7114]Trial 6 Ep1:  81%|██████████████████████████████████████████████████████████████████▏               | 63/78 [01:30<00:21,  1.43s/it, loss=0.7114]Trial 6 Ep1:  81%|██████████████████████████████████████████████████████████████████▏               | 63/78 [01:31<00:21,  1.43s/it, loss=0.6752]Trial 6 Ep1:  82%|███████████████████████████████████████████████████████████████████▎              | 64/78 [01:31<00:19,  1.42s/it, loss=0.6752]Trial 6 Ep1:  82%|███████████████████████████████████████████████████████████████████▎              | 64/78 [01:33<00:19,  1.42s/it, loss=0.7320]Trial 6 Ep1:  83%|████████████████████████████████████████████████████████████████████▎             | 65/78 [01:33<00:18,  1.43s/it, loss=0.7320]Trial 6 Ep1:  83%|████████████████████████████████████████████████████████████████████▎             | 65/78 [01:34<00:18,  1.43s/it, loss=0.7602]Trial 6 Ep1:  85%|█████████████████████████████████████████████████████████████████████▍            | 66/78 [01:34<00:16,  1.41s/it, loss=0.7602]Trial 6 Ep1:  85%|█████████████████████████████████████████████████████████████████████▍            | 66/78 [01:36<00:16,  1.41s/it, loss=0.6737]Trial 6 Ep1:  86%|██████████████████████████████████████████████████████████████████████▍           | 67/78 [01:36<00:15,  1.39s/it, loss=0.6737]Trial 6 Ep1:  86%|██████████████████████████████████████████████████████████████████████▍           | 67/78 [01:37<00:15,  1.39s/it, loss=0.6299]Trial 6 Ep1:  87%|███████████████████████████████████████████████████████████████████████▍          | 68/78 [01:37<00:14,  1.42s/it, loss=0.6299]Trial 6 Ep1:  87%|███████████████████████████████████████████████████████████████████████▍          | 68/78 [01:38<00:14,  1.42s/it, loss=0.7960]Trial 6 Ep1:  88%|████████████████████████████████████████████████████████████████████████▌         | 69/78 [01:38<00:12,  1.41s/it, loss=0.7960]Trial 6 Ep1:  88%|████████████████████████████████████████████████████████████████████████▌         | 69/78 [01:40<00:12,  1.41s/it, loss=0.7068]Trial 6 Ep1:  90%|█████████████████████████████████████████████████████████████████████████▌        | 70/78 [01:40<00:11,  1.40s/it, loss=0.7068]Trial 6 Ep1:  90%|█████████████████████████████████████████████████████████████████████████▌        | 70/78 [01:41<00:11,  1.40s/it, loss=0.7532]Trial 6 Ep1:  91%|██████████████████████████████████████████████████████████████████████████▋       | 71/78 [01:41<00:09,  1.40s/it, loss=0.7532]Trial 6 Ep1:  91%|██████████████████████████████████████████████████████████████████████████▋       | 71/78 [01:43<00:09,  1.40s/it, loss=0.7218]Trial 6 Ep1:  92%|███████████████████████████████████████████████████████████████████████████▋      | 72/78 [01:43<00:08,  1.44s/it, loss=0.7218]Trial 6 Ep1:  92%|███████████████████████████████████████████████████████████████████████████▋      | 72/78 [01:44<00:08,  1.44s/it, loss=0.7462]Trial 6 Ep1:  94%|████████████████████████████████████████████████████████████████████████████▋     | 73/78 [01:44<00:07,  1.42s/it, loss=0.7462]Trial 6 Ep1:  94%|████████████████████████████████████████████████████████████████████████████▋     | 73/78 [01:45<00:07,  1.42s/it, loss=0.7407]Trial 6 Ep1:  95%|█████████████████████████████████████████████████████████████████████████████▊    | 74/78 [01:45<00:05,  1.34s/it, loss=0.7407]Trial 6 Ep1:  95%|█████████████████████████████████████████████████████████████████████████████▊    | 74/78 [01:47<00:05,  1.34s/it, loss=0.6655]Trial 6 Ep1:  96%|██████████████████████████████████████████████████████████████████████████████▊  