Trial 10 Ep1:   0%|                                                                                                       | 0/78 [00:00<?, ?it/s]Trial 10 Ep1:   0%|                                                                                          | 0/78 [00:01<?, ?it/s, loss=0.7670]Trial 10 Ep1:   1%|█                                                                                 | 1/78 [00:01<01:59,  1.56s/it, loss=0.7670]Trial 10 Ep1:   1%|█                                                                                 | 1/78 [00:03<01:59,  1.56s/it, loss=0.6597]Trial 10 Ep1:   3%|██                                                                                | 2/78 [00:03<02:25,  1.91s/it, loss=0.6597]Trial 10 Ep1:   3%|██                                                                                | 2/78 [00:05<02:25,  1.91s/it, loss=0.7406]Trial 10 Ep1:   4%|███▏                                                                              | 3/78 [00:05<02:13,  1.78s/it, loss=0.7406]Trial 10 Ep1:   4%|███▏                                                                              | 3/78 [00:06<02:13,  1.78s/it, loss=0.6112]Trial 10 Ep1:   5%|████▏                                                                             | 4/78 [00:06<02:00,  1.63s/it, loss=0.6112]Trial 10 Ep1:   5%|████▏                                                                             | 4/78 [00:08<02:00,  1.63s/it, loss=1.3139]Trial 10 Ep1:   6%|█████▎                                                                            | 5/78 [00:08<01:52,  1.53s/it, loss=1.3139]Trial 10 Ep1:   6%|█████▎                                                                            | 5/78 [00:09<01:52,  1.53s/it, loss=0.8233]Trial 10 Ep1:   8%|██████▎                                                                           | 6/78 [00:09<01:56,  1.61s/it, loss=0.8233]Trial 10 Ep1:   8%|██████▎                                                                           | 6/78 [00:11<01:56,  1.61s/it, loss=1.0314]Trial 10 Ep1:   9%|███████▎                                                                          | 7/78 [00:11<01:50,  1.56s/it, loss=1.0314]Trial 10 Ep1:   9%|███████▎                                                                          | 7/78 [00:12<01:50,  1.56s/it, loss=0.9391]Trial 10 Ep1:  10%|████████▍                                                                         | 8/78 [00:12<01:45,  1.51s/it, loss=0.9391]Trial 10 Ep1:  10%|████████▍                                                                         | 8/78 [00:14<01:45,  1.51s/it, loss=1.9774]Trial 10 Ep1:  12%|█████████▍                                                                        | 9/78 [00:14<01:42,  1.49s/it, loss=1.9774]Trial 10 Ep1:  12%|█████████▍                                                                        | 9/78 [00:15<01:42,  1.49s/it, loss=1.4164]Trial 10 Ep1:  13%|██████████▍                                                                      | 10/78 [00:15<01:39,  1.46s/it, loss=1.4164]Trial 10 Ep1:  13%|██████████▍                                                                      | 10/78 [00:16<01:39,  1.46s/it, loss=1.2171]Trial 10 Ep1:  14%|███████████▍                                                                     | 11/78 [00:16<01:35,  1.43s/it, loss=1.2171]Trial 10 Ep1:  14%|███████████▍                                                                     | 11/78 [00:18<01:35,  1.43s/it, loss=3.4436]Trial 10 Ep1:  15%|████████████▍                                                                    | 12/78 [00:18<01:33,  1.41s/it, loss=3.4436]Trial 10 Ep1:  15%|████████████▍                                                                    | 12/78 [00:19<01:33,  1.41s/it, loss=0.8860]Trial 10 Ep1:  17%|█████████████▌                                                                   | 13/78 [00:19<01:32,  1.42s/it, loss=0.8860]Trial 10 Ep1:  17%|█████████████▌                                                                   | 13/78 [00:21<01:32,  1.42s/it, loss=3.2367]Trial 10 Ep1:  18%|██████████████▌                                                                  | 14/78 [00:21<01:30,  1.41s/it, loss=3.2367]Trial 10 Ep1:  18%|██████████████▌                                                                  | 14/78 [00:22<01:30,  1.41s/it, loss=0.7125]Trial 10 Ep1:  19%|███████████████▌                                                                 | 15/78 [00:22<01:27,  1.39s/it, loss=0.7125]Trial 10 Ep1:  19%|███████████████▌                                                                 | 15/78 [00:23<01:27,  1.39s/it, loss=4.1588]Trial 10 Ep1:  21%|████████████████▌                                                                | 16/78 [00:23<01:25,  1.39s/it, loss=4.1588]Trial 10 Ep1:  21%|████████████████▌                                                                | 16/78 [00:25<01:25,  1.39s/it, loss=0.7501]Trial 10 Ep1:  22%|█████████████████▋                                                               | 17/78 [00:25<01:24,  1.39s/it, loss=0.7501]Trial 10 Ep1:  22%|█████████████████▋                                                               | 17/78 [00:26<01:24,  1.39s/it, loss=4.1863]Trial 10 Ep1:  23%|██████████████████▋                                                              | 18/78 [00:26<01:23,  1.39s/it, loss=4.1863]Trial 10 Ep1:  23%|██████████████████▋                                                              | 18/78 [00:28<01:23,  1.39s/it, loss=0.7209]Trial 10 Ep1:  24%|███████████████████▋                                                             | 19/78 [00:28<01:22,  1.40s/it, loss=0.7209]Trial 10 Ep1:  24%|███████████████████▋                                                             | 19/78 [00:29<01:22,  1.40s/it, loss=4.8960]Trial 10 Ep1:  26%|████████████████████▊                                                            | 20/78 [00:29<01:22,  1.42s/it, loss=4.8960]Trial 10 Ep1:  26%|████████████████████▊                                                            | 20/78 [00:30<01:22,  1.42s/it, loss=0.7221]Trial 10 Ep1:  27%|█████████████████████▊                                                           | 21/78 [00:30<01:21,  1.43s/it, loss=0.7221]Trial 10 Ep1:  27%|█████████████████████▊                                                           | 21/78 [00:32<01:21,  1.43s/it, loss=7.3674]Trial 10 Ep1:  28%|██████████████████████▊                                                          | 22/78 [00:32<01:20,  1.44s/it, loss=7.3674]Trial 10 Ep1:  28%|██████████████████████▊                                                          | 22/78 [00:33<01:20,  1.44s/it, loss=0.8966]Trial 10 Ep1:  29%|███████████████████████▉                                                         | 23/78 [00:33<01:18,  1.43s/it, loss=0.8966]Trial 10 Ep1:  29%|███████████████████████▉                                                         | 23/78 [00:35<01:18,  1.43s/it, loss=9.9741]Trial 10 Ep1:  31%|████████████████████████▉                                                        | 24/78 [00:35<01:17,  1.43s/it, loss=9.9741]Trial 10 Ep1:  31%|████████████████████████▉                                                        | 24/78 [00:36<01:17,  1.43s/it, loss=0.8337]Trial 10 Ep1:  32%|█████████████████████████▉                                                       | 25/78 [00:36<01:15,  1.43s/it, loss=0.8337]Trial 10 Ep1:  32%|█████████████████████████▉                                                       | 25/78 [00:38<01:15,  1.43s/it, loss=4.6667]Trial 10 Ep1:  33%|███████████████████████████                                                      | 26/78 [00:38<01:13,  1.41s/it, loss=4.6667]Trial 10 Ep1:  33%|███████████████████████████                                                      | 26/78 [00:39<01:13,  1.41s/it, loss=7.8531]Trial 10 Ep1:  35%|████████████████████████████                                                     | 27/78 [00:39<01:09,  1.37s/it, loss=7.8531]Trial 10 Ep1:  35%|████████████████████████████                                                     | 27/78 [00:40<01:09,  1.37s/it, loss=6.9344]Trial 10 Ep1:  36%|█████████████████████████████                                                    | 28/78 [00:40<01:09,  1.39s/it, loss=6.9344]Trial 10 Ep1:  36%|█████████████████████████████                                                    | 28/78 [00:42<01:09,  1.39s/it, loss=9.4698]Trial 10 Ep1:  37%|██████████████████████████████                                                   | 29/78 [00:42<01:08,  1.40s/it, loss=9.4698]Trial 10 Ep1:  37%|██████████████████████████████                                                   | 29/78 [00:43<01:08,  1.40s/it, loss=7.4840]Trial 10 Ep1:  38%|███████████████████████████████▏                                                 | 30/78 [00:43<01:07,  1.40s/it, loss=7.4840]Trial 10 Ep1:  38%|███████████████████████████████▏                                                 | 30/78 [00:45<01:07,  1.40s/it, loss=6.9295]Trial 10 Ep1:  40%|████████████████████████████████▏                                                | 31/78 [00:45<01:06,  1.42s/it, loss=6.9295]Trial 10 Ep1:  40%|████████████████████████████████▏                                                | 31/78 [00:46<01:06,  1.42s/it, loss=8.3675]Trial 10 Ep1:  41%|█████████████████████████████████▏                                               | 32/78 [00:46<01:04,  1.40s/it, loss=8.3675]Trial 10 Ep1:  41%|█████████████████████████████████▏                                               | 32/78 [00:47<01:04,  1.40s/it, loss=8.7477]Trial 10 Ep1:  42%|██████████████████████████████████▎                                              | 33/78 [00:47<01:02,  1.40s/it, loss=8.7477]Trial 10 Ep1:  42%|█████████████████████████████████▊                                              | 33/78 [00:49<01:02,  1.40s/it, loss=10.8752]Trial 10 Ep1:  44%|██████████████████████████████████▊                                             | 34/78 [00:49<01:02,  1.42s/it, loss=10.8752]Trial 10 Ep1:  44%|██████████████████████████████████▊                                             | 34/78 [00:50<01:02,  1.42s/it, loss=12.6941]Trial 10 Ep1:  45%|███████████████████████████████████▉                                            | 35/78 [00:50<01:00,  1.41s/it, loss=12.6941]Trial 10 Ep1:  45%|████████████████████████████████████▎                                            | 35/78 [00:52<01:00,  1.41s/it, loss=9.8335]Trial 10 Ep1:  46%|█████████████████████████████████████▍                                           | 36/78 [00:52<00:59,  1.41s/it, loss=9.8335]Trial 10 Ep1:  46%|████████████████████████████████████▉                                           | 36/78 [00:53<00:59,  1.41s/it, loss=14.0941]Trial 10 Ep1:  47%|█████████████████████████████████████▉                                          | 37/78 [00:53<00:58,  1.43s/it, loss=14.0941]Trial 10 Ep1:  47%|██████████████████████████████████████▍                                          | 37/78 [00:54<00:58,  1.43s/it, loss=7.5665]Trial 10 Ep1:  49%|███████████████████████████████████████▍                                         | 38/78 [00:54<00:56,  1.40s/it, loss=7.5665]Trial 10 Ep1:  49%|██████████████████████████████████████▉                                         | 38/78 [00:56<00:56,  1.40s/it, loss=14.7265]Trial 10 Ep1:  50%|████████████████████████████████████████                                        | 39/78 [00:56<00:55,  1.42s/it, loss=14.7265]Trial 10 Ep1:  50%|████████████████████████████████████████▌                                        | 39/78 [00:57<00:55,  1.42s/it, loss=9.1701]Trial 10 Ep1:  51%|█████████████████████████████████████████▌                                       | 40/78 [00:57<00:49,  1.31s/it, loss=9.1701]Trial 10 Ep1:  51%|█████████████████████████████████████████                                       | 40/78 [00:58<00:49,  1.31s/it, loss=12.6664]Trial 10 Ep1:  53%|██████████████████████████████████████████                                      | 41/78 [00:58<00:50,  1.36s/it, loss=12.6664]Trial 10 Ep1:  53%|██████████████████████████████████████████▌                                      | 41/78 [01:00<00:50,  1.36s/it, loss=7.5330]Trial 10 Ep1:  54%|███████████████████████████████████████████▌                                     | 42/78 [01:00<00:49,  1.38s/it, loss=7.5330]Trial 10 Ep1:  54%|███████████████████████████████████████████                                     | 42/78 [01:01<00:49,  1.38s/it, loss=10.9183]Trial 10 Ep1:  55%|████████████████████████████████████████████                                    | 43/78 [01:01<00:48,  1.38s/it, loss=10.9183]Trial 10 Ep1:  55%|████████████████████████████████████████████▋                                    | 43/78 [01:03<00:48,  1.38s/it, loss=2.4460]Trial 10 Ep1:  56%|█████████████████████████████████████████████▋                                   | 44/78 [01:03<00:51,  1.51s/it, loss=2.4460]Trial 10 Ep1:  56%|█████████████████████████████████████████████▏                                  | 44/78 [01:04<00:51,  1.51s/it, loss=10.0484]Trial 10 Ep1:  58%|██████████████████████████████████████████████▏                                 | 45/78 [01:04<00:48,  1.48s/it, loss=10.0484]Trial 10 Ep1:  58%|██████████████████████████████████████████████▏                                 | 45/78 [01:06<00:48,  1.48s/it, loss=10.2445]Trial 10 Ep1:  59%|███████████████████████████████████████████████▏                                | 46/78 [01:06<00:47,  1.47s/it, loss=10.2445]Trial 10 Ep1:  59%|███████████████████████████████████████████████▏                                | 46/78 [01:07<00:47,  1.47s/it, loss=11.9942]Trial 10 Ep1:  60%|████████████████████████████████████████████████▏                               | 47/78 [01:07<00:45,  1.46s/it, loss=11.9942]Trial 10 Ep1:  60%|████████████████████████████████████████████████▊                                | 47/78 [01:09<00:45,  1.46s/it, loss=2.7606]Trial 10 Ep1:  62%|█████████████████████████████████████████████████▊                               | 48/78 [01:09<00:42,  1.43s/it, loss=2.7606]Trial 10 Ep1:  62%|█████████████████████████████████████████████████▊                               | 48/78 [01:10<00:42,  1.43s/it, loss=6.6636]Trial 10 Ep1:  63%|██████████████████████████████████████████████████▉                              | 49/78 [01:10<00:41,  1.43s/it, loss=6.6636]Trial 10 Ep1:  63%|██████████████████████████████████████████████████▉                              | 49/78 [01:11<00:41,  1.43s/it, loss=5.3848]Trial 10 Ep1:  64%|███████████████████████████████████████████████████▉                             | 50/78 [01:11<00:39,  1.43s/it, loss=5.3848]Trial 10 Ep1:  64%|███████████████████████████████████████████████████▎                            | 50/78 [01:13<00:39,  1.43s/it, loss=21.3826]Trial 10 Ep1:  65%|████████████████████████████████████████████████████▎                           | 51/78 [01:13<00:38,  1.44s/it, loss=21.3826]Trial 10 Ep1:  65%|████████████████████████████████████████████████████▎                           | 51/78 [01:14<00:38,  1.44s/it, loss=16.6891]Trial 10 Ep1:  67%|█████████████████████████████████████████████████████▎                          | 52/78 [01:14<00:37,  1.46s/it, loss=16.6891]Trial 10 Ep1:  67%|█████████████████████████████████████████████████████▎                          | 52/78 [01:16<00:37,  1.46s/it, loss=16.9785]Trial 10 Ep1:  68%|██████████████████████████████████████████████████████▎                         | 53/78 [01:16<00:36,  1.45s/it, loss=16.9785]Trial 10 Ep1:  68%|███████████████████████████████████████████████████████                          | 53/78 [01:17<00:36,  1.45s/it, loss=9.5590]Trial 10 Ep1:  69%|████████████████████████████████████████████████████████                         | 54/78 [01:17<00:34,  1.43s/it, loss=9.5590]Trial 10 Ep1:  69%|███████████████████████████████████████████████████████▍                        | 54/78 [01:19<00:34,  1.43s/it, loss=19.9270]Trial 10 Ep1:  71%|████████████████████████████████████████████████████████▍                       | 55/78 [01:19<00:32,  1.43s/it, loss=19.9270]Trial 10 Ep1:  71%|█████████████████████████████████████████████████████████                        | 55/78 [01:20<00:32,  1.43s/it, loss=6.0724]Trial 10 Ep1:  72%|██████████████████████████████████████████████████████████▏                      | 56/78 [01:20<00:31,  1.42s/it, loss=6.0724]Trial 10 Ep1:  72%|██████████████████████████████████████████████████████████▏                      | 56/78 [01:21<00:31,  1.42s/it, loss=0.7717]Trial 10 Ep1:  73%|███████████████████████████████████████████████████████████▏                     | 57/78 [01:21<00:29,  1.40s/it, loss=0.7717]Trial 10 Ep1:  73%|██████████████████████████████████████████████████████████▍                     | 57/78 [01:23<00:29,  1.40s/it, loss=23.5303]Trial 10 Ep1:  74%|███████████████████████████████████████████████████████████▍                    | 58/78 [01:23<00:28,  1.41s/it, loss=23.5303]Trial 10 Ep1:  74%|████████████████████████████████████████████████████████████▏                    | 58/78 [01:24<00:28,  1.41s/it, loss=7.1744]Trial 10 Ep1:  76%|█████████████████████████████████████████████████████████████▎                   | 59/78 [01:24<00:26,  1.40s/it, loss=7.1744]Trial 10 Ep1:  76%|████████████████████████████████████████████████████████████▌                   | 59/78 [01:26<00:26,  1.40s/it, loss=25.4063]Trial 10 Ep1:  77%|█████████████████████████████████████████████████████████████▌                  | 60/78 [01:26<00:25,  1.42s/it, loss=25.4063]Trial 10 Ep1:  77%|█████████████████████████████████████████████████████████████▌                  | 60/78 [01:27<00:25,  1.42s/it, loss=10.2798]Trial 10 Ep1:  78%|██████████████████████████████████████████████████████████████▌                 | 61/78 [01:27<00:24,  1.43s/it, loss=10.2798]Trial 10 Ep1:  78%|██████████████████████████████████████████████████████████████▌                 | 61/78 [01:29<00:24,  1.43s/it, loss=22.9531]Trial 10 Ep1:  79%|███████████████████████████████████████████████████████████████▌                | 62/78 [01:29<00:22,  1.43s/it, loss=22.9531]Trial 10 Ep1:  79%|████████████████████████████████████████████████████████████████▍                | 62/78 [01:30<00:22,  1.43s/it, loss=5.3193]Trial 10 Ep1:  81%|█████████████████████████████████████████████████████████████████▍               | 63/78 [01:30<00:21,  1.42s/it, loss=5.3193]Trial 10 Ep1:  81%|████████████████████████████████████████████████████████████████▌               | 63/78 [01:31<00:21,  1.42s/it, loss=20.6840]Trial 10 Ep1:  82%|█████████████████████████████████████████████████████████████████▋              | 64/78 [01:31<00:20,  1.43s/it, loss=20.6840]Trial 10 Ep1:  82%|█████████████████████████████████████████████████████████████████▋              | 64/78 [01:33<00:20,  1.43s/it, loss=13.0136]Trial 10 Ep1:  83%|██████████████████████████████████████████████████████████████████▋             | 65/78 [01:33<00:18,  1.43s/it, loss=13.0136]Trial 10 Ep1:  83%|██████████████████████████████████████████████████████████████████▋             | 65/78 [01:34<00:18,  1.43s/it, loss=27.2400]Trial 10 Ep1:  85%|███████████████████████████████████████████████████████████████████▋            | 66/78 [01:34<00:17,  1.43s/it, loss=27.2400]Trial 10 Ep1:  85%|███████████████████████████████████████████████████████████████████▋            | 66/78 [01:36<00:17,  1.43s/it, loss=12.2351]Trial 10 Ep1:  86%|████████████████████████████████████████████████████████████████████▋           | 67/78 [01:36<00:16,  1.46s/it, loss=12.2351]Trial 10 Ep1:  86%|████████████████████████████████████████████████████████████████████▋           | 67/78 [01:37<00:16,  1.46s/it, loss=19.3749]Trial 10 Ep1:  87%|█████████████████████████████████████████████████████████████████████▋          | 68/78 [01:37<00:14,  1.46s/it, loss=19.3749]Trial 10 Ep1:  87%|█████████████████████████████████████████████████████████████████████▋          | 68/78 [01:39<00:14,  1.46s/it, loss=16.4807]Trial 10 Ep1:  88%|██████████████████████████████████████████████████████████████████████▊         | 69/78 [01:39<00:13,  1.47s/it, loss=16.4807]Trial 10 Ep1:  88%|██████████████████████████████████████████████████████████████████████▊         | 69/78 [01:40<00:13,  1.47s/it, loss=25.1171]Trial 10 Ep1:  90%|███████████████████████████████████████████████████████████████████████▊        | 70/78 [01:40<00:11,  1.43s/it, loss=25.1171]Trial 10 Ep1:  90%|███████████████████████████████████████████████████████████████████████▊        | 70/78 [01:42<00:11,  1.43s/it, loss=17.7958]Trial 10 Ep1:  91%|████████████████████████████████████████████████████████████████████████▊       | 71/78 [01:42<00:10,  1.46s/it, loss=17.7958]Trial 10 Ep1:  91%|████████████████████████████████████████████████████████████████████████▊       | 71/78 [01:43<00:10,  1.46s/it, loss=19.6720]Trial 10 Ep1:  92%|█████████████████████████████████████████████████████████████████████████▊      | 72/78 [01:43<00:08,  1.45s/it, loss=19.6720]Trial 10 Ep1:  92%|█████████████████████████████████████████████████████████████████████████▊      | 72/78 [01:45<00:08,  1.45s/it, loss=19.2128]Trial 10 Ep1:  94%|██████████████████████████████████████████████████████████████████████████▊     | 73/78 [01:45<00:07,  1.44s/it, loss=19.2128]Trial 10 Ep1:  94%|██████████████████████████████████████████████████████████████████████████▊     | 73/78 [01:46<00:07,  1.44s/it, loss=19.3725]Trial 10 Ep1:  95%|███████████████████████████████████████████████████████████████████████████▉    | 74/78 [01:46<00:05,  1.40s/it, loss=19.3725]Trial 10 Ep1:  95%|███████████████████████████████████████████████████████████████████████████▉    | 74/78 [01:47<00:05,  1.40s/it, loss=10.0309]Trial 10 Ep1:  96%|████████████████████████████████████████████████████████████████████████████▉   