Trial 5 Ep1:   0%|                                                                                                        | 0/78 [00:00<?, ?it/s]Trial 5 Ep1:   0%|                                                                                           | 0/78 [00:01<?, ?it/s, loss=0.7547]Trial 5 Ep1:   1%|█                                                                                  | 1/78 [00:01<02:04,  1.61s/it, loss=0.7547]Trial 5 Ep1:   1%|█                                                                                  | 1/78 [00:04<02:04,  1.61s/it, loss=0.6893]Trial 5 Ep1:   3%|██▏                                                                                | 2/78 [00:04<02:37,  2.08s/it, loss=0.6893]Trial 5 Ep1:   3%|██▏                                                                                | 2/78 [00:05<02:37,  2.08s/it, loss=0.6779]Trial 5 Ep1:   4%|███▏                                                                               | 3/78 [00:05<02:11,  1.76s/it, loss=0.6779]Trial 5 Ep1:   4%|███▏                                                                               | 3/78 [00:06<02:11,  1.76s/it, loss=0.6859]Trial 5 Ep1:   5%|████▎                                                                              | 4/78 [00:06<01:59,  1.61s/it, loss=0.6859]Trial 5 Ep1:   5%|████▎                                                                              | 4/78 [00:08<01:59,  1.61s/it, loss=0.6732]Trial 5 Ep1:   6%|█████▎                                                                             | 5/78 [00:08<01:52,  1.54s/it, loss=0.6732]Trial 5 Ep1:   6%|█████▎                                                                             | 5/78 [00:09<01:52,  1.54s/it, loss=0.7918]Trial 5 Ep1:   8%|██████▍                                                                            | 6/78 [00:09<01:46,  1.47s/it, loss=0.7918]Trial 5 Ep1:   8%|██████▍                                                                            | 6/78 [00:10<01:46,  1.47s/it, loss=0.6899]Trial 5 Ep1:   9%|███████▍                                                                           | 7/78 [00:10<01:41,  1.43s/it, loss=0.6899]Trial 5 Ep1:   9%|███████▍                                                                           | 7/78 [00:12<01:41,  1.43s/it, loss=0.9038]Trial 5 Ep1:  10%|████████▌                                                                          | 8/78 [00:12<01:39,  1.42s/it, loss=0.9038]Trial 5 Ep1:  10%|████████▌                                                                          | 8/78 [00:13<01:39,  1.42s/it, loss=0.7232]Trial 5 Ep1:  12%|█████████▌                                                                         | 9/78 [00:13<01:42,  1.49s/it, loss=0.7232]Trial 5 Ep1:  12%|█████████▌                                                                         | 9/78 [00:15<01:42,  1.49s/it, loss=0.7901]Trial 5 Ep1:  13%|██████████▌                                                                       | 10/78 [00:15<01:39,  1.46s/it, loss=0.7901]Trial 5 Ep1:  13%|██████████▌                                                                       | 10/78 [00:16<01:39,  1.46s/it, loss=0.8062]Trial 5 Ep1:  14%|███████████▌                                                                      | 11/78 [00:16<01:36,  1.44s/it, loss=0.8062]Trial 5 Ep1:  14%|███████████▌                                                                      | 11/78 [00:18<01:36,  1.44s/it, loss=0.8511]Trial 5 Ep1:  15%|████████████▌                                                                     | 12/78 [00:18<01:39,  1.51s/it, loss=0.8511]Trial 5 Ep1:  15%|████████████▌                                                                     | 12/78 [00:19<01:39,  1.51s/it, loss=0.9587]Trial 5 Ep1:  17%|█████████████▋                                                                    | 13/78 [00:19<01:34,  1.46s/it, loss=0.9587]Trial 5 Ep1:  17%|█████████████▋                                                                    | 13/78 [00:21<01:34,  1.46s/it, loss=0.9807]Trial 5 Ep1:  18%|██████████████▋                                                                   | 14/78 [00:21<01:32,  1.45s/it, loss=0.9807]Trial 5 Ep1:  18%|██████████████▋                                                                   | 14/78 [00:22<01:32,  1.45s/it, loss=0.9525]Trial 5 Ep1:  19%|███████████████▊                                                                  | 15/78 [00:22<01:36,  1.54s/it, loss=0.9525]Trial 5 Ep1:  19%|███████████████▊                                                                  | 15/78 [00:24<01:36,  1.54s/it, loss=1.1493]Trial 5 Ep1:  21%|████████████████▊                                                                 | 16/78 [00:24<01:32,  1.49s/it, loss=1.1493]Trial 5 Ep1:  21%|████████████████▊                                                                 | 16/78 [00:25<01:32,  1.49s/it, loss=0.7966]Trial 5 Ep1:  22%|█████████████████▊                                                                | 17/78 [00:25<01:29,  1.46s/it, loss=0.7966]Trial 5 Ep1:  22%|█████████████████▊                                                                | 17/78 [00:27<01:29,  1.46s/it, loss=0.6814]Trial 5 Ep1:  23%|██████████████████▉                                                               | 18/78 [00:27<01:28,  1.47s/it, loss=0.6814]Trial 5 Ep1:  23%|██████████████████▉                                                               | 18/78 [00:28<01:28,  1.47s/it, loss=0.8464]Trial 5 Ep1:  24%|███████████████████▉                                                              | 19/78 [00:28<01:25,  1.45s/it, loss=0.8464]Trial 5 Ep1:  24%|███████████████████▉                                                              | 19/78 [00:29<01:25,  1.45s/it, loss=0.7220]Trial 5 Ep1:  26%|█████████████████████                                                             | 20/78 [00:29<01:23,  1.43s/it, loss=0.7220]Trial 5 Ep1:  26%|█████████████████████                                                             | 20/78 [00:31<01:23,  1.43s/it, loss=1.4304]Trial 5 Ep1:  27%|██████████████████████                                                            | 21/78 [00:31<01:20,  1.42s/it, loss=1.4304]Trial 5 Ep1:  27%|██████████████████████                                                            | 21/78 [00:32<01:20,  1.42s/it, loss=0.7274]Trial 5 Ep1:  28%|███████████████████████▏                                                          | 22/78 [00:32<01:18,  1.40s/it, loss=0.7274]Trial 5 Ep1:  28%|███████████████████████▏                                                          | 22/78 [00:34<01:18,  1.40s/it, loss=1.7460]Trial 5 Ep1:  29%|████████████████████████▏                                                         | 23/78 [00:34<01:16,  1.39s/it, loss=1.7460]Trial 5 Ep1:  29%|████████████████████████▏                                                         | 23/78 [00:35<01:16,  1.39s/it, loss=0.8103]Trial 5 Ep1:  31%|█████████████████████████▏                                                        | 24/78 [00:35<01:15,  1.39s/it, loss=0.8103]Trial 5 Ep1:  31%|█████████████████████████▏                                                        | 24/78 [00:36<01:15,  1.39s/it, loss=1.2775]Trial 5 Ep1:  32%|██████████████████████████▎                                                       | 25/78 [00:36<01:13,  1.39s/it, loss=1.2775]Trial 5 Ep1:  32%|██████████████████████████▎                                                       | 25/78 [00:38<01:13,  1.39s/it, loss=1.1432]Trial 5 Ep1:  33%|███████████████████████████▎                                                      | 26/78 [00:38<01:13,  1.41s/it, loss=1.1432]Trial 5 Ep1:  33%|███████████████████████████▎                                                      | 26/78 [00:39<01:13,  1.41s/it, loss=1.0870]Trial 5 Ep1:  35%|████████████████████████████▍                                                     | 27/78 [00:39<01:10,  1.39s/it, loss=1.0870]Trial 5 Ep1:  35%|████████████████████████████▍                                                     | 27/78 [00:41<01:10,  1.39s/it, loss=2.4911]Trial 5 Ep1:  36%|█████████████████████████████▍                                                    | 28/78 [00:41<01:09,  1.38s/it, loss=2.4911]Trial 5 Ep1:  36%|█████████████████████████████▍                                                    | 28/78 [00:42<01:09,  1.38s/it, loss=0.7441]Trial 5 Ep1:  37%|██████████████████████████████▍                                                   | 29/78 [00:42<01:09,  1.42s/it, loss=0.7441]Trial 5 Ep1:  37%|██████████████████████████████▍                                                   | 29/78 [00:43<01:09,  1.42s/it, loss=1.1318]Trial 5 Ep1:  38%|███████████████████████████████▌                                                  | 30/78 [00:43<01:08,  1.42s/it, loss=1.1318]Trial 5 Ep1:  38%|███████████████████████████████▌                                                  | 30/78 [00:45<01:08,  1.42s/it, loss=0.7414]Trial 5 Ep1:  40%|████████████████████████████████▌                                                 | 31/78 [00:45<01:07,  1.43s/it, loss=0.7414]Trial 5 Ep1:  40%|████████████████████████████████▌                                                 | 31/78 [00:46<01:07,  1.43s/it, loss=1.9253]Trial 5 Ep1:  41%|█████████████████████████████████▋                                                | 32/78 [00:46<01:05,  1.41s/it, loss=1.9253]Trial 5 Ep1:  41%|█████████████████████████████████▋                                                | 32/78 [00:48<01:05,  1.41s/it, loss=0.8128]Trial 5 Ep1:  42%|██████████████████████████████████▋                                               | 33/78 [00:48<01:02,  1.40s/it, loss=0.8128]Trial 5 Ep1:  42%|██████████████████████████████████▋                                               | 33/78 [00:49<01:02,  1.40s/it, loss=1.3423]Trial 5 Ep1:  44%|███████████████████████████████████▋                                              | 34/78 [00:49<01:02,  1.42s/it, loss=1.3423]Trial 5 Ep1:  44%|███████████████████████████████████▋                                              | 34/78 [00:50<01:02,  1.42s/it, loss=0.7080]Trial 5 Ep1:  45%|████████████████████████████████████▊                                             | 35/78 [00:50<01:00,  1.40s/it, loss=0.7080]Trial 5 Ep1:  45%|████████████████████████████████████▊                                             | 35/78 [00:52<01:00,  1.40s/it, loss=1.4488]Trial 5 Ep1:  46%|█████████████████████████████████████▊                                            | 36/78 [00:52<00:58,  1.40s/it, loss=1.4488]Trial 5 Ep1:  46%|█████████████████████████████████████▊                                            | 36/78 [00:53<00:58,  1.40s/it, loss=1.1044]Trial 5 Ep1:  47%|██████████████████████████████████████▉                                           | 37/78 [00:53<00:57,  1.41s/it, loss=1.1044]Trial 5 Ep1:  47%|██████████████████████████████████████▉                                           | 37/78 [00:55<00:57,  1.41s/it, loss=0.9313]Trial 5 Ep1:  49%|███████████████████████████████████████▉                                          | 38/78 [00:55<00:57,  1.43s/it, loss=0.9313]Trial 5 Ep1:  49%|███████████████████████████████████████▉                                          | 38/78 [00:56<00:57,  1.43s/it, loss=3.0800]Trial 5 Ep1:  50%|█████████████████████████████████████████                                         | 39/78 [00:56<00:55,  1.42s/it, loss=3.0800]Trial 5 Ep1:  50%|█████████████████████████████████████████                                         | 39/78 [00:58<00:55,  1.42s/it, loss=1.2921]Trial 5 Ep1:  51%|██████████████████████████████████████████                                        | 40/78 [00:58<00:57,  1.51s/it, loss=1.2921]Trial 5 Ep1:  51%|██████████████████████████████████████████                                        | 40/78 [00:59<00:57,  1.51s/it, loss=2.6143]Trial 5 Ep1:  53%|███████████████████████████████████████████                                       | 41/78 [00:59<00:54,  1.46s/it, loss=2.6143]Trial 5 Ep1:  53%|███████████████████████████████████████████                                       | 41/78 [01:01<00:54,  1.46s/it, loss=1.1556]Trial 5 Ep1:  54%|████████████████████████████████████████████▏                                     | 42/78 [01:01<00:52,  1.45s/it, loss=1.1556]Trial 5 Ep1:  54%|████████████████████████████████████████████▏                                     | 42/78 [01:02<00:52,  1.45s/it, loss=1.9060]Trial 5 Ep1:  55%|█████████████████████████████████████████████▏                                    | 43/78 [01:02<00:50,  1.44s/it, loss=1.9060]Trial 5 Ep1:  55%|█████████████████████████████████████████████▏                                    | 43/78 [01:04<00:50,  1.44s/it, loss=0.7031]Trial 5 Ep1:  56%|██████████████████████████████████████████████▎                                   | 44/78 [01:04<00:49,  1.45s/it, loss=0.7031]Trial 5 Ep1:  56%|██████████████████████████████████████████████▎                                   | 44/78 [01:04<00:49,  1.45s/it, loss=2.3711]Trial 5 Ep1:  58%|███████████████████████████████████████████████▎                                  | 45/78 [01:04<00:42,  1.30s/it, loss=2.3711]Trial 5 Ep1:  58%|███████████████████████████████████████████████▎                                  | 45/78 [01:06<00:42,  1.30s/it, loss=0.8632]Trial 5 Ep1:  59%|████████████████████████████████████████████████▎                                 | 46/78 [01:06<00:43,  1.34s/it, loss=0.8632]Trial 5 Ep1:  59%|████████████████████████████████████████████████▎                                 | 46/78 [01:07<00:43,  1.34s/it, loss=2.5969]Trial 5 Ep1:  60%|█████████████████████████████████████████████████▍                                | 47/78 [01:07<00:42,  1.36s/it, loss=2.5969]Trial 5 Ep1:  60%|█████████████████████████████████████████████████▍                                | 47/78 [01:09<00:42,  1.36s/it, loss=0.7041]Trial 5 Ep1:  62%|██████████████████████████████████████████████████▍                               | 48/78 [01:09<00:42,  1.40s/it, loss=0.7041]Trial 5 Ep1:  62%|██████████████████████████████████████████████████▍                               | 48/78 [01:10<00:42,  1.40s/it, loss=2.1724]Trial 5 Ep1:  63%|███████████████████████████████████████████████████▌                              | 49/78 [01:10<00:40,  1.39s/it, loss=2.1724]Trial 5 Ep1:  63%|███████████████████████████████████████████████████▌                              | 49/78 [01:12<00:40,  1.39s/it, loss=1.4131]Trial 5 Ep1:  64%|████████████████████████████████████████████████████▌                             | 50/78 [01:12<00:38,  1.39s/it, loss=1.4131]Trial 5 Ep1:  64%|████████████████████████████████████████████████████▌                             | 50/78 [01:13<00:38,  1.39s/it, loss=2.9062]Trial 5 Ep1:  65%|█████████████████████████████████████████████████████▌                            | 51/78 [01:13<00:38,  1.42s/it, loss=2.9062]Trial 5 Ep1:  65%|█████████████████████████████████████████████████████▌                            | 51/78 [01:14<00:38,  1.42s/it, loss=1.4209]Trial 5 Ep1:  67%|██████████████████████████████████████████████████████▋                           | 52/78 [01:14<00:36,  1.42s/it, loss=1.4209]Trial 5 Ep1:  67%|██████████████████████████████████████████████████████▋                           | 52/78 [01:16<00:36,  1.42s/it, loss=2.6238]Trial 5 Ep1:  68%|███████████████████████████████████████████████████████▋                          | 53/78 [01:16<00:35,  1.42s/it, loss=2.6238]Trial 5 Ep1:  68%|███████████████████████████████████████████████████████▋                          | 53/78 [01:17<00:35,  1.42s/it, loss=1.0937]Trial 5 Ep1:  69%|████████████████████████████████████████████████████████▊                         | 54/78 [01:17<00:34,  1.43s/it, loss=1.0937]Trial 5 Ep1:  69%|████████████████████████████████████████████████████████▊                         | 54/78 [01:19<00:34,  1.43s/it, loss=2.1366]Trial 5 Ep1:  71%|█████████████████████████████████████████████████████████▊                        | 55/78 [01:19<00:32,  1.43s/it, loss=2.1366]Trial 5 Ep1:  71%|█████████████████████████████████████████████████████████▊                        | 55/78 [01:20<00:32,  1.43s/it, loss=1.3054]Trial 5 Ep1:  72%|██████████████████████████████████████████████████████████▊                       | 56/78 [01:20<00:31,  1.43s/it, loss=1.3054]Trial 5 Ep1:  72%|██████████████████████████████████████████████████████████▊                       | 56/78 [01:22<00:31,  1.43s/it, loss=0.6773]Trial 5 Ep1:  73%|███████████████████████████████████████████████████████████▉                      | 57/78 [01:22<00:30,  1.46s/it, loss=0.6773]Trial 5 Ep1:  73%|███████████████████████████████████████████████████████████▉                      | 57/78 [01:23<00:30,  1.46s/it, loss=1.1715]Trial 5 Ep1:  74%|████████████████████████████████████████████████████████████▉                     | 58/78 [01:23<00:28,  1.43s/it, loss=1.1715]Trial 5 Ep1:  74%|████████████████████████████████████████████████████████████▉                     | 58/78 [01:25<00:28,  1.43s/it, loss=0.6617]Trial 5 Ep1:  76%|██████████████████████████████████████████████████████████████                    | 59/78 [01:25<00:27,  1.47s/it, loss=0.6617]Trial 5 Ep1:  76%|██████████████████████████████████████████████████████████████                    | 59/78 [01:26<00:27,  1.47s/it, loss=6.2680]Trial 5 Ep1:  77%|███████████████████████████████████████████████████████████████                   | 60/78 [01:26<00:26,  1.45s/it, loss=6.2680]Trial 5 Ep1:  77%|███████████████████████████████████████████████████████████████                   | 60/78 [01:28<00:26,  1.45s/it, loss=0.9213]Trial 5 Ep1:  78%|████████████████████████████████████████████████████████████████▏                 | 61/78 [01:28<00:24,  1.45s/it, loss=0.9213]Trial 5 Ep1:  78%|████████████████████████████████████████████████████████████████▏                 | 61/78 [01:29<00:24,  1.45s/it, loss=3.7567]Trial 5 Ep1:  79%|█████████████████████████████████████████████████████████████████▏                | 62/78 [01:29<00:22,  1.42s/it, loss=3.7567]Trial 5 Ep1:  79%|█████████████████████████████████████████████████████████████████▏                | 62/78 [01:30<00:22,  1.42s/it, loss=0.7336]Trial 5 Ep1:  81%|██████████████████████████████████████████████████████████████████▏               | 63/78 [01:30<00:21,  1.43s/it, loss=0.7336]Trial 5 Ep1:  81%|██████████████████████████████████████████████████████████████████▏               | 63/78 [01:32<00:21,  1.43s/it, loss=5.3057]Trial 5 Ep1:  82%|███████████████████████████████████████████████████████████████████▎              | 64/78 [01:32<00:19,  1.41s/it, loss=5.3057]Trial 5 Ep1:  82%|███████████████████████████████████████████████████████████████████▎              | 64/78 [01:33<00:19,  1.41s/it, loss=0.7664]Trial 5 Ep1:  83%|████████████████████████████████████████████████████████████████████▎             | 65/78 [01:33<00:18,  1.44s/it, loss=0.7664]Trial 5 Ep1:  83%|████████████████████████████████████████████████████████████████████▎             | 65/78 [01:35<00:18,  1.44s/it, loss=6.4507]Trial 5 Ep1:  85%|█████████████████████████████████████████████████████████████████████▍            | 66/78 [01:35<00:17,  1.44s/it, loss=6.4507]Trial 5 Ep1:  85%|█████████████████████████████████████████████████████████████████████▍            | 66/78 [01:36<00:17,  1.44s/it, loss=0.8405]Trial 5 Ep1:  86%|██████████████████████████████████████████████████████████████████████▍           | 67/78 [01:36<00:15,  1.45s/it, loss=0.8405]Trial 5 Ep1:  86%|██████████████████████████████████████████████████████████████████████▍           | 67/78 [01:38<00:15,  1.45s/it, loss=6.9226]Trial 5 Ep1:  87%|███████████████████████████████████████████████████████████████████████▍          | 68/78 [01:38<00:14,  1.44s/it, loss=6.9226]Trial 5 Ep1:  87%|███████████████████████████████████████████████████████████████████████▍          | 68/78 [01:39<00:14,  1.44s/it, loss=0.6606]Trial 5 Ep1:  88%|████████████████████████████████████████████████████████████████████████▌         | 69/78 [01:39<00:12,  1.43s/it, loss=0.6606]Trial 5 Ep1:  88%|████████████████████████████████████████████████████████████████████████▌         | 69/78 [01:40<00:12,  1.43s/it, loss=4.9014]Trial 5 Ep1:  90%|█████████████████████████████████████████████████████████████████████████▌        | 70/78 [01:40<00:11,  1.44s/it, loss=4.9014]Trial 5 Ep1:  90%|█████████████████████████████████████████████████████████████████████████▌        | 70/78 [01:42<00:11,  1.44s/it, loss=1.7957]Trial 5 Ep1:  91%|██████████████████████████████████████████████████████████████████████████▋       | 71/78 [01:42<00:09,  1.42s/it, loss=1.7957]Trial 5 Ep1:  91%|██████████████████████████████████████████████████████████████████████████▋       | 71/78 [01:43<00:09,  1.42s/it, loss=4.3890]Trial 5 Ep1:  92%|███████████████████████████████████████████████████████████████████████████▋      | 72/78 [01:43<00:08,  1.46s/it, loss=4.3890]Trial 5 Ep1:  92%|███████████████████████████████████████████████████████████████████████████▋      | 72/78 [01:45<00:08,  1.46s/it, loss=1.6688]Trial 5 Ep1:  94%|████████████████████████████████████████████████████████████████████████████▋     | 73/78 [01:45<00:07,  1.45s/it, loss=1.6688]Trial 5 Ep1:  94%|████████████████████████████████████████████████████████████████████████████▋     | 73/78 [01:46<00:07,  1.45s/it, loss=4.4395]Trial 5 Ep1:  95%|█████████████████████████████████████████████████████████████████████████████▊    | 74/78 [01:46<00:05,  1.44s/it, loss=4.4395]Trial 5 Ep1:  95%|█████████████████████████████████████████████████████████████████████████████▊    | 74/78 [01:48<00:05,  1.44s/it, loss=1.8941]Trial 5 Ep1:  96%|██████████████████████████████████████████████████████████████████████████████▊  