Trial 8 Ep1:   0%|                                                                                                        | 0/78 [00:00<?, ?it/s]Trial 8 Ep1:   0%|                                                                                           | 0/78 [00:01<?, ?it/s, loss=0.7539]Trial 8 Ep1:   1%|█                                                                                  | 1/78 [00:01<02:00,  1.56s/it, loss=0.7539]Trial 8 Ep1:   1%|█                                                                                  | 1/78 [00:03<02:00,  1.56s/it, loss=0.6914]Trial 8 Ep1:   3%|██▏                                                                                | 2/78 [00:03<02:35,  2.04s/it, loss=0.6914]Trial 8 Ep1:   3%|██▏                                                                                | 2/78 [00:05<02:35,  2.04s/it, loss=0.7398]Trial 8 Ep1:   4%|███▏                                                                               | 3/78 [00:05<02:20,  1.88s/it, loss=0.7398]Trial 8 Ep1:   4%|███▏                                                                               | 3/78 [00:07<02:20,  1.88s/it, loss=0.7431]Trial 8 Ep1:   5%|████▎                                                                              | 4/78 [00:07<02:04,  1.69s/it, loss=0.7431]Trial 8 Ep1:   5%|████▎                                                                              | 4/78 [00:08<02:04,  1.69s/it, loss=0.7906]Trial 8 Ep1:   6%|█████▎                                                                             | 5/78 [00:08<01:55,  1.58s/it, loss=0.7906]Trial 8 Ep1:   6%|█████▎                                                                             | 5/78 [00:09<01:55,  1.58s/it, loss=0.7328]Trial 8 Ep1:   8%|██████▍                                                                            | 6/78 [00:09<01:48,  1.51s/it, loss=0.7328]Trial 8 Ep1:   8%|██████▍                                                                            | 6/78 [00:11<01:48,  1.51s/it, loss=0.7307]Trial 8 Ep1:   9%|███████▍                                                                           | 7/78 [00:11<01:45,  1.48s/it, loss=0.7307]Trial 8 Ep1:   9%|███████▍                                                                           | 7/78 [00:12<01:45,  1.48s/it, loss=0.6435]Trial 8 Ep1:  10%|████████▌                                                                          | 8/78 [00:12<01:47,  1.54s/it, loss=0.6435]Trial 8 Ep1:  10%|████████▌                                                                          | 8/78 [00:14<01:47,  1.54s/it, loss=0.7699]Trial 8 Ep1:  12%|█████████▌                                                                         | 9/78 [00:14<01:43,  1.51s/it, loss=0.7699]Trial 8 Ep1:  12%|█████████▌                                                                         | 9/78 [00:15<01:43,  1.51s/it, loss=0.7138]Trial 8 Ep1:  13%|██████████▌                                                                       | 10/78 [00:15<01:41,  1.49s/it, loss=0.7138]Trial 8 Ep1:  13%|██████████▌                                                                       | 10/78 [00:17<01:41,  1.49s/it, loss=0.7869]Trial 8 Ep1:  14%|███████████▌                                                                      | 11/78 [00:17<01:38,  1.47s/it, loss=0.7869]Trial 8 Ep1:  14%|███████████▌                                                                      | 11/78 [00:18<01:38,  1.47s/it, loss=0.7522]Trial 8 Ep1:  15%|████████████▌                                                                     | 12/78 [00:18<01:36,  1.46s/it, loss=0.7522]Trial 8 Ep1:  15%|████████████▌                                                                     | 12/78 [00:20<01:36,  1.46s/it, loss=0.7968]Trial 8 Ep1:  17%|█████████████▋                                                                    | 13/78 [00:20<01:33,  1.45s/it, loss=0.7968]Trial 8 Ep1:  17%|█████████████▋                                                                    | 13/78 [00:21<01:33,  1.45s/it, loss=0.7610]Trial 8 Ep1:  18%|██████████████▋                                                                   | 14/78 [00:21<01:31,  1.43s/it, loss=0.7610]Trial 8 Ep1:  18%|██████████████▋                                                                   | 14/78 [00:22<01:31,  1.43s/it, loss=0.6431]Trial 8 Ep1:  19%|███████████████▊                                                                  | 15/78 [00:22<01:24,  1.34s/it, loss=0.6431]Trial 8 Ep1:  19%|███████████████▊                                                                  | 15/78 [00:23<01:24,  1.34s/it, loss=0.8416]Trial 8 Ep1:  21%|████████████████▊                                                                 | 16/78 [00:23<01:21,  1.32s/it, loss=0.8416]Trial 8 Ep1:  21%|████████████████▊                                                                 | 16/78 [00:25<01:21,  1.32s/it, loss=0.7619]Trial 8 Ep1:  22%|█████████████████▊                                                                | 17/78 [00:25<01:21,  1.33s/it, loss=0.7619]Trial 8 Ep1:  22%|█████████████████▊                                                                | 17/78 [00:26<01:21,  1.33s/it, loss=0.7544]Trial 8 Ep1:  23%|██████████████████▉                                                               | 18/78 [00:26<01:21,  1.36s/it, loss=0.7544]Trial 8 Ep1:  23%|██████████████████▉                                                               | 18/78 [00:28<01:21,  1.36s/it, loss=0.7135]Trial 8 Ep1:  24%|███████████████████▉                                                              | 19/78 [00:28<01:21,  1.38s/it, loss=0.7135]Trial 8 Ep1:  24%|███████████████████▉                                                              | 19/78 [00:29<01:21,  1.38s/it, loss=0.8025]Trial 8 Ep1:  26%|█████████████████████                                                             | 20/78 [00:29<01:20,  1.39s/it, loss=0.8025]Trial 8 Ep1:  26%|█████████████████████                                                             | 20/78 [00:30<01:20,  1.39s/it, loss=0.7105]Trial 8 Ep1:  27%|██████████████████████                                                            | 21/78 [00:30<01:21,  1.42s/it, loss=0.7105]Trial 8 Ep1:  27%|██████████████████████                                                            | 21/78 [00:32<01:21,  1.42s/it, loss=0.7359]Trial 8 Ep1:  28%|███████████████████████▏                                                          | 22/78 [00:32<01:18,  1.41s/it, loss=0.7359]Trial 8 Ep1:  28%|███████████████████████▏                                                          | 22/78 [00:33<01:18,  1.41s/it, loss=0.6864]Trial 8 Ep1:  29%|████████████████████████▏                                                         | 23/78 [00:33<01:22,  1.49s/it, loss=0.6864]Trial 8 Ep1:  29%|████████████████████████▏                                                         | 23/78 [00:35<01:22,  1.49s/it, loss=0.7029]Trial 8 Ep1:  31%|█████████████████████████▏                                                        | 24/78 [00:35<01:19,  1.47s/it, loss=0.7029]Trial 8 Ep1:  31%|█████████████████████████▏                                                        | 24/78 [00:36<01:19,  1.47s/it, loss=0.6680]Trial 8 Ep1:  32%|██████████████████████████▎                                                       | 25/78 [00:36<01:18,  1.49s/it, loss=0.6680]Trial 8 Ep1:  32%|██████████████████████████▎                                                       | 25/78 [00:38<01:18,  1.49s/it, loss=0.7323]Trial 8 Ep1:  33%|███████████████████████████▎                                                      | 26/78 [00:38<01:16,  1.47s/it, loss=0.7323]Trial 8 Ep1:  33%|███████████████████████████▎                                                      | 26/78 [00:39<01:16,  1.47s/it, loss=0.7438]Trial 8 Ep1:  35%|████████████████████████████▍                                                     | 27/78 [00:39<01:14,  1.47s/it, loss=0.7438]Trial 8 Ep1:  35%|████████████████████████████▍                                                     | 27/78 [00:41<01:14,  1.47s/it, loss=0.6364]Trial 8 Ep1:  36%|█████████████████████████████▍                                                    | 28/78 [00:41<01:12,  1.46s/it, loss=0.6364]Trial 8 Ep1:  36%|█████████████████████████████▍                                                    | 28/78 [00:42<01:12,  1.46s/it, loss=0.7774]Trial 8 Ep1:  37%|██████████████████████████████▍                                                   | 29/78 [00:42<01:10,  1.44s/it, loss=0.7774]Trial 8 Ep1:  37%|██████████████████████████████▍                                                   | 29/78 [00:44<01:10,  1.44s/it, loss=0.6972]Trial 8 Ep1:  38%|███████████████████████████████▌                                                  | 30/78 [00:44<01:09,  1.44s/it, loss=0.6972]Trial 8 Ep1:  38%|███████████████████████████████▌                                                  | 30/78 [00:45<01:09,  1.44s/it, loss=0.7141]Trial 8 Ep1:  40%|████████████████████████████████▌                                                 | 31/78 [00:45<01:07,  1.43s/it, loss=0.7141]Trial 8 Ep1:  40%|████████████████████████████████▌                                                 | 31/78 [00:47<01:07,  1.43s/it, loss=0.6693]Trial 8 Ep1:  41%|█████████████████████████████████▋                                                | 32/78 [00:47<01:07,  1.46s/it, loss=0.6693]Trial 8 Ep1:  41%|█████████████████████████████████▋                                                | 32/78 [00:48<01:07,  1.46s/it, loss=0.7506]Trial 8 Ep1:  42%|██████████████████████████████████▋                                               | 33/78 [00:48<01:04,  1.43s/it, loss=0.7506]Trial 8 Ep1:  42%|██████████████████████████████████▋                                               | 33/78 [00:49<01:04,  1.43s/it, loss=0.8272]Trial 8 Ep1:  44%|███████████████████████████████████▋                                              | 34/78 [00:49<01:01,  1.41s/it, loss=0.8272]Trial 8 Ep1:  44%|███████████████████████████████████▋                                              | 34/78 [00:51<01:01,  1.41s/it, loss=0.7531]Trial 8 Ep1:  45%|████████████████████████████████████▊                                             | 35/78 [00:51<01:00,  1.40s/it, loss=0.7531]Trial 8 Ep1:  45%|████████████████████████████████████▊                                             | 35/78 [00:52<01:00,  1.40s/it, loss=0.7085]Trial 8 Ep1:  46%|█████████████████████████████████████▊                                            | 36/78 [00:52<00:59,  1.41s/it, loss=0.7085]Trial 8 Ep1:  46%|█████████████████████████████████████▊                                            | 36/78 [00:54<00:59,  1.41s/it, loss=0.6756]Trial 8 Ep1:  47%|██████████████████████████████████████▉                                           | 37/78 [00:54<00:58,  1.42s/it, loss=0.6756]Trial 8 Ep1:  47%|██████████████████████████████████████▉                                           | 37/78 [00:55<00:58,  1.42s/it, loss=0.7234]Trial 8 Ep1:  49%|███████████████████████████████████████▉                                          | 38/78 [00:55<00:57,  1.43s/it, loss=0.7234]Trial 8 Ep1:  49%|███████████████████████████████████████▉                                          | 38/78 [00:56<00:57,  1.43s/it, loss=0.7450]Trial 8 Ep1:  50%|█████████████████████████████████████████                                         | 39/78 [00:56<00:56,  1.45s/it, loss=0.7450]Trial 8 Ep1:  50%|█████████████████████████████████████████                                         | 39/78 [00:58<00:56,  1.45s/it, loss=0.6868]Trial 8 Ep1:  51%|██████████████████████████████████████████                                        | 40/78 [00:58<00:57,  1.51s/it, loss=0.6868]Trial 8 Ep1:  51%|██████████████████████████████████████████                                        | 40/78 [01:00<00:57,  1.51s/it, loss=0.7713]Trial 8 Ep1:  53%|███████████████████████████████████████████                                       | 41/78 [01:00<00:54,  1.48s/it, loss=0.7713]Trial 8 Ep1:  53%|███████████████████████████████████████████                                       | 41/78 [01:01<00:54,  1.48s/it, loss=0.7460]Trial 8 Ep1:  54%|████████████████████████████████████████████▏                                     | 42/78 [01:01<00:52,  1.46s/it, loss=0.7460]Trial 8 Ep1:  54%|████████████████████████████████████████████▏                                     | 42/78 [01:02<00:52,  1.46s/it, loss=0.7289]Trial 8 Ep1:  55%|█████████████████████████████████████████████▏                                    | 43/78 [01:02<00:51,  1.46s/it, loss=0.7289]Trial 8 Ep1:  55%|█████████████████████████████████████████████▏                                    | 43/78 [01:04<00:51,  1.46s/it, loss=0.7113]Trial 8 Ep1:  56%|██████████████████████████████████████████████▎                                   | 44/78 [01:04<00:48,  1.43s/it, loss=0.7113]Trial 8 Ep1:  56%|██████████████████████████████████████████████▎                                   | 44/78 [01:05<00:48,  1.43s/it, loss=0.7615]Trial 8 Ep1:  58%|███████████████████████████████████████████████▎                                  | 45/78 [01:05<00:47,  1.43s/it, loss=0.7615]Trial 8 Ep1:  58%|███████████████████████████████████████████████▎                                  | 45/78 [01:07<00:47,  1.43s/it, loss=0.6783]Trial 8 Ep1:  59%|████████████████████████████████████████████████▎                                 | 46/78 [01:07<00:45,  1.44s/it, loss=0.6783]Trial 8 Ep1:  59%|████████████████████████████████████████████████▎                                 | 46/78 [01:08<00:45,  1.44s/it, loss=0.6908]Trial 8 Ep1:  60%|█████████████████████████████████████████████████▍                                | 47/78 [01:08<00:44,  1.42s/it, loss=0.6908]Trial 8 Ep1:  60%|█████████████████████████████████████████████████▍                                | 47/78 [01:09<00:44,  1.42s/it, loss=0.7317]Trial 8 Ep1:  62%|██████████████████████████████████████████████████▍                               | 48/78 [01:09<00:42,  1.41s/it, loss=0.7317]Trial 8 Ep1:  62%|██████████████████████████████████████████████████▍                               | 48/78 [01:11<00:42,  1.41s/it, loss=0.6057]Trial 8 Ep1:  63%|███████████████████████████████████████████████████▌                              | 49/78 [01:11<00:40,  1.40s/it, loss=0.6057]Trial 8 Ep1:  63%|███████████████████████████████████████████████████▌                              | 49/78 [01:12<00:40,  1.40s/it, loss=0.6796]Trial 8 Ep1:  64%|████████████████████████████████████████████████████▌                             | 50/78 [01:12<00:39,  1.40s/it, loss=0.6796]Trial 8 Ep1:  64%|████████████████████████████████████████████████████▌                             | 50/78 [01:14<00:39,  1.40s/it, loss=0.6165]Trial 8 Ep1:  65%|█████████████████████████████████████████████████████▌                            | 51/78 [01:14<00:37,  1.40s/it, loss=0.6165]Trial 8 Ep1:  65%|█████████████████████████████████████████████████████▌                            | 51/78 [01:15<00:37,  1.40s/it, loss=0.6899]Trial 8 Ep1:  67%|██████████████████████████████████████████████████████▋                           | 52/78 [01:15<00:36,  1.39s/it, loss=0.6899]Trial 8 Ep1:  67%|██████████████████████████████████████████████████████▋                           | 52/78 [01:16<00:36,  1.39s/it, loss=0.6873]Trial 8 Ep1:  68%|███████████████████████████████████████████████████████▋                          | 53/78 [01:16<00:35,  1.41s/it, loss=0.6873]Trial 8 Ep1:  68%|███████████████████████████████████████████████████████▋                          | 53/78 [01:18<00:35,  1.41s/it, loss=0.7654]Trial 8 Ep1:  69%|████████████████████████████████████████████████████████▊                         | 54/78 [01:18<00:33,  1.40s/it, loss=0.7654]Trial 8 Ep1:  69%|████████████████████████████████████████████████████████▊                         | 54/78 [01:19<00:33,  1.40s/it, loss=0.7210]Trial 8 Ep1:  71%|█████████████████████████████████████████████████████████▊                        | 55/78 [01:19<00:29,  1.29s/it, loss=0.7210]Trial 8 Ep1:  71%|█████████████████████████████████████████████████████████▊                        | 55/78 [01:20<00:29,  1.29s/it, loss=0.6973]Trial 8 Ep1:  72%|██████████████████████████████████████████████████████████▊                       | 56/78 [01:20<00:29,  1.35s/it, loss=0.6973]Trial 8 Ep1:  72%|██████████████████████████████████████████████████████████▊                       | 56/78 [01:22<00:29,  1.35s/it, loss=0.6941]Trial 8 Ep1:  73%|███████████████████████████████████████████████████████████▉                      | 57/78 [01:22<00:28,  1.36s/it, loss=0.6941]Trial 8 Ep1:  73%|███████████████████████████████████████████████████████████▉                      | 57/78 [01:23<00:28,  1.36s/it, loss=0.6627]Trial 8 Ep1:  74%|████████████████████████████████████████████████████████████▉                     | 58/78 [01:23<00:27,  1.36s/it, loss=0.6627]Trial 8 Ep1:  74%|████████████████████████████████████████████████████████████▉                     | 58/78 [01:24<00:27,  1.36s/it, loss=0.7705]Trial 8 Ep1:  76%|██████████████████████████████████████████████████████████████                    | 59/78 [01:24<00:25,  1.36s/it, loss=0.7705]Trial 8 Ep1:  76%|██████████████████████████████████████████████████████████████                    | 59/78 [01:26<00:25,  1.36s/it, loss=0.6811]Trial 8 Ep1:  77%|███████████████████████████████████████████████████████████████                   | 60/78 [01:26<00:25,  1.42s/it, loss=0.6811]Trial 8 Ep1:  77%|███████████████████████████████████████████████████████████████                   | 60/78 [01:27<00:25,  1.42s/it, loss=0.7285]Trial 8 Ep1:  78%|████████████████████████████████████████████████████████████████▏                 | 61/78 [01:27<00:23,  1.39s/it, loss=0.7285]Trial 8 Ep1:  78%|████████████████████████████████████████████████████████████████▏                 | 61/78 [01:29<00:23,  1.39s/it, loss=0.7465]Trial 8 Ep1:  79%|█████████████████████████████████████████████████████████████████▏                | 62/78 [01:29<00:22,  1.41s/it, loss=0.7465]Trial 8 Ep1:  79%|█████████████████████████████████████████████████████████████████▏                | 62/78 [01:30<00:22,  1.41s/it, loss=0.7380]Trial 8 Ep1:  81%|██████████████████████████████████████████████████████████████████▏               | 63/78 [01:30<00:21,  1.40s/it, loss=0.7380]Trial 8 Ep1:  81%|██████████████████████████████████████████████████████████████████▏               | 63/78 [01:31<00:21,  1.40s/it, loss=0.6539]Trial 8 Ep1:  82%|███████████████████████████████████████████████████████████████████▎              | 64/78 [01:31<00:19,  1.39s/it, loss=0.6539]Trial 8 Ep1:  82%|███████████████████████████████████████████████████████████████████▎              | 64/78 [01:33<00:19,  1.39s/it, loss=0.7600]Trial 8 Ep1:  83%|████████████████████████████████████████████████████████████████████▎             | 65/78 [01:33<00:17,  1.38s/it, loss=0.7600]Trial 8 Ep1:  83%|████████████████████████████████████████████████████████████████████▎             | 65/78 [01:34<00:17,  1.38s/it, loss=0.6911]Trial 8 Ep1:  85%|█████████████████████████████████████████████████████████████████████▍            | 66/78 [01:34<00:16,  1.39s/it, loss=0.6911]Trial 8 Ep1:  85%|█████████████████████████████████████████████████████████████████████▍            | 66/78 [01:36<00:16,  1.39s/it, loss=0.6798]Trial 8 Ep1:  86%|██████████████████████████████████████████████████████████████████████▍           | 67/78 [01:36<00:15,  1.40s/it, loss=0.6798]Trial 8 Ep1:  86%|██████████████████████████████████████████████████████████████████████▍           | 67/78 [01:37<00:15,  1.40s/it, loss=0.6794]Trial 8 Ep1:  87%|███████████████████████████████████████████████████████████████████████▍          | 68/78 [01:37<00:14,  1.42s/it, loss=0.6794]Trial 8 Ep1:  87%|███████████████████████████████████████████████████████████████████████▍          | 68/78 [01:39<00:14,  1.42s/it, loss=0.7194]Trial 8 Ep1:  88%|████████████████████████████████████████████████████████████████████████▌         | 69/78 [01:39<00:12,  1.42s/it, loss=0.7194]Trial 8 Ep1:  88%|████████████████████████████████████████████████████████████████████████▌         | 69/78 [01:40<00:12,  1.42s/it, loss=0.6901]Trial 8 Ep1:  90%|█████████████████████████████████████████████████████████████████████████▌        | 70/78 [01:40<00:11,  1.44s/it, loss=0.6901]Trial 8 Ep1:  90%|█████████████████████████████████████████████████████████████████████████▌        | 70/78 [01:41<00:11,  1.44s/it, loss=0.7376]Trial 8 Ep1:  91%|██████████████████████████████████████████████████████████████████████████▋       | 71/78 [01:41<00:10,  1.44s/it, loss=0.7376]Trial 8 Ep1:  91%|██████████████████████████████████████████████████████████████████████████▋       | 71/78 [01:43<00:10,  1.44s/it, loss=0.6437]Trial 8 Ep1:  92%|███████████████████████████████████████████████████████████████████████████▋      | 72/78 [01:43<00:08,  1.44s/it, loss=0.6437]Trial 8 Ep1:  92%|███████████████████████████████████████████████████████████████████████████▋      | 72/78 [01:44<00:08,  1.44s/it, loss=0.7399]Trial 8 Ep1:  94%|████████████████████████████████████████████████████████████████████████████▋     | 73/78 [01:44<00:07,  1.41s/it, loss=0.7399]Trial 8 Ep1:  94%|████████████████████████████████████████████████████████████████████████████▋     | 73/78 [01:46<00:07,  1.41s/it, loss=0.7866]Trial 8 Ep1:  95%|█████████████████████████████████████████████████████████████████████████████▊    | 74/78 [01:46<00:05,  1.40s/it, loss=0.7866]Trial 8 Ep1:  95%|█████████████████████████████████████████████████████████████████████████████▊    | 74/78 [01:47<00:05,  1.40s/it, loss=0.7188]Trial 8 Ep1:  96%|██████████████████████████████████████████████████████████████████████████████▊  