[I 2026-02-24 13:14:03,685] A new study created in RDB with name: albert_rte_lrtt_bs32_sgd_decay_nowd_nomom_nonest_combos_warmalpha_attn
Some weights of AlbertForSequenceClassification were not initialized from the model checkpoint at albert/albert-base-v2 and are newly initialized: ['classifier.bias', 'classifier.weight']
You should probably TRAIN this model on a down-stream task to be able to use it for predictions and inference.
  GLUE rte: Train=2490, Eval=277
Task: rte, Metric: accuracy
Train batches: 78, Eval batches: 5

Study: albert_rte_lrtt_bs32_sgd_decay_nowd_nomom_nonest_combos_warmalpha_attn, Device: cuda, New trials: 20

======================================================================
Trial 0 Starting (rte, metric=accuracy)
======================================================================
  rank=16, lora_alpha=1.0000, lr=2.42e-04
  target_ab_lr=0.0797, lr_multiplier=328.819639
  effective_ab_lr = lr*alpha*mult = 0.0797
  momentum=0.00, nesterov=False, reinit_mode=decay
  optimizer=AnalogSGD
======================================================================
  [FIX] Reinitialized classifier with FIXED seed=42
  LRTT Analog layers: 4, Total params: 9,332,018, Trainable (before grad set): 9,332,018
  Trainable (after grad set): 11,058
  LoRA target: attn -> ['attention']

Optimizer configuration:
  Forward scaling (lora_alpha): 1.0
  Classifier LR: 0.00024236553615229644
  LRTT LR: 0.07969454818643935 (= 0.00024236553615229644 * 328.81963934163184)
  LRTT_LR_MULTIPLIER: 328.81963934163184
  Analog contexts in optimizer: 48 (LRTT + NT)
  Digital params in optimizer: 39
Trial 0 Ep1:   0%|                                                                                                        | 0/78 [00:00<?, ?it/s]Trial 0 Ep1:   0%|                                                                                           | 0/78 [00:00<?, ?it/s, loss=0.7218]Trial 0 Ep1:   1%|█                                                                                  | 1/78 [00:00<00:58,  1.31it/s, loss=0.7218]Trial 0 Ep1:   1%|█                                                                                  | 1/78 [00:01<00:58,  1.31it/s, loss=0.6604]Trial 0 Ep1:   3%|██▏                                                                                | 2/78 [00:01<01:03,  1.19it/s, loss=0.6604]Trial 0 Ep1:   3%|██▏                                                                                | 2/78 [00:01<01:03,  1.19it/s, loss=0.6227]Trial 0 Ep1:   4%|███▏                                                                               | 3/78 [00:01<00:44,  1.69it/s, loss=0.6227]Trial 0 Ep1:   4%|███▏                                                                               | 3/78 [00:02<00:44,  1.69it/s, loss=0.7483]Trial 0 Ep1:   5%|████▎                                                                              | 4/78 [00:02<00:37,  1.96it/s, loss=0.7483]Trial 0 Ep1:   5%|████▎                                                                              | 4/78 [00:02<00:37,  1.96it/s, loss=0.7653]Trial 0 Ep1:   6%|█████▎                                                                             | 5/78 [00:02<00:30,  2.39it/s, loss=0.7653]Trial 0 Ep1:   6%|█████▎                                                                             | 5/78 [00:02<00:30,  2.39it/s, loss=0.7760]Trial 0 Ep1:   8%|██████▍                                                                            | 6/78 [00:02<00:29,  2.44it/s, loss=0.7760]Trial 0 Ep1:   8%|██████▍                                                                            | 6/78 [00:03<00:29,  2.44it/s, loss=0.8123]Trial 0 Ep1:   9%|███████▍                                                                           | 7/78 [00:03<00:27,  2.62it/s, loss=0.8123]Trial 0 Ep1:   9%|███████▍                                                                           | 7/78 [00:03<00:27,  2.62it/s, loss=0.6980]Trial 0 Ep1:  10%|████████▌                                                                          | 8/78 [00:03<00:25,  2.79it/s, loss=0.6980]Trial 0 Ep1:  10%|████████▌                                                                          | 8/78 [00:03<00:25,  2.79it/s, loss=0.6908]Trial 0 Ep1:  12%|█████████▌                                                                         | 9/78 [00:03<00:23,  2.98it/s, loss=0.6908]Trial 0 Ep1:  12%|█████████▌                                                                         | 9/78 [00:04<00:23,  2.98it/s, loss=0.7633]Trial 0 Ep1:  13%|██████████▌                                                                       | 10/78 [00:04<00:24,  2.80it/s, loss=0.7633]Trial 0 Ep1:  13%|██████████▌                                                                       | 10/78 [00:04<00:24,  2.80it/s, loss=0.6598]Trial 0 Ep1:  14%|███████████▌                                                                      | 11/78 [00:04<00:23,  2.88it/s, loss=0.6598]Trial 0 Ep1:  14%|███████████▌                                                                      | 11/78 [00:04<00:23,  2.88it/s, loss=0.8140]Trial 0 Ep1:  15%|████████████▌                                                                     | 12/78 [00:04<00:21,  3.06it/s, loss=0.8140]Trial 0 Ep1:  15%|████████████▌                                                                     | 12/78 [00:05<00:21,  3.06it/s, loss=0.6773]Trial 0 Ep1:  17%|█████████████▋                                                                    | 13/78 [00:05<00:20,  3.11it/s, loss=0.6773]Trial 0 Ep1:  17%|█████████████▋                                                                    | 13/78 [00:05<00:20,  3.11it/s, loss=0.7664]Trial 0 Ep1:  18%|██████████████▋                                                                   | 14/78 [00:05<00:23,  2.76it/s, loss=0.7664]Trial 0 Ep1:  18%|██████████████▋                                                                   | 14/78 [00:06<00:23,  2.76it/s, loss=0.6383]Trial 0 Ep1:  19%|███████████████▊                                                                  | 15/78 [00:06<00:22,  2.82it/s, loss=0.6383]Trial 0 Ep1:  19%|███████████████▊                                                                  | 15/78 [00:06<00:22,  2.82it/s, loss=0.7319]Trial 0 Ep1:  21%|████████████████▊                                                                 | 16/78 [00:06<00:21,  2.89it/s, loss=0.7319]Trial 0 Ep1:  21%|████████████████▊                                                                 | 16/78 [00:06<00:21,  2.89it/s, loss=0.7262]Trial 0 Ep1:  22%|█████████████████▊                                                                | 17/78 [00:06<00:20,  3.03it/s, loss=0.7262]Trial 0 Ep1:  22%|█████████████████▊                                                                | 17/78 [00:06<00:20,  3.03it/s, loss=0.7806]Trial 0 Ep1:  23%|██████████████████▉                                                               | 18/78 [00:06<00:19,  3.09it/s, loss=0.7806]Trial 0 Ep1:  23%|██████████████████▉                                                               | 18/78 [00:07<00:19,  3.09it/s, loss=0.7485]Trial 0 Ep1:  24%|███████████████████▉                                                              | 19/78 [00:07<00:18,  3.14it/s, loss=0.7485]Trial 0 Ep1:  24%|███████████████████▉                                                              | 19/78 [00:07<00:18,  3.14it/s, loss=0.6768]Trial 0 Ep1:  26%|█████████████████████                                                             | 20/78 [00:07<00:17,  3.27it/s, loss=0.6768]Trial 0 Ep1:  26%|█████████████████████                                                             | 20/78 [00:07<00:17,  3.27it/s, loss=0.7726]Trial 0 Ep1:  27%|██████████████████████                                                            | 21/78 [00:07<00:17,  3.30it/s, loss=0.7726]Trial 0 Ep1:  27%|██████████████████████                                                            | 21/78 [00:08<00:17,  3.30it/s, loss=0.7299]Trial 0 Ep1:  28%|███████████████████████▏                                                          | 22/78 [00:08<00:17,  3.20it/s, loss=0.7299]Trial 0 Ep1:  28%|███████████████████████▏                                                          | 22/78 [00:08<00:17,  3.20it/s, loss=0.7433]Trial 0 Ep1:  29%|████████████████████████▏                                                         | 23/78 [00:08<00:16,  3.25it/s, loss=0.7433]Trial 0 Ep1:  29%|████████████████████████▏                                                         | 23/78 [00:08<00:16,  3.25it/s, loss=0.7245]Trial 0 Ep1:  31%|█████████████████████████▏                                                        | 24/78 [00:08<00:16,  3.30it/s, loss=0.7245]Trial 0 Ep1:  31%|█████████████████████████▏                                                        | 24/78 [00:09<00:16,  3.30it/s, loss=0.7245]Trial 0 Ep1:  32%|██████████████████████████▎                                                       | 25/78 [00:09<00:16,  3.14it/s, loss=0.7245]Trial 0 Ep1:  32%|██████████████████████████▎                                                       | 25/78 [00:09<00:16,  3.14it/s, loss=0.6959]Trial 0 Ep1:  33%|███████████████████████████▎                                                      | 26/78 [00:09<00:16,  3.17it/s, loss=0.6959]Trial 0 Ep1:  33%|███████████████████████████▎                                                      | 26/78 [00:09<00:16,  3.17it/s, loss=0.7329]Trial 0 Ep1:  35%|████████████████████████████▍                                                     | 27/78 [00:09<00:16,  3.14it/s, loss=0.7329]Trial 0 Ep1:  35%|████████████████████████████▍                                                     | 27/78 [00:10<00:16,  3.14it/s, loss=0.6786]Trial 0 Ep1:  36%|█████████████████████████████▍                                                    | 28/78 [00:10<00:15,  3.30it/s, loss=0.6786]Trial 0 Ep1:  36%|█████████████████████████████▍                                                    | 28/78 [00:10<00:15,  3.30it/s, loss=0.7168]Trial 0 Ep1:  37%|██████████████████████████████▍                                                   | 29/78 [00:10<00:15,  3.17it/s, loss=0.7168]Trial 0 Ep1:  37%|██████████████████████████████▍                                                   | 29/78 [00:10<00:15,  3.17it/s, loss=0.7227]Trial 0 Ep1:  38%|███████████████████████████████▌                                                  | 30/78 [00:10<00:15,  3.11it/s, loss=0.7227]Trial 0 Ep1:  38%|███████████████████████████████▌                                                  | 30/78 [00:10<00:15,  3.11it/s, loss=0.7174]Trial 0 Ep1:  40%|████████████████████████████████▌                                                 | 31/78 [00:10<00:14,  3.14it/s, loss=0.7174]Trial 0 Ep1:  40%|████████████████████████████████▌                                                 | 31/78 [00:11<00:14,  3.14it/s, loss=0.7371]Trial 0 Ep1:  41%|█████████████████████████████████▋                                                | 32/78 [00:11<00:14,  3.18it/s, loss=0.7371]Trial 0 Ep1:  41%|█████████████████████████████████▋                                                | 32/78 [00:11<00:14,  3.18it/s, loss=0.7459]Trial 0 Ep1:  42%|██████████████████████████████████▋                                               | 33/78 [00:11<00:13,  3.23it/s, loss=0.7459]Trial 0 Ep1:  42%|██████████████████████████████████▋                                               | 33/78 [00:11<00:13,  3.23it/s, loss=0.6583]Trial 0 Ep1:  44%|███████████████████████████████████▋                                              | 34/78 [00:11<00:13,  3.31it/s, loss=0.6583]Trial 0 Ep1:  44%|███████████████████████████████████▋                                              | 34/78 [00:12<00:13,  3.31it/s, loss=0.7265]Trial 0 Ep1:  45%|████████████████████████████████████▊                                             | 35/78 [00:12<00:13,  3.14it/s, loss=0.7265]Trial 0 Ep1:  45%|████████████████████████████████████▊                                             | 35/78 [00:12<00:13,  3.14it/s, loss=0.7223]Trial 0 Ep1:  46%|█████████████████████████████████████▊                                            | 36/78 [00:12<00:13,  3.09it/s, loss=0.7223]Trial 0 Ep1:  46%|█████████████████████████████████████▊                                            | 36/78 [00:12<00:13,  3.09it/s, loss=0.6941]Trial 0 Ep1:  47%|██████████████████████████████████████▉                                           | 37/78 [00:12<00:13,  3.01it/s, loss=0.6941]Trial 0 Ep1:  47%|██████████████████████████████████████▉                                           | 37/78 [00:13<00:13,  3.01it/s, loss=0.6959]Trial 0 Ep1:  49%|███████████████████████████████████████▉                                          | 38/78 [00:13<00:12,  3.16it/s, loss=0.6959]Trial 0 Ep1:  49%|███████████████████████████████████████▉                                          | 38/78 [00:13<00:12,  3.16it/s, loss=0.7021]Trial 0 Ep1:  50%|█████████████████████████████████████████                                         | 39/78 [00:13<00:12,  3.16it/s, loss=0.7021]Trial 0 Ep1:  50%|█████████████████████████████████████████                                         | 39/78 [00:13<00:12,  3.16it/s, loss=0.7061]Trial 0 Ep1:  51%|██████████████████████████████████████████                                        | 40/78 [00:13<00:12,  3.14it/s, loss=0.7061]Trial 0 Ep1:  51%|██████████████████████████████████████████                                        | 40/78 [00:14<00:12,  3.14it/s, loss=0.7522]Trial 0 Ep1:  53%|███████████████████████████████████████████                                       | 41/78 [00:14<00:11,  3.14it/s, loss=0.7522]Trial 0 Ep1:  53%|███████████████████████████████████████████                                       | 41/78 [00:14<00:11,  3.14it/s, loss=0.7263]Trial 0 Ep1:  54%|████████████████████████████████████████████▏                                     | 42/78 [00:14<00:11,  3.19it/s, loss=0.7263]Trial 0 Ep1:  54%|████████████████████████████████████████████▏                                     | 42/78 [00:14<00:11,  3.19it/s, loss=0.7453]Trial 0 Ep1:  55%|█████████████████████████████████████████████▏                                    | 43/78 [00:14<00:10,  3.19it/s, loss=0.7453]Trial 0 Ep1:  55%|█████████████████████████████████████████████▏                                    | 43/78 [00:15<00:10,  3.19it/s, loss=0.6903]Trial 0 Ep1:  56%|██████████████████████████████████████████████▎                                   | 44/78 [00:15<00:10,  3.32it/s, loss=0.6903]Trial 0 Ep1:  56%|██████████████████████████████████████████████▎                                   | 44/78 [00:15<00:10,  3.32it/s, loss=0.7197]Trial 0 Ep1:  58%|███████████████████████████████████████████████▎                                  | 45/78 [00:15<00:10,  3.20it/s, loss=0.7197]Trial 0 Ep1:  58%|███████████████████████████████████████████████▎                                  | 45/78 [00:15<00:10,  3.20it/s, loss=0.7317]Trial 0 Ep1:  59%|████████████████████████████████████████████████▎                                 | 46/78 [00:15<00:10,  3.14it/s, loss=0.7317]Trial 0 Ep1:  59%|████████████████████████████████████████████████▎                                 | 46/78 [00:16<00:10,  3.14it/s, loss=0.7416]Trial 0 Ep1:  60%|█████████████████████████████████████████████████▍                                | 47/78 [00:16<00:09,  3.23it/s, loss=0.7416]Trial 0 Ep1:  60%|█████████████████████████████████████████████████▍                                | 47/78 [00:16<00:09,  3.23it/s, loss=0.7391]Trial 0 Ep1:  62%|██████████████████████████████████████████████████▍                               | 48/78 [00:16<00:08,  3.34it/s, loss=0.7391]Trial 0 Ep1:  62%|██████████████████████████████████████████████████▍                               | 48/78 [00:16<00:08,  3.34it/s, loss=0.6870]Trial 0 Ep1:  63%|███████████████████████████████████████████████████▌                              | 49/78 [00:16<00:10,  2.88it/s, loss=0.6870]Trial 0 Ep1:  63%|███████████████████████████████████████████████████▌                              | 49/78 [00:17<00:10,  2.88it/s, loss=0.7377]Trial 0 Ep1:  64%|████████████████████████████████████████████████████▌                             | 50/78 [00:17<00:09,  2.95it/s, loss=0.7377]Trial 0 Ep1:  64%|████████████████████████████████████████████████████▌                             | 50/78 [00:17<00:09,  2.95it/s, loss=0.7291]Trial 0 Ep1:  65%|█████████████████████████████████████████████████████▌                            | 51/78 [00:17<00:09,  2.96it/s, loss=0.7291]Trial 0 Ep1:  65%|█████████████████████████████████████████████████████▌                            | 51/78 [00:17<00:09,  2.96it/s, loss=0.7234]Trial 0 Ep1:  67%|██████████████████████████████████████████████████████▋                           | 52/78 [00:17<00:08,  2.99it/s, loss=0.7234]Trial 0 Ep1:  67%|██████████████████████████████████████████████████████▋                           | 52/78 [00:18<00:08,  2.99it/s, loss=0.6748]Trial 0 Ep1:  68%|███████████████████████████████████████████████████████▋                          | 53/78 [00:18<00:08,  3.12it/s, loss=0.6748]Trial 0 Ep1:  68%|███████████████████████████████████████████████████████▋                          | 53/78 [00:18<00:08,  3.12it/s, loss=0.6695]Trial 0 Ep1:  69%|████████████████████████████████████████████████████████▊                         | 54/78 [00:18<00:08,  2.93it/s, loss=0.6695]Trial 0 Ep1:  69%|████████████████████████████████████████████████████████▊                         | 54/78 [00:18<00:08,  2.93it/s, loss=0.6815]Trial 0 Ep1:  71%|█████████████████████████████████████████████████████████▊                        | 55/78 [00:18<00:07,  3.07it/s, loss=0.6815]Trial 0 Ep1:  71%|█████████████████████████████████████████████████████████▊                        | 55/78 [00:18<00:07,  3.07it/s, loss=0.6956]Trial 0 Ep1:  72%|██████████████████████████████████████████████████████████▊                       | 56/78 [00:18<00:06,  3.16it/s, loss=0.6956]Trial 0 Ep1:  72%|██████████████████████████████████████████████████████████▊                       | 56/78 [00:19<00:06,  3.16it/s, loss=0.7236]Trial 0 Ep1:  73%|███████████████████████████████████████████████████████████▉                      | 57/78 [00:19<00:06,  3.13it/s, loss=0.7236]Trial 0 Ep1:  73%|███████████████████████████████████████████████████████████▉                      | 57/78 [00:19<00:06,  3.13it/s, loss=0.6924]Trial 0 Ep1:  74%|████████████████████████████████████████████████████████████▉                     | 58/78 [00:19<00:06,  3.06it/s, loss=0.6924]Trial 0 Ep1:  74%|████████████████████████████████████████████████████████████▉                     | 58/78 [00:19<00:06,  3.06it/s, loss=0.7509]Trial 0 Ep1:  76%|██████████████████████████████████████████████████████████████                    | 59/78 [00:19<00:05,  3.26it/s, loss=0.7509]Trial 0 Ep1:  76%|██████████████████████████████████████████████████████████████                    | 59/78 [00:20<00:05,  3.26it/s, loss=0.6699]Trial 0 Ep1:  77%|███████████████████████████████████████████████████████████████                   | 60/78 [00:20<00:05,  3.25it/s, loss=0.6699]Trial 0 Ep1:  77%|███████████████████████████████████████████████████████████████                   | 60/78 [00:20<00:05,  3.25it/s, loss=0.7608]Trial 0 Ep1:  78%|████████████████████████████████████████████████████████████████▏                 | 61/78 [00:20<00:05,  3.30it/s, loss=0.7608]Trial 0 Ep1:  78%|████████████████████████████████████████████████████████████████▏                 | 61/78 [00:20<00:05,  3.30it/s, loss=0.6837]Trial 0 Ep1:  79%|█████████████████████████████████████████████████████████████████▏                | 62/78 [00:20<00:04,  3.34it/s, loss=0.6837]Trial 0 Ep1:  79%|█████████████████████████████████████████████████████████████████▏                | 62/78 [00:21<00:04,  3.34it/s, loss=0.7304]Trial 0 Ep1:  81%|██████████████████████████████████████████████████████████████████▏               | 63/78 [00:21<00:04,  3.17it/s, loss=0.7304]Trial 0 Ep1:  81%|██████████████████████████████████████████████████████████████████▏               | 63/78 [00:21<00:04,  3.17it/s, loss=0.7002]Trial 0 Ep1:  82%|███████████████████████████████████████████████████████████████████▎              | 64/78 [00:21<00:04,  3.08it/s, loss=0.7002]Trial 0 Ep1:  82%|███████████████████████████████████████████████████████████████████▎              | 64/78 [00:21<00:04,  3.08it/s, loss=0.7034]Trial 0 Ep1:  83%|████████████████████████████████████████████████████████████████████▎             | 65/78 [00:21<00:04,  3.05it/s, loss=0.7034]Trial 0 Ep1:  83%|████████████████████████████████████████████████████████████████████▎             | 65/78 [00:22<00:04,  3.05it/s, loss=0.6839]Trial 0 Ep1:  85%|█████████████████████████████████████████████████████████████████████▍            | 66/78 [00:22<00:03,  3.08it/s, loss=0.6839]Trial 0 Ep1:  85%|█████████████████████████████████████████████████████████████████████▍            | 66/78 [00:22<00:03,  3.08it/s, loss=0.7439]Trial 0 Ep1:  86%|██████████████████████████████████████████████████████████████████████▍           | 67/78 [00:22<00:03,  3.17it/s, loss=0.7439]Trial 0 Ep1:  86%|██████████████████████████████████████████████████████████████████████▍           | 67/78 [00:22<00:03,  3.17it/s, loss=0.7517]Trial 0 Ep1:  87%|███████████████████████████████████████████████████████████████████████▍          | 68/78 [00:22<00:03,  3.31it/s, loss=0.7517]Trial 0 Ep1:  87%|███████████████████████████████████████████████████████████████████████▍          | 68/78 [00:23<00:03,  3.31it/s, loss=0.6714]Trial 0 Ep1:  88%|████████████████████████████████████████████████████████████████████████▌         | 69/78 [00:23<00:02,  3.33it/s, loss=0.6714]Trial 0 Ep1:  88%|████████████████████████████████████████████████████████████████████