Trial 4 Ep4:   0%|                                                                                                        | 0/78 [00:00<?, ?it/s]Trial 4 Ep4:   0%|                                                                                           | 0/78 [00:00<?, ?it/s, loss=0.7135]Trial 4 Ep4:   1%|█                                                                                  | 1/78 [00:00<00:22,  3.38it/s, loss=0.7135]Trial 4 Ep4:   1%|█                                                                                  | 1/78 [00:00<00:22,  3.38it/s, loss=0.7563]Trial 4 Ep4:   3%|██▏                                                                                | 2/78 [00:00<00:21,  3.60it/s, loss=0.7563]Trial 4 Ep4:   3%|██▏                                                                                | 2/78 [00:00<00:21,  3.60it/s, loss=0.7387]Trial 4 Ep4:   4%|███▏                                                                               | 3/78 [00:00<00:22,  3.29it/s, loss=0.7387]Trial 4 Ep4:   4%|███▏                                                                               | 3/78 [00:01<00:22,  3.29it/s, loss=0.7137]Trial 4 Ep4:   5%|████▎                                                                              | 4/78 [00:01<00:22,  3.30it/s, loss=0.7137]Trial 4 Ep4:   5%|████▎                                                                              | 4/78 [00:01<00:22,  3.30it/s, loss=0.7071]Trial 4 Ep4:   6%|█████▎                                                                             | 5/78 [00:01<00:21,  3.40it/s, loss=0.7071]Trial 4 Ep4:   6%|█████▎                                                                             | 5/78 [00:01<00:21,  3.40it/s, loss=0.7122]Trial 4 Ep4:   8%|██████▍                                                                            | 6/78 [00:01<00:20,  3.55it/s, loss=0.7122]Trial 4 Ep4:   8%|██████▍                                                                            | 6/78 [00:02<00:20,  3.55it/s, loss=0.7116]Trial 4 Ep4:   9%|███████▍                                                                           | 7/78 [00:02<00:19,  3.56it/s, loss=0.7116]Trial 4 Ep4:   9%|███████▍                                                                           | 7/78 [00:02<00:19,  3.56it/s, loss=0.7109]Trial 4 Ep4:  10%|████████▌                                                                          | 8/78 [00:02<00:21,  3.19it/s, loss=0.7109]Trial 4 Ep4:  10%|████████▌                                                                          | 8/78 [00:02<00:21,  3.19it/s, loss=0.6688]Trial 4 Ep4:  12%|█████████▌                                                                         | 9/78 [00:02<00:21,  3.24it/s, loss=0.6688]Trial 4 Ep4:  12%|█████████▌                                                                         | 9/78 [00:02<00:21,  3.24it/s, loss=0.7161]Trial 4 Ep4:  13%|██████████▌                                                                       | 10/78 [00:02<00:20,  3.29it/s, loss=0.7161]Trial 4 Ep4:  13%|██████████▌                                                                       | 10/78 [00:03<00:20,  3.29it/s, loss=0.6905]Trial 4 Ep4:  14%|███████████▌                                                                      | 11/78 [00:03<00:19,  3.38it/s, loss=0.6905]Trial 4 Ep4:  14%|███████████▌                                                                      | 11/78 [00:03<00:19,  3.38it/s, loss=0.7050]Trial 4 Ep4:  15%|████████████▌                                                                     | 12/78 [00:03<00:20,  3.29it/s, loss=0.7050]Trial 4 Ep4:  15%|████████████▌                                                                     | 12/78 [00:03<00:20,  3.29it/s, loss=0.7245]Trial 4 Ep4:  17%|█████████████▋                                                                    | 13/78 [00:03<00:20,  3.22it/s, loss=0.7245]Trial 4 Ep4:  17%|█████████████▋                                                                    | 13/78 [00:04<00:20,  3.22it/s, loss=0.6922]Trial 4 Ep4:  18%|██████████████▋                                                                   | 14/78 [00:04<00:20,  3.17it/s, loss=0.6922]Trial 4 Ep4:  18%|██████████████▋                                                                   | 14/78 [00:04<00:20,  3.17it/s, loss=0.6958]Trial 4 Ep4:  19%|███████████████▊                                                                  | 15/78 [00:04<00:20,  3.12it/s, loss=0.6958]Trial 4 Ep4:  19%|███████████████▊                                                                  | 15/78 [00:04<00:20,  3.12it/s, loss=0.7080]Trial 4 Ep4:  21%|████████████████▊                                                                 | 16/78 [00:04<00:19,  3.18it/s, loss=0.7080]Trial 4 Ep4:  21%|████████████████▊                                                                 | 16/78 [00:05<00:19,  3.18it/s, loss=0.6995]Trial 4 Ep4:  22%|█████████████████▊                                                                | 17/78 [00:05<00:19,  3.13it/s, loss=0.6995]Trial 4 Ep4:  22%|█████████████████▊                                                                | 17/78 [00:05<00:19,  3.13it/s, loss=0.6875]Trial 4 Ep4:  23%|██████████████████▉                                                               | 18/78 [00:05<00:19,  3.12it/s, loss=0.6875]Trial 4 Ep4:  23%|██████████████████▉                                                               | 18/78 [00:05<00:19,  3.12it/s, loss=0.7194]Trial 4 Ep4:  24%|███████████████████▉                                                              | 19/78 [00:05<00:19,  3.05it/s, loss=0.7194]Trial 4 Ep4:  24%|███████████████████▉                                                              | 19/78 [00:06<00:19,  3.05it/s, loss=0.7406]Trial 4 Ep4:  26%|█████████████████████                                                             | 20/78 [00:06<00:19,  3.05it/s, loss=0.7406]Trial 4 Ep4:  26%|█████████████████████                                                             | 20/78 [00:06<00:19,  3.05it/s, loss=0.7377]Trial 4 Ep4:  27%|██████████████████████                                                            | 21/78 [00:06<00:19,  2.98it/s, loss=0.7377]Trial 4 Ep4:  27%|██████████████████████                                                            | 21/78 [00:06<00:19,  2.98it/s, loss=0.6883]Trial 4 Ep4:  28%|███████████████████████▏                                                          | 22/78 [00:06<00:18,  2.96it/s, loss=0.6883]Trial 4 Ep4:  28%|███████████████████████▏                                                          | 22/78 [00:07<00:18,  2.96it/s, loss=0.7236]Trial 4 Ep4:  29%|████████████████████████▏                                                         | 23/78 [00:07<00:18,  2.96it/s, loss=0.7236]Trial 4 Ep4:  29%|████████████████████████▏                                                         | 23/78 [00:07<00:18,  2.96it/s, loss=0.7316]Trial 4 Ep4:  31%|█████████████████████████▏                                                        | 24/78 [00:07<00:17,  3.01it/s, loss=0.7316]Trial 4 Ep4:  31%|█████████████████████████▏                                                        | 24/78 [00:07<00:17,  3.01it/s, loss=0.6930]Trial 4 Ep4:  32%|██████████████████████████▎                                                       | 25/78 [00:07<00:17,  2.99it/s, loss=0.6930]Trial 4 Ep4:  32%|██████████████████████████▎                                                       | 25/78 [00:08<00:17,  2.99it/s, loss=0.6776]Trial 4 Ep4:  33%|███████████████████████████▎                                                      | 26/78 [00:08<00:17,  3.01it/s, loss=0.6776]Trial 4 Ep4:  33%|███████████████████████████▎                                                      | 26/78 [00:08<00:17,  3.01it/s, loss=0.6819]Trial 4 Ep4:  35%|████████████████████████████▍                                                     | 27/78 [00:08<00:16,  3.13it/s, loss=0.6819]Trial 4 Ep4:  35%|████████████████████████████▍                                                     | 27/78 [00:08<00:16,  3.13it/s, loss=0.6991]Trial 4 Ep4:  36%|█████████████████████████████▍                                                    | 28/78 [00:08<00:16,  2.94it/s, loss=0.6991]Trial 4 Ep4:  36%|█████████████████████████████▍                                                    | 28/78 [00:09<00:16,  2.94it/s, loss=0.6957]Trial 4 Ep4:  37%|██████████████████████████████▍                                                   | 29/78 [00:09<00:16,  2.92it/s, loss=0.6957]Trial 4 Ep4:  37%|██████████████████████████████▍                                                   | 29/78 [00:09<00:16,  2.92it/s, loss=0.6718]Trial 4 Ep4:  38%|███████████████████████████████▌                                                  | 30/78 [00:09<00:15,  3.03it/s, loss=0.6718]Trial 4 Ep4:  38%|███████████████████████████████▌                                                  | 30/78 [00:09<00:15,  3.03it/s, loss=0.6995]Trial 4 Ep4:  40%|████████████████████████████████▌                                                 | 31/78 [00:09<00:15,  3.04it/s, loss=0.6995]Trial 4 Ep4:  40%|████████████████████████████████▌                                                 | 31/78 [00:10<00:15,  3.04it/s, loss=0.6626]Trial 4 Ep4:  41%|█████████████████████████████████▋                                                | 32/78 [00:10<00:14,  3.24it/s, loss=0.6626]Trial 4 Ep4:  41%|█████████████████████████████████▋                                                | 32/78 [00:10<00:14,  3.24it/s, loss=0.7367]Trial 4 Ep4:  42%|██████████████████████████████████▋                                               | 33/78 [00:10<00:14,  3.17it/s, loss=0.7367]Trial 4 Ep4:  42%|██████████████████████████████████▋                                               | 33/78 [00:10<00:14,  3.17it/s, loss=0.7204]Trial 4 Ep4:  44%|███████████████████████████████████▋                                              | 34/78 [00:10<00:14,  3.10it/s, loss=0.7204]Trial 4 Ep4:  44%|███████████████████████████████████▋                                              | 34/78 [00:11<00:14,  3.10it/s, loss=0.7275]Trial 4 Ep4:  45%|████████████████████████████████████▊                                             | 35/78 [00:11<00:15,  2.72it/s, loss=0.7275]Trial 4 Ep4:  45%|████████████████████████████████████▊                                             | 35/78 [00:11<00:15,  2.72it/s, loss=0.7101]Trial 4 Ep4:  46%|█████████████████████████████████████▊                                            | 36/78 [00:11<00:14,  2.92it/s, loss=0.7101]Trial 4 Ep4:  46%|█████████████████████████████████████▊                                            | 36/78 [00:11<00:14,  2.92it/s, loss=0.6931]Trial 4 Ep4:  47%|██████████████████████████████████████▉                                           | 37/78 [00:11<00:13,  3.04it/s, loss=0.6931]Trial 4 Ep4:  47%|██████████████████████████████████████▉                                           | 37/78 [00:12<00:13,  3.04it/s, loss=0.6868]Trial 4 Ep4:  49%|███████████████████████████████████████▉                                          | 38/78 [00:12<00:13,  3.04it/s, loss=0.6868]Trial 4 Ep4:  49%|███████████████████████████████████████▉                                          | 38/78 [00:12<00:13,  3.04it/s, loss=0.6824]Trial 4 Ep4:  50%|█████████████████████████████████████████                                         | 39/78 [00:12<00:12,  3.07it/s, loss=0.6824]Trial 4 Ep4:  50%|█████████████████████████████████████████                                         | 39/78 [00:12<00:12,  3.07it/s, loss=0.6733]Trial 4 Ep4:  51%|██████████████████████████████████████████                                        | 40/78 [00:12<00:12,  2.99it/s, loss=0.6733]Trial 4 Ep4:  51%|██████████████████████████████████████████                                        | 40/78 [00:13<00:12,  2.99it/s, loss=0.6869]Trial 4 Ep4:  53%|███████████████████████████████████████████                                       | 41/78 [00:13<00:11,  3.12it/s, loss=0.6869]Trial 4 Ep4:  53%|███████████████████████████████████████████                                       | 41/78 [00:13<00:11,  3.12it/s, loss=0.6555]Trial 4 Ep4:  54%|████████████████████████████████████████████▏                                     | 42/78 [00:13<00:11,  3.07it/s, loss=0.6555]Trial 4 Ep4:  54%|████████████████████████████████████████████▏                                     | 42/78 [00:13<00:11,  3.07it/s, loss=0.7222]Trial 4 Ep4:  55%|█████████████████████████████████████████████▏                                    | 43/78 [00:13<00:11,  3.16it/s, loss=0.7222]Trial 4 Ep4:  55%|█████████████████████████████████████████████▏                                    | 43/78 [00:14<00:11,  3.16it/s, loss=0.6992]Trial 4 Ep4:  56%|██████████████████████████████████████████████▎                                   | 44/78 [00:14<00:10,  3.11it/s, loss=0.6992]Trial 4 Ep4:  56%|██████████████████████████████████████████████▎                                   | 44/78 [00:14<00:10,  3.11it/s, loss=0.6763]Trial 4 Ep4:  58%|███████████████████████████████████████████████▎                                  | 45/78 [00:14<00:11,  2.94it/s, loss=0.6763]Trial 4 Ep4:  58%|███████████████████████████████████████████████▎                                  | 45/78 [00:14<00:11,  2.94it/s, loss=0.6828]Trial 4 Ep4:  59%|████████████████████████████████████████████████▎                                 | 46/78 [00:14<00:10,  3.02it/s, loss=0.6828]Trial 4 Ep4:  59%|████████████████████████████████████████████████▎                                 | 46/78 [00:15<00:10,  3.02it/s, loss=0.7079]Trial 4 Ep4:  60%|█████████████████████████████████████████████████▍                                | 47/78 [00:15<00:10,  2.98it/s, loss=0.7079]Trial 4 Ep4:  60%|█████████████████████████████████████████████████▍                                | 47/78 [00:15<00:10,  2.98it/s, loss=0.7183]Trial 4 Ep4:  62%|██████████████████████████████████████████████████▍                               | 48/78 [00:15<00:09,  3.13it/s, loss=0.7183]Trial 4 Ep4:  62%|██████████████████████████████████████████████████▍                               | 48/78 [00:15<00:09,  3.13it/s, loss=0.6891]Trial 4 Ep4:  63%|███████████████████████████████████████████████████▌                              | 49/78 [00:15<00:09,  3.17it/s, loss=0.6891]Trial 4 Ep4:  63%|███████████████████████████████████████████████████▌                              | 49/78 [00:16<00:09,  3.17it/s, loss=0.7110]Trial 4 Ep4:  64%|████████████████████████████████████████████████████▌                             | 50/78 [00:16<00:09,  2.96it/s, loss=0.7110]Trial 4 Ep4:  64%|████████████████████████████████████████████████████▌                             | 50/78 [00:16<00:09,  2.96it/s, loss=0.6747]Trial 4 Ep4:  65%|█████████████████████████████████████████████████████▌                            | 51/78 [00:16<00:08,  3.05it/s, loss=0.6747]Trial 4 Ep4:  65%|█████████████████████████████████████████████████████▌                            | 51/78 [00:16<00:08,  3.05it/s, loss=0.7161]Trial 4 Ep4:  67%|██████████████████████████████████████████████████████▋                           | 52/78 [00:16<00:08,  3.06it/s, loss=0.7161]Trial 4 Ep4:  67%|██████████████████████████████████████████████████████▋                           | 52/78 [00:17<00:08,  3.06it/s, loss=0.7555]Trial 4 Ep4:  68%|███████████████████████████████████████████████████████▋                          | 53/78 [00:17<00:07,  3.13it/s, loss=0.7555]Trial 4 Ep4:  68%|███████████████████████████████████████████████████████▋                          | 53/78 [00:17<00:07,  3.13it/s, loss=0.7797]Trial 4 Ep4:  69%|████████████████████████████████████████████████████████▊                         | 54/78 [00:17<00:07,  3.19it/s, loss=0.7797]Trial 4 Ep4:  69%|████████████████████████████████████████████████████████▊                         | 54/78 [00:17<00:07,  3.19it/s, loss=0.6957]Trial 4 Ep4:  71%|█████████████████████████████████████████████████████████▊                        | 55/78 [00:17<00:07,  3.16it/s, loss=0.6957]Trial 4 Ep4:  71%|█████████████████████████████████████████████████████████▊                        | 55/78 [00:18<00:07,  3.16it/s, loss=0.7350]Trial 4 Ep4:  72%|██████████████████████████████████████████████████████████▊                       | 56/78 [00:18<00:07,  3.14it/s, loss=0.7350]Trial 4 Ep4:  72%|██████████████████████████████████████████████████████████▊                       | 56/78 [00:18<00:07,  3.14it/s, loss=0.6728]Trial 4 Ep4:  73%|███████████████████████████████████████████████████████████▉                      | 57/78 [00:18<00:06,  3.11it/s, loss=0.6728]Trial 4 Ep4:  73%|███████████████████████████████████████████████████████████▉                      | 57/78 [00:18<00:06,  3.11it/s, loss=0.7044]Trial 4 Ep4:  74%|████████████████████████████████████████████████████████████▉                     | 58/78 [00:18<00:06,  3.04it/s, loss=0.7044]Trial 4 Ep4:  74%|████████████████████████████████████████████████████████████▉                     | 58/78 [00:19<00:06,  3.04it/s, loss=0.7026]Trial 4 Ep4:  76%|██████████████████████████████████████████████████████████████                    | 59/78 [00:19<00:06,  3.06it/s, loss=0.7026]Trial 4 Ep4:  76%|██████████████████████████████████████████████████████████████                    | 59/78 [00:19<00:06,  3.06it/s, loss=0.6646]Trial 4 Ep4:  77%|███████████████████████████████████████████████████████████████                   | 60/78 [00:19<00:05,  3.07it/s, loss=0.6646]Trial 4 Ep4:  77%|███████████████████████████████████████████████████████████████                   | 60/78 [00:19<00:05,  3.07it/s, loss=0.6892]Trial 4 Ep4:  78%|████████████████████████████████████████████████████████████████▏                 | 61/78 [00:19<00:05,  3.26it/s, loss=0.6892]Trial 4 Ep4:  78%|████████████████████████████████████████████████████████████████▏                 | 61/78 [00:19<00:05,  3.26it/s, loss=0.6688]Trial 4 Ep4:  79%|█████████████████████████████████████████████████████████████████▏                | 62/78 [00:19<00:05,  3.14it/s, loss=0.6688]Trial 4 Ep4:  79%|█████████████████████████████████████████████████████████████████▏                | 62/78 [00:20<00:05,  3.14it/s, loss=0.6939]Trial 4 Ep4:  81%|██████████████████████████████████████████████████████████████████▏               | 63/78 [00:20<00:05,  2.99it/s, loss=0.6939]Trial 4 Ep4:  81%|██████████████████████████████████████████████████████████████████▏               | 63/78 [00:20<00:05,  2.99it/s, loss=0.7054]Trial 4 Ep4:  82%|███████████████████████████████████████████████████████████████████▎              | 64/78 [00:20<00:04,  3.07it/s, loss=0.7054]Trial 4 Ep4:  82%|███████████████████████████████████████████████████████████████████▎              | 64/78 [00:20<00:04,  3.07it/s, loss=0.7189]Trial 4 Ep4:  83%|████████████████████████████████████████████████████████████████████▎             | 65/78 [00:20<00:04,  2.98it/s, loss=0.7189]Trial 4 Ep4:  83%|████████████████████████████████████████████████████████████████████▎             | 65/78 [00:21<00:04,  2.98it/s, loss=0.7242]Trial 4 Ep4:  85%|█████████████████████████████████████████████████████████████████████▍            | 66/78 [00:21<00:03,  3.11it/s, loss=0.7242]Trial 4 Ep4:  85%|█████████████████████████████████████████████████████████████████████▍            | 66/78 [00:21<00:03,  3.11it/s, loss=0.6912]Trial 4 Ep4:  86%|██████████████████████████████████████████████████████████████████████▍           | 67/78 [00:21<00:03,  3.21it/s, loss=0.6912]Trial 4 Ep4:  86%|██████████████████████████████████████████████████████████████████████▍           | 67/78 [00:21<00:03,  3.21it/s, loss=0.7026]Trial 4 Ep4:  87%|███████████████████████████████████████████████████████████████████████▍          | 68/78 [00:21<00:03,  3.04it/s, loss=0.7026]Trial 4 Ep4:  87%|███████████████████████████████████████████████████████████████████████▍          | 68/78 [00:22<00:03,  3.04it/s, loss=0.7612]Trial 4 Ep4:  88%|████████████████████████████████████████████████████████████████████████▌         | 69/78 [00:22<00:02,  3.07it/s, loss=0.7612]Trial 4 Ep4:  88%|████████████████████████████████████████████████████████████████████████▌         | 69/78 [00:22<00:02,  3.07it/s, loss=0.7218]Trial 4 Ep4:  90%|█████████████████████████████████████████████████████████████████████████▌        | 70/78 [00:22<00:02,  2.75it/s, loss=0.7218]Trial 4 Ep4:  90%|█████████████████████████████████████████████████████████████████████████▌        | 70/78 [00:22<00:02,  2.75it/s, loss=0.6645]Trial 4 Ep4:  91%|██████████████████████████████████████████████████████████████████████████▋       | 71/78 [00:22<00:02,  2.89it/s, loss=0.6645]Trial 4 Ep4:  91%|██████████████████████████████████████████████████████████████████████████▋       | 71/78 [00:23<00:02,  2.89it/s, loss=0.7271]Trial 4 Ep4:  92%|███████████████████████████████████████████████████████████████████████████▋      | 72/78 [00:23<00:02,  2.77it/s, loss=0.7271]Trial 4 Ep4:  92%|███████████████████████████████████████████████████████████████████████████▋      | 72/78 [00:23<00:02,  2.77it/s, loss=0.7182]Trial 4 Ep4:  94%|████████████████████████████████████████████████████████████████████████████▋     | 73/78 [00:23<00:01,  2.73it/s, loss=0.7182]Trial 4 Ep4:  94%|████████████████████████████████████████████████████████████████████████████▋     | 73/78 [00:24<00:01,  2.73it/s, loss=0.7203]Trial 4 Ep4:  95%|█████████████████████████████████████████████████████████████████████████████▊    | 74/78 [00:24<00:01,  2.98it/s, loss=0.7203]Trial 4 Ep4:  95%|█████████████████████████████████████████████████████████████████████████████▊    | 74/78 [00:24<00:01,  2.98it/s, loss=0.7369]Trial 4 Ep4:  96%|██████████████████████████████████████████████████████████████████████████████▊  