Trial 3 Ep4:   0%|                                                                                                        | 0/78 [00:00<?, ?it/s]Trial 3 Ep4:   0%|                                                                                           | 0/78 [00:00<?, ?it/s, loss=0.6671]Trial 3 Ep4:   1%|█                                                                                  | 1/78 [00:00<00:21,  3.64it/s, loss=0.6671]Trial 3 Ep4:   1%|█                                                                                  | 1/78 [00:00<00:21,  3.64it/s, loss=0.6602]Trial 3 Ep4:   3%|██▏                                                                                | 2/78 [00:00<00:21,  3.60it/s, loss=0.6602]Trial 3 Ep4:   3%|██▏                                                                                | 2/78 [00:00<00:21,  3.60it/s, loss=0.7942]Trial 3 Ep4:   4%|███▏                                                                               | 3/78 [00:00<00:21,  3.48it/s, loss=0.7942]Trial 3 Ep4:   4%|███▏                                                                               | 3/78 [00:01<00:21,  3.48it/s, loss=0.6949]Trial 3 Ep4:   5%|████▎                                                                              | 4/78 [00:01<00:21,  3.48it/s, loss=0.6949]Trial 3 Ep4:   5%|████▎                                                                              | 4/78 [00:01<00:21,  3.48it/s, loss=0.7238]Trial 3 Ep4:   6%|█████▎                                                                             | 5/78 [00:01<00:22,  3.28it/s, loss=0.7238]Trial 3 Ep4:   6%|█████▎                                                                             | 5/78 [00:01<00:22,  3.28it/s, loss=0.7060]Trial 3 Ep4:   8%|██████▍                                                                            | 6/78 [00:01<00:21,  3.35it/s, loss=0.7060]Trial 3 Ep4:   8%|██████▍                                                                            | 6/78 [00:02<00:21,  3.35it/s, loss=0.7189]Trial 3 Ep4:   9%|███████▍                                                                           | 7/78 [00:02<00:22,  3.19it/s, loss=0.7189]Trial 3 Ep4:   9%|███████▍                                                                           | 7/78 [00:02<00:22,  3.19it/s, loss=0.6891]Trial 3 Ep4:  10%|████████▌                                                                          | 8/78 [00:02<00:23,  3.04it/s, loss=0.6891]Trial 3 Ep4:  10%|████████▌                                                                          | 8/78 [00:02<00:23,  3.04it/s, loss=0.7212]Trial 3 Ep4:  12%|█████████▌                                                                         | 9/78 [00:02<00:22,  3.07it/s, loss=0.7212]Trial 3 Ep4:  12%|█████████▌                                                                         | 9/78 [00:03<00:22,  3.07it/s, loss=0.7083]Trial 3 Ep4:  13%|██████████▌                                                                       | 10/78 [00:03<00:21,  3.10it/s, loss=0.7083]Trial 3 Ep4:  13%|██████████▌                                                                       | 10/78 [00:03<00:21,  3.10it/s, loss=0.6867]Trial 3 Ep4:  14%|███████████▌                                                                      | 11/78 [00:03<00:20,  3.20it/s, loss=0.6867]Trial 3 Ep4:  14%|███████████▌                                                                      | 11/78 [00:03<00:20,  3.20it/s, loss=0.6963]Trial 3 Ep4:  15%|████████████▌                                                                     | 12/78 [00:03<00:20,  3.28it/s, loss=0.6963]Trial 3 Ep4:  15%|████████████▌                                                                     | 12/78 [00:03<00:20,  3.28it/s, loss=0.6790]Trial 3 Ep4:  17%|█████████████▋                                                                    | 13/78 [00:03<00:19,  3.28it/s, loss=0.6790]Trial 3 Ep4:  17%|█████████████▋                                                                    | 13/78 [00:04<00:19,  3.28it/s, loss=0.6700]Trial 3 Ep4:  18%|██████████████▋                                                                   | 14/78 [00:04<00:19,  3.21it/s, loss=0.6700]Trial 3 Ep4:  18%|██████████████▋                                                                   | 14/78 [00:04<00:19,  3.21it/s, loss=0.7403]Trial 3 Ep4:  19%|███████████████▊                                                                  | 15/78 [00:04<00:19,  3.20it/s, loss=0.7403]Trial 3 Ep4:  19%|███████████████▊                                                                  | 15/78 [00:04<00:19,  3.20it/s, loss=0.6726]Trial 3 Ep4:  21%|████████████████▊                                                                 | 16/78 [00:04<00:18,  3.26it/s, loss=0.6726]Trial 3 Ep4:  21%|████████████████▊                                                                 | 16/78 [00:05<00:18,  3.26it/s, loss=0.7154]Trial 3 Ep4:  22%|█████████████████▊                                                                | 17/78 [00:05<00:18,  3.34it/s, loss=0.7154]Trial 3 Ep4:  22%|█████████████████▊                                                                | 17/78 [00:05<00:18,  3.34it/s, loss=0.6999]Trial 3 Ep4:  23%|██████████████████▉                                                               | 18/78 [00:05<00:18,  3.25it/s, loss=0.6999]Trial 3 Ep4:  23%|██████████████████▉                                                               | 18/78 [00:05<00:18,  3.25it/s, loss=0.7080]Trial 3 Ep4:  24%|███████████████████▉                                                              | 19/78 [00:05<00:18,  3.16it/s, loss=0.7080]Trial 3 Ep4:  24%|███████████████████▉                                                              | 19/78 [00:06<00:18,  3.16it/s, loss=0.6938]Trial 3 Ep4:  26%|█████████████████████                                                             | 20/78 [00:06<00:18,  3.09it/s, loss=0.6938]Trial 3 Ep4:  26%|█████████████████████                                                             | 20/78 [00:06<00:18,  3.09it/s, loss=0.6982]Trial 3 Ep4:  27%|██████████████████████                                                            | 21/78 [00:06<00:18,  3.10it/s, loss=0.6982]Trial 3 Ep4:  27%|██████████████████████                                                            | 21/78 [00:06<00:18,  3.10it/s, loss=0.6965]Trial 3 Ep4:  28%|███████████████████████▏                                                          | 22/78 [00:06<00:17,  3.20it/s, loss=0.6965]Trial 3 Ep4:  28%|███████████████████████▏                                                          | 22/78 [00:07<00:17,  3.20it/s, loss=0.6994]Trial 3 Ep4:  29%|████████████████████████▏                                                         | 23/78 [00:07<00:18,  3.03it/s, loss=0.6994]Trial 3 Ep4:  29%|████████████████████████▏                                                         | 23/78 [00:07<00:18,  3.03it/s, loss=0.6970]Trial 3 Ep4:  31%|█████████████████████████▏                                                        | 24/78 [00:07<00:17,  3.10it/s, loss=0.6970]Trial 3 Ep4:  31%|█████████████████████████▏                                                        | 24/78 [00:07<00:17,  3.10it/s, loss=0.7186]Trial 3 Ep4:  32%|██████████████████████████▎                                                       | 25/78 [00:07<00:16,  3.19it/s, loss=0.7186]Trial 3 Ep4:  32%|██████████████████████████▎                                                       | 25/78 [00:08<00:16,  3.19it/s, loss=0.6969]Trial 3 Ep4:  33%|███████████████████████████▎                                                      | 26/78 [00:08<00:16,  3.18it/s, loss=0.6969]Trial 3 Ep4:  33%|███████████████████████████▎                                                      | 26/78 [00:08<00:16,  3.18it/s, loss=0.7091]Trial 3 Ep4:  35%|████████████████████████████▍                                                     | 27/78 [00:08<00:16,  3.18it/s, loss=0.7091]Trial 3 Ep4:  35%|████████████████████████████▍                                                     | 27/78 [00:08<00:16,  3.18it/s, loss=0.6890]Trial 3 Ep4:  36%|█████████████████████████████▍                                                    | 28/78 [00:08<00:15,  3.20it/s, loss=0.6890]Trial 3 Ep4:  36%|█████████████████████████████▍                                                    | 28/78 [00:09<00:15,  3.20it/s, loss=0.6956]Trial 3 Ep4:  37%|██████████████████████████████▍                                                   | 29/78 [00:09<00:15,  3.18it/s, loss=0.6956]Trial 3 Ep4:  37%|██████████████████████████████▍                                                   | 29/78 [00:09<00:15,  3.18it/s, loss=0.6800]Trial 3 Ep4:  38%|███████████████████████████████▌                                                  | 30/78 [00:09<00:14,  3.33it/s, loss=0.6800]Trial 3 Ep4:  38%|███████████████████████████████▌                                                  | 30/78 [00:09<00:14,  3.33it/s, loss=0.6985]Trial 3 Ep4:  40%|████████████████████████████████▌                                                 | 31/78 [00:09<00:14,  3.24it/s, loss=0.6985]Trial 3 Ep4:  40%|████████████████████████████████▌                                                 | 31/78 [00:09<00:14,  3.24it/s, loss=0.6818]Trial 3 Ep4:  41%|█████████████████████████████████▋                                                | 32/78 [00:09<00:13,  3.32it/s, loss=0.6818]Trial 3 Ep4:  41%|█████████████████████████████████▋                                                | 32/78 [00:10<00:13,  3.32it/s, loss=0.6808]Trial 3 Ep4:  42%|██████████████████████████████████▋                                               | 33/78 [00:10<00:13,  3.28it/s, loss=0.6808]Trial 3 Ep4:  42%|██████████████████████████████████▋                                               | 33/78 [00:10<00:13,  3.28it/s, loss=0.6964]Trial 3 Ep4:  44%|███████████████████████████████████▋                                              | 34/78 [00:10<00:13,  3.20it/s, loss=0.6964]Trial 3 Ep4:  44%|███████████████████████████████████▋                                              | 34/78 [00:10<00:13,  3.20it/s, loss=0.7150]Trial 3 Ep4:  45%|████████████████████████████████████▊                                             | 35/78 [00:10<00:12,  3.39it/s, loss=0.7150]Trial 3 Ep4:  45%|████████████████████████████████████▊                                             | 35/78 [00:11<00:12,  3.39it/s, loss=0.7118]Trial 3 Ep4:  46%|█████████████████████████████████████▊                                            | 36/78 [00:11<00:12,  3.38it/s, loss=0.7118]Trial 3 Ep4:  46%|█████████████████████████████████████▊                                            | 36/78 [00:11<00:12,  3.38it/s, loss=0.6685]Trial 3 Ep4:  47%|██████████████████████████████████████▉                                           | 37/78 [00:11<00:12,  3.30it/s, loss=0.6685]Trial 3 Ep4:  47%|██████████████████████████████████████▉                                           | 37/78 [00:11<00:12,  3.30it/s, loss=0.6727]Trial 3 Ep4:  49%|███████████████████████████████████████▉                                          | 38/78 [00:11<00:12,  3.24it/s, loss=0.6727]Trial 3 Ep4:  49%|███████████████████████████████████████▉                                          | 38/78 [00:12<00:12,  3.24it/s, loss=0.6926]Trial 3 Ep4:  50%|█████████████████████████████████████████                                         | 39/78 [00:12<00:12,  3.23it/s, loss=0.6926]Trial 3 Ep4:  50%|█████████████████████████████████████████                                         | 39/78 [00:12<00:12,  3.23it/s, loss=0.7093]Trial 3 Ep4:  51%|██████████████████████████████████████████                                        | 40/78 [00:12<00:11,  3.23it/s, loss=0.7093]Trial 3 Ep4:  51%|██████████████████████████████████████████                                        | 40/78 [00:12<00:11,  3.23it/s, loss=0.6727]Trial 3 Ep4:  53%|███████████████████████████████████████████                                       | 41/78 [00:12<00:12,  3.04it/s, loss=0.6727]Trial 3 Ep4:  53%|███████████████████████████████████████████                                       | 41/78 [00:13<00:12,  3.04it/s, loss=0.7119]Trial 3 Ep4:  54%|████████████████████████████████████████████▏                                     | 42/78 [00:13<00:11,  3.07it/s, loss=0.7119]Trial 3 Ep4:  54%|████████████████████████████████████████████▏                                     | 42/78 [00:13<00:11,  3.07it/s, loss=0.6770]Trial 3 Ep4:  55%|█████████████████████████████████████████████▏                                    | 43/78 [00:13<00:10,  3.25it/s, loss=0.6770]Trial 3 Ep4:  55%|█████████████████████████████████████████████▏                                    | 43/78 [00:13<00:10,  3.25it/s, loss=0.7057]Trial 3 Ep4:  56%|██████████████████████████████████████████████▎                                   | 44/78 [00:13<00:10,  3.30it/s, loss=0.7057]Trial 3 Ep4:  56%|██████████████████████████████████████████████▎                                   | 44/78 [00:14<00:10,  3.30it/s, loss=0.6864]Trial 3 Ep4:  58%|███████████████████████████████████████████████▎                                  | 45/78 [00:14<00:10,  3.08it/s, loss=0.6864]Trial 3 Ep4:  58%|███████████████████████████████████████████████▎                                  | 45/78 [00:14<00:10,  3.08it/s, loss=0.7060]Trial 3 Ep4:  59%|████████████████████████████████████████████████▎                                 | 46/78 [00:14<00:10,  3.07it/s, loss=0.7060]Trial 3 Ep4:  59%|████████████████████████████████████████████████▎                                 | 46/78 [00:14<00:10,  3.07it/s, loss=0.7285]Trial 3 Ep4:  60%|█████████████████████████████████████████████████▍                                | 47/78 [00:14<00:09,  3.21it/s, loss=0.7285]Trial 3 Ep4:  60%|█████████████████████████████████████████████████▍                                | 47/78 [00:14<00:09,  3.21it/s, loss=0.6998]Trial 3 Ep4:  62%|██████████████████████████████████████████████████▍                               | 48/78 [00:14<00:08,  3.34it/s, loss=0.6998]Trial 3 Ep4:  62%|██████████████████████████████████████████████████▍                               | 48/78 [00:15<00:08,  3.34it/s, loss=0.6956]Trial 3 Ep4:  63%|███████████████████████████████████████████████████▌                              | 49/78 [00:15<00:08,  3.22it/s, loss=0.6956]Trial 3 Ep4:  63%|███████████████████████████████████████████████████▌                              | 49/78 [00:15<00:08,  3.22it/s, loss=0.6898]Trial 3 Ep4:  64%|████████████████████████████████████████████████████▌                             | 50/78 [00:15<00:08,  3.22it/s, loss=0.6898]Trial 3 Ep4:  64%|████████████████████████████████████████████████████▌                             | 50/78 [00:15<00:08,  3.22it/s, loss=0.6751]Trial 3 Ep4:  65%|█████████████████████████████████████████████████████▌                            | 51/78 [00:15<00:08,  3.21it/s, loss=0.6751]Trial 3 Ep4:  65%|█████████████████████████████████████████████████████▌                            | 51/78 [00:16<00:08,  3.21it/s, loss=0.6824]Trial 3 Ep4:  67%|██████████████████████████████████████████████████████▋                           | 52/78 [00:16<00:08,  3.19it/s, loss=0.6824]Trial 3 Ep4:  67%|██████████████████████████████████████████████████████▋                           | 52/78 [00:16<00:08,  3.19it/s, loss=0.6979]Trial 3 Ep4:  68%|███████████████████████████████████████████████████████▋                          | 53/78 [00:16<00:08,  3.09it/s, loss=0.6979]Trial 3 Ep4:  68%|███████████████████████████████████████████████████████▋                          | 53/78 [00:16<00:08,  3.09it/s, loss=0.7122]Trial 3 Ep4:  69%|████████████████████████████████████████████████████████▊                         | 54/78 [00:16<00:07,  3.25it/s, loss=0.7122]Trial 3 Ep4:  69%|████████████████████████████████████████████████████████▊                         | 54/78 [00:17<00:07,  3.25it/s, loss=0.6901]Trial 3 Ep4:  71%|█████████████████████████████████████████████████████████▊                        | 55/78 [00:17<00:07,  3.13it/s, loss=0.6901]Trial 3 Ep4:  71%|█████████████████████████████████████████████████████████▊                        | 55/78 [00:17<00:07,  3.13it/s, loss=0.7053]Trial 3 Ep4:  72%|██████████████████████████████████████████████████████████▊                       | 56/78 [00:17<00:07,  3.07it/s, loss=0.7053]Trial 3 Ep4:  72%|██████████████████████████████████████████████████████████▊                       | 56/78 [00:17<00:07,  3.07it/s, loss=0.6936]Trial 3 Ep4:  73%|███████████████████████████████████████████████████████████▉                      | 57/78 [00:17<00:06,  3.14it/s, loss=0.6936]Trial 3 Ep4:  73%|███████████████████████████████████████████████████████████▉                      | 57/78 [00:18<00:06,  3.14it/s, loss=0.7032]Trial 3 Ep4:  74%|████████████████████████████████████████████████████████████▉                     | 58/78 [00:18<00:06,  3.19it/s, loss=0.7032]Trial 3 Ep4:  74%|████████████████████████████████████████████████████████████▉                     | 58/78 [00:18<00:06,  3.19it/s, loss=0.7026]Trial 3 Ep4:  76%|██████████████████████████████████████████████████████████████                    | 59/78 [00:18<00:06,  3.15it/s, loss=0.7026]Trial 3 Ep4:  76%|██████████████████████████████████████████████████████████████                    | 59/78 [00:18<00:06,  3.15it/s, loss=0.6811]Trial 3 Ep4:  77%|███████████████████████████████████████████████████████████████                   | 60/78 [00:18<00:05,  3.16it/s, loss=0.6811]Trial 3 Ep4:  77%|███████████████████████████████████████████████████████████████                   | 60/78 [00:19<00:05,  3.16it/s, loss=0.7082]Trial 3 Ep4:  78%|████████████████████████████████████████████████████████████████▏                 | 61/78 [00:19<00:05,  3.01it/s, loss=0.7082]Trial 3 Ep4:  78%|████████████████████████████████████████████████████████████████▏                 | 61/78 [00:19<00:05,  3.01it/s, loss=0.6937]Trial 3 Ep4:  79%|█████████████████████████████████████████████████████████████████▏                | 62/78 [00:19<00:05,  3.09it/s, loss=0.6937]Trial 3 Ep4:  79%|█████████████████████████████████████████████████████████████████▏                | 62/78 [00:19<00:05,  3.09it/s, loss=0.6806]Trial 3 Ep4:  81%|██████████████████████████████████████████████████████████████████▏               | 63/78 [00:19<00:04,  3.03it/s, loss=0.6806]Trial 3 Ep4:  81%|██████████████████████████████████████████████████████████████████▏               | 63/78 [00:20<00:04,  3.03it/s, loss=0.7098]Trial 3 Ep4:  82%|███████████████████████████████████████████████████████████████████▎              | 64/78 [00:20<00:04,  3.08it/s, loss=0.7098]Trial 3 Ep4:  82%|███████████████████████████████████████████████████████████████████▎              | 64/78 [00:20<00:04,  3.08it/s, loss=0.6960]Trial 3 Ep4:  83%|████████████████████████████████████████████████████████████████████▎             | 65/78 [00:20<00:04,  3.16it/s, loss=0.6960]Trial 3 Ep4:  83%|████████████████████████████████████████████████████████████████████▎             | 65/78 [00:20<00:04,  3.16it/s, loss=0.7180]Trial 3 Ep4:  85%|█████████████████████████████████████████████████████████████████████▍            | 66/78 [00:20<00:03,  3.09it/s, loss=0.7180]Trial 3 Ep4:  85%|█████████████████████████████████████████████████████████████████████▍            | 66/78 [00:20<00:03,  3.09it/s, loss=0.6750]Trial 3 Ep4:  86%|██████████████████████████████████████████████████████████████████████▍           | 67/78 [00:20<00:03,  3.11it/s, loss=0.6750]Trial 3 Ep4:  86%|██████████████████████████████████████████████████████████████████████▍           | 67/78 [00:21<00:03,  3.11it/s, loss=0.6842]Trial 3 Ep4:  87%|███████████████████████████████████████████████████████████████████████▍          | 68/78 [00:21<00:03,  3.23it/s, loss=0.6842]Trial 3 Ep4:  87%|███████████████████████████████████████████████████████████████████████▍          | 68/78 [00:21<00:03,  3.23it/s, loss=0.7006]Trial 3 Ep4:  88%|████████████████████████████████████████████████████████████████████████▌         | 69/78 [00:21<00:02,  3.29it/s, loss=0.7006]Trial 3 Ep4:  88%|████████████████████████████████████████████████████████████████████████▌         | 69/78 [00:22<00:02,  3.29it/s, loss=0.7004]Trial 3 Ep4:  90%|█████████████████████████████████████████████████████████████████████████▌        | 70/78 [00:22<00:03,  2.67it/s, loss=0.7004]Trial 3 Ep4:  90%|█████████████████████████████████████████████████████████████████████████▌        | 70/78 [00:22<00:03,  2.67it/s, loss=0.6816]Trial 3 Ep4:  91%|██████████████████████████████████████████████████████████████████████████▋       | 71/78 [00:22<00:02,  2.83it/s, loss=0.6816]Trial 3 Ep4:  91%|██████████████████████████████████████████████████████████████████████████▋       | 71/78 [00:22<00:02,  2.83it/s, loss=0.7002]Trial 3 Ep4:  92%|███████████████████████████████████████████████████████████████████████████▋      | 72/78 [00:22<00:01,  3.00it/s, loss=0.7002]Trial 3 Ep4:  92%|███████████████████████████████████████████████████████████████████████████▋      | 72/78 [00:23<00:01,  3.00it/s, loss=0.7125]Trial 3 Ep4:  94%|████████████████████████████████████████████████████████████████████████████▋     | 73/78 [00:23<00:01,  2.98it/s, loss=0.7125]Trial 3 Ep4:  94%|████████████████████████████████████████████████████████████████████████████▋     | 73/78 [00:23<00:01,  2.98it/s, loss=0.7103]Trial 3 Ep4:  95%|█████████████████████████████████████████████████████████████████████████████▊    | 74/78 [00:23<00:01,  2.96it/s, loss=0.7103]Trial 3 Ep4:  95%|█████████████████████████████████████████████████████████████████████████████▊    | 74/78 [00:23<00:01,  2.96it/s, loss=0.6784]Trial 3 Ep4:  96%|██████████████████████████████████████████████████████████████████████████████▊  