Trial 1 Ep4:   0%|                                                                                                        | 0/78 [00:00<?, ?it/s]Trial 1 Ep4:   0%|                                                                                           | 0/78 [00:00<?, ?it/s, loss=0.7055]Trial 1 Ep4:   1%|█                                                                                  | 1/78 [00:00<00:21,  3.62it/s, loss=0.7055]Trial 1 Ep4:   1%|█                                                                                  | 1/78 [00:00<00:21,  3.62it/s, loss=0.7246]Trial 1 Ep4:   3%|██▏                                                                                | 2/78 [00:00<00:22,  3.44it/s, loss=0.7246]Trial 1 Ep4:   3%|██▏                                                                                | 2/78 [00:00<00:22,  3.44it/s, loss=0.7325]Trial 1 Ep4:   4%|███▏                                                                               | 3/78 [00:00<00:23,  3.19it/s, loss=0.7325]Trial 1 Ep4:   4%|███▏                                                                               | 3/78 [00:01<00:23,  3.19it/s, loss=0.7479]Trial 1 Ep4:   5%|████▎                                                                              | 4/78 [00:01<00:22,  3.27it/s, loss=0.7479]Trial 1 Ep4:   5%|████▎                                                                              | 4/78 [00:01<00:22,  3.27it/s, loss=0.6530]Trial 1 Ep4:   6%|█████▎                                                                             | 5/78 [00:01<00:23,  3.14it/s, loss=0.6530]Trial 1 Ep4:   6%|█████▎                                                                             | 5/78 [00:01<00:23,  3.14it/s, loss=0.7067]Trial 1 Ep4:   8%|██████▍                                                                            | 6/78 [00:01<00:23,  3.01it/s, loss=0.7067]Trial 1 Ep4:   8%|██████▍                                                                            | 6/78 [00:02<00:23,  3.01it/s, loss=0.6969]Trial 1 Ep4:   9%|███████▍                                                                           | 7/78 [00:02<00:23,  3.06it/s, loss=0.6969]Trial 1 Ep4:   9%|███████▍                                                                           | 7/78 [00:02<00:23,  3.06it/s, loss=0.6808]Trial 1 Ep4:  10%|████████▌                                                                          | 8/78 [00:02<00:22,  3.09it/s, loss=0.6808]Trial 1 Ep4:  10%|████████▌                                                                          | 8/78 [00:02<00:22,  3.09it/s, loss=0.6562]Trial 1 Ep4:  12%|█████████▌                                                                         | 9/78 [00:02<00:22,  3.05it/s, loss=0.6562]Trial 1 Ep4:  12%|█████████▌                                                                         | 9/78 [00:03<00:22,  3.05it/s, loss=0.7275]Trial 1 Ep4:  13%|██████████▌                                                                       | 10/78 [00:03<00:21,  3.13it/s, loss=0.7275]Trial 1 Ep4:  13%|██████████▌                                                                       | 10/78 [00:03<00:21,  3.13it/s, loss=0.7048]Trial 1 Ep4:  14%|███████████▌                                                                      | 11/78 [00:03<00:20,  3.21it/s, loss=0.7048]Trial 1 Ep4:  14%|███████████▌                                                                      | 11/78 [00:03<00:20,  3.21it/s, loss=0.6921]Trial 1 Ep4:  15%|████████████▌                                                                     | 12/78 [00:03<00:20,  3.27it/s, loss=0.6921]Trial 1 Ep4:  15%|████████████▌                                                                     | 12/78 [00:04<00:20,  3.27it/s, loss=0.6870]Trial 1 Ep4:  17%|█████████████▋                                                                    | 13/78 [00:04<00:20,  3.16it/s, loss=0.6870]Trial 1 Ep4:  17%|█████████████▋                                                                    | 13/78 [00:04<00:20,  3.16it/s, loss=0.6953]Trial 1 Ep4:  18%|██████████████▋                                                                   | 14/78 [00:04<00:19,  3.23it/s, loss=0.6953]Trial 1 Ep4:  18%|██████████████▋                                                                   | 14/78 [00:04<00:19,  3.23it/s, loss=0.7154]Trial 1 Ep4:  19%|███████████████▊                                                                  | 15/78 [00:04<00:19,  3.31it/s, loss=0.7154]Trial 1 Ep4:  19%|███████████████▊                                                                  | 15/78 [00:04<00:19,  3.31it/s, loss=0.7013]Trial 1 Ep4:  21%|████████████████▊                                                                 | 16/78 [00:04<00:18,  3.31it/s, loss=0.7013]Trial 1 Ep4:  21%|████████████████▊                                                                 | 16/78 [00:05<00:18,  3.31it/s, loss=0.6522]Trial 1 Ep4:  22%|█████████████████▊                                                                | 17/78 [00:05<00:18,  3.26it/s, loss=0.6522]Trial 1 Ep4:  22%|█████████████████▊                                                                | 17/78 [00:05<00:18,  3.26it/s, loss=0.7295]Trial 1 Ep4:  23%|██████████████████▉                                                               | 18/78 [00:05<00:19,  3.15it/s, loss=0.7295]Trial 1 Ep4:  23%|██████████████████▉                                                               | 18/78 [00:05<00:19,  3.15it/s, loss=0.6931]Trial 1 Ep4:  24%|███████████████████▉                                                              | 19/78 [00:05<00:18,  3.19it/s, loss=0.6931]Trial 1 Ep4:  24%|███████████████████▉                                                              | 19/78 [00:06<00:18,  3.19it/s, loss=0.6969]Trial 1 Ep4:  26%|█████████████████████                                                             | 20/78 [00:06<00:18,  3.15it/s, loss=0.6969]Trial 1 Ep4:  26%|█████████████████████                                                             | 20/78 [00:06<00:18,  3.15it/s, loss=0.7125]Trial 1 Ep4:  27%|██████████████████████                                                            | 21/78 [00:06<00:19,  2.95it/s, loss=0.7125]Trial 1 Ep4:  27%|██████████████████████                                                            | 21/78 [00:06<00:19,  2.95it/s, loss=0.6830]Trial 1 Ep4:  28%|███████████████████████▏                                                          | 22/78 [00:06<00:18,  2.98it/s, loss=0.6830]Trial 1 Ep4:  28%|███████████████████████▏                                                          | 22/78 [00:07<00:18,  2.98it/s, loss=0.6747]Trial 1 Ep4:  29%|████████████████████████▏                                                         | 23/78 [00:07<00:18,  2.94it/s, loss=0.6747]Trial 1 Ep4:  29%|████████████████████████▏                                                         | 23/78 [00:07<00:18,  2.94it/s, loss=0.6641]Trial 1 Ep4:  31%|█████████████████████████▏                                                        | 24/78 [00:07<00:18,  2.95it/s, loss=0.6641]Trial 1 Ep4:  31%|█████████████████████████▏                                                        | 24/78 [00:07<00:18,  2.95it/s, loss=0.6864]Trial 1 Ep4:  32%|██████████████████████████▎                                                       | 25/78 [00:07<00:17,  3.05it/s, loss=0.6864]Trial 1 Ep4:  32%|██████████████████████████▎                                                       | 25/78 [00:08<00:17,  3.05it/s, loss=0.6988]Trial 1 Ep4:  33%|███████████████████████████▎                                                      | 26/78 [00:08<00:17,  2.98it/s, loss=0.6988]Trial 1 Ep4:  33%|███████████████████████████▎                                                      | 26/78 [00:08<00:17,  2.98it/s, loss=0.6954]Trial 1 Ep4:  35%|████████████████████████████▍                                                     | 27/78 [00:08<00:16,  3.10it/s, loss=0.6954]Trial 1 Ep4:  35%|████████████████████████████▍                                                     | 27/78 [00:08<00:16,  3.10it/s, loss=0.7542]Trial 1 Ep4:  36%|█████████████████████████████▍                                                    | 28/78 [00:08<00:16,  3.04it/s, loss=0.7542]Trial 1 Ep4:  36%|█████████████████████████████▍                                                    | 28/78 [00:09<00:16,  3.04it/s, loss=0.7143]Trial 1 Ep4:  37%|██████████████████████████████▍                                                   | 29/78 [00:09<00:16,  2.98it/s, loss=0.7143]Trial 1 Ep4:  37%|██████████████████████████████▍                                                   | 29/78 [00:09<00:16,  2.98it/s, loss=0.7122]Trial 1 Ep4:  38%|███████████████████████████████▌                                                  | 30/78 [00:09<00:15,  3.10it/s, loss=0.7122]Trial 1 Ep4:  38%|███████████████████████████████▌                                                  | 30/78 [00:09<00:15,  3.10it/s, loss=0.7005]Trial 1 Ep4:  40%|████████████████████████████████▌                                                 | 31/78 [00:09<00:15,  3.06it/s, loss=0.7005]Trial 1 Ep4:  40%|████████████████████████████████▌                                                 | 31/78 [00:10<00:15,  3.06it/s, loss=0.6982]Trial 1 Ep4:  41%|█████████████████████████████████▋                                                | 32/78 [00:10<00:15,  3.05it/s, loss=0.6982]Trial 1 Ep4:  41%|█████████████████████████████████▋                                                | 32/78 [00:10<00:15,  3.05it/s, loss=0.7137]Trial 1 Ep4:  42%|██████████████████████████████████▋                                               | 33/78 [00:10<00:15,  3.00it/s, loss=0.7137]Trial 1 Ep4:  42%|██████████████████████████████████▋                                               | 33/78 [00:10<00:15,  3.00it/s, loss=0.6966]Trial 1 Ep4:  44%|███████████████████████████████████▋                                              | 34/78 [00:10<00:13,  3.21it/s, loss=0.6966]Trial 1 Ep4:  44%|███████████████████████████████████▋                                              | 34/78 [00:11<00:13,  3.21it/s, loss=0.6962]Trial 1 Ep4:  45%|████████████████████████████████████▊                                             | 35/78 [00:11<00:13,  3.15it/s, loss=0.6962]Trial 1 Ep4:  45%|████████████████████████████████████▊                                             | 35/78 [00:11<00:13,  3.15it/s, loss=0.7439]Trial 1 Ep4:  46%|█████████████████████████████████████▊                                            | 36/78 [00:11<00:13,  3.09it/s, loss=0.7439]Trial 1 Ep4:  46%|█████████████████████████████████████▊                                            | 36/78 [00:11<00:13,  3.09it/s, loss=0.7265]Trial 1 Ep4:  47%|██████████████████████████████████████▉                                           | 37/78 [00:11<00:12,  3.17it/s, loss=0.7265]Trial 1 Ep4:  47%|██████████████████████████████████████▉                                           | 37/78 [00:12<00:12,  3.17it/s, loss=0.7021]Trial 1 Ep4:  49%|███████████████████████████████████████▉                                          | 38/78 [00:12<00:12,  3.28it/s, loss=0.7021]Trial 1 Ep4:  49%|███████████████████████████████████████▉                                          | 38/78 [00:12<00:12,  3.28it/s, loss=0.7041]Trial 1 Ep4:  50%|█████████████████████████████████████████                                         | 39/78 [00:12<00:11,  3.32it/s, loss=0.7041]Trial 1 Ep4:  50%|█████████████████████████████████████████                                         | 39/78 [00:12<00:11,  3.32it/s, loss=0.7197]Trial 1 Ep4:  51%|██████████████████████████████████████████                                        | 40/78 [00:12<00:11,  3.35it/s, loss=0.7197]Trial 1 Ep4:  51%|██████████████████████████████████████████                                        | 40/78 [00:13<00:11,  3.35it/s, loss=0.7448]Trial 1 Ep4:  53%|███████████████████████████████████████████                                       | 41/78 [00:13<00:11,  3.22it/s, loss=0.7448]Trial 1 Ep4:  53%|███████████████████████████████████████████                                       | 41/78 [00:13<00:11,  3.22it/s, loss=0.6979]Trial 1 Ep4:  54%|████████████████████████████████████████████▏                                     | 42/78 [00:13<00:11,  3.25it/s, loss=0.6979]Trial 1 Ep4:  54%|████████████████████████████████████████████▏                                     | 42/78 [00:13<00:11,  3.25it/s, loss=0.7254]Trial 1 Ep4:  55%|█████████████████████████████████████████████▏                                    | 43/78 [00:13<00:10,  3.23it/s, loss=0.7254]Trial 1 Ep4:  55%|█████████████████████████████████████████████▏                                    | 43/78 [00:14<00:10,  3.23it/s, loss=0.6715]Trial 1 Ep4:  56%|██████████████████████████████████████████████▎                                   | 44/78 [00:14<00:10,  3.13it/s, loss=0.6715]Trial 1 Ep4:  56%|██████████████████████████████████████████████▎                                   | 44/78 [00:14<00:10,  3.13it/s, loss=0.7391]Trial 1 Ep4:  58%|███████████████████████████████████████████████▎                                  | 45/78 [00:14<00:10,  3.16it/s, loss=0.7391]Trial 1 Ep4:  58%|███████████████████████████████████████████████▎                                  | 45/78 [00:14<00:10,  3.16it/s, loss=0.6648]Trial 1 Ep4:  59%|████████████████████████████████████████████████▎                                 | 46/78 [00:14<00:09,  3.28it/s, loss=0.6648]Trial 1 Ep4:  59%|████████████████████████████████████████████████▎                                 | 46/78 [00:14<00:09,  3.28it/s, loss=0.7071]Trial 1 Ep4:  60%|█████████████████████████████████████████████████▍                                | 47/78 [00:14<00:09,  3.14it/s, loss=0.7071]Trial 1 Ep4:  60%|█████████████████████████████████████████████████▍                                | 47/78 [00:15<00:09,  3.14it/s, loss=0.6827]Trial 1 Ep4:  62%|██████████████████████████████████████████████████▍                               | 48/78 [00:15<00:10,  2.99it/s, loss=0.6827]Trial 1 Ep4:  62%|██████████████████████████████████████████████████▍                               | 48/78 [00:15<00:10,  2.99it/s, loss=0.6944]Trial 1 Ep4:  63%|███████████████████████████████████████████████████▌                              | 49/78 [00:15<00:09,  2.94it/s, loss=0.6944]Trial 1 Ep4:  63%|███████████████████████████████████████████████████▌                              | 49/78 [00:16<00:09,  2.94it/s, loss=0.7117]Trial 1 Ep4:  64%|████████████████████████████████████████████████████▌                             | 50/78 [00:16<00:09,  2.98it/s, loss=0.7117]Trial 1 Ep4:  64%|████████████████████████████████████████████████████▌                             | 50/78 [00:16<00:09,  2.98it/s, loss=0.7215]Trial 1 Ep4:  65%|█████████████████████████████████████████████████████▌                            | 51/78 [00:16<00:08,  3.01it/s, loss=0.7215]Trial 1 Ep4:  65%|█████████████████████████████████████████████████████▌                            | 51/78 [00:16<00:08,  3.01it/s, loss=0.6959]Trial 1 Ep4:  67%|██████████████████████████████████████████████████████▋                           | 52/78 [00:16<00:08,  2.96it/s, loss=0.6959]Trial 1 Ep4:  67%|██████████████████████████████████████████████████████▋                           | 52/78 [00:16<00:08,  2.96it/s, loss=0.7406]Trial 1 Ep4:  68%|███████████████████████████████████████████████████████▋                          | 53/78 [00:16<00:08,  3.06it/s, loss=0.7406]Trial 1 Ep4:  68%|███████████████████████████████████████████████████████▋                          | 53/78 [00:17<00:08,  3.06it/s, loss=0.7176]Trial 1 Ep4:  69%|████████████████████████████████████████████████████████▊                         | 54/78 [00:17<00:07,  3.07it/s, loss=0.7176]Trial 1 Ep4:  69%|████████████████████████████████████████████████████████▊                         | 54/78 [00:17<00:07,  3.07it/s, loss=0.7433]Trial 1 Ep4:  71%|█████████████████████████████████████████████████████████▊                        | 55/78 [00:17<00:07,  3.05it/s, loss=0.7433]Trial 1 Ep4:  71%|█████████████████████████████████████████████████████████▊                        | 55/78 [00:17<00:07,  3.05it/s, loss=0.6931]Trial 1 Ep4:  72%|██████████████████████████████████████████████████████████▊                       | 56/78 [00:17<00:07,  3.06it/s, loss=0.6931]Trial 1 Ep4:  72%|██████████████████████████████████████████████████████████▊                       | 56/78 [00:18<00:07,  3.06it/s, loss=0.6949]Trial 1 Ep4:  73%|███████████████████████████████████████████████████████████▉                      | 57/78 [00:18<00:06,  3.16it/s, loss=0.6949]Trial 1 Ep4:  73%|███████████████████████████████████████████████████████████▉                      | 57/78 [00:18<00:06,  3.16it/s, loss=0.7356]Trial 1 Ep4:  74%|████████████████████████████████████████████████████████████▉                     | 58/78 [00:18<00:06,  2.97it/s, loss=0.7356]Trial 1 Ep4:  74%|████████████████████████████████████████████████████████████▉                     | 58/78 [00:19<00:06,  2.97it/s, loss=0.6958]Trial 1 Ep4:  76%|██████████████████████████████████████████████████████████████                    | 59/78 [00:19<00:06,  2.90it/s, loss=0.6958]Trial 1 Ep4:  76%|██████████████████████████████████████████████████████████████                    | 59/78 [00:19<00:06,  2.90it/s, loss=0.7113]Trial 1 Ep4:  77%|███████████████████████████████████████████████████████████████                   | 60/78 [00:19<00:06,  2.63it/s, loss=0.7113]Trial 1 Ep4:  77%|███████████████████████████████████████████████████████████████                   | 60/78 [00:19<00:06,  2.63it/s, loss=0.6877]Trial 1 Ep4:  78%|████████████████████████████████████████████████████████████████▏                 | 61/78 [00:19<00:06,  2.82it/s, loss=0.6877]Trial 1 Ep4:  78%|████████████████████████████████████████████████████████████████▏                 | 61/78 [00:20<00:06,  2.82it/s, loss=0.7333]Trial 1 Ep4:  79%|█████████████████████████████████████████████████████████████████▏                | 62/78 [00:20<00:05,  2.89it/s, loss=0.7333]Trial 1 Ep4:  79%|█████████████████████████████████████████████████████████████████▏                | 62/78 [00:20<00:05,  2.89it/s, loss=0.6940]Trial 1 Ep4:  81%|██████████████████████████████████████████████████████████████████▏               | 63/78 [00:20<00:05,  2.97it/s, loss=0.6940]Trial 1 Ep4:  81%|██████████████████████████████████████████████████████████████████▏               | 63/78 [00:20<00:05,  2.97it/s, loss=0.7336]Trial 1 Ep4:  82%|███████████████████████████████████████████████████████████████████▎              | 64/78 [00:20<00:04,  2.97it/s, loss=0.7336]Trial 1 Ep4:  82%|███████████████████████████████████████████████████████████████████▎              | 64/78 [00:21<00:04,  2.97it/s, loss=0.6711]Trial 1 Ep4:  83%|████████████████████████████████████████████████████████████████████▎             | 65/78 [00:21<00:04,  3.07it/s, loss=0.6711]Trial 1 Ep4:  83%|████████████████████████████████████████████████████████████████████▎             | 65/78 [00:21<00:04,  3.07it/s, loss=0.6857]Trial 1 Ep4:  85%|█████████████████████████████████████████████████████████████████████▍            | 66/78 [00:21<00:03,  3.16it/s, loss=0.6857]Trial 1 Ep4:  85%|█████████████████████████████████████████████████████████████████████▍            | 66/78 [00:21<00:03,  3.16it/s, loss=0.6881]Trial 1 Ep4:  86%|██████████████████████████████████████████████████████████████████████▍           | 67/78 [00:21<00:03,  3.29it/s, loss=0.6881]Trial 1 Ep4:  86%|██████████████████████████████████████████████████████████████████████▍           | 67/78 [00:21<00:03,  3.29it/s, loss=0.7328]Trial 1 Ep4:  87%|███████████████████████████████████████████████████████████████████████▍          | 68/78 [00:21<00:02,  3.40it/s, loss=0.7328]Trial 1 Ep4:  87%|███████████████████████████████████████████████████████████████████████▍          | 68/78 [00:22<00:02,  3.40it/s, loss=0.7180]Trial 1 Ep4:  88%|████████████████████████████████████████████████████████████████████████▌         | 69/78 [00:22<00:02,  3.39it/s, loss=0.7180]Trial 1 Ep4:  88%|████████████████████████████████████████████████████████████████████████▌         | 69/78 [00:22<00:02,  3.39it/s, loss=0.7175]Trial 1 Ep4:  90%|█████████████████████████████████████████████████████████████████████████▌        | 70/78 [00:22<00:02,  3.25it/s, loss=0.7175]Trial 1 Ep4:  90%|█████████████████████████████████████████████████████████████████████████▌        | 70/78 [00:22<00:02,  3.25it/s, loss=0.6872]Trial 1 Ep4:  91%|██████████████████████████████████████████████████████████████████████████▋       | 71/78 [00:22<00:02,  3.31it/s, loss=0.6872]Trial 1 Ep4:  91%|██████████████████████████████████████████████████████████████████████████▋       | 71/78 [00:23<00:02,  3.31it/s, loss=0.6772]Trial 1 Ep4:  92%|███████████████████████████████████████████████████████████████████████████▋      | 72/78 [00:23<00:01,  3.15it/s, loss=0.6772]Trial 1 Ep4:  92%|███████████████████████████████████████████████████████████████████████████▋      | 72/78 [00:23<00:01,  3.15it/s, loss=0.7498]Trial 1 Ep4:  94%|████████████████████████████████████████████████████████████████████████████▋     | 73/78 [00:23<00:01,  3.22it/s, loss=0.7498]Trial 1 Ep4:  94%|████████████████████████████████████████████████████████████████████████████▋     | 73/78 [00:23<00:01,  3.22it/s, loss=0.7169]Trial 1 Ep4:  95%|█████████████████████████████████████████████████████████████████████████████▊    | 74/78 [00:23<00:01,  3.23it/s, loss=0.7169]Trial 1 Ep4:  95%|█████████████████████████████████████████████████████████████████████████████▊    | 74/78 [00:24<00:01,  3.23it/s, loss=0.6535]Trial 1 Ep4:  96%|██████████████████████████████████████████████████████████████████████████████▊  