Trial 5 Ep5:   0%|                                                                                                        | 0/78 [00:00<?, ?it/s]Trial 5 Ep5:   0%|                                                                                           | 0/78 [00:00<?, ?it/s, loss=0.6837]Trial 5 Ep5:   1%|█                                                                                  | 1/78 [00:00<00:23,  3.23it/s, loss=0.6837]Trial 5 Ep5:   1%|█                                                                                  | 1/78 [00:00<00:23,  3.23it/s, loss=0.6915]Trial 5 Ep5:   3%|██▏                                                                                | 2/78 [00:00<00:22,  3.32it/s, loss=0.6915]Trial 5 Ep5:   3%|██▏                                                                                | 2/78 [00:00<00:22,  3.32it/s, loss=0.6992]Trial 5 Ep5:   4%|███▏                                                                               | 3/78 [00:00<00:22,  3.35it/s, loss=0.6992]Trial 5 Ep5:   4%|███▏                                                                               | 3/78 [00:01<00:22,  3.35it/s, loss=0.6842]Trial 5 Ep5:   5%|████▎                                                                              | 4/78 [00:01<00:22,  3.28it/s, loss=0.6842]Trial 5 Ep5:   5%|████▎                                                                              | 4/78 [00:01<00:22,  3.28it/s, loss=0.6986]Trial 5 Ep5:   6%|█████▎                                                                             | 5/78 [00:01<00:23,  3.13it/s, loss=0.6986]Trial 5 Ep5:   6%|█████▎                                                                             | 5/78 [00:01<00:23,  3.13it/s, loss=0.6892]Trial 5 Ep5:   8%|██████▍                                                                            | 6/78 [00:01<00:23,  3.08it/s, loss=0.6892]Trial 5 Ep5:   8%|██████▍                                                                            | 6/78 [00:02<00:23,  3.08it/s, loss=0.6989]Trial 5 Ep5:   9%|███████▍                                                                           | 7/78 [00:02<00:22,  3.20it/s, loss=0.6989]Trial 5 Ep5:   9%|███████▍                                                                           | 7/78 [00:02<00:22,  3.20it/s, loss=0.6745]Trial 5 Ep5:  10%|████████▌                                                                          | 8/78 [00:02<00:22,  3.05it/s, loss=0.6745]Trial 5 Ep5:  10%|████████▌                                                                          | 8/78 [00:02<00:22,  3.05it/s, loss=0.6926]Trial 5 Ep5:  12%|█████████▌                                                                         | 9/78 [00:02<00:22,  3.00it/s, loss=0.6926]Trial 5 Ep5:  12%|█████████▌                                                                         | 9/78 [00:03<00:22,  3.00it/s, loss=0.6801]Trial 5 Ep5:  13%|██████████▌                                                                       | 10/78 [00:03<00:21,  3.11it/s, loss=0.6801]Trial 5 Ep5:  13%|██████████▌                                                                       | 10/78 [00:03<00:21,  3.11it/s, loss=0.7017]Trial 5 Ep5:  14%|███████████▌                                                                      | 11/78 [00:03<00:20,  3.25it/s, loss=0.7017]Trial 5 Ep5:  14%|███████████▌                                                                      | 11/78 [00:03<00:20,  3.25it/s, loss=0.6902]Trial 5 Ep5:  15%|████████████▌                                                                     | 12/78 [00:03<00:21,  3.04it/s, loss=0.6902]Trial 5 Ep5:  15%|████████████▌                                                                     | 12/78 [00:04<00:21,  3.04it/s, loss=0.7107]Trial 5 Ep5:  17%|█████████████▋                                                                    | 13/78 [00:04<00:20,  3.21it/s, loss=0.7107]Trial 5 Ep5:  17%|█████████████▋                                                                    | 13/78 [00:04<00:20,  3.21it/s, loss=0.6863]Trial 5 Ep5:  18%|██████████████▋                                                                   | 14/78 [00:04<00:19,  3.27it/s, loss=0.6863]Trial 5 Ep5:  18%|██████████████▋                                                                   | 14/78 [00:04<00:19,  3.27it/s, loss=0.6959]Trial 5 Ep5:  19%|███████████████▊                                                                  | 15/78 [00:04<00:19,  3.25it/s, loss=0.6959]Trial 5 Ep5:  19%|███████████████▊                                                                  | 15/78 [00:05<00:19,  3.25it/s, loss=0.6887]Trial 5 Ep5:  21%|████████████████▊                                                                 | 16/78 [00:05<00:19,  3.23it/s, loss=0.6887]Trial 5 Ep5:  21%|████████████████▊                                                                 | 16/78 [00:05<00:19,  3.23it/s, loss=0.6968]Trial 5 Ep5:  22%|█████████████████▊                                                                | 17/78 [00:05<00:18,  3.35it/s, loss=0.6968]Trial 5 Ep5:  22%|█████████████████▊                                                                | 17/78 [00:05<00:18,  3.35it/s, loss=0.6762]Trial 5 Ep5:  23%|██████████████████▉                                                               | 18/78 [00:05<00:17,  3.36it/s, loss=0.6762]Trial 5 Ep5:  23%|██████████████████▉                                                               | 18/78 [00:05<00:17,  3.36it/s, loss=0.6892]Trial 5 Ep5:  24%|███████████████████▉                                                              | 19/78 [00:05<00:17,  3.37it/s, loss=0.6892]Trial 5 Ep5:  24%|███████████████████▉                                                              | 19/78 [00:06<00:17,  3.37it/s, loss=0.7028]Trial 5 Ep5:  26%|█████████████████████                                                             | 20/78 [00:06<00:17,  3.25it/s, loss=0.7028]Trial 5 Ep5:  26%|█████████████████████                                                             | 20/78 [00:06<00:17,  3.25it/s, loss=0.6815]Trial 5 Ep5:  27%|██████████████████████                                                            | 21/78 [00:06<00:18,  3.12it/s, loss=0.6815]Trial 5 Ep5:  27%|██████████████████████                                                            | 21/78 [00:06<00:18,  3.12it/s, loss=0.6848]Trial 5 Ep5:  28%|███████████████████████▏                                                          | 22/78 [00:06<00:17,  3.20it/s, loss=0.6848]Trial 5 Ep5:  28%|███████████████████████▏                                                          | 22/78 [00:07<00:17,  3.20it/s, loss=0.6928]Trial 5 Ep5:  29%|████████████████████████▏                                                         | 23/78 [00:07<00:17,  3.16it/s, loss=0.6928]Trial 5 Ep5:  29%|████████████████████████▏                                                         | 23/78 [00:07<00:17,  3.16it/s, loss=0.6963]Trial 5 Ep5:  31%|█████████████████████████▏                                                        | 24/78 [00:07<00:16,  3.25it/s, loss=0.6963]Trial 5 Ep5:  31%|█████████████████████████▏                                                        | 24/78 [00:07<00:16,  3.25it/s, loss=0.6968]Trial 5 Ep5:  32%|██████████████████████████▎                                                       | 25/78 [00:07<00:16,  3.16it/s, loss=0.6968]Trial 5 Ep5:  32%|██████████████████████████▎                                                       | 25/78 [00:08<00:16,  3.16it/s, loss=0.6865]Trial 5 Ep5:  33%|███████████████████████████▎                                                      | 26/78 [00:08<00:16,  3.22it/s, loss=0.6865]Trial 5 Ep5:  33%|███████████████████████████▎                                                      | 26/78 [00:08<00:16,  3.22it/s, loss=0.7327]Trial 5 Ep5:  35%|████████████████████████████▍                                                     | 27/78 [00:08<00:15,  3.29it/s, loss=0.7327]Trial 5 Ep5:  35%|████████████████████████████▍                                                     | 27/78 [00:08<00:15,  3.29it/s, loss=0.6816]Trial 5 Ep5:  36%|█████████████████████████████▍                                                    | 28/78 [00:08<00:16,  3.08it/s, loss=0.6816]Trial 5 Ep5:  36%|█████████████████████████████▍                                                    | 28/78 [00:09<00:16,  3.08it/s, loss=0.6855]Trial 5 Ep5:  37%|██████████████████████████████▍                                                   | 29/78 [00:09<00:15,  3.15it/s, loss=0.6855]Trial 5 Ep5:  37%|██████████████████████████████▍                                                   | 29/78 [00:09<00:15,  3.15it/s, loss=0.7149]Trial 5 Ep5:  38%|███████████████████████████████▌                                                  | 30/78 [00:09<00:15,  3.17it/s, loss=0.7149]Trial 5 Ep5:  38%|███████████████████████████████▌                                                  | 30/78 [00:09<00:15,  3.17it/s, loss=0.6961]Trial 5 Ep5:  40%|████████████████████████████████▌                                                 | 31/78 [00:09<00:14,  3.24it/s, loss=0.6961]Trial 5 Ep5:  40%|████████████████████████████████▌                                                 | 31/78 [00:10<00:14,  3.24it/s, loss=0.6926]Trial 5 Ep5:  41%|█████████████████████████████████▋                                                | 32/78 [00:10<00:14,  3.11it/s, loss=0.6926]Trial 5 Ep5:  41%|█████████████████████████████████▋                                                | 32/78 [00:10<00:14,  3.11it/s, loss=0.6758]Trial 5 Ep5:  42%|██████████████████████████████████▋                                               | 33/78 [00:10<00:15,  2.96it/s, loss=0.6758]Trial 5 Ep5:  42%|██████████████████████████████████▋                                               | 33/78 [00:10<00:15,  2.96it/s, loss=0.6869]Trial 5 Ep5:  44%|███████████████████████████████████▋                                              | 34/78 [00:10<00:14,  3.08it/s, loss=0.6869]Trial 5 Ep5:  44%|███████████████████████████████████▋                                              | 34/78 [00:11<00:14,  3.08it/s, loss=0.6906]Trial 5 Ep5:  45%|████████████████████████████████████▊                                             | 35/78 [00:11<00:13,  3.15it/s, loss=0.6906]Trial 5 Ep5:  45%|████████████████████████████████████▊                                             | 35/78 [00:11<00:13,  3.15it/s, loss=0.7096]Trial 5 Ep5:  46%|█████████████████████████████████████▊                                            | 36/78 [00:11<00:13,  3.22it/s, loss=0.7096]Trial 5 Ep5:  46%|█████████████████████████████████████▊                                            | 36/78 [00:11<00:13,  3.22it/s, loss=0.6938]Trial 5 Ep5:  47%|██████████████████████████████████████▉                                           | 37/78 [00:11<00:12,  3.18it/s, loss=0.6938]Trial 5 Ep5:  47%|██████████████████████████████████████▉                                           | 37/78 [00:11<00:12,  3.18it/s, loss=0.6943]Trial 5 Ep5:  49%|███████████████████████████████████████▉                                          | 38/78 [00:11<00:12,  3.13it/s, loss=0.6943]Trial 5 Ep5:  49%|███████████████████████████████████████▉                                          | 38/78 [00:12<00:12,  3.13it/s, loss=0.6918]Trial 5 Ep5:  50%|█████████████████████████████████████████                                         | 39/78 [00:12<00:11,  3.28it/s, loss=0.6918]Trial 5 Ep5:  50%|█████████████████████████████████████████                                         | 39/78 [00:12<00:11,  3.28it/s, loss=0.7124]Trial 5 Ep5:  51%|██████████████████████████████████████████                                        | 40/78 [00:12<00:12,  3.13it/s, loss=0.7124]Trial 5 Ep5:  51%|██████████████████████████████████████████                                        | 40/78 [00:12<00:12,  3.13it/s, loss=0.6854]Trial 5 Ep5:  53%|███████████████████████████████████████████                                       | 41/78 [00:12<00:11,  3.24it/s, loss=0.6854]Trial 5 Ep5:  53%|███████████████████████████████████████████                                       | 41/78 [00:13<00:11,  3.24it/s, loss=0.6963]Trial 5 Ep5:  54%|████████████████████████████████████████████▏                                     | 42/78 [00:13<00:10,  3.29it/s, loss=0.6963]Trial 5 Ep5:  54%|████████████████████████████████████████████▏                                     | 42/78 [00:13<00:10,  3.29it/s, loss=0.6704]Trial 5 Ep5:  55%|█████████████████████████████████████████████▏                                    | 43/78 [00:13<00:10,  3.22it/s, loss=0.6704]Trial 5 Ep5:  55%|█████████████████████████████████████████████▏                                    | 43/78 [00:13<00:10,  3.22it/s, loss=0.7247]Trial 5 Ep5:  56%|██████████████████████████████████████████████▎                                   | 44/78 [00:13<00:10,  3.18it/s, loss=0.7247]Trial 5 Ep5:  56%|██████████████████████████████████████████████▎                                   | 44/78 [00:14<00:10,  3.18it/s, loss=0.7109]Trial 5 Ep5:  58%|███████████████████████████████████████████████▎                                  | 45/78 [00:14<00:10,  3.30it/s, loss=0.7109]Trial 5 Ep5:  58%|███████████████████████████████████████████████▎                                  | 45/78 [00:14<00:10,  3.30it/s, loss=0.7095]Trial 5 Ep5:  59%|████████████████████████████████████████████████▎                                 | 46/78 [00:14<00:09,  3.46it/s, loss=0.7095]Trial 5 Ep5:  59%|████████████████████████████████████████████████▎                                 | 46/78 [00:14<00:09,  3.46it/s, loss=0.6831]Trial 5 Ep5:  60%|█████████████████████████████████████████████████▍                                | 47/78 [00:14<00:09,  3.44it/s, loss=0.6831]Trial 5 Ep5:  60%|█████████████████████████████████████████████████▍                                | 47/78 [00:14<00:09,  3.44it/s, loss=0.6874]Trial 5 Ep5:  62%|██████████████████████████████████████████████████▍                               | 48/78 [00:14<00:09,  3.32it/s, loss=0.6874]Trial 5 Ep5:  62%|██████████████████████████████████████████████████▍                               | 48/78 [00:15<00:09,  3.32it/s, loss=0.7014]Trial 5 Ep5:  63%|███████████████████████████████████████████████████▌                              | 49/78 [00:15<00:09,  3.08it/s, loss=0.7014]Trial 5 Ep5:  63%|███████████████████████████████████████████████████▌                              | 49/78 [00:15<00:09,  3.08it/s, loss=0.7109]Trial 5 Ep5:  64%|████████████████████████████████████████████████████▌                             | 50/78 [00:15<00:09,  3.08it/s, loss=0.7109]Trial 5 Ep5:  64%|████████████████████████████████████████████████████▌                             | 50/78 [00:15<00:09,  3.08it/s, loss=0.6828]Trial 5 Ep5:  65%|█████████████████████████████████████████████████████▌                            | 51/78 [00:15<00:08,  3.24it/s, loss=0.6828]Trial 5 Ep5:  65%|█████████████████████████████████████████████████████▌                            | 51/78 [00:16<00:08,  3.24it/s, loss=0.7050]Trial 5 Ep5:  67%|██████████████████████████████████████████████████████▋                           | 52/78 [00:16<00:08,  3.24it/s, loss=0.7050]Trial 5 Ep5:  67%|██████████████████████████████████████████████████████▋                           | 52/78 [00:16<00:08,  3.24it/s, loss=0.6868]Trial 5 Ep5:  68%|███████████████████████████████████████████████████████▋                          | 53/78 [00:16<00:07,  3.13it/s, loss=0.6868]Trial 5 Ep5:  68%|███████████████████████████████████████████████████████▋                          | 53/78 [00:16<00:07,  3.13it/s, loss=0.7154]Trial 5 Ep5:  69%|████████████████████████████████████████████████████████▊                         | 54/78 [00:16<00:07,  3.25it/s, loss=0.7154]Trial 5 Ep5:  69%|████████████████████████████████████████████████████████▊                         | 54/78 [00:17<00:07,  3.25it/s, loss=0.6988]Trial 5 Ep5:  71%|█████████████████████████████████████████████████████████▊                        | 55/78 [00:17<00:06,  3.33it/s, loss=0.6988]Trial 5 Ep5:  71%|█████████████████████████████████████████████████████████▊                        | 55/78 [00:17<00:06,  3.33it/s, loss=0.6975]Trial 5 Ep5:  72%|██████████████████████████████████████████████████████████▊                       | 56/78 [00:17<00:06,  3.19it/s, loss=0.6975]Trial 5 Ep5:  72%|██████████████████████████████████████████████████████████▊                       | 56/78 [00:17<00:06,  3.19it/s, loss=0.7146]Trial 5 Ep5:  73%|███████████████████████████████████████████████████████████▉                      | 57/78 [00:17<00:06,  3.24it/s, loss=0.7146]Trial 5 Ep5:  73%|███████████████████████████████████████████████████████████▉                      | 57/78 [00:18<00:06,  3.24it/s, loss=0.7005]Trial 5 Ep5:  74%|████████████████████████████████████████████████████████████▉                     | 58/78 [00:18<00:06,  3.15it/s, loss=0.7005]Trial 5 Ep5:  74%|████████████████████████████████████████████████████████████▉                     | 58/78 [00:18<00:06,  3.15it/s, loss=0.6973]Trial 5 Ep5:  76%|██████████████████████████████████████████████████████████████                    | 59/78 [00:18<00:05,  3.18it/s, loss=0.6973]Trial 5 Ep5:  76%|██████████████████████████████████████████████████████████████                    | 59/78 [00:18<00:05,  3.18it/s, loss=0.6796]Trial 5 Ep5:  77%|███████████████████████████████████████████████████████████████                   | 60/78 [00:18<00:05,  3.13it/s, loss=0.6796]Trial 5 Ep5:  77%|███████████████████████████████████████████████████████████████                   | 60/78 [00:19<00:05,  3.13it/s, loss=0.6966]Trial 5 Ep5:  78%|████████████████████████████████████████████████████████████████▏                 | 61/78 [00:19<00:05,  3.03it/s, loss=0.6966]Trial 5 Ep5:  78%|████████████████████████████████████████████████████████████████▏                 | 61/78 [00:19<00:05,  3.03it/s, loss=0.7063]Trial 5 Ep5:  79%|█████████████████████████████████████████████████████████████████▏                | 62/78 [00:19<00:05,  3.07it/s, loss=0.7063]Trial 5 Ep5:  79%|█████████████████████████████████████████████████████████████████▏                | 62/78 [00:19<00:05,  3.07it/s, loss=0.7164]Trial 5 Ep5:  81%|██████████████████████████████████████████████████████████████████▏               | 63/78 [00:19<00:04,  3.01it/s, loss=0.7164]Trial 5 Ep5:  81%|██████████████████████████████████████████████████████████████████▏               | 63/78 [00:20<00:04,  3.01it/s, loss=0.7177]Trial 5 Ep5:  82%|███████████████████████████████████████████████████████████████████▎              | 64/78 [00:20<00:04,  3.03it/s, loss=0.7177]Trial 5 Ep5:  82%|███████████████████████████████████████████████████████████████████▎              | 64/78 [00:20<00:04,  3.03it/s, loss=0.6993]Trial 5 Ep5:  83%|████████████████████████████████████████████████████████████████████▎             | 65/78 [00:20<00:04,  3.07it/s, loss=0.6993]Trial 5 Ep5:  83%|████████████████████████████████████████████████████████████████████▎             | 65/78 [00:20<00:04,  3.07it/s, loss=0.6924]Trial 5 Ep5:  85%|█████████████████████████████████████████████████████████████████████▍            | 66/78 [00:20<00:03,  3.25it/s, loss=0.6924]Trial 5 Ep5:  85%|█████████████████████████████████████████████████████████████████████▍            | 66/78 [00:21<00:03,  3.25it/s, loss=0.6863]Trial 5 Ep5:  86%|██████████████████████████████████████████████████████████████████████▍           | 67/78 [00:21<00:03,  3.18it/s, loss=0.6863]Trial 5 Ep5:  86%|██████████████████████████████████████████████████████████████████████▍           | 67/78 [00:21<00:03,  3.18it/s, loss=0.7065]Trial 5 Ep5:  87%|███████████████████████████████████████████████████████████████████████▍          | 68/78 [00:21<00:03,  3.20it/s, loss=0.7065]Trial 5 Ep5:  87%|███████████████████████████████████████████████████████████████████████▍          | 68/78 [00:21<00:03,  3.20it/s, loss=0.7060]Trial 5 Ep5:  88%|████████████████████████████████████████████████████████████████████████▌         | 69/78 [00:21<00:03,  2.77it/s, loss=0.7060]Trial 5 Ep5:  88%|████████████████████████████████████████████████████████████████████████▌         | 69/78 [00:22<00:03,  2.77it/s, loss=0.7100]Trial 5 Ep5:  90%|█████████████████████████████████████████████████████████████████████████▌        | 70/78 [00:22<00:02,  2.88it/s, loss=0.7100]Trial 5 Ep5:  90%|█████████████████████████████████████████████████████████████████████████▌        | 70/78 [00:22<00:02,  2.88it/s, loss=0.6762]Trial 5 Ep5:  91%|██████████████████████████████████████████████████████████████████████████▋       | 71/78 [00:22<00:02,  2.91it/s, loss=0.6762]Trial 5 Ep5:  91%|██████████████████████████████████████████████████████████████████████████▋       | 71/78 [00:22<00:02,  2.91it/s, loss=0.6853]Trial 5 Ep5:  92%|███████████████████████████████████████████████████████████████████████████▋      | 72/78 [00:22<00:01,  3.06it/s, loss=0.6853]Trial 5 Ep5:  92%|███████████████████████████████████████████████████████████████████████████▋      | 72/78 [00:23<00:01,  3.06it/s, loss=0.6859]Trial 5 Ep5:  94%|████████████████████████████████████████████████████████████████████████████▋     | 73/78 [00:23<00:01,  3.05it/s, loss=0.6859]Trial 5 Ep5:  94%|████████████████████████████████████████████████████████████████████████████▋     | 73/78 [00:23<00:01,  3.05it/s, loss=0.6807]Trial 5 Ep5:  95%|█████████████████████████████████████████████████████████████████████████████▊    | 74/78 [00:23<00:01,  3.18it/s, loss=0.6807]Trial 5 Ep5:  95%|█████████████████████████████████████████████████████████████████████████████▊    | 74/78 [00:23<00:01,  3.18it/s, loss=0.6801]Trial 5 Ep5:  96%|██████████████████████████████████████████████████████████████████████████████▊  