Trial 2 Ep9:   0%|                                                                                                        | 0/78 [00:00<?, ?it/s]Trial 2 Ep9:   0%|                                                                                           | 0/78 [00:00<?, ?it/s, loss=0.7021]Trial 2 Ep9:   1%|█                                                                                  | 1/78 [00:00<00:21,  3.58it/s, loss=0.7021]Trial 2 Ep9:   1%|█                                                                                  | 1/78 [00:00<00:21,  3.58it/s, loss=0.6899]Trial 2 Ep9:   3%|██▏                                                                                | 2/78 [00:00<00:20,  3.67it/s, loss=0.6899]Trial 2 Ep9:   3%|██▏                                                                                | 2/78 [00:00<00:20,  3.67it/s, loss=0.6774]Trial 2 Ep9:   4%|███▏                                                                               | 3/78 [00:00<00:20,  3.58it/s, loss=0.6774]Trial 2 Ep9:   4%|███▏                                                                               | 3/78 [00:01<00:20,  3.58it/s, loss=0.7061]Trial 2 Ep9:   5%|████▎                                                                              | 4/78 [00:01<00:21,  3.40it/s, loss=0.7061]Trial 2 Ep9:   5%|████▎                                                                              | 4/78 [00:01<00:21,  3.40it/s, loss=0.6812]Trial 2 Ep9:   6%|█████▎                                                                             | 5/78 [00:01<00:21,  3.33it/s, loss=0.6812]Trial 2 Ep9:   6%|█████▎                                                                             | 5/78 [00:01<00:21,  3.33it/s, loss=0.6976]Trial 2 Ep9:   8%|██████▍                                                                            | 6/78 [00:01<00:22,  3.21it/s, loss=0.6976]Trial 2 Ep9:   8%|██████▍                                                                            | 6/78 [00:02<00:22,  3.21it/s, loss=0.6987]Trial 2 Ep9:   9%|███████▍                                                                           | 7/78 [00:02<00:21,  3.37it/s, loss=0.6987]Trial 2 Ep9:   9%|███████▍                                                                           | 7/78 [00:02<00:21,  3.37it/s, loss=0.6751]Trial 2 Ep9:  10%|████████▌                                                                          | 8/78 [00:02<00:21,  3.33it/s, loss=0.6751]Trial 2 Ep9:  10%|████████▌                                                                          | 8/78 [00:02<00:21,  3.33it/s, loss=0.6778]Trial 2 Ep9:  12%|█████████▌                                                                         | 9/78 [00:02<00:20,  3.34it/s, loss=0.6778]Trial 2 Ep9:  12%|█████████▌                                                                         | 9/78 [00:02<00:20,  3.34it/s, loss=0.6718]Trial 2 Ep9:  13%|██████████▌                                                                       | 10/78 [00:02<00:20,  3.35it/s, loss=0.6718]Trial 2 Ep9:  13%|██████████▌                                                                       | 10/78 [00:03<00:20,  3.35it/s, loss=0.6907]Trial 2 Ep9:  14%|███████████▌                                                                      | 11/78 [00:03<00:20,  3.24it/s, loss=0.6907]Trial 2 Ep9:  14%|███████████▌                                                                      | 11/78 [00:03<00:20,  3.24it/s, loss=0.7181]Trial 2 Ep9:  15%|████████████▌                                                                     | 12/78 [00:03<00:20,  3.27it/s, loss=0.7181]Trial 2 Ep9:  15%|████████████▌                                                                     | 12/78 [00:03<00:20,  3.27it/s, loss=0.7003]Trial 2 Ep9:  17%|█████████████▋                                                                    | 13/78 [00:03<00:19,  3.32it/s, loss=0.7003]Trial 2 Ep9:  17%|█████████████▋                                                                    | 13/78 [00:04<00:19,  3.32it/s, loss=0.6747]Trial 2 Ep9:  18%|██████████████▋                                                                   | 14/78 [00:04<00:19,  3.24it/s, loss=0.6747]Trial 2 Ep9:  18%|██████████████▋                                                                   | 14/78 [00:04<00:19,  3.24it/s, loss=0.6836]Trial 2 Ep9:  19%|███████████████▊                                                                  | 15/78 [00:04<00:19,  3.28it/s, loss=0.6836]Trial 2 Ep9:  19%|███████████████▊                                                                  | 15/78 [00:04<00:19,  3.28it/s, loss=0.6304]Trial 2 Ep9:  21%|████████████████▊                                                                 | 16/78 [00:04<00:18,  3.27it/s, loss=0.6304]Trial 2 Ep9:  21%|████████████████▊                                                                 | 16/78 [00:05<00:18,  3.27it/s, loss=0.6936]Trial 2 Ep9:  22%|█████████████████▊                                                                | 17/78 [00:05<00:18,  3.24it/s, loss=0.6936]Trial 2 Ep9:  22%|█████████████████▊                                                                | 17/78 [00:05<00:18,  3.24it/s, loss=0.7146]Trial 2 Ep9:  23%|██████████████████▉                                                               | 18/78 [00:05<00:18,  3.22it/s, loss=0.7146]Trial 2 Ep9:  23%|██████████████████▉                                                               | 18/78 [00:05<00:18,  3.22it/s, loss=0.6742]Trial 2 Ep9:  24%|███████████████████▉                                                              | 19/78 [00:05<00:17,  3.28it/s, loss=0.6742]Trial 2 Ep9:  24%|███████████████████▉                                                              | 19/78 [00:06<00:17,  3.28it/s, loss=0.6747]Trial 2 Ep9:  26%|█████████████████████                                                             | 20/78 [00:06<00:18,  3.21it/s, loss=0.6747]Trial 2 Ep9:  26%|█████████████████████                                                             | 20/78 [00:06<00:18,  3.21it/s, loss=0.6841]Trial 2 Ep9:  27%|██████████████████████                                                            | 21/78 [00:06<00:18,  3.12it/s, loss=0.6841]Trial 2 Ep9:  27%|██████████████████████                                                            | 21/78 [00:06<00:18,  3.12it/s, loss=0.6922]Trial 2 Ep9:  28%|███████████████████████▏                                                          | 22/78 [00:06<00:18,  3.03it/s, loss=0.6922]Trial 2 Ep9:  28%|███████████████████████▏                                                          | 22/78 [00:07<00:18,  3.03it/s, loss=0.6807]Trial 2 Ep9:  29%|████████████████████████▏                                                         | 23/78 [00:07<00:17,  3.15it/s, loss=0.6807]Trial 2 Ep9:  29%|████████████████████████▏                                                         | 23/78 [00:07<00:17,  3.15it/s, loss=0.6451]Trial 2 Ep9:  31%|█████████████████████████▏                                                        | 24/78 [00:07<00:16,  3.33it/s, loss=0.6451]Trial 2 Ep9:  31%|█████████████████████████▏                                                        | 24/78 [00:07<00:16,  3.33it/s, loss=0.7237]Trial 2 Ep9:  32%|██████████████████████████▎                                                       | 25/78 [00:07<00:16,  3.29it/s, loss=0.7237]Trial 2 Ep9:  32%|██████████████████████████▎                                                       | 25/78 [00:07<00:16,  3.29it/s, loss=0.6631]Trial 2 Ep9:  33%|███████████████████████████▎                                                      | 26/78 [00:07<00:15,  3.34it/s, loss=0.6631]Trial 2 Ep9:  33%|███████████████████████████▎                                                      | 26/78 [00:08<00:15,  3.34it/s, loss=0.6529]Trial 2 Ep9:  35%|████████████████████████████▍                                                     | 27/78 [00:08<00:14,  3.44it/s, loss=0.6529]Trial 2 Ep9:  35%|████████████████████████████▍                                                     | 27/78 [00:08<00:14,  3.44it/s, loss=0.6755]Trial 2 Ep9:  36%|█████████████████████████████▍                                                    | 28/78 [00:08<00:14,  3.35it/s, loss=0.6755]Trial 2 Ep9:  36%|█████████████████████████████▍                                                    | 28/78 [00:08<00:14,  3.35it/s, loss=0.6781]Trial 2 Ep9:  37%|██████████████████████████████▍                                                   | 29/78 [00:08<00:14,  3.33it/s, loss=0.6781]Trial 2 Ep9:  37%|██████████████████████████████▍                                                   | 29/78 [00:09<00:14,  3.33it/s, loss=0.7118]Trial 2 Ep9:  38%|███████████████████████████████▌                                                  | 30/78 [00:09<00:14,  3.21it/s, loss=0.7118]Trial 2 Ep9:  38%|███████████████████████████████▌                                                  | 30/78 [00:09<00:14,  3.21it/s, loss=0.7293]Trial 2 Ep9:  40%|████████████████████████████████▌                                                 | 31/78 [00:09<00:14,  3.26it/s, loss=0.7293]Trial 2 Ep9:  40%|████████████████████████████████▌                                                 | 31/78 [00:09<00:14,  3.26it/s, loss=0.6936]Trial 2 Ep9:  41%|█████████████████████████████████▋                                                | 32/78 [00:09<00:14,  3.12it/s, loss=0.6936]Trial 2 Ep9:  41%|█████████████████████████████████▋                                                | 32/78 [00:10<00:14,  3.12it/s, loss=0.7080]Trial 2 Ep9:  42%|██████████████████████████████████▋                                               | 33/78 [00:10<00:14,  3.13it/s, loss=0.7080]Trial 2 Ep9:  42%|██████████████████████████████████▋                                               | 33/78 [00:10<00:14,  3.13it/s, loss=0.6999]Trial 2 Ep9:  44%|███████████████████████████████████▋                                              | 34/78 [00:10<00:13,  3.22it/s, loss=0.6999]Trial 2 Ep9:  44%|███████████████████████████████████▋                                              | 34/78 [00:10<00:13,  3.22it/s, loss=0.7286]Trial 2 Ep9:  45%|████████████████████████████████████▊                                             | 35/78 [00:10<00:13,  3.21it/s, loss=0.7286]Trial 2 Ep9:  45%|████████████████████████████████████▊                                             | 35/78 [00:11<00:13,  3.21it/s, loss=0.6864]Trial 2 Ep9:  46%|█████████████████████████████████████▊                                            | 36/78 [00:11<00:13,  3.12it/s, loss=0.6864]Trial 2 Ep9:  46%|█████████████████████████████████████▊                                            | 36/78 [00:11<00:13,  3.12it/s, loss=0.6828]Trial 2 Ep9:  47%|██████████████████████████████████████▉                                           | 37/78 [00:11<00:12,  3.21it/s, loss=0.6828]Trial 2 Ep9:  47%|██████████████████████████████████████▉                                           | 37/78 [00:11<00:12,  3.21it/s, loss=0.6365]Trial 2 Ep9:  49%|███████████████████████████████████████▉                                          | 38/78 [00:11<00:12,  3.31it/s, loss=0.6365]Trial 2 Ep9:  49%|███████████████████████████████████████▉                                          | 38/78 [00:11<00:12,  3.31it/s, loss=0.6552]Trial 2 Ep9:  50%|█████████████████████████████████████████                                         | 39/78 [00:11<00:12,  3.15it/s, loss=0.6552]Trial 2 Ep9:  50%|█████████████████████████████████████████                                         | 39/78 [00:12<00:12,  3.15it/s, loss=0.7119]Trial 2 Ep9:  51%|██████████████████████████████████████████                                        | 40/78 [00:12<00:12,  3.10it/s, loss=0.7119]Trial 2 Ep9:  51%|██████████████████████████████████████████                                        | 40/78 [00:12<00:12,  3.10it/s, loss=0.6755]Trial 2 Ep9:  53%|███████████████████████████████████████████                                       | 41/78 [00:12<00:12,  3.07it/s, loss=0.6755]Trial 2 Ep9:  53%|███████████████████████████████████████████                                       | 41/78 [00:12<00:12,  3.07it/s, loss=0.6544]Trial 2 Ep9:  54%|████████████████████████████████████████████▏                                     | 42/78 [00:12<00:11,  3.05it/s, loss=0.6544]Trial 2 Ep9:  54%|████████████████████████████████████████████▏                                     | 42/78 [00:13<00:11,  3.05it/s, loss=0.6968]Trial 2 Ep9:  55%|█████████████████████████████████████████████▏                                    | 43/78 [00:13<00:10,  3.19it/s, loss=0.6968]Trial 2 Ep9:  55%|█████████████████████████████████████████████▏                                    | 43/78 [00:13<00:10,  3.19it/s, loss=0.6888]Trial 2 Ep9:  56%|██████████████████████████████████████████████▎                                   | 44/78 [00:13<00:10,  3.28it/s, loss=0.6888]Trial 2 Ep9:  56%|██████████████████████████████████████████████▎                                   | 44/78 [00:13<00:10,  3.28it/s, loss=0.7093]Trial 2 Ep9:  58%|███████████████████████████████████████████████▎                                  | 45/78 [00:13<00:10,  3.28it/s, loss=0.7093]Trial 2 Ep9:  58%|███████████████████████████████████████████████▎                                  | 45/78 [00:14<00:10,  3.28it/s, loss=0.7006]Trial 2 Ep9:  59%|████████████████████████████████████████████████▎                                 | 46/78 [00:14<00:10,  3.06it/s, loss=0.7006]Trial 2 Ep9:  59%|████████████████████████████████████████████████▎                                 | 46/78 [00:14<00:10,  3.06it/s, loss=0.6451]Trial 2 Ep9:  60%|█████████████████████████████████████████████████▍                                | 47/78 [00:14<00:10,  3.05it/s, loss=0.6451]Trial 2 Ep9:  60%|█████████████████████████████████████████████████▍                                | 47/78 [00:14<00:10,  3.05it/s, loss=0.6619]Trial 2 Ep9:  62%|██████████████████████████████████████████████████▍                               | 48/78 [00:14<00:09,  3.02it/s, loss=0.6619]Trial 2 Ep9:  62%|██████████████████████████████████████████████████▍                               | 48/78 [00:15<00:09,  3.02it/s, loss=0.7044]Trial 2 Ep9:  63%|███████████████████████████████████████████████████▌                              | 49/78 [00:15<00:09,  3.02it/s, loss=0.7044]Trial 2 Ep9:  63%|███████████████████████████████████████████████████▌                              | 49/78 [00:15<00:09,  3.02it/s, loss=0.7058]Trial 2 Ep9:  64%|████████████████████████████████████████████████████▌                             | 50/78 [00:15<00:09,  2.91it/s, loss=0.7058]Trial 2 Ep9:  64%|████████████████████████████████████████████████████▌                             | 50/78 [00:15<00:09,  2.91it/s, loss=0.6702]Trial 2 Ep9:  65%|█████████████████████████████████████████████████████▌                            | 51/78 [00:15<00:08,  3.03it/s, loss=0.6702]Trial 2 Ep9:  65%|█████████████████████████████████████████████████████▌                            | 51/78 [00:16<00:08,  3.03it/s, loss=0.6343]Trial 2 Ep9:  67%|██████████████████████████████████████████████████████▋                           | 52/78 [00:16<00:08,  3.18it/s, loss=0.6343]Trial 2 Ep9:  67%|██████████████████████████████████████████████████████▋                           | 52/78 [00:16<00:08,  3.18it/s, loss=0.6667]Trial 2 Ep9:  68%|███████████████████████████████████████████████████████▋                          | 53/78 [00:16<00:07,  3.20it/s, loss=0.6667]Trial 2 Ep9:  68%|███████████████████████████████████████████████████████▋                          | 53/78 [00:16<00:07,  3.20it/s, loss=0.7186]Trial 2 Ep9:  69%|████████████████████████████████████████████████████████▊                         | 54/78 [00:16<00:07,  3.21it/s, loss=0.7186]Trial 2 Ep9:  69%|████████████████████████████████████████████████████████▊                         | 54/78 [00:17<00:07,  3.21it/s, loss=0.6824]Trial 2 Ep9:  71%|█████████████████████████████████████████████████████████▊                        | 55/78 [00:17<00:07,  3.19it/s, loss=0.6824]Trial 2 Ep9:  71%|█████████████████████████████████████████████████████████▊                        | 55/78 [00:17<00:07,  3.19it/s, loss=0.6915]Trial 2 Ep9:  72%|██████████████████████████████████████████████████████████▊                       | 56/78 [00:17<00:07,  3.13it/s, loss=0.6915]Trial 2 Ep9:  72%|██████████████████████████████████████████████████████████▊                       | 56/78 [00:17<00:07,  3.13it/s, loss=0.6405]Trial 2 Ep9:  73%|███████████████████████████████████████████████████████████▉                      | 57/78 [00:17<00:07,  2.97it/s, loss=0.6405]Trial 2 Ep9:  73%|███████████████████████████████████████████████████████████▉                      | 57/78 [00:18<00:07,  2.97it/s, loss=0.6339]Trial 2 Ep9:  74%|████████████████████████████████████████████████████████████▉                     | 58/78 [00:18<00:06,  3.08it/s, loss=0.6339]Trial 2 Ep9:  74%|████████████████████████████████████████████████████████████▉                     | 58/78 [00:18<00:06,  3.08it/s, loss=0.7029]Trial 2 Ep9:  76%|██████████████████████████████████████████████████████████████                    | 59/78 [00:18<00:06,  3.06it/s, loss=0.7029]Trial 2 Ep9:  76%|██████████████████████████████████████████████████████████████                    | 59/78 [00:18<00:06,  3.06it/s, loss=0.7192]Trial 2 Ep9:  77%|███████████████████████████████████████████████████████████████                   | 60/78 [00:18<00:05,  3.15it/s, loss=0.7192]Trial 2 Ep9:  77%|███████████████████████████████████████████████████████████████                   | 60/78 [00:19<00:05,  3.15it/s, loss=0.6795]Trial 2 Ep9:  78%|████████████████████████████████████████████████████████████████▏                 | 61/78 [00:19<00:05,  3.10it/s, loss=0.6795]Trial 2 Ep9:  78%|████████████████████████████████████████████████████████████████▏                 | 61/78 [00:19<00:05,  3.10it/s, loss=0.7288]Trial 2 Ep9:  79%|█████████████████████████████████████████████████████████████████▏                | 62/78 [00:19<00:05,  3.09it/s, loss=0.7288]Trial 2 Ep9:  79%|█████████████████████████████████████████████████████████████████▏                | 62/78 [00:19<00:05,  3.09it/s, loss=0.6906]Trial 2 Ep9:  81%|██████████████████████████████████████████████████████████████████▏               | 63/78 [00:19<00:04,  3.06it/s, loss=0.6906]Trial 2 Ep9:  81%|██████████████████████████████████████████████████████████████████▏               | 63/78 [00:20<00:04,  3.06it/s, loss=0.7631]Trial 2 Ep9:  82%|███████████████████████████████████████████████████████████████████▎              | 64/78 [00:20<00:04,  2.97it/s, loss=0.7631]Trial 2 Ep9:  82%|███████████████████████████████████████████████████████████████████▎              | 64/78 [00:20<00:04,  2.97it/s, loss=0.6398]Trial 2 Ep9:  83%|████████████████████████████████████████████████████████████████████▎             | 65/78 [00:20<00:05,  2.57it/s, loss=0.6398]Trial 2 Ep9:  83%|████████████████████████████████████████████████████████████████████▎             | 65/78 [00:20<00:05,  2.57it/s, loss=0.7216]Trial 2 Ep9:  85%|█████████████████████████████████████████████████████████████████████▍            | 66/78 [00:20<00:04,  2.68it/s, loss=0.7216]Trial 2 Ep9:  85%|█████████████████████████████████████████████████████████████████████▍            | 66/78 [00:21<00:04,  2.68it/s, loss=0.6956]Trial 2 Ep9:  86%|██████████████████████████████████████████████████████████████████████▍           | 67/78 [00:21<00:03,  2.81it/s, loss=0.6956]Trial 2 Ep9:  86%|██████████████████████████████████████████████████████████████████████▍           | 67/78 [00:21<00:03,  2.81it/s, loss=0.7169]Trial 2 Ep9:  87%|███████████████████████████████████████████████████████████████████████▍          | 68/78 [00:21<00:03,  2.92it/s, loss=0.7169]Trial 2 Ep9:  87%|███████████████████████████████████████████████████████████████████████▍          | 68/78 [00:21<00:03,  2.92it/s, loss=0.6722]Trial 2 Ep9:  88%|████████████████████████████████████████████████████████████████████████▌         | 69/78 [00:21<00:03,  2.99it/s, loss=0.6722]Trial 2 Ep9:  88%|████████████████████████████████████████████████████████████████████████▌         | 69/78 [00:22<00:03,  2.99it/s, loss=0.6645]Trial 2 Ep9:  90%|█████████████████████████████████████████████████████████████████████████▌        | 70/78 [00:22<00:02,  2.88it/s, loss=0.6645]Trial 2 Ep9:  90%|█████████████████████████████████████████████████████████████████████████▌        | 70/78 [00:22<00:02,  2.88it/s, loss=0.6578]Trial 2 Ep9:  91%|██████████████████████████████████████████████████████████████████████████▋       | 71/78 [00:22<00:02,  3.02it/s, loss=0.6578]Trial 2 Ep9:  91%|██████████████████████████████████████████████████████████████████████████▋       | 71/78 [00:22<00:02,  3.02it/s, loss=0.7024]Trial 2 Ep9:  92%|███████████████████████████████████████████████████████████████████████████▋      | 72/78 [00:22<00:01,  3.11it/s, loss=0.7024]Trial 2 Ep9:  92%|███████████████████████████████████████████████████████████████████████████▋      | 72/78 [00:23<00:01,  3.11it/s, loss=0.6940]Trial 2 Ep9:  94%|████████████████████████████████████████████████████████████████████████████▋     | 73/78 [00:23<00:01,  3.13it/s, loss=0.6940]Trial 2 Ep9:  94%|████████████████████████████████████████████████████████████████████████████▋     | 73/78 [00:23<00:01,  3.13it/s, loss=0.7001]Trial 2 Ep9:  95%|█████████████████████████████████████████████████████████████████████████████▊    | 74/78 [00:23<00:01,  3.06it/s, loss=0.7001]Trial 2 Ep9:  95%|█████████████████████████████████████████████████████████████████████████████▊    | 74/78 [00:23<00:01,  3.06it/s, loss=0.6641]Trial 2 Ep9:  96%|██████████████████████████████████████████████████████████████████████████████▊  