Trial 1 Ep5:   0%|                                                                                                       | 0/115 [00:00<?, ?it/s]Trial 1 Ep5:   0%|                                                                                          | 0/115 [00:00<?, ?it/s, loss=0.6217]Trial 1 Ep5:   1%|▋                                                                                 | 1/115 [00:00<00:59,  1.91it/s, loss=0.6217]Trial 1 Ep5:   1%|▋                                                                                 | 1/115 [00:01<00:59,  1.91it/s, loss=0.5501]Trial 1 Ep5:   2%|█▍                                                                                | 2/115 [00:01<01:02,  1.80it/s, loss=0.5501]Trial 1 Ep5:   2%|█▍                                                                                | 2/115 [00:01<01:02,  1.80it/s, loss=0.5560]Trial 1 Ep5:   3%|██▏                                                                               | 3/115 [00:01<01:03,  1.76it/s, loss=0.5560]Trial 1 Ep5:   3%|██▏                                                                               | 3/115 [00:02<01:03,  1.76it/s, loss=0.6722]Trial 1 Ep5:   3%|██▊                                                                               | 4/115 [00:02<01:04,  1.71it/s, loss=0.6722]Trial 1 Ep5:   3%|██▊                                                                               | 4/115 [00:02<01:04,  1.71it/s, loss=0.6075]Trial 1 Ep5:   4%|███▌                                                                              | 5/115 [00:02<01:03,  1.72it/s, loss=0.6075]Trial 1 Ep5:   4%|███▌                                                                              | 5/115 [00:03<01:03,  1.72it/s, loss=0.5881]Trial 1 Ep5:   5%|████▎                                                                             | 6/115 [00:03<01:03,  1.71it/s, loss=0.5881]Trial 1 Ep5:   5%|████▎                                                                             | 6/115 [00:04<01:03,  1.71it/s, loss=0.6615]Trial 1 Ep5:   6%|████▉                                                                             | 7/115 [00:04<01:03,  1.70it/s, loss=0.6615]Trial 1 Ep5:   6%|████▉                                                                             | 7/115 [00:04<01:03,  1.70it/s, loss=0.7725]Trial 1 Ep5:   7%|█████▋                                                                            | 8/115 [00:04<01:02,  1.71it/s, loss=0.7725]Trial 1 Ep5:   7%|█████▋                                                                            | 8/115 [00:05<01:02,  1.71it/s, loss=0.6880]Trial 1 Ep5:   8%|██████▍                                                                           | 9/115 [00:05<01:01,  1.74it/s, loss=0.6880]Trial 1 Ep5:   8%|██████▍                                                                           | 9/115 [00:05<01:01,  1.74it/s, loss=0.4977]Trial 1 Ep5:   9%|███████                                                                          | 10/115 [00:05<01:00,  1.74it/s, loss=0.4977]Trial 1 Ep5:   9%|███████                                                                          | 10/115 [00:06<01:00,  1.74it/s, loss=0.7930]Trial 1 Ep5:  10%|███████▋                                                                         | 11/115 [00:06<00:59,  1.75it/s, loss=0.7930]Trial 1 Ep5:  10%|███████▋                                                                         | 11/115 [00:06<00:59,  1.75it/s, loss=0.7155]Trial 1 Ep5:  10%|████████▍                                                                        | 12/115 [00:06<00:59,  1.72it/s, loss=0.7155]Trial 1 Ep5:  10%|████████▍                                                                        | 12/115 [00:07<00:59,  1.72it/s, loss=1.0990]Trial 1 Ep5:  11%|█████████▏                                                                       | 13/115 [00:07<00:57,  1.77it/s, loss=1.0990]Trial 1 Ep5:  11%|█████████▏                                                                       | 13/115 [00:08<00:57,  1.77it/s, loss=0.5161]Trial 1 Ep5:  12%|█████████▊                                                                       | 14/115 [00:08<00:57,  1.76it/s, loss=0.5161]Trial 1 Ep5:  12%|█████████▊                                                                       | 14/115 [00:08<00:57,  1.76it/s, loss=0.8043]Trial 1 Ep5:  13%|██████████▌                                                                      | 15/115 [00:08<00:56,  1.76it/s, loss=0.8043]Trial 1 Ep5:  13%|██████████▌                                                                      | 15/115 [00:09<00:56,  1.76it/s, loss=1.0532]Trial 1 Ep5:  14%|███████████▎                                                                     | 16/115 [00:09<00:57,  1.72it/s, loss=1.0532]Trial 1 Ep5:  14%|███████████▎                                                                     | 16/115 [00:09<00:57,  1.72it/s, loss=0.8417]Trial 1 Ep5:  15%|███████████▉                                                                     | 17/115 [00:09<00:56,  1.74it/s, loss=0.8417]Trial 1 Ep5:  15%|███████████▉                                                                     | 17/115 [00:10<00:56,  1.74it/s, loss=1.1047]Trial 1 Ep5:  16%|████████████▋                                                                    | 18/115 [00:10<00:55,  1.74it/s, loss=1.1047]Trial 1 Ep5:  16%|████████████▋                                                                    | 18/115 [00:10<00:55,  1.74it/s, loss=0.6028]Trial 1 Ep5:  17%|█████████████▍                                                                   | 19/115 [00:10<00:55,  1.73it/s, loss=0.6028]Trial 1 Ep5:  17%|█████████████▍                                                                   | 19/115 [00:11<00:55,  1.73it/s, loss=1.1105]Trial 1 Ep5:  17%|██████████████                                                                   | 20/115 [00:11<00:54,  1.74it/s, loss=1.1105]Trial 1 Ep5:  17%|██████████████                                                                   | 20/115 [00:12<00:54,  1.74it/s, loss=0.7211]Trial 1 Ep5:  18%|██████████████▊                                                                  | 21/115 [00:12<00:54,  1.74it/s, loss=0.7211]Trial 1 Ep5:  18%|██████████████▊                                                                  | 21/115 [00:12<00:54,  1.74it/s, loss=0.6657]Trial 1 Ep5:  19%|███████████████▍                                                                 | 22/115 [00:12<00:52,  1.77it/s, loss=0.6657]Trial 1 Ep5:  19%|███████████████▍                                                                 | 22/115 [00:13<00:52,  1.77it/s, loss=0.5833]Trial 1 Ep5:  20%|████████████████▏                                                                | 23/115 [00:13<00:51,  1.79it/s, loss=0.5833]Trial 1 Ep5:  20%|████████████████▏                                                                | 23/115 [00:13<00:51,  1.79it/s, loss=1.0902]Trial 1 Ep5:  21%|████████████████▉                                                                | 24/115 [00:13<00:51,  1.78it/s, loss=1.0902]Trial 1 Ep5:  21%|████████████████▉                                                                | 24/115 [00:14<00:51,  1.78it/s, loss=1.2093]Trial 1 Ep5:  22%|█████████████████▌                                                               | 25/115 [00:14<00:51,  1.76it/s, loss=1.2093]Trial 1 Ep5:  22%|█████████████████▌                                                               | 25/115 [00:14<00:51,  1.76it/s, loss=0.8234]Trial 1 Ep5:  23%|██████████████████▎                                                              | 26/115 [00:14<00:51,  1.74it/s, loss=0.8234]Trial 1 Ep5:  23%|██████████████████▎                                                              | 26/115 [00:15<00:51,  1.74it/s, loss=0.4589]Trial 1 Ep5:  23%|███████████████████                                                              | 27/115 [00:15<00:50,  1.75it/s, loss=0.4589]Trial 1 Ep5:  23%|███████████████████                                                              | 27/115 [00:16<00:50,  1.75it/s, loss=0.8718]Trial 1 Ep5:  24%|███████████████████▋                                                             | 28/115 [00:16<00:49,  1.74it/s, loss=0.8718]Trial 1 Ep5:  24%|███████████████████▋                                                             | 28/115 [00:16<00:49,  1.74it/s, loss=1.1836]Trial 1 Ep5:  25%|████████████████████▍                                                            | 29/115 [00:16<00:49,  1.74it/s, loss=1.1836]Trial 1 Ep5:  25%|████████████████████▍                                                            | 29/115 [00:17<00:49,  1.74it/s, loss=1.0815]Trial 1 Ep5:  26%|█████████████████████▏                                                           | 30/115 [00:17<00:49,  1.73it/s, loss=1.0815]Trial 1 Ep5:  26%|█████████████████████▏                                                           | 30/115 [00:17<00:49,  1.73it/s, loss=1.1164]Trial 1 Ep5:  27%|█████████████████████▊                                                           | 31/115 [00:17<00:48,  1.74it/s, loss=1.1164]Trial 1 Ep5:  27%|█████████████████████▊                                                           | 31/115 [00:18<00:48,  1.74it/s, loss=0.2548]Trial 1 Ep5:  28%|██████████████████████▌                                                          | 32/115 [00:18<00:47,  1.74it/s, loss=0.2548]Trial 1 Ep5:  28%|██████████████████████▌                                                          | 32/115 [00:18<00:47,  1.74it/s, loss=0.5438]Trial 1 Ep5:  29%|███████████████████████▏                                                         | 33/115 [00:18<00:46,  1.75it/s, loss=0.5438]Trial 1 Ep5:  29%|███████████████████████▏                                                         | 33/115 [00:19<00:46,  1.75it/s, loss=0.3773]Trial 1 Ep5:  30%|███████████████████████▉                                                         | 34/115 [00:19<00:46,  1.74it/s, loss=0.3773]Trial 1 Ep5:  30%|███████████████████████▉                                                         | 34/115 [00:20<00:46,  1.74it/s, loss=0.7011]Trial 1 Ep5:  30%|████████████████████████▋                                                        | 35/115 [00:20<00:46,  1.72it/s, loss=0.7011]Trial 1 Ep5:  30%|████████████████████████▋                                                        | 35/115 [00:20<00:46,  1.72it/s, loss=0.8541]Trial 1 Ep5:  31%|█████████████████████████▎                                                       | 36/115 [00:20<00:46,  1.70it/s, loss=0.8541]Trial 1 Ep5:  31%|█████████████████████████▎                                                       | 36/115 [00:21<00:46,  1.70it/s, loss=0.7550]Trial 1 Ep5:  32%|██████████████████████████                                                       | 37/115 [00:21<00:45,  1.70it/s, loss=0.7550]Trial 1 Ep5:  32%|██████████████████████████                                                       | 37/115 [00:21<00:45,  1.70it/s, loss=0.7874]Trial 1 Ep5:  33%|██████████████████████████▊                                                      | 38/115 [00:21<00:45,  1.70it/s, loss=0.7874]Trial 1 Ep5:  33%|██████████████████████████▊                                                      | 38/115 [00:22<00:45,  1.70it/s, loss=0.7383]Trial 1 Ep5:  34%|███████████████████████████▍                                                     | 39/115 [00:22<00:44,  1.71it/s, loss=0.7383]Trial 1 Ep5:  34%|███████████████████████████▍                                                     | 39/115 [00:23<00:44,  1.71it/s, loss=1.1086]Trial 1 Ep5:  35%|████████████████████████████▏                                                    | 40/115 [00:23<00:43,  1.73it/s, loss=1.1086]Trial 1 Ep5:  35%|████████████████████████████▏                                                    | 40/115 [00:23<00:43,  1.73it/s, loss=0.5944]Trial 1 Ep5:  36%|████████████████████████████▉                                                    | 41/115 [00:23<00:42,  1.73it/s, loss=0.5944]Trial 1 Ep5:  36%|████████████████████████████▉                                                    | 41/115 [00:24<00:42,  1.73it/s, loss=0.9047]Trial 1 Ep5:  37%|█████████████████████████████▌                                                   | 42/115 [00:24<00:41,  1.75it/s, loss=0.9047]Trial 1 Ep5:  37%|█████████████████████████████▌                                                   | 42/115 [00:24<00:41,  1.75it/s, loss=1.2187]Trial 1 Ep5:  37%|██████████████████████████████▎                                                  | 43/115 [00:24<00:41,  1.75it/s, loss=1.2187]Trial 1 Ep5:  37%|██████████████████████████████▎                                                  | 43/115 [00:25<00:41,  1.75it/s, loss=1.1539]Trial 1 Ep5:  38%|██████████████████████████████▉                                                  | 44/115 [00:25<00:41,  1.72it/s, loss=1.1539]Trial 1 Ep5:  38%|██████████████████████████████▉                                                  | 44/115 [00:25<00:41,  1.72it/s, loss=0.9135]Trial 1 Ep5:  39%|███████████████████████████████▋                                                 | 45/115 [00:25<00:40,  1.71it/s, loss=0.9135]Trial 1 Ep5:  39%|███████████████████████████████▋                                                 | 45/115 [00:26<00:40,  1.71it/s, loss=0.7439]Trial 1 Ep5:  40%|████████████████████████████████▍                                                | 46/115 [00:26<00:40,  1.71it/s, loss=0.7439]Trial 1 Ep5:  40%|████████████████████████████████▍                                                | 46/115 [00:27<00:40,  1.71it/s, loss=1.9704]Trial 1 Ep5:  41%|█████████████████████████████████                                                | 47/115 [00:27<00:39,  1.72it/s, loss=1.9704]Trial 1 Ep5:  41%|█████████████████████████████████                                                | 47/115 [00:27<00:39,  1.72it/s, loss=2.3460]Trial 1 Ep5:  42%|█████████████████████████████████▊                                               | 48/115 [00:27<00:39,  1.72it/s, loss=2.3460]Trial 1 Ep5:  42%|█████████████████████████████████▊                                               | 48/115 [00:28<00:39,  1.72it/s, loss=2.4425]Trial 1 Ep5:  43%|██████████████████████████████████▌                                              | 49/115 [00:28<00:38,  1.72it/s, loss=2.4425]Trial 1 Ep5:  43%|██████████████████████████████████▌                                              | 49/115 [00:28<00:38,  1.72it/s, loss=2.3761]Trial 1 Ep5:  43%|███████████████████████████████████▏                                             | 50/115 [00:28<00:37,  1.72it/s, loss=2.3761]Trial 1 Ep5:  43%|███████████████████████████████████▏                                             | 50/115 [00:29<00:37,  1.72it/s, loss=0.7346]Trial 1 Ep5:  44%|███████████████████████████████████▉                                             | 51/115 [00:29<00:36,  1.73it/s, loss=0.7346]Trial 1 Ep5:  44%|███████████████████████████████████▉                                             | 51/115 [00:29<00:36,  1.73it/s, loss=0.9138]Trial 1 Ep5:  45%|████████████████████████████████████▋                                            | 52/115 [00:29<00:36,  1.74it/s, loss=0.9138]Trial 1 Ep5:  45%|████████████████████████████████████▋                                            | 52/115 [00:30<00:36,  1.74it/s, loss=0.7336]Trial 1 Ep5:  46%|█████████████████████████████████████▎                                           | 53/115 [00:30<00:35,  1.74it/s, loss=0.7336]Trial 1 Ep5:  46%|█████████████████████████████████████▎                                           | 53/115 [00:31<00:35,  1.74it/s, loss=0.9919]Trial 1 Ep5:  47%|██████████████████████████████████████                                           | 54/115 [00:31<00:34,  1.75it/s, loss=0.9919]Trial 1 Ep5:  47%|██████████████████████████████████████                                           | 54/115 [00:31<00:34,  1.75it/s, loss=0.5564]Trial 1 Ep5:  48%|██████████████████████████████████████▋                                          | 55/115 [00:31<00:34,  1.75it/s, loss=0.5564]Trial 1 Ep5:  48%|██████████████████████████████████████▋                                          | 55/115 [00:32<00:34,  1.75it/s, loss=0.7731]Trial 1 Ep5:  49%|███████████████████████████████████████▍                                         | 56/115 [00:32<00:33,  1.75it/s, loss=0.7731]Trial 1 Ep5:  49%|███████████████████████████████████████▍                                         | 56/115 [00:32<00:33,  1.75it/s, loss=0.6374]Trial 1 Ep5:  50%|████████████████████████████████████████▏                                        | 57/115 [00:32<00:33,  1.74it/s, loss=0.6374]Trial 1 Ep5:  50%|████████████████████████████████████████▏                                        | 57/115 [00:33<00:33,  1.74it/s, loss=0.6336]Trial 1 Ep5:  50%|████████████████████████████████████████▊                                        | 58/115 [00:33<00:32,  1.75it/s, loss=0.6336]Trial 1 Ep5:  50%|████████████████████████████████████████▊                                        | 58/115 [00:33<00:32,  1.75it/s, loss=0.4973]Trial 1 Ep5:  51%|█████████████████████████████████████████▌                                       | 59/115 [00:33<00:31,  1.76it/s, loss=0.4973]Trial 1 Ep5:  51%|█████████████████████████████████████████▌                                       | 59/115 [00:34<00:31,  1.76it/s, loss=0.3447]Trial 1 Ep5:  52%|██████████████████████████████████████████▎                                      | 60/115 [00:34<00:31,  1.75it/s, loss=0.3447]Trial 1 Ep5:  52%|██████████████████████████████████████████▎                                      | 60/115 [00:35<00:31,  1.75it/s, loss=0.6833]Trial 1 Ep5:  53%|██████████████████████████████████████████▉                                      | 61/115 [00:35<00:30,  1.77it/s, loss=0.6833]Trial 1 Ep5:  53%|██████████████████████████████████████████▉                                      | 61/115 [00:35<00:30,  1.77it/s, loss=0.6330]Trial 1 Ep5:  54%|███████████████████████████████████████████▋                                     | 62/115 [00:35<00:30,  1.77it/s, loss=0.6330]Trial 1 Ep5:  54%|███████████████████████████████████████████▋                                     | 62/115 [00:36<00:30,  1.77it/s, loss=0.5488]Trial 1 Ep5:  55%|████████████████████████████████████████████▎                                    | 63/115 [00:36<00:29,  1.76it/s, loss=0.5488]Trial 1 Ep5:  55%|████████████████████████████████████████████▎                                    | 63/115 [00:36<00:29,  1.76it/s, loss=0.6285]Trial 1 Ep5:  56%|█████████████████████████████████████████████                                    | 64/115 [00:36<00:29,  1.71it/s, loss=0.6285]Trial 1 Ep5:  56%|█████████████████████████████████████████████                                    | 64/115 [00:37<00:29,  1.71it/s, loss=0.4275]Trial 1 Ep5:  57%|█████████████████████████████████████████████▊                                   | 65/115 [00:37<00:29,  1.72it/s, loss=0.4275]Trial 1 Ep5:  57%|█████████████████████████████████████████████▊                                   | 65/115 [00:37<00:29,  1.72it/s, loss=0.4091]Trial 1 Ep5:  57%|██████████████████████████████████████████████▍                                  | 66/115 [00:37<00:28,  1.71it/s, loss=0.4091]Trial 1 Ep5:  57%|██████████████████████████████████████████████▍                                  | 66/115 [00:38<00:28,  1.71it/s, loss=0.5923]Trial 1 Ep5:  58%|███████████████████████████████████████████████▏                                 | 67/115 [00:38<00:27,  1.73it/s, loss=0.5923]Trial 1 Ep5:  58%|███████████████████████████████████████████████▏                                 | 67/115 [00:39<00:27,  1.73it/s, loss=0.5243]Trial 1 Ep5:  59%|███████████████████████████████████████████████▉                                 | 68/115 [00:39<00:27,  1.73it/s, loss=0.5243]Trial 1 Ep5:  59%|███████████████████████████████████████████████▉                                 | 68/115 [00:39<00:27,  1.73it/s, loss=0.6095]Trial 1 Ep5:  60%|████████████████████████████████████████████████▌                                | 69/115 [00:39<00:26,  1.72it/s, loss=0.6095]Trial 1 Ep5:  60%|████████████████████████████████████████████████▌                                | 69/115 [00:40<00:26,  1.72it/s, loss=0.5983]Trial 1 Ep5:  61%|█████████████████████████████████████████████████▎                               | 70/115 [00:40<00:26,  1.72it/s, loss=0.5983]Trial 1 Ep5:  61%|█████████████████████████████████████████████████▎                               | 70/115 [00:40<00:26,  1.72it/s, loss=0.5031]Trial 1 Ep5:  62%|██████████████████████████████████████████████████                               | 71/115 [00:40<00:25,  1.74it/s, loss=0.5031]Trial 1 Ep5:  62%|██████████████████████████████████████████████████                               | 71/115 [00:41<00:25,  1.74it/s, loss=0.5288]Trial 1 Ep5:  63%|██████████████████████████████████████████████████▋                              | 72/115 [00:41<00:24,  1.76it/s, loss=0.5288]Trial 1 Ep5:  63%|██████████████████████████████████████████████████▋                              | 72/115 [00:41<00:24,  1.76it/s, loss=0.8235]Trial 1 Ep5:  63%|███████████████████████████████████████████████████▍                             | 73/115 [00:41<00:23,  1.77it/s, loss=0.8235]Trial 1 Ep5:  63%|███████████████████████████████████████████████████▍                             | 73/115 [00:42<00:23,  1.77it/s, loss=0.8177]Trial 1 Ep5:  64%|████████████████████████████████████████████████████                             | 74/115 [00:42<00:23,  1.75it/s, loss=0.8177]Trial 1 Ep5:  64%|████████████████████████████████████████████████████                             | 74/115 [00:43<00:23,  1.75it/s, loss=0.6262]Trial 1 Ep5:  65%|████████████████████████████████████████████████████▊                            