Trial 2 Ep7:   0%|                                                                                                       | 0/115 [00:00<?, ?it/s]Trial 2 Ep7:   0%|                                                                                          | 0/115 [00:00<?, ?it/s, loss=0.3743]Trial 2 Ep7:   1%|▋                                                                                 | 1/115 [00:00<01:06,  1.71it/s, loss=0.3743]Trial 2 Ep7:   1%|▋                                                                                 | 1/115 [00:01<01:06,  1.71it/s, loss=0.8676]Trial 2 Ep7:   2%|█▍                                                                                | 2/115 [00:01<01:06,  1.69it/s, loss=0.8676]Trial 2 Ep7:   2%|█▍                                                                                | 2/115 [00:01<01:06,  1.69it/s, loss=0.6015]Trial 2 Ep7:   3%|██▏                                                                               | 3/115 [00:01<01:06,  1.68it/s, loss=0.6015]Trial 2 Ep7:   3%|██▏                                                                               | 3/115 [00:02<01:06,  1.68it/s, loss=0.4995]Trial 2 Ep7:   3%|██▊                                                                               | 4/115 [00:02<01:05,  1.68it/s, loss=0.4995]Trial 2 Ep7:   3%|██▊                                                                               | 4/115 [00:02<01:05,  1.68it/s, loss=0.8283]Trial 2 Ep7:   4%|███▌                                                                              | 5/115 [00:02<01:04,  1.70it/s, loss=0.8283]Trial 2 Ep7:   4%|███▌                                                                              | 5/115 [00:03<01:04,  1.70it/s, loss=1.1656]Trial 2 Ep7:   5%|████▎                                                                             | 6/115 [00:03<01:04,  1.69it/s, loss=1.1656]Trial 2 Ep7:   5%|████▎                                                                             | 6/115 [00:04<01:04,  1.69it/s, loss=1.4690]Trial 2 Ep7:   6%|████▉                                                                             | 7/115 [00:04<01:03,  1.69it/s, loss=1.4690]Trial 2 Ep7:   6%|████▉                                                                             | 7/115 [00:04<01:03,  1.69it/s, loss=1.6442]Trial 2 Ep7:   7%|█████▋                                                                            | 8/115 [00:04<01:03,  1.68it/s, loss=1.6442]Trial 2 Ep7:   7%|█████▋                                                                            | 8/115 [00:05<01:03,  1.68it/s, loss=1.3281]Trial 2 Ep7:   8%|██████▍                                                                           | 9/115 [00:05<01:03,  1.68it/s, loss=1.3281]Trial 2 Ep7:   8%|██████▍                                                                           | 9/115 [00:05<01:03,  1.68it/s, loss=0.4656]Trial 2 Ep7:   9%|███████                                                                          | 10/115 [00:05<01:03,  1.67it/s, loss=0.4656]Trial 2 Ep7:   9%|███████                                                                          | 10/115 [00:06<01:03,  1.67it/s, loss=0.6870]Trial 2 Ep7:  10%|███████▋                                                                         | 11/115 [00:06<01:02,  1.66it/s, loss=0.6870]Trial 2 Ep7:  10%|███████▋                                                                         | 11/115 [00:07<01:02,  1.66it/s, loss=0.7070]Trial 2 Ep7:  10%|████████▍                                                                        | 12/115 [00:07<01:01,  1.66it/s, loss=0.7070]Trial 2 Ep7:  10%|████████▍                                                                        | 12/115 [00:07<01:01,  1.66it/s, loss=0.7522]Trial 2 Ep7:  11%|█████████▏                                                                       | 13/115 [00:07<01:01,  1.65it/s, loss=0.7522]Trial 2 Ep7:  11%|█████████▏                                                                       | 13/115 [00:08<01:01,  1.65it/s, loss=0.8894]Trial 2 Ep7:  12%|█████████▊                                                                       | 14/115 [00:08<01:01,  1.64it/s, loss=0.8894]Trial 2 Ep7:  12%|█████████▊                                                                       | 14/115 [00:09<01:01,  1.64it/s, loss=0.6789]Trial 2 Ep7:  13%|██████████▌                                                                      | 15/115 [00:09<01:00,  1.64it/s, loss=0.6789]Trial 2 Ep7:  13%|██████████▌                                                                      | 15/115 [00:09<01:00,  1.64it/s, loss=0.7435]Trial 2 Ep7:  14%|███████████▎                                                                     | 16/115 [00:09<01:00,  1.64it/s, loss=0.7435]Trial 2 Ep7:  14%|███████████▎                                                                     | 16/115 [00:10<01:00,  1.64it/s, loss=1.2436]Trial 2 Ep7:  15%|███████████▉                                                                     | 17/115 [00:10<00:59,  1.64it/s, loss=1.2436]Trial 2 Ep7:  15%|███████████▉                                                                     | 17/115 [00:10<00:59,  1.64it/s, loss=0.9447]Trial 2 Ep7:  16%|████████████▋                                                                    | 18/115 [00:10<00:59,  1.64it/s, loss=0.9447]Trial 2 Ep7:  16%|████████████▋                                                                    | 18/115 [00:11<00:59,  1.64it/s, loss=0.9136]Trial 2 Ep7:  17%|█████████████▍                                                                   | 19/115 [00:11<00:58,  1.64it/s, loss=0.9136]Trial 2 Ep7:  17%|█████████████▍                                                                   | 19/115 [00:12<00:58,  1.64it/s, loss=0.5828]Trial 2 Ep7:  17%|██████████████                                                                   | 20/115 [00:12<00:57,  1.65it/s, loss=0.5828]Trial 2 Ep7:  17%|██████████████                                                                   | 20/115 [00:12<00:57,  1.65it/s, loss=0.3068]Trial 2 Ep7:  18%|██████████████▊                                                                  | 21/115 [00:12<00:56,  1.67it/s, loss=0.3068]Trial 2 Ep7:  18%|██████████████▊                                                                  | 21/115 [00:13<00:56,  1.67it/s, loss=0.8439]Trial 2 Ep7:  19%|███████████████▍                                                                 | 22/115 [00:13<00:55,  1.67it/s, loss=0.8439]Trial 2 Ep7:  19%|███████████████▍                                                                 | 22/115 [00:13<00:55,  1.67it/s, loss=0.9669]Trial 2 Ep7:  20%|████████████████▏                                                                | 23/115 [00:13<00:55,  1.66it/s, loss=0.9669]Trial 2 Ep7:  20%|████████████████▏                                                                | 23/115 [00:14<00:55,  1.66it/s, loss=1.0514]Trial 2 Ep7:  21%|████████████████▉                                                                | 24/115 [00:14<00:54,  1.67it/s, loss=1.0514]Trial 2 Ep7:  21%|████████████████▉                                                                | 24/115 [00:15<00:54,  1.67it/s, loss=0.5998]Trial 2 Ep7:  22%|█████████████████▌                                                               | 25/115 [00:15<00:53,  1.67it/s, loss=0.5998]Trial 2 Ep7:  22%|█████████████████▌                                                               | 25/115 [00:15<00:53,  1.67it/s, loss=0.4681]Trial 2 Ep7:  23%|██████████████████▎                                                              | 26/115 [00:15<00:47,  1.87it/s, loss=0.4681]Trial 2 Ep7:  23%|██████████████████▎                                                              | 26/115 [00:16<00:47,  1.87it/s, loss=0.7361]Trial 2 Ep7:  23%|███████████████████                                                              | 27/115 [00:16<00:48,  1.80it/s, loss=0.7361]Trial 2 Ep7:  23%|███████████████████                                                              | 27/115 [00:16<00:48,  1.80it/s, loss=0.9500]Trial 2 Ep7:  24%|███████████████████▋                                                             | 28/115 [00:16<00:49,  1.77it/s, loss=0.9500]Trial 2 Ep7:  24%|███████████████████▋                                                             | 28/115 [00:17<00:49,  1.77it/s, loss=0.6416]Trial 2 Ep7:  25%|████████████████████▍                                                            | 29/115 [00:17<00:49,  1.74it/s, loss=0.6416]Trial 2 Ep7:  25%|████████████████████▍                                                            | 29/115 [00:17<00:49,  1.74it/s, loss=0.8693]Trial 2 Ep7:  26%|█████████████████████▏                                                           | 30/115 [00:17<00:48,  1.74it/s, loss=0.8693]Trial 2 Ep7:  26%|█████████████████████▏                                                           | 30/115 [00:18<00:48,  1.74it/s, loss=0.8118]Trial 2 Ep7:  27%|█████████████████████▊                                                           | 31/115 [00:18<00:49,  1.69it/s, loss=0.8118]Trial 2 Ep7:  27%|█████████████████████▊                                                           | 31/115 [00:18<00:49,  1.69it/s, loss=0.5470]Trial 2 Ep7:  28%|██████████████████████▌                                                          | 32/115 [00:18<00:49,  1.68it/s, loss=0.5470]Trial 2 Ep7:  28%|██████████████████████▌                                                          | 32/115 [00:19<00:49,  1.68it/s, loss=0.6365]Trial 2 Ep7:  29%|███████████████████████▏                                                         | 33/115 [00:19<00:48,  1.69it/s, loss=0.6365]Trial 2 Ep7:  29%|███████████████████████▏                                                         | 33/115 [00:20<00:48,  1.69it/s, loss=0.8751]Trial 2 Ep7:  30%|███████████████████████▉                                                         | 34/115 [00:20<00:48,  1.68it/s, loss=0.8751]Trial 2 Ep7:  30%|███████████████████████▉                                                         | 34/115 [00:20<00:48,  1.68it/s, loss=1.0461]Trial 2 Ep7:  30%|████████████████████████▋                                                        | 35/115 [00:20<00:47,  1.67it/s, loss=1.0461]Trial 2 Ep7:  30%|████████████████████████▋                                                        | 35/115 [00:21<00:47,  1.67it/s, loss=1.2886]Trial 2 Ep7:  31%|█████████████████████████▎                                                       | 36/115 [00:21<00:47,  1.66it/s, loss=1.2886]Trial 2 Ep7:  31%|█████████████████████████▎                                                       | 36/115 [00:22<00:47,  1.66it/s, loss=0.8764]Trial 2 Ep7:  32%|██████████████████████████                                                       | 37/115 [00:22<00:47,  1.66it/s, loss=0.8764]Trial 2 Ep7:  32%|██████████████████████████                                                       | 37/115 [00:22<00:47,  1.66it/s, loss=0.7502]Trial 2 Ep7:  33%|██████████████████████████▊                                                      | 38/115 [00:22<00:46,  1.65it/s, loss=0.7502]Trial 2 Ep7:  33%|██████████████████████████▊                                                      | 38/115 [00:23<00:46,  1.65it/s, loss=0.6530]Trial 2 Ep7:  34%|███████████████████████████▍                                                     | 39/115 [00:23<00:46,  1.65it/s, loss=0.6530]Trial 2 Ep7:  34%|███████████████████████████▍                                                     | 39/115 [00:23<00:46,  1.65it/s, loss=0.5385]Trial 2 Ep7:  35%|████████████████████████████▏                                                    | 40/115 [00:23<00:45,  1.65it/s, loss=0.5385]Trial 2 Ep7:  35%|████████████████████████████▏                                                    | 40/115 [00:24<00:45,  1.65it/s, loss=0.5637]Trial 2 Ep7:  36%|████████████████████████████▉                                                    | 41/115 [00:24<00:45,  1.64it/s, loss=0.5637]Trial 2 Ep7:  36%|████████████████████████████▉                                                    | 41/115 [00:25<00:45,  1.64it/s, loss=0.7527]Trial 2 Ep7:  37%|█████████████████████████████▌                                                   | 42/115 [00:25<00:44,  1.63it/s, loss=0.7527]Trial 2 Ep7:  37%|█████████████████████████████▌                                                   | 42/115 [00:25<00:44,  1.63it/s, loss=1.0681]Trial 2 Ep7:  37%|██████████████████████████████▎                                                  | 43/115 [00:25<00:44,  1.62it/s, loss=1.0681]Trial 2 Ep7:  37%|██████████████████████████████▎                                                  | 43/115 [00:26<00:44,  1.62it/s, loss=1.0155]Trial 2 Ep7:  38%|██████████████████████████████▉                                                  | 44/115 [00:26<00:43,  1.62it/s, loss=1.0155]Trial 2 Ep7:  38%|██████████████████████████████▉                                                  | 44/115 [00:26<00:43,  1.62it/s, loss=0.5836]Trial 2 Ep7:  39%|███████████████████████████████▋                                                 | 45/115 [00:26<00:42,  1.63it/s, loss=0.5836]Trial 2 Ep7:  39%|███████████████████████████████▋                                                 | 45/115 [00:27<00:42,  1.63it/s, loss=0.5159]Trial 2 Ep7:  40%|████████████████████████████████▍                                                | 46/115 [00:27<00:42,  1.63it/s, loss=0.5159]Trial 2 Ep7:  40%|████████████████████████████████▍                                                | 46/115 [00:28<00:42,  1.63it/s, loss=0.4655]Trial 2 Ep7:  41%|█████████████████████████████████                                                | 47/115 [00:28<00:41,  1.62it/s, loss=0.4655]Trial 2 Ep7:  41%|█████████████████████████████████                                                | 47/115 [00:28<00:41,  1.62it/s, loss=0.3769]Trial 2 Ep7:  42%|█████████████████████████████████▊                                               | 48/115 [00:28<00:40,  1.64it/s, loss=0.3769]Trial 2 Ep7:  42%|█████████████████████████████████▊                                               | 48/115 [00:29<00:40,  1.64it/s, loss=0.6114]Trial 2 Ep7:  43%|██████████████████████████████████▌                                              | 49/115 [00:29<00:40,  1.64it/s, loss=0.6114]Trial 2 Ep7:  43%|██████████████████████████████████▌                                              | 49/115 [00:29<00:40,  1.64it/s, loss=0.7942]Trial 2 Ep7:  43%|███████████████████████████████████▏                                             | 50/115 [00:29<00:39,  1.65it/s, loss=0.7942]Trial 2 Ep7:  43%|███████████████████████████████████▏                                             | 50/115 [00:30<00:39,  1.65it/s, loss=0.5702]Trial 2 Ep7:  44%|███████████████████████████████████▉                                             | 51/115 [00:30<00:38,  1.65it/s, loss=0.5702]Trial 2 Ep7:  44%|███████████████████████████████████▉                                             | 51/115 [00:31<00:38,  1.65it/s, loss=1.0505]Trial 2 Ep7:  45%|████████████████████████████████████▋                                            | 52/115 [00:31<00:38,  1.64it/s, loss=1.0505]Trial 2 Ep7:  45%|████████████████████████████████████▋                                            | 52/115 [00:31<00:38,  1.64it/s, loss=0.9570]Trial 2 Ep7:  46%|█████████████████████████████████████▎                                           | 53/115 [00:31<00:37,  1.64it/s, loss=0.9570]Trial 2 Ep7:  46%|█████████████████████████████████████▎                                           | 53/115 [00:32<00:37,  1.64it/s, loss=0.5385]Trial 2 Ep7:  47%|██████████████████████████████████████                                           | 54/115 [00:32<00:37,  1.63it/s, loss=0.5385]Trial 2 Ep7:  47%|██████████████████████████████████████                                           | 54/115 [00:33<00:37,  1.63it/s, loss=0.5497]Trial 2 Ep7:  48%|██████████████████████████████████████▋                                          | 55/115 [00:33<00:36,  1.63it/s, loss=0.5497]Trial 2 Ep7:  48%|██████████████████████████████████████▋                                          | 55/115 [00:33<00:36,  1.63it/s, loss=0.7064]Trial 2 Ep7:  49%|███████████████████████████████████████▍                                         | 56/115 [00:33<00:36,  1.62it/s, loss=0.7064]Trial 2 Ep7:  49%|███████████████████████████████████████▍                                         | 56/115 [00:34<00:36,  1.62it/s, loss=1.1619]Trial 2 Ep7:  50%|████████████████████████████████████████▏                                        | 57/115 [00:34<00:36,  1.60it/s, loss=1.1619]Trial 2 Ep7:  50%|████████████████████████████████████████▏                                        | 57/115 [00:34<00:36,  1.60it/s, loss=1.0694]Trial 2 Ep7:  50%|████████████████████████████████████████▊                                        | 58/115 [00:34<00:35,  1.59it/s, loss=1.0694]Trial 2 Ep7:  50%|████████████████████████████████████████▊                                        | 58/115 [00:35<00:35,  1.59it/s, loss=0.7049]Trial 2 Ep7:  51%|█████████████████████████████████████████▌                                       | 59/115 [00:35<00:35,  1.59it/s, loss=0.7049]Trial 2 Ep7:  51%|█████████████████████████████████████████▌                                       | 59/115 [00:36<00:35,  1.59it/s, loss=0.5238]Trial 2 Ep7:  52%|██████████████████████████████████████████▎                                      | 60/115 [00:36<00:34,  1.57it/s, loss=0.5238]Trial 2 Ep7:  52%|██████████████████████████████████████████▎                                      | 60/115 [00:36<00:34,  1.57it/s, loss=0.8759]Trial 2 Ep7:  53%|██████████████████████████████████████████▉                                      | 61/115 [00:36<00:33,  1.60it/s, loss=0.8759]Trial 2 Ep7:  53%|██████████████████████████████████████████▉                                      | 61/115 [00:37<00:33,  1.60it/s, loss=1.4126]Trial 2 Ep7:  54%|███████████████████████████████████████████▋                                     | 62/115 [00:37<00:33,  1.60it/s, loss=1.4126]Trial 2 Ep7:  54%|███████████████████████████████████████████▋                                     | 62/115 [00:38<00:33,  1.60it/s, loss=1.0501]Trial 2 Ep7:  55%|████████████████████████████████████████████▎                                    | 63/115 [00:38<00:32,  1.62it/s, loss=1.0501]Trial 2 Ep7:  55%|████████████████████████████████████████████▎                                    | 63/115 [00:38<00:32,  1.62it/s, loss=0.4821]Trial 2 Ep7:  56%|█████████████████████████████████████████████                                    | 64/115 [00:38<00:31,  1.62it/s, loss=0.4821]Trial 2 Ep7:  56%|█████████████████████████████████████████████                                    | 64/115 [00:39<00:31,  1.62it/s, loss=0.9339]Trial 2 Ep7:  57%|█████████████████████████████████████████████▊                                   | 65/115 [00:39<00:31,  1.61it/s, loss=0.9339]Trial 2 Ep7:  57%|█████████████████████████████████████████████▊                                   | 65/115 [00:39<00:31,  1.61it/s, loss=1.0758]Trial 2 Ep7:  57%|██████████████████████████████████████████████▍                                  | 66/115 [00:39<00:30,  1.59it/s, loss=1.0758]Trial 2 Ep7:  57%|██████████████████████████████████████████████▍                                  | 66/115 [00:40<00:30,  1.59it/s, loss=1.1747]Trial 2 Ep7:  58%|███████████████████████████████████████████████▏                                 | 67/115 [00:40<00:29,  1.61it/s, loss=1.1747]Trial 2 Ep7:  58%|███████████████████████████████████████████████▏                                 | 67/115 [00:41<00:29,  1.61it/s, loss=0.8229]Trial 2 Ep7:  59%|███████████████████████████████████████████████▉                                 | 68/115 [00:41<00:29,  1.59it/s, loss=0.8229]Trial 2 Ep7:  59%|███████████████████████████████████████████████▉                                 | 68/115 [00:41<00:29,  1.59it/s, loss=0.6312]Trial 2 Ep7:  60%|████████████████████████████████████████████████▌                                | 69/115 [00:41<00:28,  1.60it/s, loss=0.6312]Trial 2 Ep7:  60%|████████████████████████████████████████████████▌                                | 69/115 [00:42<00:28,  1.60it/s, loss=0.4147]Trial 2 Ep7:  61%|█████████████████████████████████████████████████▎                               | 70/115 [00:42<00:27,  1.61it/s, loss=0.4147]Trial 2 Ep7:  61%|█████████████████████████████████████████████████▎                               | 70/115 [00:43<00:27,  1.61it/s, loss=0.5163]Trial 2 Ep7:  62%|██████████████████████████████████████████████████                               | 71/115 [00:43<00:27,  1.61it/s, loss=0.5163]Trial 2 Ep7:  62%|██████████████████████████████████████████████████                               | 71/115 [00:43<00:27,  1.61it/s, loss=0.8796]Trial 2 Ep7:  63%|██████████████████████████████████████████████████▋                              | 72/115 [00:43<00:26,  1.60it/s, loss=0.8796]Trial 2 Ep7:  63%|██████████████████████████████████████████████████▋                              | 72/115 [00:44<00:26,  1.60it/s, loss=0.5712]Trial 2 Ep7:  63%|███████████████████████████████████████████████████▍                             | 73/115 [00:44<00:26,  1.61it/s, loss=0.5712]Trial 2 Ep7:  63%|███████████████████████████████████████████████████▍                             | 73/115 [00:44<00:26,  1.61it/s, loss=0.5716]Trial 2 Ep7:  64%|████████████████████████████████████████████████████                             | 74/115 [00:44<00:25,  1.60it/s, loss=0.5716]Trial 2 Ep7:  64%|████████████████████████████████████████████████████                             | 74/115 [00:45<00:25,  1.60it/s, loss=0.4513]Trial 2 Ep7:  65%|████████████████████████████████████████████████████▊                            