Trial 3 Ep6:   0%|                                                                                                       | 0/115 [00:00<?, ?it/s]Trial 3 Ep6:   0%|                                                                                          | 0/115 [00:00<?, ?it/s, loss=0.6606]Trial 3 Ep6:   1%|▋                                                                                 | 1/115 [00:00<01:05,  1.75it/s, loss=0.6606]Trial 3 Ep6:   1%|▋                                                                                 | 1/115 [00:01<01:05,  1.75it/s, loss=0.4956]Trial 3 Ep6:   2%|█▍                                                                                | 2/115 [00:01<01:04,  1.74it/s, loss=0.4956]Trial 3 Ep6:   2%|█▍                                                                                | 2/115 [00:01<01:04,  1.74it/s, loss=0.4554]Trial 3 Ep6:   3%|██▏                                                                               | 3/115 [00:01<01:05,  1.72it/s, loss=0.4554]Trial 3 Ep6:   3%|██▏                                                                               | 3/115 [00:02<01:05,  1.72it/s, loss=0.4863]Trial 3 Ep6:   3%|██▊                                                                               | 4/115 [00:02<01:05,  1.70it/s, loss=0.4863]Trial 3 Ep6:   3%|██▊                                                                               | 4/115 [00:02<01:05,  1.70it/s, loss=0.4342]Trial 3 Ep6:   4%|███▌                                                                              | 5/115 [00:02<01:05,  1.68it/s, loss=0.4342]Trial 3 Ep6:   4%|███▌                                                                              | 5/115 [00:03<01:05,  1.68it/s, loss=0.4629]Trial 3 Ep6:   5%|████▎                                                                             | 6/115 [00:03<01:05,  1.66it/s, loss=0.4629]Trial 3 Ep6:   5%|████▎                                                                             | 6/115 [00:04<01:05,  1.66it/s, loss=0.8430]Trial 3 Ep6:   6%|████▉                                                                             | 7/115 [00:04<01:05,  1.65it/s, loss=0.8430]Trial 3 Ep6:   6%|████▉                                                                             | 7/115 [00:04<01:05,  1.65it/s, loss=0.5869]Trial 3 Ep6:   7%|█████▋                                                                            | 8/115 [00:04<01:05,  1.64it/s, loss=0.5869]Trial 3 Ep6:   7%|█████▋                                                                            | 8/115 [00:05<01:05,  1.64it/s, loss=0.9486]Trial 3 Ep6:   8%|██████▍                                                                           | 9/115 [00:05<01:04,  1.64it/s, loss=0.9486]Trial 3 Ep6:   8%|██████▍                                                                           | 9/115 [00:06<01:04,  1.64it/s, loss=0.5519]Trial 3 Ep6:   9%|███████                                                                          | 10/115 [00:06<01:04,  1.64it/s, loss=0.5519]Trial 3 Ep6:   9%|███████                                                                          | 10/115 [00:06<01:04,  1.64it/s, loss=0.3716]Trial 3 Ep6:  10%|███████▋                                                                         | 11/115 [00:06<01:03,  1.65it/s, loss=0.3716]Trial 3 Ep6:  10%|███████▋                                                                         | 11/115 [00:07<01:03,  1.65it/s, loss=0.6367]Trial 3 Ep6:  10%|████████▍                                                                        | 12/115 [00:07<01:01,  1.66it/s, loss=0.6367]Trial 3 Ep6:  10%|████████▍                                                                        | 12/115 [00:07<01:01,  1.66it/s, loss=0.8154]Trial 3 Ep6:  11%|█████████▏                                                                       | 13/115 [00:07<01:00,  1.69it/s, loss=0.8154]Trial 3 Ep6:  11%|█████████▏                                                                       | 13/115 [00:08<01:00,  1.69it/s, loss=1.1292]Trial 3 Ep6:  12%|█████████▊                                                                       | 14/115 [00:08<01:00,  1.68it/s, loss=1.1292]Trial 3 Ep6:  12%|█████████▊                                                                       | 14/115 [00:08<01:00,  1.68it/s, loss=1.3307]Trial 3 Ep6:  13%|██████████▌                                                                      | 15/115 [00:08<01:00,  1.66it/s, loss=1.3307]Trial 3 Ep6:  13%|██████████▌                                                                      | 15/115 [00:09<01:00,  1.66it/s, loss=0.9238]Trial 3 Ep6:  14%|███████████▎                                                                     | 16/115 [00:09<00:59,  1.66it/s, loss=0.9238]Trial 3 Ep6:  14%|███████████▎                                                                     | 16/115 [00:10<00:59,  1.66it/s, loss=0.9661]Trial 3 Ep6:  15%|███████████▉                                                                     | 17/115 [00:10<00:58,  1.67it/s, loss=0.9661]Trial 3 Ep6:  15%|███████████▉                                                                     | 17/115 [00:10<00:58,  1.67it/s, loss=0.2670]Trial 3 Ep6:  16%|████████████▋                                                                    | 18/115 [00:10<00:59,  1.64it/s, loss=0.2670]Trial 3 Ep6:  16%|████████████▋                                                                    | 18/115 [00:11<00:59,  1.64it/s, loss=0.9447]Trial 3 Ep6:  17%|█████████████▍                                                                   | 19/115 [00:11<00:58,  1.65it/s, loss=0.9447]Trial 3 Ep6:  17%|█████████████▍                                                                   | 19/115 [00:11<00:58,  1.65it/s, loss=0.9263]Trial 3 Ep6:  17%|██████████████                                                                   | 20/115 [00:11<00:56,  1.67it/s, loss=0.9263]Trial 3 Ep6:  17%|██████████████                                                                   | 20/115 [00:12<00:56,  1.67it/s, loss=1.1182]Trial 3 Ep6:  18%|██████████████▊                                                                  | 21/115 [00:12<00:55,  1.70it/s, loss=1.1182]Trial 3 Ep6:  18%|██████████████▊                                                                  | 21/115 [00:13<00:55,  1.70it/s, loss=0.8119]Trial 3 Ep6:  19%|███████████████▍                                                                 | 22/115 [00:13<00:54,  1.71it/s, loss=0.8119]Trial 3 Ep6:  19%|███████████████▍                                                                 | 22/115 [00:13<00:54,  1.71it/s, loss=0.9105]Trial 3 Ep6:  20%|████████████████▏                                                                | 23/115 [00:13<00:53,  1.71it/s, loss=0.9105]Trial 3 Ep6:  20%|████████████████▏                                                                | 23/115 [00:14<00:53,  1.71it/s, loss=1.4875]Trial 3 Ep6:  21%|████████████████▉                                                                | 24/115 [00:14<00:52,  1.72it/s, loss=1.4875]Trial 3 Ep6:  21%|████████████████▉                                                                | 24/115 [00:14<00:52,  1.72it/s, loss=1.2220]Trial 3 Ep6:  22%|█████████████████▌                                                               | 25/115 [00:14<00:52,  1.72it/s, loss=1.2220]Trial 3 Ep6:  22%|█████████████████▌                                                               | 25/115 [00:15<00:52,  1.72it/s, loss=1.1848]Trial 3 Ep6:  23%|██████████████████▎                                                              | 26/115 [00:15<00:51,  1.72it/s, loss=1.1848]Trial 3 Ep6:  23%|██████████████████▎                                                              | 26/115 [00:16<00:51,  1.72it/s, loss=0.6525]Trial 3 Ep6:  23%|███████████████████                                                              | 27/115 [00:16<00:51,  1.71it/s, loss=0.6525]Trial 3 Ep6:  23%|███████████████████                                                              | 27/115 [00:16<00:51,  1.71it/s, loss=0.9188]Trial 3 Ep6:  24%|███████████████████▋                                                             | 28/115 [00:16<00:50,  1.71it/s, loss=0.9188]Trial 3 Ep6:  24%|███████████████████▋                                                             | 28/115 [00:17<00:50,  1.71it/s, loss=0.6002]Trial 3 Ep6:  25%|████████████████████▍                                                            | 29/115 [00:17<00:50,  1.71it/s, loss=0.6002]Trial 3 Ep6:  25%|████████████████████▍                                                            | 29/115 [00:17<00:50,  1.71it/s, loss=0.7255]Trial 3 Ep6:  26%|█████████████████████▏                                                           | 30/115 [00:17<00:49,  1.72it/s, loss=0.7255]Trial 3 Ep6:  26%|█████████████████████▏                                                           | 30/115 [00:18<00:49,  1.72it/s, loss=0.9607]Trial 3 Ep6:  27%|█████████████████████▊                                                           | 31/115 [00:18<00:48,  1.72it/s, loss=0.9607]Trial 3 Ep6:  27%|█████████████████████▊                                                           | 31/115 [00:18<00:48,  1.72it/s, loss=0.6423]Trial 3 Ep6:  28%|██████████████████████▌                                                          | 32/115 [00:18<00:48,  1.73it/s, loss=0.6423]Trial 3 Ep6:  28%|██████████████████████▌                                                          | 32/115 [00:19<00:48,  1.73it/s, loss=0.7031]Trial 3 Ep6:  29%|███████████████████████▏                                                         | 33/115 [00:19<00:47,  1.71it/s, loss=0.7031]Trial 3 Ep6:  29%|███████████████████████▏                                                         | 33/115 [00:20<00:47,  1.71it/s, loss=0.6493]Trial 3 Ep6:  30%|███████████████████████▉                                                         | 34/115 [00:20<00:47,  1.71it/s, loss=0.6493]Trial 3 Ep6:  30%|███████████████████████▉                                                         | 34/115 [00:20<00:47,  1.71it/s, loss=0.7008]Trial 3 Ep6:  30%|████████████████████████▋                                                        | 35/115 [00:20<00:47,  1.70it/s, loss=0.7008]Trial 3 Ep6:  30%|████████████████████████▋                                                        | 35/115 [00:21<00:47,  1.70it/s, loss=1.2637]Trial 3 Ep6:  31%|█████████████████████████▎                                                       | 36/115 [00:21<00:45,  1.72it/s, loss=1.2637]Trial 3 Ep6:  31%|█████████████████████████▎                                                       | 36/115 [00:21<00:45,  1.72it/s, loss=1.1341]Trial 3 Ep6:  32%|██████████████████████████                                                       | 37/115 [00:21<00:45,  1.72it/s, loss=1.1341]Trial 3 Ep6:  32%|██████████████████████████                                                       | 37/115 [00:22<00:45,  1.72it/s, loss=0.8854]Trial 3 Ep6:  33%|██████████████████████████▊                                                      | 38/115 [00:22<00:45,  1.69it/s, loss=0.8854]Trial 3 Ep6:  33%|██████████████████████████▊                                                      | 38/115 [00:23<00:45,  1.69it/s, loss=0.5095]Trial 3 Ep6:  34%|███████████████████████████▍                                                     | 39/115 [00:23<00:44,  1.70it/s, loss=0.5095]Trial 3 Ep6:  34%|███████████████████████████▍                                                     | 39/115 [00:23<00:44,  1.70it/s, loss=1.1507]Trial 3 Ep6:  35%|████████████████████████████▏                                                    | 40/115 [00:23<00:43,  1.72it/s, loss=1.1507]Trial 3 Ep6:  35%|████████████████████████████▏                                                    | 40/115 [00:24<00:43,  1.72it/s, loss=1.8588]Trial 3 Ep6:  36%|████████████████████████████▉                                                    | 41/115 [00:24<00:43,  1.72it/s, loss=1.8588]Trial 3 Ep6:  36%|████████████████████████████▉                                                    | 41/115 [00:24<00:43,  1.72it/s, loss=1.2669]Trial 3 Ep6:  37%|█████████████████████████████▌                                                   | 42/115 [00:24<00:42,  1.73it/s, loss=1.2669]Trial 3 Ep6:  37%|█████████████████████████████▌                                                   | 42/115 [00:25<00:42,  1.73it/s, loss=1.3302]Trial 3 Ep6:  37%|██████████████████████████████▎                                                  | 43/115 [00:25<00:41,  1.72it/s, loss=1.3302]Trial 3 Ep6:  37%|██████████████████████████████▎                                                  | 43/115 [00:25<00:41,  1.72it/s, loss=0.8460]Trial 3 Ep6:  38%|██████████████████████████████▉                                                  | 44/115 [00:25<00:40,  1.75it/s, loss=0.8460]Trial 3 Ep6:  38%|██████████████████████████████▉                                                  | 44/115 [00:26<00:40,  1.75it/s, loss=0.6834]Trial 3 Ep6:  39%|███████████████████████████████▋                                                 | 45/115 [00:26<00:40,  1.73it/s, loss=0.6834]Trial 3 Ep6:  39%|███████████████████████████████▋                                                 | 45/115 [00:27<00:40,  1.73it/s, loss=0.7962]Trial 3 Ep6:  40%|████████████████████████████████▍                                                | 46/115 [00:27<00:39,  1.74it/s, loss=0.7962]Trial 3 Ep6:  40%|████████████████████████████████▍                                                | 46/115 [00:27<00:39,  1.74it/s, loss=0.9925]Trial 3 Ep6:  41%|█████████████████████████████████                                                | 47/115 [00:27<00:38,  1.75it/s, loss=0.9925]Trial 3 Ep6:  41%|█████████████████████████████████                                                | 47/115 [00:28<00:38,  1.75it/s, loss=0.8276]Trial 3 Ep6:  42%|█████████████████████████████████▊                                               | 48/115 [00:28<00:38,  1.73it/s, loss=0.8276]Trial 3 Ep6:  42%|█████████████████████████████████▊                                               | 48/115 [00:28<00:38,  1.73it/s, loss=0.2783]Trial 3 Ep6:  43%|██████████████████████████████████▌                                              | 49/115 [00:28<00:38,  1.72it/s, loss=0.2783]Trial 3 Ep6:  43%|██████████████████████████████████▌                                              | 49/115 [00:29<00:38,  1.72it/s, loss=0.4092]Trial 3 Ep6:  43%|███████████████████████████████████▏                                             | 50/115 [00:29<00:37,  1.72it/s, loss=0.4092]Trial 3 Ep6:  43%|███████████████████████████████████▏                                             | 50/115 [00:29<00:37,  1.72it/s, loss=1.3742]Trial 3 Ep6:  44%|███████████████████████████████████▉                                             | 51/115 [00:29<00:36,  1.74it/s, loss=1.3742]Trial 3 Ep6:  44%|███████████████████████████████████▉                                             | 51/115 [00:30<00:36,  1.74it/s, loss=2.0992]Trial 3 Ep6:  45%|████████████████████████████████████▋                                            | 52/115 [00:30<00:36,  1.72it/s, loss=2.0992]Trial 3 Ep6:  45%|████████████████████████████████████▋                                            | 52/115 [00:31<00:36,  1.72it/s, loss=1.5914]Trial 3 Ep6:  46%|█████████████████████████████████████▎                                           | 53/115 [00:31<00:36,  1.70it/s, loss=1.5914]Trial 3 Ep6:  46%|█████████████████████████████████████▎                                           | 53/115 [00:31<00:36,  1.70it/s, loss=1.0452]Trial 3 Ep6:  47%|██████████████████████████████████████                                           | 54/115 [00:31<00:36,  1.67it/s, loss=1.0452]Trial 3 Ep6:  47%|██████████████████████████████████████                                           | 54/115 [00:32<00:36,  1.67it/s, loss=0.3288]Trial 3 Ep6:  48%|██████████████████████████████████████▋                                          | 55/115 [00:32<00:35,  1.70it/s, loss=0.3288]Trial 3 Ep6:  48%|██████████████████████████████████████▋                                          | 55/115 [00:32<00:35,  1.70it/s, loss=0.5896]Trial 3 Ep6:  49%|███████████████████████████████████████▍                                         | 56/115 [00:32<00:33,  1.76it/s, loss=0.5896]Trial 3 Ep6:  49%|███████████████████████████████████████▍                                         | 56/115 [00:33<00:33,  1.76it/s, loss=1.1249]Trial 3 Ep6:  50%|████████████████████████████████████████▏                                        | 57/115 [00:33<00:32,  1.78it/s, loss=1.1249]Trial 3 Ep6:  50%|████████████████████████████████████████▏                                        | 57/115 [00:34<00:32,  1.78it/s, loss=0.8697]Trial 3 Ep6:  50%|████████████████████████████████████████▊                                        | 58/115 [00:34<00:33,  1.73it/s, loss=0.8697]Trial 3 Ep6:  50%|████████████████████████████████████████▊                                        | 58/115 [00:34<00:33,  1.73it/s, loss=0.4040]Trial 3 Ep6:  51%|█████████████████████████████████████████▌                                       | 59/115 [00:34<00:32,  1.70it/s, loss=0.4040]Trial 3 Ep6:  51%|█████████████████████████████████████████▌                                       | 59/115 [00:35<00:32,  1.70it/s, loss=0.8742]Trial 3 Ep6:  52%|██████████████████████████████████████████▎                                      | 60/115 [00:35<00:33,  1.66it/s, loss=0.8742]Trial 3 Ep6:  52%|██████████████████████████████████████████▎                                      | 60/115 [00:35<00:33,  1.66it/s, loss=1.0076]Trial 3 Ep6:  53%|██████████████████████████████████████████▉                                      | 61/115 [00:35<00:32,  1.66it/s, loss=1.0076]Trial 3 Ep6:  53%|██████████████████████████████████████████▉                                      | 61/115 [00:36<00:32,  1.66it/s, loss=1.3109]Trial 3 Ep6:  54%|███████████████████████████████████████████▋                                     | 62/115 [00:36<00:31,  1.67it/s, loss=1.3109]Trial 3 Ep6:  54%|███████████████████████████████████████████▋                                     | 62/115 [00:37<00:31,  1.67it/s, loss=0.7195]Trial 3 Ep6:  55%|████████████████████████████████████████████▎                                    | 63/115 [00:37<00:30,  1.69it/s, loss=0.7195]Trial 3 Ep6:  55%|████████████████████████████████████████████▎                                    | 63/115 [00:37<00:30,  1.69it/s, loss=0.7982]Trial 3 Ep6:  56%|█████████████████████████████████████████████                                    | 64/115 [00:37<00:29,  1.70it/s, loss=0.7982]Trial 3 Ep6:  56%|█████████████████████████████████████████████                                    | 64/115 [00:38<00:29,  1.70it/s, loss=1.1280]Trial 3 Ep6:  57%|█████████████████████████████████████████████▊                                   | 65/115 [00:38<00:29,  1.69it/s, loss=1.1280]Trial 3 Ep6:  57%|█████████████████████████████████████████████▊                                   | 65/115 [00:38<00:29,  1.69it/s, loss=0.7070]Trial 3 Ep6:  57%|██████████████████████████████████████████████▍                                  | 66/115 [00:38<00:28,  1.69it/s, loss=0.7070]Trial 3 Ep6:  57%|██████████████████████████████████████████████▍                                  | 66/115 [00:39<00:28,  1.69it/s, loss=0.3450]Trial 3 Ep6:  58%|███████████████████████████████████████████████▏                                 | 67/115 [00:39<00:28,  1.70it/s, loss=0.3450]Trial 3 Ep6:  58%|███████████████████████████████████████████████▏                                 | 67/115 [00:39<00:28,  1.70it/s, loss=0.5910]Trial 3 Ep6:  59%|███████████████████████████████████████████████▉                                 | 68/115 [00:39<00:27,  1.72it/s, loss=0.5910]Trial 3 Ep6:  59%|███████████████████████████████████████████████▉                                 | 68/115 [00:40<00:27,  1.72it/s, loss=1.1249]Trial 3 Ep6:  60%|████████████████████████████████████████████████▌                                | 69/115 [00:40<00:26,  1.72it/s, loss=1.1249]Trial 3 Ep6:  60%|████████████████████████████████████████████████▌                                | 69/115 [00:41<00:26,  1.72it/s, loss=1.3758]Trial 3 Ep6:  61%|█████████████████████████████████████████████████▎                               | 70/115 [00:41<00:26,  1.73it/s, loss=1.3758]Trial 3 Ep6:  61%|█████████████████████████████████████████████████▎                               | 70/115 [00:41<00:26,  1.73it/s, loss=0.9384]Trial 3 Ep6:  62%|██████████████████████████████████████████████████                               | 71/115 [00:41<00:25,  1.74it/s, loss=0.9384]Trial 3 Ep6:  62%|██████████████████████████████████████████████████                               | 71/115 [00:42<00:25,  1.74it/s, loss=0.7164]Trial 3 Ep6:  63%|██████████████████████████████████████████████████▋                              | 72/115 [00:42<00:24,  1.73it/s, loss=0.7164]Trial 3 Ep6:  63%|██████████████████████████████████████████████████▋                              | 72/115 [00:42<00:24,  1.73it/s, loss=1.0175]Trial 3 Ep6:  63%|███████████████████████████████████████████████████▍                             | 73/115 [00:42<00:24,  1.74it/s, loss=1.0175]Trial 3 Ep6:  63%|███████████████████████████████████████████████████▍                             | 73/115 [00:43<00:24,  1.74it/s, loss=1.3595]Trial 3 Ep6:  64%|████████████████████████████████████████████████████                             | 74/115 [00:43<00:23,  1.74it/s, loss=1.3595]Trial 3 Ep6:  64%|████████████████████████████████████████████████████                             | 74/115 [00:44<00:23,  1.74it/s, loss=2.1013]Trial 3 Ep6:  65%|████████████████████████████████████████████████████▊                            