[I 2026-02-25 15:02:58,731] A new study created in RDB with name: mrpc_high_tlr_abs_test
Task: mrpc, Metric: f1
BSZ: 32, max_seq: 128, epochs: 7
Train batches: 115, Eval batches: 7
  lr=0.006 (fixed, per-task)
  transfer_every=1 (fixed, uim=True, every mini-batch)
  fast_lr=1.0 (fixed), transfer_lr=1.0 (fixed)
  Early stop patience: 2, Pruner: Median, startup=5, warmup=2

Study: mrpc_high_tlr_abs_test, Device: cuda, New trials: 5

======================================================================
Trial 0 Starting (mrpc, metric=f1)
======================================================================
  transfer_every=1, transfer_lr=2.0507e+01, fast_lr=1.0000e+00, desired_bl=31
  lr=6.00e-03, wd=0.00e+00
  momentum=0.00, nesterov=False, optimizer=AnalogAdam
  min_lr_rate=0.5000
======================================================================
Some weights of MobileBertForSequenceClassification were not initialized from the model checkpoint at google/mobilebert-uncased and are newly initialized: ['classifier.bias', 'classifier.weight']
You should probably TRAIN this model on a down-stream task to be able to use it for predictions and inference.
  [FIX] Reinitialized classifier with FIXED seed=42
  [DIGITAL] Keeping 264 non-target layers as digital (frozen)
  TikiTaka: 96, NT Analog: 0, Total analog: 96, Total params: 21,842,786
  Trainable: 13,410
  Target: qkv -> ['attention (q,k,v,W_O)']
Trial 0 Ep1:   0%|                                                                                                       | 0/115 [00:00<?, ?it/s]Trial 0 Ep1:   0%|                                                                                    | 0/115 [00:00<?, ?it/s, loss=3629775.7500]Trial 0 Ep1:   1%|▋                                                                           | 1/115 [00:00<01:37,  1.17it/s, loss=3629775.7500]Trial 0 Ep1:   1%|▋                                                                           | 1/115 [00:10<01:37,  1.17it/s, loss=3412305.5000]Trial 0 Ep1:   2%|█▎                                                                          | 2/115 [00:10<11:22,  6.04s/it, loss=3412305.5000]Trial 0 Ep1:   2%|█▎                                                                          | 2/115 [00:12<11:22,  6.04s/it, loss=2333713.7500]Trial 0 Ep1:   3%|█▉                                                                          | 3/115 [00:12<08:07,  4.35s/it, loss=2333713.7500]Trial 0 Ep1:   3%|██                                                                            | 3/115 [00:13<08:07,  4.35s/it, loss=98256.9062]Trial 0 Ep1:   3%|██▋                                                                           | 4/115 [00:13<05:24,  2.93s/it, loss=98256.9062]Trial 0 Ep1:   3%|██▋                                                                          | 4/115 [00:14<05:24,  2.93s/it, loss=722371.7500]Trial 0 Ep1:   4%|███▎                                                                         | 5/115 [00:14<04:06,  2.24s/it, loss=722371.7500]Trial 0 Ep1:   4%|███▎                                                                        | 5/115 [00:15<04:06,  2.24s/it, loss=1130181.3750]Trial 0 Ep1:   5%|███▉                                                                        | 6/115 [00:15<03:17,  1.81s/it, loss=1130181.3750]Trial 0 Ep1:   5%|████                                                                         | 6/115 [00:18<03:17,  1.81s/it, loss=424126.4688]Trial 0 Ep1:   6%|████▋                                                                        | 7/115 [00:18<03:38,  2.02s/it, loss=424126.4688]Trial 0 Ep1:   6%|████▋                                                                       | 7/115 [00:19<03:38,  2.02s/it, loss=1215109.7500]Trial 0 Ep1:   7%|█████▎                                                                      | 8/115 [00:19<03:10,  1.78s/it, loss=1215109.7500]Trial 0 Ep1:   7%|█████▎                                                                      | 8/115 [00:20<03:10,  1.78s/it, loss=1848353.3750]Trial 0 Ep1:   8%|█████▉                                                                      | 9/115 [00:20<02:49,  1.60s/it, loss=1848353.3750]Trial 0 Ep1:   8%|██████                                                                       | 9/115 [00:21<02:49,  1.60s/it, loss=739733.8750]Trial 0 Ep1:   9%|██████▌                                                                     | 10/115 [00:21<02:28,  1.41s/it, loss=739733.8750]Trial 0 Ep1:   9%|██████▌                                                                     | 10/115 [00:22<02:28,  1.41s/it, loss=881763.2500]Trial 0 Ep1:  10%|███████▎                                                                    | 11/115 [00:22<02:17,  1.32s/it, loss=881763.2500]Trial 0 Ep1:  10%|███████▎                                                                    | 11/115 [00:23<02:17,  1.32s/it, loss=903889.0625]Trial 0 Ep1:  10%|███████▉                                                                    | 12/115 [00:23<02:09,  1.26s/it, loss=903889.0625]Trial 0 Ep1:  10%|███████▉                                                                    | 12/115 [00:24<02:09,  1.26s/it, loss=381218.2500]Trial 0 Ep1:  11%|████████▌                                                                   | 13/115 [00:24<02:01,  1.19s/it, loss=381218.2500]Trial 0 Ep1:  11%|████████▍                                                                  | 13/115 [00:25<02:01,  1.19s/it, loss=2071118.8750]Trial 0 Ep1:  12%|█████████▏                                                                 | 14/115 [00:25<01:54,  1.13s/it, loss=2071118.8750]Trial 0 Ep1:  12%|█████████▏                                                                 | 14/115 [00:27<01:54,  1.13s/it, loss=2763500.7500]Trial 0 Ep1:  13%|█████████▊                                                                 | 15/115 [00:27<02:05,  1.26s/it, loss=2763500.7500]Trial 0 Ep1:  13%|█████████▊                                                                 | 15/115 [00:30<02:05,  1.26s/it, loss=1553692.2500]Trial 0 Ep1:  14%|██████████▍                                                                | 16/115 [00:30<02:49,  1.71s/it, loss=1553692.2500]Trial 0 Ep1:  14%|██████████▌                                                                 | 16/115 [00:31<02:49,  1.71s/it, loss=485443.5625]Trial 0 Ep1:  15%|███████████▏                                                                | 17/115 [00:31<02:28,  1.52s/it, loss=485443.5625]Trial 0 Ep1:  15%|███████████                                                                | 17/115 [00:32<02:28,  1.52s/it, loss=1005027.9375]Trial 0 Ep1:  16%|███████████▋                                                               | 18/115 [00:32<02:16,  1.40s/it, loss=1005027.9375]Trial 0 Ep1:  16%|███████████▉                                                                | 18/115 [00:33<02:16,  1.40s/it, loss=308239.6562]Trial 0 Ep1:  17%|████████████▌                                                               | 19/115 [00:33<02:02,  1.28s/it, loss=308239.6562]Trial 0 Ep1:  17%|████████████▍                                                              | 19/115 [00:34<02:02,  1.28s/it, loss=2550101.2500]Trial 0 Ep1:  17%|█████████████                                                              | 20/115 [00:34<02:06,  1.34s/it, loss=2550101.2500]Trial 0 Ep1:  17%|█████████████                                                              | 20/115 [00:36<02:06,  1.34s/it, loss=3401706.0000]Trial 0 Ep1:  18%|█████████████▋                                                             | 21/115 [00:36<02:13,  1.42s/it, loss=3401706.0000]Trial 0 Ep1:  18%|█████████████▋                                                             | 21/115 [00:37<02:13,  1.42s/it, loss=2239931.0000]Trial 0 Ep1:  19%|██████████████▎                                                            | 22/115 [00:37<02:13,  1.44s/it, loss=2239931.0000]Trial 0 Ep1:  19%|██████████████▌                                                             | 22/115 [00:39<02:13,  1.44s/it, loss=683043.9375]Trial 0 Ep1:  20%|███████████████▏                                                            | 23/115 [00:39<02:07,  1.38s/it, loss=683043.9375]Trial 0 Ep1:  20%|███████████████                                                            | 23/115 [00:40<02:07,  1.38s/it, loss=1160453.6250]Trial 0 Ep1:  21%|███████████████▋                                                           | 24/115 [00:40<02:04,  1.37s/it, loss=1160453.6250]Trial 0 Ep1:  21%|███████████████▊                                                            | 24/115 [00:41<02:04,  1.37s/it, loss=207069.0000]Trial 0 Ep1:  22%|████████████████▌                                                           | 25/115 [00:41<01:52,  1.25s/it, loss=207069.0000]Trial 0 Ep1:  22%|████████████████▎                                                          | 25/115 [00:43<01:52,  1.25s/it, loss=2882084.5000]Trial 0 Ep1:  23%|████████████████▉                                                          | 26/115 [00:43<02:04,  1.40s/it, loss=2882084.5000]Trial 0 Ep1:  23%|████████████████▉                                                          | 26/115 [00:44<02:04,  1.40s/it, loss=4518070.5000]Trial 0 Ep1:  23%|█████████████████▌                                                         | 27/115 [00:44<02:11,  1.50s/it, loss=4518070.5000]Trial 0 Ep1:  23%|█████████████████▌                                                         | 27/115 [00:46<02:11,  1.50s/it, loss=2179817.5000]Trial 0 Ep1:  24%|██████████████████▎                                                        | 28/115 [00:46<02:07,  1.47s/it, loss=2179817.5000]Trial 0 Ep1:  24%|██████████████████▌                                                         | 28/115 [00:47<02:07,  1.47s/it, loss=731110.9375]Trial 0 Ep1:  25%|███████████████████▏                                                        | 29/115 [00:47<01:50,  1.28s/it, loss=731110.9375]Trial 0 Ep1:  25%|███████████████████▏                                                        | 29/115 [00:48<01:50,  1.28s/it, loss=604343.1875]Trial 0 Ep1:  26%|███████████████████▊                                                        | 30/115 [00:48<01:41,  1.19s/it, loss=604343.1875]Trial 0 Ep1:  26%|███████████████████▊                                                        | 30/115 [00:48<01:41,  1.19s/it, loss=218177.6406]Trial 0 Ep1:  27%|████████████████████▍                                                       | 31/115 [00:48<01:32,  1.10s/it, loss=218177.6406]Trial 0 Ep1:  27%|████████████████████▏                                                      | 31/115 [00:50<01:32,  1.10s/it, loss=2924905.7500]Trial 0 Ep1:  28%|████████████████████▊                                                      | 32/115 [00:50<01:48,  1.31s/it, loss=2924905.7500]Trial 0 Ep1:  28%|████████████████████▊                                                      | 32/115 [00:52<01:48,  1.31s/it, loss=4206813.0000]Trial 0 Ep1:  29%|█████████████████████▌                                                     | 33/115 [00:52<01:55,  1.40s/it, loss=4206813.0000]Trial 0 Ep1:  29%|█████████████████████▌                                                     | 33/115 [00:54<01:55,  1.40s/it, loss=2326224.7500]Trial 0 Ep1:  30%|██████████████████████▏                                                    | 34/115 [00:54<01:59,  1.47s/it, loss=2326224.7500]Trial 0 Ep1:  30%|██████████████████████▍                                                     | 34/115 [00:55<01:59,  1.47s/it, loss=568167.5000]Trial 0 Ep1:  30%|███████████████████████▏                                                    | 35/115 [00:55<01:53,  1.42s/it, loss=568167.5000]Trial 0 Ep1:  30%|███████████████████████▏                                                    | 35/115 [00:56<01:53,  1.42s/it, loss=775451.3750]Trial 0 Ep1:  31%|███████████████████████▊                                                    | 36/115 [00:56<01:49,  1.39s/it, loss=775451.3750]Trial 0 Ep1:  31%|███████████████████████▊                                                    | 36/115 [00:57<01:49,  1.39s/it, loss=256447.9688]Trial 0 Ep1:  32%|████████████████████████▍                                                   | 37/115 [00:57<01:39,  1.27s/it, loss=256447.9688]Trial 0 Ep1:  32%|████████████████████████▏                                                  | 37/115 [00:59<01:39,  1.27s/it, loss=2512743.2500]Trial 0 Ep1:  33%|████████████████████████▊                                                  | 38/115 [00:59<01:48,  1.40s/it, loss=2512743.2500]Trial 0 Ep1:  33%|████████████████████████▊                                                  | 38/115 [01:01<01:48,  1.40s/it, loss=3027550.5000]Trial 0 Ep1:  34%|█████████████████████████▍                                                 | 39/115 [01:01<01:56,  1.53s/it, loss=3027550.5000]Trial 0 Ep1:  34%|█████████████████████████▍                                                 | 39/115 [01:02<01:56,  1.53s/it, loss=1449452.1250]Trial 0 Ep1:  35%|██████████████████████████                                                 | 40/115 [01:02<01:53,  1.51s/it, loss=1449452.1250]Trial 0 Ep1:  35%|██████████████████████████▍                                                 | 40/115 [01:03<01:53,  1.51s/it, loss=430706.6875]Trial 0 Ep1:  36%|███████████████████████████                                                 | 41/115 [01:03<01:42,  1.38s/it, loss=430706.6875]Trial 0 Ep1:  36%|███████████████████████████                                                 | 41/115 [01:04<01:42,  1.38s/it, loss=800348.6875]Trial 0 Ep1:  37%|███████████████████████████▊                                                | 42/115 [01:04<01:36,  1.33s/it, loss=800348.6875]Trial 0 Ep1:  37%|███████████████████████████▊                                                | 42/115 [01:05<01:36,  1.33s/it, loss=147702.0625]Trial 0 Ep1:  37%|████████████████████████████▍                                               | 43/115 [01:05<01:24,  1.18s/it, loss=147702.0625]Trial 0 Ep1:  37%|████████████████████████████                                               | 43/115 [01:07<01:24,  1.18s/it, loss=1486379.1250]Trial 0 Ep1:  38%|████████████████████████████▋                                              | 44/115 [01:07<01:35,  1.34s/it, loss=1486379.1250]Trial 0 Ep1:  38%|████████████████████████████▋                                              | 44/115 [01:09<01:35,  1.34s/it, loss=1457057.2500]Trial 0 Ep1:  39%|█████████████████████████████▎                                             | 45/115 [01:09<01:42,  1.46s/it, loss=1457057.2500]Trial 0 Ep1:  39%|█████████████████████████████▋                                              | 45/115 [01:10<01:42,  1.46s/it, loss=832484.6875]Trial 0 Ep1:  40%|██████████████████████████████▍                                             | 46/115 [01:10<01:43,  1.50s/it, loss=832484.6875]Trial 0 Ep1:  40%|██████████████████████████████▍                                             | 46/115 [01:11<01:43,  1.50s/it, loss=114302.2734]Trial 0 Ep1:  41%|███████████████████████████████                                             | 47/115 [01:11<01:33,  1.38s/it, loss=114302.2734]Trial 0 Ep1:  41%|███████████████████████████████                                             | 47/115 [01:12<01:33,  1.38s/it, loss=211400.2031]Trial 0 Ep1:  42%|███████████████████████████████▋                                            | 48/115 [01:12<01:25,  1.28s/it, loss=211400.2031]Trial 0 Ep1:  42%|████████████████████████████████▏                                            | 48/115 [01:13<01:25,  1.28s/it, loss=33732.2617]Trial 0 Ep1:  43%|████████████████████████████████▊                                            | 49/115 [01:13<01:18,  1.18s/it, loss=33732.2617]Trial 0 Ep1:  43%|████████████████████████████████▍                                           | 49/115 [01:15<01:18,  1.18s/it, loss=185969.0000]Trial 0 Ep1:  43%|█████████████████████████████████                                           | 50/115 [01:15<01:15,  1.15s/it, loss=185969.0000]Trial 0 Ep1:  43%|█████████████████████████████████                                           | 50/115 [01:16<01:15,  1.15s/it, loss=171208.9062]Trial 0 Ep1:  44%|█████████████████████████████████▋                                          | 51/115 [01:16<01:15,  1.18s/it, loss=171208.9062]Trial 0 Ep1:  44%|█████████████████████████████████▋                                          | 51/115 [01:17<01:15,  1.18s/it, loss=114115.0000]Trial 0 Ep1:  45%|██████████████████████████████████▎                                         | 52/115 [01:17<01:14,  1.18s/it, loss=114115.0000]Trial 0 Ep1:  45%|██████████████████████████████████▊                                          | 52/115 [01:19<01:14,  1.18s/it, loss=13797.0986]Trial 0 Ep1:  46%|███████████████████████████████████▍                                         | 53/115 [01:19<01:34,  1.53s/it, loss=13797.0986]Trial 0 Ep1:  46%|███████████████████████████████████▉                                          | 53/115 [01:20<01:34,  1.53s/it, loss=4375.4165]Trial 0 Ep1:  47%|████████████████████████████████████▋                                         | 54/115 [01:20<01:21,  1.33s/it, loss=4375.4165]Trial 0 Ep1:  47%|████████████████████████████████████▋                                         | 54/115 [01:21<01:21,  1.33s/it, loss=7496.5059]Trial 0 Ep1:  48%|█████████████████████████████████████▎                                        | 55/115 [01:21<01:13,  1.23s/it, loss=7496.5059]Trial 0 Ep1:  48%|████████████████████████████████████▊                                        | 55/115 [01:22<01:13,  1.23s/it, loss=17622.4766]Trial 0 Ep1:  49%|█████████████████████████████████████▍                                       | 56/115 [01:22<01:03,  1.08s/it, loss=17622.4766]Trial 0 Ep1:  49%|█████████████████████████████████████▍                                       | 56/115 [01:23<01:03,  1.08s/it, loss=48425.7461]Trial 0 Ep1:  50%|██████████████████████████████████████▏                                      | 57/115 [01:23<00:58,  1.01s/it, loss=48425.7461]Trial 0 Ep1:  50%|██████████████████████████████████████▏                                      | 57/115 [01:23<00:58,  1.01s/it, loss=11269.4336]Trial 0 Ep1:  50%|██████████████████████████████████████▊                                      | 58/115 [01:23<00:52,  1.09it/s, loss=11269.4336]Trial 0 Ep1:  50%|███████████████████████████████████████▎                                      | 58/115 [01:24<00:52,  1.09it/s, loss=4064.4497]Trial 0 Ep1:  51%|████████████████████████████████████████                                      | 59/115 [01:24<00:52,  1.07it/s, loss=4064.4497]Trial 0 Ep1:  51%|████████████████████████████████████████                                      | 59/115 [01:25<00:52,  1.07it/s, loss=4284.9585]Trial 0 Ep1:  52%|████████████████████████████████████████▋                                     | 60/115 [01:25<00:53,  1.04it/s, loss=4284.9585]Trial 0 Ep1:  52%|█████████████████████████████████████████▏                                     | 60/115 [01:26<00:53,  1.04it/s, loss=114.0924]Trial 0 Ep1:  53%|█████████████████████████████████████████▉                                     | 61/115 [01:26<00:50,  1.08it/s, loss=114.0924]Trial 0 Ep1:  53%|█████████████████████████████████████████▎                                    | 61/115 [01:27<00:50,  1.08it/s, loss=2248.5652]Trial 0 Ep1:  54%|██████████████████████████████████████████                                    | 62/115 [01:27<00:48,  1.10it/s, loss=2248.5652]Trial 0 Ep1:  54%|██████████████████████████████████████████                                    | 62/115 [01:28<00:48,  1.10it/s, loss=2201.1345]Trial 0 Ep1:  55%|██████████████████████████████████████████▋                                   | 63/115 [01:28<00:45,  1.13it/s, loss=2201.1345]Trial 0 Ep1:  55%|███████████████████████████████████████████▎                                   | 63/115 [01:29<00:45,  1.13it/s, loss=819.2910]Trial 0 Ep1:  56%|███████████████████████████████████████████▉                                   | 64/115 [01:29<00:45,  1.11it/s, loss=819.2910]Trial 0 Ep1:  56%|████████████████████████████████████████████▌                                   | 64/115 [01:30<00:45,  1.11it/s, loss=15.0779]Trial 0 Ep1:  57%|█████████████████████████████████████████████▏                                  | 65/115 [01:30<00:48,  1.03it/s, loss=15.0779]Trial 0 Ep1:  57%|█████████████████████████████████████████████▏                                  | 65/115 [01:31<00:48,  1.03it/s, loss=63.3239]Trial 0 Ep1:  57%|█████████████████████████████████████████████▉                                  | 66/115 [01:31<00:45,  1.07it/s, loss=63.3239]Trial 0 Ep1:  57%|██████████████████████████████████████████████▍                                  | 66/115 [01:32<00:45,  1.07it/s, loss=2.3416]Trial 0 Ep1:  58%|███████████████████████████████████████████████▏                                 | 67/115 [01:32<00:43,  1.10it/s, loss=2.3416]Trial 0 Ep1:  58%|██████████████████████████████████████████████▌                                 | 67/115 [01:33<00:43,  1.10it/s, loss=27.6588]Trial 0 Ep1:  59%|███████████████████████████████████████████████▎                                | 68/115 [01:33<00:41,  1.12it/s, loss=27.6588]Trial 0 Ep1:  59%|███████████████████████████████████████████████▎                                | 68/115 [01:34<00:41,  1.12it/s, loss=13.6878]Trial 0 Ep1:  60%|████████████████████████████████████████████████                                | 69/115 [01:34<00:43,  1.05it/s, loss=13.6878]Trial 0 Ep1:  60%|████████████████████████████████████████████████▌                                | 69/115 [01:35<00:43,  1.05it/s, loss=4.7701]Trial 0 Ep1:  61%|█████████████████████████████████████████████████▎                               | 70/115 [01:35<00:42,  1.05it/s, loss=4