Trial 0 Ep5:   0%|                                                                                                       | 0/115 [00:00<?, ?it/s]Trial 0 Ep5:   0%|                                                                                          | 0/115 [00:00<?, ?it/s, loss=0.8349]Trial 0 Ep5:   1%|▋                                                                                 | 1/115 [00:00<01:03,  1.79it/s, loss=0.8349]Trial 0 Ep5:   1%|▋                                                                                 | 1/115 [00:01<01:03,  1.79it/s, loss=0.6678]Trial 0 Ep5:   2%|█▍                                                                                | 2/115 [00:01<01:03,  1.78it/s, loss=0.6678]Trial 0 Ep5:   2%|█▍                                                                                | 2/115 [00:01<01:03,  1.78it/s, loss=0.9147]Trial 0 Ep5:   3%|██▏                                                                               | 3/115 [00:01<01:02,  1.78it/s, loss=0.9147]Trial 0 Ep5:   3%|██▏                                                                               | 3/115 [00:02<01:02,  1.78it/s, loss=0.6941]Trial 0 Ep5:   3%|██▊                                                                               | 4/115 [00:02<01:02,  1.78it/s, loss=0.6941]Trial 0 Ep5:   3%|██▊                                                                               | 4/115 [00:02<01:02,  1.78it/s, loss=0.5957]Trial 0 Ep5:   4%|███▌                                                                              | 5/115 [00:02<01:02,  1.75it/s, loss=0.5957]Trial 0 Ep5:   4%|███▌                                                                              | 5/115 [00:03<01:02,  1.75it/s, loss=0.9373]Trial 0 Ep5:   5%|████▎                                                                             | 6/115 [00:03<01:02,  1.74it/s, loss=0.9373]Trial 0 Ep5:   5%|████▎                                                                             | 6/115 [00:03<01:02,  1.74it/s, loss=1.1272]Trial 0 Ep5:   6%|████▉                                                                             | 7/115 [00:03<01:01,  1.74it/s, loss=1.1272]Trial 0 Ep5:   6%|████▉                                                                             | 7/115 [00:04<01:01,  1.74it/s, loss=1.0122]Trial 0 Ep5:   7%|█████▋                                                                            | 8/115 [00:04<01:01,  1.73it/s, loss=1.0122]Trial 0 Ep5:   7%|█████▋                                                                            | 8/115 [00:05<01:01,  1.73it/s, loss=0.7175]Trial 0 Ep5:   8%|██████▍                                                                           | 9/115 [00:05<01:01,  1.74it/s, loss=0.7175]Trial 0 Ep5:   8%|██████▍                                                                           | 9/115 [00:05<01:01,  1.74it/s, loss=0.6182]Trial 0 Ep5:   9%|███████                                                                          | 10/115 [00:05<00:59,  1.76it/s, loss=0.6182]Trial 0 Ep5:   9%|███████                                                                          | 10/115 [00:06<00:59,  1.76it/s, loss=0.6691]Trial 0 Ep5:  10%|███████▋                                                                         | 11/115 [00:06<00:59,  1.76it/s, loss=0.6691]Trial 0 Ep5:  10%|███████▋                                                                         | 11/115 [00:06<00:59,  1.76it/s, loss=0.9677]Trial 0 Ep5:  10%|████████▍                                                                        | 12/115 [00:06<00:58,  1.75it/s, loss=0.9677]Trial 0 Ep5:  10%|████████▍                                                                        | 12/115 [00:07<00:58,  1.75it/s, loss=0.7090]Trial 0 Ep5:  11%|█████████▏                                                                       | 13/115 [00:07<00:58,  1.75it/s, loss=0.7090]Trial 0 Ep5:  11%|█████████▏                                                                       | 13/115 [00:08<00:58,  1.75it/s, loss=0.7073]Trial 0 Ep5:  12%|█████████▊                                                                       | 14/115 [00:08<00:58,  1.74it/s, loss=0.7073]Trial 0 Ep5:  12%|█████████▊                                                                       | 14/115 [00:08<00:58,  1.74it/s, loss=1.2313]Trial 0 Ep5:  13%|██████████▌                                                                      | 15/115 [00:08<00:57,  1.74it/s, loss=1.2313]Trial 0 Ep5:  13%|██████████▌                                                                      | 15/115 [00:09<00:57,  1.74it/s, loss=1.1279]Trial 0 Ep5:  14%|███████████▎                                                                     | 16/115 [00:09<00:56,  1.76it/s, loss=1.1279]Trial 0 Ep5:  14%|███████████▎                                                                     | 16/115 [00:09<00:56,  1.76it/s, loss=0.6696]Trial 0 Ep5:  15%|███████████▉                                                                     | 17/115 [00:09<00:55,  1.76it/s, loss=0.6696]Trial 0 Ep5:  15%|███████████▉                                                                     | 17/115 [00:10<00:55,  1.76it/s, loss=0.6634]Trial 0 Ep5:  16%|████████████▋                                                                    | 18/115 [00:10<00:55,  1.76it/s, loss=0.6634]Trial 0 Ep5:  16%|████████████▋                                                                    | 18/115 [00:10<00:55,  1.76it/s, loss=0.8439]Trial 0 Ep5:  17%|█████████████▍                                                                   | 19/115 [00:10<00:54,  1.76it/s, loss=0.8439]Trial 0 Ep5:  17%|█████████████▍                                                                   | 19/115 [00:11<00:54,  1.76it/s, loss=1.5240]Trial 0 Ep5:  17%|██████████████                                                                   | 20/115 [00:11<00:53,  1.77it/s, loss=1.5240]Trial 0 Ep5:  17%|██████████████                                                                   | 20/115 [00:11<00:53,  1.77it/s, loss=0.5538]Trial 0 Ep5:  18%|██████████████▊                                                                  | 21/115 [00:11<00:53,  1.76it/s, loss=0.5538]Trial 0 Ep5:  18%|██████████████▊                                                                  | 21/115 [00:12<00:53,  1.76it/s, loss=0.6159]Trial 0 Ep5:  19%|███████████████▍                                                                 | 22/115 [00:12<00:53,  1.75it/s, loss=0.6159]Trial 0 Ep5:  19%|███████████████▍                                                                 | 22/115 [00:13<00:53,  1.75it/s, loss=0.8202]Trial 0 Ep5:  20%|████████████████▏                                                                | 23/115 [00:13<00:52,  1.75it/s, loss=0.8202]Trial 0 Ep5:  20%|████████████████▏                                                                | 23/115 [00:13<00:52,  1.75it/s, loss=0.5600]Trial 0 Ep5:  21%|████████████████▉                                                                | 24/115 [00:13<00:51,  1.75it/s, loss=0.5600]Trial 0 Ep5:  21%|████████████████▉                                                                | 24/115 [00:14<00:51,  1.75it/s, loss=0.4948]Trial 0 Ep5:  22%|█████████████████▌                                                               | 25/115 [00:14<00:51,  1.74it/s, loss=0.4948]Trial 0 Ep5:  22%|█████████████████▌                                                               | 25/115 [00:14<00:51,  1.74it/s, loss=0.4594]Trial 0 Ep5:  23%|██████████████████▎                                                              | 26/115 [00:14<00:51,  1.71it/s, loss=0.4594]Trial 0 Ep5:  23%|██████████████████▎                                                              | 26/115 [00:15<00:51,  1.71it/s, loss=1.3725]Trial 0 Ep5:  23%|███████████████████                                                              | 27/115 [00:15<00:49,  1.79it/s, loss=1.3725]Trial 0 Ep5:  23%|███████████████████                                                              | 27/115 [00:15<00:49,  1.79it/s, loss=0.7189]Trial 0 Ep5:  24%|███████████████████▋                                                             | 28/115 [00:15<00:43,  2.00it/s, loss=0.7189]Trial 0 Ep5:  24%|███████████████████▋                                                             | 28/115 [00:16<00:43,  2.00it/s, loss=0.7754]Trial 0 Ep5:  25%|████████████████████▍                                                            | 29/115 [00:16<00:39,  2.19it/s, loss=0.7754]Trial 0 Ep5:  25%|████████████████████▍                                                            | 29/115 [00:16<00:39,  2.19it/s, loss=0.7218]Trial 0 Ep5:  26%|█████████████████████▏                                                           | 30/115 [00:16<00:36,  2.34it/s, loss=0.7218]Trial 0 Ep5:  26%|█████████████████████▏                                                           | 30/115 [00:17<00:36,  2.34it/s, loss=0.9879]Trial 0 Ep5:  27%|█████████████████████▊                                                           | 31/115 [00:17<00:51,  1.64it/s, loss=0.9879]Trial 0 Ep5:  27%|█████████████████████▊                                                           | 31/115 [00:18<00:51,  1.64it/s, loss=0.9805]Trial 0 Ep5:  28%|██████████████████████▌                                                          | 32/115 [00:18<00:58,  1.43it/s, loss=0.9805]Trial 0 Ep5:  28%|██████████████████████▌                                                          | 32/115 [00:19<00:58,  1.43it/s, loss=0.4794]Trial 0 Ep5:  29%|███████████████████████▏                                                         | 33/115 [00:19<01:02,  1.32it/s, loss=0.4794]Trial 0 Ep5:  29%|███████████████████████▏                                                         | 33/115 [00:19<01:02,  1.32it/s, loss=1.0109]Trial 0 Ep5:  30%|███████████████████████▉                                                         | 34/115 [00:19<01:00,  1.35it/s, loss=1.0109]Trial 0 Ep5:  30%|███████████████████████▉                                                         | 34/115 [00:20<01:00,  1.35it/s, loss=0.9884]Trial 0 Ep5:  30%|████████████████████████▋                                                        | 35/115 [00:20<01:02,  1.28it/s, loss=0.9884]Trial 0 Ep5:  30%|████████████████████████▋                                                        | 35/115 [00:21<01:02,  1.28it/s, loss=0.5959]Trial 0 Ep5:  31%|█████████████████████████▎                                                       | 36/115 [00:21<00:56,  1.40it/s, loss=0.5959]Trial 0 Ep5:  31%|█████████████████████████▎                                                       | 36/115 [00:21<00:56,  1.40it/s, loss=0.8538]Trial 0 Ep5:  32%|██████████████████████████                                                       | 37/115 [00:21<00:48,  1.62it/s, loss=0.8538]Trial 0 Ep5:  32%|██████████████████████████                                                       | 37/115 [00:22<00:48,  1.62it/s, loss=0.6230]Trial 0 Ep5:  33%|██████████████████████████▊                                                      | 38/115 [00:22<00:42,  1.80it/s, loss=0.6230]Trial 0 Ep5:  33%|██████████████████████████▊                                                      | 38/115 [00:22<00:42,  1.80it/s, loss=0.6300]Trial 0 Ep5:  34%|███████████████████████████▍                                                     | 39/115 [00:22<00:38,  1.95it/s, loss=0.6300]Trial 0 Ep5:  34%|███████████████████████████▍                                                     | 39/115 [00:22<00:38,  1.95it/s, loss=0.8055]Trial 0 Ep5:  35%|████████████████████████████▏                                                    | 40/115 [00:22<00:33,  2.25it/s, loss=0.8055]Trial 0 Ep5:  35%|████████████████████████████▏                                                    | 40/115 [00:23<00:33,  2.25it/s, loss=0.6821]Trial 0 Ep5:  36%|████████████████████████████▉                                                    | 41/115 [00:23<00:33,  2.23it/s, loss=0.6821]Trial 0 Ep5:  36%|████████████████████████████▉                                                    | 41/115 [00:23<00:33,  2.23it/s, loss=0.6191]Trial 0 Ep5:  37%|█████████████████████████████▌                                                   | 42/115 [00:23<00:33,  2.20it/s, loss=0.6191]Trial 0 Ep5:  37%|█████████████████████████████▌                                                   | 42/115 [00:24<00:33,  2.20it/s, loss=1.0989]Trial 0 Ep5:  37%|██████████████████████████████▎                                                  | 43/115 [00:24<00:34,  2.11it/s, loss=1.0989]Trial 0 Ep5:  37%|██████████████████████████████▎                                                  | 43/115 [00:25<00:34,  2.11it/s, loss=0.7685]Trial 0 Ep5:  38%|██████████████████████████████▉                                                  | 44/115 [00:25<00:40,  1.75it/s, loss=0.7685]Trial 0 Ep5:  38%|██████████████████████████████▉                                                  | 44/115 [00:26<00:40,  1.75it/s, loss=0.7746]Trial 0 Ep5:  39%|███████████████████████████████▋                                                 | 45/115 [00:26<00:45,  1.53it/s, loss=0.7746]Trial 0 Ep5:  39%|███████████████████████████████▋                                                 | 45/115 [00:26<00:45,  1.53it/s, loss=0.9873]Trial 0 Ep5:  40%|████████████████████████████████▍                                                | 46/115 [00:26<00:47,  1.46it/s, loss=0.9873]Trial 0 Ep5:  40%|████████████████████████████████▍                                                | 46/115 [00:27<00:47,  1.46it/s, loss=1.1590]Trial 0 Ep5:  41%|█████████████████████████████████                                                | 47/115 [00:27<00:49,  1.37it/s, loss=1.1590]Trial 0 Ep5:  41%|█████████████████████████████████                                                | 47/115 [00:28<00:49,  1.37it/s, loss=0.9135]Trial 0 Ep5:  42%|█████████████████████████████████▊                                               | 48/115 [00:28<00:50,  1.32it/s, loss=0.9135]Trial 0 Ep5:  42%|█████████████████████████████████▊                                               | 48/115 [00:29<00:50,  1.32it/s, loss=0.5983]Trial 0 Ep5:  43%|██████████████████████████████████▌                                              | 49/115 [00:29<00:50,  1.29it/s, loss=0.5983]Trial 0 Ep5:  43%|██████████████████████████████████▌                                              | 49/115 [00:30<00:50,  1.29it/s, loss=0.6972]Trial 0 Ep5:  43%|███████████████████████████████████▏                                             | 50/115 [00:30<00:51,  1.27it/s, loss=0.6972]Trial 0 Ep5:  43%|███████████████████████████████████▏                                             | 50/115 [00:30<00:51,  1.27it/s, loss=0.8912]Trial 0 Ep5:  44%|███████████████████████████████████▉                                             | 51/115 [00:30<00:46,  1.38it/s, loss=0.8912]Trial 0 Ep5:  44%|███████████████████████████████████▉                                             | 51/115 [00:31<00:46,  1.38it/s, loss=0.3949]Trial 0 Ep5:  45%|████████████████████████████████████▋                                            | 52/115 [00:31<00:52,  1.21it/s, loss=0.3949]Trial 0 Ep5:  45%|████████████████████████████████████▋                                            | 52/115 [00:32<00:52,  1.21it/s, loss=0.6447]Trial 0 Ep5:  46%|█████████████████████████████████████▎                                           | 53/115 [00:32<00:58,  1.06it/s, loss=0.6447]Trial 0 Ep5:  46%|█████████████████████████████████████▎                                           | 53/115 [00:33<00:58,  1.06it/s, loss=0.5308]Trial 0 Ep5:  47%|██████████████████████████████████████                                           | 54/115 [00:33<00:56,  1.07it/s, loss=0.5308]Trial 0 Ep5:  47%|██████████████████████████████████████                                           | 54/115 [00:34<00:56,  1.07it/s, loss=0.8948]Trial 0 Ep5:  48%|██████████████████████████████████████▋                                          | 55/115 [00:34<00:54,  1.10it/s, loss=0.8948]Trial 0 Ep5:  48%|██████████████████████████████████████▋                                          | 55/115 [00:35<00:54,  1.10it/s, loss=1.1708]Trial 0 Ep5:  49%|███████████████████████████████████████▍                                         | 56/115 [00:35<00:52,  1.12it/s, loss=1.1708]Trial 0 Ep5:  49%|███████████████████████████████████████▍                                         | 56/115 [00:36<00:52,  1.12it/s, loss=0.5962]Trial 0 Ep5:  50%|████████████████████████████████████████▏                                        | 57/115 [00:36<00:56,  1.03it/s, loss=0.5962]Trial 0 Ep5:  50%|████████████████████████████████████████▏                                        | 57/115 [00:37<00:56,  1.03it/s, loss=0.5551]Trial 0 Ep5:  50%|████████████████████████████████████████▊                                        | 58/115 [00:37<00:54,  1.04it/s, loss=0.5551]Trial 0 Ep5:  50%|████████████████████████████████████████▊                                        | 58/115 [00:38<00:54,  1.04it/s, loss=0.4573]Trial 0 Ep5:  51%|█████████████████████████████████████████▌                                       | 59/115 [00:38<00:52,  1.06it/s, loss=0.4573]Trial 0 Ep5:  51%|█████████████████████████████████████████▌                                       | 59/115 [00:39<00:52,  1.06it/s, loss=0.5228]Trial 0 Ep5:  52%|██████████████████████████████████████████▎                                      | 60/115 [00:39<00:50,  1.08it/s, loss=0.5228]Trial 0 Ep5:  52%|██████████████████████████████████████████▎                                      | 60/115 [00:40<00:50,  1.08it/s, loss=0.5889]Trial 0 Ep5:  53%|██████████████████████████████████████████▉                                      | 61/115 [00:40<00:45,  1.19it/s, loss=0.5889]Trial 0 Ep5:  53%|██████████████████████████████████████████▉                                      | 61/115 [00:40<00:45,  1.19it/s, loss=0.6183]Trial 0 Ep5:  54%|███████████████████████████████████████████▋                                     | 62/115 [00:40<00:42,  1.24it/s, loss=0.6183]Trial 0 Ep5:  54%|███████████████████████████████████████████▋                                     | 62/115 [00:41<00:42,  1.24it/s, loss=0.6887]Trial 0 Ep5:  55%|████████████████████████████████████████████▎                                    | 63/115 [00:41<00:38,  1.34it/s, loss=0.6887]Trial 0 Ep5:  55%|████████████████████████████████████████████▎                                    | 63/115 [00:42<00:38,  1.34it/s, loss=0.6494]Trial 0 Ep5:  56%|█████████████████████████████████████████████                                    | 64/115 [00:42<00:41,  1.24it/s, loss=0.6494]Trial 0 Ep5:  56%|█████████████████████████████████████████████                                    | 64/115 [00:43<00:41,  1.24it/s, loss=0.6995]Trial 0 Ep5:  57%|█████████████████████████████████████████████▊                                   | 65/115 [00:43<00:41,  1.22it/s, loss=0.6995]Trial 0 Ep5:  57%|█████████████████████████████████████████████▊                                   | 65/115 [00:44<00:41,  1.22it/s, loss=0.7236]Trial 0 Ep5:  57%|██████████████████████████████████████████████▍                                  | 66/115 [00:44<00:41,  1.17it/s, loss=0.7236]Trial 0 Ep5:  57%|██████████████████████████████████████████████▍                                  | 66/115 [00:45<00:41,  1.17it/s, loss=0.9342]Trial 0 Ep5:  58%|███████████████████████████████████████████████▏                                 | 67/115 [00:45<00:43,  1.10it/s, loss=0.9342]Trial 0 Ep5:  58%|███████████████████████████████████████████████▏                                 | 67/115 [00:45<00:43,  1.10it/s, loss=0.7197]Trial 0 Ep5:  59%|███████████████████████████████████████████████▉                                 | 68/115 [00:45<00:37,  1.25it/s, loss=0.7197]Trial 0 Ep5:  59%|███████████████████████████████████████████████▉                                 | 68/115 [00:46<00:37,  1.25it/s, loss=0.6471]Trial 0 Ep5:  60%|████████████████████████████████████████████████▌                                | 69/115 [00:46<00:35,  1.29it/s, loss=0.6471]Trial 0 Ep5:  60%|████████████████████████████████████████████████▌                                | 69/115 [00:47<00:35,  1.29it/s, loss=0.6274]Trial 0 Ep5:  61%|█████████████████████████████████████████████████▎                               | 70/115 [00:47<00:32,  1.37it/s, loss=0.6274]Trial 0 Ep5:  61%|█████████████████████████████████████████████████▎                               | 70/115 [00:47<00:32,  1.37it/s, loss=0.7829]Trial 0 Ep5:  62%|██████████████████████████████████████████████████                               | 71/115 [00:47<00:33,  1.31it/s, loss=0.7829]Trial 0 Ep5:  62%|██████████████████████████████████████████████████                               | 71/115 [00:48<00:33,  1.31it/s, loss=0.6810]Trial 0 Ep5:  63%|██████████████████████████████████████████████████▋                              | 72/115 [00:48<00:36,  1.19it/s, loss=0.6810]Trial 0 Ep5:  63%|██████████████████████████████████████████████████▋                              | 72/115 [00:49<00:36,  1.19it/s, loss=0.5631]Trial 0 Ep5:  63%|███████████████████████████████████████████████████▍                             | 73/115 [00:49<00:36,  1.15it/s, loss=0.5631]Trial 0 Ep5:  63%|███████████████████████████████████████████████████▍                             | 73/115 [00:50<00:36,  1.15it/s, loss=0.7519]Trial 0 Ep5:  64%|████████████████████████████████████████████████████                             | 74/115 [00:50<00:35,  1.16it/s, loss=0.7519]Trial 0 Ep5:  64%|████████████████████████████████████████████████████                             | 74/115 [00:51<00:35,  1.16it/s, loss=1.7275]Trial 0 Ep5:  65%|████████████████████████████████████████████████████▊                            