Trial 4 Ep7:   0%|                                                                                                       | 0/115 [00:00<?, ?it/s]Trial 4 Ep7:   0%|                                                                                          | 0/115 [00:00<?, ?it/s, loss=0.5528]Trial 4 Ep7:   1%|▋                                                                                 | 1/115 [00:00<00:38,  2.96it/s, loss=0.5528]Trial 4 Ep7:   1%|▋                                                                                 | 1/115 [00:00<00:38,  2.96it/s, loss=0.8896]Trial 4 Ep7:   2%|█▍                                                                                | 2/115 [00:00<00:38,  2.93it/s, loss=0.8896]Trial 4 Ep7:   2%|█▍                                                                                | 2/115 [00:01<00:38,  2.93it/s, loss=0.8841]Trial 4 Ep7:   3%|██▏                                                                               | 3/115 [00:01<00:39,  2.87it/s, loss=0.8841]Trial 4 Ep7:   3%|██▏                                                                               | 3/115 [00:01<00:39,  2.87it/s, loss=1.1701]Trial 4 Ep7:   3%|██▊                                                                               | 4/115 [00:01<00:38,  2.89it/s, loss=1.1701]Trial 4 Ep7:   3%|██▊                                                                               | 4/115 [00:01<00:38,  2.89it/s, loss=0.7790]Trial 4 Ep7:   4%|███▌                                                                              | 5/115 [00:01<00:38,  2.87it/s, loss=0.7790]Trial 4 Ep7:   4%|███▌                                                                              | 5/115 [00:02<00:38,  2.87it/s, loss=0.5049]Trial 4 Ep7:   5%|████▎                                                                             | 6/115 [00:02<00:37,  2.88it/s, loss=0.5049]Trial 4 Ep7:   5%|████▎                                                                             | 6/115 [00:02<00:37,  2.88it/s, loss=0.5775]Trial 4 Ep7:   6%|████▉                                                                             | 7/115 [00:02<00:37,  2.87it/s, loss=0.5775]Trial 4 Ep7:   6%|████▉                                                                             | 7/115 [00:02<00:37,  2.87it/s, loss=0.5845]Trial 4 Ep7:   7%|█████▋                                                                            | 8/115 [00:02<00:36,  2.92it/s, loss=0.5845]Trial 4 Ep7:   7%|█████▋                                                                            | 8/115 [00:03<00:36,  2.92it/s, loss=0.6142]Trial 4 Ep7:   8%|██████▍                                                                           | 9/115 [00:03<00:36,  2.90it/s, loss=0.6142]Trial 4 Ep7:   8%|██████▍                                                                           | 9/115 [00:03<00:36,  2.90it/s, loss=0.5724]Trial 4 Ep7:   9%|███████                                                                          | 10/115 [00:03<00:36,  2.90it/s, loss=0.5724]Trial 4 Ep7:   9%|███████                                                                          | 10/115 [00:03<00:36,  2.90it/s, loss=0.6626]Trial 4 Ep7:  10%|███████▋                                                                         | 11/115 [00:03<00:36,  2.88it/s, loss=0.6626]Trial 4 Ep7:  10%|███████▋                                                                         | 11/115 [00:04<00:36,  2.88it/s, loss=0.4747]Trial 4 Ep7:  10%|████████▍                                                                        | 12/115 [00:04<00:35,  2.88it/s, loss=0.4747]Trial 4 Ep7:  10%|████████▍                                                                        | 12/115 [00:04<00:35,  2.88it/s, loss=0.5312]Trial 4 Ep7:  11%|█████████▏                                                                       | 13/115 [00:04<00:36,  2.81it/s, loss=0.5312]Trial 4 Ep7:  11%|█████████▏                                                                       | 13/115 [00:04<00:36,  2.81it/s, loss=0.5618]Trial 4 Ep7:  12%|█████████▊                                                                       | 14/115 [00:04<00:36,  2.80it/s, loss=0.5618]Trial 4 Ep7:  12%|█████████▊                                                                       | 14/115 [00:05<00:36,  2.80it/s, loss=0.5943]Trial 4 Ep7:  13%|██████████▌                                                                      | 15/115 [00:05<00:35,  2.81it/s, loss=0.5943]Trial 4 Ep7:  13%|██████████▌                                                                      | 15/115 [00:05<00:35,  2.81it/s, loss=0.7198]Trial 4 Ep7:  14%|███████████▎                                                                     | 16/115 [00:05<00:35,  2.80it/s, loss=0.7198]Trial 4 Ep7:  14%|███████████▎                                                                     | 16/115 [00:05<00:35,  2.80it/s, loss=0.3823]Trial 4 Ep7:  15%|███████████▉                                                                     | 17/115 [00:05<00:34,  2.82it/s, loss=0.3823]Trial 4 Ep7:  15%|███████████▉                                                                     | 17/115 [00:06<00:34,  2.82it/s, loss=0.7446]Trial 4 Ep7:  16%|████████████▋                                                                    | 18/115 [00:06<00:34,  2.80it/s, loss=0.7446]Trial 4 Ep7:  16%|████████████▋                                                                    | 18/115 [00:06<00:34,  2.80it/s, loss=0.6372]Trial 4 Ep7:  17%|█████████████▍                                                                   | 19/115 [00:06<00:34,  2.78it/s, loss=0.6372]Trial 4 Ep7:  17%|█████████████▍                                                                   | 19/115 [00:07<00:34,  2.78it/s, loss=0.7018]Trial 4 Ep7:  17%|██████████████                                                                   | 20/115 [00:07<00:33,  2.80it/s, loss=0.7018]Trial 4 Ep7:  17%|██████████████                                                                   | 20/115 [00:07<00:33,  2.80it/s, loss=0.8132]Trial 4 Ep7:  18%|██████████████▊                                                                  | 21/115 [00:07<00:33,  2.78it/s, loss=0.8132]Trial 4 Ep7:  18%|██████████████▊                                                                  | 21/115 [00:07<00:33,  2.78it/s, loss=0.3700]Trial 4 Ep7:  19%|███████████████▍                                                                 | 22/115 [00:07<00:33,  2.76it/s, loss=0.3700]Trial 4 Ep7:  19%|███████████████▍                                                                 | 22/115 [00:08<00:33,  2.76it/s, loss=0.6386]Trial 4 Ep7:  20%|████████████████▏                                                                | 23/115 [00:08<00:33,  2.78it/s, loss=0.6386]Trial 4 Ep7:  20%|████████████████▏                                                                | 23/115 [00:08<00:33,  2.78it/s, loss=1.2000]Trial 4 Ep7:  21%|████████████████▉                                                                | 24/115 [00:08<00:32,  2.76it/s, loss=1.2000]Trial 4 Ep7:  21%|████████████████▉                                                                | 24/115 [00:08<00:32,  2.76it/s, loss=0.9390]Trial 4 Ep7:  22%|█████████████████▌                                                               | 25/115 [00:08<00:32,  2.74it/s, loss=0.9390]Trial 4 Ep7:  22%|█████████████████▌                                                               | 25/115 [00:09<00:32,  2.74it/s, loss=0.6147]Trial 4 Ep7:  23%|██████████████████▎                                                              | 26/115 [00:09<00:33,  2.70it/s, loss=0.6147]Trial 4 Ep7:  23%|██████████████████▎                                                              | 26/115 [00:09<00:33,  2.70it/s, loss=0.3154]Trial 4 Ep7:  23%|███████████████████                                                              | 27/115 [00:09<00:32,  2.73it/s, loss=0.3154]Trial 4 Ep7:  23%|███████████████████                                                              | 27/115 [00:09<00:32,  2.73it/s, loss=0.9348]Trial 4 Ep7:  24%|███████████████████▋                                                             | 28/115 [00:09<00:31,  2.73it/s, loss=0.9348]Trial 4 Ep7:  24%|███████████████████▋                                                             | 28/115 [00:10<00:31,  2.73it/s, loss=1.3380]Trial 4 Ep7:  25%|████████████████████▍                                                            | 29/115 [00:10<00:31,  2.73it/s, loss=1.3380]Trial 4 Ep7:  25%|████████████████████▍                                                            | 29/115 [00:10<00:31,  2.73it/s, loss=1.5345]Trial 4 Ep7:  26%|█████████████████████▏                                                           | 30/115 [00:10<00:30,  2.75it/s, loss=1.5345]Trial 4 Ep7:  26%|█████████████████████▏                                                           | 30/115 [00:11<00:30,  2.75it/s, loss=1.1125]Trial 4 Ep7:  27%|█████████████████████▊                                                           | 31/115 [00:11<00:30,  2.76it/s, loss=1.1125]Trial 4 Ep7:  27%|█████████████████████▊                                                           | 31/115 [00:11<00:30,  2.76it/s, loss=0.5711]Trial 4 Ep7:  28%|██████████████████████▌                                                          | 32/115 [00:11<00:29,  2.78it/s, loss=0.5711]Trial 4 Ep7:  28%|██████████████████████▌                                                          | 32/115 [00:11<00:29,  2.78it/s, loss=0.6520]Trial 4 Ep7:  29%|███████████████████████▏                                                         | 33/115 [00:11<00:29,  2.74it/s, loss=0.6520]Trial 4 Ep7:  29%|███████████████████████▏                                                         | 33/115 [00:12<00:29,  2.74it/s, loss=0.8377]Trial 4 Ep7:  30%|███████████████████████▉                                                         | 34/115 [00:12<00:29,  2.74it/s, loss=0.8377]Trial 4 Ep7:  30%|███████████████████████▉                                                         | 34/115 [00:12<00:29,  2.74it/s, loss=1.3331]Trial 4 Ep7:  30%|████████████████████████▋                                                        | 35/115 [00:12<00:28,  2.78it/s, loss=1.3331]Trial 4 Ep7:  30%|████████████████████████▋                                                        | 35/115 [00:12<00:28,  2.78it/s, loss=1.0219]Trial 4 Ep7:  31%|█████████████████████████▎                                                       | 36/115 [00:12<00:28,  2.78it/s, loss=1.0219]Trial 4 Ep7:  31%|█████████████████████████▎                                                       | 36/115 [00:13<00:28,  2.78it/s, loss=0.3225]Trial 4 Ep7:  32%|██████████████████████████                                                       | 37/115 [00:13<00:27,  2.79it/s, loss=0.3225]Trial 4 Ep7:  32%|██████████████████████████                                                       | 37/115 [00:13<00:27,  2.79it/s, loss=1.0890]Trial 4 Ep7:  33%|██████████████████████████▊                                                      | 38/115 [00:13<00:27,  2.78it/s, loss=1.0890]Trial 4 Ep7:  33%|██████████████████████████▊                                                      | 38/115 [00:13<00:27,  2.78it/s, loss=1.6825]Trial 4 Ep7:  34%|███████████████████████████▍                                                     | 39/115 [00:13<00:27,  2.76it/s, loss=1.6825]Trial 4 Ep7:  34%|███████████████████████████▍                                                     | 39/115 [00:14<00:27,  2.76it/s, loss=1.2721]Trial 4 Ep7:  35%|████████████████████████████▏                                                    | 40/115 [00:14<00:27,  2.74it/s, loss=1.2721]Trial 4 Ep7:  35%|████████████████████████████▏                                                    | 40/115 [00:14<00:27,  2.74it/s, loss=1.2613]Trial 4 Ep7:  36%|████████████████████████████▉                                                    | 41/115 [00:14<00:26,  2.79it/s, loss=1.2613]Trial 4 Ep7:  36%|████████████████████████████▉                                                    | 41/115 [00:15<00:26,  2.79it/s, loss=0.8583]Trial 4 Ep7:  37%|█████████████████████████████▌                                                   | 42/115 [00:15<00:26,  2.77it/s, loss=0.8583]Trial 4 Ep7:  37%|█████████████████████████████▌                                                   | 42/115 [00:15<00:26,  2.77it/s, loss=0.7667]Trial 4 Ep7:  37%|██████████████████████████████▎                                                  | 43/115 [00:15<00:26,  2.74it/s, loss=0.7667]Trial 4 Ep7:  37%|██████████████████████████████▎                                                  | 43/115 [00:15<00:26,  2.74it/s, loss=0.9313]Trial 4 Ep7:  38%|██████████████████████████████▉                                                  | 44/115 [00:15<00:25,  2.75it/s, loss=0.9313]Trial 4 Ep7:  38%|██████████████████████████████▉                                                  | 44/115 [00:16<00:25,  2.75it/s, loss=1.2081]Trial 4 Ep7:  39%|███████████████████████████████▋                                                 | 45/115 [00:16<00:25,  2.77it/s, loss=1.2081]Trial 4 Ep7:  39%|███████████████████████████████▋                                                 | 45/115 [00:16<00:25,  2.77it/s, loss=1.0700]Trial 4 Ep7:  40%|████████████████████████████████▍                                                | 46/115 [00:16<00:24,  2.77it/s, loss=1.0700]Trial 4 Ep7:  40%|████████████████████████████████▍                                                | 46/115 [00:16<00:24,  2.77it/s, loss=0.7013]Trial 4 Ep7:  41%|█████████████████████████████████                                                | 47/115 [00:16<00:24,  2.78it/s, loss=0.7013]Trial 4 Ep7:  41%|█████████████████████████████████                                                | 47/115 [00:17<00:24,  2.78it/s, loss=0.3777]Trial 4 Ep7:  42%|█████████████████████████████████▊                                               | 48/115 [00:17<00:23,  2.80it/s, loss=0.3777]Trial 4 Ep7:  42%|█████████████████████████████████▊                                               | 48/115 [00:17<00:23,  2.80it/s, loss=0.4261]Trial 4 Ep7:  43%|██████████████████████████████████▌                                              | 49/115 [00:17<00:23,  2.82it/s, loss=0.4261]Trial 4 Ep7:  43%|██████████████████████████████████▌                                              | 49/115 [00:17<00:23,  2.82it/s, loss=0.8075]Trial 4 Ep7:  43%|███████████████████████████████████▏                                             | 50/115 [00:17<00:23,  2.81it/s, loss=0.8075]Trial 4 Ep7:  43%|███████████████████████████████████▏                                             | 50/115 [00:18<00:23,  2.81it/s, loss=0.7932]Trial 4 Ep7:  44%|███████████████████████████████████▉                                             | 51/115 [00:18<00:22,  2.81it/s, loss=0.7932]Trial 4 Ep7:  44%|███████████████████████████████████▉                                             | 51/115 [00:18<00:22,  2.81it/s, loss=0.4091]Trial 4 Ep7:  45%|████████████████████████████████████▋                                            | 52/115 [00:18<00:22,  2.77it/s, loss=0.4091]Trial 4 Ep7:  45%|████████████████████████████████████▋                                            | 52/115 [00:18<00:22,  2.77it/s, loss=0.8043]Trial 4 Ep7:  46%|█████████████████████████████████████▎                                           | 53/115 [00:18<00:22,  2.76it/s, loss=0.8043]Trial 4 Ep7:  46%|█████████████████████████████████████▎                                           | 53/115 [00:19<00:22,  2.76it/s, loss=0.6807]Trial 4 Ep7:  47%|██████████████████████████████████████                                           | 54/115 [00:19<00:21,  2.78it/s, loss=0.6807]Trial 4 Ep7:  47%|██████████████████████████████████████                                           | 54/115 [00:19<00:21,  2.78it/s, loss=0.5106]Trial 4 Ep7:  48%|██████████████████████████████████████▋                                          | 55/115 [00:19<00:21,  2.78it/s, loss=0.5106]Trial 4 Ep7:  48%|██████████████████████████████████████▋                                          | 55/115 [00:20<00:21,  2.78it/s, loss=0.8853]Trial 4 Ep7:  49%|███████████████████████████████████████▍                                         | 56/115 [00:20<00:21,  2.78it/s, loss=0.8853]Trial 4 Ep7:  49%|███████████████████████████████████████▍                                         | 56/115 [00:20<00:21,  2.78it/s, loss=0.8716]Trial 4 Ep7:  50%|████████████████████████████████████████▏                                        | 57/115 [00:20<00:20,  2.82it/s, loss=0.8716]Trial 4 Ep7:  50%|████████████████████████████████████████▏                                        | 57/115 [00:20<00:20,  2.82it/s, loss=0.6058]Trial 4 Ep7:  50%|████████████████████████████████████████▊                                        | 58/115 [00:20<00:20,  2.85it/s, loss=0.6058]Trial 4 Ep7:  50%|████████████████████████████████████████▊                                        | 58/115 [00:21<00:20,  2.85it/s, loss=0.8269]Trial 4 Ep7:  51%|█████████████████████████████████████████▌                                       | 59/115 [00:21<00:19,  2.83it/s, loss=0.8269]Trial 4 Ep7:  51%|█████████████████████████████████████████▌                                       | 59/115 [00:21<00:19,  2.83it/s, loss=0.6387]Trial 4 Ep7:  52%|██████████████████████████████████████████▎                                      | 60/115 [00:21<00:20,  2.73it/s, loss=0.6387]Trial 4 Ep7:  52%|██████████████████████████████████████████▎                                      | 60/115 [00:21<00:20,  2.73it/s, loss=1.2069]Trial 4 Ep7:  53%|██████████████████████████████████████████▉                                      | 61/115 [00:21<00:20,  2.67it/s, loss=1.2069]Trial 4 Ep7:  53%|██████████████████████████████████████████▉                                      | 61/115 [00:22<00:20,  2.67it/s, loss=0.8028]Trial 4 Ep7:  54%|███████████████████████████████████████████▋                                     | 62/115 [00:22<00:19,  2.66it/s, loss=0.8028]Trial 4 Ep7:  54%|███████████████████████████████████████████▋                                     | 62/115 [00:22<00:19,  2.66it/s, loss=0.6378]Trial 4 Ep7:  55%|████████████████████████████████████████████▎                                    | 63/115 [00:22<00:19,  2.69it/s, loss=0.6378]Trial 4 Ep7:  55%|████████████████████████████████████████████▎                                    | 63/115 [00:22<00:19,  2.69it/s, loss=0.7664]Trial 4 Ep7:  56%|█████████████████████████████████████████████                                    | 64/115 [00:22<00:18,  2.69it/s, loss=0.7664]Trial 4 Ep7:  56%|█████████████████████████████████████████████                                    | 64/115 [00:23<00:18,  2.69it/s, loss=0.5197]Trial 4 Ep7:  57%|█████████████████████████████████████████████▊                                   | 65/115 [00:23<00:18,  2.73it/s, loss=0.5197]Trial 4 Ep7:  57%|█████████████████████████████████████████████▊                                   | 65/115 [00:23<00:18,  2.73it/s, loss=0.5840]Trial 4 Ep7:  57%|██████████████████████████████████████████████▍                                  | 66/115 [00:23<00:17,  2.75it/s, loss=0.5840]Trial 4 Ep7:  57%|██████████████████████████████████████████████▍                                  | 66/115 [00:24<00:17,  2.75it/s, loss=0.8334]Trial 4 Ep7:  58%|███████████████████████████████████████████████▏                                 | 67/115 [00:24<00:17,  2.82it/s, loss=0.8334]Trial 4 Ep7:  58%|███████████████████████████████████████████████▏                                 | 67/115 [00:24<00:17,  2.82it/s, loss=0.5922]Trial 4 Ep7:  59%|███████████████████████████████████████████████▉                                 | 68/115 [00:24<00:16,  2.85it/s, loss=0.5922]Trial 4 Ep7:  59%|███████████████████████████████████████████████▉                                 | 68/115 [00:24<00:16,  2.85it/s, loss=0.7830]Trial 4 Ep7:  60%|████████████████████████████████████████████████▌                                | 69/115 [00:24<00:16,  2.85it/s, loss=0.7830]Trial 4 Ep7:  60%|████████████████████████████████████████████████▌                                | 69/115 [00:25<00:16,  2.85it/s, loss=0.7109]Trial 4 Ep7:  61%|█████████████████████████████████████████████████▎                               | 70/115 [00:25<00:15,  2.83it/s, loss=0.7109]Trial 4 Ep7:  61%|█████████████████████████████████████████████████▎                               | 70/115 [00:25<00:15,  2.83it/s, loss=0.4689]Trial 4 Ep7:  62%|██████████████████████████████████████████████████                               | 71/115 [00:25<00:15,  2.81it/s, loss=0.4689]Trial 4 Ep7:  62%|██████████████████████████████████████████████████                               | 71/115 [00:25<00:15,  2.81it/s, loss=0.6751]Trial 4 Ep7:  63%|██████████████████████████████████████████████████▋                              | 72/115 [00:25<00:14,  3.04it/s, loss=0.6751]Trial 4 Ep7:  63%|██████████████████████████████████████████████████▋                              | 72/115 [00:26<00:14,  3.04it/s, loss=0.9711]Trial 4 Ep7:  63%|███████████████████████████████████████████████████▍                             | 73/115 [00:26<00:13,  3.00it/s, loss=0.9711]Trial 4 Ep7:  63%|███████████████████████████████████████████████████▍                             | 73/115 [00:26<00:13,  3.00it/s, loss=0.9977]Trial 4 Ep7:  64%|████████████████████████████████████████████████████                             | 74/115 [00:26<00:13,  2.93it/s, loss=0.9977]Trial 4 Ep7:  64%|████████████████████████████████████████████████████                             | 74/115 [00:26<00:13,  2.93it/s, loss=0.4838]Trial 4 Ep7:  65%|████████████████████████████████████████████████████▊                            