[I 2026-02-25 15:02:58,721] A new study created in RDB with name: rte_high_tlr_abs_test
Task: rte, Metric: accuracy
BSZ: 32, max_seq: 256, epochs: 11
Train batches: 78, Eval batches: 5
  lr=0.002 (fixed, per-task)
  transfer_every=1 (fixed, uim=True, every mini-batch)
  fast_lr=1.0 (fixed), transfer_lr=1.0 (fixed)
  Early stop patience: 3, Pruner: Median, startup=5, warmup=3

Study: rte_high_tlr_abs_test, Device: cuda, New trials: 5

======================================================================
Trial 0 Starting (rte, metric=accuracy)
======================================================================
  transfer_every=1, transfer_lr=2.0507e+01, fast_lr=1.0000e+00, desired_bl=31
  lr=2.00e-03, wd=0.00e+00
  momentum=0.00, nesterov=False, optimizer=AnalogAdam
  min_lr_rate=0.5000
======================================================================
Some weights of MobileBertForSequenceClassification were not initialized from the model checkpoint at google/mobilebert-uncased and are newly initialized: ['classifier.bias', 'classifier.weight']
You should probably TRAIN this model on a down-stream task to be able to use it for predictions and inference.
  [FIX] Reinitialized classifier with FIXED seed=42
  [DIGITAL] Keeping 264 non-target layers as digital (frozen)
  TikiTaka: 96, NT Analog: 0, Total analog: 96, Total params: 21,842,786
  Trainable: 13,410
  Target: qkv -> ['attention (q,k,v,W_O)']
Trial 0 Ep1:   0%|                                                                                                        | 0/78 [00:00<?, ?it/s]Trial 0 Ep1:   0%|                                                                                     | 0/78 [00:00<?, ?it/s, loss=2086552.2500]Trial 0 Ep1:   1%|▉                                                                            | 1/78 [00:00<01:09,  1.11it/s, loss=2086552.2500]Trial 0 Ep1:   1%|▉                                                                            | 1/78 [00:09<01:09,  1.11it/s, loss=2387890.2500]Trial 0 Ep1:   3%|█▉                                                                           | 2/78 [00:09<06:57,  5.49s/it, loss=2387890.2500]Trial 0 Ep1:   3%|█▉                                                                           | 2/78 [00:10<06:57,  5.49s/it, loss=1676038.7500]Trial 0 Ep1:   4%|██▉                                                                          | 3/78 [00:10<04:24,  3.52s/it, loss=1676038.7500]Trial 0 Ep1:   4%|██▉                                                                          | 3/78 [00:12<04:24,  3.52s/it, loss=1542978.1250]Trial 0 Ep1:   5%|███▉                                                                         | 4/78 [00:12<03:37,  2.94s/it, loss=1542978.1250]Trial 0 Ep1:   5%|████                                                                          | 4/78 [00:13<03:37,  2.94s/it, loss=550301.7500]Trial 0 Ep1:   6%|█████                                                                         | 5/78 [00:13<02:37,  2.15s/it, loss=550301.7500]Trial 0 Ep1:   6%|█████                                                                         | 5/78 [00:15<02:37,  2.15s/it, loss=322428.6875]Trial 0 Ep1:   8%|██████                                                                        | 6/78 [00:15<02:35,  2.16s/it, loss=322428.6875]Trial 0 Ep1:   8%|█████▉                                                                       | 6/78 [00:16<02:35,  2.16s/it, loss=1098064.0000]Trial 0 Ep1:   9%|██████▉                                                                      | 7/78 [00:16<02:09,  1.82s/it, loss=1098064.0000]Trial 0 Ep1:   9%|██████▉                                                                      | 7/78 [00:18<02:09,  1.82s/it, loss=1289797.2500]Trial 0 Ep1:  10%|███████▉                                                                     | 8/78 [00:18<01:54,  1.63s/it, loss=1289797.2500]Trial 0 Ep1:  10%|███████▉                                                                     | 8/78 [00:19<01:54,  1.63s/it, loss=1540995.2500]Trial 0 Ep1:  12%|████████▉                                                                    | 9/78 [00:19<01:50,  1.59s/it, loss=1540995.2500]Trial 0 Ep1:  12%|████████▉                                                                    | 9/78 [00:21<01:50,  1.59s/it, loss=1300274.8750]Trial 0 Ep1:  13%|█████████▋                                                                  | 10/78 [00:21<02:02,  1.79s/it, loss=1300274.8750]Trial 0 Ep1:  13%|█████████▊                                                                   | 10/78 [00:23<02:02,  1.79s/it, loss=376189.8750]Trial 0 Ep1:  14%|██████████▊                                                                  | 11/78 [00:23<01:47,  1.60s/it, loss=376189.8750]Trial 0 Ep1:  14%|██████████▊                                                                  | 11/78 [00:24<01:47,  1.60s/it, loss=257060.5156]Trial 0 Ep1:  15%|███████████▊                                                                 | 12/78 [00:24<01:36,  1.46s/it, loss=257060.5156]Trial 0 Ep1:  15%|███████████▊                                                                 | 12/78 [00:25<01:36,  1.46s/it, loss=646836.8750]Trial 0 Ep1:  17%|████████████▊                                                                | 13/78 [00:25<01:29,  1.37s/it, loss=646836.8750]Trial 0 Ep1:  17%|████████████▊                                                                | 13/78 [00:26<01:29,  1.37s/it, loss=745083.3750]Trial 0 Ep1:  18%|█████████████▊                                                               | 14/78 [00:26<01:27,  1.37s/it, loss=745083.3750]Trial 0 Ep1:  18%|█████████████▊                                                               | 14/78 [00:28<01:27,  1.37s/it, loss=460651.4375]Trial 0 Ep1:  19%|██████████████▊                                                              | 15/78 [00:28<01:29,  1.42s/it, loss=460651.4375]Trial 0 Ep1:  19%|██████████████▊                                                              | 15/78 [00:29<01:29,  1.42s/it, loss=328972.5000]Trial 0 Ep1:  21%|███████████████▊                                                             | 16/78 [00:29<01:25,  1.38s/it, loss=328972.5000]Trial 0 Ep1:  21%|███████████████▊                                                             | 16/78 [00:30<01:25,  1.38s/it, loss=513520.8125]Trial 0 Ep1:  22%|████████████████▊                                                            | 17/78 [00:30<01:19,  1.31s/it, loss=513520.8125]Trial 0 Ep1:  22%|████████████████▊                                                            | 17/78 [00:32<01:19,  1.31s/it, loss=510017.5000]Trial 0 Ep1:  23%|█████████████████▊                                                           | 18/78 [00:32<01:19,  1.33s/it, loss=510017.5000]Trial 0 Ep1:  23%|█████████████████▊                                                           | 18/78 [00:33<01:19,  1.33s/it, loss=230106.2812]Trial 0 Ep1:  24%|██████████████████▊                                                          | 19/78 [00:33<01:14,  1.27s/it, loss=230106.2812]Trial 0 Ep1:  24%|██████████████████▊                                                          | 19/78 [00:34<01:14,  1.27s/it, loss=443741.3125]Trial 0 Ep1:  26%|███████████████████▋                                                         | 20/78 [00:34<01:15,  1.29s/it, loss=443741.3125]Trial 0 Ep1:  26%|████████████████████                                                          | 20/78 [00:35<01:15,  1.29s/it, loss=44646.4531]Trial 0 Ep1:  27%|█████████████████████                                                         | 21/78 [00:35<01:15,  1.33s/it, loss=44646.4531]Trial 0 Ep1:  27%|████████████████████▋                                                        | 21/78 [00:37<01:15,  1.33s/it, loss=626284.1250]Trial 0 Ep1:  28%|█████████████████████▋                                                       | 22/78 [00:37<01:16,  1.37s/it, loss=626284.1250]Trial 0 Ep1:  28%|█████████████████████▍                                                      | 22/78 [00:39<01:16,  1.37s/it, loss=1307119.3750]Trial 0 Ep1:  29%|██████████████████████▍                                                     | 23/78 [00:39<01:21,  1.48s/it, loss=1307119.3750]Trial 0 Ep1:  29%|██████████████████████▋                                                      | 23/78 [00:40<01:21,  1.48s/it, loss=911349.9375]Trial 0 Ep1:  31%|███████████████████████▋                                                     | 24/78 [00:40<01:19,  1.48s/it, loss=911349.9375]Trial 0 Ep1:  31%|████████████████████████                                                      | 24/78 [00:41<01:19,  1.48s/it, loss=54535.3125]Trial 0 Ep1:  32%|█████████████████████████                                                     | 25/78 [00:41<01:13,  1.38s/it, loss=54535.3125]Trial 0 Ep1:  32%|████████████████████████▋                                                    | 25/78 [00:43<01:13,  1.38s/it, loss=296154.9375]Trial 0 Ep1:  33%|█████████████████████████▋                                                   | 26/78 [00:43<01:18,  1.51s/it, loss=296154.9375]Trial 0 Ep1:  33%|█████████████████████████▋                                                   | 26/78 [00:45<01:18,  1.51s/it, loss=196855.2812]Trial 0 Ep1:  35%|██████████████████████████▋                                                  | 27/78 [00:45<01:18,  1.53s/it, loss=196855.2812]Trial 0 Ep1:  35%|███████████████████████████                                                   | 27/78 [00:46<01:18,  1.53s/it, loss=65753.3281]Trial 0 Ep1:  36%|████████████████████████████                                                  | 28/78 [00:46<01:14,  1.49s/it, loss=65753.3281]Trial 0 Ep1:  36%|███████████████████████████▋                                                 | 28/78 [00:47<01:14,  1.49s/it, loss=355757.4062]Trial 0 Ep1:  37%|████████████████████████████▋                                                | 29/78 [00:47<01:10,  1.43s/it, loss=355757.4062]Trial 0 Ep1:  37%|████████████████████████████▋                                                | 29/78 [00:48<01:10,  1.43s/it, loss=103416.5156]Trial 0 Ep1:  38%|█████████████████████████████▌                                               | 30/78 [00:48<01:04,  1.34s/it, loss=103416.5156]Trial 0 Ep1:  38%|█████████████████████████████▌                                               | 30/78 [00:50<01:04,  1.34s/it, loss=834949.0000]Trial 0 Ep1:  40%|██████████████████████████████▌                                              | 31/78 [00:50<01:04,  1.38s/it, loss=834949.0000]Trial 0 Ep1:  40%|██████████████████████████████▏                                             | 31/78 [00:52<01:04,  1.38s/it, loss=1118692.8750]Trial 0 Ep1:  41%|███████████████████████████████▏                                            | 32/78 [00:52<01:10,  1.54s/it, loss=1118692.8750]Trial 0 Ep1:  41%|███████████████████████████████▌                                             | 32/78 [00:54<01:10,  1.54s/it, loss=424764.6250]Trial 0 Ep1:  42%|████████████████████████████████▌                                            | 33/78 [00:54<01:11,  1.59s/it, loss=424764.6250]Trial 0 Ep1:  42%|████████████████████████████████▏                                           | 33/78 [00:55<01:11,  1.59s/it, loss=1152646.3750]Trial 0 Ep1:  44%|█████████████████████████████████▏                                          | 34/78 [00:55<01:08,  1.57s/it, loss=1152646.3750]Trial 0 Ep1:  44%|█████████████████████████████████▏                                          | 34/78 [00:57<01:08,  1.57s/it, loss=1407573.1250]Trial 0 Ep1:  45%|██████████████████████████████████                                          | 35/78 [00:57<01:06,  1.54s/it, loss=1407573.1250]Trial 0 Ep1:  45%|██████████████████████████████████▌                                          | 35/78 [00:58<01:06,  1.54s/it, loss=730925.1875]Trial 0 Ep1:  46%|███████████████████████████████████▌                                         | 36/78 [00:58<00:59,  1.42s/it, loss=730925.1875]Trial 0 Ep1:  46%|███████████████████████████████████▌                                         | 36/78 [00:59<00:59,  1.42s/it, loss=244243.5469]Trial 0 Ep1:  47%|████████████████████████████████████▌                                        | 37/78 [00:59<00:59,  1.46s/it, loss=244243.5469]Trial 0 Ep1:  47%|████████████████████████████████████▌                                        | 37/78 [01:01<00:59,  1.46s/it, loss=649925.2500]Trial 0 Ep1:  49%|█████████████████████████████████████▌                                       | 38/78 [01:01<01:01,  1.53s/it, loss=649925.2500]Trial 0 Ep1:  49%|██████████████████████████████████████                                        | 38/78 [01:02<01:01,  1.53s/it, loss=78914.6875]Trial 0 Ep1:  50%|███████████████████████████████████████                                       | 39/78 [01:02<00:58,  1.49s/it, loss=78914.6875]Trial 0 Ep1:  50%|██████████████████████████████████████▌                                      | 39/78 [01:03<00:58,  1.49s/it, loss=233614.5625]Trial 0 Ep1:  51%|███████████████████████████████████████▍                                     | 40/78 [01:03<00:52,  1.39s/it, loss=233614.5625]Trial 0 Ep1:  51%|███████████████████████████████████████▍                                     | 40/78 [01:05<00:52,  1.39s/it, loss=264152.2500]Trial 0 Ep1:  53%|████████████████████████████████████████▍                                    | 41/78 [01:05<00:48,  1.31s/it, loss=264152.2500]Trial 0 Ep1:  53%|█████████████████████████████████████████▌                                     | 41/78 [01:06<00:48,  1.31s/it, loss=9029.5469]Trial 0 Ep1:  54%|██████████████████████████████████████████▌                                    | 42/78 [01:06<00:42,  1.19s/it, loss=9029.5469]Trial 0 Ep1:  54%|█████████████████████████████████████████▍                                   | 42/78 [01:07<00:42,  1.19s/it, loss=492405.1875]Trial 0 Ep1:  55%|██████████████████████████████████████████▍                                  | 43/78 [01:07<00:44,  1.27s/it, loss=492405.1875]Trial 0 Ep1:  55%|███████████████████████████████████████████                                   | 43/78 [01:08<00:44,  1.27s/it, loss=41992.9531]Trial 0 Ep1:  56%|████████████████████████████████████████████                                  | 44/78 [01:08<00:37,  1.11s/it, loss=41992.9531]Trial 0 Ep1:  56%|██████████████████████████████████████████▊                                 | 44/78 [01:10<00:37,  1.11s/it, loss=1247492.3750]Trial 0 Ep1:  58%|███████████████████████████████████████████▊                                | 45/78 [01:10<00:43,  1.32s/it, loss=1247492.3750]Trial 0 Ep1:  58%|███████████████████████████████████████████▊                                | 45/78 [01:11<00:43,  1.32s/it, loss=1016550.4375]Trial 0 Ep1:  59%|████████████████████████████████████████████▊                               | 46/78 [01:11<00:43,  1.37s/it, loss=1016550.4375]Trial 0 Ep1:  59%|█████████████████████████████████████████████▍                               | 46/78 [01:12<00:43,  1.37s/it, loss=801235.1875]Trial 0 Ep1:  60%|██████████████████████████████████████████████▍                              | 47/78 [01:12<00:42,  1.36s/it, loss=801235.1875]Trial 0 Ep1:  60%|██████████████████████████████████████████████▍                              | 47/78 [01:14<00:42,  1.36s/it, loss=472246.5625]Trial 0 Ep1:  62%|███████████████████████████████████████████████▍                             | 48/78 [01:14<00:39,  1.32s/it, loss=472246.5625]Trial 0 Ep1:  62%|██████████████████████████████████████████████▊                             | 48/78 [01:16<00:39,  1.32s/it, loss=1090180.7500]Trial 0 Ep1:  63%|███████████████████████████████████████████████▋                            | 49/78 [01:16<00:50,  1.75s/it, loss=1090180.7500]Trial 0 Ep1:  63%|████████████████████████████████████████████████▎                            | 49/78 [01:18<00:50,  1.75s/it, loss=567366.9375]Trial 0 Ep1:  64%|█████████████████████████████████████████████████▎                           | 50/78 [01:18<00:46,  1.67s/it, loss=567366.9375]Trial 0 Ep1:  64%|█████████████████████████████████████████████████▎                           | 50/78 [01:19<00:46,  1.67s/it, loss=586740.2500]Trial 0 Ep1:  65%|██████████████████████████████████████████████████▎                          | 51/78 [01:19<00:40,  1.51s/it, loss=586740.2500]Trial 0 Ep1:  65%|██████████████████████████████████████████████████▎                          | 51/78 [01:20<00:40,  1.51s/it, loss=738134.9375]Trial 0 Ep1:  67%|███████████████████████████████████████████████████▎                         | 52/78 [01:20<00:37,  1.42s/it, loss=738134.9375]Trial 0 Ep1:  67%|███████████████████████████████████████████████████▎                         | 52/78 [01:21<00:37,  1.42s/it, loss=292178.7500]Trial 0 Ep1:  68%|████████████████████████████████████████████████████▎                        | 53/78 [01:21<00:33,  1.34s/it, loss=292178.7500]Trial 0 Ep1:  68%|████████████████████████████████████████████████████▎                        | 53/78 [01:23<00:33,  1.34s/it, loss=680623.5625]Trial 0 Ep1:  69%|█████████████████████████████████████████████████████▎                       | 54/78 [01:23<00:37,  1.56s/it, loss=680623.5625]Trial 0 Ep1:  69%|████████████████████████████████████████████████████▌                       | 54/78 [01:25<00:37,  1.56s/it, loss=1050499.5000]Trial 0 Ep1:  71%|█████████████████████████████████████████████████████▌                      | 55/78 [01:25<00:33,  1.45s/it, loss=1050499.5000]Trial 0 Ep1:  71%|██████████████████████████████████████████████████████▎                      | 55/78 [01:26<00:33,  1.45s/it, loss=718995.4375]Trial 0 Ep1:  72%|███████████████████████████████████████████████████████▎                     | 56/78 [01:26<00:30,  1.37s/it, loss=718995.4375]Trial 0 Ep1:  72%|███████████████████████████████████████████████████████▎                     | 56/78 [01:27<00:30,  1.37s/it, loss=316433.5625]Trial 0 Ep1:  73%|████████████████████████████████████████████████████████▎                    | 57/78 [01:27<00:26,  1.27s/it, loss=316433.5625]Trial 0 Ep1:  73%|████████████████████████████████████████████████████████▎                    | 57/78 [01:28<00:26,  1.27s/it, loss=376577.5312]Trial 0 Ep1:  74%|█████████████████████████████████████████████████████████▎                   | 58/78 [01:28<00:24,  1.22s/it, loss=376577.5312]Trial 0 Ep1:  74%|█████████████████████████████████████████████████████████▎                   | 58/78 [01:29<00:24,  1.22s/it, loss=104151.7031]Trial 0 Ep1:  76%|██████████████████████████████████████████████████████████▏                  | 59/78 [01:29<00:22,  1.19s/it, loss=104151.7031]Trial 0 Ep1:  76%|█████████████████████████████████████████████████████████▍                  | 59/78 [01:30<00:22,  1.19s/it, loss=1173807.7500]Trial 0 Ep1:  77%|██████████████████████████████████████████████████████████▍                 | 60/78 [01:30<00:22,  1.23s/it, loss=1173807.7500]Trial 0 Ep1:  77%|██████████████████████████████████████████████████████████▍                 | 60/78 [01:31<00:22,  1.23s/it, loss=1004519.4375]Trial 0 Ep1:  78%|███████████████████████████████████████████████████████████▍                | 61/78 [01:31<00:20,  1.20s/it, loss=1004519.4375]Trial 0 Ep1:  78%|████████████████████████████████████████████████████████████▏                | 61/78 [01:33<00:20,  1.20s/it, loss=637191.1875]Trial 0 Ep1:  79%|█████████████████████████████████████████████████████████████▏               | 62/78 [01:33<00:18,  1.18s/it, loss=637191.1875]Trial 0 Ep1:  79%|█████████████████████████████████████████████████████████████▏               | 62/78 [01:34<00:18,  1.18s/it, loss=192680.6562]Trial 0 Ep1:  81%|██████████████████████████████████████████████████████████████▏              | 63/78 [01:34<00:18,  1.22s/it, loss=192680.6562]Trial 0 Ep1:  81%|██████████████████████████████████████████████████████████████▏              | 63/78 [01:35<00:18,  1.22s/it, loss=348224.5000]Trial 0 Ep1:  82%|███████████████████████████████████████████████████████████████▏             | 64/78 [01:35<00:16,  1.18s/it, loss=348224.5000]Trial 0 Ep1:  82%|███████████████████████████████████████████████████████████████▏             | 64/78 [01:36<00:16,  1.18s/it, loss=100346.6641]Trial 0 Ep1:  83%|████████████████████████████████████████████████████████████████▏            | 65/78 [01:36<00:15,  1.20s/it, loss=100346.6641]Trial 0 Ep1:  83%|████████████████████████████████████████████████████████████████▏            | 65/78 [01:38<00:15,  1.20s/it, loss=259667.8125]Trial 0 Ep1:  85%|█████████████████████████████████████████████████████████████████▏           | 66/78 [01:38<00:14,  1.24s/it, loss=259667.8125]Trial 0 Ep1:  85%|█████████████████████████████████████████████████████████████████▏           | 66/78 [01:39<00:14,  1.24s/it, loss=167254.8438]Trial 0 Ep1:  86%|██████████████████████████████████████████████████████████████████▏          | 67/78 [01:39<00:13,  1.23s/it, loss=167254.8438]Trial 0 Ep1:  86%|███████████████████████████████████████████████████████████████████           | 67/78 [01:40<00:13,  1.23s/it, loss=92463.2969]Trial 0 Ep1:  87%|████████████████████████████████████████████████████████████████████          | 68/78 [01:40<00:11,  1.11s/it, loss=92463.2969]Trial 0 Ep1:  87%|███████████████████████████████████████████████████████████████████▏         | 68/78 [01:41<00:11,  1.11s/it, loss=182974.2344]Trial 0 Ep1:  88%|████████████████████████████████████████████████████████████████████         | 69/78 [01:41<00:09,  1.07s/it, loss=182974.2344]Trial 0 Ep1:  88%|█████████████████████████████████████████████████████████████████████         | 69/78 [01:42<00:09,  1.07s/it, loss=69257.8438]Trial 0 Ep1:  90%|██████████████████████████████████████████████████████████████████████        | 70/78 [01:42<00:08,  1.04s/it, lo