Trial 4 Ep6:   0%|                                                                                                        | 0/78 [00:00<?, ?it/s]Trial 4 Ep6:   0%|                                                                                           | 0/78 [00:00<?, ?it/s, loss=1.0257]Trial 4 Ep6:   1%|█                                                                                  | 1/78 [00:00<01:12,  1.06it/s, loss=1.0257]Trial 4 Ep6:   1%|█                                                                                  | 1/78 [00:01<01:12,  1.06it/s, loss=1.0834]Trial 4 Ep6:   3%|██▏                                                                                | 2/78 [00:01<01:16,  1.00s/it, loss=1.0834]Trial 4 Ep6:   3%|██▏                                                                                | 2/78 [00:02<01:16,  1.00s/it, loss=1.5587]Trial 4 Ep6:   4%|███▏                                                                               | 3/78 [00:02<01:10,  1.07it/s, loss=1.5587]Trial 4 Ep6:   4%|███▏                                                                               | 3/78 [00:03<01:10,  1.07it/s, loss=1.0583]Trial 4 Ep6:   5%|████▎                                                                              | 4/78 [00:03<01:04,  1.15it/s, loss=1.0583]Trial 4 Ep6:   5%|████▎                                                                              | 4/78 [00:04<01:04,  1.15it/s, loss=0.8214]Trial 4 Ep6:   6%|█████▎                                                                             | 5/78 [00:04<00:59,  1.23it/s, loss=0.8214]Trial 4 Ep6:   6%|█████▎                                                                             | 5/78 [00:05<00:59,  1.23it/s, loss=0.7343]Trial 4 Ep6:   8%|██████▍                                                                            | 6/78 [00:05<00:55,  1.29it/s, loss=0.7343]Trial 4 Ep6:   8%|██████▍                                                                            | 6/78 [00:05<00:55,  1.29it/s, loss=0.7171]Trial 4 Ep6:   9%|███████▍                                                                           | 7/78 [00:05<00:56,  1.27it/s, loss=0.7171]Trial 4 Ep6:   9%|███████▍                                                                           | 7/78 [00:06<00:56,  1.27it/s, loss=0.7229]Trial 4 Ep6:  10%|████████▌                                                                          | 8/78 [00:06<00:56,  1.23it/s, loss=0.7229]Trial 4 Ep6:  10%|████████▌                                                                          | 8/78 [00:07<00:56,  1.23it/s, loss=0.6991]Trial 4 Ep6:  12%|█████████▌                                                                         | 9/78 [00:07<00:58,  1.17it/s, loss=0.6991]Trial 4 Ep6:  12%|█████████▌                                                                         | 9/78 [00:08<00:58,  1.17it/s, loss=0.6443]Trial 4 Ep6:  13%|██████████▌                                                                       | 10/78 [00:08<01:00,  1.12it/s, loss=0.6443]Trial 4 Ep6:  13%|██████████▌                                                                       | 10/78 [00:09<01:00,  1.12it/s, loss=0.7648]Trial 4 Ep6:  14%|███████████▌                                                                      | 11/78 [00:09<00:57,  1.17it/s, loss=0.7648]Trial 4 Ep6:  14%|███████████▌                                                                      | 11/78 [00:10<00:57,  1.17it/s, loss=0.8098]Trial 4 Ep6:  15%|████████████▌                                                                     | 12/78 [00:10<00:55,  1.19it/s, loss=0.8098]Trial 4 Ep6:  15%|████████████▌                                                                     | 12/78 [00:10<00:55,  1.19it/s, loss=0.6946]Trial 4 Ep6:  17%|█████████████▋                                                                    | 13/78 [00:10<00:51,  1.27it/s, loss=0.6946]Trial 4 Ep6:  17%|█████████████▋                                                                    | 13/78 [00:11<00:51,  1.27it/s, loss=0.6238]Trial 4 Ep6:  18%|██████████████▋                                                                   | 14/78 [00:11<00:53,  1.19it/s, loss=0.6238]Trial 4 Ep6:  18%|██████████████▋                                                                   | 14/78 [00:12<00:53,  1.19it/s, loss=0.8271]Trial 4 Ep6:  19%|███████████████▊                                                                  | 15/78 [00:12<00:53,  1.17it/s, loss=0.8271]Trial 4 Ep6:  19%|███████████████▊                                                                  | 15/78 [00:13<00:53,  1.17it/s, loss=0.8569]Trial 4 Ep6:  21%|████████████████▊                                                                 | 16/78 [00:13<00:55,  1.11it/s, loss=0.8569]Trial 4 Ep6:  21%|████████████████▊                                                                 | 16/78 [00:14<00:55,  1.11it/s, loss=0.8101]Trial 4 Ep6:  22%|█████████████████▊                                                                | 17/78 [00:14<00:55,  1.09it/s, loss=0.8101]Trial 4 Ep6:  22%|█████████████████▊                                                                | 17/78 [00:15<00:55,  1.09it/s, loss=0.6565]Trial 4 Ep6:  23%|██████████████████▉                                                               | 18/78 [00:15<00:48,  1.24it/s, loss=0.6565]Trial 4 Ep6:  23%|██████████████████▉                                                               | 18/78 [00:15<00:48,  1.24it/s, loss=0.9228]Trial 4 Ep6:  24%|███████████████████▉                                                              | 19/78 [00:15<00:44,  1.32it/s, loss=0.9228]Trial 4 Ep6:  24%|███████████████████▉                                                              | 19/78 [00:16<00:44,  1.32it/s, loss=0.9620]Trial 4 Ep6:  26%|█████████████████████                                                             | 20/78 [00:16<00:41,  1.40it/s, loss=0.9620]Trial 4 Ep6:  26%|█████████████████████                                                             | 20/78 [00:17<00:41,  1.40it/s, loss=0.9676]Trial 4 Ep6:  27%|██████████████████████                                                            | 21/78 [00:17<00:43,  1.32it/s, loss=0.9676]Trial 4 Ep6:  27%|██████████████████████                                                            | 21/78 [00:18<00:43,  1.32it/s, loss=0.6217]Trial 4 Ep6:  28%|███████████████████████▏                                                          | 22/78 [00:18<00:41,  1.36it/s, loss=0.6217]Trial 4 Ep6:  28%|███████████████████████▏                                                          | 22/78 [00:19<00:41,  1.36it/s, loss=0.7292]Trial 4 Ep6:  29%|████████████████████████▏                                                         | 23/78 [00:19<00:48,  1.14it/s, loss=0.7292]Trial 4 Ep6:  29%|████████████████████████▏                                                         | 23/78 [00:20<00:48,  1.14it/s, loss=1.0379]Trial 4 Ep6:  31%|█████████████████████████▏                                                        | 24/78 [00:20<00:48,  1.11it/s, loss=1.0379]Trial 4 Ep6:  31%|█████████████████████████▏                                                        | 24/78 [00:21<00:48,  1.11it/s, loss=0.9216]Trial 4 Ep6:  32%|██████████████████████████▎                                                       | 25/78 [00:21<00:46,  1.14it/s, loss=0.9216]Trial 4 Ep6:  32%|██████████████████████████▎                                                       | 25/78 [00:21<00:46,  1.14it/s, loss=1.2037]Trial 4 Ep6:  33%|███████████████████████████▎                                                      | 26/78 [00:21<00:44,  1.17it/s, loss=1.2037]Trial 4 Ep6:  33%|███████████████████████████▎                                                      | 26/78 [00:22<00:44,  1.17it/s, loss=0.9250]Trial 4 Ep6:  35%|████████████████████████████▍                                                     | 27/78 [00:22<00:41,  1.24it/s, loss=0.9250]Trial 4 Ep6:  35%|████████████████████████████▍                                                     | 27/78 [00:23<00:41,  1.24it/s, loss=0.6916]Trial 4 Ep6:  36%|█████████████████████████████▍                                                    | 28/78 [00:23<00:39,  1.26it/s, loss=0.6916]Trial 4 Ep6:  36%|█████████████████████████████▍                                                    | 28/78 [00:24<00:39,  1.26it/s, loss=0.7589]Trial 4 Ep6:  37%|██████████████████████████████▍                                                   | 29/78 [00:24<00:38,  1.28it/s, loss=0.7589]Trial 4 Ep6:  37%|██████████████████████████████▍                                                   | 29/78 [00:25<00:38,  1.28it/s, loss=0.9106]Trial 4 Ep6:  38%|███████████████████████████████▌                                                  | 30/78 [00:25<00:42,  1.13it/s, loss=0.9106]Trial 4 Ep6:  38%|███████████████████████████████▌                                                  | 30/78 [00:26<00:42,  1.13it/s, loss=0.8742]Trial 4 Ep6:  40%|████████████████████████████████▌                                                 | 31/78 [00:26<00:41,  1.14it/s, loss=0.8742]Trial 4 Ep6:  40%|████████████████████████████████▌                                                 | 31/78 [00:26<00:41,  1.14it/s, loss=0.7472]Trial 4 Ep6:  41%|█████████████████████████████████▋                                                | 32/78 [00:26<00:39,  1.15it/s, loss=0.7472]Trial 4 Ep6:  41%|█████████████████████████████████▋                                                | 32/78 [00:28<00:39,  1.15it/s, loss=0.7286]Trial 4 Ep6:  42%|██████████████████████████████████▋                                               | 33/78 [00:28<00:42,  1.06it/s, loss=0.7286]Trial 4 Ep6:  42%|██████████████████████████████████▋                                               | 33/78 [00:28<00:42,  1.06it/s, loss=0.9737]Trial 4 Ep6:  44%|███████████████████████████████████▋                                              | 34/78 [00:28<00:39,  1.11it/s, loss=0.9737]Trial 4 Ep6:  44%|███████████████████████████████████▋                                              | 34/78 [00:29<00:39,  1.11it/s, loss=1.1850]Trial 4 Ep6:  45%|████████████████████████████████████▊                                             | 35/78 [00:29<00:37,  1.15it/s, loss=1.1850]Trial 4 Ep6:  45%|████████████████████████████████████▊                                             | 35/78 [00:30<00:37,  1.15it/s, loss=1.3871]Trial 4 Ep6:  46%|█████████████████████████████████████▊                                            | 36/78 [00:30<00:34,  1.20it/s, loss=1.3871]Trial 4 Ep6:  46%|█████████████████████████████████████▊                                            | 36/78 [00:31<00:34,  1.20it/s, loss=1.1186]Trial 4 Ep6:  47%|██████████████████████████████████████▉                                           | 37/78 [00:31<00:34,  1.19it/s, loss=1.1186]Trial 4 Ep6:  47%|██████████████████████████████████████▉                                           | 37/78 [00:32<00:34,  1.19it/s, loss=0.8208]Trial 4 Ep6:  49%|███████████████████████████████████████▉                                          | 38/78 [00:32<00:34,  1.17it/s, loss=0.8208]Trial 4 Ep6:  49%|███████████████████████████████████████▉                                          | 38/78 [00:33<00:34,  1.17it/s, loss=0.7271]Trial 4 Ep6:  50%|█████████████████████████████████████████                                         | 39/78 [00:33<00:37,  1.05it/s, loss=0.7271]Trial 4 Ep6:  50%|█████████████████████████████████████████                                         | 39/78 [00:34<00:37,  1.05it/s, loss=0.8092]Trial 4 Ep6:  51%|██████████████████████████████████████████                                        | 40/78 [00:34<00:37,  1.03it/s, loss=0.8092]Trial 4 Ep6:  51%|██████████████████████████████████████████                                        | 40/78 [00:34<00:37,  1.03it/s, loss=1.0942]Trial 4 Ep6:  53%|███████████████████████████████████████████                                       | 41/78 [00:34<00:32,  1.14it/s, loss=1.0942]Trial 4 Ep6:  53%|███████████████████████████████████████████                                       | 41/78 [00:35<00:32,  1.14it/s, loss=0.9073]Trial 4 Ep6:  54%|████████████████████████████████████████████▏                                     | 42/78 [00:35<00:30,  1.19it/s, loss=0.9073]Trial 4 Ep6:  54%|████████████████████████████████████████████▏                                     | 42/78 [00:36<00:30,  1.19it/s, loss=0.8082]Trial 4 Ep6:  55%|█████████████████████████████████████████████▏                                    | 43/78 [00:36<00:31,  1.11it/s, loss=0.8082]Trial 4 Ep6:  55%|█████████████████████████████████████████████▏                                    | 43/78 [00:37<00:31,  1.11it/s, loss=0.6625]Trial 4 Ep6:  56%|██████████████████████████████████████████████▎                                   | 44/78 [00:37<00:28,  1.18it/s, loss=0.6625]Trial 4 Ep6:  56%|██████████████████████████████████████████████▎                                   | 44/78 [00:38<00:28,  1.18it/s, loss=0.6906]Trial 4 Ep6:  58%|███████████████████████████████████████████████▎                                  | 45/78 [00:38<00:27,  1.20it/s, loss=0.6906]Trial 4 Ep6:  58%|███████████████████████████████████████████████▎                                  | 45/78 [00:38<00:27,  1.20it/s, loss=0.8902]Trial 4 Ep6:  59%|████████████████████████████████████████████████▎                                 | 46/78 [00:38<00:25,  1.25it/s, loss=0.8902]Trial 4 Ep6:  59%|████████████████████████████████████████████████▎                                 | 46/78 [00:39<00:25,  1.25it/s, loss=0.7172]Trial 4 Ep6:  60%|█████████████████████████████████████████████████▍                                | 47/78 [00:39<00:23,  1.33it/s, loss=0.7172]Trial 4 Ep6:  60%|█████████████████████████████████████████████████▍                                | 47/78 [00:40<00:23,  1.33it/s, loss=0.7134]Trial 4 Ep6:  62%|██████████████████████████████████████████████████▍                               | 48/78 [00:40<00:20,  1.45it/s, loss=0.7134]Trial 4 Ep6:  62%|██████████████████████████████████████████████████▍                               | 48/78 [00:40<00:20,  1.45it/s, loss=0.8940]Trial 4 Ep6:  63%|███████████████████████████████████████████████████▌                              | 49/78 [00:40<00:18,  1.55it/s, loss=0.8940]Trial 4 Ep6:  63%|███████████████████████████████████████████████████▌                              | 49/78 [00:41<00:18,  1.55it/s, loss=0.8361]Trial 4 Ep6:  64%|████████████████████████████████████████████████████▌                             | 50/78 [00:41<00:17,  1.62it/s, loss=0.8361]Trial 4 Ep6:  64%|████████████████████████████████████████████████████▌                             | 50/78 [00:41<00:17,  1.62it/s, loss=0.7518]Trial 4 Ep6:  65%|█████████████████████████████████████████████████████▌                            | 51/78 [00:41<00:16,  1.64it/s, loss=0.7518]Trial 4 Ep6:  65%|█████████████████████████████████████████████████████▌                            | 51/78 [00:42<00:16,  1.64it/s, loss=0.7192]Trial 4 Ep6:  67%|██████████████████████████████████████████████████████▋                           | 52/78 [00:42<00:15,  1.64it/s, loss=0.7192]Trial 4 Ep6:  67%|██████████████████████████████████████████████████████▋                           | 52/78 [00:43<00:15,  1.64it/s, loss=0.7523]Trial 4 Ep6:  68%|███████████████████████████████████████████████████████▋                          | 53/78 [00:43<00:15,  1.63it/s, loss=0.7523]Trial 4 Ep6:  68%|███████████████████████████████████████████████████████▋                          | 53/78 [00:43<00:15,  1.63it/s, loss=0.6337]Trial 4 Ep6:  69%|████████████████████████████████████████████████████████▊                         | 54/78 [00:43<00:14,  1.65it/s, loss=0.6337]Trial 4 Ep6:  69%|████████████████████████████████████████████████████████▊                         | 54/78 [00:44<00:14,  1.65it/s, loss=0.7568]Trial 4 Ep6:  71%|█████████████████████████████████████████████████████████▊                        | 55/78 [00:44<00:13,  1.65it/s, loss=0.7568]Trial 4 Ep6:  71%|█████████████████████████████████████████████████████████▊                        | 55/78 [00:44<00:13,  1.65it/s, loss=0.6935]Trial 4 Ep6:  72%|██████████████████████████████████████████████████████████▊                       | 56/78 [00:44<00:13,  1.67it/s, loss=0.6935]Trial 4 Ep6:  72%|██████████████████████████████████████████████████████████▊                       | 56/78 [00:45<00:13,  1.67it/s, loss=0.7022]Trial 4 Ep6:  73%|███████████████████████████████████████████████████████████▉                      | 57/78 [00:45<00:12,  1.67it/s, loss=0.7022]Trial 4 Ep6:  73%|███████████████████████████████████████████████████████████▉                      | 57/78 [00:45<00:12,  1.67it/s, loss=0.8303]Trial 4 Ep6:  74%|████████████████████████████████████████████████████████████▉                     | 58/78 [00:45<00:10,  1.85it/s, loss=0.8303]Trial 4 Ep6:  74%|████████████████████████████████████████████████████████████▉                     | 58/78 [00:46<00:10,  1.85it/s, loss=0.7185]Trial 4 Ep6:  76%|██████████████████████████████████████████████████████████████                    | 59/78 [00:46<00:10,  1.81it/s, loss=0.7185]Trial 4 Ep6:  76%|██████████████████████████████████████████████████████████████                    | 59/78 [00:47<00:10,  1.81it/s, loss=0.7588]Trial 4 Ep6:  77%|███████████████████████████████████████████████████████████████                   | 60/78 [00:47<00:10,  1.79it/s, loss=0.7588]Trial 4 Ep6:  77%|███████████████████████████████████████████████████████████████                   | 60/78 [00:47<00:10,  1.79it/s, loss=0.6790]Trial 4 Ep6:  78%|████████████████████████████████████████████████████████████████▏                 | 61/78 [00:47<00:09,  1.77it/s, loss=0.6790]Trial 4 Ep6:  78%|████████████████████████████████████████████████████████████████▏                 | 61/78 [00:48<00:09,  1.77it/s, loss=0.8865]Trial 4 Ep6:  79%|█████████████████████████████████████████████████████████████████▏                | 62/78 [00:48<00:09,  1.75it/s, loss=0.8865]Trial 4 Ep6:  79%|█████████████████████████████████████████████████████████████████▏                | 62/78 [00:48<00:09,  1.75it/s, loss=0.8151]Trial 4 Ep6:  81%|██████████████████████████████████████████████████████████████████▏               | 63/78 [00:48<00:08,  1.73it/s, loss=0.8151]Trial 4 Ep6:  81%|██████████████████████████████████████████████████████████████████▏               | 63/78 [00:49<00:08,  1.73it/s, loss=0.7329]Trial 4 Ep6:  82%|███████████████████████████████████████████████████████████████████▎              | 64/78 [00:49<00:08,  1.71it/s, loss=0.7329]Trial 4 Ep6:  82%|███████████████████████████████████████████████████████████████████▎              | 64/78 [00:49<00:08,  1.71it/s, loss=0.6864]Trial 4 Ep6:  83%|████████████████████████████████████████████████████████████████████▎             | 65/78 [00:49<00:07,  1.70it/s, loss=0.6864]Trial 4 Ep6:  83%|████████████████████████████████████████████████████████████████████▎             | 65/78 [00:50<00:07,  1.70it/s, loss=0.8204]Trial 4 Ep6:  85%|█████████████████████████████████████████████████████████████████████▍            | 66/78 [00:50<00:06,  1.72it/s, loss=0.8204]Trial 4 Ep6:  85%|█████████████████████████████████████████████████████████████████████▍            | 66/78 [00:51<00:06,  1.72it/s, loss=0.7338]Trial 4 Ep6:  86%|██████████████████████████████████████████████████████████████████████▍           | 67/78 [00:51<00:06,  1.70it/s, loss=0.7338]Trial 4 Ep6:  86%|██████████████████████████████████████████████████████████████████████▍           | 67/78 [00:51<00:06,  1.70it/s, loss=0.6327]Trial 4 Ep6:  87%|███████████████████████████████████████████████████████████████████████▍          | 68/78 [00:51<00:05,  1.72it/s, loss=0.6327]Trial 4 Ep6:  87%|███████████████████████████████████████████████████████████████████████▍          | 68/78 [00:52<00:05,  1.72it/s, loss=0.7128]Trial 4 Ep6:  88%|████████████████████████████████████████████████████████████████████████▌         | 69/78 [00:52<00:05,  1.70it/s, loss=0.7128]Trial 4 Ep6:  88%|████████████████████████████████████████████████████████████████████████▌         | 69/78 [00:52<00:05,  1.70it/s, loss=0.6971]Trial 4 Ep6:  90%|█████████████████████████████████████████████████████████████████████████▌        | 70/78 [00:52<00:04,  1.72it/s, loss=0.6971]Trial 4 Ep6:  90%|█████████████████████████████████████████████████████████████████████████▌        | 70/78 [00:53<00:04,  1.72it/s, loss=0.8003]Trial 4 Ep6:  91%|██████████████████████████████████████████████████████████████████████████▋       | 71/78 [00:53<00:04,  1.73it/s, loss=0.8003]Trial 4 Ep6:  91%|██████████████████████████████████████████████████████████████████████████▋       | 71/78 [00:54<00:04,  1.73it/s, loss=0.7750]Trial 4 Ep6:  92%|███████████████████████████████████████████████████████████████████████████▋      | 72/78 [00:54<00:03,  1.73it/s, loss=0.7750]Trial 4 Ep6:  92%|███████████████████████████████████████████████████████████████████████████▋      | 72/78 [00:54<00:03,  1.73it/s, loss=0.7971]Trial 4 Ep6:  94%|████████████████████████████████████████████████████████████████████████████▋     | 73/78 [00:54<00:02,  1.73it/s, loss=0.7971]Trial 4 Ep6:  94%|████████████████████████████████████████████████████████████████████████████▋     | 73/78 [00:55<00:02,  1.73it/s, loss=0.8800]Trial 4 Ep6:  95%|█████████████████████████████████████████████████████████████████████████████▊    | 74/78 [00:55<00:02,  1.74it/s, loss=0.8800]Trial 4 Ep6:  95%|█████████████████████████████████████████████████████████████████████████████▊    | 74/78 [00:55<00:02,  1.74it/s, loss=0.6567]Trial 4 Ep6:  96%|██████████████████████████████████████████████████████████████████████████████▊  