Trial 2 Ep9:   0%|                                                                                                        | 0/78 [00:00<?, ?it/s]Trial 2 Ep9:   0%|                                                                                           | 0/78 [00:00<?, ?it/s, loss=0.8383]Trial 2 Ep9:   1%|█                                                                                  | 1/78 [00:00<00:44,  1.71it/s, loss=0.8383]Trial 2 Ep9:   1%|█                                                                                  | 1/78 [00:01<00:44,  1.71it/s, loss=0.7320]Trial 2 Ep9:   3%|██▏                                                                                | 2/78 [00:01<00:43,  1.73it/s, loss=0.7320]Trial 2 Ep9:   3%|██▏                                                                                | 2/78 [00:01<00:43,  1.73it/s, loss=0.6648]Trial 2 Ep9:   4%|███▏                                                                               | 3/78 [00:01<00:43,  1.72it/s, loss=0.6648]Trial 2 Ep9:   4%|███▏                                                                               | 3/78 [00:02<00:43,  1.72it/s, loss=0.6451]Trial 2 Ep9:   5%|████▎                                                                              | 4/78 [00:02<00:43,  1.69it/s, loss=0.6451]Trial 2 Ep9:   5%|████▎                                                                              | 4/78 [00:02<00:43,  1.69it/s, loss=0.7926]Trial 2 Ep9:   6%|█████▎                                                                             | 5/78 [00:02<00:42,  1.73it/s, loss=0.7926]Trial 2 Ep9:   6%|█████▎                                                                             | 5/78 [00:03<00:42,  1.73it/s, loss=0.8478]Trial 2 Ep9:   8%|██████▍                                                                            | 6/78 [00:03<00:42,  1.71it/s, loss=0.8478]Trial 2 Ep9:   8%|██████▍                                                                            | 6/78 [00:04<00:42,  1.71it/s, loss=0.6657]Trial 2 Ep9:   9%|███████▍                                                                           | 7/78 [00:04<00:41,  1.70it/s, loss=0.6657]Trial 2 Ep9:   9%|███████▍                                                                           | 7/78 [00:04<00:41,  1.70it/s, loss=0.7030]Trial 2 Ep9:  10%|████████▌                                                                          | 8/78 [00:04<00:41,  1.69it/s, loss=0.7030]Trial 2 Ep9:  10%|████████▌                                                                          | 8/78 [00:05<00:41,  1.69it/s, loss=0.8966]Trial 2 Ep9:  12%|█████████▌                                                                         | 9/78 [00:05<00:40,  1.70it/s, loss=0.8966]Trial 2 Ep9:  12%|█████████▌                                                                         | 9/78 [00:05<00:40,  1.70it/s, loss=0.7880]Trial 2 Ep9:  13%|██████████▌                                                                       | 10/78 [00:05<00:40,  1.69it/s, loss=0.7880]Trial 2 Ep9:  13%|██████████▌                                                                       | 10/78 [00:06<00:40,  1.69it/s, loss=0.6008]Trial 2 Ep9:  14%|███████████▌                                                                      | 11/78 [00:06<00:40,  1.67it/s, loss=0.6008]Trial 2 Ep9:  14%|███████████▌                                                                      | 11/78 [00:07<00:40,  1.67it/s, loss=0.6972]Trial 2 Ep9:  15%|████████████▌                                                                     | 12/78 [00:07<00:40,  1.65it/s, loss=0.6972]Trial 2 Ep9:  15%|████████████▌                                                                     | 12/78 [00:07<00:40,  1.65it/s, loss=0.6989]Trial 2 Ep9:  17%|█████████████▋                                                                    | 13/78 [00:07<00:39,  1.64it/s, loss=0.6989]Trial 2 Ep9:  17%|█████████████▋                                                                    | 13/78 [00:08<00:39,  1.64it/s, loss=0.5537]Trial 2 Ep9:  18%|██████████████▋                                                                   | 14/78 [00:08<00:39,  1.64it/s, loss=0.5537]Trial 2 Ep9:  18%|██████████████▋                                                                   | 14/78 [00:08<00:39,  1.64it/s, loss=0.7024]Trial 2 Ep9:  19%|███████████████▊                                                                  | 15/78 [00:08<00:38,  1.65it/s, loss=0.7024]Trial 2 Ep9:  19%|███████████████▊                                                                  | 15/78 [00:09<00:38,  1.65it/s, loss=0.6048]Trial 2 Ep9:  21%|████████████████▊                                                                 | 16/78 [00:09<00:37,  1.65it/s, loss=0.6048]Trial 2 Ep9:  21%|████████████████▊                                                                 | 16/78 [00:10<00:37,  1.65it/s, loss=0.7776]Trial 2 Ep9:  22%|█████████████████▊                                                                | 17/78 [00:10<00:37,  1.64it/s, loss=0.7776]Trial 2 Ep9:  22%|█████████████████▊                                                                | 17/78 [00:10<00:37,  1.64it/s, loss=0.7604]Trial 2 Ep9:  23%|██████████████████▉                                                               | 18/78 [00:10<00:36,  1.63it/s, loss=0.7604]Trial 2 Ep9:  23%|██████████████████▉                                                               | 18/78 [00:11<00:36,  1.63it/s, loss=0.6041]Trial 2 Ep9:  24%|███████████████████▉                                                              | 19/78 [00:11<00:36,  1.64it/s, loss=0.6041]Trial 2 Ep9:  24%|███████████████████▉                                                              | 19/78 [00:12<00:36,  1.64it/s, loss=0.7311]Trial 2 Ep9:  26%|█████████████████████                                                             | 20/78 [00:12<00:35,  1.64it/s, loss=0.7311]Trial 2 Ep9:  26%|█████████████████████                                                             | 20/78 [00:12<00:35,  1.64it/s, loss=0.5006]Trial 2 Ep9:  27%|██████████████████████                                                            | 21/78 [00:12<00:34,  1.65it/s, loss=0.5006]Trial 2 Ep9:  27%|██████████████████████                                                            | 21/78 [00:13<00:34,  1.65it/s, loss=0.7738]Trial 2 Ep9:  28%|███████████████████████▏                                                          | 22/78 [00:13<00:34,  1.65it/s, loss=0.7738]Trial 2 Ep9:  28%|███████████████████████▏                                                          | 22/78 [00:13<00:34,  1.65it/s, loss=0.6919]Trial 2 Ep9:  29%|████████████████████████▏                                                         | 23/78 [00:13<00:33,  1.65it/s, loss=0.6919]Trial 2 Ep9:  29%|████████████████████████▏                                                         | 23/78 [00:14<00:33,  1.65it/s, loss=0.8260]Trial 2 Ep9:  31%|█████████████████████████▏                                                        | 24/78 [00:14<00:32,  1.66it/s, loss=0.8260]Trial 2 Ep9:  31%|█████████████████████████▏                                                        | 24/78 [00:14<00:32,  1.66it/s, loss=0.9807]Trial 2 Ep9:  32%|██████████████████████████▎                                                       | 25/78 [00:14<00:31,  1.68it/s, loss=0.9807]Trial 2 Ep9:  32%|██████████████████████████▎                                                       | 25/78 [00:15<00:31,  1.68it/s, loss=0.7296]Trial 2 Ep9:  33%|███████████████████████████▎                                                      | 26/78 [00:15<00:31,  1.67it/s, loss=0.7296]Trial 2 Ep9:  33%|███████████████████████████▎                                                      | 26/78 [00:16<00:31,  1.67it/s, loss=0.7222]Trial 2 Ep9:  35%|████████████████████████████▍                                                     | 27/78 [00:16<00:30,  1.68it/s, loss=0.7222]Trial 2 Ep9:  35%|████████████████████████████▍                                                     | 27/78 [00:16<00:30,  1.68it/s, loss=0.7862]Trial 2 Ep9:  36%|█████████████████████████████▍                                                    | 28/78 [00:16<00:26,  1.87it/s, loss=0.7862]Trial 2 Ep9:  36%|█████████████████████████████▍                                                    | 28/78 [00:17<00:26,  1.87it/s, loss=0.6877]Trial 2 Ep9:  37%|██████████████████████████████▍                                                   | 29/78 [00:17<00:27,  1.80it/s, loss=0.6877]Trial 2 Ep9:  37%|██████████████████████████████▍                                                   | 29/78 [00:17<00:27,  1.80it/s, loss=0.5800]Trial 2 Ep9:  38%|███████████████████████████████▌                                                  | 30/78 [00:17<00:27,  1.77it/s, loss=0.5800]Trial 2 Ep9:  38%|███████████████████████████████▌                                                  | 30/78 [00:18<00:27,  1.77it/s, loss=0.7031]Trial 2 Ep9:  40%|████████████████████████████████▌                                                 | 31/78 [00:18<00:27,  1.73it/s, loss=0.7031]Trial 2 Ep9:  40%|████████████████████████████████▌                                                 | 31/78 [00:18<00:27,  1.73it/s, loss=0.6372]Trial 2 Ep9:  41%|█████████████████████████████████▋                                                | 32/78 [00:18<00:26,  1.71it/s, loss=0.6372]Trial 2 Ep9:  41%|█████████████████████████████████▋                                                | 32/78 [00:19<00:26,  1.71it/s, loss=0.7417]Trial 2 Ep9:  42%|██████████████████████████████████▋                                               | 33/78 [00:19<00:26,  1.70it/s, loss=0.7417]Trial 2 Ep9:  42%|██████████████████████████████████▋                                               | 33/78 [00:20<00:26,  1.70it/s, loss=0.6647]Trial 2 Ep9:  44%|███████████████████████████████████▋                                              | 34/78 [00:20<00:25,  1.70it/s, loss=0.6647]Trial 2 Ep9:  44%|███████████████████████████████████▋                                              | 34/78 [00:20<00:25,  1.70it/s, loss=0.7995]Trial 2 Ep9:  45%|████████████████████████████████████▊                                             | 35/78 [00:20<00:25,  1.66it/s, loss=0.7995]Trial 2 Ep9:  45%|████████████████████████████████████▊                                             | 35/78 [00:21<00:25,  1.66it/s, loss=0.7563]Trial 2 Ep9:  46%|█████████████████████████████████████▊                                            | 36/78 [00:21<00:25,  1.66it/s, loss=0.7563]Trial 2 Ep9:  46%|█████████████████████████████████████▊                                            | 36/78 [00:21<00:25,  1.66it/s, loss=0.6495]Trial 2 Ep9:  47%|██████████████████████████████████████▉                                           | 37/78 [00:21<00:24,  1.68it/s, loss=0.6495]Trial 2 Ep9:  47%|██████████████████████████████████████▉                                           | 37/78 [00:22<00:24,  1.68it/s, loss=0.6840]Trial 2 Ep9:  49%|███████████████████████████████████████▉                                          | 38/78 [00:22<00:23,  1.67it/s, loss=0.6840]Trial 2 Ep9:  49%|███████████████████████████████████████▉                                          | 38/78 [00:23<00:23,  1.67it/s, loss=0.6537]Trial 2 Ep9:  50%|█████████████████████████████████████████                                         | 39/78 [00:23<00:23,  1.67it/s, loss=0.6537]Trial 2 Ep9:  50%|█████████████████████████████████████████                                         | 39/78 [00:23<00:23,  1.67it/s, loss=0.6494]Trial 2 Ep9:  51%|██████████████████████████████████████████                                        | 40/78 [00:23<00:22,  1.66it/s, loss=0.6494]Trial 2 Ep9:  51%|██████████████████████████████████████████                                        | 40/78 [00:24<00:22,  1.66it/s, loss=0.6767]Trial 2 Ep9:  53%|███████████████████████████████████████████                                       | 41/78 [00:24<00:22,  1.66it/s, loss=0.6767]Trial 2 Ep9:  53%|███████████████████████████████████████████                                       | 41/78 [00:25<00:22,  1.66it/s, loss=0.5828]Trial 2 Ep9:  54%|████████████████████████████████████████████▏                                     | 42/78 [00:25<00:21,  1.65it/s, loss=0.5828]Trial 2 Ep9:  54%|████████████████████████████████████████████▏                                     | 42/78 [00:25<00:21,  1.65it/s, loss=0.7539]Trial 2 Ep9:  55%|█████████████████████████████████████████████▏                                    | 43/78 [00:25<00:21,  1.64it/s, loss=0.7539]Trial 2 Ep9:  55%|█████████████████████████████████████████████▏                                    | 43/78 [00:26<00:21,  1.64it/s, loss=0.5829]Trial 2 Ep9:  56%|██████████████████████████████████████████████▎                                   | 44/78 [00:26<00:20,  1.64it/s, loss=0.5829]Trial 2 Ep9:  56%|██████████████████████████████████████████████▎                                   | 44/78 [00:26<00:20,  1.64it/s, loss=0.8504]Trial 2 Ep9:  58%|███████████████████████████████████████████████▎                                  | 45/78 [00:26<00:20,  1.62it/s, loss=0.8504]Trial 2 Ep9:  58%|███████████████████████████████████████████████▎                                  | 45/78 [00:27<00:20,  1.62it/s, loss=0.7573]Trial 2 Ep9:  59%|████████████████████████████████████████████████▎                                 | 46/78 [00:27<00:19,  1.62it/s, loss=0.7573]Trial 2 Ep9:  59%|████████████████████████████████████████████████▎                                 | 46/78 [00:28<00:19,  1.62it/s, loss=0.7492]Trial 2 Ep9:  60%|█████████████████████████████████████████████████▍                                | 47/78 [00:28<00:19,  1.61it/s, loss=0.7492]Trial 2 Ep9:  60%|█████████████████████████████████████████████████▍                                | 47/78 [00:28<00:19,  1.61it/s, loss=0.6413]Trial 2 Ep9:  62%|██████████████████████████████████████████████████▍                               | 48/78 [00:28<00:18,  1.61it/s, loss=0.6413]Trial 2 Ep9:  62%|██████████████████████████████████████████████████▍                               | 48/78 [00:29<00:18,  1.61it/s, loss=0.6892]Trial 2 Ep9:  63%|███████████████████████████████████████████████████▌                              | 49/78 [00:29<00:17,  1.63it/s, loss=0.6892]Trial 2 Ep9:  63%|███████████████████████████████████████████████████▌                              | 49/78 [00:29<00:17,  1.63it/s, loss=0.8529]Trial 2 Ep9:  64%|████████████████████████████████████████████████████▌                             | 50/78 [00:29<00:17,  1.62it/s, loss=0.8529]Trial 2 Ep9:  64%|████████████████████████████████████████████████████▌                             | 50/78 [00:30<00:17,  1.62it/s, loss=0.7332]Trial 2 Ep9:  65%|█████████████████████████████████████████████████████▌                            | 51/78 [00:30<00:16,  1.62it/s, loss=0.7332]Trial 2 Ep9:  65%|█████████████████████████████████████████████████████▌                            | 51/78 [00:31<00:16,  1.62it/s, loss=0.8096]Trial 2 Ep9:  67%|██████████████████████████████████████████████████████▋                           | 52/78 [00:31<00:15,  1.64it/s, loss=0.8096]Trial 2 Ep9:  67%|██████████████████████████████████████████████████████▋                           | 52/78 [00:31<00:15,  1.64it/s, loss=0.8096]Trial 2 Ep9:  68%|███████████████████████████████████████████████████████▋                          | 53/78 [00:31<00:15,  1.63it/s, loss=0.8096]Trial 2 Ep9:  68%|███████████████████████████████████████████████████████▋                          | 53/78 [00:32<00:15,  1.63it/s, loss=0.7498]Trial 2 Ep9:  69%|████████████████████████████████████████████████████████▊                         | 54/78 [00:32<00:14,  1.64it/s, loss=0.7498]Trial 2 Ep9:  69%|████████████████████████████████████████████████████████▊                         | 54/78 [00:32<00:14,  1.64it/s, loss=0.7755]Trial 2 Ep9:  71%|█████████████████████████████████████████████████████████▊                        | 55/78 [00:32<00:14,  1.64it/s, loss=0.7755]Trial 2 Ep9:  71%|█████████████████████████████████████████████████████████▊                        | 55/78 [00:33<00:14,  1.64it/s, loss=0.6788]Trial 2 Ep9:  72%|██████████████████████████████████████████████████████████▊                       | 56/78 [00:33<00:13,  1.63it/s, loss=0.6788]Trial 2 Ep9:  72%|██████████████████████████████████████████████████████████▊                       | 56/78 [00:34<00:13,  1.63it/s, loss=0.7124]Trial 2 Ep9:  73%|███████████████████████████████████████████████████████████▉                      | 57/78 [00:34<00:12,  1.63it/s, loss=0.7124]Trial 2 Ep9:  73%|███████████████████████████████████████████████████████████▉                      | 57/78 [00:34<00:12,  1.63it/s, loss=0.6877]Trial 2 Ep9:  74%|████████████████████████████████████████████████████████████▉                     | 58/78 [00:34<00:12,  1.62it/s, loss=0.6877]Trial 2 Ep9:  74%|████████████████████████████████████████████████████████████▉                     | 58/78 [00:35<00:12,  1.62it/s, loss=0.6224]Trial 2 Ep9:  76%|██████████████████████████████████████████████████████████████                    | 59/78 [00:35<00:11,  1.63it/s, loss=0.6224]Trial 2 Ep9:  76%|██████████████████████████████████████████████████████████████                    | 59/78 [00:35<00:11,  1.63it/s, loss=0.6118]Trial 2 Ep9:  77%|███████████████████████████████████████████████████████████████                   | 60/78 [00:35<00:09,  1.84it/s, loss=0.6118]Trial 2 Ep9:  77%|███████████████████████████████████████████████████████████████                   | 60/78 [00:36<00:09,  1.84it/s, loss=0.9062]Trial 2 Ep9:  78%|████████████████████████████████████████████████████████████████▏                 | 61/78 [00:36<00:09,  1.79it/s, loss=0.9062]Trial 2 Ep9:  78%|████████████████████████████████████████████████████████████████▏                 | 61/78 [00:37<00:09,  1.79it/s, loss=1.3154]Trial 2 Ep9:  79%|█████████████████████████████████████████████████████████████████▏                | 62/78 [00:37<00:09,  1.74it/s, loss=1.3154]Trial 2 Ep9:  79%|█████████████████████████████████████████████████████████████████▏                | 62/78 [00:37<00:09,  1.74it/s, loss=1.5184]Trial 2 Ep9:  81%|██████████████████████████████████████████████████████████████████▏               | 63/78 [00:37<00:08,  1.70it/s, loss=1.5184]Trial 2 Ep9:  81%|██████████████████████████████████████████████████████████████████▏               | 63/78 [00:38<00:08,  1.70it/s, loss=1.3024]Trial 2 Ep9:  82%|███████████████████████████████████████████████████████████████████▎              | 64/78 [00:38<00:08,  1.66it/s, loss=1.3024]Trial 2 Ep9:  82%|███████████████████████████████████████████████████████████████████▎              | 64/78 [00:38<00:08,  1.66it/s, loss=0.8253]Trial 2 Ep9:  83%|████████████████████████████████████████████████████████████████████▎             | 65/78 [00:38<00:07,  1.65it/s, loss=0.8253]Trial 2 Ep9:  83%|████████████████████████████████████████████████████████████████████▎             | 65/78 [00:39<00:07,  1.65it/s, loss=0.7569]Trial 2 Ep9:  85%|█████████████████████████████████████████████████████████████████████▍            | 66/78 [00:39<00:07,  1.64it/s, loss=0.7569]Trial 2 Ep9:  85%|█████████████████████████████████████████████████████████████████████▍            | 66/78 [00:40<00:07,  1.64it/s, loss=0.6824]Trial 2 Ep9:  86%|██████████████████████████████████████████████████████████████████████▍           | 67/78 [00:40<00:06,  1.63it/s, loss=0.6824]Trial 2 Ep9:  86%|██████████████████████████████████████████████████████████████████████▍           | 67/78 [00:40<00:06,  1.63it/s, loss=0.7655]Trial 2 Ep9:  87%|███████████████████████████████████████████████████████████████████████▍          | 68/78 [00:40<00:06,  1.64it/s, loss=0.7655]Trial 2 Ep9:  87%|███████████████████████████████████████████████████████████████████████▍          | 68/78 [00:41<00:06,  1.64it/s, loss=0.7293]Trial 2 Ep9:  88%|████████████████████████████████████████████████████████████████████████▌         | 69/78 [00:41<00:05,  1.65it/s, loss=0.7293]Trial 2 Ep9:  88%|████████████████████████████████████████████████████████████████████████▌         | 69/78 [00:42<00:05,  1.65it/s, loss=0.8010]Trial 2 Ep9:  90%|█████████████████████████████████████████████████████████████████████████▌        | 70/78 [00:42<00:04,  1.61it/s, loss=0.8010]Trial 2 Ep9:  90%|█████████████████████████████████████████████████████████████████████████▌        | 70/78 [00:42<00:04,  1.61it/s, loss=0.8407]Trial 2 Ep9:  91%|██████████████████████████████████████████████████████████████████████████▋       | 71/78 [00:42<00:04,  1.60it/s, loss=0.8407]Trial 2 Ep9:  91%|██████████████████████████████████████████████████████████████████████████▋       | 71/78 [00:43<00:04,  1.60it/s, loss=0.7112]Trial 2 Ep9:  92%|███████████████████████████████████████████████████████████████████████████▋      | 72/78 [00:43<00:03,  1.76it/s, loss=0.7112]Trial 2 Ep9:  92%|███████████████████████████████████████████████████████████████████████████▋      | 72/78 [00:43<00:03,  1.76it/s, loss=0.7818]Trial 2 Ep9:  94%|████████████████████████████████████████████████████████████████████████████▋     | 73/78 [00:43<00:02,  1.70it/s, loss=0.7818]Trial 2 Ep9:  94%|████████████████████████████████████████████████████████████████████████████▋     | 73/78 [00:44<00:02,  1.70it/s, loss=0.6789]Trial 2 Ep9:  95%|█████████████████████████████████████████████████████████████████████████████▊    | 74/78 [00:44<00:02,  1.66it/s, loss=0.6789]Trial 2 Ep9:  95%|█████████████████████████████████████████████████████████████████████████████▊    | 74/78 [00:44<00:02,  1.66it/s, loss=0.6952]Trial 2 Ep9:  96%|██████████████████████████████████████████████████████████████████████████████▊  