Trial 3 Ep4:   0%|                                                                                                        | 0/78 [00:00<?, ?it/s]Trial 3 Ep4:   0%|                                                                                           | 0/78 [00:00<?, ?it/s, loss=0.7296]Trial 3 Ep4:   1%|█                                                                                  | 1/78 [00:00<00:53,  1.45it/s, loss=0.7296]Trial 3 Ep4:   1%|█                                                                                  | 1/78 [00:01<00:53,  1.45it/s, loss=0.6256]Trial 3 Ep4:   3%|██▏                                                                                | 2/78 [00:01<00:52,  1.45it/s, loss=0.6256]Trial 3 Ep4:   3%|██▏                                                                                | 2/78 [00:02<00:52,  1.45it/s, loss=0.7049]Trial 3 Ep4:   4%|███▏                                                                               | 3/78 [00:02<00:51,  1.46it/s, loss=0.7049]Trial 3 Ep4:   4%|███▏                                                                               | 3/78 [00:02<00:51,  1.46it/s, loss=0.7062]Trial 3 Ep4:   5%|████▎                                                                              | 4/78 [00:02<00:49,  1.48it/s, loss=0.7062]Trial 3 Ep4:   5%|████▎                                                                              | 4/78 [00:03<00:49,  1.48it/s, loss=0.6675]Trial 3 Ep4:   6%|█████▎                                                                             | 5/78 [00:03<00:49,  1.49it/s, loss=0.6675]Trial 3 Ep4:   6%|█████▎                                                                             | 5/78 [00:04<00:49,  1.49it/s, loss=0.7450]Trial 3 Ep4:   8%|██████▍                                                                            | 6/78 [00:04<00:48,  1.49it/s, loss=0.7450]Trial 3 Ep4:   8%|██████▍                                                                            | 6/78 [00:04<00:48,  1.49it/s, loss=0.8209]Trial 3 Ep4:   9%|███████▍                                                                           | 7/78 [00:04<00:48,  1.47it/s, loss=0.8209]Trial 3 Ep4:   9%|███████▍                                                                           | 7/78 [00:05<00:48,  1.47it/s, loss=0.7009]Trial 3 Ep4:  10%|████████▌                                                                          | 8/78 [00:05<00:47,  1.48it/s, loss=0.7009]Trial 3 Ep4:  10%|████████▌                                                                          | 8/78 [00:06<00:47,  1.48it/s, loss=0.7509]Trial 3 Ep4:  12%|█████████▌                                                                         | 9/78 [00:06<00:45,  1.51it/s, loss=0.7509]Trial 3 Ep4:  12%|█████████▌                                                                         | 9/78 [00:06<00:45,  1.51it/s, loss=0.6436]Trial 3 Ep4:  13%|██████████▌                                                                       | 10/78 [00:06<00:44,  1.54it/s, loss=0.6436]Trial 3 Ep4:  13%|██████████▌                                                                       | 10/78 [00:07<00:44,  1.54it/s, loss=1.0952]Trial 3 Ep4:  14%|███████████▌                                                                      | 11/78 [00:07<00:42,  1.56it/s, loss=1.0952]Trial 3 Ep4:  14%|███████████▌                                                                      | 11/78 [00:07<00:42,  1.56it/s, loss=1.0969]Trial 3 Ep4:  15%|████████████▌                                                                     | 12/78 [00:07<00:41,  1.57it/s, loss=1.0969]Trial 3 Ep4:  15%|████████████▌                                                                     | 12/78 [00:08<00:41,  1.57it/s, loss=0.7935]Trial 3 Ep4:  17%|█████████████▋                                                                    | 13/78 [00:08<00:41,  1.57it/s, loss=0.7935]Trial 3 Ep4:  17%|█████████████▋                                                                    | 13/78 [00:09<00:41,  1.57it/s, loss=0.6648]Trial 3 Ep4:  18%|██████████████▋                                                                   | 14/78 [00:09<00:41,  1.53it/s, loss=0.6648]Trial 3 Ep4:  18%|██████████████▋                                                                   | 14/78 [00:09<00:41,  1.53it/s, loss=0.7459]Trial 3 Ep4:  19%|███████████████▊                                                                  | 15/78 [00:09<00:40,  1.54it/s, loss=0.7459]Trial 3 Ep4:  19%|███████████████▊                                                                  | 15/78 [00:10<00:40,  1.54it/s, loss=0.8200]Trial 3 Ep4:  21%|████████████████▊                                                                 | 16/78 [00:10<00:40,  1.54it/s, loss=0.8200]Trial 3 Ep4:  21%|████████████████▊                                                                 | 16/78 [00:11<00:40,  1.54it/s, loss=0.9700]Trial 3 Ep4:  22%|█████████████████▊                                                                | 17/78 [00:11<00:39,  1.55it/s, loss=0.9700]Trial 3 Ep4:  22%|█████████████████▊                                                                | 17/78 [00:11<00:39,  1.55it/s, loss=1.0806]Trial 3 Ep4:  23%|██████████████████▉                                                               | 18/78 [00:11<00:38,  1.56it/s, loss=1.0806]Trial 3 Ep4:  23%|██████████████████▉                                                               | 18/78 [00:12<00:38,  1.56it/s, loss=0.7400]Trial 3 Ep4:  24%|███████████████████▉                                                              | 19/78 [00:12<00:38,  1.53it/s, loss=0.7400]Trial 3 Ep4:  24%|███████████████████▉                                                              | 19/78 [00:13<00:38,  1.53it/s, loss=0.6967]Trial 3 Ep4:  26%|█████████████████████                                                             | 20/78 [00:13<00:38,  1.51it/s, loss=0.6967]Trial 3 Ep4:  26%|█████████████████████                                                             | 20/78 [00:13<00:38,  1.51it/s, loss=0.9447]Trial 3 Ep4:  27%|██████████████████████                                                            | 21/78 [00:13<00:38,  1.49it/s, loss=0.9447]Trial 3 Ep4:  27%|██████████████████████                                                            | 21/78 [00:14<00:38,  1.49it/s, loss=0.8370]Trial 3 Ep4:  28%|███████████████████████▏                                                          | 22/78 [00:14<00:37,  1.49it/s, loss=0.8370]Trial 3 Ep4:  28%|███████████████████████▏                                                          | 22/78 [00:15<00:37,  1.49it/s, loss=0.6615]Trial 3 Ep4:  29%|████████████████████████▏                                                         | 23/78 [00:15<00:36,  1.49it/s, loss=0.6615]Trial 3 Ep4:  29%|████████████████████████▏                                                         | 23/78 [00:15<00:36,  1.49it/s, loss=0.8103]Trial 3 Ep4:  31%|█████████████████████████▏                                                        | 24/78 [00:15<00:35,  1.51it/s, loss=0.8103]Trial 3 Ep4:  31%|█████████████████████████▏                                                        | 24/78 [00:16<00:35,  1.51it/s, loss=0.7948]Trial 3 Ep4:  32%|██████████████████████████▎                                                       | 25/78 [00:16<00:35,  1.51it/s, loss=0.7948]Trial 3 Ep4:  32%|██████████████████████████▎                                                       | 25/78 [00:17<00:35,  1.51it/s, loss=0.8000]Trial 3 Ep4:  33%|███████████████████████████▎                                                      | 26/78 [00:17<00:34,  1.51it/s, loss=0.8000]Trial 3 Ep4:  33%|███████████████████████████▎                                                      | 26/78 [00:17<00:34,  1.51it/s, loss=0.7944]Trial 3 Ep4:  35%|████████████████████████████▍                                                     | 27/78 [00:17<00:34,  1.50it/s, loss=0.7944]Trial 3 Ep4:  35%|████████████████████████████▍                                                     | 27/78 [00:18<00:34,  1.50it/s, loss=0.7162]Trial 3 Ep4:  36%|█████████████████████████████▍                                                    | 28/78 [00:18<00:33,  1.49it/s, loss=0.7162]Trial 3 Ep4:  36%|█████████████████████████████▍                                                    | 28/78 [00:19<00:33,  1.49it/s, loss=0.6829]Trial 3 Ep4:  37%|██████████████████████████████▍                                                   | 29/78 [00:19<00:32,  1.52it/s, loss=0.6829]Trial 3 Ep4:  37%|██████████████████████████████▍                                                   | 29/78 [00:19<00:32,  1.52it/s, loss=0.8603]Trial 3 Ep4:  38%|███████████████████████████████▌                                                  | 30/78 [00:19<00:31,  1.51it/s, loss=0.8603]Trial 3 Ep4:  38%|███████████████████████████████▌                                                  | 30/78 [00:20<00:31,  1.51it/s, loss=1.1209]Trial 3 Ep4:  40%|████████████████████████████████▌                                                 | 31/78 [00:20<00:31,  1.51it/s, loss=1.1209]Trial 3 Ep4:  40%|████████████████████████████████▌                                                 | 31/78 [00:21<00:31,  1.51it/s, loss=1.0807]Trial 3 Ep4:  41%|█████████████████████████████████▋                                                | 32/78 [00:21<00:30,  1.51it/s, loss=1.0807]Trial 3 Ep4:  41%|█████████████████████████████████▋                                                | 32/78 [00:21<00:30,  1.51it/s, loss=0.9020]Trial 3 Ep4:  42%|██████████████████████████████████▋                                               | 33/78 [00:21<00:29,  1.51it/s, loss=0.9020]Trial 3 Ep4:  42%|██████████████████████████████████▋                                               | 33/78 [00:22<00:29,  1.51it/s, loss=0.7068]Trial 3 Ep4:  44%|███████████████████████████████████▋                                              | 34/78 [00:22<00:28,  1.53it/s, loss=0.7068]Trial 3 Ep4:  44%|███████████████████████████████████▋                                              | 34/78 [00:23<00:28,  1.53it/s, loss=0.7647]Trial 3 Ep4:  45%|████████████████████████████████████▊                                             | 35/78 [00:23<00:28,  1.52it/s, loss=0.7647]Trial 3 Ep4:  45%|████████████████████████████████████▊                                             | 35/78 [00:23<00:28,  1.52it/s, loss=0.8900]Trial 3 Ep4:  46%|█████████████████████████████████████▊                                            | 36/78 [00:23<00:27,  1.51it/s, loss=0.8900]Trial 3 Ep4:  46%|█████████████████████████████████████▊                                            | 36/78 [00:24<00:27,  1.51it/s, loss=0.6840]Trial 3 Ep4:  47%|██████████████████████████████████████▉                                           | 37/78 [00:24<00:27,  1.50it/s, loss=0.6840]Trial 3 Ep4:  47%|██████████████████████████████████████▉                                           | 37/78 [00:25<00:27,  1.50it/s, loss=0.7224]Trial 3 Ep4:  49%|███████████████████████████████████████▉                                          | 38/78 [00:25<00:26,  1.51it/s, loss=0.7224]Trial 3 Ep4:  49%|███████████████████████████████████████▉                                          | 38/78 [00:25<00:26,  1.51it/s, loss=0.6772]Trial 3 Ep4:  50%|█████████████████████████████████████████                                         | 39/78 [00:25<00:25,  1.52it/s, loss=0.6772]Trial 3 Ep4:  50%|█████████████████████████████████████████                                         | 39/78 [00:26<00:25,  1.52it/s, loss=0.7754]Trial 3 Ep4:  51%|██████████████████████████████████████████                                        | 40/78 [00:26<00:24,  1.52it/s, loss=0.7754]Trial 3 Ep4:  51%|██████████████████████████████████████████                                        | 40/78 [00:27<00:24,  1.52it/s, loss=0.6849]Trial 3 Ep4:  53%|███████████████████████████████████████████                                       | 41/78 [00:27<00:24,  1.52it/s, loss=0.6849]Trial 3 Ep4:  53%|███████████████████████████████████████████                                       | 41/78 [00:27<00:24,  1.52it/s, loss=0.7385]Trial 3 Ep4:  54%|████████████████████████████████████████████▏                                     | 42/78 [00:27<00:23,  1.51it/s, loss=0.7385]Trial 3 Ep4:  54%|████████████████████████████████████████████▏                                     | 42/78 [00:28<00:23,  1.51it/s, loss=0.6479]Trial 3 Ep4:  55%|█████████████████████████████████████████████▏                                    | 43/78 [00:28<00:24,  1.45it/s, loss=0.6479]Trial 3 Ep4:  55%|█████████████████████████████████████████████▏                                    | 43/78 [00:29<00:24,  1.45it/s, loss=0.6925]Trial 3 Ep4:  56%|██████████████████████████████████████████████▎                                   | 44/78 [00:29<00:23,  1.47it/s, loss=0.6925]Trial 3 Ep4:  56%|██████████████████████████████████████████████▎                                   | 44/78 [00:29<00:23,  1.47it/s, loss=0.7235]Trial 3 Ep4:  58%|███████████████████████████████████████████████▎                                  | 45/78 [00:29<00:22,  1.47it/s, loss=0.7235]Trial 3 Ep4:  58%|███████████████████████████████████████████████▎                                  | 45/78 [00:30<00:22,  1.47it/s, loss=0.6860]Trial 3 Ep4:  59%|████████████████████████████████████████████████▎                                 | 46/78 [00:30<00:21,  1.47it/s, loss=0.6860]Trial 3 Ep4:  59%|████████████████████████████████████████████████▎                                 | 46/78 [00:31<00:21,  1.47it/s, loss=0.6767]Trial 3 Ep4:  60%|█████████████████████████████████████████████████▍                                | 47/78 [00:31<00:20,  1.49it/s, loss=0.6767]Trial 3 Ep4:  60%|█████████████████████████████████████████████████▍                                | 47/78 [00:31<00:20,  1.49it/s, loss=0.7560]Trial 3 Ep4:  62%|██████████████████████████████████████████████████▍                               | 48/78 [00:31<00:20,  1.49it/s, loss=0.7560]Trial 3 Ep4:  62%|██████████████████████████████████████████████████▍                               | 48/78 [00:32<00:20,  1.49it/s, loss=0.8779]Trial 3 Ep4:  63%|███████████████████████████████████████████████████▌                              | 49/78 [00:32<00:19,  1.50it/s, loss=0.8779]Trial 3 Ep4:  63%|███████████████████████████████████████████████████▌                              | 49/78 [00:33<00:19,  1.50it/s, loss=0.8310]Trial 3 Ep4:  64%|████████████████████████████████████████████████████▌                             | 50/78 [00:33<00:18,  1.51it/s, loss=0.8310]Trial 3 Ep4:  64%|████████████████████████████████████████████████████▌                             | 50/78 [00:33<00:18,  1.51it/s, loss=0.7846]Trial 3 Ep4:  65%|█████████████████████████████████████████████████████▌                            | 51/78 [00:33<00:17,  1.50it/s, loss=0.7846]Trial 3 Ep4:  65%|█████████████████████████████████████████████████████▌                            | 51/78 [00:34<00:17,  1.50it/s, loss=0.6682]Trial 3 Ep4:  67%|██████████████████████████████████████████████████████▋                           | 52/78 [00:34<00:17,  1.51it/s, loss=0.6682]Trial 3 Ep4:  67%|██████████████████████████████████████████████████████▋                           | 52/78 [00:35<00:17,  1.51it/s, loss=0.8046]Trial 3 Ep4:  68%|███████████████████████████████████████████████████████▋                          | 53/78 [00:35<00:16,  1.50it/s, loss=0.8046]Trial 3 Ep4:  68%|███████████████████████████████████████████████████████▋                          | 53/78 [00:35<00:16,  1.50it/s, loss=0.7313]Trial 3 Ep4:  69%|████████████████████████████████████████████████████████▊                         | 54/78 [00:35<00:16,  1.49it/s, loss=0.7313]Trial 3 Ep4:  69%|████████████████████████████████████████████████████████▊                         | 54/78 [00:36<00:16,  1.49it/s, loss=0.7274]Trial 3 Ep4:  71%|█████████████████████████████████████████████████████████▊                        | 55/78 [00:36<00:15,  1.51it/s, loss=0.7274]Trial 3 Ep4:  71%|█████████████████████████████████████████████████████████▊                        | 55/78 [00:37<00:15,  1.51it/s, loss=0.7009]Trial 3 Ep4:  72%|██████████████████████████████████████████████████████████▊                       | 56/78 [00:37<00:14,  1.50it/s, loss=0.7009]Trial 3 Ep4:  72%|██████████████████████████████████████████████████████████▊                       | 56/78 [00:37<00:14,  1.50it/s, loss=1.0971]Trial 3 Ep4:  73%|███████████████████████████████████████████████████████████▉                      | 57/78 [00:37<00:13,  1.50it/s, loss=1.0971]Trial 3 Ep4:  73%|███████████████████████████████████████████████████████████▉                      | 57/78 [00:38<00:13,  1.50it/s, loss=0.7691]Trial 3 Ep4:  74%|████████████████████████████████████████████████████████████▉                     | 58/78 [00:38<00:13,  1.51it/s, loss=0.7691]Trial 3 Ep4:  74%|████████████████████████████████████████████████████████████▉                     | 58/78 [00:39<00:13,  1.51it/s, loss=1.1196]Trial 3 Ep4:  76%|██████████████████████████████████████████████████████████████                    | 59/78 [00:39<00:12,  1.50it/s, loss=1.1196]Trial 3 Ep4:  76%|██████████████████████████████████████████████████████████████                    | 59/78 [00:39<00:12,  1.50it/s, loss=1.3102]Trial 3 Ep4:  77%|███████████████████████████████████████████████████████████████                   | 60/78 [00:39<00:12,  1.49it/s, loss=1.3102]Trial 3 Ep4:  77%|███████████████████████████████████████████████████████████████                   | 60/78 [00:40<00:12,  1.49it/s, loss=0.9685]Trial 3 Ep4:  78%|████████████████████████████████████████████████████████████████▏                 | 61/78 [00:40<00:11,  1.49it/s, loss=0.9685]Trial 3 Ep4:  78%|████████████████████████████████████████████████████████████████▏                 | 61/78 [00:41<00:11,  1.49it/s, loss=0.7049]Trial 3 Ep4:  79%|█████████████████████████████████████████████████████████████████▏                | 62/78 [00:41<00:10,  1.48it/s, loss=0.7049]Trial 3 Ep4:  79%|█████████████████████████████████████████████████████████████████▏                | 62/78 [00:41<00:10,  1.48it/s, loss=0.7443]Trial 3 Ep4:  81%|██████████████████████████████████████████████████████████████████▏               | 63/78 [00:41<00:10,  1.49it/s, loss=0.7443]Trial 3 Ep4:  81%|██████████████████████████████████████████████████████████████████▏               | 63/78 [00:42<00:10,  1.49it/s, loss=1.0890]Trial 3 Ep4:  82%|███████████████████████████████████████████████████████████████████▎              | 64/78 [00:42<00:09,  1.49it/s, loss=1.0890]Trial 3 Ep4:  82%|███████████████████████████████████████████████████████████████████▎              | 64/78 [00:43<00:09,  1.49it/s, loss=1.0602]Trial 3 Ep4:  83%|████████████████████████████████████████████████████████████████████▎             | 65/78 [00:43<00:08,  1.50it/s, loss=1.0602]Trial 3 Ep4:  83%|████████████████████████████████████████████████████████████████████▎             | 65/78 [00:43<00:08,  1.50it/s, loss=0.9048]Trial 3 Ep4:  85%|█████████████████████████████████████████████████████████████████████▍            | 66/78 [00:43<00:08,  1.50it/s, loss=0.9048]Trial 3 Ep4:  85%|█████████████████████████████████████████████████████████████████████▍            | 66/78 [00:44<00:08,  1.50it/s, loss=0.9829]Trial 3 Ep4:  86%|██████████████████████████████████████████████████████████████████████▍           | 67/78 [00:44<00:07,  1.49it/s, loss=0.9829]Trial 3 Ep4:  86%|██████████████████████████████████████████████████████████████████████▍           | 67/78 [00:45<00:07,  1.49it/s, loss=0.7156]Trial 3 Ep4:  87%|███████████████████████████████████████████████████████████████████████▍          | 68/78 [00:45<00:06,  1.47it/s, loss=0.7156]Trial 3 Ep4:  87%|███████████████████████████████████████████████████████████████████████▍          | 68/78 [00:45<00:06,  1.47it/s, loss=0.9118]Trial 3 Ep4:  88%|████████████████████████████████████████████████████████████████████████▌         | 69/78 [00:45<00:06,  1.47it/s, loss=0.9118]Trial 3 Ep4:  88%|████████████████████████████████████████████████████████████████████████▌         | 69/78 [00:46<00:06,  1.47it/s, loss=0.9727]Trial 3 Ep4:  90%|█████████████████████████████████████████████████████████████████████████▌        | 70/78 [00:46<00:05,  1.48it/s, loss=0.9727]Trial 3 Ep4:  90%|█████████████████████████████████████████████████████████████████████████▌        | 70/78 [00:47<00:05,  1.48it/s, loss=1.0517]Trial 3 Ep4:  91%|██████████████████████████████████████████████████████████████████████████▋       | 71/78 [00:47<00:04,  1.48it/s, loss=1.0517]Trial 3 Ep4:  91%|██████████████████████████████████████████████████████████████████████████▋       | 71/78 [00:47<00:04,  1.48it/s, loss=1.0081]Trial 3 Ep4:  92%|███████████████████████████████████████████████████████████████████████████▋      | 72/78 [00:47<00:04,  1.48it/s, loss=1.0081]Trial 3 Ep4:  92%|███████████████████████████████████████████████████████████████████████████▋      | 72/78 [00:48<00:04,  1.48it/s, loss=0.8360]Trial 3 Ep4:  94%|████████████████████████████████████████████████████████████████████████████▋     | 73/78 [00:48<00:03,  1.47it/s, loss=0.8360]Trial 3 Ep4:  94%|████████████████████████████████████████████████████████████████████████████▋     | 73/78 [00:49<00:03,  1.47it/s, loss=0.7117]Trial 3 Ep4:  95%|█████████████████████████████████████████████████████████████████████████████▊    | 74/78 [00:49<00:02,  1.46it/s, loss=0.7117]Trial 3 Ep4:  95%|█████████████████████████████████████████████████████████████████████████████▊    | 74/78 [00:49<00:02,  1.46it/s, loss=0.8307]Trial 3 Ep4:  96%|██████████████████████████████████████████████████████████████████████████████▊  