Trial 0 Ep6:   0%|                                                                                                        | 0/78 [00:00<?, ?it/s]Trial 0 Ep6:   0%|                                                                                           | 0/78 [00:00<?, ?it/s, loss=0.7322]Trial 0 Ep6:   1%|█                                                                                  | 1/78 [00:00<00:44,  1.73it/s, loss=0.7322]Trial 0 Ep6:   1%|█                                                                                  | 1/78 [00:01<00:44,  1.73it/s, loss=0.7030]Trial 0 Ep6:   3%|██▏                                                                                | 2/78 [00:01<00:44,  1.72it/s, loss=0.7030]Trial 0 Ep6:   3%|██▏                                                                                | 2/78 [00:01<00:44,  1.72it/s, loss=0.9046]Trial 0 Ep6:   4%|███▏                                                                               | 3/78 [00:01<00:43,  1.73it/s, loss=0.9046]Trial 0 Ep6:   4%|███▏                                                                               | 3/78 [00:02<00:43,  1.73it/s, loss=0.8389]Trial 0 Ep6:   5%|████▎                                                                              | 4/78 [00:02<00:42,  1.73it/s, loss=0.8389]Trial 0 Ep6:   5%|████▎                                                                              | 4/78 [00:02<00:42,  1.73it/s, loss=0.7573]Trial 0 Ep6:   6%|█████▎                                                                             | 5/78 [00:02<00:42,  1.73it/s, loss=0.7573]Trial 0 Ep6:   6%|█████▎                                                                             | 5/78 [00:03<00:42,  1.73it/s, loss=0.6215]Trial 0 Ep6:   8%|██████▍                                                                            | 6/78 [00:03<00:41,  1.73it/s, loss=0.6215]Trial 0 Ep6:   8%|██████▍                                                                            | 6/78 [00:04<00:41,  1.73it/s, loss=0.6428]Trial 0 Ep6:   9%|███████▍                                                                           | 7/78 [00:04<00:40,  1.74it/s, loss=0.6428]Trial 0 Ep6:   9%|███████▍                                                                           | 7/78 [00:04<00:40,  1.74it/s, loss=0.6730]Trial 0 Ep6:  10%|████████▌                                                                          | 8/78 [00:04<00:40,  1.73it/s, loss=0.6730]Trial 0 Ep6:  10%|████████▌                                                                          | 8/78 [00:05<00:40,  1.73it/s, loss=0.6444]Trial 0 Ep6:  12%|█████████▌                                                                         | 9/78 [00:05<00:39,  1.73it/s, loss=0.6444]Trial 0 Ep6:  12%|█████████▌                                                                         | 9/78 [00:05<00:39,  1.73it/s, loss=0.6874]Trial 0 Ep6:  13%|██████████▌                                                                       | 10/78 [00:05<00:39,  1.73it/s, loss=0.6874]Trial 0 Ep6:  13%|██████████▌                                                                       | 10/78 [00:06<00:39,  1.73it/s, loss=0.6848]Trial 0 Ep6:  14%|███████████▌                                                                      | 11/78 [00:06<00:38,  1.73it/s, loss=0.6848]Trial 0 Ep6:  14%|███████████▌                                                                      | 11/78 [00:06<00:38,  1.73it/s, loss=0.7131]Trial 0 Ep6:  15%|████████████▌                                                                     | 12/78 [00:06<00:38,  1.71it/s, loss=0.7131]Trial 0 Ep6:  15%|████████████▌                                                                     | 12/78 [00:07<00:38,  1.71it/s, loss=0.7420]Trial 0 Ep6:  17%|█████████████▋                                                                    | 13/78 [00:07<00:37,  1.72it/s, loss=0.7420]Trial 0 Ep6:  17%|█████████████▋                                                                    | 13/78 [00:08<00:37,  1.72it/s, loss=0.7977]Trial 0 Ep6:  18%|██████████████▋                                                                   | 14/78 [00:08<00:36,  1.74it/s, loss=0.7977]Trial 0 Ep6:  18%|██████████████▋                                                                   | 14/78 [00:08<00:36,  1.74it/s, loss=1.0755]Trial 0 Ep6:  19%|███████████████▊                                                                  | 15/78 [00:08<00:35,  1.75it/s, loss=1.0755]Trial 0 Ep6:  19%|███████████████▊                                                                  | 15/78 [00:09<00:35,  1.75it/s, loss=0.7938]Trial 0 Ep6:  21%|████████████████▊                                                                 | 16/78 [00:09<00:35,  1.74it/s, loss=0.7938]Trial 0 Ep6:  21%|████████████████▊                                                                 | 16/78 [00:09<00:35,  1.74it/s, loss=0.7223]Trial 0 Ep6:  22%|█████████████████▊                                                                | 17/78 [00:09<00:35,  1.73it/s, loss=0.7223]Trial 0 Ep6:  22%|█████████████████▊                                                                | 17/78 [00:10<00:35,  1.73it/s, loss=0.7706]Trial 0 Ep6:  23%|██████████████████▉                                                               | 18/78 [00:10<00:34,  1.74it/s, loss=0.7706]Trial 0 Ep6:  23%|██████████████████▉                                                               | 18/78 [00:10<00:34,  1.74it/s, loss=0.9712]Trial 0 Ep6:  24%|███████████████████▉                                                              | 19/78 [00:10<00:33,  1.75it/s, loss=0.9712]Trial 0 Ep6:  24%|███████████████████▉                                                              | 19/78 [00:11<00:33,  1.75it/s, loss=0.6777]Trial 0 Ep6:  26%|█████████████████████                                                             | 20/78 [00:11<00:33,  1.75it/s, loss=0.6777]Trial 0 Ep6:  26%|█████████████████████                                                             | 20/78 [00:12<00:33,  1.75it/s, loss=0.6359]Trial 0 Ep6:  27%|██████████████████████                                                            | 21/78 [00:12<00:32,  1.73it/s, loss=0.6359]Trial 0 Ep6:  27%|██████████████████████                                                            | 21/78 [00:12<00:32,  1.73it/s, loss=0.7056]Trial 0 Ep6:  28%|███████████████████████▏                                                          | 22/78 [00:12<00:32,  1.75it/s, loss=0.7056]Trial 0 Ep6:  28%|███████████████████████▏                                                          | 22/78 [00:13<00:32,  1.75it/s, loss=0.6478]Trial 0 Ep6:  29%|████████████████████████▏                                                         | 23/78 [00:13<00:31,  1.76it/s, loss=0.6478]Trial 0 Ep6:  29%|████████████████████████▏                                                         | 23/78 [00:13<00:31,  1.76it/s, loss=0.6932]Trial 0 Ep6:  31%|█████████████████████████▏                                                        | 24/78 [00:13<00:30,  1.76it/s, loss=0.6932]Trial 0 Ep6:  31%|█████████████████████████▏                                                        | 24/78 [00:14<00:30,  1.76it/s, loss=0.8174]Trial 0 Ep6:  32%|██████████████████████████▎                                                       | 25/78 [00:14<00:30,  1.75it/s, loss=0.8174]Trial 0 Ep6:  32%|██████████████████████████▎                                                       | 25/78 [00:14<00:30,  1.75it/s, loss=0.7465]Trial 0 Ep6:  33%|███████████████████████████▎                                                      | 26/78 [00:14<00:29,  1.77it/s, loss=0.7465]Trial 0 Ep6:  33%|███████████████████████████▎                                                      | 26/78 [00:15<00:29,  1.77it/s, loss=0.8519]Trial 0 Ep6:  35%|████████████████████████████▍                                                     | 27/78 [00:15<00:28,  1.78it/s, loss=0.8519]Trial 0 Ep6:  35%|████████████████████████████▍                                                     | 27/78 [00:16<00:28,  1.78it/s, loss=0.7049]Trial 0 Ep6:  36%|█████████████████████████████▍                                                    | 28/78 [00:16<00:28,  1.78it/s, loss=0.7049]Trial 0 Ep6:  36%|█████████████████████████████▍                                                    | 28/78 [00:16<00:28,  1.78it/s, loss=0.7023]Trial 0 Ep6:  37%|██████████████████████████████▍                                                   | 29/78 [00:16<00:27,  1.77it/s, loss=0.7023]Trial 0 Ep6:  37%|██████████████████████████████▍                                                   | 29/78 [00:17<00:27,  1.77it/s, loss=0.8617]Trial 0 Ep6:  38%|███████████████████████████████▌                                                  | 30/78 [00:17<00:27,  1.75it/s, loss=0.8617]Trial 0 Ep6:  38%|███████████████████████████████▌                                                  | 30/78 [00:17<00:27,  1.75it/s, loss=1.1484]Trial 0 Ep6:  40%|████████████████████████████████▌                                                 | 31/78 [00:17<00:27,  1.73it/s, loss=1.1484]Trial 0 Ep6:  40%|████████████████████████████████▌                                                 | 31/78 [00:18<00:27,  1.73it/s, loss=1.1321]Trial 0 Ep6:  41%|█████████████████████████████████▋                                                | 32/78 [00:18<00:25,  1.77it/s, loss=1.1321]Trial 0 Ep6:  41%|█████████████████████████████████▋                                                | 32/78 [00:18<00:25,  1.77it/s, loss=0.9929]Trial 0 Ep6:  42%|██████████████████████████████████▋                                               | 33/78 [00:18<00:25,  1.77it/s, loss=0.9929]Trial 0 Ep6:  42%|██████████████████████████████████▋                                               | 33/78 [00:19<00:25,  1.77it/s, loss=0.8468]Trial 0 Ep6:  44%|███████████████████████████████████▋                                              | 34/78 [00:19<00:24,  1.77it/s, loss=0.8468]Trial 0 Ep6:  44%|███████████████████████████████████▋                                              | 34/78 [00:20<00:24,  1.77it/s, loss=0.7710]Trial 0 Ep6:  45%|████████████████████████████████████▊                                             | 35/78 [00:20<00:24,  1.77it/s, loss=0.7710]Trial 0 Ep6:  45%|████████████████████████████████████▊                                             | 35/78 [00:20<00:24,  1.77it/s, loss=0.6931]Trial 0 Ep6:  46%|█████████████████████████████████████▊                                            | 36/78 [00:20<00:24,  1.74it/s, loss=0.6931]Trial 0 Ep6:  46%|█████████████████████████████████████▊                                            | 36/78 [00:21<00:24,  1.74it/s, loss=1.2467]Trial 0 Ep6:  47%|██████████████████████████████████████▉                                           | 37/78 [00:21<00:23,  1.74it/s, loss=1.2467]Trial 0 Ep6:  47%|██████████████████████████████████████▉                                           | 37/78 [00:21<00:23,  1.74it/s, loss=0.8398]Trial 0 Ep6:  49%|███████████████████████████████████████▉                                          | 38/78 [00:21<00:22,  1.74it/s, loss=0.8398]Trial 0 Ep6:  49%|███████████████████████████████████████▉                                          | 38/78 [00:22<00:22,  1.74it/s, loss=0.7589]Trial 0 Ep6:  50%|█████████████████████████████████████████                                         | 39/78 [00:22<00:22,  1.75it/s, loss=0.7589]Trial 0 Ep6:  50%|█████████████████████████████████████████                                         | 39/78 [00:22<00:22,  1.75it/s, loss=0.6634]Trial 0 Ep6:  51%|██████████████████████████████████████████                                        | 40/78 [00:22<00:21,  1.75it/s, loss=0.6634]Trial 0 Ep6:  51%|██████████████████████████████████████████                                        | 40/78 [00:23<00:21,  1.75it/s, loss=0.5665]Trial 0 Ep6:  53%|███████████████████████████████████████████                                       | 41/78 [00:23<00:21,  1.76it/s, loss=0.5665]Trial 0 Ep6:  53%|███████████████████████████████████████████                                       | 41/78 [00:24<00:21,  1.76it/s, loss=1.0404]Trial 0 Ep6:  54%|████████████████████████████████████████████▏                                     | 42/78 [00:24<00:20,  1.77it/s, loss=1.0404]Trial 0 Ep6:  54%|████████████████████████████████████████████▏                                     | 42/78 [00:24<00:20,  1.77it/s, loss=0.9827]Trial 0 Ep6:  55%|█████████████████████████████████████████████▏                                    | 43/78 [00:24<00:20,  1.75it/s, loss=0.9827]Trial 0 Ep6:  55%|█████████████████████████████████████████████▏                                    | 43/78 [00:25<00:20,  1.75it/s, loss=0.6785]Trial 0 Ep6:  56%|██████████████████████████████████████████████▎                                   | 44/78 [00:25<00:19,  1.76it/s, loss=0.6785]Trial 0 Ep6:  56%|██████████████████████████████████████████████▎                                   | 44/78 [00:25<00:19,  1.76it/s, loss=0.6620]Trial 0 Ep6:  58%|███████████████████████████████████████████████▎                                  | 45/78 [00:25<00:18,  1.75it/s, loss=0.6620]Trial 0 Ep6:  58%|███████████████████████████████████████████████▎                                  | 45/78 [00:26<00:18,  1.75it/s, loss=0.8522]Trial 0 Ep6:  59%|████████████████████████████████████████████████▎                                 | 46/78 [00:26<00:18,  1.76it/s, loss=0.8522]Trial 0 Ep6:  59%|████████████████████████████████████████████████▎                                 | 46/78 [00:26<00:18,  1.76it/s, loss=1.2839]Trial 0 Ep6:  60%|█████████████████████████████████████████████████▍                                | 47/78 [00:26<00:17,  1.76it/s, loss=1.2839]Trial 0 Ep6:  60%|█████████████████████████████████████████████████▍                                | 47/78 [00:27<00:17,  1.76it/s, loss=1.1805]Trial 0 Ep6:  62%|██████████████████████████████████████████████████▍                               | 48/78 [00:27<00:17,  1.76it/s, loss=1.1805]Trial 0 Ep6:  62%|██████████████████████████████████████████████████▍                               | 48/78 [00:28<00:17,  1.76it/s, loss=1.0749]Trial 0 Ep6:  63%|███████████████████████████████████████████████████▌                              | 49/78 [00:28<00:16,  1.76it/s, loss=1.0749]Trial 0 Ep6:  63%|███████████████████████████████████████████████████▌                              | 49/78 [00:28<00:16,  1.76it/s, loss=1.0987]Trial 0 Ep6:  64%|████████████████████████████████████████████████████▌                             | 50/78 [00:28<00:15,  1.77it/s, loss=1.0987]Trial 0 Ep6:  64%|████████████████████████████████████████████████████▌                             | 50/78 [00:29<00:15,  1.77it/s, loss=0.7796]Trial 0 Ep6:  65%|█████████████████████████████████████████████████████▌                            | 51/78 [00:29<00:15,  1.74it/s, loss=0.7796]Trial 0 Ep6:  65%|█████████████████████████████████████████████████████▌                            | 51/78 [00:29<00:15,  1.74it/s, loss=0.8666]Trial 0 Ep6:  67%|██████████████████████████████████████████████████████▋                           | 52/78 [00:29<00:15,  1.73it/s, loss=0.8666]Trial 0 Ep6:  67%|██████████████████████████████████████████████████████▋                           | 52/78 [00:30<00:15,  1.73it/s, loss=0.8345]Trial 0 Ep6:  68%|███████████████████████████████████████████████████████▋                          | 53/78 [00:30<00:14,  1.78it/s, loss=0.8345]Trial 0 Ep6:  68%|███████████████████████████████████████████████████████▋                          | 53/78 [00:30<00:14,  1.78it/s, loss=1.3169]Trial 0 Ep6:  69%|████████████████████████████████████████████████████████▊                         | 54/78 [00:30<00:13,  1.77it/s, loss=1.3169]Trial 0 Ep6:  69%|████████████████████████████████████████████████████████▊                         | 54/78 [00:31<00:13,  1.77it/s, loss=1.2250]Trial 0 Ep6:  71%|█████████████████████████████████████████████████████████▊                        | 55/78 [00:31<00:12,  1.77it/s, loss=1.2250]Trial 0 Ep6:  71%|█████████████████████████████████████████████████████████▊                        | 55/78 [00:31<00:12,  1.77it/s, loss=0.9961]Trial 0 Ep6:  72%|██████████████████████████████████████████████████████████▊                       | 56/78 [00:31<00:12,  1.78it/s, loss=0.9961]Trial 0 Ep6:  72%|██████████████████████████████████████████████████████████▊                       | 56/78 [00:32<00:12,  1.78it/s, loss=0.7279]Trial 0 Ep6:  73%|███████████████████████████████████████████████████████████▉                      | 57/78 [00:32<00:11,  1.75it/s, loss=0.7279]Trial 0 Ep6:  73%|███████████████████████████████████████████████████████████▉                      | 57/78 [00:33<00:11,  1.75it/s, loss=0.8854]Trial 0 Ep6:  74%|████████████████████████████████████████████████████████████▉                     | 58/78 [00:33<00:11,  1.74it/s, loss=0.8854]Trial 0 Ep6:  74%|████████████████████████████████████████████████████████████▉                     | 58/78 [00:33<00:11,  1.74it/s, loss=0.9394]Trial 0 Ep6:  76%|██████████████████████████████████████████████████████████████                    | 59/78 [00:33<00:10,  1.75it/s, loss=0.9394]Trial 0 Ep6:  76%|██████████████████████████████████████████████████████████████                    | 59/78 [00:34<00:10,  1.75it/s, loss=1.1722]Trial 0 Ep6:  77%|███████████████████████████████████████████████████████████████                   | 60/78 [00:34<00:10,  1.73it/s, loss=1.1722]Trial 0 Ep6:  77%|███████████████████████████████████████████████████████████████                   | 60/78 [00:34<00:10,  1.73it/s, loss=0.9302]Trial 0 Ep6:  78%|████████████████████████████████████████████████████████████████▏                 | 61/78 [00:34<00:09,  1.73it/s, loss=0.9302]Trial 0 Ep6:  78%|████████████████████████████████████████████████████████████████▏                 | 61/78 [00:35<00:09,  1.73it/s, loss=0.7314]Trial 0 Ep6:  79%|█████████████████████████████████████████████████████████████████▏                | 62/78 [00:35<00:09,  1.75it/s, loss=0.7314]Trial 0 Ep6:  79%|█████████████████████████████████████████████████████████████████▏                | 62/78 [00:36<00:09,  1.75it/s, loss=0.7706]Trial 0 Ep6:  81%|██████████████████████████████████████████████████████████████████▏               | 63/78 [00:36<00:08,  1.75it/s, loss=0.7706]Trial 0 Ep6:  81%|██████████████████████████████████████████████████████████████████▏               | 63/78 [00:36<00:08,  1.75it/s, loss=0.8008]Trial 0 Ep6:  82%|███████████████████████████████████████████████████████████████████▎              | 64/78 [00:36<00:08,  1.74it/s, loss=0.8008]Trial 0 Ep6:  82%|███████████████████████████████████████████████████████████████████▎              | 64/78 [00:37<00:08,  1.74it/s, loss=0.7338]Trial 0 Ep6:  83%|████████████████████████████████████████████████████████████████████▎             | 65/78 [00:37<00:07,  1.75it/s, loss=0.7338]Trial 0 Ep6:  83%|████████████████████████████████████████████████████████████████████▎             | 65/78 [00:37<00:07,  1.75it/s, loss=0.6443]Trial 0 Ep6:  85%|█████████████████████████████████████████████████████████████████████▍            | 66/78 [00:37<00:06,  1.73it/s, loss=0.6443]Trial 0 Ep6:  85%|█████████████████████████████████████████████████████████████████████▍            | 66/78 [00:38<00:06,  1.73it/s, loss=0.7050]Trial 0 Ep6:  86%|██████████████████████████████████████████████████████████████████████▍           | 67/78 [00:38<00:06,  1.74it/s, loss=0.7050]Trial 0 Ep6:  86%|██████████████████████████████████████████████████████████████████████▍           | 67/78 [00:38<00:06,  1.74it/s, loss=0.7645]Trial 0 Ep6:  87%|███████████████████████████████████████████████████████████████████████▍          | 68/78 [00:38<00:05,  1.76it/s, loss=0.7645]Trial 0 Ep6:  87%|███████████████████████████████████████████████████████████████████████▍          | 68/78 [00:39<00:05,  1.76it/s, loss=0.6934]Trial 0 Ep6:  88%|████████████████████████████████████████████████████████████████████████▌         | 69/78 [00:39<00:05,  1.76it/s, loss=0.6934]Trial 0 Ep6:  88%|████████████████████████████████████████████████████████████████████████▌         | 69/78 [00:40<00:05,  1.76it/s, loss=0.6068]Trial 0 Ep6:  90%|█████████████████████████████████████████████████████████████████████████▌        | 70/78 [00:40<00:04,  1.76it/s, loss=0.6068]Trial 0 Ep6:  90%|█████████████████████████████████████████████████████████████████████████▌        | 70/78 [00:40<00:04,  1.76it/s, loss=0.7213]Trial 0 Ep6:  91%|██████████████████████████████████████████████████████████████████████████▋       | 71/78 [00:40<00:03,  1.77it/s, loss=0.7213]Trial 0 Ep6:  91%|██████████████████████████████████████████████████████████████████████████▋       | 71/78 [00:41<00:03,  1.77it/s, loss=0.7823]Trial 0 Ep6:  92%|███████████████████████████████████████████████████████████████████████████▋      | 72/78 [00:41<00:03,  1.76it/s, loss=0.7823]Trial 0 Ep6:  92%|███████████████████████████████████████████████████████████████████████████▋      | 72/78 [00:41<00:03,  1.76it/s, loss=0.6854]Trial 0 Ep6:  94%|████████████████████████████████████████████████████████████████████████████▋     | 73/78 [00:41<00:02,  1.76it/s, loss=0.6854]Trial 0 Ep6:  94%|████████████████████████████████████████████████████████████████████████████▋     | 73/78 [00:42<00:02,  1.76it/s, loss=0.6750]Trial 0 Ep6:  95%|█████████████████████████████████████████████████████████████████████████████▊    | 74/78 [00:42<00:02,  1.96it/s, loss=0.6750]Trial 0 Ep6:  95%|█████████████████████████████████████████████████████████████████████████████▊    | 74/78 [00:42<00:02,  1.96it/s, loss=0.7114]Trial 0 Ep6:  96%|██████████████████████████████████████████████████████████████████████████████▊  