Trial 1 Ep9:   0%|                                                                                                        | 0/78 [00:00<?, ?it/s]Trial 1 Ep9:   0%|                                                                                           | 0/78 [00:00<?, ?it/s, loss=0.9662]Trial 1 Ep9:   1%|█                                                                                  | 1/78 [00:00<00:45,  1.68it/s, loss=0.9662]Trial 1 Ep9:   1%|█                                                                                  | 1/78 [00:01<00:45,  1.68it/s, loss=0.6332]Trial 1 Ep9:   3%|██▏                                                                                | 2/78 [00:01<00:44,  1.70it/s, loss=0.6332]Trial 1 Ep9:   3%|██▏                                                                                | 2/78 [00:01<00:44,  1.70it/s, loss=0.7734]Trial 1 Ep9:   4%|███▏                                                                               | 3/78 [00:01<00:44,  1.70it/s, loss=0.7734]Trial 1 Ep9:   4%|███▏                                                                               | 3/78 [00:02<00:44,  1.70it/s, loss=0.6864]Trial 1 Ep9:   5%|████▎                                                                              | 4/78 [00:02<00:43,  1.72it/s, loss=0.6864]Trial 1 Ep9:   5%|████▎                                                                              | 4/78 [00:02<00:43,  1.72it/s, loss=0.8672]Trial 1 Ep9:   6%|█████▎                                                                             | 5/78 [00:02<00:42,  1.73it/s, loss=0.8672]Trial 1 Ep9:   6%|█████▎                                                                             | 5/78 [00:03<00:42,  1.73it/s, loss=0.7500]Trial 1 Ep9:   8%|██████▍                                                                            | 6/78 [00:03<00:41,  1.74it/s, loss=0.7500]Trial 1 Ep9:   8%|██████▍                                                                            | 6/78 [00:04<00:41,  1.74it/s, loss=0.6651]Trial 1 Ep9:   9%|███████▍                                                                           | 7/78 [00:04<00:40,  1.75it/s, loss=0.6651]Trial 1 Ep9:   9%|███████▍                                                                           | 7/78 [00:04<00:40,  1.75it/s, loss=0.7423]Trial 1 Ep9:  10%|████████▌                                                                          | 8/78 [00:04<00:35,  1.96it/s, loss=0.7423]Trial 1 Ep9:  10%|████████▌                                                                          | 8/78 [00:04<00:35,  1.96it/s, loss=0.7487]Trial 1 Ep9:  12%|█████████▌                                                                         | 9/78 [00:04<00:36,  1.90it/s, loss=0.7487]Trial 1 Ep9:  12%|█████████▌                                                                         | 9/78 [00:05<00:36,  1.90it/s, loss=0.6930]Trial 1 Ep9:  13%|██████████▌                                                                       | 10/78 [00:05<00:36,  1.85it/s, loss=0.6930]Trial 1 Ep9:  13%|██████████▌                                                                       | 10/78 [00:06<00:36,  1.85it/s, loss=0.7652]Trial 1 Ep9:  14%|███████████▌                                                                      | 11/78 [00:06<00:37,  1.80it/s, loss=0.7652]Trial 1 Ep9:  14%|███████████▌                                                                      | 11/78 [00:06<00:37,  1.80it/s, loss=0.7512]Trial 1 Ep9:  15%|████████████▌                                                                     | 12/78 [00:06<00:37,  1.78it/s, loss=0.7512]Trial 1 Ep9:  15%|████████████▌                                                                     | 12/78 [00:07<00:37,  1.78it/s, loss=0.8550]Trial 1 Ep9:  17%|█████████████▋                                                                    | 13/78 [00:07<00:36,  1.76it/s, loss=0.8550]Trial 1 Ep9:  17%|█████████████▋                                                                    | 13/78 [00:07<00:36,  1.76it/s, loss=0.8921]Trial 1 Ep9:  18%|██████████████▋                                                                   | 14/78 [00:07<00:36,  1.76it/s, loss=0.8921]Trial 1 Ep9:  18%|██████████████▋                                                                   | 14/78 [00:08<00:36,  1.76it/s, loss=0.7096]Trial 1 Ep9:  19%|███████████████▊                                                                  | 15/78 [00:08<00:36,  1.73it/s, loss=0.7096]Trial 1 Ep9:  19%|███████████████▊                                                                  | 15/78 [00:09<00:36,  1.73it/s, loss=0.8176]Trial 1 Ep9:  21%|████████████████▊                                                                 | 16/78 [00:09<00:36,  1.72it/s, loss=0.8176]Trial 1 Ep9:  21%|████████████████▊                                                                 | 16/78 [00:09<00:36,  1.72it/s, loss=1.0267]Trial 1 Ep9:  22%|█████████████████▊                                                                | 17/78 [00:09<00:35,  1.73it/s, loss=1.0267]Trial 1 Ep9:  22%|█████████████████▊                                                                | 17/78 [00:10<00:35,  1.73it/s, loss=1.0170]Trial 1 Ep9:  23%|██████████████████▉                                                               | 18/78 [00:10<00:34,  1.75it/s, loss=1.0170]Trial 1 Ep9:  23%|██████████████████▉                                                               | 18/78 [00:10<00:34,  1.75it/s, loss=0.9805]Trial 1 Ep9:  24%|███████████████████▉                                                              | 19/78 [00:10<00:33,  1.76it/s, loss=0.9805]Trial 1 Ep9:  24%|███████████████████▉                                                              | 19/78 [00:11<00:33,  1.76it/s, loss=0.7694]Trial 1 Ep9:  26%|█████████████████████                                                             | 20/78 [00:11<00:33,  1.75it/s, loss=0.7694]Trial 1 Ep9:  26%|█████████████████████                                                             | 20/78 [00:11<00:33,  1.75it/s, loss=0.7058]Trial 1 Ep9:  27%|██████████████████████                                                            | 21/78 [00:11<00:32,  1.74it/s, loss=0.7058]Trial 1 Ep9:  27%|██████████████████████                                                            | 21/78 [00:12<00:32,  1.74it/s, loss=1.0283]Trial 1 Ep9:  28%|███████████████████████▏                                                          | 22/78 [00:12<00:28,  1.95it/s, loss=1.0283]Trial 1 Ep9:  28%|███████████████████████▏                                                          | 22/78 [00:12<00:28,  1.95it/s, loss=0.9280]Trial 1 Ep9:  29%|████████████████████████▏                                                         | 23/78 [00:12<00:29,  1.88it/s, loss=0.9280]Trial 1 Ep9:  29%|████████████████████████▏                                                         | 23/78 [00:13<00:29,  1.88it/s, loss=0.8971]Trial 1 Ep9:  31%|█████████████████████████▏                                                        | 24/78 [00:13<00:29,  1.85it/s, loss=0.8971]Trial 1 Ep9:  31%|█████████████████████████▏                                                        | 24/78 [00:13<00:29,  1.85it/s, loss=0.6481]Trial 1 Ep9:  32%|██████████████████████████▎                                                       | 25/78 [00:13<00:29,  1.81it/s, loss=0.6481]Trial 1 Ep9:  32%|██████████████████████████▎                                                       | 25/78 [00:14<00:29,  1.81it/s, loss=0.7080]Trial 1 Ep9:  33%|███████████████████████████▎                                                      | 26/78 [00:14<00:28,  1.80it/s, loss=0.7080]Trial 1 Ep9:  33%|███████████████████████████▎                                                      | 26/78 [00:15<00:28,  1.80it/s, loss=1.0271]Trial 1 Ep9:  35%|████████████████████████████▍                                                     | 27/78 [00:15<00:29,  1.76it/s, loss=1.0271]Trial 1 Ep9:  35%|████████████████████████████▍                                                     | 27/78 [00:15<00:29,  1.76it/s, loss=1.2781]Trial 1 Ep9:  36%|█████████████████████████████▍                                                    | 28/78 [00:15<00:28,  1.73it/s, loss=1.2781]Trial 1 Ep9:  36%|█████████████████████████████▍                                                    | 28/78 [00:16<00:28,  1.73it/s, loss=0.8228]Trial 1 Ep9:  37%|██████████████████████████████▍                                                   | 29/78 [00:16<00:26,  1.86it/s, loss=0.8228]Trial 1 Ep9:  37%|██████████████████████████████▍                                                   | 29/78 [00:16<00:26,  1.86it/s, loss=0.7446]Trial 1 Ep9:  38%|███████████████████████████████▌                                                  | 30/78 [00:16<00:23,  2.02it/s, loss=0.7446]Trial 1 Ep9:  38%|███████████████████████████████▌                                                  | 30/78 [00:17<00:23,  2.02it/s, loss=0.8555]Trial 1 Ep9:  40%|████████████████████████████████▌                                                 | 31/78 [00:17<00:22,  2.12it/s, loss=0.8555]Trial 1 Ep9:  40%|████████████████████████████████▌                                                 | 31/78 [00:18<00:22,  2.12it/s, loss=0.8740]Trial 1 Ep9:  41%|█████████████████████████████████▋                                                | 32/78 [00:18<00:32,  1.42it/s, loss=0.8740]Trial 1 Ep9:  41%|█████████████████████████████████▋                                                | 32/78 [00:19<00:32,  1.42it/s, loss=0.7509]Trial 1 Ep9:  42%|██████████████████████████████████▋                                               | 33/78 [00:19<00:43,  1.03it/s, loss=0.7509]Trial 1 Ep9:  42%|██████████████████████████████████▋                                               | 33/78 [00:21<00:43,  1.03it/s, loss=0.8037]Trial 1 Ep9:  44%|███████████████████████████████████▋                                              | 34/78 [00:21<00:53,  1.22s/it, loss=0.8037]Trial 1 Ep9:  44%|███████████████████████████████████▋                                              | 34/78 [00:23<00:53,  1.22s/it, loss=0.7213]Trial 1 Ep9:  45%|████████████████████████████████████▊                                             | 35/78 [00:23<00:58,  1.37s/it, loss=0.7213]Trial 1 Ep9:  45%|████████████████████████████████████▊                                             | 35/78 [00:24<00:58,  1.37s/it, loss=0.7926]Trial 1 Ep9:  46%|█████████████████████████████████████▊                                            | 36/78 [00:24<00:54,  1.30s/it, loss=0.7926]Trial 1 Ep9:  46%|█████████████████████████████████████▊                                            | 36/78 [00:25<00:54,  1.30s/it, loss=1.0868]Trial 1 Ep9:  47%|██████████████████████████████████████▉                                           | 37/78 [00:25<00:51,  1.26s/it, loss=1.0868]Trial 1 Ep9:  47%|██████████████████████████████████████▉                                           | 37/78 [00:26<00:51,  1.26s/it, loss=0.8774]Trial 1 Ep9:  49%|███████████████████████████████████████▉                                          | 38/78 [00:26<00:49,  1.24s/it, loss=0.8774]Trial 1 Ep9:  49%|███████████████████████████████████████▉                                          | 38/78 [00:27<00:49,  1.24s/it, loss=0.8981]Trial 1 Ep9:  50%|█████████████████████████████████████████                                         | 39/78 [00:27<00:45,  1.18s/it, loss=0.8981]Trial 1 Ep9:  50%|█████████████████████████████████████████                                         | 39/78 [00:28<00:45,  1.18s/it, loss=0.7041]Trial 1 Ep9:  51%|██████████████████████████████████████████                                        | 40/78 [00:28<00:42,  1.11s/it, loss=0.7041]Trial 1 Ep9:  51%|██████████████████████████████████████████                                        | 40/78 [00:29<00:42,  1.11s/it, loss=0.6312]Trial 1 Ep9:  53%|███████████████████████████████████████████                                       | 41/78 [00:29<00:41,  1.12s/it, loss=0.6312]Trial 1 Ep9:  53%|███████████████████████████████████████████                                       | 41/78 [00:31<00:41,  1.12s/it, loss=0.9959]Trial 1 Ep9:  54%|████████████████████████████████████████████▏                                     | 42/78 [00:31<00:39,  1.11s/it, loss=0.9959]Trial 1 Ep9:  54%|████████████████████████████████████████████▏                                     | 42/78 [00:32<00:39,  1.11s/it, loss=0.9269]Trial 1 Ep9:  55%|█████████████████████████████████████████████▏                                    | 43/78 [00:32<00:38,  1.10s/it, loss=0.9269]Trial 1 Ep9:  55%|█████████████████████████████████████████████▏                                    | 43/78 [00:32<00:38,  1.10s/it, loss=1.4465]Trial 1 Ep9:  56%|██████████████████████████████████████████████▎                                   | 44/78 [00:32<00:31,  1.10it/s, loss=1.4465]Trial 1 Ep9:  56%|██████████████████████████████████████████████▎                                   | 44/78 [00:33<00:31,  1.10it/s, loss=0.9771]Trial 1 Ep9:  58%|███████████████████████████████████████████████▎                                  | 45/78 [00:33<00:25,  1.29it/s, loss=0.9771]Trial 1 Ep9:  58%|███████████████████████████████████████████████▎                                  | 45/78 [00:33<00:25,  1.29it/s, loss=0.8465]Trial 1 Ep9:  59%|████████████████████████████████████████████████▎                                 | 46/78 [00:33<00:21,  1.48it/s, loss=0.8465]Trial 1 Ep9:  59%|████████████████████████████████████████████████▎                                 | 46/78 [00:33<00:21,  1.48it/s, loss=0.6806]Trial 1 Ep9:  60%|█████████████████████████████████████████████████▍                                | 47/78 [00:33<00:19,  1.63it/s, loss=0.6806]Trial 1 Ep9:  60%|█████████████████████████████████████████████████▍                                | 47/78 [00:34<00:19,  1.63it/s, loss=1.0721]Trial 1 Ep9:  62%|██████████████████████████████████████████████████▍                               | 48/78 [00:34<00:17,  1.74it/s, loss=1.0721]Trial 1 Ep9:  62%|██████████████████████████████████████████████████▍                               | 48/78 [00:35<00:17,  1.74it/s, loss=1.3167]Trial 1 Ep9:  63%|███████████████████████████████████████████████████▌                              | 49/78 [00:35<00:16,  1.75it/s, loss=1.3167]Trial 1 Ep9:  63%|███████████████████████████████████████████████████▌                              | 49/78 [00:35<00:16,  1.75it/s, loss=1.5464]Trial 1 Ep9:  64%|████████████████████████████████████████████████████▌                             | 50/78 [00:35<00:15,  1.77it/s, loss=1.5464]Trial 1 Ep9:  64%|████████████████████████████████████████████████████▌                             | 50/78 [00:36<00:15,  1.77it/s, loss=1.1407]Trial 1 Ep9:  65%|█████████████████████████████████████████████████████▌                            | 51/78 [00:36<00:15,  1.79it/s, loss=1.1407]Trial 1 Ep9:  65%|█████████████████████████████████████████████████████▌                            | 51/78 [00:36<00:15,  1.79it/s, loss=1.0602]Trial 1 Ep9:  67%|██████████████████████████████████████████████████████▋                           | 52/78 [00:36<00:16,  1.54it/s, loss=1.0602]Trial 1 Ep9:  67%|██████████████████████████████████████████████████████▋                           | 52/78 [00:37<00:16,  1.54it/s, loss=0.7216]Trial 1 Ep9:  68%|███████████████████████████████████████████████████████▋                          | 53/78 [00:37<00:18,  1.39it/s, loss=0.7216]Trial 1 Ep9:  68%|███████████████████████████████████████████████████████▋                          | 53/78 [00:38<00:18,  1.39it/s, loss=0.6659]Trial 1 Ep9:  69%|████████████████████████████████████████████████████████▊                         | 54/78 [00:38<00:17,  1.35it/s, loss=0.6659]Trial 1 Ep9:  69%|████████████████████████████████████████████████████████▊                         | 54/78 [00:39<00:17,  1.35it/s, loss=0.7718]Trial 1 Ep9:  71%|█████████████████████████████████████████████████████████▊                        | 55/78 [00:39<00:17,  1.28it/s, loss=0.7718]Trial 1 Ep9:  71%|█████████████████████████████████████████████████████████▊                        | 55/78 [00:40<00:17,  1.28it/s, loss=1.0596]Trial 1 Ep9:  72%|██████████████████████████████████████████████████████████▊                       | 56/78 [00:40<00:17,  1.23it/s, loss=1.0596]Trial 1 Ep9:  72%|██████████████████████████████████████████████████████████▊                       | 56/78 [00:41<00:17,  1.23it/s, loss=0.7516]Trial 1 Ep9:  73%|███████████████████████████████████████████████████████████▉                      | 57/78 [00:41<00:17,  1.18it/s, loss=0.7516]Trial 1 Ep9:  73%|███████████████████████████████████████████████████████████▉                      | 57/78 [00:42<00:17,  1.18it/s, loss=0.7020]Trial 1 Ep9:  74%|████████████████████████████████████████████████████████████▉                     | 58/78 [00:42<00:16,  1.20it/s, loss=0.7020]Trial 1 Ep9:  74%|████████████████████████████████████████████████████████████▉                     | 58/78 [00:43<00:16,  1.20it/s, loss=0.7330]Trial 1 Ep9:  76%|██████████████████████████████████████████████████████████████                    | 59/78 [00:43<00:17,  1.11it/s, loss=0.7330]Trial 1 Ep9:  76%|██████████████████████████████████████████████████████████████                    | 59/78 [00:43<00:17,  1.11it/s, loss=0.8336]Trial 1 Ep9:  77%|███████████████████████████████████████████████████████████████                   | 60/78 [00:43<00:14,  1.24it/s, loss=0.8336]Trial 1 Ep9:  77%|███████████████████████████████████████████████████████████████                   | 60/78 [00:44<00:14,  1.24it/s, loss=0.8602]Trial 1 Ep9:  78%|████████████████████████████████████████████████████████████████▏                 | 61/78 [00:44<00:11,  1.43it/s, loss=0.8602]Trial 1 Ep9:  78%|████████████████████████████████████████████████████████████████▏                 | 61/78 [00:44<00:11,  1.43it/s, loss=0.8555]Trial 1 Ep9:  79%|█████████████████████████████████████████████████████████████████▏                | 62/78 [00:44<00:10,  1.49it/s, loss=0.8555]Trial 1 Ep9:  79%|█████████████████████████████████████████████████████████████████▏                | 62/78 [00:45<00:10,  1.49it/s, loss=0.6163]Trial 1 Ep9:  81%|██████████████████████████████████████████████████████████████████▏               | 63/78 [00:45<00:10,  1.44it/s, loss=0.6163]Trial 1 Ep9:  81%|██████████████████████████████████████████████████████████████████▏               | 63/78 [00:46<00:10,  1.44it/s, loss=0.8731]Trial 1 Ep9:  82%|███████████████████████████████████████████████████████████████████▎              | 64/78 [00:46<00:08,  1.58it/s, loss=0.8731]Trial 1 Ep9:  82%|███████████████████████████████████████████████████████████████████▎              | 64/78 [00:46<00:08,  1.58it/s, loss=0.6747]Trial 1 Ep9:  83%|████████████████████████████████████████████████████████████████████▎             | 65/78 [00:46<00:08,  1.57it/s, loss=0.6747]Trial 1 Ep9:  83%|████████████████████████████████████████████████████████████████████▎             | 65/78 [00:47<00:08,  1.57it/s, loss=0.7403]Trial 1 Ep9:  85%|█████████████████████████████████████████████████████████████████████▍            | 66/78 [00:47<00:07,  1.54it/s, loss=0.7403]Trial 1 Ep9:  85%|█████████████████████████████████████████████████████████████████████▍            | 66/78 [00:47<00:07,  1.54it/s, loss=0.7735]Trial 1 Ep9:  86%|██████████████████████████████████████████████████████████████████████▍           | 67/78 [00:47<00:06,  1.70it/s, loss=0.7735]Trial 1 Ep9:  86%|██████████████████████████████████████████████████████████████████████▍           | 67/78 [00:48<00:06,  1.70it/s, loss=0.7197]Trial 1 Ep9:  87%|███████████████████████████████████████████████████████████████████████▍          | 68/78 [00:48<00:06,  1.61it/s, loss=0.7197]Trial 1 Ep9:  87%|███████████████████████████████████████████████████████████████████████▍          | 68/78 [00:49<00:06,  1.61it/s, loss=0.7878]Trial 1 Ep9:  88%|████████████████████████████████████████████████████████████████████████▌         | 69/78 [00:49<00:06,  1.43it/s, loss=0.7878]Trial 1 Ep9:  88%|████████████████████████████████████████████████████████████████████████▌         | 69/78 [00:50<00:06,  1.43it/s, loss=0.7703]Trial 1 Ep9:  90%|█████████████████████████████████████████████████████████████████████████▌        | 70/78 [00:50<00:06,  1.25it/s, loss=0.7703]Trial 1 Ep9:  90%|█████████████████████████████████████████████████████████████████████████▌        | 70/78 [00:51<00:06,  1.25it/s, loss=0.6833]Trial 1 Ep9:  91%|██████████████████████████████████████████████████████████████████████████▋       | 71/78 [00:51<00:05,  1.20it/s, loss=0.6833]Trial 1 Ep9:  91%|██████████████████████████████████████████████████████████████████████████▋       | 71/78 [00:52<00:05,  1.20it/s, loss=0.7387]Trial 1 Ep9:  92%|███████████████████████████████████████████████████████████████████████████▋      | 72/78 [00:52<00:04,  1.23it/s, loss=0.7387]Trial 1 Ep9:  92%|███████████████████████████████████████████████████████████████████████████▋      | 72/78 [00:52<00:04,  1.23it/s, loss=0.9854]Trial 1 Ep9:  94%|████████████████████████████████████████████████████████████████████████████▋     | 73/78 [00:52<00:03,  1.29it/s, loss=0.9854]Trial 1 Ep9:  94%|████████████████████████████████████████████████████████████████████████████▋     | 73/78 [00:53<00:03,  1.29it/s, loss=0.6419]Trial 1 Ep9:  95%|█████████████████████████████████████████████████████████████████████████████▊    | 74/78 [00:53<00:03,  1.32it/s, loss=0.6419]Trial 1 Ep9:  95%|█████████████████████████████████████████████████████████████████████████████▊    | 74/78 [00:54<00:03,  1.32it/s, loss=0.8720]Trial 1 Ep9:  96%|██████████████████████████████████████████████████████████████████████████████▊  