Trial 13 Ep1:   0%|                                                                                           | 0/535 [00:00<?, ?it/s]Trial 13 Ep1:   0%|                                                                        | 0/535 [00:01<?, ?it/s, loss=3382995.7500]Trial 13 Ep1:   0%|                                                                | 1/535 [00:01<10:03,  1.13s/it, loss=3382995.7500]Trial 13 Ep1:   0%|                                                                | 1/535 [00:01<10:03,  1.13s/it, loss=3527177.7500]Trial 13 Ep1:   0%|▏                                                               | 2/535 [00:01<08:04,  1.10it/s, loss=3527177.7500]Trial 13 Ep1:   0%|▎                                                                  | 2/535 [00:02<08:04,  1.10it/s, loss=4987.3516]Trial 13 Ep1:   1%|▍                                                                  | 3/535 [00:02<06:16,  1.41it/s, loss=4987.3516]Trial 13 Ep1:   1%|▍                                                                  | 3/535 [00:02<06:16,  1.41it/s, loss=3502.6873]Trial 13 Ep1:   1%|▌                                                                  | 4/535 [00:02<04:19,  2.04it/s, loss=3502.6873]Trial 13 Ep1:   1%|▌                                                                  | 4/535 [00:02<04:19,  2.04it/s, loss=5133.1621]Trial 13 Ep1:   1%|▋                                                                  | 5/535 [00:02<04:17,  2.06it/s, loss=5133.1621]Trial 13 Ep1:   1%|▋                                                                   | 5/535 [00:03<04:17,  2.06it/s, loss=814.7085]Trial 13 Ep1:   1%|▊                                                                   | 6/535 [00:03<03:19,  2.65it/s, loss=814.7085]Trial 13 Ep1:   1%|▊                                                                   | 6/535 [00:03<03:19,  2.65it/s, loss=294.9819]Trial 13 Ep1:   1%|▉                                                                   | 7/535 [00:03<02:49,  3.12it/s, loss=294.9819]Trial 13 Ep1:   1%|▉                                                                   | 7/535 [00:03<02:49,  3.12it/s, loss=368.7006]Trial 13 Ep1:   1%|█                                                                   | 8/535 [00:03<02:33,  3.43it/s, loss=368.7006]Trial 13 Ep1:   1%|█                                                                    | 8/535 [00:03<02:33,  3.43it/s, loss=38.3571]Trial 13 Ep1:   2%|█▏                                                                   | 9/535 [00:03<02:14,  3.90it/s, loss=38.3571]Trial 13 Ep1:   2%|█▏                                                                    | 9/535 [00:03<02:14,  3.90it/s, loss=2.0515]Trial 13 Ep1:   2%|█▎                                                                   | 10/535 [00:03<02:02,  4.28it/s, loss=2.0515]Trial 13 Ep1:   2%|█▎                                                                   | 10/535 [00:04<02:02,  4.28it/s, loss=1.2858]Trial 13 Ep1:   2%|█▍                                                                   | 11/535 [00:04<01:51,  4.70it/s, loss=1.2858]Trial 13 Ep1:   2%|█▍                                                                   | 11/535 [00:04<01:51,  4.70it/s, loss=0.8412]Trial 13 Ep1:   2%|█▌                                                                   | 12/535 [00:04<01:42,  5.10it/s, loss=0.8412]Trial 13 Ep1:   2%|█▌                                                                   | 12/535 [00:04<01:42,  5.10it/s, loss=0.8119]Trial 13 Ep1:   2%|█▋                                                                   | 13/535 [00:04<01:36,  5.39it/s, loss=0.8119]Trial 13 Ep1:   2%|█▋                                                                   | 13/535 [00:04<01:36,  5.39it/s, loss=1.7819]Trial 13 Ep1:   3%|█▊                                                                   | 14/535 [00:04<02:26,  3.57it/s, loss=1.7819]Trial 13 Ep1:   3%|█▊                                                                   | 14/535 [00:05<02:26,  3.57it/s, loss=0.4389]Trial 13 Ep1:   3%|█▉                                                                   | 15/535 [00:05<02:06,  4.10it/s, loss=0.4389]Trial 13 Ep1:   3%|█▉                                                                  | 15/535 [00:05<02:06,  4.10it/s, loss=23.8871]Trial 13 Ep1:   3%|██                                                                  | 16/535 [00:05<02:01,  4.28it/s, loss=23.8871]Trial 13 Ep1:   3%|██                                                                   | 16/535 [00:05<02:01,  4.28it/s, loss=8.5889]Trial 13 Ep1:   3%|██▏                                                                  | 17/535 [00:05<02:04,  4.16it/s, loss=8.5889]Trial 13 Ep1:   3%|██▏                                                                  | 17/535 [00:05<02:04,  4.16it/s, loss=1.2258]Trial 13 Ep1:   3%|██▎                                                                  | 18/535 [00:05<01:53,  4.55it/s, loss=1.2258]Trial 13 Ep1:   3%|██▎                                                                  | 18/535 [00:05<01:53,  4.55it/s, loss=1.2486]Trial 13 Ep1:   4%|██▍                                                                  | 19/535 [00:05<01:50,  4.67it/s, loss=1.2486]Trial 13 Ep1:   4%|██▍                                                                  | 19/535 [00:06<01:50,  4.67it/s, loss=1.2270]Trial 13 Ep1:   4%|██▌                                                                  | 20/535 [00:06<01:41,  5.10it/s, loss=1.2270]Trial 13 Ep1:   4%|██▌                                                                  | 20/535 [00:06<01:41,  5.10it/s, loss=0.9635]Trial 13 Ep1:   4%|██▋                                                                  | 21/535 [00:06<01:33,  5.49it/s, loss=0.9635]Trial 13 Ep1:   4%|██▋                                                                  | 21/535 [00:06<01:33,  5.49it/s, loss=0.8512]Trial 13 Ep1:   4%|██▊                                                                  | 22/535 [00:06<01:29,  5.73it/s, loss=0.8512]Trial 13 Ep1:   4%|██▊                                                                  | 22/535 [00:06<01:29,  5.73it/s, loss=1.2473]Trial 13 Ep1:   4%|██▉                                                                  | 23/535 [00:06<01:27,  5.86it/s, loss=1.2473]Trial 13 Ep1:   4%|██▉                                                                  | 23/535 [00:06<01:27,  5.86it/s, loss=0.8702]Trial 13 Ep1:   4%|███                                                                  | 24/535 [00:06<01:25,  5.96it/s, loss=0.8702]Trial 13 Ep1:   4%|███                                                                  | 24/535 [00:07<01:25,  5.96it/s, loss=0.6712]Trial 13 Ep1:   5%|███▏                                                                 | 25/535 [00:07<02:28,  3.43it/s, loss=0.6712]Trial 13 Ep1:   5%|███▏                                                                 | 25/535 [00:07<02:28,  3.43it/s, loss=0.6332]Trial 13 Ep1:   5%|███▎                                                                 | 26/535 [00:07<02:20,  3.62it/s, loss=0.6332]Trial 13 Ep1:   5%|███▎                                                                 | 26/535 [00:07<02:20,  3.62it/s, loss=0.5830]Trial 13 Ep1:   5%|███▍                                                                 | 27/535 [00:07<02:03,  4.11it/s, loss=0.5830]Trial 13 Ep1:   5%|███▍                                                                 | 27/535 [00:07<02:03,  4.11it/s, loss=0.6750]Trial 13 Ep1:   5%|███▌                                                                 | 28/535 [00:07<01:52,  4.51it/s, loss=0.6750]Trial 13 Ep1:   5%|███▌                                                                 | 28/535 [00:08<01:52,  4.51it/s, loss=0.5212]Trial 13 Ep1:   5%|███▋                                                                 | 29/535 [00:08<01:46,  4.74it/s, loss=0.5212]Trial 13 Ep1:   5%|███▋                                                                 | 29/535 [00:08<01:46,  4.74it/s, loss=0.5734]Trial 13 Ep1:   6%|███▊                                                                 | 30/535 [00:08<01:39,  5.10it/s, loss=0.5734]Trial 13 Ep1:   6%|███▊                                                                 | 30/535 [00:08<01:39,  5.10it/s, loss=1.0347]Trial 13 Ep1:   6%|███▉                                                                 | 31/535 [00:08<01:33,  5.38it/s, loss=1.0347]Trial 13 Ep1:   6%|███▉                                                                 | 31/535 [00:08<01:33,  5.38it/s, loss=8.0678]Trial 13 Ep1:   6%|████▏                                                                | 32/535 [00:08<01:29,  5.60it/s, loss=8.0678]Trial 13 Ep1:   6%|████▏                                                                | 32/535 [00:08<01:29,  5.60it/s, loss=1.0694]Trial 13 Ep1:   6%|████▎                                                                | 33/535 [00:08<01:26,  5.81it/s, loss=1.0694]Trial 13 Ep1:   6%|████▎                                                                | 33/535 [00:08<01:26,  5.81it/s, loss=1.2966]Trial 13 Ep1:   6%|████▍                                                                | 34/535 [00:08<01:25,  5.85it/s, loss=1.2966]Trial 13 Ep1:   6%|████▍                                                                | 34/535 [00:09<01:25,  5.85it/s, loss=0.5571]Trial 13 Ep1:   7%|████▌                                                                | 35/535 [00:09<01:21,  6.11it/s, loss=0.5571]Trial 13 Ep1:   7%|████▌                                                                | 35/535 [00:09<01:21,  6.11it/s, loss=0.8098]Trial 13 Ep1:   7%|████▋                                                                | 36/535 [00:09<01:21,  6.14it/s, loss=0.8098]Trial 13 Ep1:   7%|████▋                                                                | 36/535 [00:09<01:21,  6.14it/s, loss=0.4869]Trial 13 Ep1:   7%|████▊                                                                | 37/535 [00:09<01:28,  5.63it/s, loss=0.4869]Trial 13 Ep1:   7%|████▊                                                                | 37/535 [00:09<01:28,  5.63it/s, loss=0.6768]Trial 13 Ep1:   7%|████▉                                                                | 38/535 [00:09<01:33,  5.33it/s, loss=0.6768]Trial 13 Ep1:   7%|████▉                                                                | 38/535 [00:09<01:33,  5.33it/s, loss=0.3463]Trial 13 Ep1:   7%|█████                                                                | 39/535 [00:09<01:31,  5.44it/s, loss=0.3463]Trial 13 Ep1:   7%|█████                                                                | 39/535 [00:09<01:31,  5.44it/s, loss=0.5787]Trial 13 Ep1:   7%|█████▏                                                               | 40/535 [00:09<01:28,  5.61it/s, loss=0.5787]Trial 13 Ep1:   7%|█████▏                                                               | 40/535 [00:10<01:28,  5.61it/s, loss=0.3919]Trial 13 Ep1:   8%|█████▎                                                               | 41/535 [00:10<01:26,  5.74it/s, loss=0.3919]Trial 13 Ep1:   8%|█████▎                                                               | 41/535 [00:10<01:26,  5.74it/s, loss=0.5364]Trial 13 Ep1:   8%|█████▍                                                               | 42/535 [00:10<01:25,  5.76it/s, loss=0.5364]Trial 13 Ep1:   8%|█████▍                                                               | 42/535 [00:10<01:25,  5.76it/s, loss=0.7281]Trial 13 Ep1:   8%|█████▌                                                               | 43/535 [00:10<01:24,  5.79it/s, loss=0.7281]Trial 13 Ep1:   8%|█████▌                                                               | 43/535 [00:10<01:24,  5.79it/s, loss=0.6509]Trial 13 Ep1:   8%|█████▋                                                               | 44/535 [00:10<01:24,  5.81it/s, loss=0.6509]Trial 13 Ep1:   8%|█████▋                                                               | 44/535 [00:10<01:24,  5.81it/s, loss=0.4483]Trial 13 Ep1:   8%|█████▊                                                               | 45/535 [00:10<01:22,  5.97it/s, loss=0.4483]Trial 13 Ep1:   8%|█████▊                                                               | 45/535 [00:10<01:22,  5.97it/s, loss=0.7152]Trial 13 Ep1:   9%|█████▉                                                               | 46/535 [00:10<01:20,  6.05it/s, loss=0.7152]Trial 13 Ep1:   9%|█████▉                                                               | 46/535 [00:11<01:20,  6.05it/s, loss=0.4567]Trial 13 Ep1:   9%|██████                                                               | 47/535 [00:11<01:20,  6.10it/s, loss=0.4567]Trial 13 Ep1:   9%|██████                                                               | 47/535 [00:11<01:20,  6.10it/s, loss=0.7909]Trial 13 Ep1:   9%|██████▏                                                              | 48/535 [00:11<01:24,  5.74it/s, loss=0.7909]Trial 13 Ep1:   9%|██████▏                                                              | 48/535 [00:11<01:24,  5.74it/s, loss=0.6026]Trial 13 Ep1:   9%|██████▎                                                              | 49/535 [00:11<01:31,  5.31it/s, loss=0.6026]Trial 13 Ep1:   9%|██████▎                                                              | 49/535 [00:11<01:31,  5.31it/s, loss=0.5902]Trial 13 Ep1:   9%|██████▍                                                              | 50/535 [00:11<01:28,  5.50it/s, loss=0.5902]Trial 13 Ep1:   9%|██████▍                                                              | 50/535 [00:11<01:28,  5.50it/s, loss=0.8722]Trial 13 Ep1:  10%|██████▌                                                              | 51/535 [00:11<01:30,  5.34it/s, loss=0.8722]Trial 13 Ep1:  10%|██████▌                                                              | 51/535 [00:12<01:30,  5.34it/s, loss=1.2942]Trial 13 Ep1:  10%|██████▋                                                              | 52/535 [00:12<01:27,  5.52it/s, loss=1.2942]Trial 13 Ep1:  10%|██████▋                                                              | 52/535 [00:12<01:27,  5.52it/s, loss=0.7073]Trial 13 Ep1:  10%|██████▊                                                              | 53/535 [00:12<01:23,  5.74it/s, loss=0.7073]Trial 13 Ep1:  10%|██████▊                                                              | 53/535 [00:12<01:23,  5.74it/s, loss=0.5900]Trial 13 Ep1:  10%|██████▉                                                              | 54/535 [00:12<01:21,  5.92it/s, loss=0.5900]Trial 13 Ep1:  10%|██████▉                                                              | 54/535 [00:12<01:21,  5.92it/s, loss=0.5438]Trial 13 Ep1:  10%|███████                                                              | 55/535 [00:12<01:19,  6.01it/s, loss=0.5438]Trial 13 Ep1:  10%|███████                                                              | 55/535 [00:12<01:19,  6.01it/s, loss=1.5625]Trial 13 Ep1:  10%|███████▏                                                             | 56/535 [00:12<01:18,  6.10it/s, loss=1.5625]Trial 13 Ep1:  10%|██████▊                                                          | 56/535 [00:12<01:18,  6.10it/s, loss=97616.5469]Trial 13 Ep1:  11%|██████▉                                                          | 57/535 [00:12<01:26,  5.51it/s, loss=97616.5469]Trial 13 Ep1:  11%|███████▎                                                             | 57/535 [00:13<01:26,  5.51it/s, loss=1.5836]Trial 13 Ep1:  11%|███████▍                                                             | 58/535 [00:13<01:22,  5.80it/s, loss=1.5836]Trial 13 Ep1:  11%|███████▍                                                             | 58/535 [00:13<01:22,  5.80it/s, loss=2.0399]Trial 13 Ep1:  11%|███████▌                                                             | 59/535 [00:13<01:25,  5.55it/s, loss=2.0399]Trial 13 Ep1:  11%|███████▌                                                             | 59/535 [00:13<01:25,  5.55it/s, loss=0.6227]Trial 13 Ep1:  11%|███████▋                                                             | 60/535 [00:13<01:28,  5.34it/s, loss=0.6227]Trial 13 Ep1:  11%|███████▋                                                             | 60/535 [00:13<01:28,  5.34it/s, loss=0.7428]Trial 13 Ep1:  11%|███████▊                                                             | 61/535 [00:13<01:29,  5.29it/s, loss=0.7428]Trial 13 Ep1:  11%|███████▊                                                             | 61/535 [00:13<01:29,  5.29it/s, loss=1.3205]Trial 13 Ep1:  12%|███████▉                                                             | 62/535 [00:13<01:27,  5.44it/s, loss=1.3205]Trial 13 Ep1:  12%|███████▉                                                             | 62/535 [00:13<01:27,  5.44it/s, loss=1.8255]Trial 13 Ep1:  12%|████████▏                                                            | 63/535 [00:13<01:23,  5.64it/s, loss=1.8255]Trial 13 Ep1:  12%|████████▏                                                            | 63/535 [00:14<01:23,  5.64it/s, loss=1.2636]Trial 13 Ep1:  12%|████████▎                                                            | 64/535 [00:14<01:23,  5.67it/s, loss=1.2636]Trial 13 Ep1:  12%|████████                                                           | 64/535 [00:14<01:23,  5.67it/s, loss=517.6129]Trial 13 Ep1:  12%|████████▏                                                          | 65/535 [00:14<01:21,  5.80it/s, loss=517.6129]Trial 13 Ep1:  12%|████████▍                                                            | 65/535 [00:14<01:21,  5.80it/s, loss=1.1999]Trial 13 Ep1:  12%|████████▌                                                            | 66/535 [00:14<01:19,  5.88it/s, loss=1.1999]Trial 13 Ep1:  12%|████████▌                                                            | 66/535 [00:14<01:19,  5.88it/s, loss=0.8824]Trial 13 Ep1:  13%|████████▋                                                            | 67/535 [00:14<01:18,  5.95it/s, loss=0.8824]Trial 13 Ep1:  13%|████████▋                                                            | 67/535 [00:14<01:18,  5.95it/s, loss=0.8053]Trial 13 Ep1:  13%|████████▊                                                            | 68/535 [00:14<01:17,  6.02it/s, loss=0.8053]Trial 13 Ep1:  13%|████████▊                                                            | 68/535 [00:14<01:17,  6.02it/s, loss=0.7068]Trial 13 Ep1:  13%|████████▉                                                            | 69/535 [00:14<01:16,  6.08it/s, loss=0.7068]Trial 13 Ep1:  13%|████████▉                                                            | 69/535 [00:15<01:16,  6.08it/s, loss=2.0088]Trial 13 Ep1:  13%|█████████                                                            | 70/535 [00:15<01:15,  6.12it/s, loss=2.0088]Trial 13 Ep1:  13%|█████████                                                            | 70/535 [00:15<01:15,  6.12it/s, loss=1.2906]Trial 13 Ep1:  13%|█████████▏                                                           | 71/535 [00:15<01:22,  5.60it/s, loss=1.2906]Trial 13 Ep1:  13%|████████▍                                                       | 71/535 [00:15<01:22,  5.60it/s, loss=175297.0625]Trial 13 Ep1:  13%|████████▌                                                       | 72/535 [00:15<01:27,  5.30it/s, loss=175297.0625]Trial 13 Ep1:  13%|█████████                                                          | 72/535 [00:15<01:27,  5.30it/s, loss=179.9000]Trial 13 Ep1:  14%|█████████▏                                                         | 73/535 [00:15<01:24,  5.45it/s, loss=179.9000]Trial 13 Ep1:  14%|█████████▎                                                          | 73/535 [00:15<01:24,  5.45it/s, loss=58.5817]Trial 13 Ep1:  14%|█████████▍                                                          | 74/535 [00:15<01:23,  5.52it/s, loss=58.5817]Trial 13 Ep1:  14%|█████████▍                                                          | 74/535 [00:16<01:23,  5.52it/s, loss=70.5343]Trial 13 Ep1:  14%|█████████▌                                                          | 75/535 [00:16<01:25,  5.39it/s, loss=70.5343]Trial 13 Ep1:  14%|█████████▋                                                           | 75/535 [00:16<01:25,  5.39it/s, loss=2.0255]Trial 13 Ep1:  14%|█████████▊                                                           | 76/535 [00:16<01:21,  5.60it/s, loss=2.0255]Trial 13 Ep1:  14%|█████████▋                                                          | 76/535 [00:16<01:21,  5.60it/s, loss=60.9852]Trial 13 Ep1:  14%|█████████▊                                                          | 77/535 [00:16<01:19,  5.73it/s, loss=60.9852]Trial 13 Ep1:  14%|█████████▉                                                           | 77/535 [00:16<01:19,  5.73it/s, loss=0.1231]Trial 13 Ep1:  15%|██████████                                                           | 78/535 [00:16<01:17,  5.91it/s, loss=0.1231]Trial 13 Ep1:  15%|█████████▊                                                         | 78/535 [00:16<01:17,  5.91it/s, loss=102.9538]Trial 13 Ep1:  15%|█████████▉                                                         | 79/535 [00:16<01:16,  5.98it/s, loss=102.9538]Trial 13 Ep1:  15%|██████████                                                          | 79/535 [00:16<01:16,  5.98it/s, loss=56.1264]Trial 13 Ep1:  15%|██████████▏                                                         | 80/535 [00:16<01:17,  5.87it/s, loss=56.1264]Trial 13 Ep1:  15%|██████████▏                                                         | 80/535 [00:17<01:17,  5.87it/s, loss=27.4144]Trial 13 Ep1:  15%|██████████▎                                                         | 81/535 [00:17<01:14,  6.12it/s, loss=27.