Trial 1 Ep1:   0%|                                                                                            | 0/535 [00:00<?, ?it/s]Trial 1 Ep1:   0%|                                                                         | 0/535 [00:01<?, ?it/s, loss=3382995.7500]Trial 1 Ep1:   0%|                                                                 | 1/535 [00:01<11:30,  1.29s/it, loss=3382995.7500]Trial 1 Ep1:   0%|                                                                 | 1/535 [00:01<11:30,  1.29s/it, loss=3530295.0000]Trial 1 Ep1:   0%|▏                                                                | 2/535 [00:01<07:18,  1.21it/s, loss=3530295.0000]Trial 1 Ep1:   0%|▎                                                                   | 2/535 [00:02<07:18,  1.21it/s, loss=4244.5234]Trial 1 Ep1:   1%|▍                                                                   | 3/535 [00:02<05:53,  1.50it/s, loss=4244.5234]Trial 1 Ep1:   1%|▍                                                                   | 3/535 [00:02<05:53,  1.50it/s, loss=3276.6858]Trial 1 Ep1:   1%|▌                                                                   | 4/535 [00:02<04:06,  2.16it/s, loss=3276.6858]Trial 1 Ep1:   1%|▌                                                                   | 4/535 [00:03<04:06,  2.16it/s, loss=2049.6077]Trial 1 Ep1:   1%|▋                                                                   | 5/535 [00:03<04:46,  1.85it/s, loss=2049.6077]Trial 1 Ep1:   1%|▋                                                                    | 5/535 [00:03<04:46,  1.85it/s, loss=237.6240]Trial 1 Ep1:   1%|▊                                                                    | 6/535 [00:03<03:45,  2.35it/s, loss=237.6240]Trial 1 Ep1:   1%|▊                                                                    | 6/535 [00:03<03:45,  2.35it/s, loss=191.6629]Trial 1 Ep1:   1%|▉                                                                    | 7/535 [00:03<03:02,  2.90it/s, loss=191.6629]Trial 1 Ep1:   1%|▉                                                                   | 7/535 [00:03<03:02,  2.90it/s, loss=2250.3711]Trial 1 Ep1:   1%|█                                                                   | 8/535 [00:03<02:31,  3.47it/s, loss=2250.3711]Trial 1 Ep1:   1%|█                                                                     | 8/535 [00:03<02:31,  3.47it/s, loss=21.5717]Trial 1 Ep1:   2%|█▏                                                                    | 9/535 [00:03<02:10,  4.04it/s, loss=21.5717]Trial 1 Ep1:   2%|█▏                                                                     | 9/535 [00:03<02:10,  4.04it/s, loss=4.0038]Trial 1 Ep1:   2%|█▎                                                                    | 10/535 [00:03<01:55,  4.53it/s, loss=4.0038]Trial 1 Ep1:   2%|█▎                                                                    | 10/535 [00:04<01:55,  4.53it/s, loss=1.3341]Trial 1 Ep1:   2%|█▍                                                                    | 11/535 [00:04<01:45,  4.97it/s, loss=1.3341]Trial 1 Ep1:   2%|█▍                                                                    | 11/535 [00:04<01:45,  4.97it/s, loss=0.7906]Trial 1 Ep1:   2%|█▌                                                                    | 12/535 [00:04<01:39,  5.27it/s, loss=0.7906]Trial 1 Ep1:   2%|█▌                                                                    | 12/535 [00:04<01:39,  5.27it/s, loss=0.8074]Trial 1 Ep1:   2%|█▋                                                                    | 13/535 [00:04<01:34,  5.55it/s, loss=0.8074]Trial 1 Ep1:   2%|█▋                                                                   | 13/535 [00:05<01:34,  5.55it/s, loss=33.6342]Trial 1 Ep1:   3%|█▊                                                                   | 14/535 [00:05<03:07,  2.78it/s, loss=33.6342]Trial 1 Ep1:   3%|█▊                                                                    | 14/535 [00:05<03:07,  2.78it/s, loss=0.5812]Trial 1 Ep1:   3%|█▉                                                                    | 15/535 [00:05<02:35,  3.35it/s, loss=0.5812]Trial 1 Ep1:   3%|█▉                                                                   | 15/535 [00:05<02:35,  3.35it/s, loss=36.0389]Trial 1 Ep1:   3%|██                                                                   | 16/535 [00:05<02:16,  3.80it/s, loss=36.0389]Trial 1 Ep1:   3%|██                                                                    | 16/535 [00:05<02:16,  3.80it/s, loss=1.3040]Trial 1 Ep1:   3%|██▏                                                                   | 17/535 [00:05<02:01,  4.25it/s, loss=1.3040]Trial 1 Ep1:   3%|██▏                                                                   | 17/535 [00:05<02:01,  4.25it/s, loss=1.5167]Trial 1 Ep1:   3%|██▎                                                                   | 18/535 [00:05<01:50,  4.67it/s, loss=1.5167]Trial 1 Ep1:   3%|██▎                                                                   | 18/535 [00:06<01:50,  4.67it/s, loss=1.3550]Trial 1 Ep1:   4%|██▍                                                                   | 19/535 [00:06<01:42,  5.05it/s, loss=1.3550]Trial 1 Ep1:   4%|██▍                                                                   | 19/535 [00:06<01:42,  5.05it/s, loss=1.2995]Trial 1 Ep1:   4%|██▌                                                                   | 20/535 [00:06<01:38,  5.23it/s, loss=1.2995]Trial 1 Ep1:   4%|██▌                                                                   | 20/535 [00:06<01:38,  5.23it/s, loss=0.7350]Trial 1 Ep1:   4%|██▋                                                                   | 21/535 [00:06<01:32,  5.57it/s, loss=0.7350]Trial 1 Ep1:   4%|██▋                                                                   | 21/535 [00:06<01:32,  5.57it/s, loss=0.8981]Trial 1 Ep1:   4%|██▉                                                                   | 22/535 [00:06<01:28,  5.80it/s, loss=0.8981]Trial 1 Ep1:   4%|██▉                                                                   | 22/535 [00:07<01:28,  5.80it/s, loss=9.6458]Trial 1 Ep1:   4%|███                                                                   | 23/535 [00:07<02:36,  3.28it/s, loss=9.6458]Trial 1 Ep1:   4%|███                                                                   | 23/535 [00:07<02:36,  3.28it/s, loss=0.7961]Trial 1 Ep1:   4%|███▏                                                                  | 24/535 [00:07<02:15,  3.77it/s, loss=0.7961]Trial 1 Ep1:   4%|███▏                                                                  | 24/535 [00:07<02:15,  3.77it/s, loss=0.6238]Trial 1 Ep1:   5%|███▎                                                                  | 25/535 [00:07<02:00,  4.22it/s, loss=0.6238]Trial 1 Ep1:   5%|███▎                                                                  | 25/535 [00:07<02:00,  4.22it/s, loss=0.6692]Trial 1 Ep1:   5%|███▍                                                                  | 26/535 [00:07<01:53,  4.50it/s, loss=0.6692]Trial 1 Ep1:   5%|███▍                                                                  | 26/535 [00:07<01:53,  4.50it/s, loss=0.6554]Trial 1 Ep1:   5%|███▌                                                                  | 27/535 [00:07<01:45,  4.83it/s, loss=0.6554]Trial 1 Ep1:   5%|███▌                                                                  | 27/535 [00:07<01:45,  4.83it/s, loss=0.7561]Trial 1 Ep1:   5%|███▋                                                                  | 28/535 [00:07<01:36,  5.27it/s, loss=0.7561]Trial 1 Ep1:   5%|███▋                                                                  | 28/535 [00:08<01:36,  5.27it/s, loss=0.5708]Trial 1 Ep1:   5%|███▊                                                                  | 29/535 [00:08<01:30,  5.58it/s, loss=0.5708]Trial 1 Ep1:   5%|███▊                                                                  | 29/535 [00:08<01:30,  5.58it/s, loss=0.7011]Trial 1 Ep1:   6%|███▉                                                                  | 30/535 [00:08<01:28,  5.70it/s, loss=0.7011]Trial 1 Ep1:   6%|███▉                                                                  | 30/535 [00:08<01:28,  5.70it/s, loss=0.9900]Trial 1 Ep1:   6%|████                                                                  | 31/535 [00:08<01:26,  5.83it/s, loss=0.9900]Trial 1 Ep1:   6%|████                                                                  | 31/535 [00:08<01:26,  5.83it/s, loss=0.6646]Trial 1 Ep1:   6%|████▏                                                                 | 32/535 [00:08<01:25,  5.88it/s, loss=0.6646]Trial 1 Ep1:   6%|████▏                                                                 | 32/535 [00:08<01:25,  5.88it/s, loss=0.7433]Trial 1 Ep1:   6%|████▎                                                                 | 33/535 [00:08<01:23,  6.02it/s, loss=0.7433]Trial 1 Ep1:   6%|████▎                                                                | 33/535 [00:09<01:23,  6.02it/s, loss=41.0944]Trial 1 Ep1:   6%|████▍                                                                | 34/535 [00:09<01:42,  4.89it/s, loss=41.0944]Trial 1 Ep1:   6%|████▍                                                                 | 34/535 [00:09<01:42,  4.89it/s, loss=0.5888]Trial 1 Ep1:   7%|████▌                                                                 | 35/535 [00:09<01:38,  5.09it/s, loss=0.5888]Trial 1 Ep1:   7%|████▌                                                                 | 35/535 [00:09<01:38,  5.09it/s, loss=0.7249]Trial 1 Ep1:   7%|████▋                                                                 | 36/535 [00:09<01:32,  5.38it/s, loss=0.7249]Trial 1 Ep1:   7%|████▋                                                                 | 36/535 [00:09<01:32,  5.38it/s, loss=0.5848]Trial 1 Ep1:   7%|████▊                                                                 | 37/535 [00:09<01:30,  5.49it/s, loss=0.5848]Trial 1 Ep1:   7%|████▊                                                                 | 37/535 [00:09<01:30,  5.49it/s, loss=0.5912]Trial 1 Ep1:   7%|████▉                                                                 | 38/535 [00:09<01:27,  5.70it/s, loss=0.5912]Trial 1 Ep1:   7%|████▉                                                                 | 38/535 [00:09<01:27,  5.70it/s, loss=0.3675]Trial 1 Ep1:   7%|█████                                                                 | 39/535 [00:09<01:25,  5.80it/s, loss=0.3675]Trial 1 Ep1:   7%|█████                                                                 | 39/535 [00:10<01:25,  5.80it/s, loss=0.5452]Trial 1 Ep1:   7%|█████▏                                                                | 40/535 [00:10<01:23,  5.95it/s, loss=0.5452]Trial 1 Ep1:   7%|█████▏                                                                | 40/535 [00:10<01:23,  5.95it/s, loss=0.3969]Trial 1 Ep1:   8%|█████▎                                                                | 41/535 [00:10<01:21,  6.06it/s, loss=0.3969]Trial 1 Ep1:   8%|█████▎                                                                | 41/535 [00:10<01:21,  6.06it/s, loss=0.4810]Trial 1 Ep1:   8%|█████▍                                                                | 42/535 [00:10<01:22,  5.97it/s, loss=0.4810]Trial 1 Ep1:   8%|█████▍                                                                | 42/535 [00:10<01:22,  5.97it/s, loss=0.6693]Trial 1 Ep1:   8%|█████▋                                                                | 43/535 [00:10<01:21,  6.01it/s, loss=0.6693]Trial 1 Ep1:   8%|█████▋                                                                | 43/535 [00:10<01:21,  6.01it/s, loss=0.7189]Trial 1 Ep1:   8%|█████▊                                                                | 44/535 [00:10<01:21,  6.00it/s, loss=0.7189]Trial 1 Ep1:   8%|█████▊                                                                | 44/535 [00:10<01:21,  6.00it/s, loss=0.6572]Trial 1 Ep1:   8%|█████▉                                                                | 45/535 [00:10<01:23,  5.84it/s, loss=0.6572]Trial 1 Ep1:   8%|█████▉                                                                | 45/535 [00:11<01:23,  5.84it/s, loss=0.6565]Trial 1 Ep1:   9%|██████                                                                | 46/535 [00:11<01:32,  5.26it/s, loss=0.6565]Trial 1 Ep1:   9%|██████                                                                | 46/535 [00:11<01:32,  5.26it/s, loss=0.4880]Trial 1 Ep1:   9%|██████▏                                                               | 47/535 [00:11<01:28,  5.51it/s, loss=0.4880]Trial 1 Ep1:   9%|██████▏                                                               | 47/535 [00:11<01:28,  5.51it/s, loss=0.5766]Trial 1 Ep1:   9%|██████▎                                                               | 48/535 [00:11<01:34,  5.15it/s, loss=0.5766]Trial 1 Ep1:   9%|██████▎                                                               | 48/535 [00:11<01:34,  5.15it/s, loss=0.6406]Trial 1 Ep1:   9%|██████▍                                                               | 49/535 [00:11<01:29,  5.40it/s, loss=0.6406]Trial 1 Ep1:   9%|██████▍                                                               | 49/535 [00:11<01:29,  5.40it/s, loss=0.7928]Trial 1 Ep1:   9%|██████▌                                                               | 50/535 [00:11<01:26,  5.62it/s, loss=0.7928]Trial 1 Ep1:   9%|██████▌                                                               | 50/535 [00:12<01:26,  5.62it/s, loss=0.6881]Trial 1 Ep1:  10%|██████▋                                                               | 51/535 [00:12<01:24,  5.72it/s, loss=0.6881]Trial 1 Ep1:  10%|██████▋                                                               | 51/535 [00:12<01:24,  5.72it/s, loss=0.8525]Trial 1 Ep1:  10%|██████▊                                                               | 52/535 [00:12<01:20,  5.98it/s, loss=0.8525]Trial 1 Ep1:  10%|██████▊                                                               | 52/535 [00:12<01:20,  5.98it/s, loss=0.5913]Trial 1 Ep1:  10%|██████▉                                                               | 53/535 [00:12<01:19,  6.08it/s, loss=0.5913]Trial 1 Ep1:  10%|██████▉                                                               | 53/535 [00:12<01:19,  6.08it/s, loss=0.5119]Trial 1 Ep1:  10%|███████                                                               | 54/535 [00:12<01:19,  6.03it/s, loss=0.5119]Trial 1 Ep1:  10%|███████                                                               | 54/535 [00:12<01:19,  6.03it/s, loss=0.5839]Trial 1 Ep1:  10%|███████▏                                                              | 55/535 [00:12<01:18,  6.09it/s, loss=0.5839]Trial 1 Ep1:  10%|███████▏                                                              | 55/535 [00:12<01:18,  6.09it/s, loss=1.4543]Trial 1 Ep1:  10%|███████▎                                                              | 56/535 [00:12<01:19,  6.03it/s, loss=1.4543]Trial 1 Ep1:  10%|██████▉                                                           | 56/535 [00:13<01:19,  6.03it/s, loss=83729.9922]Trial 1 Ep1:  11%|███████                                                           | 57/535 [00:13<01:36,  4.96it/s, loss=83729.9922]Trial 1 Ep1:  11%|███████▍                                                              | 57/535 [00:13<01:36,  4.96it/s, loss=0.9993]Trial 1 Ep1:  11%|███████▌                                                              | 58/535 [00:13<01:30,  5.25it/s, loss=0.9993]Trial 1 Ep1:  11%|██████▉                                                         | 58/535 [00:13<01:30,  5.25it/s, loss=1147581.5000]Trial 1 Ep1:  11%|███████                                                         | 59/535 [00:13<01:29,  5.34it/s, loss=1147581.5000]Trial 1 Ep1:  11%|███████▍                                                            | 59/535 [00:13<01:29,  5.34it/s, loss=531.1766]Trial 1 Ep1:  11%|███████▋                                                            | 60/535 [00:13<01:28,  5.37it/s, loss=531.1766]Trial 1 Ep1:  11%|███████▎                                                         | 60/535 [00:13<01:28,  5.37it/s, loss=100553.6719]Trial 1 Ep1:  11%|███████▍                                                         | 61/535 [00:13<01:27,  5.45it/s, loss=100553.6719]Trial 1 Ep1:  11%|███████▍                                                         | 61/535 [00:14<01:27,  5.45it/s, loss=266578.2188]Trial 1 Ep1:  12%|███████▌                                                         | 62/535 [00:14<01:22,  5.72it/s, loss=266578.2188]Trial 1 Ep1:  12%|██████▌                                                  | 62/535 [00:14<01:22,  5.72it/s, loss=27470682128384.0000]Trial 1 Ep1:  12%|██████▋                                                  | 63/535 [00:14<01:25,  5.49it/s, loss=27470682128384.0000]                                                                                                                                      [I 2026-02-24 14:56:15,074] Trial 1 finished with value: 0.0 and parameters: {'learning_rate': 0.004, 'lora_alpha': 1.0, 'target_ab_lr': 0.001}. Best is trial 1 with value: 0.0.

  [NaN/Inf detected at batch 63] Aborting trial.
[Trial 1] GPU cache cleared

======================================================================
Trial 2 Starting
======================================================================
  rank=8, transfer_every=10000000, transfer_lr=1.0000e-01
  lora_alpha=0.0100, lr=4.0000e-03, wd=0.00e+00
  target_ab_lr=0.0010, lr_multiplier=25.000000
  effective_ab_lr = lr*alpha*mult = 0.0010
  momentum=0.00, nesterov=False, reinit_mode=decay
  tau_sec=0.0, optimizer=AnalogAdam
======================================================================
huggingface/tokenizers: The current process just got forked, after parallelism has already been used. Disabling parallelism to avoid deadlocks...
To disable this warning, you can either:
	- Avoid using `tokenizers` before the fork if possible
	- Explicitly set the environment variable TOKENIZERS_PARALLELISM=(true | false)
Some weights of MobileBertForSequenceClassification were not initialized from the model checkpoint at google/mobilebert-uncased and are newly initialized: ['classifier.bias', 'classifier.weight']
You should probably TRAIN this model on a down-stream task to be able to use it for predictions and inference.
  [FIX] Reinitialized classifier with FIXED seed=42
  [WARMUP] Initialized 3 tiles for LRTT update
  [WARMUP] Initialized 3 tiles for LRTT update
  [WARMUP] Initialized 3 tiles for LRTT update
  [WARMUP] Initialized 3 tiles for LRTT update
  [WARMUP] Initialized 3 tiles for LRTT update
  [WARMUP] Initialized 3 tiles for LRTT update
  [WARMUP] Initialized 3 tiles for LRTT update
  [WARMUP] Initialized 3 tiles for LRTT update
  [WARMUP] Initialized 3 tiles for LRTT update
  [WARMUP] Initialized 3 tiles for LRTT update
  [WARMUP] Initialized 3 tiles for LRTT update
  [WARMUP] Initialized 3 tiles for LRTT update
  [WARMUP] Initialized 3 tiles for LRTT update
  [WARMUP] Initialized 3 tiles for LRTT update
  [WARMUP] Initialized 3 tiles for LRTT update
  [WARMUP] Initialized 3 tiles for LRTT update
  [WARMUP] Initialized 3 tiles for LRTT update
  [WARMUP] Initialized 3 tiles for LRTT update
  [WARMUP] Initialized 3 tiles for LRTT update
  [WARMUP] Initialized 3 tiles for LRTT update
  [WARMUP] Initialized 3 tiles for LRTT update
  [WARMUP] Initialized 3 tiles for LRTT update
  [WARMUP] Initialized 3 tiles for LRTT update
  [WARMUP] Initialized 3 tiles for LRTT update
  [WARMUP] Initialized 3 tiles for LRTT update
  [WARMUP] Initialized 3 tiles for LRTT update
  [WARMUP] Initialized 3 tiles for LRTT update
  [WARMUP] Initialized 3 tiles for LRTT update
  [WARMUP] Initialized 3 tiles for LRTT update
  [WARMUP] Initialized 3 tiles for LRTT update
  [WARMUP] Initialized 3 tiles for LRTT update
  [WARMUP] Initialized 3 tiles for LRTT update
  [WARMUP] Initialized 3 tiles for LRTT update
  [WARMUP] Initialized 3 tiles for LRTT update
  [WARMUP] Initialized 3 tiles for LRTT update
  [WARMUP] Initialized 3 tiles for LRTT update
  [WARMUP] Initialized 3 tiles for LRTT update
  [WARMUP] Initialized 3 tiles for LRTT update
  [WARMUP] Initialized 3 tiles for LRTT update
  [WARMUP] Initialized 3 tiles for LRTT update
  [WARMUP] Initialized 3 tiles for LRTT update
  [WARMUP] Initialized 3 tiles for LRTT update
  [WARMUP] Initialized 3 tiles for LRTT update
  [WARMUP] Initialized 3 tiles for LRTT update
  [WARMUP] Initialized 3 tiles for LRTT update
  [WARMUP] Initialized 3 tiles for LRTT update
  [WARMUP] Initialized 3 tiles for LRTT update
  [WARMUP] Initialized 3 tiles for LRTT update
  [WARMUP] Initialized 3 tiles for LRTT update
  [WARMUP] Initialized 3 tiles for LRTT update
  [WARMUP] Initialized 3 tiles for LRTT update
  [WARMUP] Initialized 3 tiles for LRTT update
  [WARMUP] Initialized 3 tiles for LRTT update
  [WARMUP] Initialized 3 tiles for LRTT update
  [WARMUP] Initialized 3 tiles for LRTT update
  [WARMUP] Initialized 3 tiles for LRTT update
  [WARMUP] Initialized 3 tiles for LRTT update
  [WARMUP] Initialized 3 tiles for LRTT update
  [WARMUP] Initialized 3 tiles for LRTT update
  [WARMUP] Initialized 3 tiles for LRTT update
  [WARMUP] Initialized 3 tiles for LRTT update
  [WARMUP] Initialized 3 tiles for LRTT update
  [WARMUP] Initialized 3 tiles for LRTT update
  [WARMUP] Initialized 3 tiles for LRTT update
  [WARMUP] Initialized 3 tiles for LRTT update
  [WARMUP] Initialized 3 tiles for LRTT update
  [WARMUP] Initialized 3 tiles for LRTT update
  [WARMUP] Initialized 3 tiles for LRTT update
  [WARMUP] Initialized 3 tiles for LRTT update
  [WARMUP] Initialized 