Trial 5 Ep1:   0%|                                                                                            | 0/535 [00:00<?, ?it/s]Trial 5 Ep1:   0%|                                                                         | 0/535 [00:01<?, ?it/s, loss=3382995.7500]Trial 5 Ep1:   0%|                                                                 | 1/535 [00:01<10:25,  1.17s/it, loss=3382995.7500]Trial 5 Ep1:   0%|                                                                 | 1/535 [00:01<10:25,  1.17s/it, loss=3545889.0000]Trial 5 Ep1:   0%|▏                                                                | 2/535 [00:01<08:10,  1.09it/s, loss=3545889.0000]Trial 5 Ep1:   0%|▎                                                                   | 2/535 [00:02<08:10,  1.09it/s, loss=5067.6987]Trial 5 Ep1:   1%|▍                                                                   | 3/535 [00:02<06:21,  1.39it/s, loss=5067.6987]Trial 5 Ep1:   1%|▍                                                                   | 3/535 [00:02<06:21,  1.39it/s, loss=3365.8735]Trial 5 Ep1:   1%|▌                                                                   | 4/535 [00:02<04:23,  2.02it/s, loss=3365.8735]Trial 5 Ep1:   1%|▌                                                                  | 4/535 [00:03<04:23,  2.02it/s, loss=59531.1289]Trial 5 Ep1:   1%|▋                                                                  | 5/535 [00:03<04:32,  1.95it/s, loss=59531.1289]Trial 5 Ep1:   1%|▋                                                                    | 5/535 [00:03<04:32,  1.95it/s, loss=814.6415]Trial 5 Ep1:   1%|▊                                                                    | 6/535 [00:03<03:27,  2.54it/s, loss=814.6415]Trial 5 Ep1:   1%|▊                                                                     | 6/535 [00:03<03:27,  2.54it/s, loss=62.7907]Trial 5 Ep1:   1%|▉                                                                     | 7/535 [00:03<02:49,  3.12it/s, loss=62.7907]Trial 5 Ep1:   1%|▉                                                                     | 7/535 [00:03<02:49,  3.12it/s, loss=84.6890]Trial 5 Ep1:   1%|█                                                                     | 8/535 [00:03<02:45,  3.19it/s, loss=84.6890]Trial 5 Ep1:   1%|█                                                                     | 8/535 [00:03<02:45,  3.19it/s, loss=34.2653]Trial 5 Ep1:   2%|█▏                                                                    | 9/535 [00:03<02:22,  3.68it/s, loss=34.2653]Trial 5 Ep1:   2%|█▏                                                                     | 9/535 [00:04<02:22,  3.68it/s, loss=1.9231]Trial 5 Ep1:   2%|█▎                                                                    | 10/535 [00:04<02:06,  4.16it/s, loss=1.9231]Trial 5 Ep1:   2%|█▎                                                                    | 10/535 [00:04<02:06,  4.16it/s, loss=1.5102]Trial 5 Ep1:   2%|█▍                                                                    | 11/535 [00:04<01:51,  4.69it/s, loss=1.5102]Trial 5 Ep1:   2%|█▍                                                                    | 11/535 [00:04<01:51,  4.69it/s, loss=1.1934]Trial 5 Ep1:   2%|█▌                                                                    | 12/535 [00:04<01:42,  5.11it/s, loss=1.1934]Trial 5 Ep1:   2%|█▌                                                                    | 12/535 [00:04<01:42,  5.11it/s, loss=0.9852]Trial 5 Ep1:   2%|█▋                                                                    | 13/535 [00:04<01:38,  5.30it/s, loss=0.9852]Trial 5 Ep1:   2%|█▋                                                                    | 13/535 [00:05<01:38,  5.30it/s, loss=1.5812]Trial 5 Ep1:   3%|█▊                                                                    | 14/535 [00:05<02:27,  3.54it/s, loss=1.5812]Trial 5 Ep1:   3%|█▊                                                                    | 14/535 [00:05<02:27,  3.54it/s, loss=0.9619]Trial 5 Ep1:   3%|█▉                                                                    | 15/535 [00:05<02:06,  4.13it/s, loss=0.9619]Trial 5 Ep1:   3%|█▉                                                                  | 15/535 [00:05<02:06,  4.13it/s, loss=130.1480]Trial 5 Ep1:   3%|██                                                                  | 16/535 [00:05<01:53,  4.57it/s, loss=130.1480]Trial 5 Ep1:   3%|██                                                                    | 16/535 [00:05<01:53,  4.57it/s, loss=1.8493]Trial 5 Ep1:   3%|██▏                                                                   | 17/535 [00:05<02:06,  4.10it/s, loss=1.8493]Trial 5 Ep1:   3%|██▏                                                                   | 17/535 [00:05<02:06,  4.10it/s, loss=1.4108]Trial 5 Ep1:   3%|██▎                                                                   | 18/535 [00:05<02:02,  4.23it/s, loss=1.4108]Trial 5 Ep1:   3%|██▎                                                                   | 18/535 [00:06<02:02,  4.23it/s, loss=0.7995]Trial 5 Ep1:   4%|██▍                                                                   | 19/535 [00:06<01:54,  4.50it/s, loss=0.7995]Trial 5 Ep1:   4%|██▍                                                                   | 19/535 [00:06<01:54,  4.50it/s, loss=1.0861]Trial 5 Ep1:   4%|██▌                                                                   | 20/535 [00:06<01:43,  4.99it/s, loss=1.0861]Trial 5 Ep1:   4%|██▌                                                                   | 20/535 [00:06<01:43,  4.99it/s, loss=0.6948]Trial 5 Ep1:   4%|██▋                                                                   | 21/535 [00:06<01:35,  5.40it/s, loss=0.6948]Trial 5 Ep1:   4%|██▋                                                                   | 21/535 [00:06<01:35,  5.40it/s, loss=0.6860]Trial 5 Ep1:   4%|██▉                                                                   | 22/535 [00:06<01:30,  5.67it/s, loss=0.6860]Trial 5 Ep1:   4%|██▉                                                                   | 22/535 [00:06<01:30,  5.67it/s, loss=2.2365]Trial 5 Ep1:   4%|███                                                                   | 23/535 [00:06<01:28,  5.82it/s, loss=2.2365]Trial 5 Ep1:   4%|███                                                                   | 23/535 [00:06<01:28,  5.82it/s, loss=0.5264]Trial 5 Ep1:   4%|███▏                                                                  | 24/535 [00:06<01:25,  5.98it/s, loss=0.5264]Trial 5 Ep1:   4%|███▏                                                                  | 24/535 [00:07<01:25,  5.98it/s, loss=0.6136]Trial 5 Ep1:   5%|███▎                                                                  | 25/535 [00:07<01:24,  6.03it/s, loss=0.6136]Trial 5 Ep1:   5%|███▎                                                                  | 25/535 [00:07<01:24,  6.03it/s, loss=1.1846]Trial 5 Ep1:   5%|███▍                                                                  | 26/535 [00:07<02:33,  3.31it/s, loss=1.1846]Trial 5 Ep1:   5%|███▍                                                                  | 26/535 [00:07<02:33,  3.31it/s, loss=0.6144]Trial 5 Ep1:   5%|███▌                                                                  | 27/535 [00:07<02:21,  3.58it/s, loss=0.6144]Trial 5 Ep1:   5%|███▌                                                                  | 27/535 [00:08<02:21,  3.58it/s, loss=0.8270]Trial 5 Ep1:   5%|███▋                                                                  | 28/535 [00:08<02:02,  4.12it/s, loss=0.8270]Trial 5 Ep1:   5%|███▋                                                                  | 28/535 [00:08<02:02,  4.12it/s, loss=0.4631]Trial 5 Ep1:   5%|███▊                                                                  | 29/535 [00:08<01:49,  4.64it/s, loss=0.4631]Trial 5 Ep1:   5%|███▊                                                                  | 29/535 [00:08<01:49,  4.64it/s, loss=0.7835]Trial 5 Ep1:   6%|███▉                                                                  | 30/535 [00:08<01:39,  5.07it/s, loss=0.7835]Trial 5 Ep1:   6%|███▉                                                                  | 30/535 [00:08<01:39,  5.07it/s, loss=1.1856]Trial 5 Ep1:   6%|████                                                                  | 31/535 [00:08<01:35,  5.30it/s, loss=1.1856]Trial 5 Ep1:   6%|████                                                                  | 31/535 [00:08<01:35,  5.30it/s, loss=0.8282]Trial 5 Ep1:   6%|████▏                                                                 | 32/535 [00:08<01:30,  5.57it/s, loss=0.8282]Trial 5 Ep1:   6%|████▏                                                                 | 32/535 [00:08<01:30,  5.57it/s, loss=1.0159]Trial 5 Ep1:   6%|████▎                                                                 | 33/535 [00:08<01:26,  5.77it/s, loss=1.0159]Trial 5 Ep1:   6%|████▎                                                                 | 33/535 [00:08<01:26,  5.77it/s, loss=1.1868]Trial 5 Ep1:   6%|████▍                                                                 | 34/535 [00:08<01:25,  5.86it/s, loss=1.1868]Trial 5 Ep1:   6%|████▍                                                                 | 34/535 [00:09<01:25,  5.86it/s, loss=0.7957]Trial 5 Ep1:   7%|████▌                                                                 | 35/535 [00:09<01:21,  6.15it/s, loss=0.7957]Trial 5 Ep1:   7%|████▌                                                                 | 35/535 [00:09<01:21,  6.15it/s, loss=2.7990]Trial 5 Ep1:   7%|████▋                                                                 | 36/535 [00:09<01:20,  6.22it/s, loss=2.7990]Trial 5 Ep1:   7%|████▋                                                                 | 36/535 [00:09<01:20,  6.22it/s, loss=0.5513]Trial 5 Ep1:   7%|████▊                                                                 | 37/535 [00:09<01:22,  6.06it/s, loss=0.5513]Trial 5 Ep1:   7%|████▊                                                                 | 37/535 [00:09<01:22,  6.06it/s, loss=0.5694]Trial 5 Ep1:   7%|████▉                                                                 | 38/535 [00:09<01:35,  5.20it/s, loss=0.5694]Trial 5 Ep1:   7%|████▉                                                                 | 38/535 [00:09<01:35,  5.20it/s, loss=0.4133]Trial 5 Ep1:   7%|█████                                                                 | 39/535 [00:09<01:35,  5.17it/s, loss=0.4133]Trial 5 Ep1:   7%|█████                                                                 | 39/535 [00:10<01:35,  5.17it/s, loss=0.5930]Trial 5 Ep1:   7%|█████▏                                                                | 40/535 [00:10<01:33,  5.31it/s, loss=0.5930]Trial 5 Ep1:   7%|█████▏                                                                | 40/535 [00:10<01:33,  5.31it/s, loss=0.3589]Trial 5 Ep1:   8%|█████▎                                                                | 41/535 [00:10<01:28,  5.58it/s, loss=0.3589]Trial 5 Ep1:   8%|█████▎                                                                | 41/535 [00:10<01:28,  5.58it/s, loss=0.5622]Trial 5 Ep1:   8%|█████▍                                                                | 42/535 [00:10<01:25,  5.74it/s, loss=0.5622]Trial 5 Ep1:   8%|█████▍                                                                | 42/535 [00:10<01:25,  5.74it/s, loss=0.7712]Trial 5 Ep1:   8%|█████▋                                                                | 43/535 [00:10<01:23,  5.88it/s, loss=0.7712]Trial 5 Ep1:   8%|█████▋                                                                | 43/535 [00:10<01:23,  5.88it/s, loss=0.6329]Trial 5 Ep1:   8%|█████▊                                                                | 44/535 [00:10<01:22,  5.97it/s, loss=0.6329]Trial 5 Ep1:   8%|█████▊                                                                | 44/535 [00:10<01:22,  5.97it/s, loss=0.5368]Trial 5 Ep1:   8%|█████▉                                                                | 45/535 [00:10<01:20,  6.11it/s, loss=0.5368]Trial 5 Ep1:   8%|█████▉                                                                | 45/535 [00:11<01:20,  6.11it/s, loss=0.6363]Trial 5 Ep1:   9%|██████                                                                | 46/535 [00:11<01:19,  6.15it/s, loss=0.6363]Trial 5 Ep1:   9%|██████                                                                | 46/535 [00:11<01:19,  6.15it/s, loss=0.4044]Trial 5 Ep1:   9%|██████▏                                                               | 47/535 [00:11<01:19,  6.15it/s, loss=0.4044]Trial 5 Ep1:   9%|██████▏                                                               | 47/535 [00:11<01:19,  6.15it/s, loss=0.5966]Trial 5 Ep1:   9%|██████▎                                                               | 48/535 [00:11<01:17,  6.26it/s, loss=0.5966]Trial 5 Ep1:   9%|██████▎                                                               | 48/535 [00:11<01:17,  6.26it/s, loss=0.7004]Trial 5 Ep1:   9%|██████▍                                                               | 49/535 [00:11<01:33,  5.17it/s, loss=0.7004]Trial 5 Ep1:   9%|██████▍                                                               | 49/535 [00:11<01:33,  5.17it/s, loss=1.0044]Trial 5 Ep1:   9%|██████▌                                                               | 50/535 [00:11<01:39,  4.86it/s, loss=1.0044]Trial 5 Ep1:   9%|██████▌                                                               | 50/535 [00:12<01:39,  4.86it/s, loss=1.0712]Trial 5 Ep1:  10%|██████▋                                                               | 51/535 [00:12<01:32,  5.21it/s, loss=1.0712]Trial 5 Ep1:  10%|██████▋                                                               | 51/535 [00:12<01:32,  5.21it/s, loss=0.7582]Trial 5 Ep1:  10%|██████▊                                                               | 52/535 [00:12<01:29,  5.37it/s, loss=0.7582]Trial 5 Ep1:  10%|██████▊                                                               | 52/535 [00:12<01:29,  5.37it/s, loss=0.9716]Trial 5 Ep1:  10%|██████▉                                                               | 53/535 [00:12<01:26,  5.54it/s, loss=0.9716]Trial 5 Ep1:  10%|██████▉                                                               | 53/535 [00:12<01:26,  5.54it/s, loss=0.7632]Trial 5 Ep1:  10%|███████                                                               | 54/535 [00:12<01:31,  5.28it/s, loss=0.7632]Trial 5 Ep1:  10%|███████                                                               | 54/535 [00:12<01:31,  5.28it/s, loss=0.6946]Trial 5 Ep1:  10%|███████▏                                                              | 55/535 [00:12<01:27,  5.46it/s, loss=0.6946]Trial 5 Ep1:  10%|███████▏                                                              | 55/535 [00:12<01:27,  5.46it/s, loss=0.6507]Trial 5 Ep1:  10%|███████▎                                                              | 56/535 [00:12<01:25,  5.58it/s, loss=0.6507]Trial 5 Ep1:  10%|███████▎                                                              | 56/535 [00:13<01:25,  5.58it/s, loss=0.7237]Trial 5 Ep1:  11%|███████▍                                                              | 57/535 [00:13<01:22,  5.81it/s, loss=0.7237]Trial 5 Ep1:  11%|███████▍                                                              | 57/535 [00:13<01:22,  5.81it/s, loss=0.7777]Trial 5 Ep1:  11%|███████▌                                                              | 58/535 [00:13<01:18,  6.07it/s, loss=0.7777]Trial 5 Ep1:  11%|███████▌                                                              | 58/535 [00:13<01:18,  6.07it/s, loss=0.9280]Trial 5 Ep1:  11%|███████▋                                                              | 59/535 [00:13<01:18,  6.03it/s, loss=0.9280]Trial 5 Ep1:  11%|███████▋                                                              | 59/535 [00:13<01:18,  6.03it/s, loss=0.5827]Trial 5 Ep1:  11%|███████▊                                                              | 60/535 [00:13<01:34,  5.02it/s, loss=0.5827]Trial 5 Ep1:  11%|███████▊                                                              | 60/535 [00:13<01:34,  5.02it/s, loss=0.6960]Trial 5 Ep1:  11%|███████▉                                                              | 61/535 [00:13<01:35,  4.94it/s, loss=0.6960]Trial 5 Ep1:  11%|███████▉                                                              | 61/535 [00:14<01:35,  4.94it/s, loss=0.7177]Trial 5 Ep1:  12%|████████                                                              | 62/535 [00:14<01:28,  5.35it/s, loss=0.7177]Trial 5 Ep1:  12%|████████                                                              | 62/535 [00:14<01:28,  5.35it/s, loss=0.6026]Trial 5 Ep1:  12%|████████▏                                                             | 63/535 [00:14<01:27,  5.38it/s, loss=0.6026]Trial 5 Ep1:  12%|████████▏                                                             | 63/535 [00:14<01:27,  5.38it/s, loss=0.5870]Trial 5 Ep1:  12%|████████▎                                                             | 64/535 [00:14<01:24,  5.55it/s, loss=0.5870]Trial 5 Ep1:  12%|████████▎                                                             | 64/535 [00:14<01:24,  5.55it/s, loss=0.5497]Trial 5 Ep1:  12%|████████▌                                                             | 65/535 [00:14<01:22,  5.72it/s, loss=0.5497]Trial 5 Ep1:  12%|████████▌                                                             | 65/535 [00:14<01:22,  5.72it/s, loss=0.6514]Trial 5 Ep1:  12%|████████▋                                                             | 66/535 [00:14<01:20,  5.80it/s, loss=0.6514]Trial 5 Ep1:  12%|████████▋                                                             | 66/535 [00:14<01:20,  5.80it/s, loss=0.7319]Trial 5 Ep1:  13%|████████▊                                                             | 67/535 [00:14<01:18,  5.93it/s, loss=0.7319]Trial 5 Ep1:  13%|████████▊                                                             | 67/535 [00:15<01:18,  5.93it/s, loss=0.5796]Trial 5 Ep1:  13%|████████▉                                                             | 68/535 [00:15<01:24,  5.53it/s, loss=0.5796]Trial 5 Ep1:  13%|████████▉                                                             | 68/535 [00:15<01:24,  5.53it/s, loss=0.6507]Trial 5 Ep1:  13%|█████████                                                             | 69/535 [00:15<01:20,  5.77it/s, loss=0.6507]Trial 5 Ep1:  13%|█████████                                                             | 69/535 [00:15<01:20,  5.77it/s, loss=0.7976]Trial 5 Ep1:  13%|█████████▏                                                            | 70/535 [00:15<01:17,  5.98it/s, loss=0.7976]Trial 5 Ep1:  13%|█████████▏                                                            | 70/535 [00:15<01:17,  5.98it/s, loss=0.6259]Trial 5 Ep1:  13%|█████████▎                                                            | 71/535 [00:15<01:37,  4.75it/s, loss=0.6259]Trial 5 Ep1:  13%|█████████▎                                                            | 71/535 [00:15<01:37,  4.75it/s, loss=0.9902]Trial 5 Ep1:  13%|█████████▍                                                            | 72/535 [00:15<01:33,  4.94it/s, loss=0.9902]Trial 5 Ep1:  13%|█████████▍                                                            | 72/535 [00:16<01:33,  4.94it/s, loss=0.7462]Trial 5 Ep1:  14%|█████████▌                                                            | 73/535 [00:16<01:28,  5.21it/s, loss=0.7462]Trial 5 Ep1:  14%|█████████▌                                                            | 73/535 [00:16<01:28,  5.21it/s, loss=0.7104]Trial 5 Ep1:  14%|█████████▋                                                            | 74/535 [00:16<01:26,  5.35it/s, loss=0.7104]Trial 5 Ep1:  14%|█████████▋                                                            | 74/535 [00:16<01:26,  5.35it/s, loss=0.6051]Trial 5 Ep1:  14%|█████████▊                                                            | 75/535 [00:16<01:23,  5.50it/s, loss=0.6051]Trial 5 Ep1:  14%|█████████▊                                                            | 75/535 [00:16<01:23,  5.50it/s, loss=0.4383]Trial 5 Ep1:  14%|█████████▉                                                            | 76/535 [00:16<01:20,  5.69it/s, loss=0.4383]Trial 5 Ep1:  14%|█████████▉                                                            | 76/535 [00:16<01:20,  5.69it/s, loss=0.5166]Trial 5 Ep1:  14%|██████████                                                            | 77/535 [00:16<01:18,  5.83it/s, loss=0.5166]Trial 5 Ep1:  14%|██████████                                                            | 77/535 [00:16<01:18,  5.83it/s, loss=0.3868]Trial 5 Ep1:  15%|██████████▏                                                           | 78/535 [00:16<01:15,  6.03it/s, loss=0.3868]Trial 5 Ep1:  15%|██████████▏                                                           | 78/535 [00:17<01:15,  6.03it/s, loss=0.7763]Trial 5 Ep1:  15%|██████████▎                                                           | 79/535 [00:17<01:15,  6.05it/s, loss=0.7763]Trial 5 Ep1:  15%|██████████▎                                                           | 79/535 [00:17<01:15,  6.05it/s, loss=0.5026]Trial 5 Ep1:  15%|██████████▍                                                           | 80/535 [00:17<01:14,  6.08it/s, loss=0.5026]Trial 5 Ep1:  15%|██████████▍                                                           | 80/535 [00:17<01:14,  6.08it/s, loss=0.7238]Trial 5 Ep1:  15%|██████████▌                                                           | 81/535 [00:17<01:12,  6.30it/s, loss=0.