Trial 3 Ep1:   0%|                                                                                            | 0/535 [00:00<?, ?it/s]Trial 3 Ep1:   0%|                                                                         | 0/535 [00:01<?, ?it/s, loss=3382995.7500]Trial 3 Ep1:   0%|                                                                 | 1/535 [00:01<10:10,  1.14s/it, loss=3382995.7500]Trial 3 Ep1:   0%|                                                                 | 1/535 [00:01<10:10,  1.14s/it, loss=3526545.2500]Trial 3 Ep1:   0%|▏                                                                | 2/535 [00:01<08:01,  1.11it/s, loss=3526545.2500]Trial 3 Ep1:   0%|▎                                                                   | 2/535 [00:02<08:01,  1.11it/s, loss=4694.6064]Trial 3 Ep1:   1%|▍                                                                   | 3/535 [00:02<06:24,  1.38it/s, loss=4694.6064]Trial 3 Ep1:   1%|▍                                                                   | 3/535 [00:02<06:24,  1.38it/s, loss=3513.4724]Trial 3 Ep1:   1%|▌                                                                   | 4/535 [00:02<04:25,  2.00it/s, loss=3513.4724]Trial 3 Ep1:   1%|▌                                                                   | 4/535 [00:03<04:25,  2.00it/s, loss=1382.6969]Trial 3 Ep1:   1%|▋                                                                   | 5/535 [00:03<04:22,  2.02it/s, loss=1382.6969]Trial 3 Ep1:   1%|▋                                                                    | 5/535 [00:03<04:22,  2.02it/s, loss=418.5099]Trial 3 Ep1:   1%|▊                                                                    | 6/535 [00:03<03:22,  2.62it/s, loss=418.5099]Trial 3 Ep1:   1%|▊                                                                    | 6/535 [00:03<03:22,  2.62it/s, loss=172.0180]Trial 3 Ep1:   1%|▉                                                                    | 7/535 [00:03<02:47,  3.15it/s, loss=172.0180]Trial 3 Ep1:   1%|▉                                                                   | 7/535 [00:03<02:47,  3.15it/s, loss=3696.4229]Trial 3 Ep1:   1%|█                                                                   | 8/535 [00:03<02:34,  3.42it/s, loss=3696.4229]Trial 3 Ep1:   1%|█                                                                      | 8/535 [00:03<02:34,  3.42it/s, loss=3.8404]Trial 3 Ep1:   2%|█▏                                                                     | 9/535 [00:03<02:25,  3.63it/s, loss=3.8404]Trial 3 Ep1:   2%|█▏                                                                     | 9/535 [00:04<02:25,  3.63it/s, loss=2.3511]Trial 3 Ep1:   2%|█▎                                                                    | 10/535 [00:04<02:09,  4.05it/s, loss=2.3511]Trial 3 Ep1:   2%|█▎                                                                    | 10/535 [00:04<02:09,  4.05it/s, loss=1.4584]Trial 3 Ep1:   2%|█▍                                                                    | 11/535 [00:04<01:54,  4.59it/s, loss=1.4584]Trial 3 Ep1:   2%|█▍                                                                    | 11/535 [00:04<01:54,  4.59it/s, loss=0.9276]Trial 3 Ep1:   2%|█▌                                                                    | 12/535 [00:04<01:44,  5.03it/s, loss=0.9276]Trial 3 Ep1:   2%|█▌                                                                    | 12/535 [00:04<01:44,  5.03it/s, loss=1.0219]Trial 3 Ep1:   2%|█▋                                                                    | 13/535 [00:04<01:39,  5.22it/s, loss=1.0219]Trial 3 Ep1:   2%|█▋                                                                    | 13/535 [00:05<01:39,  5.22it/s, loss=1.6615]Trial 3 Ep1:   3%|█▊                                                                    | 14/535 [00:05<02:31,  3.44it/s, loss=1.6615]Trial 3 Ep1:   3%|█▊                                                                    | 14/535 [00:05<02:31,  3.44it/s, loss=0.5026]Trial 3 Ep1:   3%|█▉                                                                    | 15/535 [00:05<02:08,  4.03it/s, loss=0.5026]Trial 3 Ep1:   3%|█▉                                                                   | 15/535 [00:05<02:08,  4.03it/s, loss=20.9244]Trial 3 Ep1:   3%|██                                                                   | 16/535 [00:05<01:56,  4.45it/s, loss=20.9244]Trial 3 Ep1:   3%|██                                                                    | 16/535 [00:05<01:56,  4.45it/s, loss=0.9467]Trial 3 Ep1:   3%|██▏                                                                   | 17/535 [00:05<02:00,  4.30it/s, loss=0.9467]Trial 3 Ep1:   3%|██▏                                                                   | 17/535 [00:05<02:00,  4.30it/s, loss=1.5372]Trial 3 Ep1:   3%|██▎                                                                   | 18/535 [00:05<02:06,  4.08it/s, loss=1.5372]Trial 3 Ep1:   3%|██▎                                                                   | 18/535 [00:06<02:06,  4.08it/s, loss=1.3218]Trial 3 Ep1:   4%|██▍                                                                   | 19/535 [00:06<01:58,  4.35it/s, loss=1.3218]Trial 3 Ep1:   4%|██▍                                                                   | 19/535 [00:06<01:58,  4.35it/s, loss=1.0646]Trial 3 Ep1:   4%|██▌                                                                   | 20/535 [00:06<01:46,  4.83it/s, loss=1.0646]Trial 3 Ep1:   4%|██▌                                                                   | 20/535 [00:06<01:46,  4.83it/s, loss=0.4887]Trial 3 Ep1:   4%|██▋                                                                   | 21/535 [00:06<01:38,  5.24it/s, loss=0.4887]Trial 3 Ep1:   4%|██▋                                                                   | 21/535 [00:06<01:38,  5.24it/s, loss=0.7760]Trial 3 Ep1:   4%|██▉                                                                   | 22/535 [00:06<01:34,  5.43it/s, loss=0.7760]Trial 3 Ep1:   4%|██▉                                                                   | 22/535 [00:07<01:34,  5.43it/s, loss=1.3148]Trial 3 Ep1:   4%|███                                                                   | 23/535 [00:07<02:32,  3.37it/s, loss=1.3148]Trial 3 Ep1:   4%|███                                                                   | 23/535 [00:07<02:32,  3.37it/s, loss=0.7211]Trial 3 Ep1:   4%|███▏                                                                  | 24/535 [00:07<02:11,  3.89it/s, loss=0.7211]Trial 3 Ep1:   4%|███▏                                                                  | 24/535 [00:07<02:11,  3.89it/s, loss=0.6880]Trial 3 Ep1:   5%|███▎                                                                  | 25/535 [00:07<02:07,  3.99it/s, loss=0.6880]Trial 3 Ep1:   5%|███▎                                                                  | 25/535 [00:07<02:07,  3.99it/s, loss=0.4848]Trial 3 Ep1:   5%|███▍                                                                  | 26/535 [00:07<02:07,  3.98it/s, loss=0.4848]Trial 3 Ep1:   5%|███▍                                                                  | 26/535 [00:07<02:07,  3.98it/s, loss=0.5495]Trial 3 Ep1:   5%|███▌                                                                  | 27/535 [00:07<01:56,  4.38it/s, loss=0.5495]Trial 3 Ep1:   5%|███▌                                                                  | 27/535 [00:08<01:56,  4.38it/s, loss=0.7625]Trial 3 Ep1:   5%|███▋                                                                  | 28/535 [00:08<01:46,  4.77it/s, loss=0.7625]Trial 3 Ep1:   5%|███▋                                                                  | 28/535 [00:08<01:46,  4.77it/s, loss=0.5522]Trial 3 Ep1:   5%|███▊                                                                  | 29/535 [00:08<01:38,  5.14it/s, loss=0.5522]Trial 3 Ep1:   5%|███▊                                                                  | 29/535 [00:08<01:38,  5.14it/s, loss=0.6577]Trial 3 Ep1:   6%|███▉                                                                  | 30/535 [00:08<01:33,  5.40it/s, loss=0.6577]Trial 3 Ep1:   6%|███▉                                                                  | 30/535 [00:08<01:33,  5.40it/s, loss=1.0808]Trial 3 Ep1:   6%|████                                                                  | 31/535 [00:08<01:31,  5.48it/s, loss=1.0808]Trial 3 Ep1:   6%|████                                                                  | 31/535 [00:08<01:31,  5.48it/s, loss=0.5930]Trial 3 Ep1:   6%|████▏                                                                 | 32/535 [00:08<01:28,  5.68it/s, loss=0.5930]Trial 3 Ep1:   6%|████▏                                                                 | 32/535 [00:08<01:28,  5.68it/s, loss=0.8184]Trial 3 Ep1:   6%|████▎                                                                 | 33/535 [00:08<01:25,  5.85it/s, loss=0.8184]Trial 3 Ep1:   6%|████▎                                                                 | 33/535 [00:09<01:25,  5.85it/s, loss=1.2949]Trial 3 Ep1:   6%|████▍                                                                 | 34/535 [00:09<01:27,  5.74it/s, loss=1.2949]Trial 3 Ep1:   6%|████▍                                                                 | 34/535 [00:09<01:27,  5.74it/s, loss=1.1471]Trial 3 Ep1:   7%|████▌                                                                 | 35/535 [00:09<01:27,  5.72it/s, loss=1.1471]Trial 3 Ep1:   7%|████▌                                                                 | 35/535 [00:09<01:27,  5.72it/s, loss=0.7289]Trial 3 Ep1:   7%|████▋                                                                 | 36/535 [00:09<01:34,  5.29it/s, loss=0.7289]Trial 3 Ep1:   7%|████▋                                                                 | 36/535 [00:09<01:34,  5.29it/s, loss=0.5847]Trial 3 Ep1:   7%|████▊                                                                 | 37/535 [00:09<01:38,  5.04it/s, loss=0.5847]Trial 3 Ep1:   7%|████▊                                                                 | 37/535 [00:09<01:38,  5.04it/s, loss=0.6868]Trial 3 Ep1:   7%|████▉                                                                 | 38/535 [00:09<01:37,  5.10it/s, loss=0.6868]Trial 3 Ep1:   7%|████▉                                                                 | 38/535 [00:10<01:37,  5.10it/s, loss=0.4419]Trial 3 Ep1:   7%|█████                                                                 | 39/535 [00:10<01:34,  5.27it/s, loss=0.4419]Trial 3 Ep1:   7%|█████                                                                 | 39/535 [00:10<01:34,  5.27it/s, loss=0.5901]Trial 3 Ep1:   7%|█████▏                                                                | 40/535 [00:10<01:29,  5.51it/s, loss=0.5901]Trial 3 Ep1:   7%|█████▏                                                                | 40/535 [00:10<01:29,  5.51it/s, loss=0.3897]Trial 3 Ep1:   8%|█████▎                                                                | 41/535 [00:10<01:26,  5.71it/s, loss=0.3897]Trial 3 Ep1:   8%|█████▎                                                                | 41/535 [00:10<01:26,  5.71it/s, loss=0.5908]Trial 3 Ep1:   8%|█████▍                                                                | 42/535 [00:10<01:24,  5.82it/s, loss=0.5908]Trial 3 Ep1:   8%|█████▍                                                                | 42/535 [00:10<01:24,  5.82it/s, loss=0.6938]Trial 3 Ep1:   8%|█████▋                                                                | 43/535 [00:10<01:24,  5.85it/s, loss=0.6938]Trial 3 Ep1:   8%|█████▋                                                                | 43/535 [00:10<01:24,  5.85it/s, loss=0.6493]Trial 3 Ep1:   8%|█████▊                                                                | 44/535 [00:10<01:23,  5.91it/s, loss=0.6493]Trial 3 Ep1:   8%|█████▊                                                                | 44/535 [00:11<01:23,  5.91it/s, loss=0.5332]Trial 3 Ep1:   8%|█████▉                                                                | 45/535 [00:11<01:21,  6.03it/s, loss=0.5332]Trial 3 Ep1:   8%|█████▉                                                                | 45/535 [00:11<01:21,  6.03it/s, loss=0.5597]Trial 3 Ep1:   9%|██████                                                                | 46/535 [00:11<01:20,  6.09it/s, loss=0.5597]Trial 3 Ep1:   9%|██████                                                                | 46/535 [00:11<01:20,  6.09it/s, loss=0.3675]Trial 3 Ep1:   9%|██████▏                                                               | 47/535 [00:11<01:23,  5.83it/s, loss=0.3675]Trial 3 Ep1:   9%|██████▏                                                               | 47/535 [00:11<01:23,  5.83it/s, loss=1.0305]Trial 3 Ep1:   9%|██████▎                                                               | 48/535 [00:11<01:32,  5.27it/s, loss=1.0305]Trial 3 Ep1:   9%|██████▎                                                               | 48/535 [00:11<01:32,  5.27it/s, loss=0.6536]Trial 3 Ep1:   9%|██████▍                                                               | 49/535 [00:11<01:37,  5.01it/s, loss=0.6536]Trial 3 Ep1:   9%|██████▍                                                               | 49/535 [00:12<01:37,  5.01it/s, loss=1.0131]Trial 3 Ep1:   9%|██████▌                                                               | 50/535 [00:12<01:31,  5.28it/s, loss=1.0131]Trial 3 Ep1:   9%|██████▌                                                               | 50/535 [00:12<01:31,  5.28it/s, loss=0.9043]Trial 3 Ep1:  10%|██████▋                                                               | 51/535 [00:12<01:29,  5.42it/s, loss=0.9043]Trial 3 Ep1:  10%|██████▋                                                               | 51/535 [00:12<01:29,  5.42it/s, loss=0.8744]Trial 3 Ep1:  10%|██████▊                                                               | 52/535 [00:12<01:28,  5.47it/s, loss=0.8744]Trial 3 Ep1:  10%|██████▊                                                               | 52/535 [00:12<01:28,  5.47it/s, loss=0.5551]Trial 3 Ep1:  10%|██████▉                                                               | 53/535 [00:12<01:25,  5.65it/s, loss=0.5551]Trial 3 Ep1:  10%|██████▉                                                               | 53/535 [00:12<01:25,  5.65it/s, loss=0.4035]Trial 3 Ep1:  10%|███████                                                               | 54/535 [00:12<01:22,  5.82it/s, loss=0.4035]Trial 3 Ep1:  10%|███████                                                               | 54/535 [00:12<01:22,  5.82it/s, loss=0.8299]Trial 3 Ep1:  10%|███████▏                                                              | 55/535 [00:12<01:21,  5.86it/s, loss=0.8299]Trial 3 Ep1:  10%|███████▏                                                              | 55/535 [00:13<01:21,  5.86it/s, loss=2.7296]Trial 3 Ep1:  10%|███████▎                                                              | 56/535 [00:13<01:20,  5.96it/s, loss=2.7296]Trial 3 Ep1:  10%|███████▎                                                              | 56/535 [00:13<01:20,  5.96it/s, loss=1.8885]Trial 3 Ep1:  11%|███████▍                                                              | 57/535 [00:13<01:19,  6.04it/s, loss=1.8885]Trial 3 Ep1:  11%|███████▍                                                              | 57/535 [00:13<01:19,  6.04it/s, loss=1.6336]Trial 3 Ep1:  11%|███████▌                                                              | 58/535 [00:13<01:17,  6.12it/s, loss=1.6336]Trial 3 Ep1:  11%|███████▌                                                              | 58/535 [00:13<01:17,  6.12it/s, loss=1.6812]Trial 3 Ep1:  11%|███████▋                                                              | 59/535 [00:13<01:31,  5.19it/s, loss=1.6812]Trial 3 Ep1:  11%|███████▋                                                              | 59/535 [00:13<01:31,  5.19it/s, loss=0.5528]Trial 3 Ep1:  11%|███████▊                                                              | 60/535 [00:13<01:38,  4.81it/s, loss=0.5528]Trial 3 Ep1:  11%|███████▊                                                              | 60/535 [00:14<01:38,  4.81it/s, loss=0.9428]Trial 3 Ep1:  11%|███████▉                                                              | 61/535 [00:14<01:32,  5.14it/s, loss=0.9428]Trial 3 Ep1:  11%|███████▉                                                              | 61/535 [00:14<01:32,  5.14it/s, loss=0.6664]Trial 3 Ep1:  12%|████████                                                              | 62/535 [00:14<01:29,  5.31it/s, loss=0.6664]Trial 3 Ep1:  12%|████████                                                              | 62/535 [00:14<01:29,  5.31it/s, loss=0.8056]Trial 3 Ep1:  12%|████████▏                                                             | 63/535 [00:14<01:25,  5.55it/s, loss=0.8056]Trial 3 Ep1:  12%|████████▏                                                             | 63/535 [00:14<01:25,  5.55it/s, loss=0.6581]Trial 3 Ep1:  12%|████████▎                                                             | 64/535 [00:14<01:20,  5.82it/s, loss=0.6581]Trial 3 Ep1:  12%|████████▎                                                             | 64/535 [00:14<01:20,  5.82it/s, loss=0.4911]Trial 3 Ep1:  12%|████████▌                                                             | 65/535 [00:14<01:19,  5.93it/s, loss=0.4911]Trial 3 Ep1:  12%|████████▌                                                             | 65/535 [00:14<01:19,  5.93it/s, loss=0.6310]Trial 3 Ep1:  12%|████████▋                                                             | 66/535 [00:14<01:19,  5.93it/s, loss=0.6310]Trial 3 Ep1:  12%|████████▋                                                             | 66/535 [00:15<01:19,  5.93it/s, loss=0.6848]Trial 3 Ep1:  13%|████████▊                                                             | 67/535 [00:15<01:17,  6.06it/s, loss=0.6848]Trial 3 Ep1:  13%|████████▊                                                             | 67/535 [00:15<01:17,  6.06it/s, loss=0.8403]Trial 3 Ep1:  13%|████████▉                                                             | 68/535 [00:15<01:15,  6.16it/s, loss=0.8403]Trial 3 Ep1:  13%|████████▉                                                             | 68/535 [00:15<01:15,  6.16it/s, loss=0.6659]Trial 3 Ep1:  13%|█████████                                                             | 69/535 [00:15<01:14,  6.22it/s, loss=0.6659]Trial 3 Ep1:  13%|█████████                                                             | 69/535 [00:15<01:14,  6.22it/s, loss=0.8427]Trial 3 Ep1:  13%|█████████▏                                                            | 70/535 [00:15<01:23,  5.55it/s, loss=0.8427]Trial 3 Ep1:  13%|█████████▏                                                            | 70/535 [00:15<01:23,  5.55it/s, loss=0.6916]Trial 3 Ep1:  13%|█████████▎                                                            | 71/535 [00:15<01:49,  4.25it/s, loss=0.6916]Trial 3 Ep1:  13%|█████████▎                                                            | 71/535 [00:16<01:49,  4.25it/s, loss=0.9319]Trial 3 Ep1:  13%|█████████▍                                                            | 72/535 [00:16<01:37,  4.76it/s, loss=0.9319]Trial 3 Ep1:  13%|█████████▍                                                            | 72/535 [00:16<01:37,  4.76it/s, loss=0.7557]Trial 3 Ep1:  14%|█████████▌                                                            | 73/535 [00:16<01:34,  4.89it/s, loss=0.7557]Trial 3 Ep1:  14%|█████████▌                                                            | 73/535 [00:16<01:34,  4.89it/s, loss=2.0416]Trial 3 Ep1:  14%|█████████▋                                                            | 74/535 [00:16<01:28,  5.23it/s, loss=2.0416]Trial 3 Ep1:  14%|█████████▋                                                            | 74/535 [00:16<01:28,  5.23it/s, loss=0.5423]Trial 3 Ep1:  14%|█████████▊                                                            | 75/535 [00:16<01:25,  5.38it/s, loss=0.5423]Trial 3 Ep1:  14%|█████████▊                                                            | 75/535 [00:16<01:25,  5.38it/s, loss=0.4535]Trial 3 Ep1:  14%|█████████▉                                                            | 76/535 [00:16<01:21,  5.63it/s, loss=0.4535]Trial 3 Ep1:  14%|█████████▉                                                            | 76/535 [00:16<01:21,  5.63it/s, loss=0.6019]Trial 3 Ep1:  14%|██████████                                                            | 77/535 [00:16<01:19,  5.77it/s, loss=0.6019]Trial 3 Ep1:  14%|██████████                                                            | 77/535 [00:17<01:19,  5.77it/s, loss=0.4536]Trial 3 Ep1:  15%|██████████▏                                                           | 78/535 [00:17<01:17,  5.92it/s, loss=0.4536]Trial 3 Ep1:  15%|██████████▏                                                           | 78/535 [00:17<01:17,  5.92it/s, loss=0.6435]Trial 3 Ep1:  15%|██████████▎                                                           | 79/535 [00:17<01:16,  5.99it/s, loss=0.6435]Trial 3 Ep1:  15%|██████████▎                                                           | 79/535 [00:17<01:16,  5.99it/s, loss=0.4974]Trial 3 Ep1:  15%|██████████▍                                                           | 80/535 [00:17<01:18,  5.77it/s, loss=0.4974]Trial 3 Ep1:  15%|██████████▍                                                           | 80/535 [00:17<01:18,  5.77it/s, loss=0.7779]Trial 3 Ep1:  15%|██████████▌                                                           | 81/535 [00:17<01:19,  5.70it/s, loss=0.