2026-02-24 14:53:03.983547: I tensorflow/core/util/port.cc:111] oneDNN custom operations are on. You may see slightly different numerical results due to floating-point round-off errors from different computation orders. To turn them off, set the environment variable `TF_ENABLE_ONEDNN_OPTS=0`.
2026-02-24 14:53:03.987185: I tensorflow/tsl/cuda/cudart_stub.cc:28] Could not find cuda drivers on your machine, GPU will not be used.
2026-02-24 14:53:04.030344: E tensorflow/compiler/xla/stream_executor/cuda/cuda_dnn.cc:9342] Unable to register cuDNN factory: Attempting to register factory for plugin cuDNN when one has already been registered
2026-02-24 14:53:04.030392: E tensorflow/compiler/xla/stream_executor/cuda/cuda_fft.cc:609] Unable to register cuFFT factory: Attempting to register factory for plugin cuFFT when one has already been registered
2026-02-24 14:53:04.030421: E tensorflow/compiler/xla/stream_executor/cuda/cuda_blas.cc:1518] Unable to register cuBLAS factory: Attempting to register factory for plugin cuBLAS when one has already been registered
2026-02-24 14:53:04.038534: I tensorflow/core/platform/cpu_feature_guard.cc:182] This TensorFlow binary is optimized to use available CPU instructions in performance-critical operations.
To enable the following instructions: AVX2 AVX512F AVX512_VNNI AVX512_BF16 AVX_VNNI AMX_TILE AMX_INT8 AMX_BF16 FMA, in other operations, rebuild TensorFlow with the appropriate compiler flags.
2026-02-24 14:53:04.861771: W tensorflow/compiler/tf2tensorrt/utils/py_utils.cc:38] TF-TRT Warning: Could not find TensorRT
  [Task Config] cola: batch_size=16, max_seq=128, epochs=10, lr=0.004
Map:   0%|                                                                                            | 0/8551 [00:00<?, ? examples/s]Map:  58%|█████████████████████████████████████████████▌                                | 5000/8551 [00:00<00:00, 16159.38 examples/s]Map: 100%|██████████████████████████████████████████████████████████████████████████████| 8551/8551 [00:00<00:00, 24609.67 examples/s]
Map:   0%|                                                                                            | 0/1043 [00:00<?, ? examples/s]Map: 100%|██████████████████████████████████████████████████████████████████████████████| 1043/1043 [00:00<00:00, 74601.96 examples/s]
Map:   0%|                                                                                            | 0/1063 [00:00<?, ? examples/s]Map: 100%|██████████████████████████████████████████████████████████████████████████████| 1063/1063 [00:00<00:00, 69787.99 examples/s]
[I 2026-02-24 14:53:10,744] A new study created in RDB with name: cola_alpha_sweep
  GLUE cola: Train=8551, Eval=1043
Train batches: 535, Eval batches: 17
  Early stop patience: 3, Pruner: Median, startup=5, warmup=3

Study: cola_alpha_sweep, Device: cuda, New trials: 30

======================================================================
Trial 0 Starting
======================================================================
  rank=8, transfer_every=10000000, transfer_lr=1.0000e-01
  lora_alpha=0.0100, lr=4.0000e-03, wd=0.00e+00
  target_ab_lr=0.0010, lr_multiplier=25.000000
  effective_ab_lr = lr*alpha*mult = 0.0010
  momentum=0.00, nesterov=False, reinit_mode=decay
  tau_sec=0.0, optimizer=AnalogAdam
======================================================================
huggingface/tokenizers: The current process just got forked, after parallelism has already been used. Disabling parallelism to avoid deadlocks...
To disable this warning, you can either:
	- Avoid using `tokenizers` before the fork if possible
	- Explicitly set the environment variable TOKENIZERS_PARALLELISM=(true | false)
Some weights of MobileBertForSequenceClassification were not initialized from the model checkpoint at google/mobilebert-uncased and are newly initialized: ['classifier.bias', 'classifier.weight']
You should probably TRAIN this model on a down-stream task to be able to use it for predictions and inference.
  [FIX] Reinitialized classifier with FIXED seed=42
  [WARMUP] Initialized 3 tiles for LRTT update
  [WARMUP] Initialized 3 tiles for LRTT update
  [WARMUP] Initialized 3 tiles for LRTT update
  [WARMUP] Initialized 3 tiles for LRTT update
  [WARMUP] Initialized 3 tiles for LRTT update
  [WARMUP] Initialized 3 tiles for LRTT update
  [WARMUP] Initialized 3 tiles for LRTT update
  [WARMUP] Initialized 3 tiles for LRTT update
  [WARMUP] Initialized 3 tiles for LRTT update
  [WARMUP] Initialized 3 tiles for LRTT update
  [WARMUP] Initialized 3 tiles for LRTT update
  [WARMUP] Initialized 3 tiles for LRTT update
  [WARMUP] Initialized 3 tiles for LRTT update
  [WARMUP] Initialized 3 tiles for LRTT update
  [WARMUP] Initialized 3 tiles for LRTT update
  [WARMUP] Initialized 3 tiles for LRTT update
  [WARMUP] Initialized 3 tiles for LRTT update
  [WARMUP] Initialized 3 tiles for LRTT update
  [WARMUP] Initialized 3 tiles for LRTT update
  [WARMUP] Initialized 3 tiles for LRTT update
  [WARMUP] Initialized 3 tiles for LRTT update
  [WARMUP] Initialized 3 tiles for LRTT update
  [WARMUP] Initialized 3 tiles for LRTT update
  [WARMUP] Initialized 3 tiles for LRTT update
  [WARMUP] Initialized 3 tiles for LRTT update
  [WARMUP] Initialized 3 tiles for LRTT update
  [WARMUP] Initialized 3 tiles for LRTT update
  [WARMUP] Initialized 3 tiles for LRTT update
  [WARMUP] Initialized 3 tiles for LRTT update
  [WARMUP] Initialized 3 tiles for LRTT update
  [WARMUP] Initialized 3 tiles for LRTT update
  [WARMUP] Initialized 3 tiles for LRTT update
  [WARMUP] Initialized 3 tiles for LRTT update
  [WARMUP] Initialized 3 tiles for LRTT update
  [WARMUP] Initialized 3 tiles for LRTT update
  [WARMUP] Initialized 3 tiles for LRTT update
  [WARMUP] Initialized 3 tiles for LRTT update
  [WARMUP] Initialized 3 tiles for LRTT update
  [WARMUP] Initialized 3 tiles for LRTT update
  [WARMUP] Initialized 3 tiles for LRTT update
  [WARMUP] Initialized 3 tiles for LRTT update
  [WARMUP] Initialized 3 tiles for LRTT update
  [WARMUP] Initialized 3 tiles for LRTT update
  [WARMUP] Initialized 3 tiles for LRTT update
  [WARMUP] Initialized 3 tiles for LRTT update
  [WARMUP] Initialized 3 tiles for LRTT update
  [WARMUP] Initialized 3 tiles for LRTT update
  [WARMUP] Initialized 3 tiles for LRTT update
  [WARMUP] Initialized 3 tiles for LRTT update
  [WARMUP] Initialized 3 tiles for LRTT update
  [WARMUP] Initialized 3 tiles for LRTT update
  [WARMUP] Initialized 3 tiles for LRTT update
  [WARMUP] Initialized 3 tiles for LRTT update
  [WARMUP] Initialized 3 tiles for LRTT update
  [WARMUP] Initialized 3 tiles for LRTT update
  [WARMUP] Initialized 3 tiles for LRTT update
  [WARMUP] Initialized 3 tiles for LRTT update
  [WARMUP] Initialized 3 tiles for LRTT update
  [WARMUP] Initialized 3 tiles for LRTT update
  [WARMUP] Initialized 3 tiles for LRTT update
  [WARMUP] Initialized 3 tiles for LRTT update
  [WARMUP] Initialized 3 tiles for LRTT update
  [WARMUP] Initialized 3 tiles for LRTT update
  [WARMUP] Initialized 3 tiles for LRTT update
  [WARMUP] Initialized 3 tiles for LRTT update
  [WARMUP] Initialized 3 tiles for LRTT update
  [WARMUP] Initialized 3 tiles for LRTT update
  [WARMUP] Initialized 3 tiles for LRTT update
  [WARMUP] Initialized 3 tiles for LRTT update
  [WARMUP] Initialized 3 tiles for LRTT update
  [WARMUP] Initialized 3 tiles for LRTT update
  [WARMUP] Initialized 3 tiles for LRTT update
  [WARMUP] Initialized 3 tiles for LRTT update
  [WARMUP] Initialized 3 tiles for LRTT update
  [WARMUP] Initialized 3 tiles for LRTT update
  [WARMUP] Initialized 3 tiles for LRTT update
  [WARMUP] Initialized 3 tiles for LRTT update
  [WARMUP] Initialized 3 tiles for LRTT update
  [WARMUP] Initialized 3 tiles for LRTT update
  [WARMUP] Initialized 3 tiles for LRTT update
  [WARMUP] Initialized 3 tiles for LRTT update
  [WARMUP] Initialized 3 tiles for LRTT update
  [WARMUP] Initialized 3 tiles for LRTT update
  [WARMUP] Initialized 3 tiles for LRTT update
  [WARMUP] Initialized 3 tiles for LRTT update
  [WARMUP] Initialized 3 tiles for LRTT update
  [WARMUP] Initialized 3 tiles for LRTT update
  [WARMUP] Initialized 3 tiles for LRTT update
  [WARMUP] Initialized 3 tiles for LRTT update
  [WARMUP] Initialized 3 tiles for LRTT update
  [WARMUP] Initialized 3 tiles for LRTT update
  [WARMUP] Initialized 3 tiles for LRTT update
  [WARMUP] Initialized 3 tiles for LRTT update
  [WARMUP] Initialized 3 tiles for LRTT update
  [WARMUP] Initialized 3 tiles for LRTT update
  [WARMUP] Initialized 3 tiles for LRTT update
  LRTT Analog layers: 96, Total params: 21,842,978, Trainable (before grad set): 21,842,978
  Trainable (after grad set): 13,602
  LoRA target: qkv -> ['attention.self.query', 'attention.self.key', 'attention.self.value', 'attention.output.dense']

Optimizer configuration:
  Forward scaling (lora_alpha): 0.01
  Classifier LR: 0.004
  LRTT LR (optimizer): 0.1 (= 0.004 * 25.0)
  Effective A,B LR: 0.001 (= 0.1 * 0.01)
  LRTT_LR_MULTIPLIER: 25.0
  LRTT tile params: 288
  Other params: 98
  Collected 96 tile_c contexts for post-step reset
  Collected 192 tile_a/b contexts for post-step reset
  AB LR Warmup: 1e-07 → 1e-03 over 267 steps (scheduler warmup: 267 steps)
Trial 0 Ep1:   0%|                                                                                            | 0/535 [00:00<?, ?it/s]Trial 0 Ep1:   0%|                                                                         | 0/535 [00:01<?, ?it/s, loss=3382995.7500]Trial 0 Ep1:   0%|                                                                 | 1/535 [00:01<10:54,  1.23s/it, loss=3382995.7500]Trial 0 Ep1:   0%|                                                                 | 1/535 [00:01<10:54,  1.23s/it, loss=3556065.5000]Trial 0 Ep1:   0%|▏                                                                | 2/535 [00:01<07:44,  1.15it/s, loss=3556065.5000]Trial 0 Ep1:   0%|▏                                                                | 2/535 [00:02<07:44,  1.15it/s, loss=3740392.2500]Trial 0 Ep1:   1%|▎                                                                | 3/535 [00:02<06:12,  1.43it/s, loss=3740392.2500]Trial 0 Ep1:   1%|▎                                                                | 3/535 [00:02<06:12,  1.43it/s, loss=2986147.7500]Trial 0 Ep1:   1%|▍                                                                | 4/535 [00:02<04:28,  1.98it/s, loss=2986147.7500]Trial 0 Ep1:   1%|▍                                                                | 4/535 [00:03<04:28,  1.98it/s, loss=2651496.7500]Trial 0 Ep1:   1%|▌                                                                | 5/535 [00:03<04:32,  1.95it/s, loss=2651496.7500]Trial 0 Ep1:   1%|▌                                                                | 5/535 [00:03<04:32,  1.95it/s, loss=2118897.2500]Trial 0 Ep1:   1%|▋                                                                | 6/535 [00:03<03:34,  2.47it/s, loss=2118897.2500]Trial 0 Ep1:   1%|▋                                                                | 6/535 [00:03<03:34,  2.47it/s, loss=1331318.6250]Trial 0 Ep1:   1%|▊                                                                | 7/535 [00:03<02:53,  3.05it/s, loss=1331318.6250]Trial 0 Ep1:   1%|▊                                                                 | 7/535 [00:03<02:53,  3.05it/s, loss=797541.0000]Trial 0 Ep1:   1%|▉                                                                 | 8/535 [00:03<02:31,  3.47it/s, loss=797541.0000]Trial 0 Ep1:   1%|█                                                                  | 8/535 [00:03<02:31,  3.47it/s, loss=67105.0938]Trial 0 Ep1:   2%|█▏                                                                 | 9/535 [00:03<02:16,  3.84it/s, loss=67105.0938]Trial 0 Ep1:   2%|█                                                                 | 9/535 [00:04<02:16,  3.84it/s, loss=157053.3125]Trial 0 Ep1:   2%|█▏                                                               | 10/535 [00:04<02:00,  4.37it/s, loss=157053.3125]Trial 0 Ep1:   2%|█▏                                                               | 10/535 [00:04<02:00,  4.37it/s, loss=417688.3438]Trial 0 Ep1:   2%|█▎                                                               | 11/535 [00:04<01:47,  4.86it/s, loss=417688.3438]Trial 0 Ep1:   2%|█▎                                                              | 11/535 [00:04<01:47,  4.86it/s, loss=1091286.6250]Trial 0 Ep1:   2%|█▍                                                              | 12/535 [00:04<01:40,  5.23it/s, loss=1091286.6250]Trial 0 Ep1:   2%|█▍                                                              | 12/535 [00:04<01:40,  5.23it/s, loss=1197011.5000]Trial 0 Ep1:   2%|█▌                                                              | 13/535 [00:04<01:37,  5.34it/s, loss=1197011.5000]Trial 0 Ep1:   2%|█▌                                                              | 13/535 [00:05<01:37,  5.34it/s, loss=1017153.3125]Trial 0 Ep1:   3%|█▋                                                              | 14/535 [00:05<02:30,  3.47it/s, loss=1017153.3125]Trial 0 Ep1:   3%|█▋                                                               | 14/535 [00:05<02:30,  3.47it/s, loss=223836.5000]Trial 0 Ep1:   3%|█▊                                                               | 15/535 [00:05<02:09,  4.02it/s, loss=223836.5000]Trial 0 Ep1:   3%|█▊                                                               | 15/535 [00:05<02:09,  4.02it/s, loss=885801.5625]Trial 0 Ep1:   3%|█▉                                                               | 16/535 [00:05<01:57,  4.41it/s, loss=885801.5625]Trial 0 Ep1:   3%|█▉                                                               | 16/535 [00:05<01:57,  4.41it/s, loss=730112.1875]Trial 0 Ep1:   3%|██                                                               | 17/535 [00:05<01:52,  4.62it/s, loss=730112.1875]Trial 0 Ep1:   3%|██                                                               | 17/535 [00:05<01:52,  4.62it/s, loss=276294.1875]Trial 0 Ep1:   3%|██▏                                                              | 18/535 [00:05<01:56,  4.42it/s, loss=276294.1875]Trial 0 Ep1:   3%|██▏                                                               | 18/535 [00:05<01:56,  4.42it/s, loss=29526.4062]Trial 0 Ep1:   4%|██▎                                                               | 19/535 [00:05<01:47,  4.81it/s, loss=29526.4062]Trial 0 Ep1:   4%|██▎                                                              | 19/535 [00:06<01:47,  4.81it/s, loss=833547.0000]Trial 0 Ep1:   4%|██▍                                                              | 20/535 [00:06<01:39,  5.19it/s, loss=833547.0000]Trial 0 Ep1:   4%|██▍                                                             | 20/535 [00:06<01:39,  5.19it/s, loss=1755027.7500]Trial 0 Ep1:   4%|██▌                                                             | 21/535 [00:06<01:32,  5.55it/s, loss=1755027.7500]Trial 0 Ep1:   4%|██▌                                                             | 21/535 [00:06<01:32,  5.55it/s, loss=2021176.0000]Trial 0 Ep1:   4%|██▋                                                             | 22/535 [00:06<01:28,  5.78it/s, loss=2021176.0000]Trial 0 Ep1:   4%|██▋                                                              | 22/535 [00:06<01:28,  5.78it/s, loss=633912.1250]Trial 0 Ep1:   4%|██▊                                                              | 23/535 [00:06<01:36,  5.33it/s, loss=633912.1250]Trial 0 Ep1:   4%|██▊                                                              | 23/535 [00:06<01:36,  5.33it/s, loss=105348.3203]Trial 0 Ep1:   4%|██▉                                                              | 24/535 [00:06<01:31,  5.57it/s, loss=105348.3203]Trial 0 Ep1:   4%|██▉                                                               | 24/535 [00:06<01:31,  5.57it/s, loss=70488.6953]Trial 0 Ep1:   5%|███                                                               | 25/535 [00:06<01:29,  5.72it/s, loss=70488.6953]Trial 0 Ep1:   5%|███                                                               | 25/535 [00:07<01:29,  5.72it/s, loss=23798.2793]Trial 0 Ep1:   5%|███▏                                                              | 26/535 [00:07<01:29,  5.67it/s, loss=23798.2793]Trial 0 Ep1:   5%|███▎                                                               | 26/535 [00:07<01:29,  5.67it/s, loss=2347.8782]Trial 0 Ep1:   5%|███▍                                                               | 27/535 [00:07<01:29,  5.67it/s, loss=2347.8782]Trial 0 Ep1:   5%|███▍                                                               | 27/535 [00:07<01:29,  5.67it/s, loss=1531.1304]Trial 0 Ep1:   5%|███▌                                                               | 28/535 [00:07<01:26,  5.88it/s, loss=1531.1304]Trial 0 Ep1:   5%|███▍                                                              | 28/535 [00:07<01:26,  5.88it/s, loss=28639.3828]Trial 0 Ep1:   5%|███▌                                                              | 29/535 [00:07<01:31,  5.52it/s, loss=28639.3828]Trial 0 Ep1:   5%|███▌                                                              | 29/535 [00:07<01:31,  5.52it/s, loss=26756.7852]Trial 0 Ep1:   6%|███▋                                                              | 30/535 [00:07<01:30,  5.55it/s, loss=26756.7852]Trial 0 Ep1:   6%|███▊                                                               | 30/535 [00:08<01:30,  5.55it/s, loss=2035.7452]Trial 0 Ep1:   6%|███▉                                                               | 31/535 [00:08<01:28,  5.72it/s, loss=2035.7452]Trial 0 Ep1:   6%|███▉                                                                | 31/535 [00:08<01:28,  5.72it/s, loss=804.2281]Trial 0 Ep1:   6%|████                                                                | 32/535 [00:08<01:26,  5.84it/s, loss=804.2281]Trial 0 Ep1:   6%|████                                                                | 32/535 [00:08<01:26,  5.84it/s, loss=874.8693]Trial 0 Ep1:   6%|████▏                                                               | 33/535 [00:08<01:24,  5.94it/s, loss=874.8693]Trial 0 Ep1:   6%|████▏                                                               | 33/535 [00:08<01:24,  5.94it/s, loss=136.4869]Trial 0 Ep1:   6%|████▎                                                               | 34/535 [00:08<01:28,  5.65it/s, loss=136.4869]Trial 0 Ep1:   6%|████▎                                                               | 34/535 [00:08<01:28,  5.65it/s, loss=791.1216]Trial 0 Ep1:   7%|████▍                                                               | 35/535 [00:08<01:26,  5.77it/s, loss=791.1216]Trial 0 Ep1:   7%|████▍                                                               | 35/535 [00:08<01:26,  5.77it/s, loss=909.6765]Trial 0 Ep1:   7%|████▌                                                               | 36/535 [00:08<01:25,  5.85it/s, loss=909.6765]Trial 0 Ep1:   7%|████▌                                                               | 36/535 [00:09<01:25,  5.85it/s, loss=587.2530]Trial 0 Ep1:   7%|████▋                                                               | 37/535 [00:09<01:23,  5.98it/s, loss=587.2530]Trial 0 Ep1:   7%|████▋                                                               | 37/535 [00:09<01:23,  5.98it/s, loss=126.4017]Trial 0 Ep1:   7%|████▊                                                               | 38/535 [00:09<01:26,  5.72it/s, loss=126.4017]Trial 0 Ep1:   7%|████▊                                                               | 38/535 [00:09<01:26,  5.72it/s, loss=204.5443]Trial 0 Ep1:   7%|████▉                                                               | 39/535 [00:09<01:25,  5.77it/s, loss=204.5443]Trial 0 Ep1:   7%|█████                                                                | 39/535 [00:09<01:25,  5.77it/s, loss=82.1260]Trial 0 Ep1:   7%|█████▏                                                               | 40/535 [00:09<01:31,  5.43it/s, loss=82.1260]Trial 0 Ep1:   7%|█████                                                               | 40/535 [00:09<01:31,  5.43it/s, loss=855.8878]Trial 0 Ep1:   8%|█████▏                                                              | 41/535 [00:09<01:34,  5.23it/s, loss=855.8878]Trial 0 Ep1:   8%|█████▏                                                              | 41/535 [00:09<01:34,  5.23it/s, loss=720.2885]Trial 0 Ep1:   8%|█████▎                                                              | 42/535 [00:09<01:29,  5.50it/s, loss=720.2885]Trial 0 Ep1:   8%|█████▎                                                              | 42/535 [00:10<01:29,  5.50it/s, loss=485.9875]Trial 0 Ep1:   8%|█████▍                                                              | 43/535 [00:10<01:26,  5.67it/s, loss=485.9875]Trial 0 Ep1:   8%|█████▍                                                             | 43/535 [00:10<01:26,  5.67it/s, loss=1234.9299]Trial 0 Ep1:   8%|█████▌                                                             | 44/535 [00:10<01:24,  5.78it/s, loss=1234.9299]Trial 0 Ep1:   8%|█████▌                                                              | 44/535 [00:10<01:24,  5.78it/s, loss=584.0452]Trial 0 Ep1:   8%|█████▋                                                              | 45/535 [00:10<01:23,  5.88it/s, loss=584.0452]Trial 0 Ep1:   8%|█████▋                                                              | 45/535 [00:10<01:23,  5.88it/s, loss=348.8724]Trial 0 Ep1:   9%|█████▊                                                              | 46/535 [00:10<01:24,  5.78it/s, loss=348.8724]Trial 0 Ep1:   9%|█████▊                                                              | 46/535 [00:10<01:24,  5.78it/s, loss=267.6717]Trial 0 Ep1:   9%|█████▉                                             