Trial 9 Ep1:   0%|                                                                                            | 0/535 [00:00<?, ?it/s]Trial 9 Ep1:   0%|                                                                         | 0/535 [00:01<?, ?it/s, loss=3382995.7500]Trial 9 Ep1:   0%|                                                                 | 1/535 [00:01<09:59,  1.12s/it, loss=3382995.7500]Trial 9 Ep1:   0%|                                                                 | 1/535 [00:01<09:59,  1.12s/it, loss=3538325.0000]Trial 9 Ep1:   0%|▏                                                                | 2/535 [00:01<07:40,  1.16it/s, loss=3538325.0000]Trial 9 Ep1:   0%|▎                                                                   | 2/535 [00:02<07:40,  1.16it/s, loss=4272.5210]Trial 9 Ep1:   1%|▍                                                                   | 3/535 [00:02<06:09,  1.44it/s, loss=4272.5210]Trial 9 Ep1:   1%|▍                                                                   | 3/535 [00:02<06:09,  1.44it/s, loss=3873.1367]Trial 9 Ep1:   1%|▌                                                                   | 4/535 [00:02<04:15,  2.08it/s, loss=3873.1367]Trial 9 Ep1:   1%|▌                                                                   | 4/535 [00:02<04:15,  2.08it/s, loss=1099.4404]Trial 9 Ep1:   1%|▋                                                                   | 5/535 [00:02<04:14,  2.08it/s, loss=1099.4404]Trial 9 Ep1:   1%|▋                                                                    | 5/535 [00:03<04:14,  2.08it/s, loss=209.0819]Trial 9 Ep1:   1%|▊                                                                    | 6/535 [00:03<03:16,  2.70it/s, loss=209.0819]Trial 9 Ep1:   1%|▊                                                                    | 6/535 [00:03<03:16,  2.70it/s, loss=171.9784]Trial 9 Ep1:   1%|▉                                                                    | 7/535 [00:03<02:38,  3.33it/s, loss=171.9784]Trial 9 Ep1:   1%|▉                                                                     | 7/535 [00:03<02:38,  3.33it/s, loss=74.4593]Trial 9 Ep1:   1%|█                                                                     | 8/535 [00:03<02:14,  3.91it/s, loss=74.4593]Trial 9 Ep1:   1%|█                                                                   | 8/535 [00:03<02:14,  3.91it/s, loss=1853.1471]Trial 9 Ep1:   2%|█▏                                                                  | 9/535 [00:03<02:14,  3.92it/s, loss=1853.1471]Trial 9 Ep1:   2%|█▏                                                                     | 9/535 [00:03<02:14,  3.92it/s, loss=3.1325]Trial 9 Ep1:   2%|█▎                                                                    | 10/535 [00:03<02:04,  4.20it/s, loss=3.1325]Trial 9 Ep1:   2%|█▎                                                                    | 10/535 [00:04<02:04,  4.20it/s, loss=0.9621]Trial 9 Ep1:   2%|█▍                                                                    | 11/535 [00:04<01:53,  4.63it/s, loss=0.9621]Trial 9 Ep1:   2%|█▍                                                                 | 11/535 [00:04<01:53,  4.63it/s, loss=2583.3347]Trial 9 Ep1:   2%|█▌                                                                 | 12/535 [00:04<01:43,  5.07it/s, loss=2583.3347]Trial 9 Ep1:   2%|█▌                                                                    | 12/535 [00:04<01:43,  5.07it/s, loss=1.3501]Trial 9 Ep1:   2%|█▋                                                                    | 13/535 [00:04<01:36,  5.40it/s, loss=1.3501]Trial 9 Ep1:   2%|█▋                                                                    | 13/535 [00:04<01:36,  5.40it/s, loss=1.4940]Trial 9 Ep1:   3%|█▊                                                                    | 14/535 [00:04<02:24,  3.60it/s, loss=1.4940]Trial 9 Ep1:   3%|█▊                                                                    | 14/535 [00:04<02:24,  3.60it/s, loss=1.5213]Trial 9 Ep1:   3%|█▉                                                                    | 15/535 [00:04<02:04,  4.18it/s, loss=1.5213]Trial 9 Ep1:   3%|█▉                                                                    | 15/535 [00:05<02:04,  4.18it/s, loss=1.2149]Trial 9 Ep1:   3%|██                                                                    | 16/535 [00:05<01:51,  4.65it/s, loss=1.2149]Trial 9 Ep1:   3%|██                                                                    | 16/535 [00:05<01:51,  4.65it/s, loss=0.9692]Trial 9 Ep1:   3%|██▏                                                                   | 17/535 [00:05<01:43,  5.02it/s, loss=0.9692]Trial 9 Ep1:   3%|██▏                                                                   | 17/535 [00:05<01:43,  5.02it/s, loss=1.2646]Trial 9 Ep1:   3%|██▎                                                                   | 18/535 [00:05<01:41,  5.10it/s, loss=1.2646]Trial 9 Ep1:   3%|██▎                                                                   | 18/535 [00:05<01:41,  5.10it/s, loss=1.3803]Trial 9 Ep1:   4%|██▍                                                                   | 19/535 [00:05<01:53,  4.55it/s, loss=1.3803]Trial 9 Ep1:   4%|██▍                                                                   | 19/535 [00:05<01:53,  4.55it/s, loss=1.1072]Trial 9 Ep1:   4%|██▌                                                                   | 20/535 [00:05<01:44,  4.93it/s, loss=1.1072]Trial 9 Ep1:   4%|██▌                                                                   | 20/535 [00:06<01:44,  4.93it/s, loss=0.7634]Trial 9 Ep1:   4%|██▋                                                                   | 21/535 [00:06<01:37,  5.30it/s, loss=0.7634]Trial 9 Ep1:   4%|██▋                                                                   | 21/535 [00:06<01:37,  5.30it/s, loss=0.6896]Trial 9 Ep1:   4%|██▉                                                                   | 22/535 [00:06<01:32,  5.57it/s, loss=0.6896]Trial 9 Ep1:   4%|██▉                                                                   | 22/535 [00:06<01:32,  5.57it/s, loss=1.0877]Trial 9 Ep1:   4%|███                                                                   | 23/535 [00:06<01:29,  5.73it/s, loss=1.0877]Trial 9 Ep1:   4%|███                                                                   | 23/535 [00:06<01:29,  5.73it/s, loss=0.5772]Trial 9 Ep1:   4%|███▏                                                                  | 24/535 [00:06<01:26,  5.92it/s, loss=0.5772]Trial 9 Ep1:   4%|███▏                                                                  | 24/535 [00:07<01:26,  5.92it/s, loss=0.6274]Trial 9 Ep1:   5%|███▎                                                                  | 25/535 [00:07<02:20,  3.63it/s, loss=0.6274]Trial 9 Ep1:   5%|███▎                                                                  | 25/535 [00:07<02:20,  3.63it/s, loss=0.4753]Trial 9 Ep1:   5%|███▍                                                                  | 26/535 [00:07<02:02,  4.17it/s, loss=0.4753]Trial 9 Ep1:   5%|███▍                                                                  | 26/535 [00:07<02:02,  4.17it/s, loss=0.4356]Trial 9 Ep1:   5%|███▌                                                                  | 27/535 [00:07<01:50,  4.62it/s, loss=0.4356]Trial 9 Ep1:   5%|███▌                                                                  | 27/535 [00:07<01:50,  4.62it/s, loss=0.8449]Trial 9 Ep1:   5%|███▋                                                                  | 28/535 [00:07<01:47,  4.70it/s, loss=0.8449]Trial 9 Ep1:   5%|███▋                                                                  | 28/535 [00:07<01:47,  4.70it/s, loss=0.5335]Trial 9 Ep1:   5%|███▊                                                                  | 29/535 [00:07<01:47,  4.73it/s, loss=0.5335]Trial 9 Ep1:   5%|███▊                                                                  | 29/535 [00:07<01:47,  4.73it/s, loss=0.8221]Trial 9 Ep1:   6%|███▉                                                                  | 30/535 [00:07<01:38,  5.11it/s, loss=0.8221]Trial 9 Ep1:   6%|███▉                                                                  | 30/535 [00:08<01:38,  5.11it/s, loss=1.4328]Trial 9 Ep1:   6%|████                                                                  | 31/535 [00:08<01:33,  5.40it/s, loss=1.4328]Trial 9 Ep1:   6%|████                                                                  | 31/535 [00:08<01:33,  5.40it/s, loss=0.7894]Trial 9 Ep1:   6%|████▏                                                                 | 32/535 [00:08<01:28,  5.68it/s, loss=0.7894]Trial 9 Ep1:   6%|████▏                                                                 | 32/535 [00:08<01:28,  5.68it/s, loss=1.0153]Trial 9 Ep1:   6%|████▎                                                                 | 33/535 [00:08<01:25,  5.89it/s, loss=1.0153]Trial 9 Ep1:   6%|████▎                                                                 | 33/535 [00:08<01:25,  5.89it/s, loss=1.4745]Trial 9 Ep1:   6%|████▍                                                                 | 34/535 [00:08<01:25,  5.84it/s, loss=1.4745]Trial 9 Ep1:   6%|████▍                                                                | 34/535 [00:08<01:25,  5.84it/s, loss=69.9014]Trial 9 Ep1:   7%|████▌                                                                | 35/535 [00:08<01:22,  6.08it/s, loss=69.9014]Trial 9 Ep1:   7%|████▌                                                                 | 35/535 [00:08<01:22,  6.08it/s, loss=0.8409]Trial 9 Ep1:   7%|████▋                                                                 | 36/535 [00:08<01:23,  6.01it/s, loss=0.8409]Trial 9 Ep1:   7%|████▋                                                                 | 36/535 [00:09<01:23,  6.01it/s, loss=0.7216]Trial 9 Ep1:   7%|████▊                                                                 | 37/535 [00:09<01:21,  6.08it/s, loss=0.7216]Trial 9 Ep1:   7%|████▊                                                                 | 37/535 [00:09<01:21,  6.08it/s, loss=0.6177]Trial 9 Ep1:   7%|████▉                                                                 | 38/535 [00:09<01:20,  6.16it/s, loss=0.6177]Trial 9 Ep1:   7%|████▉                                                                 | 38/535 [00:09<01:20,  6.16it/s, loss=0.6394]Trial 9 Ep1:   7%|█████                                                                 | 39/535 [00:09<01:21,  6.10it/s, loss=0.6394]Trial 9 Ep1:   7%|█████                                                                 | 39/535 [00:09<01:21,  6.10it/s, loss=0.6834]Trial 9 Ep1:   7%|█████▏                                                                | 40/535 [00:09<01:36,  5.13it/s, loss=0.6834]Trial 9 Ep1:   7%|█████▏                                                                | 40/535 [00:09<01:36,  5.13it/s, loss=0.4581]Trial 9 Ep1:   8%|█████▎                                                                | 41/535 [00:09<01:35,  5.18it/s, loss=0.4581]Trial 9 Ep1:   8%|█████▎                                                                | 41/535 [00:10<01:35,  5.18it/s, loss=0.4879]Trial 9 Ep1:   8%|█████▍                                                                | 42/535 [00:10<01:33,  5.30it/s, loss=0.4879]Trial 9 Ep1:   8%|█████▍                                                                | 42/535 [00:10<01:33,  5.30it/s, loss=0.6510]Trial 9 Ep1:   8%|█████▋                                                                | 43/535 [00:10<01:30,  5.45it/s, loss=0.6510]Trial 9 Ep1:   8%|█████▋                                                                | 43/535 [00:10<01:30,  5.45it/s, loss=0.6497]Trial 9 Ep1:   8%|█████▊                                                                | 44/535 [00:10<01:27,  5.62it/s, loss=0.6497]Trial 9 Ep1:   8%|█████▊                                                                | 44/535 [00:10<01:27,  5.62it/s, loss=0.8285]Trial 9 Ep1:   8%|█████▉                                                                | 45/535 [00:10<01:23,  5.85it/s, loss=0.8285]Trial 9 Ep1:   8%|█████▌                                                            | 45/535 [00:10<01:23,  5.85it/s, loss=12178.6162]Trial 9 Ep1:   9%|█████▋                                                            | 46/535 [00:10<01:23,  5.89it/s, loss=12178.6162]Trial 9 Ep1:   9%|██████                                                                | 46/535 [00:10<01:23,  5.89it/s, loss=0.9586]Trial 9 Ep1:   9%|██████▏                                                               | 47/535 [00:10<01:21,  5.96it/s, loss=0.9586]Trial 9 Ep1:   9%|██████▏                                                               | 47/535 [00:11<01:21,  5.96it/s, loss=0.4910]Trial 9 Ep1:   9%|██████▎                                                               | 48/535 [00:11<01:20,  6.05it/s, loss=0.4910]Trial 9 Ep1:   9%|█████▋                                                          | 48/535 [00:11<01:20,  6.05it/s, loss=9296142.0000]Trial 9 Ep1:   9%|█████▊                                                          | 49/535 [00:11<01:23,  5.85it/s, loss=9296142.0000]Trial 9 Ep1:   9%|█████▋                                                        | 49/535 [00:11<01:23,  5.85it/s, loss=391852352.0000]Trial 9 Ep1:   9%|█████▊                                                        | 50/535 [00:11<01:23,  5.81it/s, loss=391852352.0000]Trial 9 Ep1:   9%|█████                                                 | 50/535 [00:11<01:23,  5.81it/s, loss=21510720931758080.0000]Trial 9 Ep1:  10%|█████▏                                                | 51/535 [00:11<01:43,  4.66it/s, loss=21510720931758080.0000]Trial 9 Ep1:  10%|████▍                                          | 51/535 [00:11<01:43,  4.66it/s, loss=621236764777839604006912.0000]Trial 9 Ep1:  10%|████▌                                          | 52/535 [00:11<01:42,  4.73it/s, loss=621236764777839604006912.0000]                                                                                                                                      [I 2026-02-24 15:09:08,714] Trial 9 finished with value: 0.0 and parameters: {'learning_rate': 0.004, 'lora_alpha': 1.0, 'target_ab_lr': 0.001}. Best is trial 1 with value: 0.0.

  [NaN/Inf detected at batch 52] Aborting trial.
[Trial 9] GPU cache cleared

======================================================================
Trial 10 Starting
======================================================================
  rank=8, transfer_every=10000000, transfer_lr=1.0000e-01
  lora_alpha=0.0100, lr=4.0000e-03, wd=0.00e+00
  target_ab_lr=0.0010, lr_multiplier=25.000000
  effective_ab_lr = lr*alpha*mult = 0.0010
  momentum=0.00, nesterov=False, reinit_mode=decay
  tau_sec=0.0, optimizer=AnalogAdam
======================================================================
Some weights of MobileBertForSequenceClassification were not initialized from the model checkpoint at google/mobilebert-uncased and are newly initialized: ['classifier.bias', 'classifier.weight']
You should probably TRAIN this model on a down-stream task to be able to use it for predictions and inference.
  [FIX] Reinitialized classifier with FIXED seed=42
  [WARMUP] Initialized 3 tiles for LRTT update
  [WARMUP] Initialized 3 tiles for LRTT update
  [WARMUP] Initialized 3 tiles for LRTT update
  [WARMUP] Initialized 3 tiles for LRTT update
  [WARMUP] Initialized 3 tiles for LRTT update
  [WARMUP] Initialized 3 tiles for LRTT update
  [WARMUP] Initialized 3 tiles for LRTT update
  [WARMUP] Initialized 3 tiles for LRTT update
  [WARMUP] Initialized 3 tiles for LRTT update
  [WARMUP] Initialized 3 tiles for LRTT update
  [WARMUP] Initialized 3 tiles for LRTT update
  [WARMUP] Initialized 3 tiles for LRTT update
  [WARMUP] Initialized 3 tiles for LRTT update
  [WARMUP] Initialized 3 tiles for LRTT update
  [WARMUP] Initialized 3 tiles for LRTT update
  [WARMUP] Initialized 3 tiles for LRTT update
  [WARMUP] Initialized 3 tiles for LRTT update
  [WARMUP] Initialized 3 tiles for LRTT update
  [WARMUP] Initialized 3 tiles for LRTT update
  [WARMUP] Initialized 3 tiles for LRTT update
  [WARMUP] Initialized 3 tiles for LRTT update
  [WARMUP] Initialized 3 tiles for LRTT update
  [WARMUP] Initialized 3 tiles for LRTT update
  [WARMUP] Initialized 3 tiles for LRTT update
  [WARMUP] Initialized 3 tiles for LRTT update
  [WARMUP] Initialized 3 tiles for LRTT update
  [WARMUP] Initialized 3 tiles for LRTT update
  [WARMUP] Initialized 3 tiles for LRTT update
  [WARMUP] Initialized 3 tiles for LRTT update
  [WARMUP] Initialized 3 tiles for LRTT update
  [WARMUP] Initialized 3 tiles for LRTT update
  [WARMUP] Initialized 3 tiles for LRTT update
  [WARMUP] Initialized 3 tiles for LRTT update
  [WARMUP] Initialized 3 tiles for LRTT update
  [WARMUP] Initialized 3 tiles for LRTT update
  [WARMUP] Initialized 3 tiles for LRTT update
  [WARMUP] Initialized 3 tiles for LRTT update
  [WARMUP] Initialized 3 tiles for LRTT update
  [WARMUP] Initialized 3 tiles for LRTT update
  [WARMUP] Initialized 3 tiles for LRTT update
  [WARMUP] Initialized 3 tiles for LRTT update
  [WARMUP] Initialized 3 tiles for LRTT update
  [WARMUP] Initialized 3 tiles for LRTT update
  [WARMUP] Initialized 3 tiles for LRTT update
  [WARMUP] Initialized 3 tiles for LRTT update
  [WARMUP] Initialized 3 tiles for LRTT update
  [WARMUP] Initialized 3 tiles for LRTT update
  [WARMUP] Initialized 3 tiles for LRTT update
  [WARMUP] Initialized 3 tiles for LRTT update
  [WARMUP] Initialized 3 tiles for LRTT update
  [WARMUP] Initialized 3 tiles for LRTT update
  [WARMUP] Initialized 3 tiles for LRTT update
  [WARMUP] Initialized 3 tiles for LRTT update
  [WARMUP] Initialized 3 tiles for LRTT update
  [WARMUP] Initialized 3 tiles for LRTT update
  [WARMUP] Initialized 3 tiles for LRTT update
  [WARMUP] Initialized 3 tiles for LRTT update
  [WARMUP] Initialized 3 tiles for LRTT update
  [WARMUP] Initialized 3 tiles for LRTT update
  [WARMUP] Initialized 3 tiles for LRTT update
  [WARMUP] Initialized 3 tiles for LRTT update
  [WARMUP] Initialized 3 tiles for LRTT update
  [WARMUP] Initialized 3 tiles for LRTT update
  [WARMUP] Initialized 3 tiles for LRTT update
  [WARMUP] Initialized 3 tiles for LRTT update
  [WARMUP] Initialized 3 tiles for LRTT update
  [WARMUP] Initialized 3 tiles for LRTT update
  [WARMUP] Initialized 3 tiles for LRTT update
  [WARMUP] Initialized 3 tiles for LRTT update
  [WARMUP] Initialized 3 tiles for LRTT update
  [WARMUP] Initialized 3 tiles for LRTT update
  [WARMUP] Initialized 3 tiles for LRTT update
  [WARMUP] Initialized 3 tiles for LRTT update
  [WARMUP] Initialized 3 tiles for LRTT update
  [WARMUP] Initialized 3 tiles for LRTT update
  [WARMUP] Initialized 3 tiles for LRTT update
  [WARMUP] Initialized 3 tiles for LRTT update
  [WARMUP] Initialized 3 tiles for LRTT update
  [WARMUP] Initialized 3 tiles for LRTT update
  [WARMUP] Initialized 3 tiles for LRTT update
  [WARMUP] Initialized 3 tiles for LRTT update
  [WARMUP] Initialized 3 tiles for LRTT update
  [WARMUP] Initialized 3 tiles for LRTT update
  [WARMUP] Initialized 3 tiles for LRTT update
  [WARMUP] Initialized 3 tiles for LRTT update
  [WARMUP] Initialized 3 tiles for LRTT update
  [WARMUP] Initialized 3 tiles for LRTT update
  [WARMUP] Initialized 3 tiles for LRTT update
  [WARMUP] Initialized 3 tiles for LRTT update
  [WARMUP] Initialized 3 tiles for LRTT update
  [WARMUP] Initialized 3 tiles for LRTT update
  [WARMUP] Initialized 3 tiles for LRTT update
  [WARMUP] Initialized 3 tiles for LRTT update
  [WARMUP] Initialized 3 tiles for LRTT update
  [WARMUP] Initialized 3 tiles for LRTT update
  [WARMUP] Initialized 3 tiles for LRTT update
  LRTT Analog layers: 96, Total params: 21,842,978, Trainable (before grad set): 21,842,978
  Trainable (after grad set): 13,602
  LoRA target: qkv -> ['attention.self.query', 'attention.self.key', 'attention.self.value', 'attention.output.dense']

Optimizer configuration:
  Forward scaling (lora_alpha): 0.01
  Classifier LR: 0.004
  LRTT LR (optimizer): 0.1 (= 0.004 * 25.0)
  Effective A,B LR: 0.001 (= 0.1 * 0.01)
  LRTT_LR_MULTIPLIER: 25.0
  LRTT tile params: 288
  Other params: 98
  Collected 96 tile_c contexts for post-step reset
  Collected 192 tile_a/b contexts for post-step reset
  AB LR Warmup: 1e-07 → 1e-03 over 267 steps (scheduler warmup: 267 steps)
Trial 10 Ep1:   0%|                                                                                           | 0/535 [00:00<?, ?it/s]Trial 10 Ep1:   0%|                                                                        | 0/535 [00:01<?, ?it/s, loss=2495357.5000]Trial 10 Ep1:   0%|                                                                | 1/535 [00:01<09:00,  1.01s/it, loss=2495357.5000]Trial 10 Ep1:   0%|                                                                | 1/535 [00:01<09:00,  1.01s/it, loss=3639266.5000]Trial 10 Ep1:   0%|▏                                                               | 2/535 [00:01<06:27,  1.37it/s, loss=3639266.5000]Trial 10 Ep1:   0%|▏                                                               | 2/535 [00:02<06:27,  1.37it/s, loss=3234766.0000]Trial 10 Ep1:   1%|▎                                                               | 3/535 [00:02<05:37,  1.58it/s, loss=3234766.0000]Trial 10 Ep1:   1%|▎                                                               | 3/535 [00:02<05:37,  1.58it/s, loss=3510998.5000]Trial 10 Ep1:   1%|▍                                                               | 4/535 [00:02<03:58,  2.22it/s, loss=3510998.5000]Trial 10 Ep1:   1%|▍                                                               | 4/535 [00:02<03:58,  2.22it/s, loss=2223819.5000]Trial 10 Ep1:   1%|▌       