Trial 6 Ep1:   0%|                                                                                            | 0/115 [00:00<?, ?it/s]Trial 6 Ep1:   0%|                                                                         | 0/115 [00:01<?, ?it/s, loss=3481864.5000]Trial 6 Ep1:   1%|▌                                                                | 1/115 [00:01<02:29,  1.31s/it, loss=3481864.5000]Trial 6 Ep1:   1%|▌                                                                | 1/115 [00:01<02:29,  1.31s/it, loss=2940390.0000]Trial 6 Ep1:   2%|█▏                                                               | 2/115 [00:01<01:25,  1.32it/s, loss=2940390.0000]Trial 6 Ep1:   2%|█▏                                                               | 2/115 [00:01<01:25,  1.32it/s, loss=2298375.2500]Trial 6 Ep1:   3%|█▋                                                               | 3/115 [00:01<00:57,  1.95it/s, loss=2298375.2500]Trial 6 Ep1:   3%|█▋                                                               | 3/115 [00:02<00:57,  1.95it/s, loss=2377056.5000]Trial 6 Ep1:   3%|██▎                                                              | 4/115 [00:02<00:44,  2.52it/s, loss=2377056.5000]Trial 6 Ep1:   3%|██▎                                                              | 4/115 [00:02<00:44,  2.52it/s, loss=1081943.3750]Trial 6 Ep1:   4%|██▊                                                              | 5/115 [00:02<00:38,  2.89it/s, loss=1081943.3750]Trial 6 Ep1:   4%|██▊                                                               | 5/115 [00:02<00:38,  2.89it/s, loss=207185.7031]Trial 6 Ep1:   5%|███▍                                                              | 6/115 [00:02<00:32,  3.32it/s, loss=207185.7031]Trial 6 Ep1:   5%|███▍                                                              | 6/115 [00:02<00:32,  3.32it/s, loss=501096.1562]Trial 6 Ep1:   6%|████                                                              | 7/115 [00:02<00:29,  3.66it/s, loss=501096.1562]Trial 6 Ep1:   6%|███▉                                                             | 7/115 [00:03<00:29,  3.66it/s, loss=1027731.3750]Trial 6 Ep1:   7%|████▌                                                            | 8/115 [00:03<00:29,  3.63it/s, loss=1027731.3750]Trial 6 Ep1:   7%|████▌                                                            | 8/115 [00:03<00:29,  3.63it/s, loss=1118228.8750]Trial 6 Ep1:   8%|█████                                                            | 9/115 [00:03<00:27,  3.92it/s, loss=1118228.8750]Trial 6 Ep1:   8%|█████▏                                                            | 9/115 [00:03<00:27,  3.92it/s, loss=307188.3750]Trial 6 Ep1:   9%|█████▋                                                           | 10/115 [00:03<00:25,  4.08it/s, loss=307188.3750]Trial 6 Ep1:   9%|█████▋                                                           | 10/115 [00:03<00:25,  4.08it/s, loss=229973.2344]Trial 6 Ep1:  10%|██████▏                                                          | 11/115 [00:03<00:24,  4.22it/s, loss=229973.2344]Trial 6 Ep1:  10%|██████▏                                                          | 11/115 [00:03<00:24,  4.22it/s, loss=196561.3594]Trial 6 Ep1:  10%|██████▊                                                          | 12/115 [00:03<00:23,  4.30it/s, loss=196561.3594]Trial 6 Ep1:  10%|██████▊                                                          | 12/115 [00:04<00:23,  4.30it/s, loss=889503.0625]Trial 6 Ep1:  11%|███████▎                                                         | 13/115 [00:04<00:24,  4.09it/s, loss=889503.0625]Trial 6 Ep1:  11%|███████▏                                                        | 13/115 [00:04<00:24,  4.09it/s, loss=1097438.0000]Trial 6 Ep1:  12%|███████▊                                                        | 14/115 [00:04<00:24,  4.15it/s, loss=1097438.0000]Trial 6 Ep1:  12%|███████▉                                                         | 14/115 [00:04<00:24,  4.15it/s, loss=526625.0625]Trial 6 Ep1:  13%|████████▍                                                        | 15/115 [00:04<00:23,  4.28it/s, loss=526625.0625]Trial 6 Ep1:  13%|████████▍                                                        | 15/115 [00:04<00:23,  4.28it/s, loss=331693.0000]Trial 6 Ep1:  14%|█████████                                                        | 16/115 [00:04<00:25,  3.89it/s, loss=331693.0000]Trial 6 Ep1:  14%|█████████                                                        | 16/115 [00:05<00:25,  3.89it/s, loss=557458.6250]Trial 6 Ep1:  15%|█████████▌                                                       | 17/115 [00:05<00:24,  4.05it/s, loss=557458.6250]Trial 6 Ep1:  15%|█████████▌                                                       | 17/115 [00:05<00:24,  4.05it/s, loss=305136.5938]Trial 6 Ep1:  16%|██████████▏                                                      | 18/115 [00:05<00:34,  2.79it/s, loss=305136.5938]Trial 6 Ep1:  16%|█████████▊                                                     | 18/115 [00:06<00:34,  2.79it/s, loss=57706848.0000]Trial 6 Ep1:  17%|██████████▍                                                    | 19/115 [00:06<00:33,  2.84it/s, loss=57706848.0000]                                                                                                                                      [I 2026-02-24 14:45:38,258] Trial 6 finished with value: 0.0 and parameters: {'learning_rate': 0.0021448277535601463, 'target_ab_lr': 0.07114476009343425}. Best is trial 0 with value: 0.0.

  [NaN/Inf detected at batch 19] Aborting trial.
[Trial 6] GPU cache cleared

============================================================
STUDY SUMMARY
============================================================
Study: mrpc_ablrwarm_orig_v2, Trials: 7 (6 complete)
Best F1: 0.00%, Mean F1: 0.00%
Best params: {'learning_rate': 0.006, 'target_ab_lr': 0.001}
Visualization saved.
Best params saved to: /data/results/Analoglora_v2/mrpc/best_params_mrpc_ablrwarm_orig_v2.json
All trials saved to: /data/results/Analoglora_v2/mrpc/all_trials_mrpc.json
