Trial 4 Ep1:   0%|                                                                                            | 0/115 [00:00<?, ?it/s]Trial 4 Ep1:   0%|                                                                         | 0/115 [00:01<?, ?it/s, loss=3982584.5000]Trial 4 Ep1:   1%|▌                                                                | 1/115 [00:01<02:33,  1.34s/it, loss=3982584.5000]Trial 4 Ep1:   1%|▌                                                                | 1/115 [00:01<02:33,  1.34s/it, loss=3803819.0000]Trial 4 Ep1:   2%|█▏                                                               | 2/115 [00:01<01:26,  1.31it/s, loss=3803819.0000]Trial 4 Ep1:   2%|█▏                                                               | 2/115 [00:02<01:26,  1.31it/s, loss=2673006.5000]Trial 4 Ep1:   3%|█▋                                                               | 3/115 [00:02<01:09,  1.61it/s, loss=2673006.5000]Trial 4 Ep1:   3%|█▋                                                                 | 3/115 [00:02<01:09,  1.61it/s, loss=83240.3594]Trial 4 Ep1:   3%|██▎                                                                | 4/115 [00:02<00:51,  2.15it/s, loss=83240.3594]Trial 4 Ep1:   3%|██▎                                                              | 4/115 [00:02<00:51,  2.15it/s, loss=1584300.0000]Trial 4 Ep1:   4%|██▊                                                              | 5/115 [00:02<00:40,  2.71it/s, loss=1584300.0000]Trial 4 Ep1:   4%|██▊                                                              | 5/115 [00:02<00:40,  2.71it/s, loss=3554612.0000]Trial 4 Ep1:   5%|███▍                                                             | 6/115 [00:02<00:33,  3.21it/s, loss=3554612.0000]Trial 4 Ep1:   5%|███▍                                                             | 6/115 [00:03<00:33,  3.21it/s, loss=2914548.0000]Trial 4 Ep1:   6%|███▉                                                             | 7/115 [00:03<00:37,  2.85it/s, loss=2914548.0000]Trial 4 Ep1:   6%|███▉                                                             | 7/115 [00:03<00:37,  2.85it/s, loss=2503964.5000]Trial 4 Ep1:   7%|████▌                                                            | 8/115 [00:03<00:32,  3.33it/s, loss=2503964.5000]Trial 4 Ep1:   7%|████▌                                                            | 8/115 [00:03<00:32,  3.33it/s, loss=2147300.0000]Trial 4 Ep1:   8%|█████                                                            | 9/115 [00:03<00:28,  3.71it/s, loss=2147300.0000]Trial 4 Ep1:   8%|█████                                                            | 9/115 [00:03<00:28,  3.71it/s, loss=1265570.8750]Trial 4 Ep1:   9%|█████▌                                                          | 10/115 [00:03<00:27,  3.88it/s, loss=1265570.8750]Trial 4 Ep1:   9%|█████▌                                                          | 10/115 [00:04<00:27,  3.88it/s, loss=2321242.0000]Trial 4 Ep1:  10%|██████                                                          | 11/115 [00:04<00:25,  4.12it/s, loss=2321242.0000]Trial 4 Ep1:  10%|██████                                                          | 11/115 [00:04<00:25,  4.12it/s, loss=5321369.0000]Trial 4 Ep1:  10%|██████▋                                                         | 12/115 [00:04<00:25,  3.99it/s, loss=5321369.0000]Trial 4 Ep1:  10%|██████▋                                                         | 12/115 [00:04<00:25,  3.99it/s, loss=5694977.0000]Trial 4 Ep1:  11%|███████▏                                                        | 13/115 [00:04<00:25,  4.01it/s, loss=5694977.0000]Trial 4 Ep1:  11%|███████▏                                                        | 13/115 [00:04<00:25,  4.01it/s, loss=4977606.0000]Trial 4 Ep1:  12%|███████▊                                                        | 14/115 [00:04<00:23,  4.27it/s, loss=4977606.0000]Trial 4 Ep1:  12%|███████▊                                                        | 14/115 [00:05<00:23,  4.27it/s, loss=1817649.7500]Trial 4 Ep1:  13%|████████▎                                                       | 15/115 [00:05<00:24,  4.16it/s, loss=1817649.7500]Trial 4 Ep1:  13%|████████▎                                                       | 15/115 [00:05<00:24,  4.16it/s, loss=1573898.0000]Trial 4 Ep1:  14%|████████▉                                                       | 16/115 [00:05<00:29,  3.32it/s, loss=1573898.0000]Trial 4 Ep1:  14%|████████▉                                                       | 16/115 [00:05<00:29,  3.32it/s, loss=9092659.0000]Trial 4 Ep1:  15%|█████████▍                                                      | 17/115 [00:05<00:31,  3.15it/s, loss=9092659.0000]                                                                                                                                      [I 2026-02-24 14:45:11,676] Trial 4 finished with value: 0.0 and parameters: {'learning_rate': 0.006, 'target_ab_lr': 0.001}. Best is trial 0 with value: 0.0.

  [NaN/Inf detected at batch 17] Aborting trial.
[Trial 4] GPU cache cleared

======================================================================
Trial 5 Starting
======================================================================
  rank=8, transfer_every=10000000, transfer_lr=1.0000e-01
  lora_alpha=1.0000, lr=6.0000e-03, wd=0.00e+00
  target_ab_lr=0.0100, lr_multiplier=1.666667
  effective_ab_lr = lr*alpha*mult = 0.0100
  momentum=0.00, nesterov=False, reinit_mode=decay
  tau_sec=0.0, optimizer=AnalogAdam
======================================================================
Some weights of MobileBertForSequenceClassification were not initialized from the model checkpoint at google/mobilebert-uncased and are newly initialized: ['classifier.bias', 'classifier.weight']
You should probably TRAIN this model on a down-stream task to be able to use it for predictions and inference.
  [FIX] Reinitialized classifier with FIXED seed=42
  [WARMUP] Initialized 3 tiles for LRTT update
  [WARMUP] Initialized 3 tiles for LRTT update
  [WARMUP] Initialized 3 tiles for LRTT update
  [WARMUP] Initialized 3 tiles for LRTT update
  [WARMUP] Initialized 3 tiles for LRTT update
  [WARMUP] Initialized 3 tiles for LRTT update
  [WARMUP] Initialized 3 tiles for LRTT update
  [WARMUP] Initialized 3 tiles for LRTT update
  [WARMUP] Initialized 3 tiles for LRTT update
  [WARMUP] Initialized 3 tiles for LRTT update
  [WARMUP] Initialized 3 tiles for LRTT update
  [WARMUP] Initialized 3 tiles for LRTT update
  [WARMUP] Initialized 3 tiles for LRTT update
  [WARMUP] Initialized 3 tiles for LRTT update
  [WARMUP] Initialized 3 tiles for LRTT update
  [WARMUP] Initialized 3 tiles for LRTT update
  [WARMUP] Initialized 3 tiles for LRTT update
  [WARMUP] Initialized 3 tiles for LRTT update
  [WARMUP] Initialized 3 tiles for LRTT update
  [WARMUP] Initialized 3 tiles for LRTT update
  [WARMUP] Initialized 3 tiles for LRTT update
  [WARMUP] Initialized 3 tiles for LRTT update
  [WARMUP] Initialized 3 tiles for LRTT update
  [WARMUP] Initialized 3 tiles for LRTT update
  [WARMUP] Initialized 3 tiles for LRTT update
  [WARMUP] Initialized 3 tiles for LRTT update
  [WARMUP] Initialized 3 tiles for LRTT update
  [WARMUP] Initialized 3 tiles for LRTT update
  [WARMUP] Initialized 3 tiles for LRTT update
  [WARMUP] Initialized 3 tiles for LRTT update
  [WARMUP] Initialized 3 tiles for LRTT update
  [WARMUP] Initialized 3 tiles for LRTT update
  [WARMUP] Initialized 3 tiles for LRTT update
  [WARMUP] Initialized 3 tiles for LRTT update
  [WARMUP] Initialized 3 tiles for LRTT update
  [WARMUP] Initialized 3 tiles for LRTT update
  [WARMUP] Initialized 3 tiles for LRTT update
  [WARMUP] Initialized 3 tiles for LRTT update
  [WARMUP] Initialized 3 tiles for LRTT update
  [WARMUP] Initialized 3 tiles for LRTT update
  [WARMUP] Initialized 3 tiles for LRTT update
  [WARMUP] Initialized 3 tiles for LRTT update
  [WARMUP] Initialized 3 tiles for LRTT update
  [WARMUP] Initialized 3 tiles for LRTT update
  [WARMUP] Initialized 3 tiles for LRTT update
  [WARMUP] Initialized 3 tiles for LRTT update
  [WARMUP] Initialized 3 tiles for LRTT update
  [WARMUP] Initialized 3 tiles for LRTT update
  [WARMUP] Initialized 3 tiles for LRTT update
  [WARMUP] Initialized 3 tiles for LRTT update
  [WARMUP] Initialized 3 tiles for LRTT update
  [WARMUP] Initialized 3 tiles for LRTT update
  [WARMUP] Initialized 3 tiles for LRTT update
  [WARMUP] Initialized 3 tiles for LRTT update
  [WARMUP] Initialized 3 tiles for LRTT update
  [WARMUP] Initialized 3 tiles for LRTT update
  [WARMUP] Initialized 3 tiles for LRTT update
  [WARMUP] Initialized 3 tiles for LRTT update
  [WARMUP] Initialized 3 tiles for LRTT update
  [WARMUP] Initialized 3 tiles for LRTT update
  [WARMUP] Initialized 3 tiles for LRTT update
  [WARMUP] Initialized 3 tiles for LRTT update
  [WARMUP] Initialized 3 tiles for LRTT update
  [WARMUP] Initialized 3 tiles for LRTT update
  [WARMUP] Initialized 3 tiles for LRTT update
  [WARMUP] Initialized 3 tiles for LRTT update
  [WARMUP] Initialized 3 tiles for LRTT update
  [WARMUP] Initialized 3 tiles for LRTT update
  [WARMUP] Initialized 3 tiles for LRTT update
  [WARMUP] Initialized 3 tiles for LRTT update
  [WARMUP] Initialized 3 tiles for LRTT update
  [WARMUP] Initialized 3 tiles for LRTT update
  [WARMUP] Initialized 3 tiles for LRTT update
  [WARMUP] Initialized 3 tiles for LRTT update
  [WARMUP] Initialized 3 tiles for LRTT update
  [WARMUP] Initialized 3 tiles for LRTT update
  [WARMUP] Initialized 3 tiles for LRTT update
  [WARMUP] Initialized 3 tiles for LRTT update
  [WARMUP] Initialized 3 tiles for LRTT update
  [WARMUP] Initialized 3 tiles for LRTT update
  [WARMUP] Initialized 3 tiles for LRTT update
  [WARMUP] Initialized 3 tiles for LRTT update
  [WARMUP] Initialized 3 tiles for LRTT update
  [WARMUP] Initialized 3 tiles for LRTT update
  [WARMUP] Initialized 3 tiles for LRTT update
  [WARMUP] Initialized 3 tiles for LRTT update
  [WARMUP] Initialized 3 tiles for LRTT update
  [WARMUP] Initialized 3 tiles for LRTT update
  [WARMUP] Initialized 3 tiles for LRTT update
  [WARMUP] Initialized 3 tiles for LRTT update
  [WARMUP] Initialized 3 tiles for LRTT update
  [WARMUP] Initialized 3 tiles for LRTT update
  [WARMUP] Initialized 3 tiles for LRTT update
  [WARMUP] Initialized 3 tiles for LRTT update
  [WARMUP] Initialized 3 tiles for LRTT update
  [WARMUP] Initialized 3 tiles for LRTT update
  LRTT Analog layers: 96, Total params: 21,842,978, Trainable (before grad set): 21,842,978
  Trainable (after grad set): 13,602
  LoRA target: qkv -> ['attention.self.query', 'attention.self.key', 'attention.self.value', 'attention.output.dense']

Optimizer configuration:
  Forward scaling (lora_alpha): 1.0
  Classifier LR: 0.006
  LRTT LR (optimizer): 0.01 (= 0.006 * 1.6666666666666667)
  Effective A,B LR: 0.01 (= 0.01 * 1.0)
  LRTT_LR_MULTIPLIER: 1.6666666666666667
  LRTT tile params: 288
  Other params: 98
  Collected 96 tile_c contexts for post-step reset
  Collected 192 tile_a/b contexts for post-step reset
  AB LR Warmup: 1e-07 → 1e-02 over 40 steps (scheduler warmup: 40 steps)
Trial 5 Ep1:   0%|                                                                                            | 0/115 [00:00<?, ?it/s]Trial 5 Ep1:   0%|                                                                         | 0/115 [00:00<?, ?it/s, loss=3520327.7500]Trial 5 Ep1:   1%|▌                                                                | 1/115 [00:00<01:53,  1.00it/s, loss=3520327.7500]Trial 5 Ep1:   1%|▌                                                                | 1/115 [00:01<01:53,  1.00it/s, loss=2984527.5000]Trial 5 Ep1:   2%|█▏                                                               | 2/115 [00:01<01:13,  1.54it/s, loss=2984527.5000]Trial 5 Ep1:   2%|█▏                                                               | 2/115 [00:01<01:13,  1.54it/s, loss=2144146.0000]Trial 5 Ep1:   3%|█▋                                                               | 3/115 [00:01<00:50,  2.23it/s, loss=2144146.0000]Trial 5 Ep1:   3%|█▋                                                                 | 3/115 [00:01<00:50,  2.23it/s, loss=45306.6094]Trial 5 Ep1:   3%|██▎                                                                | 4/115 [00:01<00:40,  2.77it/s, loss=45306.6094]Trial 5 Ep1:   3%|██▎                                                              | 4/115 [00:02<00:40,  2.77it/s, loss=1588471.7500]Trial 5 Ep1:   4%|██▊                                                              | 5/115 [00:02<00:42,  2.58it/s, loss=1588471.7500]Trial 5 Ep1:   4%|██▊                                                              | 5/115 [00:02<00:42,  2.58it/s, loss=4025007.5000]Trial 5 Ep1:   5%|███▍                                                             | 6/115 [00:02<00:35,  3.05it/s, loss=4025007.5000]Trial 5 Ep1:   5%|███▍                                                             | 6/115 [00:02<00:35,  3.05it/s, loss=4579411.5000]Trial 5 Ep1:   6%|███▉                                                             | 7/115 [00:02<00:32,  3.34it/s, loss=4579411.5000]Trial 5 Ep1:   6%|███▉                                                             | 7/115 [00:02<00:32,  3.34it/s, loss=3960522.5000]Trial 5 Ep1:   7%|████▌                                                            | 8/115 [00:02<00:28,  3.72it/s, loss=3960522.5000]Trial 5 Ep1:   7%|████▌                                                            | 8/115 [00:03<00:28,  3.72it/s, loss=3198190.7500]Trial 5 Ep1:   8%|█████                                                            | 9/115 [00:03<00:28,  3.74it/s, loss=3198190.7500]Trial 5 Ep1:   8%|█████▏                                                            | 9/115 [00:03<00:28,  3.74it/s, loss=696444.3750]Trial 5 Ep1:   9%|█████▋                                                           | 10/115 [00:03<00:26,  4.01it/s, loss=696444.3750]Trial 5 Ep1:   9%|█████▌                                                          | 10/115 [00:03<00:26,  4.01it/s, loss=2836332.0000]Trial 5 Ep1:  10%|██████                                                          | 11/115 [00:03<00:24,  4.23it/s, loss=2836332.0000]Trial 5 Ep1:  10%|██████                                                          | 11/115 [00:04<00:24,  4.23it/s, loss=6219578.0000]Trial 5 Ep1:  10%|██████▋                                                         | 12/115 [00:04<00:47,  2.15it/s, loss=6219578.0000]Trial 5 Ep1:  10%|██████▎                                                     | 12/115 [00:05<00:47,  2.15it/s, loss=10339962880.0000]Trial 5 Ep1:  11%|██████▊                                                     | 13/115 [00:05<00:49,  2.07it/s, loss=10339962880.0000]                                                                                                                                      [I 2026-02-24 14:45:24,289] Trial 5 finished with value: 0.0 and parameters: {'learning_rate': 0.006, 'target_ab_lr': 0.01}. Best is trial 0 with value: 0.0.

  [NaN/Inf detected at batch 13] Aborting trial.
[Trial 5] GPU cache cleared

======================================================================
Trial 6 Starting
======================================================================
  rank=8, transfer_every=10000000, transfer_lr=1.0000e-01
  lora_alpha=1.0000, lr=2.1448e-03, wd=0.00e+00
  target_ab_lr=0.0711, lr_multiplier=33.170384
  effective_ab_lr = lr*alpha*mult = 0.0711
  momentum=0.00, nesterov=False, reinit_mode=decay
  tau_sec=0.0, optimizer=AnalogAdam
======================================================================
Some weights of MobileBertForSequenceClassification were not initialized from the model checkpoint at google/mobilebert-uncased and are newly initialized: ['classifier.bias', 'classifier.weight']
You should probably TRAIN this model on a down-stream task to be able to use it for predictions and inference.
  [FIX] Reinitialized classifier with FIXED seed=42
  [WARMUP] Initialized 3 tiles for LRTT update
  [WARMUP] Initialized 3 tiles for LRTT update
  [WARMUP] Initialized 3 tiles for LRTT update
  [WARMUP] Initialized 3 tiles for LRTT update
  [WARMUP] Initialized 3 tiles for LRTT update
  [WARMUP] Initialized 3 tiles for LRTT update
  [WARMUP] Initialized 3 tiles for LRTT update
  [WARMUP] Initialized 3 tiles for LRTT update
  [WARMUP] Initialized 3 tiles for LRTT update
  [WARMUP] Initialized 3 tiles for LRTT update
  [WARMUP] Initialized 3 tiles for LRTT update
  [WARMUP] Initialized 3 tiles for LRTT update
  [WARMUP] Initialized 3 tiles for LRTT update
  [WARMUP] Initialized 3 tiles for LRTT update
  [WARMUP] Initialized 3 tiles for LRTT update
  [WARMUP] Initialized 3 tiles for LRTT update
  [WARMUP] Initialized 3 tiles for LRTT update
  [WARMUP] Initialized 3 tiles for LRTT update
  [WARMUP] Initialized 3 tiles for LRTT update
  [WARMUP] Initialized 3 tiles for LRTT update
  [WARMUP] Initialized 3 tiles for LRTT update
  [WARMUP] Initialized 3 tiles for LRTT update
  [WARMUP] Initialized 3 tiles for LRTT update
  [WARMUP] Initialized 3 tiles for LRTT update
  [WARMUP] Initialized 3 tiles for LRTT update
  [WARMUP] Initialized 3 tiles for LRTT update
  [WARMUP] Initialized 3 tiles for LRTT update
  [WARMUP] Initialized 3 tiles for LRTT update
  [WARMUP] Initialized 3 tiles for LRTT update
  [WARMUP] Initialized 3 tiles for LRTT update
  [WARMUP] Initialized 3 tiles for LRTT update
  [WARMUP] Initialized 3 tiles for LRTT update
  [WARMUP] Initialized 3 tiles for LRTT update
  [WARMUP] Initialized 3 tiles for LRTT update
  [WARMUP] Initialized 3 tiles for LRTT update
  [WARMUP] Initialized 3 tiles for LRTT update
  [WARMUP] Initialized 3 tiles for LRTT update
  [WARMUP] Initialized 3 tiles for LRTT update
  [WARMUP] Initialized 3 tiles for LRTT update
  [WARMUP] Initialized 3 tiles for LRTT update
  [WARMUP] Initialized 3 tiles for LRTT update
  [WARMUP] Initialized 3 tiles for LRTT update
  [WARMUP] Initialized 3 tiles for LRTT update
  [WARMUP] Initialized 3 tiles for LRTT update
  [WARMUP] Initialized 3 tiles for LRTT update
  [WARMUP] Initialized 3 tiles for LRTT update
  [WARMUP] Initialized 3 tiles for LRTT update
  [WARMUP] Initialized 3 tiles for LRTT update
  [WARMUP] Initialized 3 tiles for LRTT update
  [WARMUP] Initialized 3 tiles for LRTT update
  [WARMUP] Initialized 3 tiles for LRTT update
  [WARMUP] Initialized 3 tiles for LRTT update
  [WARMUP] Initialized 3 tiles for LRTT update
  [WARMUP] Initialized 3 tiles for LRTT update
  [WARMUP] Initialized 3 tiles for LRTT update
  [WARMUP] Initialized 3 tiles for LRTT update
  [WARMUP] Initialized 3 tiles for LRTT update
  [WARMUP] Initialized 3 tiles for LRTT update
  [WARMUP] Initialized 3 tiles for LRTT update
  [WARMUP] Initialized 3 tiles for LRTT update
  [WARMUP] Initialized 3 tiles for LRTT update
  [WARMUP] Initialized 3 tiles for LRTT update
  [WARMUP] Initialized 3 tiles for LRTT update
  [WARMUP] Initialized 3 tiles for LRTT update
  [WARMUP] Initialized 3 tiles for LRTT update
  [WARMUP] Initialized 3 tiles for LRTT update
  [WARMUP] Initialized 3 tiles for LRTT update
  [WARMUP] Initialized 3 tiles for LRTT update
  [WARMUP] Initialized 3 tiles for LRTT update
  [WARMUP] Initialized 3 tiles for LRTT update
  [WARMUP] Initialized 3 tiles for LRTT update
  [WARMUP] Initialized 3 tiles for LRTT update
  [WARMUP] Initialized 3 tiles for LRTT update
  [WARMUP] Initialized 3 tiles for LRTT update
  [WARMUP] Initialized 3 tiles for LRTT update
  [WARMUP] Initialized 3 tiles for LRTT update
  [WARMUP] Initialized 3 tiles for LRTT update
  [WARMUP] Initialized 3 tiles for LRTT update
  [WARMUP] Initialized 3 tiles for LRTT update
  [WARMUP] Initialized 3 tiles for LRTT update
  [WARMUP] Initialized 3 tiles for LRTT update
  [WARMUP] Initialized 3 tiles for LRTT update
  [WARMUP] Initialized 3 tiles for LRTT update
  [WARMUP] Initialized 3 tiles for LRTT update
  [WARMUP] Initialized 3 tiles for LRTT update
  [WARMUP] Initialized 3 tiles for LRTT update
  [WARMUP] Initialized 3 tiles for LRTT update
  [WARMUP] Initialized 3 tiles for LRTT update
  [WARMUP] Initialized 3 tiles for LRTT update
  [WARMUP] Initialized 3 tiles for LRTT update
  [WARMUP] Initialized 3 tiles for LRTT update
  [WARMUP] Initialized 3 tiles for LRTT update
  [WARMUP] Initialized 3 tiles for LRTT update
  [WARMUP] Initialized 3 tiles for LRTT update
  [WARMUP] Initialized 3 tiles for LRTT update
  [WARMUP] Initialized 3 tiles for LRTT update
  LRTT Analog layers: 96, Total params: 21,842,978, Trainable (before grad set): 21,842,978
  Trainable (after grad set): 13,602
  LoRA target: qkv -> ['attention.self.query', 'attention.self.key', 'attention.self.value', 'attention.output.dense']

Optimizer configuration:
  Forward scaling (lora_alpha): 1.0
  Classifier LR: 0.0021448277535601463
  LRTT LR (optimizer): 0.07114476009343425 (= 0.0021448277535601463 * 33.17038395057264)
  Effective A,B LR: 0.07114476009343425 (= 0.07114476009343425 * 1.0)
  LRTT_LR_MULTIPLIER: 33.17038395057264
  LRTT tile params: 288
  Other params: 98
  Collected 96 tile_c contexts for post-step reset
  Collected 192 tile_a/b contexts for post-step reset
  AB LR Warmup: 1e-07 → 7e-02 over 40 steps (scheduler warmup: 40 steps)
