Trial 1 Ep1:   0%|                                                                                            | 0/115 [00:00<?, ?it/s]Trial 1 Ep1:   0%|                                                                         | 0/115 [00:01<?, ?it/s, loss=3520327.7500]Trial 1 Ep1:   1%|▌                                                                | 1/115 [00:01<02:03,  1.08s/it, loss=3520327.7500]Trial 1 Ep1:   1%|▌                                                                | 1/115 [00:01<02:03,  1.08s/it, loss=2984527.5000]Trial 1 Ep1:   2%|█▏                                                               | 2/115 [00:01<01:15,  1.50it/s, loss=2984527.5000]Trial 1 Ep1:   2%|█▏                                                               | 2/115 [00:01<01:15,  1.50it/s, loss=2986804.5000]Trial 1 Ep1:   3%|█▋                                                               | 3/115 [00:01<00:51,  2.17it/s, loss=2986804.5000]Trial 1 Ep1:   3%|█▋                                                               | 3/115 [00:01<00:51,  2.17it/s, loss=2308391.0000]Trial 1 Ep1:   3%|██▎                                                              | 4/115 [00:01<00:41,  2.69it/s, loss=2308391.0000]Trial 1 Ep1:   3%|██▎                                                              | 4/115 [00:02<00:41,  2.69it/s, loss=2343523.2500]Trial 1 Ep1:   4%|██▊                                                              | 5/115 [00:02<00:43,  2.55it/s, loss=2343523.2500]Trial 1 Ep1:   4%|██▊                                                              | 5/115 [00:02<00:43,  2.55it/s, loss=1157770.7500]Trial 1 Ep1:   5%|███▍                                                             | 6/115 [00:02<00:36,  3.01it/s, loss=1157770.7500]Trial 1 Ep1:   5%|███▍                                                              | 6/115 [00:02<00:36,  3.01it/s, loss=336394.9062]Trial 1 Ep1:   6%|████                                                              | 7/115 [00:02<00:33,  3.20it/s, loss=336394.9062]Trial 1 Ep1:   6%|████                                                              | 7/115 [00:03<00:33,  3.20it/s, loss=515385.2812]Trial 1 Ep1:   7%|████▌                                                             | 8/115 [00:03<00:29,  3.58it/s, loss=515385.2812]Trial 1 Ep1:   7%|████▌                                                            | 8/115 [00:03<00:29,  3.58it/s, loss=1182360.8750]Trial 1 Ep1:   8%|█████                                                            | 9/115 [00:03<00:27,  3.92it/s, loss=1182360.8750]Trial 1 Ep1:   8%|█████▏                                                            | 9/115 [00:03<00:27,  3.92it/s, loss=950362.3125]Trial 1 Ep1:   9%|█████▋                                                           | 10/115 [00:03<00:26,  4.02it/s, loss=950362.3125]Trial 1 Ep1:   9%|█████▌                                                          | 10/115 [00:03<00:26,  4.02it/s, loss=1255732.5000]Trial 1 Ep1:  10%|██████                                                          | 11/115 [00:03<00:24,  4.20it/s, loss=1255732.5000]Trial 1 Ep1:  10%|██████▏                                                          | 11/115 [00:04<00:24,  4.20it/s, loss=894457.5000]Trial 1 Ep1:  10%|██████▊                                                          | 12/115 [00:04<00:31,  3.28it/s, loss=894457.5000]Trial 1 Ep1:  10%|██████▊                                                          | 12/115 [00:04<00:31,  3.28it/s, loss=107714.5234]Trial 1 Ep1:  11%|███████▎                                                         | 13/115 [00:04<00:32,  3.15it/s, loss=107714.5234]                                                                                                                                      [I 2026-02-24 14:25:22,418] Trial 1 finished with value: 0.0 and parameters: {'learning_rate': 0.001076, 'target_ab_lr': 0.01}. Best is trial 0 with value: 0.0.

  [NaN/Inf detected at batch 13] Aborting trial.
[Trial 1] GPU cache cleared

======================================================================
Trial 2 Starting
======================================================================
  rank=8, transfer_every=10000000, transfer_lr=1.0000e-01
  lora_alpha=1.0000, lr=1.0760e-03, wd=0.00e+00
  target_ab_lr=0.0050, lr_multiplier=4.646840
  effective_ab_lr = lr*alpha*mult = 0.0050
  momentum=0.00, nesterov=False, reinit_mode=decay
  tau_sec=0.0, optimizer=AnalogAdam
======================================================================
huggingface/tokenizers: The current process just got forked, after parallelism has already been used. Disabling parallelism to avoid deadlocks...
To disable this warning, you can either:
	- Avoid using `tokenizers` before the fork if possible
	- Explicitly set the environment variable TOKENIZERS_PARALLELISM=(true | false)
Some weights of MobileBertForSequenceClassification were not initialized from the model checkpoint at google/mobilebert-uncased and are newly initialized: ['classifier.bias', 'classifier.weight']
You should probably TRAIN this model on a down-stream task to be able to use it for predictions and inference.
  [FIX] Reinitialized classifier with FIXED seed=42
  [WARMUP] Initialized 3 tiles for LRTT update
  [WARMUP] Initialized 3 tiles for LRTT update
  [WARMUP] Initialized 3 tiles for LRTT update
  [WARMUP] Initialized 3 tiles for LRTT update
  [WARMUP] Initialized 3 tiles for LRTT update
  [WARMUP] Initialized 3 tiles for LRTT update
  [WARMUP] Initialized 3 tiles for LRTT update
  [WARMUP] Initialized 3 tiles for LRTT update
  [WARMUP] Initialized 3 tiles for LRTT update
  [WARMUP] Initialized 3 tiles for LRTT update
  [WARMUP] Initialized 3 tiles for LRTT update
  [WARMUP] Initialized 3 tiles for LRTT update
  [WARMUP] Initialized 3 tiles for LRTT update
  [WARMUP] Initialized 3 tiles for LRTT update
  [WARMUP] Initialized 3 tiles for LRTT update
  [WARMUP] Initialized 3 tiles for LRTT update
  [WARMUP] Initialized 3 tiles for LRTT update
  [WARMUP] Initialized 3 tiles for LRTT update
  [WARMUP] Initialized 3 tiles for LRTT update
  [WARMUP] Initialized 3 tiles for LRTT update
  [WARMUP] Initialized 3 tiles for LRTT update
  [WARMUP] Initialized 3 tiles for LRTT update
  [WARMUP] Initialized 3 tiles for LRTT update
  [WARMUP] Initialized 3 tiles for LRTT update
  [WARMUP] Initialized 3 tiles for LRTT update
  [WARMUP] Initialized 3 tiles for LRTT update
  [WARMUP] Initialized 3 tiles for LRTT update
  [WARMUP] Initialized 3 tiles for LRTT update
  [WARMUP] Initialized 3 tiles for LRTT update
  [WARMUP] Initialized 3 tiles for LRTT update
  [WARMUP] Initialized 3 tiles for LRTT update
  [WARMUP] Initialized 3 tiles for LRTT update
  [WARMUP] Initialized 3 tiles for LRTT update
  [WARMUP] Initialized 3 tiles for LRTT update
  [WARMUP] Initialized 3 tiles for LRTT update
  [WARMUP] Initialized 3 tiles for LRTT update
  [WARMUP] Initialized 3 tiles for LRTT update
  [WARMUP] Initialized 3 tiles for LRTT update
  [WARMUP] Initialized 3 tiles for LRTT update
  [WARMUP] Initialized 3 tiles for LRTT update
  [WARMUP] Initialized 3 tiles for LRTT update
  [WARMUP] Initialized 3 tiles for LRTT update
  [WARMUP] Initialized 3 tiles for LRTT update
  [WARMUP] Initialized 3 tiles for LRTT update
  [WARMUP] Initialized 3 tiles for LRTT update
  [WARMUP] Initialized 3 tiles for LRTT update
  [WARMUP] Initialized 3 tiles for LRTT update
  [WARMUP] Initialized 3 tiles for LRTT update
  [WARMUP] Initialized 3 tiles for LRTT update
  [WARMUP] Initialized 3 tiles for LRTT update
  [WARMUP] Initialized 3 tiles for LRTT update
  [WARMUP] Initialized 3 tiles for LRTT update
  [WARMUP] Initialized 3 tiles for LRTT update
  [WARMUP] Initialized 3 tiles for LRTT update
  [WARMUP] Initialized 3 tiles for LRTT update
  [WARMUP] Initialized 3 tiles for LRTT update
  [WARMUP] Initialized 3 tiles for LRTT update
  [WARMUP] Initialized 3 tiles for LRTT update
  [WARMUP] Initialized 3 tiles for LRTT update
  [WARMUP] Initialized 3 tiles for LRTT update
  [WARMUP] Initialized 3 tiles for LRTT update
  [WARMUP] Initialized 3 tiles for LRTT update
  [WARMUP] Initialized 3 tiles for LRTT update
  [WARMUP] Initialized 3 tiles for LRTT update
  [WARMUP] Initialized 3 tiles for LRTT update
  [WARMUP] Initialized 3 tiles for LRTT update
  [WARMUP] Initialized 3 tiles for LRTT update
  [WARMUP] Initialized 3 tiles for LRTT update
  [WARMUP] Initialized 3 tiles for LRTT update
  [WARMUP] Initialized 3 tiles for LRTT update
  [WARMUP] Initialized 3 tiles for LRTT update
  [WARMUP] Initialized 3 tiles for LRTT update
  [WARMUP] Initialized 3 tiles for LRTT update
  [WARMUP] Initialized 3 tiles for LRTT update
  [WARMUP] Initialized 3 tiles for LRTT update
  [WARMUP] Initialized 3 tiles for LRTT update
  [WARMUP] Initialized 3 tiles for LRTT update
  [WARMUP] Initialized 3 tiles for LRTT update
  [WARMUP] Initialized 3 tiles for LRTT update
  [WARMUP] Initialized 3 tiles for LRTT update
  [WARMUP] Initialized 3 tiles for LRTT update
  [WARMUP] Initialized 3 tiles for LRTT update
  [WARMUP] Initialized 3 tiles for LRTT update
  [WARMUP] Initialized 3 tiles for LRTT update
  [WARMUP] Initialized 3 tiles for LRTT update
  [WARMUP] Initialized 3 tiles for LRTT update
  [WARMUP] Initialized 3 tiles for LRTT update
  [WARMUP] Initialized 3 tiles for LRTT update
  [WARMUP] Initialized 3 tiles for LRTT update
  [WARMUP] Initialized 3 tiles for LRTT update
  [WARMUP] Initialized 3 tiles for LRTT update
  [WARMUP] Initialized 3 tiles for LRTT update
  [WARMUP] Initialized 3 tiles for LRTT update
  [WARMUP] Initialized 3 tiles for LRTT update
  [WARMUP] Initialized 3 tiles for LRTT update
  [WARMUP] Initialized 3 tiles for LRTT update
  LRTT Analog layers: 96, Total params: 21,842,978, Trainable (before grad set): 21,842,978
  Trainable (after grad set): 13,602
  LoRA target: qkv -> ['attention.self.query', 'attention.self.key', 'attention.self.value', 'attention.output.dense']

Optimizer configuration:
  Forward scaling (lora_alpha): 1.0
  Classifier LR: 0.001076
  LRTT LR (optimizer): 0.005 (= 0.001076 * 4.646840148698885)
  Effective A,B LR: 0.005 (= 0.005 * 1.0)
  LRTT_LR_MULTIPLIER: 4.646840148698885
  LRTT tile params: 288
  Other params: 98
  Collected 96 tile_c contexts for post-step reset
  Collected 192 tile_a/b contexts for post-step reset
  AB LR Warmup: 1e-07 → 5e-03 over 402 steps (scheduler warmup: 40 steps)
Trial 2 Ep1:   0%|                                                                                            | 0/115 [00:00<?, ?it/s]Trial 2 Ep1:   0%|                                                                         | 0/115 [00:01<?, ?it/s, loss=3481864.5000]Trial 2 Ep1:   1%|▌                                                                | 1/115 [00:01<02:10,  1.14s/it, loss=3481864.5000]Trial 2 Ep1:   1%|▌                                                                | 1/115 [00:01<02:10,  1.14s/it, loss=2940390.0000]Trial 2 Ep1:   2%|█▏                                                               | 2/115 [00:01<01:18,  1.44it/s, loss=2940390.0000]Trial 2 Ep1:   2%|█▏                                                               | 2/115 [00:01<01:18,  1.44it/s, loss=2460521.5000]Trial 2 Ep1:   3%|█▋                                                               | 3/115 [00:01<00:53,  2.08it/s, loss=2460521.5000]Trial 2 Ep1:   3%|█▋                                                               | 3/115 [00:01<00:53,  2.08it/s, loss=3022862.0000]Trial 2 Ep1:   3%|██▎                                                              | 4/115 [00:01<00:43,  2.57it/s, loss=3022862.0000]Trial 2 Ep1:   3%|██▎                                                              | 4/115 [00:02<00:43,  2.57it/s, loss=2336580.5000]Trial 2 Ep1:   4%|██▊                                                              | 5/115 [00:02<00:36,  3.00it/s, loss=2336580.5000]Trial 2 Ep1:   4%|██▊                                                              | 5/115 [00:02<00:36,  3.00it/s, loss=1680604.2500]Trial 2 Ep1:   5%|███▍                                                             | 6/115 [00:02<00:33,  3.26it/s, loss=1680604.2500]Trial 2 Ep1:   5%|███▍                                                              | 6/115 [00:02<00:33,  3.26it/s, loss=533747.6250]Trial 2 Ep1:   6%|████                                                              | 7/115 [00:02<00:30,  3.50it/s, loss=533747.6250]Trial 2 Ep1:   6%|████                                                              | 7/115 [00:02<00:30,  3.50it/s, loss=345021.1250]Trial 2 Ep1:   7%|████▌                                                             | 8/115 [00:02<00:28,  3.75it/s, loss=345021.1250]Trial 2 Ep1:   7%|████▌                                                             | 8/115 [00:03<00:28,  3.75it/s, loss=758495.6875]Trial 2 Ep1:   8%|█████▏                                                            | 9/115 [00:03<00:26,  3.95it/s, loss=758495.6875]Trial 2 Ep1:   8%|█████▏                                                            | 9/115 [00:03<00:26,  3.95it/s, loss=342408.7188]Trial 2 Ep1:   9%|█████▋                                                           | 10/115 [00:03<00:26,  4.00it/s, loss=342408.7188]Trial 2 Ep1:   9%|█████▋                                                           | 10/115 [00:03<00:26,  4.00it/s, loss=506795.2188]Trial 2 Ep1:  10%|██████▏                                                          | 11/115 [00:03<00:25,  4.12it/s, loss=506795.2188]Trial 2 Ep1:  10%|██████                                                          | 11/115 [00:03<00:25,  4.12it/s, loss=2051096.5000]Trial 2 Ep1:  10%|██████▋                                                         | 12/115 [00:03<00:26,  3.93it/s, loss=2051096.5000]Trial 2 Ep1:  10%|██████▋                                                         | 12/115 [00:04<00:26,  3.93it/s, loss=1533867.6250]Trial 2 Ep1:  11%|███████▏                                                        | 13/115 [00:04<00:24,  4.10it/s, loss=1533867.6250]Trial 2 Ep1:  11%|███████▎                                                         | 13/115 [00:04<00:24,  4.10it/s, loss=950867.7500]Trial 2 Ep1:  12%|███████▉                                                         | 14/115 [00:04<00:24,  4.19it/s, loss=950867.7500]Trial 2 Ep1:  12%|███████▉                                                         | 14/115 [00:04<00:24,  4.19it/s, loss=403614.0625]Trial 2 Ep1:  13%|████████▍                                                        | 15/115 [00:04<00:24,  4.14it/s, loss=403614.0625]Trial 2 Ep1:  13%|████████▍                                                        | 15/115 [00:04<00:24,  4.14it/s, loss=494850.8125]Trial 2 Ep1:  14%|█████████                                                        | 16/115 [00:04<00:24,  4.03it/s, loss=494850.8125]Trial 2 Ep1:  14%|████████▉                                                       | 16/115 [00:05<00:24,  4.03it/s, loss=1315314.3750]Trial 2 Ep1:  15%|█████████▍                                                      | 17/115 [00:05<00:24,  4.06it/s, loss=1315314.3750]                                                                                                                                      [W 2026-02-24 14:25:34,964] Trial 2 failed with parameters: {'learning_rate': 0.001076, 'target_ab_lr': 0.005} because of the following error: OutOfMemoryError('CUDA out of memory. Tried to allocate 20.00 MiB. GPU 0 has a total capacity of 139.81 GiB of which 15.69 MiB is free. Process 2934491 has 139.79 GiB memory in use. Of the allocated memory 70.39 GiB is allocated by PyTorch, and 997.56 MiB is reserved by PyTorch but unallocated. If reserved but unallocated memory is large try setting PYTORCH_ALLOC_CONF=expandable_segments:True to avoid fragmentation.  See documentation for Memory Management  (https://pytorch.org/docs/stable/notes/cuda.html#environment-variables)').
Traceback (most recent call last):
  File "/opt/conda/lib/python3.11/site-packages/optuna/study/_optimize.py", line 206, in _run_trial
    value_or_values = func(trial)
                      ^^^^^^^^^^^
  File "/data/optuna_mobilebert_glue_lora.py", line 1484, in <lambda>
    lambda trial: objective(trial, train_loader, eval_loader, tokenizer),
                  ^^^^^^^^^^^^^^^^^^^^^^^^^^^^^^^^^^^^^^^^^^^^^^^^^^^^^^
  File "/data/optuna_mobilebert_glue_lora.py", line 1141, in objective
    outputs = model(**model_inputs)
              ^^^^^^^^^^^^^^^^^^^^^
  File "/opt/conda/lib/python3.11/site-packages/torch/nn/modules/module.py", line 1776, in _wrapped_call_impl
    return self._call_impl(*args, **kwargs)
           ^^^^^^^^^^^^^^^^^^^^^^^^^^^^^^^^
  File "/opt/conda/lib/python3.11/site-packages/torch/nn/modules/module.py", line 1787, in _call_impl
    return forward_call(*args, **kwargs)
           ^^^^^^^^^^^^^^^^^^^^^^^^^^^^^
  File "/opt/conda/lib/python3.11/site-packages/transformers/models/mobilebert/modeling_mobilebert.py", line 1286, in forward
    outputs = self.mobilebert(
              ^^^^^^^^^^^^^^^^
  File "/opt/conda/lib/python3.11/site-packages/torch/nn/modules/module.py", line 1776, in _wrapped_call_impl
    return self._call_impl(*args, **kwargs)
           ^^^^^^^^^^^^^^^^^^^^^^^^^^^^^^^^
  File "/opt/conda/lib/python3.11/site-packages/torch/nn/modules/module.py", line 1787, in _call_impl
    return forward_call(*args, **kwargs)
           ^^^^^^^^^^^^^^^^^^^^^^^^^^^^^
  File "/opt/conda/lib/python3.11/site-packages/transformers/models/mobilebert/modeling_mobilebert.py", line 898, in forward
    encoder_outputs = self.encoder(
                      ^^^^^^^^^^^^^
  File "/opt/conda/lib/python3.11/site-packages/torch/nn/modules/module.py", line 1776, in _wrapped_call_impl
    return self._call_impl(*args, **kwargs)
           ^^^^^^^^^^^^^^^^^^^^^^^^^^^^^^^^
  File "/opt/conda/lib/python3.11/site-packages/torch/nn/modules/module.py", line 1787, in _call_impl
    return forward_call(*args, **kwargs)
           ^^^^^^^^^^^^^^^^^^^^^^^^^^^^^
  File "/opt/conda/lib/python3.11/site-packages/transformers/models/mobilebert/modeling_mobilebert.py", line 580, in forward
    layer_outputs = layer_module(
                    ^^^^^^^^^^^^^
  File "/opt/conda/lib/python3.11/site-packages/torch/nn/modules/module.py", line 1776, in _wrapped_call_impl
    return self._call_impl(*args, **kwargs)
           ^^^^^^^^^^^^^^^^^^^^^^^^^^^^^^^^
  File "/opt/conda/lib/python3.11/site-packages/torch/nn/modules/module.py", line 1787, in _call_impl
    return forward_call(*args, **kwargs)
           ^^^^^^^^^^^^^^^^^^^^^^^^^^^^^
  File "/opt/conda/lib/python3.11/site-packages/transformers/models/mobilebert/modeling_mobilebert.py", line 542, in forward
    layer_output = self.output(intermediate_output, attention_output, hidden_states)
                   ^^^^^^^^^^^^^^^^^^^^^^^^^^^^^^^^^^^^^^^^^^^^^^^^^^^^^^^^^^^^^^^^^
  File "/opt/conda/lib/python3.11/site-packages/torch/nn/modules/module.py", line 1776, in _wrapped_call_impl
    return self._call_impl(*args, **kwargs)
           ^^^^^^^^^^^^^^^^^^^^^^^^^^^^^^^^
  File "/opt/conda/lib/python3.11/site-packages/torch/nn/modules/module.py", line 1787, in _call_impl
    return forward_call(*args, **kwargs)
           ^^^^^^^^^^^^^^^^^^^^^^^^^^^^^
  File "/opt/conda/lib/python3.11/site-packages/transformers/models/mobilebert/modeling_mobilebert.py", line 421, in forward
    layer_output = self.bottleneck(layer_output, residual_tensor_2)
                   ^^^^^^^^^^^^^^^^^^^^^^^^^^^^^^^^^^^^^^^^^^^^^^^^
  File "/opt/conda/lib/python3.11/site-packages/torch/nn/modules/module.py", line 1776, in _wrapped_call_impl
    return self._call_impl(*args, **kwargs)
           ^^^^^^^^^^^^^^^^^^^^^^^^^^^^^^^^
  File "/opt/conda/lib/python3.11/site-packages/torch/nn/modules/module.py", line 1787, in _call_impl
    return forward_call(*args, **kwargs)
           ^^^^^^^^^^^^^^^^^^^^^^^^^^^^^
  File "/opt/conda/lib/python3.11/site-packages/transformers/models/mobilebert/modeling_mobilebert.py", line 397, in forward
    layer_outputs = self.LayerNorm(layer_outputs + residual_tensor)
                    ^^^^^^^^^^^^^^^^^^^^^^^^^^^^^^^^^^^^^^^^^^^^^^^
  File "/opt/conda/lib/python3.11/site-packages/torch/nn/modules/module.py", line 1776, in _wrapped_call_impl
    return self._call_impl(*args, **kwargs)
           ^^^^^^^^^^^^^^^^^^^^^^^^^^^^^^^^
  File "/opt/conda/lib/python3.11/site-packages/torch/nn/modules/module.py", line 1787, in _call_impl
    return forward_call(*args, **kwargs)
           ^^^^^^^^^^^^^^^^^^^^^^^^^^^^^
  File "/opt/conda/lib/python3.11/site-packages/transformers/models/mobilebert/modeling_mobilebert.py", line 165, in forward
    return input_tensor * self.weight + self.bias
           ~~~~~~~~~~~~~~~~~~~~~~~~~~~^~~~~~~~~~~
torch.OutOfMemoryError: CUDA out of memory. Tried to allocate 20.00 MiB. GPU 0 has a total capacity of 139.81 GiB of which 15.69 MiB is free. Process 2934491 has 139.79 GiB memory in use. Of the allocated memory 70.39 GiB is allocated by PyTorch, and 997.56 MiB is reserved by PyTorch but unallocated. If reserved but unallocated memory is large try setting PYTORCH_ALLOC_CONF=expandable_segments:True to avoid fragmentation.  See documentation for Memory Management  (https://pytorch.org/docs/stable/notes/cuda.html#environment-variables)
[W 2026-02-24 14:25:34,966] Trial 2 failed with value None.
2026-02-24 14:25:38.379031: I tensorflow/core/util/port.cc:111] oneDNN custom operations are on. You may see slightly different numerical results due to floating-point round-off errors from different computation orders. To turn them off, set the environment variable `TF_ENABLE_ONEDNN_OPTS=0`.
2026-02-24 14:25:38.381686: I tensorflow/tsl/cuda/cudart_stub.cc:28] Could not find cuda drivers on your machine, GPU will not be used.
2026-02-24 14:25:38.411990: E tensorflow/compiler/xla/stream_executor/cuda/cuda_dnn.cc:9342] Unable to register cuDNN factory: Attempting to r