2026-02-24 14:43:54.921131: I tensorflow/core/util/port.cc:111] oneDNN custom operations are on. You may see slightly different numerical results due to floating-point round-off errors from different computation orders. To turn them off, set the environment variable `TF_ENABLE_ONEDNN_OPTS=0`.
2026-02-24 14:43:54.923645: I tensorflow/tsl/cuda/cudart_stub.cc:28] Could not find cuda drivers on your machine, GPU will not be used.
2026-02-24 14:43:54.952144: E tensorflow/compiler/xla/stream_executor/cuda/cuda_dnn.cc:9342] Unable to register cuDNN factory: Attempting to register factory for plugin cuDNN when one has already been registered
2026-02-24 14:43:54.952178: E tensorflow/compiler/xla/stream_executor/cuda/cuda_fft.cc:609] Unable to register cuFFT factory: Attempting to register factory for plugin cuFFT when one has already been registered
2026-02-24 14:43:54.952202: E tensorflow/compiler/xla/stream_executor/cuda/cuda_blas.cc:1518] Unable to register cuBLAS factory: Attempting to register factory for plugin cuBLAS when one has already been registered
2026-02-24 14:43:54.958249: I tensorflow/core/platform/cpu_feature_guard.cc:182] This TensorFlow binary is optimized to use available CPU instructions in performance-critical operations.
To enable the following instructions: AVX2 AVX512F AVX512_VNNI AVX512_BF16 AVX_VNNI AMX_TILE AMX_INT8 AMX_BF16 FMA, in other operations, rebuild TensorFlow with the appropriate compiler flags.
2026-02-24 14:43:55.675582: W tensorflow/compiler/tf2tensorrt/utils/py_utils.cc:38] TF-TRT Warning: Could not find TensorRT
[I 2026-02-24 14:44:01,290] A new study created in RDB with name: mrpc_ablrwarm_orig_v2
  [Task Config] mrpc: batch_size=32, max_seq=128, epochs=7, lr=0.006
  GLUE mrpc: Train=3668, Eval=408
Train batches: 115, Eval batches: 7
  Early stop patience: 2, Pruner: Median, startup=5, warmup=2

Study: mrpc_ablrwarm_orig_v2, Device: cuda, New trials: 5

======================================================================
Trial 0 Starting
======================================================================
  rank=8, transfer_every=10000000, transfer_lr=1.0000e-01
  lora_alpha=1.0000, lr=6.0000e-03, wd=0.00e+00
  target_ab_lr=0.0010, lr_multiplier=0.166667
  effective_ab_lr = lr*alpha*mult = 0.0010
  momentum=0.00, nesterov=False, reinit_mode=decay
  tau_sec=0.0, optimizer=AnalogAdam
======================================================================
Some weights of MobileBertForSequenceClassification were not initialized from the model checkpoint at google/mobilebert-uncased and are newly initialized: ['classifier.bias', 'classifier.weight']
You should probably TRAIN this model on a down-stream task to be able to use it for predictions and inference.
  [FIX] Reinitialized classifier with FIXED seed=42
  [WARMUP] Initialized 3 tiles for LRTT update
  [WARMUP] Initialized 3 tiles for LRTT update
  [WARMUP] Initialized 3 tiles for LRTT update
  [WARMUP] Initialized 3 tiles for LRTT update
  [WARMUP] Initialized 3 tiles for LRTT update
  [WARMUP] Initialized 3 tiles for LRTT update
  [WARMUP] Initialized 3 tiles for LRTT update
  [WARMUP] Initialized 3 tiles for LRTT update
  [WARMUP] Initialized 3 tiles for LRTT update
  [WARMUP] Initialized 3 tiles for LRTT update
  [WARMUP] Initialized 3 tiles for LRTT update
  [WARMUP] Initialized 3 tiles for LRTT update
  [WARMUP] Initialized 3 tiles for LRTT update
  [WARMUP] Initialized 3 tiles for LRTT update
  [WARMUP] Initialized 3 tiles for LRTT update
  [WARMUP] Initialized 3 tiles for LRTT update
  [WARMUP] Initialized 3 tiles for LRTT update
  [WARMUP] Initialized 3 tiles for LRTT update
  [WARMUP] Initialized 3 tiles for LRTT update
  [WARMUP] Initialized 3 tiles for LRTT update
  [WARMUP] Initialized 3 tiles for LRTT update
  [WARMUP] Initialized 3 tiles for LRTT update
  [WARMUP] Initialized 3 tiles for LRTT update
  [WARMUP] Initialized 3 tiles for LRTT update
  [WARMUP] Initialized 3 tiles for LRTT update
  [WARMUP] Initialized 3 tiles for LRTT update
  [WARMUP] Initialized 3 tiles for LRTT update
  [WARMUP] Initialized 3 tiles for LRTT update
  [WARMUP] Initialized 3 tiles for LRTT update
  [WARMUP] Initialized 3 tiles for LRTT update
  [WARMUP] Initialized 3 tiles for LRTT update
  [WARMUP] Initialized 3 tiles for LRTT update
  [WARMUP] Initialized 3 tiles for LRTT update
  [WARMUP] Initialized 3 tiles for LRTT update
  [WARMUP] Initialized 3 tiles for LRTT update
  [WARMUP] Initialized 3 tiles for LRTT update
  [WARMUP] Initialized 3 tiles for LRTT update
  [WARMUP] Initialized 3 tiles for LRTT update
  [WARMUP] Initialized 3 tiles for LRTT update
  [WARMUP] Initialized 3 tiles for LRTT update
  [WARMUP] Initialized 3 tiles for LRTT update
  [WARMUP] Initialized 3 tiles for LRTT update
  [WARMUP] Initialized 3 tiles for LRTT update
  [WARMUP] Initialized 3 tiles for LRTT update
  [WARMUP] Initialized 3 tiles for LRTT update
  [WARMUP] Initialized 3 tiles for LRTT update
  [WARMUP] Initialized 3 tiles for LRTT update
  [WARMUP] Initialized 3 tiles for LRTT update
  [WARMUP] Initialized 3 tiles for LRTT update
  [WARMUP] Initialized 3 tiles for LRTT update
  [WARMUP] Initialized 3 tiles for LRTT update
  [WARMUP] Initialized 3 tiles for LRTT update
  [WARMUP] Initialized 3 tiles for LRTT update
  [WARMUP] Initialized 3 tiles for LRTT update
  [WARMUP] Initialized 3 tiles for LRTT update
  [WARMUP] Initialized 3 tiles for LRTT update
  [WARMUP] Initialized 3 tiles for LRTT update
  [WARMUP] Initialized 3 tiles for LRTT update
  [WARMUP] Initialized 3 tiles for LRTT update
  [WARMUP] Initialized 3 tiles for LRTT update
  [WARMUP] Initialized 3 tiles for LRTT update
  [WARMUP] Initialized 3 tiles for LRTT update
  [WARMUP] Initialized 3 tiles for LRTT update
  [WARMUP] Initialized 3 tiles for LRTT update
  [WARMUP] Initialized 3 tiles for LRTT update
  [WARMUP] Initialized 3 tiles for LRTT update
  [WARMUP] Initialized 3 tiles for LRTT update
  [WARMUP] Initialized 3 tiles for LRTT update
  [WARMUP] Initialized 3 tiles for LRTT update
  [WARMUP] Initialized 3 tiles for LRTT update
  [WARMUP] Initialized 3 tiles for LRTT update
  [WARMUP] Initialized 3 tiles for LRTT update
  [WARMUP] Initialized 3 tiles for LRTT update
  [WARMUP] Initialized 3 tiles for LRTT update
  [WARMUP] Initialized 3 tiles for LRTT update
  [WARMUP] Initialized 3 tiles for LRTT update
  [WARMUP] Initialized 3 tiles for LRTT update
  [WARMUP] Initialized 3 tiles for LRTT update
  [WARMUP] Initialized 3 tiles for LRTT update
  [WARMUP] Initialized 3 tiles for LRTT update
  [WARMUP] Initialized 3 tiles for LRTT update
  [WARMUP] Initialized 3 tiles for LRTT update
  [WARMUP] Initialized 3 tiles for LRTT update
  [WARMUP] Initialized 3 tiles for LRTT update
  [WARMUP] Initialized 3 tiles for LRTT update
  [WARMUP] Initialized 3 tiles for LRTT update
  [WARMUP] Initialized 3 tiles for LRTT update
  [WARMUP] Initialized 3 tiles for LRTT update
  [WARMUP] Initialized 3 tiles for LRTT update
  [WARMUP] Initialized 3 tiles for LRTT update
  [WARMUP] Initialized 3 tiles for LRTT update
  [WARMUP] Initialized 3 tiles for LRTT update
  [WARMUP] Initialized 3 tiles for LRTT update
  [WARMUP] Initialized 3 tiles for LRTT update
  [WARMUP] Initialized 3 tiles for LRTT update
  [WARMUP] Initialized 3 tiles for LRTT update
  LRTT Analog layers: 96, Total params: 21,842,978, Trainable (before grad set): 21,842,978
  Trainable (after grad set): 13,602
  LoRA target: qkv -> ['attention.self.query', 'attention.self.key', 'attention.self.value', 'attention.output.dense']

Optimizer configuration:
  Forward scaling (lora_alpha): 1.0
  Classifier LR: 0.006
  LRTT LR (optimizer): 0.001 (= 0.006 * 0.16666666666666666)
  Effective A,B LR: 0.001 (= 0.001 * 1.0)
  LRTT_LR_MULTIPLIER: 0.16666666666666666
  LRTT tile params: 288
  Other params: 98
  Collected 96 tile_c contexts for post-step reset
  Collected 192 tile_a/b contexts for post-step reset
  AB LR Warmup: 1e-07 → 1e-03 over 40 steps (scheduler warmup: 40 steps)
Trial 0 Ep1:   0%|                                                                                            | 0/115 [00:00<?, ?it/s]Trial 0 Ep1:   0%|                                                                         | 0/115 [00:01<?, ?it/s, loss=3982584.5000]Trial 0 Ep1:   1%|▌                                                                | 1/115 [00:01<02:27,  1.29s/it, loss=3982584.5000]Trial 0 Ep1:   1%|▌                                                                | 1/115 [00:01<02:27,  1.29s/it, loss=3803819.0000]Trial 0 Ep1:   2%|█▏                                                               | 2/115 [00:01<01:25,  1.32it/s, loss=3803819.0000]Trial 0 Ep1:   2%|█▏                                                               | 2/115 [00:02<01:25,  1.32it/s, loss=2673006.5000]Trial 0 Ep1:   3%|█▋                                                               | 3/115 [00:02<01:05,  1.72it/s, loss=2673006.5000]Trial 0 Ep1:   3%|█▋                                                                 | 3/115 [00:02<01:05,  1.72it/s, loss=83240.3594]Trial 0 Ep1:   3%|██▎                                                                | 4/115 [00:02<00:47,  2.33it/s, loss=83240.3594]Trial 0 Ep1:   3%|██▎                                                              | 4/115 [00:02<00:47,  2.33it/s, loss=1584300.0000]Trial 0 Ep1:   4%|██▊                                                              | 5/115 [00:02<00:38,  2.85it/s, loss=1584300.0000]Trial 0 Ep1:   4%|██▊                                                              | 5/115 [00:02<00:38,  2.85it/s, loss=3554612.0000]Trial 0 Ep1:   5%|███▍                                                             | 6/115 [00:02<00:34,  3.19it/s, loss=3554612.0000]Trial 0 Ep1:   5%|███▍                                                             | 6/115 [00:03<00:34,  3.19it/s, loss=2914548.0000]Trial 0 Ep1:   6%|███▉                                                             | 7/115 [00:03<00:35,  3.07it/s, loss=2914548.0000]Trial 0 Ep1:   6%|███▉                                                             | 7/115 [00:03<00:35,  3.07it/s, loss=2503964.5000]Trial 0 Ep1:   7%|████▌                                                            | 8/115 [00:03<00:30,  3.50it/s, loss=2503964.5000]Trial 0 Ep1:   7%|████▌                                                            | 8/115 [00:03<00:30,  3.50it/s, loss=2147300.0000]Trial 0 Ep1:   8%|█████                                                            | 9/115 [00:03<00:30,  3.48it/s, loss=2147300.0000]Trial 0 Ep1:   8%|█████                                                            | 9/115 [00:03<00:30,  3.48it/s, loss=1265570.8750]Trial 0 Ep1:   9%|█████▌                                                          | 10/115 [00:03<00:27,  3.79it/s, loss=1265570.8750]Trial 0 Ep1:   9%|█████▌                                                          | 10/115 [00:03<00:27,  3.79it/s, loss=2321242.0000]Trial 0 Ep1:  10%|██████                                                          | 11/115 [00:03<00:25,  4.08it/s, loss=2321242.0000]Trial 0 Ep1:  10%|██████                                                          | 11/115 [00:04<00:25,  4.08it/s, loss=5321369.0000]Trial 0 Ep1:  10%|██████▋                                                         | 12/115 [00:04<00:24,  4.17it/s, loss=5321369.0000]Trial 0 Ep1:  10%|██████▋                                                         | 12/115 [00:04<00:24,  4.17it/s, loss=5694977.0000]Trial 0 Ep1:  11%|███████▏                                                        | 13/115 [00:04<00:23,  4.32it/s, loss=5694977.0000]Trial 0 Ep1:  11%|███████▏                                                        | 13/115 [00:04<00:23,  4.32it/s, loss=4977606.0000]Trial 0 Ep1:  12%|███████▊                                                        | 14/115 [00:04<00:22,  4.51it/s, loss=4977606.0000]Trial 0 Ep1:  12%|███████▊                                                        | 14/115 [00:04<00:22,  4.51it/s, loss=1817649.7500]Trial 0 Ep1:  13%|████████▎                                                       | 15/115 [00:04<00:22,  4.36it/s, loss=1817649.7500]Trial 0 Ep1:  13%|████████▎                                                       | 15/115 [00:05<00:22,  4.36it/s, loss=1573898.0000]Trial 0 Ep1:  14%|████████▉                                                       | 16/115 [00:05<00:33,  2.98it/s, loss=1573898.0000]Trial 0 Ep1:  14%|████████▉                                                       | 16/115 [00:05<00:33,  2.98it/s, loss=6519092.0000]Trial 0 Ep1:  15%|█████████▍                                                      | 17/115 [00:05<00:33,  2.96it/s, loss=6519092.0000]                                                                                                                                      [I 2026-02-24 14:44:15,229] Trial 0 finished with value: 0.0 and parameters: {'learning_rate': 0.006, 'target_ab_lr': 0.001}. Best is trial 0 with value: 0.0.

  [NaN/Inf detected at batch 17] Aborting trial.
[Trial 0] GPU cache cleared

======================================================================
Trial 1 Starting
======================================================================
  rank=8, transfer_every=10000000, transfer_lr=1.0000e-01
  lora_alpha=1.0000, lr=6.0000e-03, wd=0.00e+00
  target_ab_lr=0.0100, lr_multiplier=1.666667
  effective_ab_lr = lr*alpha*mult = 0.0100
  momentum=0.00, nesterov=False, reinit_mode=decay
  tau_sec=0.0, optimizer=AnalogAdam
======================================================================
Some weights of MobileBertForSequenceClassification were not initialized from the model checkpoint at google/mobilebert-uncased and are newly initialized: ['classifier.bias', 'classifier.weight']
You should probably TRAIN this model on a down-stream task to be able to use it for predictions and inference.
  [FIX] Reinitialized classifier with FIXED seed=42
  [WARMUP] Initialized 3 tiles for LRTT update
  [WARMUP] Initialized 3 tiles for LRTT update
  [WARMUP] Initialized 3 tiles for LRTT update
  [WARMUP] Initialized 3 tiles for LRTT update
  [WARMUP] Initialized 3 tiles for LRTT update
  [WARMUP] Initialized 3 tiles for LRTT update
  [WARMUP] Initialized 3 tiles for LRTT update
  [WARMUP] Initialized 3 tiles for LRTT update
  [WARMUP] Initialized 3 tiles for LRTT update
  [WARMUP] Initialized 3 tiles for LRTT update
  [WARMUP] Initialized 3 tiles for LRTT update
  [WARMUP] Initialized 3 tiles for LRTT update
  [WARMUP] Initialized 3 tiles for LRTT update
  [WARMUP] Initialized 3 tiles for LRTT update
  [WARMUP] Initialized 3 tiles for LRTT update
  [WARMUP] Initialized 3 tiles for LRTT update
  [WARMUP] Initialized 3 tiles for LRTT update
  [WARMUP] Initialized 3 tiles for LRTT update
  [WARMUP] Initialized 3 tiles for LRTT update
  [WARMUP] Initialized 3 tiles for LRTT update
  [WARMUP] Initialized 3 tiles for LRTT update
  [WARMUP] Initialized 3 tiles for LRTT update
  [WARMUP] Initialized 3 tiles for LRTT update
  [WARMUP] Initialized 3 tiles for LRTT update
  [WARMUP] Initialized 3 tiles for LRTT update
  [WARMUP] Initialized 3 tiles for LRTT update
  [WARMUP] Initialized 3 tiles for LRTT update
  [WARMUP] Initialized 3 tiles for LRTT update
  [WARMUP] Initialized 3 tiles for LRTT update
  [WARMUP] Initialized 3 tiles for LRTT update
  [WARMUP] Initialized 3 tiles for LRTT update
  [WARMUP] Initialized 3 tiles for LRTT update
  [WARMUP] Initialized 3 tiles for LRTT update
  [WARMUP] Initialized 3 tiles for LRTT update
  [WARMUP] Initialized 3 tiles for LRTT update
  [WARMUP] Initialized 3 tiles for LRTT update
  [WARMUP] Initialized 3 tiles for LRTT update
  [WARMUP] Initialized 3 tiles for LRTT update
  [WARMUP] Initialized 3 tiles for LRTT update
  [WARMUP] Initialized 3 tiles for LRTT update
  [WARMUP] Initialized 3 tiles for LRTT update
  [WARMUP] Initialized 3 tiles for LRTT update
  [WARMUP] Initialized 3 tiles for LRTT update
  [WARMUP] Initialized 3 tiles for LRTT update
  [WARMUP] Initialized 3 tiles for LRTT update
  [WARMUP] Initialized 3 tiles for LRTT update
  [WARMUP] Initialized 3 tiles for LRTT update
  [WARMUP] Initialized 3 tiles for LRTT update
  [WARMUP] Initialized 3 tiles for LRTT update
  [WARMUP] Initialized 3 tiles for LRTT update
  [WARMUP] Initialized 3 tiles for LRTT update
  [WARMUP] Initialized 3 tiles for LRTT update
  [WARMUP] Initialized 3 tiles for LRTT update
  [WARMUP] Initialized 3 tiles for LRTT update
  [WARMUP] Initialized 3 tiles for LRTT update
  [WARMUP] Initialized 3 tiles for LRTT update
  [WARMUP] Initialized 3 tiles for LRTT update
  [WARMUP] Initialized 3 tiles for LRTT update
  [WARMUP] Initialized 3 tiles for LRTT update
  [WARMUP] Initialized 3 tiles for LRTT update
  [WARMUP] Initialized 3 tiles for LRTT update
  [WARMUP] Initialized 3 tiles for LRTT update
  [WARMUP] Initialized 3 tiles for LRTT update
  [WARMUP] Initialized 3 tiles for LRTT update
  [WARMUP] Initialized 3 tiles for LRTT update
  [WARMUP] Initialized 3 tiles for LRTT update
  [WARMUP] Initialized 3 tiles for LRTT update
  [WARMUP] Initialized 3 tiles for LRTT update
  [WARMUP] Initialized 3 tiles for LRTT update
  [WARMUP] Initialized 3 tiles for LRTT update
  [WARMUP] Initialized 3 tiles for LRTT update
  [WARMUP] Initialized 3 tiles for LRTT update
  [WARMUP] Initialized 3 tiles for LRTT update
  [WARMUP] Initialized 3 tiles for LRTT update
  [WARMUP] Initialized 3 tiles for LRTT update
  [WARMUP] Initialized 3 tiles for LRTT update
  [WARMUP] Initialized 3 tiles for LRTT update
  [WARMUP] Initialized 3 tiles for LRTT update
  [WARMUP] Initialized 3 tiles for LRTT update
  [WARMUP] Initialized 3 tiles for LRTT update
  [WARMUP] Initialized 3 tiles for LRTT update
  [WARMUP] Initialized 3 tiles for LRTT update
  [WARMUP] Initialized 3 tiles for LRTT update
  [WARMUP] Initialized 3 tiles for LRTT update
  [WARMUP] Initialized 3 tiles for LRTT update
  [WARMUP] Initialized 3 tiles for LRTT update
  [WARMUP] Initialized 3 tiles for LRTT update
  [WARMUP] Initialized 3 tiles for LRTT update
  [WARMUP] Initialized 3 tiles for LRTT update
  [WARMUP] Initialized 3 tiles for LRTT update
  [WARMUP] Initialized 3 tiles for LRTT update
  [WARMUP] Initialized 3 tiles for LRTT update
  [WARMUP] Initialized 3 tiles for LRTT update
  [WARMUP] Initialized 3 tiles for LRTT update
  [WARMUP] Initialized 3 tiles for LRTT update
  [WARMUP] Initialized 3 tiles for LRTT update
  LRTT Analog layers: 96, Total params: 21,842,978, Trainable (before grad set): 21,842,978
  Trainable (after grad set): 13,602
  LoRA target: qkv -> ['attention.self.query', 'attention.self.key', 'attention.self.value', 'attention.output.dense']

Optimizer configuration:
  Forward scaling (lora_alpha): 1.0
  Classifier LR: 0.006
  LRTT LR (optimizer): 0.01 (= 0.006 * 1.6666666666666667)
  Effective A,B LR: 0.01 (= 0.01 * 1.0)
  LRTT_LR_MULTIPLIER: 1.6666666666666667
  LRTT tile params: 288
  Other params: 98
  Collected 96 tile_c contexts for post-step reset
  Collected 192 tile_a/b contexts for post-step reset
  AB LR Warmup: 1e-07 → 1e-02 over 40 steps (scheduler warmup: 40 steps)
