Trial 9 Ep1:   0%|                                                                                            | 0/115 [00:00<?, ?it/s]Trial 9 Ep1:   0%|                                                                         | 0/115 [00:01<?, ?it/s, loss=3982584.5000]Trial 9 Ep1:   1%|▌                                                                | 1/115 [00:01<02:26,  1.28s/it, loss=3982584.5000]Trial 9 Ep1:   1%|▌                                                                | 1/115 [00:01<02:26,  1.28s/it, loss=3803819.0000]Trial 9 Ep1:   2%|█▏                                                               | 2/115 [00:01<01:28,  1.28it/s, loss=3803819.0000]Trial 9 Ep1:   2%|█▏                                                               | 2/115 [00:02<01:28,  1.28it/s, loss=3728636.0000]Trial 9 Ep1:   3%|█▋                                                               | 3/115 [00:02<01:06,  1.67it/s, loss=3728636.0000]Trial 9 Ep1:   3%|█▋                                                               | 3/115 [00:02<01:06,  1.67it/s, loss=3020942.0000]Trial 9 Ep1:   3%|██▎                                                              | 4/115 [00:02<00:51,  2.14it/s, loss=3020942.0000]Trial 9 Ep1:   3%|██▎                                                              | 4/115 [00:02<00:51,  2.14it/s, loss=2392759.5000]Trial 9 Ep1:   4%|██▊                                                              | 5/115 [00:02<00:41,  2.67it/s, loss=2392759.5000]Trial 9 Ep1:   4%|██▊                                                              | 5/115 [00:02<00:41,  2.67it/s, loss=1301181.2500]Trial 9 Ep1:   5%|███▍                                                             | 6/115 [00:02<00:34,  3.15it/s, loss=1301181.2500]Trial 9 Ep1:   5%|███▍                                                              | 6/115 [00:03<00:34,  3.15it/s, loss=445361.6875]Trial 9 Ep1:   6%|████                                                              | 7/115 [00:03<00:35,  3.03it/s, loss=445361.6875]Trial 9 Ep1:   6%|████                                                              | 7/115 [00:03<00:35,  3.03it/s, loss=323698.2188]Trial 9 Ep1:   7%|████▌                                                             | 8/115 [00:03<00:30,  3.47it/s, loss=323698.2188]Trial 9 Ep1:   7%|████▌                                                             | 8/115 [00:03<00:30,  3.47it/s, loss=792413.4375]Trial 9 Ep1:   8%|█████▏                                                            | 9/115 [00:03<00:30,  3.46it/s, loss=792413.4375]Trial 9 Ep1:   8%|█████                                                            | 9/115 [00:03<00:30,  3.46it/s, loss=1707633.6250]Trial 9 Ep1:   9%|█████▌                                                          | 10/115 [00:03<00:28,  3.70it/s, loss=1707633.6250]Trial 9 Ep1:   9%|█████▌                                                          | 10/115 [00:04<00:28,  3.70it/s, loss=1765739.6250]Trial 9 Ep1:  10%|██████                                                          | 11/115 [00:04<00:26,  3.95it/s, loss=1765739.6250]Trial 9 Ep1:  10%|██████                                                          | 11/115 [00:04<00:26,  3.95it/s, loss=1361368.2500]Trial 9 Ep1:  10%|██████▋                                                         | 12/115 [00:04<00:25,  4.11it/s, loss=1361368.2500]Trial 9 Ep1:  10%|██████▋                                                         | 12/115 [00:04<00:25,  4.11it/s, loss=1359188.3750]Trial 9 Ep1:  11%|███████▏                                                        | 13/115 [00:04<00:23,  4.33it/s, loss=1359188.3750]Trial 9 Ep1:  11%|███████▎                                                         | 13/115 [00:04<00:23,  4.33it/s, loss=872669.1250]Trial 9 Ep1:  12%|███████▉                                                         | 14/115 [00:04<00:22,  4.55it/s, loss=872669.1250]Trial 9 Ep1:  12%|███████▉                                                         | 14/115 [00:04<00:22,  4.55it/s, loss=425444.1562]Trial 9 Ep1:  13%|████████▍                                                        | 15/115 [00:04<00:23,  4.31it/s, loss=425444.1562]Trial 9 Ep1:  13%|████████▍                                                        | 15/115 [00:05<00:23,  4.31it/s, loss=438020.6250]Trial 9 Ep1:  14%|█████████                                                        | 16/115 [00:05<00:27,  3.65it/s, loss=438020.6250]Trial 9 Ep1:  14%|█████████                                                        | 16/115 [00:05<00:27,  3.65it/s, loss=436390.0000]Trial 9 Ep1:  15%|█████████▌                                                       | 17/115 [00:05<00:27,  3.52it/s, loss=436390.0000]Trial 9 Ep1:  15%|█████████▍                                                      | 17/115 [00:05<00:27,  3.52it/s, loss=1035506.1250]Trial 9 Ep1:  16%|██████████                                                      | 18/115 [00:05<00:25,  3.74it/s, loss=1035506.1250]Trial 9 Ep1:  16%|█████████▊                                                     | 18/115 [00:06<00:25,  3.74it/s, loss=47592616.0000]Trial 9 Ep1:  17%|██████████▍                                                    | 19/115 [00:06<00:24,  3.96it/s, loss=47592616.0000]Trial 9 Ep1:  17%|██████████▍                                                    | 19/115 [00:06<00:24,  3.96it/s, loss=16494880.0000]Trial 9 Ep1:  17%|██████████▉                                                    | 20/115 [00:06<00:23,  4.05it/s, loss=16494880.0000]Trial 9 Ep1:  17%|█████████▋                                              | 20/115 [00:06<00:23,  4.05it/s, loss=806291794558976.0000]Trial 9 Ep1:  18%|██████████▏                                             | 21/115 [00:06<00:22,  4.15it/s, loss=806291794558976.0000]Trial 9 Ep1:  18%|████████▊                                       | 21/115 [00:06<00:22,  4.15it/s, loss=14192936599671160176640.0000]Trial 9 Ep1:  19%|█████████▏                                      | 22/115 [00:06<00:22,  4.18it/s, loss=14192936599671160176640.0000]                                                                                                                                      [I 2026-02-24 14:27:39,737] Trial 9 finished with value: 0.0 and parameters: {'learning_rate': 0.001076, 'target_ab_lr': 0.001}. Best is trial 0 with value: 0.0.

  [NaN/Inf detected at batch 22] Aborting trial.
[Trial 9] GPU cache cleared

======================================================================
Trial 10 Starting
======================================================================
  rank=8, transfer_every=10000000, transfer_lr=1.0000e-01
  lora_alpha=1.0000, lr=1.0760e-03, wd=0.00e+00
  target_ab_lr=0.0100, lr_multiplier=9.293680
  effective_ab_lr = lr*alpha*mult = 0.0100
  momentum=0.00, nesterov=False, reinit_mode=decay
  tau_sec=0.0, optimizer=AnalogAdam
======================================================================
Some weights of MobileBertForSequenceClassification were not initialized from the model checkpoint at google/mobilebert-uncased and are newly initialized: ['classifier.bias', 'classifier.weight']
You should probably TRAIN this model on a down-stream task to be able to use it for predictions and inference.
  [FIX] Reinitialized classifier with FIXED seed=42
  [WARMUP] Initialized 3 tiles for LRTT update
  [WARMUP] Initialized 3 tiles for LRTT update
  [WARMUP] Initialized 3 tiles for LRTT update
  [WARMUP] Initialized 3 tiles for LRTT update
  [WARMUP] Initialized 3 tiles for LRTT update
  [WARMUP] Initialized 3 tiles for LRTT update
  [WARMUP] Initialized 3 tiles for LRTT update
  [WARMUP] Initialized 3 tiles for LRTT update
  [WARMUP] Initialized 3 tiles for LRTT update
  [WARMUP] Initialized 3 tiles for LRTT update
  [WARMUP] Initialized 3 tiles for LRTT update
  [WARMUP] Initialized 3 tiles for LRTT update
  [WARMUP] Initialized 3 tiles for LRTT update
  [WARMUP] Initialized 3 tiles for LRTT update
  [WARMUP] Initialized 3 tiles for LRTT update
  [WARMUP] Initialized 3 tiles for LRTT update
  [WARMUP] Initialized 3 tiles for LRTT update
  [WARMUP] Initialized 3 tiles for LRTT update
  [WARMUP] Initialized 3 tiles for LRTT update
  [WARMUP] Initialized 3 tiles for LRTT update
  [WARMUP] Initialized 3 tiles for LRTT update
  [WARMUP] Initialized 3 tiles for LRTT update
  [WARMUP] Initialized 3 tiles for LRTT update
  [WARMUP] Initialized 3 tiles for LRTT update
  [WARMUP] Initialized 3 tiles for LRTT update
  [WARMUP] Initialized 3 tiles for LRTT update
  [WARMUP] Initialized 3 tiles for LRTT update
  [WARMUP] Initialized 3 tiles for LRTT update
  [WARMUP] Initialized 3 tiles for LRTT update
  [WARMUP] Initialized 3 tiles for LRTT update
  [WARMUP] Initialized 3 tiles for LRTT update
  [WARMUP] Initialized 3 tiles for LRTT update
  [WARMUP] Initialized 3 tiles for LRTT update
  [WARMUP] Initialized 3 tiles for LRTT update
  [WARMUP] Initialized 3 tiles for LRTT update
  [WARMUP] Initialized 3 tiles for LRTT update
  [WARMUP] Initialized 3 tiles for LRTT update
  [WARMUP] Initialized 3 tiles for LRTT update
  [WARMUP] Initialized 3 tiles for LRTT update
  [WARMUP] Initialized 3 tiles for LRTT update
  [WARMUP] Initialized 3 tiles for LRTT update
  [WARMUP] Initialized 3 tiles for LRTT update
  [WARMUP] Initialized 3 tiles for LRTT update
  [WARMUP] Initialized 3 tiles for LRTT update
  [WARMUP] Initialized 3 tiles for LRTT update
  [WARMUP] Initialized 3 tiles for LRTT update
  [WARMUP] Initialized 3 tiles for LRTT update
  [WARMUP] Initialized 3 tiles for LRTT update
  [WARMUP] Initialized 3 tiles for LRTT update
  [WARMUP] Initialized 3 tiles for LRTT update
  [WARMUP] Initialized 3 tiles for LRTT update
  [WARMUP] Initialized 3 tiles for LRTT update
  [WARMUP] Initialized 3 tiles for LRTT update
  [WARMUP] Initialized 3 tiles for LRTT update
  [WARMUP] Initialized 3 tiles for LRTT update
  [WARMUP] Initialized 3 tiles for LRTT update
  [WARMUP] Initialized 3 tiles for LRTT update
  [WARMUP] Initialized 3 tiles for LRTT update
  [WARMUP] Initialized 3 tiles for LRTT update
  [WARMUP] Initialized 3 tiles for LRTT update
  [WARMUP] Initialized 3 tiles for LRTT update
  [WARMUP] Initialized 3 tiles for LRTT update
  [WARMUP] Initialized 3 tiles for LRTT update
  [WARMUP] Initialized 3 tiles for LRTT update
  [WARMUP] Initialized 3 tiles for LRTT update
  [WARMUP] Initialized 3 tiles for LRTT update
  [WARMUP] Initialized 3 tiles for LRTT update
  [WARMUP] Initialized 3 tiles for LRTT update
  [WARMUP] Initialized 3 tiles for LRTT update
  [WARMUP] Initialized 3 tiles for LRTT update
  [WARMUP] Initialized 3 tiles for LRTT update
  [WARMUP] Initialized 3 tiles for LRTT update
  [WARMUP] Initialized 3 tiles for LRTT update
  [WARMUP] Initialized 3 tiles for LRTT update
  [WARMUP] Initialized 3 tiles for LRTT update
  [WARMUP] Initialized 3 tiles for LRTT update
  [WARMUP] Initialized 3 tiles for LRTT update
  [WARMUP] Initialized 3 tiles for LRTT update
  [WARMUP] Initialized 3 tiles for LRTT update
  [WARMUP] Initialized 3 tiles for LRTT update
  [WARMUP] Initialized 3 tiles for LRTT update
  [WARMUP] Initialized 3 tiles for LRTT update
  [WARMUP] Initialized 3 tiles for LRTT update
  [WARMUP] Initialized 3 tiles for LRTT update
  [WARMUP] Initialized 3 tiles for LRTT update
  [WARMUP] Initialized 3 tiles for LRTT update
  [WARMUP] Initialized 3 tiles for LRTT update
  [WARMUP] Initialized 3 tiles for LRTT update
  [WARMUP] Initialized 3 tiles for LRTT update
  [WARMUP] Initialized 3 tiles for LRTT update
  [WARMUP] Initialized 3 tiles for LRTT update
  [WARMUP] Initialized 3 tiles for LRTT update
  [WARMUP] Initialized 3 tiles for LRTT update
  [WARMUP] Initialized 3 tiles for LRTT update
  [WARMUP] Initialized 3 tiles for LRTT update
  [WARMUP] Initialized 3 tiles for LRTT update
  LRTT Analog layers: 96, Total params: 21,842,978, Trainable (before grad set): 21,842,978
  Trainable (after grad set): 13,602
  LoRA target: qkv -> ['attention.self.query', 'attention.self.key', 'attention.self.value', 'attention.output.dense']

Optimizer configuration:
  Forward scaling (lora_alpha): 1.0
  Classifier LR: 0.001076
  LRTT LR (optimizer): 0.01 (= 0.001076 * 9.29368029739777)
  Effective A,B LR: 0.01 (= 0.01 * 1.0)
  LRTT_LR_MULTIPLIER: 9.29368029739777
  LRTT tile params: 288
  Other params: 98
  Collected 96 tile_c contexts for post-step reset
  Collected 192 tile_a/b contexts for post-step reset
  AB LR Warmup: 1e-07 → 1e-02 over 402 steps (scheduler warmup: 40 steps)
Trial 10 Ep1:   0%|                                                                                           | 0/115 [00:00<?, ?it/s]Trial 10 Ep1:   0%|                                                                        | 0/115 [00:01<?, ?it/s, loss=3520327.7500]Trial 10 Ep1:   1%|▌                                                               | 1/115 [00:01<02:00,  1.05s/it, loss=3520327.7500]Trial 10 Ep1:   1%|▌                                                               | 1/115 [00:01<02:00,  1.05s/it, loss=2984527.5000]Trial 10 Ep1:   2%|█                                                               | 2/115 [00:01<01:12,  1.56it/s, loss=2984527.5000]Trial 10 Ep1:   2%|█                                                               | 2/115 [00:01<01:12,  1.56it/s, loss=2986804.5000]Trial 10 Ep1:   3%|█▋                                                              | 3/115 [00:01<00:53,  2.10it/s, loss=2986804.5000]Trial 10 Ep1:   3%|█▋                                                              | 3/115 [00:01<00:53,  2.10it/s, loss=2308391.0000]Trial 10 Ep1:   3%|██▏                                                             | 4/115 [00:01<00:41,  2.68it/s, loss=2308391.0000]Trial 10 Ep1:   3%|██▏                                                             | 4/115 [00:02<00:41,  2.68it/s, loss=2343523.2500]Trial 10 Ep1:   4%|██▊                                                             | 5/115 [00:02<00:42,  2.61it/s, loss=2343523.2500]Trial 10 Ep1:   4%|██▊                                                             | 5/115 [00:02<00:42,  2.61it/s, loss=1157770.7500]Trial 10 Ep1:   5%|███▎                                                            | 6/115 [00:02<00:35,  3.09it/s, loss=1157770.7500]Trial 10 Ep1:   5%|███▍                                                             | 6/115 [00:02<00:35,  3.09it/s, loss=336394.9062]Trial 10 Ep1:   6%|███▉                                                             | 7/115 [00:02<00:31,  3.44it/s, loss=336394.9062]Trial 10 Ep1:   6%|███▉                                                             | 7/115 [00:02<00:31,  3.44it/s, loss=515385.2812]Trial 10 Ep1:   7%|████▌                                                            | 8/115 [00:02<00:29,  3.60it/s, loss=515385.2812]Trial 10 Ep1:   7%|████▍                                                           | 8/115 [00:03<00:29,  3.60it/s, loss=1182360.8750]Trial 10 Ep1:   8%|█████                                                           | 9/115 [00:03<00:26,  3.95it/s, loss=1182360.8750]Trial 10 Ep1:   8%|█████                                                            | 9/115 [00:03<00:26,  3.95it/s, loss=950362.3125]Trial 10 Ep1:   9%|█████▌                                                          | 10/115 [00:03<00:24,  4.20it/s, loss=950362.3125]Trial 10 Ep1:   9%|█████▍                                                         | 10/115 [00:03<00:24,  4.20it/s, loss=1255732.5000]Trial 10 Ep1:  10%|██████                                                         | 11/115 [00:03<00:24,  4.21it/s, loss=1255732.5000]Trial 10 Ep1:  10%|██████                                                          | 11/115 [00:04<00:24,  4.21it/s, loss=894457.5000]Trial 10 Ep1:  10%|██████▋                                                         | 12/115 [00:04<00:31,  3.25it/s, loss=894457.5000]Trial 10 Ep1:  10%|██████▊                                                          | 12/115 [00:04<00:31,  3.25it/s, loss=42407.9648]Trial 10 Ep1:  11%|███████▎                                                         | 13/115 [00:04<00:30,  3.31it/s, loss=42407.9648]Trial 10 Ep1:  11%|██████                                                | 13/115 [00:04<00:30,  3.31it/s, loss=1224164060954624.0000]Trial 10 Ep1:  12%|██████▌                                               | 14/115 [00:04<00:28,  3.50it/s, loss=1224164060954624.0000]                                                                                                                                      [I 2026-02-24 14:27:51,577] Trial 10 finished with value: 0.0 and parameters: {'learning_rate': 0.001076, 'target_ab_lr': 0.01}. Best is trial 0 with value: 0.0.

  [NaN/Inf detected at batch 14] Aborting trial.
[Trial 10] GPU cache cleared

======================================================================
Trial 11 Starting
======================================================================
  rank=8, transfer_every=10000000, transfer_lr=1.0000e-01
  lora_alpha=1.0000, lr=1.0760e-03, wd=0.00e+00
  target_ab_lr=0.0050, lr_multiplier=4.646840
  effective_ab_lr = lr*alpha*mult = 0.0050
  momentum=0.00, nesterov=False, reinit_mode=decay
  tau_sec=0.0, optimizer=AnalogAdam
======================================================================
Some weights of MobileBertForSequenceClassification were not initialized from the model checkpoint at google/mobilebert-uncased and are newly initialized: ['classifier.bias', 'classifier.weight']
You should probably TRAIN this model on a down-stream task to be able to use it for predictions and inference.
