2026-02-24 14:24:48.754450: I tensorflow/core/util/port.cc:111] oneDNN custom operations are on. You may see slightly different numerical results due to floating-point round-off errors from different computation orders. To turn them off, set the environment variable `TF_ENABLE_ONEDNN_OPTS=0`.
2026-02-24 14:24:48.756947: I tensorflow/tsl/cuda/cudart_stub.cc:28] Could not find cuda drivers on your machine, GPU will not be used.
2026-02-24 14:24:48.784434: E tensorflow/compiler/xla/stream_executor/cuda/cuda_dnn.cc:9342] Unable to register cuDNN factory: Attempting to register factory for plugin cuDNN when one has already been registered
2026-02-24 14:24:48.784465: E tensorflow/compiler/xla/stream_executor/cuda/cuda_fft.cc:609] Unable to register cuFFT factory: Attempting to register factory for plugin cuFFT when one has already been registered
2026-02-24 14:24:48.784488: E tensorflow/compiler/xla/stream_executor/cuda/cuda_blas.cc:1518] Unable to register cuBLAS factory: Attempting to register factory for plugin cuBLAS when one has already been registered
2026-02-24 14:24:48.790874: I tensorflow/core/platform/cpu_feature_guard.cc:182] This TensorFlow binary is optimized to use available CPU instructions in performance-critical operations.
To enable the following instructions: AVX2 AVX512F AVX512_VNNI AVX512_BF16 AVX_VNNI AMX_TILE AMX_INT8 AMX_BF16 FMA, in other operations, rebuild TensorFlow with the appropriate compiler flags.
2026-02-24 14:24:49.630736: W tensorflow/compiler/tf2tensorrt/utils/py_utils.cc:38] TF-TRT Warning: Could not find TensorRT
  [Task Config] mrpc: batch_size=32, max_seq=128, epochs=7, lr=0.006
Map:   0%|                                                                                            | 0/3668 [00:00<?, ? examples/s]Map:  82%|███████████████████████████████████████████████████████████████▊              | 3000/3668 [00:00<00:00, 25017.47 examples/s]Map: 100%|██████████████████████████████████████████████████████████████████████████████| 3668/3668 [00:00<00:00, 26209.00 examples/s]
Map:   0%|                                                                                             | 0/408 [00:00<?, ? examples/s]Map: 100%|████████████████████████████████████████████████████████████████████████████████| 408/408 [00:00<00:00, 30780.01 examples/s]
Map:   0%|                                                                                            | 0/1725 [00:00<?, ? examples/s]Map: 100%|███████████████████████████████████████████████████████████████████████████████| 1725/1725 [00:00<00:00, 6387.23 examples/s]Map: 100%|███████████████████████████████████████████████████████████████████████████████| 1725/1725 [00:00<00:00, 6342.73 examples/s]
[I 2026-02-24 14:24:55,552] A new study created in RDB with name: mrpc_bestlr_ablrwarm
  GLUE mrpc: Train=3668, Eval=408
Train batches: 115, Eval batches: 7
  Early stop patience: 2, Pruner: Median, startup=5, warmup=2

Study: mrpc_bestlr_ablrwarm, Device: cuda, New trials: 3

======================================================================
Trial 0 Starting
======================================================================
  rank=8, transfer_every=10000000, transfer_lr=1.0000e-01
  lora_alpha=1.0000, lr=1.0760e-03, wd=0.00e+00
  target_ab_lr=0.0010, lr_multiplier=0.929368
  effective_ab_lr = lr*alpha*mult = 0.0010
  momentum=0.00, nesterov=False, reinit_mode=decay
  tau_sec=0.0, optimizer=AnalogAdam
======================================================================
huggingface/tokenizers: The current process just got forked, after parallelism has already been used. Disabling parallelism to avoid deadlocks...
To disable this warning, you can either:
	- Avoid using `tokenizers` before the fork if possible
	- Explicitly set the environment variable TOKENIZERS_PARALLELISM=(true | false)
Some weights of MobileBertForSequenceClassification were not initialized from the model checkpoint at google/mobilebert-uncased and are newly initialized: ['classifier.bias', 'classifier.weight']
You should probably TRAIN this model on a down-stream task to be able to use it for predictions and inference.
  [FIX] Reinitialized classifier with FIXED seed=42
  [WARMUP] Initialized 3 tiles for LRTT update
  [WARMUP] Initialized 3 tiles for LRTT update
  [WARMUP] Initialized 3 tiles for LRTT update
  [WARMUP] Initialized 3 tiles for LRTT update
  [WARMUP] Initialized 3 tiles for LRTT update
  [WARMUP] Initialized 3 tiles for LRTT update
  [WARMUP] Initialized 3 tiles for LRTT update
  [WARMUP] Initialized 3 tiles for LRTT update
  [WARMUP] Initialized 3 tiles for LRTT update
  [WARMUP] Initialized 3 tiles for LRTT update
  [WARMUP] Initialized 3 tiles for LRTT update
  [WARMUP] Initialized 3 tiles for LRTT update
  [WARMUP] Initialized 3 tiles for LRTT update
  [WARMUP] Initialized 3 tiles for LRTT update
  [WARMUP] Initialized 3 tiles for LRTT update
  [WARMUP] Initialized 3 tiles for LRTT update
  [WARMUP] Initialized 3 tiles for LRTT update
  [WARMUP] Initialized 3 tiles for LRTT update
  [WARMUP] Initialized 3 tiles for LRTT update
  [WARMUP] Initialized 3 tiles for LRTT update
  [WARMUP] Initialized 3 tiles for LRTT update
  [WARMUP] Initialized 3 tiles for LRTT update
  [WARMUP] Initialized 3 tiles for LRTT update
  [WARMUP] Initialized 3 tiles for LRTT update
  [WARMUP] Initialized 3 tiles for LRTT update
  [WARMUP] Initialized 3 tiles for LRTT update
  [WARMUP] Initialized 3 tiles for LRTT update
  [WARMUP] Initialized 3 tiles for LRTT update
  [WARMUP] Initialized 3 tiles for LRTT update
  [WARMUP] Initialized 3 tiles for LRTT update
  [WARMUP] Initialized 3 tiles for LRTT update
  [WARMUP] Initialized 3 tiles for LRTT update
  [WARMUP] Initialized 3 tiles for LRTT update
  [WARMUP] Initialized 3 tiles for LRTT update
  [WARMUP] Initialized 3 tiles for LRTT update
  [WARMUP] Initialized 3 tiles for LRTT update
  [WARMUP] Initialized 3 tiles for LRTT update
  [WARMUP] Initialized 3 tiles for LRTT update
  [WARMUP] Initialized 3 tiles for LRTT update
  [WARMUP] Initialized 3 tiles for LRTT update
  [WARMUP] Initialized 3 tiles for LRTT update
  [WARMUP] Initialized 3 tiles for LRTT update
  [WARMUP] Initialized 3 tiles for LRTT update
  [WARMUP] Initialized 3 tiles for LRTT update
  [WARMUP] Initialized 3 tiles for LRTT update
  [WARMUP] Initialized 3 tiles for LRTT update
  [WARMUP] Initialized 3 tiles for LRTT update
  [WARMUP] Initialized 3 tiles for LRTT update
  [WARMUP] Initialized 3 tiles for LRTT update
  [WARMUP] Initialized 3 tiles for LRTT update
  [WARMUP] Initialized 3 tiles for LRTT update
  [WARMUP] Initialized 3 tiles for LRTT update
  [WARMUP] Initialized 3 tiles for LRTT update
  [WARMUP] Initialized 3 tiles for LRTT update
  [WARMUP] Initialized 3 tiles for LRTT update
  [WARMUP] Initialized 3 tiles for LRTT update
  [WARMUP] Initialized 3 tiles for LRTT update
  [WARMUP] Initialized 3 tiles for LRTT update
  [WARMUP] Initialized 3 tiles for LRTT update
  [WARMUP] Initialized 3 tiles for LRTT update
  [WARMUP] Initialized 3 tiles for LRTT update
  [WARMUP] Initialized 3 tiles for LRTT update
  [WARMUP] Initialized 3 tiles for LRTT update
  [WARMUP] Initialized 3 tiles for LRTT update
  [WARMUP] Initialized 3 tiles for LRTT update
  [WARMUP] Initialized 3 tiles for LRTT update
  [WARMUP] Initialized 3 tiles for LRTT update
  [WARMUP] Initialized 3 tiles for LRTT update
  [WARMUP] Initialized 3 tiles for LRTT update
  [WARMUP] Initialized 3 tiles for LRTT update
  [WARMUP] Initialized 3 tiles for LRTT update
  [WARMUP] Initialized 3 tiles for LRTT update
  [WARMUP] Initialized 3 tiles for LRTT update
  [WARMUP] Initialized 3 tiles for LRTT update
  [WARMUP] Initialized 3 tiles for LRTT update
  [WARMUP] Initialized 3 tiles for LRTT update
  [WARMUP] Initialized 3 tiles for LRTT update
  [WARMUP] Initialized 3 tiles for LRTT update
  [WARMUP] Initialized 3 tiles for LRTT update
  [WARMUP] Initialized 3 tiles for LRTT update
  [WARMUP] Initialized 3 tiles for LRTT update
  [WARMUP] Initialized 3 tiles for LRTT update
  [WARMUP] Initialized 3 tiles for LRTT update
  [WARMUP] Initialized 3 tiles for LRTT update
  [WARMUP] Initialized 3 tiles for LRTT update
  [WARMUP] Initialized 3 tiles for LRTT update
  [WARMUP] Initialized 3 tiles for LRTT update
  [WARMUP] Initialized 3 tiles for LRTT update
  [WARMUP] Initialized 3 tiles for LRTT update
  [WARMUP] Initialized 3 tiles for LRTT update
  [WARMUP] Initialized 3 tiles for LRTT update
  [WARMUP] Initialized 3 tiles for LRTT update
  [WARMUP] Initialized 3 tiles for LRTT update
  [WARMUP] Initialized 3 tiles for LRTT update
  [WARMUP] Initialized 3 tiles for LRTT update
  [WARMUP] Initialized 3 tiles for LRTT update
  LRTT Analog layers: 96, Total params: 21,842,978, Trainable (before grad set): 21,842,978
  Trainable (after grad set): 13,602
  LoRA target: qkv -> ['attention.self.query', 'attention.self.key', 'attention.self.value', 'attention.output.dense']

Optimizer configuration:
  Forward scaling (lora_alpha): 1.0
  Classifier LR: 0.001076
  LRTT LR (optimizer): 0.001 (= 0.001076 * 0.9293680297397771)
  Effective A,B LR: 0.001 (= 0.001 * 1.0)
  LRTT_LR_MULTIPLIER: 0.9293680297397771
  LRTT tile params: 288
  Other params: 98
  Collected 96 tile_c contexts for post-step reset
  Collected 192 tile_a/b contexts for post-step reset
  AB LR Warmup: 1e-07 → 1e-03 over 402 steps (scheduler warmup: 40 steps)
Trial 0 Ep1:   0%|                                                                                            | 0/115 [00:00<?, ?it/s]Trial 0 Ep1:   0%|                                                                         | 0/115 [00:01<?, ?it/s, loss=3982584.5000]Trial 0 Ep1:   1%|▌                                                                | 1/115 [00:01<02:30,  1.32s/it, loss=3982584.5000]Trial 0 Ep1:   1%|▌                                                                | 1/115 [00:01<02:30,  1.32s/it, loss=3803819.0000]Trial 0 Ep1:   2%|█▏                                                               | 2/115 [00:01<01:27,  1.29it/s, loss=3803819.0000]Trial 0 Ep1:   2%|█▏                                                               | 2/115 [00:02<01:27,  1.29it/s, loss=3728636.0000]Trial 0 Ep1:   3%|█▋                                                               | 3/115 [00:02<01:06,  1.70it/s, loss=3728636.0000]Trial 0 Ep1:   3%|█▋                                                               | 3/115 [00:02<01:06,  1.70it/s, loss=3020942.0000]Trial 0 Ep1:   3%|██▎                                                              | 4/115 [00:02<00:49,  2.25it/s, loss=3020942.0000]Trial 0 Ep1:   3%|██▎                                                              | 4/115 [00:02<00:49,  2.25it/s, loss=2392759.5000]Trial 0 Ep1:   4%|██▊                                                              | 5/115 [00:02<00:40,  2.74it/s, loss=2392759.5000]Trial 0 Ep1:   4%|██▊                                                              | 5/115 [00:02<00:40,  2.74it/s, loss=1301181.2500]Trial 0 Ep1:   5%|███▍                                                             | 6/115 [00:02<00:35,  3.10it/s, loss=1301181.2500]Trial 0 Ep1:   5%|███▍                                                              | 6/115 [00:03<00:35,  3.10it/s, loss=445361.6875]Trial 0 Ep1:   6%|████                                                              | 7/115 [00:03<00:36,  2.95it/s, loss=445361.6875]Trial 0 Ep1:   6%|████                                                              | 7/115 [00:03<00:36,  2.95it/s, loss=323698.2188]Trial 0 Ep1:   7%|████▌                                                             | 8/115 [00:03<00:31,  3.36it/s, loss=323698.2188]Trial 0 Ep1:   7%|████▌                                                             | 8/115 [00:03<00:31,  3.36it/s, loss=792413.4375]Trial 0 Ep1:   8%|█████▏                                                            | 9/115 [00:03<00:28,  3.72it/s, loss=792413.4375]Trial 0 Ep1:   8%|█████                                                            | 9/115 [00:03<00:28,  3.72it/s, loss=1707633.6250]Trial 0 Ep1:   9%|█████▌                                                          | 10/115 [00:03<00:27,  3.79it/s, loss=1707633.6250]Trial 0 Ep1:   9%|█████▌                                                          | 10/115 [00:04<00:27,  3.79it/s, loss=1765739.6250]Trial 0 Ep1:  10%|██████                                                          | 11/115 [00:04<00:25,  4.01it/s, loss=1765739.6250]Trial 0 Ep1:  10%|██████                                                          | 11/115 [00:04<00:25,  4.01it/s, loss=1361368.2500]Trial 0 Ep1:  10%|██████▋                                                         | 12/115 [00:04<00:37,  2.78it/s, loss=1361368.2500]Trial 0 Ep1:  10%|██████▋                                                         | 12/115 [00:04<00:37,  2.78it/s, loss=1359188.3750]Trial 0 Ep1:  11%|███████▏                                                        | 13/115 [00:04<00:32,  3.18it/s, loss=1359188.3750]Trial 0 Ep1:  11%|███████▎                                                         | 13/115 [00:05<00:32,  3.18it/s, loss=872669.1250]Trial 0 Ep1:  12%|███████▉                                                         | 14/115 [00:05<00:28,  3.54it/s, loss=872669.1250]Trial 0 Ep1:  12%|███████▉                                                         | 14/115 [00:05<00:28,  3.54it/s, loss=425444.1562]Trial 0 Ep1:  13%|████████▍                                                        | 15/115 [00:05<00:25,  3.85it/s, loss=425444.1562]Trial 0 Ep1:  13%|████████▍                                                        | 15/115 [00:05<00:25,  3.85it/s, loss=438020.6250]Trial 0 Ep1:  14%|█████████                                                        | 16/115 [00:05<00:30,  3.21it/s, loss=438020.6250]Trial 0 Ep1:  14%|█████████                                                        | 16/115 [00:05<00:30,  3.21it/s, loss=432323.1250]Trial 0 Ep1:  15%|█████████▌                                                       | 17/115 [00:05<00:28,  3.42it/s, loss=432323.1250]Trial 0 Ep1:  15%|█████████▍                                                      | 17/115 [00:06<00:28,  3.42it/s, loss=1156357.0000]Trial 0 Ep1:  16%|██████████                                                      | 18/115 [00:06<00:26,  3.69it/s, loss=1156357.0000]Trial 0 Ep1:  16%|██████████                                                      | 18/115 [00:06<00:26,  3.69it/s, loss=5838022.0000]Trial 0 Ep1:  17%|██████████▌                                                     | 19/115 [00:06<00:24,  3.92it/s, loss=5838022.0000]Trial 0 Ep1:  17%|██████████                                                   | 19/115 [00:06<00:24,  3.92it/s, loss=1916574464.0000]Trial 0 Ep1:  17%|██████████▌                                                  | 20/115 [00:06<00:24,  3.86it/s, loss=1916574464.0000]Trial 0 Ep1:  17%|██████████                                                | 20/115 [00:06<00:24,  3.86it/s, loss=3195830272000.0000]Trial 0 Ep1:  18%|██████████▌                                               | 21/115 [00:06<00:23,  3.92it/s, loss=3195830272000.0000]                                                                                                                                      [I 2026-02-24 14:25:10,799] Trial 0 finished with value: 0.0 and parameters: {'learning_rate': 0.001076, 'target_ab_lr': 0.001}. Best is trial 0 with value: 0.0.

  [NaN/Inf detected at batch 21] Aborting trial.
[Trial 0] GPU cache cleared

======================================================================
Trial 1 Starting
======================================================================
  rank=8, transfer_every=10000000, transfer_lr=1.0000e-01
  lora_alpha=1.0000, lr=1.0760e-03, wd=0.00e+00
  target_ab_lr=0.0100, lr_multiplier=9.293680
  effective_ab_lr = lr*alpha*mult = 0.0100
  momentum=0.00, nesterov=False, reinit_mode=decay
  tau_sec=0.0, optimizer=AnalogAdam
======================================================================
huggingface/tokenizers: The current process just got forked, after parallelism has already been used. Disabling parallelism to avoid deadlocks...
To disable this warning, you can either:
	- Avoid using `tokenizers` before the fork if possible
	- Explicitly set the environment variable TOKENIZERS_PARALLELISM=(true | false)
Some weights of MobileBertForSequenceClassification were not initialized from the model checkpoint at google/mobilebert-uncased and are newly initialized: ['classifier.bias', 'classifier.weight']
You should probably TRAIN this model on a down-stream task to be able to use it for predictions and inference.
  [FIX] Reinitialized classifier with FIXED seed=42
  [WARMUP] Initialized 3 tiles for LRTT update
  [WARMUP] Initialized 3 tiles for LRTT update
  [WARMUP] Initialized 3 tiles for LRTT update
  [WARMUP] Initialized 3 tiles for LRTT update
  [WARMUP] Initialized 3 tiles for LRTT update
  [WARMUP] Initialized 3 tiles for LRTT update
  [WARMUP] Initialized 3 tiles for LRTT update
  [WARMUP] Initialized 3 tiles for LRTT update
  [WARMUP] Initialized 3 tiles for LRTT update
  [WARMUP] Initialized 3 tiles for LRTT update
  [WARMUP] Initialized 3 tiles for LRTT update
  [WARMUP] Initialized 3 tiles for LRTT update
  [WARMUP] Initialized 3 tiles for LRTT update
  [WARMUP] Initialized 3 tiles for LRTT update
  [WARMUP] Initialized 3 tiles for LRTT update
  [WARMUP] Initialized 3 tiles for LRTT update
  [WARMUP] Initialized 3 tiles for LRTT update
  [WARMUP] Initialized 3 tiles for LRTT update
  [WARMUP] Initialized 3 tiles for LRTT update
  [WARMUP] Initialized 3 tiles for LRTT update
  [WARMUP] Initialized 3 tiles for LRTT update
  [WARMUP] Initialized 3 tiles for LRTT update
  [WARMUP] Initialized 3 tiles for LRTT update
  [WARMUP] Initialized 3 tiles for LRTT update
  [WARMUP] Initialized 3 tiles for LRTT update
  [WARMUP] Initialized 3 tiles for LRTT update
  [WARMUP] Initialized 3 tiles for LRTT update
  [WARMUP] Initialized 3 tiles for LRTT update
  [WARMUP] Initialized 3 tiles for LRTT update
  [WARMUP] Initialized 3 tiles for LRTT update
  [WARMUP] Initialized 3 tiles for LRTT update
  [WARMUP] Initialized 3 tiles for LRTT update
  [WARMUP] Initialized 3 tiles for LRTT update
  [WARMUP] Initialized 3 tiles for LRTT update
  [WARMUP] Initialized 3 tiles for LRTT update
  [WARMUP] Initialized 3 tiles for LRTT update
  [WARMUP] Initialized 3 tiles for LRTT update
  [WARMUP] Initialized 3 tiles for LRTT update
  [WARMUP] Initialized 3 tiles for LRTT update
  [WARMUP] Initialized 3 tiles for LRTT update
  [WARMUP] Initialized 3 tiles for LRTT update
  [WARMUP] Initialized 3 tiles for LRTT update
  [WARMUP] Initialized 3 tiles for LRTT update
  [WARMUP] Initialized 3 tiles for LRTT update
  [WARMUP] Initialized 3 tiles for LRTT update
  [WARMUP] Initialized 3 tiles for LRTT update
  [WARMUP] Initialized 3 tiles for LRTT update
  [WARMUP] Initialized 3 tiles for LRTT update
  [WARMUP] Initialized 3 tiles for LRTT update
  [WARMUP] Initialized 3 tiles for LRTT update
  [WARMUP] Initialized 3 tiles for LRTT update
  [WARMUP] Initialized 3 tiles for LRTT update
  [WARMUP] Initialized 3 tiles for LRTT update
  [WARMUP] Initialized 3 tiles for LRTT update
  [WARMUP] Initialized 3 tiles for LRTT update
  [WARMUP] Initialized 3 tiles for LRTT update
  [WARMUP] Initialized 3 tiles for LRTT update
  [WARMUP] Initialized 3 tiles for LRTT update
  [WARMUP] Initialized 3 tiles for LRTT update
  [WARMUP] Initialized 3 tiles for LRTT update
  [WARMUP] Initialized 3 tiles for LRTT update
  [WARMUP] Initialized 3 tiles for LRTT update
  [WARMUP] Initialized 3 tiles for LRTT update
  [WARMUP] Initialized 3 tiles for LRTT update
  [WARMUP] Initialized 3 tiles for LRTT update
  [WARMUP] Initialized 3 tiles for LRTT update
  [WARMUP] Initialized 3 tiles for LRTT update
  [WARMUP] Initialized 3 tiles for LRTT update
  [WARMUP] Initialized 3 tiles for LRTT update
  [WARMUP] Initialized 3 tiles for LRTT update
  [WARMUP] Initialized 3 tiles for LRTT update
  [WARMUP] Initialized 3 tiles for LRTT update
  [WARMUP] Initialized 3 tiles for LRTT update
  [WARMUP] Initialized 3 tiles for LRTT update
  [WARMUP] Initialized 3 tiles for LRTT update
  [WARMUP] Initialized 3 tiles for LRTT update
  [WARMUP] Initialized 3 tiles for LRTT update
  [WARMUP] Initialized 3 tiles for LRTT update
  [WARMUP] Initialized 3 tiles for LRTT update
  [WARMUP] Initialized 3 tiles for LRTT update
  [WARMUP] Initialized 3 tiles for LRTT update
  [WARMUP] Initialized 3 tiles for LRTT update
  [WARMUP] Initialized 3 tiles for LRTT update
  [WARMUP] Initialized 3 tiles for LRTT update
  [WARMUP] Initialized 3 tiles for LRTT update
  [WARMUP] Initialized 3 tiles for LRTT update
  [WARMUP] Initialized 3 tiles for LRTT update
  [WARMUP] Initialized 3 tiles for LRTT update
  [WARMUP] Initialized 3 tiles for LRTT update
  [WARMUP] Initialized 3 tiles for LRTT update
  [WARMUP] Initialized 3 tiles for LRTT update
  [WARMUP] Initialized 3 tiles for LRTT update
  [WARMUP] Initialized 3 tiles for LRTT update
  [WARMUP] Initialized 3 tiles for LRTT update
  [WARMUP] Initialized 3 tiles for LRTT update
  [WARMUP] Initialized 3 tiles for LRTT update
  LRTT Analog layers: 96, Total params: 21,842,978, Trainable (before grad set): 21,842,978
  Trainable (after grad set): 13,602
  LoRA target: qkv -> ['attention.self.query', 'attention.self.key', 'attention.self.value', 'attention.output.dense']

Optimizer configuration:
  Forward scaling (lora_alpha): 1.0
  Classifier LR: 0.001076
  LRTT LR (optimizer): 0.01 (= 0.001076 * 9.29368029739777)
  Effective A,B LR: 0.01 (= 0.01 * 1.0)
  LRTT_LR_MULTIPLIER: 9.29368029739777
  LRTT tile params: 288
  Other params: 98
  Collected 96 tile_c contexts for post-step reset
  Collected 192 tile_a/b contexts for post-step reset
  AB LR Warmup: 1e-07 → 1e-02 over 402 steps (scheduler warmup: 40 steps)
