Trial 1 Ep1:   0%|                                                                                            | 0/115 [00:00<?, ?it/s]Trial 1 Ep1:   0%|                                                                         | 0/115 [00:01<?, ?it/s, loss=3520327.7500]Trial 1 Ep1:   1%|▌                                                                | 1/115 [00:01<02:03,  1.08s/it, loss=3520327.7500]Trial 1 Ep1:   1%|▌                                                                | 1/115 [00:01<02:03,  1.08s/it, loss=2984527.5000]Trial 1 Ep1:   2%|█▏                                                               | 2/115 [00:01<01:14,  1.51it/s, loss=2984527.5000]Trial 1 Ep1:   2%|█▏                                                               | 2/115 [00:01<01:14,  1.51it/s, loss=2144146.0000]Trial 1 Ep1:   3%|█▋                                                               | 3/115 [00:01<00:50,  2.20it/s, loss=2144146.0000]Trial 1 Ep1:   3%|█▋                                                                 | 3/115 [00:01<00:50,  2.20it/s, loss=45306.6094]Trial 1 Ep1:   3%|██▎                                                                | 4/115 [00:01<00:39,  2.84it/s, loss=45306.6094]Trial 1 Ep1:   3%|██▎                                                              | 4/115 [00:02<00:39,  2.84it/s, loss=1588471.7500]Trial 1 Ep1:   4%|██▊                                                              | 5/115 [00:02<00:40,  2.74it/s, loss=1588471.7500]Trial 1 Ep1:   4%|██▊                                                              | 5/115 [00:02<00:40,  2.74it/s, loss=4025007.5000]Trial 1 Ep1:   5%|███▍                                                             | 6/115 [00:02<00:33,  3.22it/s, loss=4025007.5000]Trial 1 Ep1:   5%|███▍                                                             | 6/115 [00:02<00:33,  3.22it/s, loss=4579411.5000]Trial 1 Ep1:   6%|███▉                                                             | 7/115 [00:02<00:33,  3.24it/s, loss=4579411.5000]Trial 1 Ep1:   6%|███▉                                                             | 7/115 [00:02<00:33,  3.24it/s, loss=3960522.5000]Trial 1 Ep1:   7%|████▌                                                            | 8/115 [00:02<00:29,  3.65it/s, loss=3960522.5000]Trial 1 Ep1:   7%|████▌                                                            | 8/115 [00:03<00:29,  3.65it/s, loss=3198190.7500]Trial 1 Ep1:   8%|█████                                                            | 9/115 [00:03<00:26,  4.00it/s, loss=3198190.7500]Trial 1 Ep1:   8%|█████▏                                                            | 9/115 [00:03<00:26,  4.00it/s, loss=696444.3750]Trial 1 Ep1:   9%|█████▋                                                           | 10/115 [00:03<00:25,  4.07it/s, loss=696444.3750]Trial 1 Ep1:   9%|█████▌                                                          | 10/115 [00:03<00:25,  4.07it/s, loss=2836332.0000]Trial 1 Ep1:  10%|██████                                                          | 11/115 [00:03<00:24,  4.29it/s, loss=2836332.0000]Trial 1 Ep1:  10%|██████                                                          | 11/115 [00:04<00:24,  4.29it/s, loss=6219578.0000]Trial 1 Ep1:  10%|██████▋                                                         | 12/115 [00:04<00:45,  2.25it/s, loss=6219578.0000]Trial 1 Ep1:  10%|██████▎                                                      | 12/115 [00:05<00:45,  2.25it/s, loss=6975798272.0000]Trial 1 Ep1:  11%|██████▉                                                      | 13/115 [00:05<00:50,  2.03it/s, loss=6975798272.0000]                                                                                                                                      [I 2026-02-24 14:44:27,492] Trial 1 finished with value: 0.0 and parameters: {'learning_rate': 0.006, 'target_ab_lr': 0.01}. Best is trial 0 with value: 0.0.

  [NaN/Inf detected at batch 13] Aborting trial.
[Trial 1] GPU cache cleared

======================================================================
Trial 2 Starting
======================================================================
  rank=8, transfer_every=10000000, transfer_lr=1.0000e-01
  lora_alpha=1.0000, lr=2.1448e-03, wd=0.00e+00
  target_ab_lr=0.0711, lr_multiplier=33.170384
  effective_ab_lr = lr*alpha*mult = 0.0711
  momentum=0.00, nesterov=False, reinit_mode=decay
  tau_sec=0.0, optimizer=AnalogAdam
======================================================================
Some weights of MobileBertForSequenceClassification were not initialized from the model checkpoint at google/mobilebert-uncased and are newly initialized: ['classifier.bias', 'classifier.weight']
You should probably TRAIN this model on a down-stream task to be able to use it for predictions and inference.
  [FIX] Reinitialized classifier with FIXED seed=42
  [WARMUP] Initialized 3 tiles for LRTT update
  [WARMUP] Initialized 3 tiles for LRTT update
  [WARMUP] Initialized 3 tiles for LRTT update
  [WARMUP] Initialized 3 tiles for LRTT update
  [WARMUP] Initialized 3 tiles for LRTT update
  [WARMUP] Initialized 3 tiles for LRTT update
  [WARMUP] Initialized 3 tiles for LRTT update
  [WARMUP] Initialized 3 tiles for LRTT update
  [WARMUP] Initialized 3 tiles for LRTT update
  [WARMUP] Initialized 3 tiles for LRTT update
  [WARMUP] Initialized 3 tiles for LRTT update
  [WARMUP] Initialized 3 tiles for LRTT update
  [WARMUP] Initialized 3 tiles for LRTT update
  [WARMUP] Initialized 3 tiles for LRTT update
  [WARMUP] Initialized 3 tiles for LRTT update
  [WARMUP] Initialized 3 tiles for LRTT update
  [WARMUP] Initialized 3 tiles for LRTT update
  [WARMUP] Initialized 3 tiles for LRTT update
  [WARMUP] Initialized 3 tiles for LRTT update
  [WARMUP] Initialized 3 tiles for LRTT update
  [WARMUP] Initialized 3 tiles for LRTT update
  [WARMUP] Initialized 3 tiles for LRTT update
  [WARMUP] Initialized 3 tiles for LRTT update
  [WARMUP] Initialized 3 tiles for LRTT update
  [WARMUP] Initialized 3 tiles for LRTT update
  [WARMUP] Initialized 3 tiles for LRTT update
  [WARMUP] Initialized 3 tiles for LRTT update
  [WARMUP] Initialized 3 tiles for LRTT update
  [WARMUP] Initialized 3 tiles for LRTT update
  [WARMUP] Initialized 3 tiles for LRTT update
  [WARMUP] Initialized 3 tiles for LRTT update
  [WARMUP] Initialized 3 tiles for LRTT update
  [WARMUP] Initialized 3 tiles for LRTT update
  [WARMUP] Initialized 3 tiles for LRTT update
  [WARMUP] Initialized 3 tiles for LRTT update
  [WARMUP] Initialized 3 tiles for LRTT update
  [WARMUP] Initialized 3 tiles for LRTT update
  [WARMUP] Initialized 3 tiles for LRTT update
  [WARMUP] Initialized 3 tiles for LRTT update
  [WARMUP] Initialized 3 tiles for LRTT update
  [WARMUP] Initialized 3 tiles for LRTT update
  [WARMUP] Initialized 3 tiles for LRTT update
  [WARMUP] Initialized 3 tiles for LRTT update
  [WARMUP] Initialized 3 tiles for LRTT update
  [WARMUP] Initialized 3 tiles for LRTT update
  [WARMUP] Initialized 3 tiles for LRTT update
  [WARMUP] Initialized 3 tiles for LRTT update
  [WARMUP] Initialized 3 tiles for LRTT update
  [WARMUP] Initialized 3 tiles for LRTT update
  [WARMUP] Initialized 3 tiles for LRTT update
  [WARMUP] Initialized 3 tiles for LRTT update
  [WARMUP] Initialized 3 tiles for LRTT update
  [WARMUP] Initialized 3 tiles for LRTT update
  [WARMUP] Initialized 3 tiles for LRTT update
  [WARMUP] Initialized 3 tiles for LRTT update
  [WARMUP] Initialized 3 tiles for LRTT update
  [WARMUP] Initialized 3 tiles for LRTT update
  [WARMUP] Initialized 3 tiles for LRTT update
  [WARMUP] Initialized 3 tiles for LRTT update
  [WARMUP] Initialized 3 tiles for LRTT update
  [WARMUP] Initialized 3 tiles for LRTT update
  [WARMUP] Initialized 3 tiles for LRTT update
  [WARMUP] Initialized 3 tiles for LRTT update
  [WARMUP] Initialized 3 tiles for LRTT update
  [WARMUP] Initialized 3 tiles for LRTT update
  [WARMUP] Initialized 3 tiles for LRTT update
  [WARMUP] Initialized 3 tiles for LRTT update
  [WARMUP] Initialized 3 tiles for LRTT update
  [WARMUP] Initialized 3 tiles for LRTT update
  [WARMUP] Initialized 3 tiles for LRTT update
  [WARMUP] Initialized 3 tiles for LRTT update
  [WARMUP] Initialized 3 tiles for LRTT update
  [WARMUP] Initialized 3 tiles for LRTT update
  [WARMUP] Initialized 3 tiles for LRTT update
  [WARMUP] Initialized 3 tiles for LRTT update
  [WARMUP] Initialized 3 tiles for LRTT update
  [WARMUP] Initialized 3 tiles for LRTT update
  [WARMUP] Initialized 3 tiles for LRTT update
  [WARMUP] Initialized 3 tiles for LRTT update
  [WARMUP] Initialized 3 tiles for LRTT update
  [WARMUP] Initialized 3 tiles for LRTT update
  [WARMUP] Initialized 3 tiles for LRTT update
  [WARMUP] Initialized 3 tiles for LRTT update
  [WARMUP] Initialized 3 tiles for LRTT update
  [WARMUP] Initialized 3 tiles for LRTT update
  [WARMUP] Initialized 3 tiles for LRTT update
  [WARMUP] Initialized 3 tiles for LRTT update
  [WARMUP] Initialized 3 tiles for LRTT update
  [WARMUP] Initialized 3 tiles for LRTT update
  [WARMUP] Initialized 3 tiles for LRTT update
  [WARMUP] Initialized 3 tiles for LRTT update
  [WARMUP] Initialized 3 tiles for LRTT update
  [WARMUP] Initialized 3 tiles for LRTT update
  [WARMUP] Initialized 3 tiles for LRTT update
  [WARMUP] Initialized 3 tiles for LRTT update
  [WARMUP] Initialized 3 tiles for LRTT update
  LRTT Analog layers: 96, Total params: 21,842,978, Trainable (before grad set): 21,842,978
  Trainable (after grad set): 13,602
  LoRA target: qkv -> ['attention.self.query', 'attention.self.key', 'attention.self.value', 'attention.output.dense']

Optimizer configuration:
  Forward scaling (lora_alpha): 1.0
  Classifier LR: 0.0021448277535601463
  LRTT LR (optimizer): 0.07114476009343425 (= 0.0021448277535601463 * 33.17038395057264)
  Effective A,B LR: 0.07114476009343425 (= 0.07114476009343425 * 1.0)
  LRTT_LR_MULTIPLIER: 33.17038395057264
  LRTT tile params: 288
  Other params: 98
  Collected 96 tile_c contexts for post-step reset
  Collected 192 tile_a/b contexts for post-step reset
  AB LR Warmup: 1e-07 → 7e-02 over 40 steps (scheduler warmup: 40 steps)
