Trial 7 Ep1:   0%|                                                                                            | 0/115 [00:00<?, ?it/s]Trial 7 Ep1:   0%|                                                                         | 0/115 [00:00<?, ?it/s, loss=3520327.7500]Trial 7 Ep1:   1%|▌                                                                | 1/115 [00:00<01:53,  1.00it/s, loss=3520327.7500]Trial 7 Ep1:   1%|▌                                                                | 1/115 [00:01<01:53,  1.00it/s, loss=2984527.5000]Trial 7 Ep1:   2%|█▏                                                               | 2/115 [00:01<01:14,  1.52it/s, loss=2984527.5000]Trial 7 Ep1:   2%|█▏                                                               | 2/115 [00:01<01:14,  1.52it/s, loss=2986804.5000]Trial 7 Ep1:   3%|█▋                                                               | 3/115 [00:01<00:50,  2.21it/s, loss=2986804.5000]Trial 7 Ep1:   3%|█▋                                                               | 3/115 [00:01<00:50,  2.21it/s, loss=2308391.0000]Trial 7 Ep1:   3%|██▎                                                              | 4/115 [00:01<00:41,  2.70it/s, loss=2308391.0000]Trial 7 Ep1:   3%|██▎                                                              | 4/115 [00:02<00:41,  2.70it/s, loss=2343523.2500]Trial 7 Ep1:   4%|██▊                                                              | 5/115 [00:02<00:41,  2.64it/s, loss=2343523.2500]Trial 7 Ep1:   4%|██▊                                                              | 5/115 [00:02<00:41,  2.64it/s, loss=1157770.7500]Trial 7 Ep1:   5%|███▍                                                             | 6/115 [00:02<00:34,  3.12it/s, loss=1157770.7500]Trial 7 Ep1:   5%|███▍                                                              | 6/115 [00:02<00:34,  3.12it/s, loss=336394.9062]Trial 7 Ep1:   6%|████                                                              | 7/115 [00:02<00:32,  3.35it/s, loss=336394.9062]Trial 7 Ep1:   6%|████                                                              | 7/115 [00:02<00:32,  3.35it/s, loss=515385.2812]Trial 7 Ep1:   7%|████▌                                                             | 8/115 [00:02<00:28,  3.73it/s, loss=515385.2812]Trial 7 Ep1:   7%|████▌                                                            | 8/115 [00:03<00:28,  3.73it/s, loss=1182360.8750]Trial 7 Ep1:   8%|█████                                                            | 9/115 [00:03<00:27,  3.87it/s, loss=1182360.8750]Trial 7 Ep1:   8%|█████▏                                                            | 9/115 [00:03<00:27,  3.87it/s, loss=950362.3125]Trial 7 Ep1:   9%|█████▋                                                           | 10/115 [00:03<00:25,  4.12it/s, loss=950362.3125]Trial 7 Ep1:   9%|█████▌                                                          | 10/115 [00:03<00:25,  4.12it/s, loss=1255732.5000]Trial 7 Ep1:  10%|██████                                                          | 11/115 [00:03<00:23,  4.35it/s, loss=1255732.5000]Trial 7 Ep1:  10%|██████▏                                                          | 11/115 [00:04<00:23,  4.35it/s, loss=894457.5000]Trial 7 Ep1:  10%|██████▊                                                          | 12/115 [00:04<00:34,  3.02it/s, loss=894457.5000]Trial 7 Ep1:  10%|██████▊                                                          | 12/115 [00:04<00:34,  3.02it/s, loss=664551.5625]Trial 7 Ep1:  11%|███████▎                                                         | 13/115 [00:04<00:33,  3.05it/s, loss=664551.5625]                                                                                                                                      [I 2026-02-24 14:27:01,138] Trial 7 finished with value: 0.0 and parameters: {'learning_rate': 0.001076, 'target_ab_lr': 0.01}. Best is trial 0 with value: 0.0.

  [NaN/Inf detected at batch 13] Aborting trial.
[Trial 7] GPU cache cleared

======================================================================
Trial 8 Starting
======================================================================
  rank=8, transfer_every=10000000, transfer_lr=1.0000e-01
  lora_alpha=1.0000, lr=1.0760e-03, wd=0.00e+00
  target_ab_lr=0.0050, lr_multiplier=4.646840
  effective_ab_lr = lr*alpha*mult = 0.0050
  momentum=0.00, nesterov=False, reinit_mode=decay
  tau_sec=0.0, optimizer=AnalogAdam
======================================================================
huggingface/tokenizers: The current process just got forked, after parallelism has already been used. Disabling parallelism to avoid deadlocks...
To disable this warning, you can either:
	- Avoid using `tokenizers` before the fork if possible
	- Explicitly set the environment variable TOKENIZERS_PARALLELISM=(true | false)
Some weights of MobileBertForSequenceClassification were not initialized from the model checkpoint at google/mobilebert-uncased and are newly initialized: ['classifier.bias', 'classifier.weight']
You should probably TRAIN this model on a down-stream task to be able to use it for predictions and inference.
  [FIX] Reinitialized classifier with FIXED seed=42
  [WARMUP] Initialized 3 tiles for LRTT update
  [WARMUP] Initialized 3 tiles for LRTT update
  [WARMUP] Initialized 3 tiles for LRTT update
  [WARMUP] Initialized 3 tiles for LRTT update
  [WARMUP] Initialized 3 tiles for LRTT update
  [WARMUP] Initialized 3 tiles for LRTT update
  [WARMUP] Initialized 3 tiles for LRTT update
  [WARMUP] Initialized 3 tiles for LRTT update
  [WARMUP] Initialized 3 tiles for LRTT update
  [WARMUP] Initialized 3 tiles for LRTT update
  [WARMUP] Initialized 3 tiles for LRTT update
  [WARMUP] Initialized 3 tiles for LRTT update
  [WARMUP] Initialized 3 tiles for LRTT update
  [WARMUP] Initialized 3 tiles for LRTT update
  [WARMUP] Initialized 3 tiles for LRTT update
  [WARMUP] Initialized 3 tiles for LRTT update
  [WARMUP] Initialized 3 tiles for LRTT update
  [WARMUP] Initialized 3 tiles for LRTT update
  [WARMUP] Initialized 3 tiles for LRTT update
  [WARMUP] Initialized 3 tiles for LRTT update
  [WARMUP] Initialized 3 tiles for LRTT update
  [WARMUP] Initialized 3 tiles for LRTT update
  [WARMUP] Initialized 3 tiles for LRTT update
  [WARMUP] Initialized 3 tiles for LRTT update
  [WARMUP] Initialized 3 tiles for LRTT update
  [WARMUP] Initialized 3 tiles for LRTT update
  [WARMUP] Initialized 3 tiles for LRTT update
  [WARMUP] Initialized 3 tiles for LRTT update
  [WARMUP] Initialized 3 tiles for LRTT update
  [WARMUP] Initialized 3 tiles for LRTT update
  [WARMUP] Initialized 3 tiles for LRTT update
  [WARMUP] Initialized 3 tiles for LRTT update
  [WARMUP] Initialized 3 tiles for LRTT update
  [WARMUP] Initialized 3 tiles for LRTT update
  [WARMUP] Initialized 3 tiles for LRTT update
  [WARMUP] Initialized 3 tiles for LRTT update
  [WARMUP] Initialized 3 tiles for LRTT update
  [WARMUP] Initialized 3 tiles for LRTT update
  [WARMUP] Initialized 3 tiles for LRTT update
  [WARMUP] Initialized 3 tiles for LRTT update
  [WARMUP] Initialized 3 tiles for LRTT update
  [WARMUP] Initialized 3 tiles for LRTT update
  [WARMUP] Initialized 3 tiles for LRTT update
  [WARMUP] Initialized 3 tiles for LRTT update
  [WARMUP] Initialized 3 tiles for LRTT update
  [WARMUP] Initialized 3 tiles for LRTT update
  [WARMUP] Initialized 3 tiles for LRTT update
  [WARMUP] Initialized 3 tiles for LRTT update
  [WARMUP] Initialized 3 tiles for LRTT update
  [WARMUP] Initialized 3 tiles for LRTT update
  [WARMUP] Initialized 3 tiles for LRTT update
  [WARMUP] Initialized 3 tiles for LRTT update
  [WARMUP] Initialized 3 tiles for LRTT update
  [WARMUP] Initialized 3 tiles for LRTT update
  [WARMUP] Initialized 3 tiles for LRTT update
  [WARMUP] Initialized 3 tiles for LRTT update
  [WARMUP] Initialized 3 tiles for LRTT update
  [WARMUP] Initialized 3 tiles for LRTT update
  [WARMUP] Initialized 3 tiles for LRTT update
  [WARMUP] Initialized 3 tiles for LRTT update
  [WARMUP] Initialized 3 tiles for LRTT update
  [WARMUP] Initialized 3 tiles for LRTT update
  [WARMUP] Initialized 3 tiles for LRTT update
  [WARMUP] Initialized 3 tiles for LRTT update
  [WARMUP] Initialized 3 tiles for LRTT update
  [WARMUP] Initialized 3 tiles for LRTT update
  [WARMUP] Initialized 3 tiles for LRTT update
  [WARMUP] Initialized 3 tiles for LRTT update
  [WARMUP] Initialized 3 tiles for LRTT update
  [WARMUP] Initialized 3 tiles for LRTT update
  [WARMUP] Initialized 3 tiles for LRTT update
  [WARMUP] Initialized 3 tiles for LRTT update
  [WARMUP] Initialized 3 tiles for LRTT update
  [WARMUP] Initialized 3 tiles for LRTT update
  [WARMUP] Initialized 3 tiles for LRTT update
  [WARMUP] Initialized 3 tiles for LRTT update
  [WARMUP] Initialized 3 tiles for LRTT update
  [WARMUP] Initialized 3 tiles for LRTT update
  [WARMUP] Initialized 3 tiles for LRTT update
  [WARMUP] Initialized 3 tiles for LRTT update
  [WARMUP] Initialized 3 tiles for LRTT update
  [WARMUP] Initialized 3 tiles for LRTT update
  [WARMUP] Initialized 3 tiles for LRTT update
  [WARMUP] Initialized 3 tiles for LRTT update
  [WARMUP] Initialized 3 tiles for LRTT update
  [WARMUP] Initialized 3 tiles for LRTT update
  [WARMUP] Initialized 3 tiles for LRTT update
  [WARMUP] Initialized 3 tiles for LRTT update
  [WARMUP] Initialized 3 tiles for LRTT update
  [WARMUP] Initialized 3 tiles for LRTT update
  [WARMUP] Initialized 3 tiles for LRTT update
  [WARMUP] Initialized 3 tiles for LRTT update
  [WARMUP] Initialized 3 tiles for LRTT update
  [WARMUP] Initialized 3 tiles for LRTT update
  [WARMUP] Initialized 3 tiles for LRTT update
  [WARMUP] Initialized 3 tiles for LRTT update
  LRTT Analog layers: 96, Total params: 21,842,978, Trainable (before grad set): 21,842,978
  Trainable (after grad set): 13,602
  LoRA target: qkv -> ['attention.self.query', 'attention.self.key', 'attention.self.value', 'attention.output.dense']

Optimizer configuration:
  Forward scaling (lora_alpha): 1.0
  Classifier LR: 0.001076
  LRTT LR (optimizer): 0.005 (= 0.001076 * 4.646840148698885)
  Effective A,B LR: 0.005 (= 0.005 * 1.0)
  LRTT_LR_MULTIPLIER: 4.646840148698885
  LRTT tile params: 288
  Other params: 98
  Collected 96 tile_c contexts for post-step reset
  Collected 192 tile_a/b contexts for post-step reset
  AB LR Warmup: 1e-07 → 5e-03 over 402 steps (scheduler warmup: 40 steps)
Trial 8 Ep1:   0%|                                                                                            | 0/115 [00:00<?, ?it/s]Trial 8 Ep1:   0%|                                                                         | 0/115 [00:01<?, ?it/s, loss=3481864.5000]Trial 8 Ep1:   1%|▌                                                                | 1/115 [00:01<01:58,  1.04s/it, loss=3481864.5000]Trial 8 Ep1:   1%|▌                                                                | 1/115 [00:01<01:58,  1.04s/it, loss=2940390.0000]Trial 8 Ep1:   2%|█▏                                                               | 2/115 [00:01<01:16,  1.48it/s, loss=2940390.0000]Trial 8 Ep1:   2%|█▏                                                               | 2/115 [00:01<01:16,  1.48it/s, loss=2460521.5000]Trial 8 Ep1:   3%|█▋                                                               | 3/115 [00:01<00:52,  2.13it/s, loss=2460521.5000]Trial 8 Ep1:   3%|█▋                                                               | 3/115 [00:01<00:52,  2.13it/s, loss=3022862.0000]Trial 8 Ep1:   3%|██▎                                                              | 4/115 [00:01<00:42,  2.61it/s, loss=3022862.0000]Trial 8 Ep1:   3%|██▎                                                              | 4/115 [00:02<00:42,  2.61it/s, loss=2336580.5000]Trial 8 Ep1:   4%|██▊                                                              | 5/115 [00:02<00:36,  3.04it/s, loss=2336580.5000]Trial 8 Ep1:   4%|██▊                                                              | 5/115 [00:02<00:36,  3.04it/s, loss=1680604.2500]Trial 8 Ep1:   5%|███▍                                                             | 6/115 [00:02<00:32,  3.38it/s, loss=1680604.2500]Trial 8 Ep1:   5%|███▍                                                              | 6/115 [00:02<00:32,  3.38it/s, loss=533747.6250]Trial 8 Ep1:   6%|████                                                              | 7/115 [00:02<00:28,  3.75it/s, loss=533747.6250]Trial 8 Ep1:   6%|████                                                              | 7/115 [00:02<00:28,  3.75it/s, loss=345021.1250]Trial 8 Ep1:   7%|████▌                                                             | 8/115 [00:02<00:27,  3.94it/s, loss=345021.1250]Trial 8 Ep1:   7%|████▌                                                             | 8/115 [00:03<00:27,  3.94it/s, loss=758495.6875]Trial 8 Ep1:   8%|█████▏                                                            | 9/115 [00:03<00:25,  4.16it/s, loss=758495.6875]Trial 8 Ep1:   8%|█████▏                                                            | 9/115 [00:03<00:25,  4.16it/s, loss=342408.7188]Trial 8 Ep1:   9%|█████▋                                                           | 10/115 [00:03<00:25,  4.15it/s, loss=342408.7188]Trial 8 Ep1:   9%|█████▋                                                           | 10/115 [00:03<00:25,  4.15it/s, loss=506795.2188]Trial 8 Ep1:  10%|██████▏                                                          | 11/115 [00:03<00:25,  4.02it/s, loss=506795.2188]Trial 8 Ep1:  10%|██████                                                          | 11/115 [00:03<00:25,  4.02it/s, loss=2051096.5000]Trial 8 Ep1:  10%|██████▋                                                         | 12/115 [00:03<00:25,  4.09it/s, loss=2051096.5000]Trial 8 Ep1:  10%|██████▋                                                         | 12/115 [00:04<00:25,  4.09it/s, loss=1533867.6250]Trial 8 Ep1:  11%|███████▏                                                        | 13/115 [00:04<00:26,  3.89it/s, loss=1533867.6250]Trial 8 Ep1:  11%|███████▎                                                         | 13/115 [00:04<00:26,  3.89it/s, loss=950867.7500]Trial 8 Ep1:  12%|███████▉                                                         | 14/115 [00:04<00:24,  4.11it/s, loss=950867.7500]Trial 8 Ep1:  12%|███████▉                                                         | 14/115 [00:04<00:24,  4.11it/s, loss=403614.0625]Trial 8 Ep1:  13%|████████▍                                                        | 15/115 [00:04<00:23,  4.18it/s, loss=403614.0625]Trial 8 Ep1:  13%|████████▍                                                        | 15/115 [00:04<00:23,  4.18it/s, loss=494850.8125]Trial 8 Ep1:  14%|█████████                                                        | 16/115 [00:04<00:23,  4.26it/s, loss=494850.8125]Trial 8 Ep1:  14%|████████▉                                                       | 16/115 [00:04<00:23,  4.26it/s, loss=1315314.3750]Trial 8 Ep1:  15%|█████████▍                                                      | 17/115 [00:04<00:22,  4.30it/s, loss=1315314.3750]Trial 8 Ep1:  15%|█████████▍                                                      | 17/115 [00:05<00:22,  4.30it/s, loss=1805650.5000]Trial 8 Ep1:  16%|██████████                                                      | 18/115 [00:05<00:31,  3.12it/s, loss=1805650.5000]Trial 8 Ep1:  16%|██████████                                                      | 18/115 [00:05<00:31,  3.12it/s, loss=2438094.7500]Trial 8 Ep1:  17%|██████████▌                                                     | 19/115 [00:05<00:30,  3.16it/s, loss=2438094.7500]                                                                                                                                      [W 2026-02-24 14:27:14,286] Trial 8 failed with parameters: {'learning_rate': 0.001076, 'target_ab_lr': 0.005} because of the following error: OutOfMemoryError('CUDA out of memory. Tried to allocate 20.00 MiB. GPU 0 has a total capacity of 139.81 GiB of which 15.69 MiB is free. Process 2934491 has 139.79 GiB memory in use. Of the allocated memory 70.57 GiB is allocated by PyTorch, and 754.31 MiB is reserved by PyTorch but unallocated. If reserved but unallocated memory is large try setting PYTORCH_ALLOC_CONF=expandable_segments:True to avoid fragmentation.  See documentation for Memory Management  (https://pytorch.org/docs/stable/notes/cuda.html#environment-variables)').
Traceback (most recent call last):
  File "/opt/conda/lib/python3.11/site-packages/optuna/study/_optimize.py", line 206, in _run_trial
    value_or_values = func(trial)
                      ^^^^^^^^^^^
  File "/data/optuna_mobilebert_glue_lora.py", line 1484, in <lambda>
    lambda trial: objective(trial, train_loader, eval_loader, tokenizer),
                  ^^^^^^^^^^^^^^^^^^^^^^^^^^^^^^^^^^^^^^^^^^^^^^^^^^^^^^
  File "/data/optuna_mobilebert_glue_lora.py", line 1141, in objective
    outputs = model(**model_inputs)
              ^^^^^^^^^^^^^^^^^^^^^
  File "/opt/conda/lib/python3.11/site-packages/torch/nn/modules/module.py", line 1776, in _wrapped_call_impl
    return self._call_impl(*args, **kwargs)
           ^^^^^^^^^^^^^^^^^^^^^^^^^^^^^^^^
  File "/opt/conda/lib/python3.11/site-packages/torch/nn/modules/module.py", line 1787, in _call_impl
    return forward_call(*args, **kwargs)
           ^^^^^^^^^^^^^^^^^^^^^^^^^^^^^
  File "/opt/conda/lib/python3.11/site-packages/transformers/models/mobilebert/modeling_mobilebert.py", line 1286, in forward
    outputs = self.mobilebert(
              ^^^^^^^^^^^^^^^^
  File "/opt/conda/lib/python3.11/site-packages/torch/nn/modules/module.py", line 1776, in _wrapped_call_impl
    return self._call_impl(*args, **kwargs)
           ^^^^^^^^^^^^^^^^^^^^^^^^^^^^^^^^
  File "/opt/conda/lib/python3.11/site-packages/torch/nn/modules/module.py", line 1787, in _call_impl
    return forward_call(*args, **kwargs)
           ^^^^^^^^^^^^^^^^^^^^^^^^^^^^^
  File "/opt/conda/lib/python3.11/site-packages/transformers/models/mobilebert/modeling_mobilebert.py", line 898, in forward
    encoder_outputs = self.encoder(
                      ^^^^^^^^^^^^^
  File "/opt/conda/lib/python3.11/site-packages/torch/nn/modules/module.py", line 1776, in _wrapped_call_impl
    return self._call_impl(*args, **kwargs)
           ^^^^^^^^^^^^^^^^^^^^^^^^^^^^^^^^
  File "/opt/conda/lib/python3.11/site-packages/torch/nn/modules/module.py", line 1787, in _call_impl
    return forward_call(*args, **kwargs)
           ^^^^^^^^^^^^^^^^^^^^^^^^^^^^^
  File "/opt/conda/lib/python3.11/site-packages/transformers/models/mobilebert/modeling_mobilebert.py", line 580, in forward
    layer_outputs = layer_module(
                    ^^^^^^^^^^^^^
  File "/opt/conda/lib/python3.11/site-packages/torch/nn/modules/module.py", line 1776, in _wrapped_call_impl
    return self._call_impl(*args, **kwargs)
           ^^^^^^^^^^^^^^^^^^^^^^^^^^^^^^^^
  File "/opt/conda/lib/python3.11/site-packages/torch/nn/modules/module.py", line 1787, in _call_impl
    return forward_call(*args, **kwargs)
           ^^^^^^^^^^^^^^^^^^^^^^^^^^^^^
  File "/opt/conda/lib/python3.11/site-packages/transformers/models/mobilebert/modeling_mobilebert.py", line 538, in forward
    attention_output = ffn_module(attention_output)
                       ^^^^^^^^^^^^^^^^^^^^^^^^^^^^
  File "/opt/conda/lib/python3.11/site-packages/torch/nn/modules/module.py", line 1776, in _wrapped_call_impl
    return self._call_impl(*args, **kwargs)
           ^^^^^^^^^^^^^^^^^^^^^^^^^^^^^^^^
  File "/opt/conda/lib/python3.11/site-packages/torch/nn/modules/module.py", line 1787, in _call_impl
    return forward_call(*args, **kwargs)
           ^^^^^^^^^^^^^^^^^^^^^^^^^^^^^
  File "/opt/conda/lib/python3.11/site-packages/transformers/models/mobilebert/modeling_mobilebert.py", line 492, in forward
    intermediate_output = self.intermediate(hidden_states)
                          ^^^^^^^^^^^^^^^^^^^^^^^^^^^^^^^^
  File "/opt/conda/lib/python3.11/site-packages/torch/nn/modules/module.py", line 1776, in _wrapped_call_impl
    return self._call_impl(*args, **kwargs)
           ^^^^^^^^^^^^^^^^^^^^^^^^^^^^^^^^
  File "/opt/conda/lib/python3.11/site-packages/torch/nn/modules/module.py", line 1787, in _call_impl
    return forward_call(*args, **kwargs)
           ^^^^^^^^^^^^^^^^^^^^^^^^^^^^^
  File "/opt/conda/lib/python3.11/site-packages/transformers/models/mobilebert/modeling_mobilebert.py", line 383, in forward
    hidden_states = self.intermediate_act_fn(hidden_states)
                    ^^^^^^^^^^^^^^^^^^^^^^^^^^^^^^^^^^^^^^^
  File "/opt/conda/lib/python3.11/site-packages/torch/nn/modules/module.py", line 1776, in _wrapped_call_impl
    return self._call_impl(*args, **kwargs)
           ^^^^^^^^^^^^^^^^^^^^^^^^^^^^^^^^
  File "/opt/conda/lib/python3.11/site-packages/torch/nn/modules/module.py", line 1787, in _call_impl
    return forward_call(*args, **kwargs)
           ^^^^^^^^^^^^^^^^^^^^^^^^^^^^^
  File "/opt/conda/lib/python3.11/site-packages/torch/nn/modules/activation.py", line 143, in forward
    return F.relu(input, inplace=self.inplace)
           ^^^^^^^^^^^^^^^^^^^^^^^^^^^^^^^^^^^
  File "/opt/conda/lib/python3.11/site-packages/torch/nn/functional.py", line 1721, in relu
    result = torch.relu(input)
             ^^^^^^^^^^^^^^^^^
torch.OutOfMemoryError: CUDA out of memory. Tried to allocate 20.00 MiB. GPU 0 has a total capacity of 139.81 GiB of which 15.69 MiB is free. Process 2934491 has 139.79 GiB memory in use. Of the allocated memory 70.57 GiB is allocated by PyTorch, and 754.31 MiB is reserved by PyTorch but unallocated. If reserved but unallocated memory is large try setting PYTORCH_ALLOC_CONF=expandable_segments:True to avoid fragmentation.  See documentation for Memory Management  (https://pytorch.org/docs/stable/notes/cuda.html#environment-variables)
[W 2026-02-24 14:27:14,289] Trial 8 failed with value None.
2026-02