Trial 5 Ep1:   0%|                                                                                             | 0/78 [00:00<?, ?it/s]Trial 5 Ep1:   0%|                                                                          | 0/78 [00:01<?, ?it/s, loss=2277909.2500]Trial 5 Ep1:   1%|▊                                                                 | 1/78 [00:01<01:48,  1.41s/it, loss=2277909.2500]Trial 5 Ep1:   1%|▊                                                                 | 1/78 [00:05<01:48,  1.41s/it, loss=2644119.0000]Trial 5 Ep1:   3%|█▋                                                                | 2/78 [00:05<03:53,  3.07s/it, loss=2644119.0000]Trial 5 Ep1:   3%|█▊                                                                   | 2/78 [00:07<03:53,  3.07s/it, loss=2070.0552]Trial 5 Ep1:   4%|██▋                                                                  | 3/78 [00:07<03:09,  2.53s/it, loss=2070.0552]Trial 5 Ep1:   4%|██▏                                                      | 3/78 [00:08<03:09,  2.53s/it, loss=2887900576350208.0000]Trial 5 Ep1:   5%|██▉                                                      | 4/78 [00:08<02:16,  1.84s/it, loss=2887900576350208.0000]Trial 5 Ep1:   5%|██▊                                                    | 4/78 [00:09<02:16,  1.84s/it, loss=537794604846546944.0000]Trial 5 Ep1:   6%|███▌                                                   | 5/78 [00:09<01:45,  1.45s/it, loss=537794604846546944.0000]                                                                                                                                      [I 2026-02-23 16:24:25,870] Trial 5 finished with value: 0.0 and parameters: {'lora_alpha': 0.2537815508265665, 'target_ab_lr': 0.06796578090758151}. Best is trial 0 with value: 0.5595667870036101.

  [NaN/Inf detected at batch 5] Aborting trial.
[Trial 5] GPU cache cleared

======================================================================
Trial 6 Starting
======================================================================
  rank=16, transfer_every=10000000, transfer_lr=1.0000e-01
  lora_alpha=0.0012, lr=1.0000e-03, wd=1.00e-02
  target_ab_lr=0.7579, lr_multiplier=627048.930524
  effective_ab_lr = lr*alpha*mult = 0.7579
  momentum=0.00, nesterov=False, reinit_mode=decay
  tau_sec=0.0, optimizer=AnalogAdam
======================================================================
huggingface/tokenizers: The current process just got forked, after parallelism has already been used. Disabling parallelism to avoid deadlocks...
To disable this warning, you can either:
	- Avoid using `tokenizers` before the fork if possible
	- Explicitly set the environment variable TOKENIZERS_PARALLELISM=(true | false)
Some weights of MobileBertForSequenceClassification were not initialized from the model checkpoint at google/mobilebert-uncased and are newly initialized: ['classifier.bias', 'classifier.weight']
You should probably TRAIN this model on a down-stream task to be able to use it for predictions and inference.
  [FIX] Reinitialized classifier with FIXED seed=42
  LRTT Analog layers: 96, Total params: 21,842,978, Trainable (before grad set): 21,830,690
  Trainable (after grad set): 13,602
  LoRA target: qkv -> ['attention.self.query', 'attention.self.key', 'attention.self.value', 'attention.output.dense']

Optimizer configuration:
  Forward scaling (lora_alpha): 0.0012087541473056963
  Classifier LR: 0.001
  LRTT LR (optimizer): 627.0489305242595 (= 0.001 * 627048.9305242595)
  Effective A,B LR: 0.7579479953348001 (= 627.0489305242595 * 0.0012087541473056963)
  LRTT_LR_MULTIPLIER: 627048.9305242595
  LRTT tile params: 288
  Other params: 98
  Collected 96 tile_c contexts for post-step reset
  Collected 192 tile_a/b contexts for post-step reset
Trial 6 Ep1:   0%|                                                                                             | 0/78 [00:00<?, ?it/s]Trial 6 Ep1:   0%|                                                                          | 0/78 [00:01<?, ?it/s, loss=2466039.0000]Trial 6 Ep1:   1%|▊                                                                 | 1/78 [00:01<01:46,  1.38s/it, loss=2466039.0000]Trial 6 Ep1:   1%|▊                                                                 | 1/78 [00:07<01:46,  1.38s/it, loss=2438332.7500]Trial 6 Ep1:   3%|█▋                                                                | 2/78 [00:07<05:34,  4.40s/it, loss=2438332.7500]Trial 6 Ep1:   3%|█▋                                                                | 2/78 [00:10<05:34,  4.40s/it, loss=2009584.5000]Trial 6 Ep1:   4%|██▌                                                               | 3/78 [00:10<04:36,  3.69s/it, loss=2009584.5000]Trial 6 Ep1:   4%|██▌                                                               | 3/78 [00:12<04:36,  3.69s/it, loss=1656326.5000]Trial 6 Ep1:   5%|███▍                                                              | 4/78 [00:12<03:46,  3.06s/it, loss=1656326.5000]Trial 6 Ep1:   5%|███▍                                                              | 4/78 [00:15<03:46,  3.06s/it, loss=2103363.0000]Trial 6 Ep1:   6%|████▏                                                             | 5/78 [00:15<03:33,  2.92s/it, loss=2103363.0000]Trial 6 Ep1:   6%|████▏                                                             | 5/78 [00:18<03:33,  2.92s/it, loss=1356045.0000]Trial 6 Ep1:   8%|█████                                                             | 6/78 [00:18<03:22,  2.81s/it, loss=1356045.0000]Trial 6 Ep1:   8%|█████▏                                                             | 6/78 [00:20<03:22,  2.81s/it, loss=442004.1875]Trial 6 Ep1:   9%|██████                                                             | 7/78 [00:20<03:03,  2.59s/it, loss=442004.1875]Trial 6 Ep1:   9%|██████                                                             | 7/78 [00:21<03:03,  2.59s/it, loss=205288.6094]Trial 6 Ep1:  10%|██████▊                                                            | 8/78 [00:21<02:34,  2.21s/it, loss=205288.6094]Trial 6 Ep1:  10%|██████▊                                                            | 8/78 [00:25<02:34,  2.21s/it, loss=876380.0625]Trial 6 Ep1:  12%|███████▋                                                           | 9/78 [00:25<02:59,  2.60s/it, loss=876380.0625]Trial 6 Ep1:  12%|███████▋                                                           | 9/78 [00:26<02:59,  2.60s/it, loss=810088.1250]Trial 6 Ep1:  13%|████████▍                                                         | 10/78 [00:26<02:39,  2.35s/it, loss=810088.1250]Trial 6 Ep1:  13%|████████▎                                                        | 10/78 [00:29<02:39,  2.35s/it, loss=1382687.7500]Trial 6 Ep1:  14%|█████████▏                                                       | 11/78 [00:29<02:35,  2.32s/it, loss=1382687.7500]Trial 6 Ep1:  14%|█████████▏                                                       | 11/78 [00:30<02:35,  2.32s/it, loss=1244196.6250]Trial 6 Ep1:  15%|██████████                                                       | 12/78 [00:30<02:19,  2.12s/it, loss=1244196.6250]Trial 6 Ep1:  15%|██████████                                                       | 12/78 [00:33<02:19,  2.12s/it, loss=1471943.7500]Trial 6 Ep1:  17%|██████████▊                                                      | 13/78 [00:33<02:24,  2.22s/it, loss=1471943.7500]Trial 6 Ep1:  17%|███████████                                                       | 13/78 [00:35<02:24,  2.22s/it, loss=679292.1250]Trial 6 Ep1:  18%|███████████▊                                                      | 14/78 [00:35<02:16,  2.13s/it, loss=679292.1250]Trial 6 Ep1:  18%|███████████▊                                                      | 14/78 [00:37<02:16,  2.13s/it, loss=164256.1406]Trial 6 Ep1:  19%|████████████▋                                                     | 15/78 [00:37<02:11,  2.08s/it, loss=164256.1406]Trial 6 Ep1:  19%|████████████▋                                                     | 15/78 [00:39<02:11,  2.08s/it, loss=583593.6250]Trial 6 Ep1:  21%|█████████████▌                                                    | 16/78 [00:39<02:15,  2.18s/it, loss=583593.6250]Trial 6 Ep1:  21%|█████████████▌                                                    | 16/78 [00:41<02:15,  2.18s/it, loss=884987.6250]Trial 6 Ep1:  22%|██████████████▍                                                   | 17/78 [00:41<02:06,  2.07s/it, loss=884987.6250]Trial 6 Ep1:  22%|██████████████▏                                                  | 17/78 [00:43<02:06,  2.07s/it, loss=1081706.2500]Trial 6 Ep1:  23%|███████████████                                                  | 18/78 [00:43<02:05,  2.09s/it, loss=1081706.2500]Trial 6 Ep1:  23%|███████████████                                                  | 18/78 [00:46<02:05,  2.09s/it, loss=1118298.2500]Trial 6 Ep1:  24%|███████████████▊                                                 | 19/78 [00:46<02:11,  2.24s/it, loss=1118298.2500]Trial 6 Ep1:  24%|████████████████                                                  | 19/78 [00:47<02:11,  2.24s/it, loss=680648.8125]Trial 6 Ep1:  26%|████████████████▉                                                 | 20/78 [00:47<02:01,  2.09s/it, loss=680648.8125]Trial 6 Ep1:  26%|████████████████▉                                                 | 20/78 [00:49<02:01,  2.09s/it, loss=191622.2031]Trial 6 Ep1:  27%|█████████████████▊                                                | 21/78 [00:49<01:52,  1.97s/it, loss=191622.2031]Trial 6 Ep1:  27%|█████████████████▊                                                | 21/78 [00:51<01:52,  1.97s/it, loss=448116.1562]Trial 6 Ep1:  28%|██████████████████▌                                               | 22/78 [00:51<01:51,  1.99s/it, loss=448116.1562]Trial 6 Ep1:  28%|██████████████████▌                                               | 22/78 [00:53<01:51,  1.99s/it, loss=900710.0625]Trial 6 Ep1:  29%|███████████████████▍                                              | 23/78 [00:53<01:53,  2.07s/it, loss=900710.0625]Trial 6 Ep1:  29%|███████████████████▏                                             | 23/78 [00:55<01:53,  2.07s/it, loss=1054738.6250]Trial 6 Ep1:  31%|████████████████████                                             | 24/78 [00:55<01:49,  2.02s/it, loss=1054738.6250]Trial 6 Ep1:  31%|████████████████████                                             | 24/78 [00:58<01:49,  2.02s/it, loss=1072300.7500]Trial 6 Ep1:  32%|████████████████████▊                                            | 25/78 [00:58<02:00,  2.28s/it, loss=1072300.7500]Trial 6 Ep1:  32%|█████████████████████▏                                            | 25/78 [01:00<02:00,  2.28s/it, loss=244254.5938]Trial 6 Ep1:  33%|██████████████████████                                            | 26/78 [01:00<01:51,  2.15s/it, loss=244254.5938]Trial 6 Ep1:  33%|██████████████████████                                            | 26/78 [01:02<01:51,  2.15s/it, loss=389478.9375]Trial 6 Ep1:  35%|██████████████████████▊                                           | 27/78 [01:02<01:45,  2.06s/it, loss=389478.9375]Trial 6 Ep1:  35%|██████████████████████▊                                           | 27/78 [01:04<01:45,  2.06s/it, loss=828984.2500]Trial 6 Ep1:  36%|███████████████████████▋                                          | 28/78 [01:04<01:44,  2.09s/it, loss=828984.2500]Trial 6 Ep1:  36%|███████████████████████▋                                          | 28/78 [01:06<01:44,  2.09s/it, loss=743788.7500]Trial 6 Ep1:  37%|████████████████████████▌                                         | 29/78 [01:06<01:40,  2.05s/it, loss=743788.7500]Trial 6 Ep1:  37%|████████████████████████▌                                         | 29/78 [01:08<01:40,  2.05s/it, loss=227412.5469]Trial 6 Ep1:  38%|█████████████████████████▍                                        | 30/78 [01:08<01:35,  1.99s/it, loss=227412.5469]Trial 6 Ep1:  38%|█████████████████████████▍                                        | 30/78 [01:10<01:35,  1.99s/it, loss=388434.0625]Trial 6 Ep1:  40%|██████████████████████████▏                                       | 31/78 [01:10<01:35,  2.03s/it, loss=388434.0625]Trial 6 Ep1:  40%|██████████████████████████▏                                       | 31/78 [01:11<01:35,  2.03s/it, loss=329864.9375]Trial 6 Ep1:  41%|███████████████████████████                                       | 32/78 [01:11<01:27,  1.90s/it, loss=329864.9375]Trial 6 Ep1:  41%|███████████████████████████                                       | 32/78 [01:14<01:27,  1.90s/it, loss=245479.1250]Trial 6 Ep1:  42%|███████████████████████████▉                                      | 33/78 [01:14<01:31,  2.04s/it, loss=245479.1250]Trial 6 Ep1:  42%|███████████████████████████▉                                      | 33/78 [01:16<01:31,  2.04s/it, loss=293678.3750]Trial 6 Ep1:  44%|████████████████████████████▊                                     | 34/78 [01:16<01:30,  2.07s/it, loss=293678.3750]Trial 6 Ep1:  44%|████████████████████████████▊                                     | 34/78 [01:18<01:30,  2.07s/it, loss=310927.8438]Trial 6 Ep1:  45%|█████████████████████████████▌                                    | 35/78 [01:18<01:26,  2.01s/it, loss=310927.8438]Trial 6 Ep1:  45%|█████████████████████████████▌                                    | 35/78 [01:20<01:26,  2.01s/it, loss=166329.7969]Trial 6 Ep1:  46%|██████████████████████████████▍                                   | 36/78 [01:20<01:21,  1.95s/it, loss=166329.7969]Trial 6 Ep1:  46%|██████████████████████████████▍                                   | 36/78 [01:22<01:21,  1.95s/it, loss=206638.0000]Trial 6 Ep1:  47%|███████████████████████████████▎                                  | 37/78 [01:22<01:21,  1.99s/it, loss=206638.0000]Trial 6 Ep1:  47%|███████████████████████████████▎                                  | 37/78 [01:24<01:21,  1.99s/it, loss=309412.6250]Trial 6 Ep1:  49%|████████████████████████████████▏                                 | 38/78 [01:24<01:24,  2.12s/it, loss=309412.6250]Trial 6 Ep1:  49%|████████████████████████████████▋                                  | 38/78 [01:26<01:24,  2.12s/it, loss=54625.1094]Trial 6 Ep1:  50%|█████████████████████████████████▌                                 | 39/78 [01:26<01:23,  2.14s/it, loss=54625.1094]Trial 6 Ep1:  50%|█████████████████████████████████                                 | 39/78 [01:28<01:23,  2.14s/it, loss=415660.0312]Trial 6 Ep1:  51%|█████████████████████████████████▊                                | 40/78 [01:28<01:20,  2.12s/it, loss=415660.0312]Trial 6 Ep1:  51%|█████████████████████████████████▊                                | 40/78 [01:31<01:20,  2.12s/it, loss=199052.9375]Trial 6 Ep1:  53%|██████████████████████████████████▋                               | 41/78 [01:31<01:19,  2.16s/it, loss=199052.9375]Trial 6 Ep1:  53%|██████████████████████████████████▋                               | 41/78 [01:33<01:19,  2.16s/it, loss=470551.7500]Trial 6 Ep1:  54%|███████████████████████████████████▌                              | 42/78 [01:33<01:17,  2.16s/it, loss=470551.7500]Trial 6 Ep1:  54%|███████████████████████████████████▌                              | 42/78 [01:35<01:17,  2.16s/it, loss=489804.4375]Trial 6 Ep1:  55%|████████████████████████████████████▍                             | 43/78 [01:35<01:16,  2.17s/it, loss=489804.4375]Trial 6 Ep1:  55%|████████████████████████████████████▉                              | 43/78 [01:37<01:16,  2.17s/it, loss=85842.3438]Trial 6 Ep1:  56%|█████████████████████████████████████▊                             | 44/78 [01:37<01:09,  2.04s/it, loss=85842.3438]Trial 6 Ep1:  56%|█████████████████████████████████████▏                            | 44/78 [01:39<01:09,  2.04s/it, loss=169434.1094]Trial 6 Ep1:  58%|██████████████████████████████████████                            | 45/78 [01:39<01:11,  2.16s/it, loss=169434.1094]Trial 6 Ep1:  58%|██████████████████████████████████████                            | 45/78 [01:42<01:11,  2.16s/it, loss=243974.8906]Trial 6 Ep1:  59%|██████████████████████████████████████▉                           | 46/78 [01:42<01:13,  2.31s/it, loss=243974.8906]Trial 6 Ep1:  59%|███████████████████████████████████████▌                           | 46/78 [01:44<01:13,  2.31s/it, loss=33339.5156]Trial 6 Ep1:  60%|████████████████████████████████████████▎                          | 47/78 [01:44<01:05,  2.12s/it, loss=33339.5156]Trial 6 Ep1:  60%|███████████████████████████████████████▊                          | 47/78 [01:45<01:05,  2.12s/it, loss=409158.3750]Trial 6 Ep1:  62%|████████████████████████████████████████▌                         | 48/78 [01:45<01:01,  2.06s/it, loss=409158.3750]Trial 6 Ep1:  62%|████████████████████████████████████████▌                         | 48/78 [01:48<01:01,  2.06s/it, loss=324556.2500]Trial 6 Ep1:  63%|█████████████████████████████████████████▍                        | 49/78 [01:48<01:05,  2.26s/it, loss=324556.2500]Trial 6 Ep1:  63%|█████████████████████████████████████████▍                        | 49/78 [01:50<01:05,  2.26s/it, loss=556430.6875]Trial 6 Ep1:  64%|██████████████████████████████████████████▎                       | 50/78 [01:50<01:01,  2.18s/it, loss=556430.6875]Trial 6 Ep1:  64%|██████████████████████████████████████████▎                       | 50/78 [01:52<01:01,  2.18s/it, loss=575131.0000]Trial 6 Ep1:  65%|███████████████████████████████████████████▏                      | 51/78 [01:52<00:58,  2.18s/it, loss=575131.0000]Trial 6 Ep1:  65%|███████████████████████████████████████████▏                      | 51/78 [01:55<00:58,  2.18s/it, loss=102714.1406]Trial 6 Ep1:  67%|████████████████████████████████████████████                      | 52/78 [01:55<01:00,  2.34s/it, loss=102714.1406]Trial 6 Ep1:  67%|████████████████████████████████████████████                      | 52/78 [01:57<01:00,  2.34s/it, loss=933442.7500]Trial 6 Ep1:  68%|████████████████████████████████████████████▊                     | 53/78 [01:57<00:58,  2.33s/it, loss=933442.7500]Trial 6 Ep1:  68%|████████████████████████████████████████████▊                     | 53/78 [01:59<00:58,  2.33s/it, loss=897795.2500]Trial 6 Ep1:  69%|█████████████████████████████████████████████▋                    | 54/78 [01:59<00:51,  2.13s/it, loss=897795.2500]Trial 6 Ep1:  69%|█████████████████████████████████████████████▋                    | 54/78 [02:01<00:51,  2.13s/it, loss=768008.5625]Trial 6 Ep1:  71%|██████████████████████████████████████████████▌                   | 55/78 [02:01<00:49,  2.15s/it, loss=768008.5625]Trial 6 Ep1:  71%|██████████████████████████████████████████████▌                   | 55/78 [02:04<00:49,  2.15s/it, loss=131084.8906]Trial 6 Ep1:  72%|███████████████████████████████████████████████▍                  | 56/78 [02:04<00:49,  2.25s/it, loss=131084.8906]Trial 6 Ep1:  72%|██████████████████████████████████████████████▋                  | 56/78 [02:06<00:49,  2.25s/it, loss=1200891.1250]Trial 6 Ep1:  73%|███████████████████████████████████████████████▌                 | 57/78 [02:06<00:46,  2.22s/it, loss=1200891.1250]Trial 6 Ep1:  73%|███████████████████████████████████████████████▌                 | 57/78 [02:08<00:46,  2.22s/it, loss=1380054.7500]Trial 6 Ep1:  74%|████████████████████████████████████████████████▎                | 58/78 [02:08<00:41,  2.07s/it, loss=1380054.7500]Trial 6 Ep1:  74%|████████████████████████████████████████████████▎                | 58/78 [02:10<00:41,  2.07s/it, loss=1769099.0000]Trial 6 Ep1:  76%|█████████████████████████████████████████████████▏               | 59/78 [02:10<00:41,  2.16s/it, loss=1769099.0000]Trial 6 Ep1:  76%|█████████████████████████████████████████████████▏               | 59/78 [02:12<00:41,  2.16s/it, loss=1066334.7500]Trial 6 Ep1:  77%|██████████████████████████████████████████████████               | 60/78 [02:12<00:39,  2.20s/it, loss=1066334.7500]Trial 6 Ep1:  77%|███████████████████████████████████████████████████▌               | 60/78 [02:14<00:39,  2.20s/it, loss=78217.2969]Trial 6 Ep1:  78%|████████████████████████████████████████████████████▍              | 61/78 [02:14<00:37,  2.21s/it, loss=78217.2969]Trial 6 Ep1:  78%|██████████████████████████████████████████████████▊              | 61/78 [02:17<00:37,  2.21s/it, loss=1591198.0000]Trial 6 Ep1:  79%|███████████████████████████████████████████████████▋             | 62/78 [02:17<00:35,  2.24s/it, loss=1591198.0000]Trial 6 Ep1:  79%|███████████████████████████████████████████████████▋             | 62/78 [02:19<00:35,  2.24s/it, loss=2250215.7500]Trial 6 Ep1:  81%|████████████████████████████████████████████████████▌            | 63/78 [02:19<00:32,  2.13s/it, loss=2250215.7500]Trial 6 Ep1:  81%|████████████████████████████████████████████████████▌            | 63/78 [02:20<00:32,  2.13s/it, loss=2202466.2500]Trial 6 Ep1:  82%|█████████████████████████████████████████████████████▎           | 64/78 [02:20<00:28,  2.03s/it, loss=2202466.2500]Trial 6 Ep1:  82%|█████████████████████████████████████████████████████▎           | 64/78 [02:22<00:28,  2.03s/it, loss=1674587.8750]Trial 6 Ep1:  83%|██████████████████████████████████████████████████████▏          | 65/78 [02:22<00:25,  1.94s/it, loss=1674587.8750]Trial 6 Ep1:  83%|███████████████████████████████████████████████████████           | 65/78 [02:24<00:25,  1.94s/it, loss=770072.3750]Trial 6 Ep1:  85%|███████████████████████████████████████████████████████▊          | 66/78 [02:24<00:22,  1.87s/it, loss=770072.3750]Trial 6 Ep1:  85%|███████████████████████████████████████████████████████▊          | 66/78 [02:26<00:22,  1.87s/it, loss=187938.2812]Trial 6 Ep1:  86%|████████████████████████████████████████████████████████▋         | 67/78 [02:26<00:22,  2.02s/it,