Trial 2 Ep1:   0%|                                                                                             | 0/78 [00:00<?, ?it/s]Trial 2 Ep1:   0%|                                                                          | 0/78 [00:00<?, ?it/s, loss=3197600.5000]Trial 2 Ep1:   1%|▊                                                                 | 1/78 [00:00<00:42,  1.81it/s, loss=3197600.5000]Trial 2 Ep1:   1%|▊                                                                 | 1/78 [00:04<00:42,  1.81it/s, loss=2238395.0000]Trial 2 Ep1:   3%|█▋                                                                | 2/78 [00:04<02:58,  2.34s/it, loss=2238395.0000]Trial 2 Ep1:   3%|█▋                                                              | 2/78 [00:06<02:58,  2.34s/it, loss=511209440.0000]Trial 2 Ep1:   4%|██▍                                                             | 3/78 [00:06<02:43,  2.18s/it, loss=511209440.0000]                                                                                                                                      [I 2026-02-23 16:06:28,271] Trial 2 finished with value: 0.0 and parameters: {'lora_alpha': 0.8471801418819978, 'target_ab_lr': 0.024810409748678097}. Best is trial 0 with value: 0.5595667870036101.

  [NaN/Inf detected at batch 3] Aborting trial.
[Trial 2] GPU cache cleared

======================================================================
Trial 3 Starting
======================================================================
  rank=16, transfer_every=10000000, transfer_lr=1.0000e-01
  lora_alpha=0.0042, lr=1.0000e-03, wd=1.00e-02
  target_ab_lr=0.0004, lr_multiplier=99.977787
  effective_ab_lr = lr*alpha*mult = 0.0004
  momentum=0.00, nesterov=False, reinit_mode=decay
  tau_sec=0.0, optimizer=AnalogAdam
======================================================================
huggingface/tokenizers: The current process just got forked, after parallelism has already been used. Disabling parallelism to avoid deadlocks...
To disable this warning, you can either:
	- Avoid using `tokenizers` before the fork if possible
	- Explicitly set the environment variable TOKENIZERS_PARALLELISM=(true | false)
Some weights of MobileBertForSequenceClassification were not initialized from the model checkpoint at google/mobilebert-uncased and are newly initialized: ['classifier.bias', 'classifier.weight']
You should probably TRAIN this model on a down-stream task to be able to use it for predictions and inference.
  [FIX] Reinitialized classifier with FIXED seed=42
  LRTT Analog layers: 96, Total params: 21,842,978, Trainable (before grad set): 21,830,690
  Trainable (after grad set): 13,602
  LoRA target: qkv -> ['attention.self.query', 'attention.self.key', 'attention.self.value', 'attention.output.dense']

Optimizer configuration:
  Forward scaling (lora_alpha): 0.004207988669606638
  Classifier LR: 0.001
  LRTT LR (optimizer): 0.09997778702862366 (= 0.001 * 99.97778702862365)
  Effective A,B LR: 0.0004207053950287938 (= 0.09997778702862366 * 0.004207988669606638)
  LRTT_LR_MULTIPLIER: 99.97778702862365
  LRTT tile params: 288
  Other params: 98
  Collected 96 tile_c contexts for post-step reset
  Collected 192 tile_a/b contexts for post-step reset
Trial 3 Ep1:   0%|                                                                                             | 0/78 [00:00<?, ?it/s]Trial 3 Ep1:   0%|                                                                          | 0/78 [00:01<?, ?it/s, loss=2656408.7500]Trial 3 Ep1:   1%|▊                                                                 | 1/78 [00:01<01:44,  1.35s/it, loss=2656408.7500]Trial 3 Ep1:   1%|▊                                                                 | 1/78 [00:03<01:44,  1.35s/it, loss=2714685.5000]Trial 3 Ep1:   3%|█▋                                                                | 2/78 [00:03<02:12,  1.74s/it, loss=2714685.5000]Trial 3 Ep1:   3%|█▋                                                                | 2/78 [00:04<02:12,  1.74s/it, loss=2630282.2500]Trial 3 Ep1:   4%|██▌                                                               | 3/78 [00:04<01:52,  1.50s/it, loss=2630282.2500]Trial 3 Ep1:   4%|██▌                                                               | 3/78 [00:05<01:52,  1.50s/it, loss=1061851.8750]Trial 3 Ep1:   5%|███▍                                                              | 4/78 [00:05<01:26,  1.17s/it, loss=1061851.8750]Trial 3 Ep1:   5%|███▌                                                                 | 4/78 [00:06<01:26,  1.17s/it, loss=5668.8843]Trial 3 Ep1:   6%|████▍                                                                | 5/78 [00:06<01:36,  1.33s/it, loss=5668.8843]Trial 3 Ep1:   6%|████▍                                                                | 5/78 [00:07<01:36,  1.33s/it, loss=2298.2727]Trial 3 Ep1:   8%|█████▎                                                               | 6/78 [00:07<01:18,  1.09s/it, loss=2298.2727]Trial 3 Ep1:   8%|█████▎                                                               | 6/78 [00:08<01:18,  1.09s/it, loss=1533.1884]Trial 3 Ep1:   9%|██████▏                                                              | 7/78 [00:08<01:06,  1.06it/s, loss=1533.1884]Trial 3 Ep1:   9%|██████▎                                                                | 7/78 [00:08<01:06,  1.06it/s, loss=20.7355]Trial 3 Ep1:  10%|███████▎                                                               | 8/78 [00:08<00:59,  1.18it/s, loss=20.7355]Trial 3 Ep1:  10%|███████                                                              | 8/78 [00:09<00:59,  1.18it/s, loss=1593.5518]Trial 3 Ep1:  12%|███████▉                                                             | 9/78 [00:09<00:53,  1.29it/s, loss=1593.5518]Trial 3 Ep1:  12%|███████▉                                                             | 9/78 [00:10<00:53,  1.29it/s, loss=1832.6853]Trial 3 Ep1:  13%|████████▋                                                           | 10/78 [00:10<00:50,  1.36it/s, loss=1832.6853]Trial 3 Ep1:  13%|████████▋                                                           | 10/78 [00:10<00:50,  1.36it/s, loss=5877.2729]Trial 3 Ep1:  14%|█████████▌                                                          | 11/78 [00:10<00:46,  1.44it/s, loss=5877.2729]Trial 3 Ep1:  14%|█████████▌                                                          | 11/78 [00:11<00:46,  1.44it/s, loss=1802.2844]Trial 3 Ep1:  15%|██████████▍                                                         | 12/78 [00:11<00:43,  1.50it/s, loss=1802.2844]Trial 3 Ep1:  15%|██████████▍                                                         | 12/78 [00:11<00:43,  1.50it/s, loss=2108.6741]Trial 3 Ep1:  17%|███████████▎                                                        | 13/78 [00:11<00:42,  1.53it/s, loss=2108.6741]Trial 3 Ep1:  17%|███████████▎                                                        | 13/78 [00:12<00:42,  1.53it/s, loss=1649.9092]Trial 3 Ep1:  18%|████████████▏                                                       | 14/78 [00:12<00:42,  1.52it/s, loss=1649.9092]Trial 3 Ep1:  18%|████████████▏                                                       | 14/78 [00:13<00:42,  1.52it/s, loss=1580.7108]Trial 3 Ep1:  19%|█████████████                                                       | 15/78 [00:13<00:41,  1.53it/s, loss=1580.7108]Trial 3 Ep1:  19%|█████████████▎                                                       | 15/78 [00:13<00:41,  1.53it/s, loss=935.6262]Trial 3 Ep1:  21%|██████████████▏                                                      | 16/78 [00:13<00:40,  1.53it/s, loss=935.6262]Trial 3 Ep1:  21%|██████████████▏                                                      | 16/78 [00:14<00:40,  1.53it/s, loss=335.7668]Trial 3 Ep1:  22%|███████████████                                                      | 17/78 [00:14<00:39,  1.54it/s, loss=335.7668]Trial 3 Ep1:  22%|███████████████                                                      | 17/78 [00:15<00:39,  1.54it/s, loss=372.6664]Trial 3 Ep1:  23%|███████████████▉                                                     | 18/78 [00:15<00:38,  1.57it/s, loss=372.6664]Trial 3 Ep1:  23%|███████████████▉                                                     | 18/78 [00:16<00:38,  1.57it/s, loss=919.3750]Trial 3 Ep1:  24%|████████████████▊                                                    | 19/78 [00:16<00:55,  1.06it/s, loss=919.3750]Trial 3 Ep1:  24%|████████████████▊                                                    | 19/78 [00:17<00:55,  1.06it/s, loss=845.1492]Trial 3 Ep1:  26%|█████████████████▋                                                   | 20/78 [00:17<00:50,  1.16it/s, loss=845.1492]Trial 3 Ep1:  26%|█████████████████▋                                                   | 20/78 [00:18<00:50,  1.16it/s, loss=883.9302]Trial 3 Ep1:  27%|██████████████████▌                                                  | 21/78 [00:18<00:45,  1.26it/s, loss=883.9302]Trial 3 Ep1:  27%|██████████████████▌                                                  | 21/78 [00:18<00:45,  1.26it/s, loss=685.3857]Trial 3 Ep1:  28%|███████████████████▍                                                 | 22/78 [00:18<00:40,  1.37it/s, loss=685.3857]Trial 3 Ep1:  28%|███████████████████▍                                                 | 22/78 [00:19<00:40,  1.37it/s, loss=329.9855]Trial 3 Ep1:  29%|████████████████████▎                                                | 23/78 [00:19<00:38,  1.43it/s, loss=329.9855]Trial 3 Ep1:  29%|████████████████████▋                                                 | 23/78 [00:19<00:38,  1.43it/s, loss=51.5528]Trial 3 Ep1:  31%|█████████████████████▌                                                | 24/78 [00:19<00:37,  1.46it/s, loss=51.5528]Trial 3 Ep1:  31%|█████████████████████▏                                               | 24/78 [00:20<00:37,  1.46it/s, loss=196.9269]Trial 3 Ep1:  32%|██████████████████████                                               | 25/78 [00:20<00:35,  1.51it/s, loss=196.9269]Trial 3 Ep1:  32%|██████████████████████                                               | 25/78 [00:21<00:35,  1.51it/s, loss=272.4749]Trial 3 Ep1:  33%|███████████████████████                                              | 26/78 [00:21<00:34,  1.52it/s, loss=272.4749]Trial 3 Ep1:  33%|███████████████████████                                              | 26/78 [00:21<00:34,  1.52it/s, loss=190.0187]Trial 3 Ep1:  35%|███████████████████████▉                                             | 27/78 [00:21<00:33,  1.54it/s, loss=190.0187]Trial 3 Ep1:  35%|████████████████████████▏                                             | 27/78 [00:22<00:33,  1.54it/s, loss=95.6909]Trial 3 Ep1:  36%|█████████████████████████▏                                            | 28/78 [00:22<00:31,  1.56it/s, loss=95.6909]Trial 3 Ep1:  36%|████████████████████████▊                                            | 28/78 [00:23<00:31,  1.56it/s, loss=213.7758]Trial 3 Ep1:  37%|█████████████████████████▋                                           | 29/78 [00:23<00:31,  1.56it/s, loss=213.7758]Trial 3 Ep1:  37%|██████████████████████████                                            | 29/78 [00:23<00:31,  1.56it/s, loss=88.0347]Trial 3 Ep1:  38%|██████████████████████████▉                                           | 30/78 [00:23<00:30,  1.56it/s, loss=88.0347]Trial 3 Ep1:  38%|██████████████████████████▉                                           | 30/78 [00:24<00:30,  1.56it/s, loss=71.5664]Trial 3 Ep1:  40%|███████████████████████████▊                                          | 31/78 [00:24<00:29,  1.58it/s, loss=71.5664]Trial 3 Ep1:  40%|███████████████████████████▍                                         | 31/78 [00:24<00:29,  1.58it/s, loss=118.8868]Trial 3 Ep1:  41%|████████████████████████████▎                                        | 32/78 [00:24<00:29,  1.56it/s, loss=118.8868]Trial 3 Ep1:  41%|████████████████████████████▋                                         | 32/78 [00:25<00:29,  1.56it/s, loss=36.8197]Trial 3 Ep1:  42%|█████████████████████████████▌                                        | 33/78 [00:25<00:29,  1.55it/s, loss=36.8197]Trial 3 Ep1:  42%|█████████████████████████████▏                                       | 33/78 [00:26<00:29,  1.55it/s, loss=190.3274]Trial 3 Ep1:  44%|██████████████████████████████                                       | 34/78 [00:26<00:28,  1.56it/s, loss=190.3274]Trial 3 Ep1:  44%|██████████████████████████████                                       | 34/78 [00:26<00:28,  1.56it/s, loss=212.6541]Trial 3 Ep1:  45%|██████████████████████████████▉                                      | 35/78 [00:26<00:27,  1.58it/s, loss=212.6541]Trial 3 Ep1:  45%|███████████████████████████████▍                                      | 35/78 [00:27<00:27,  1.58it/s, loss=94.9654]Trial 3 Ep1:  46%|████████████████████████████████▎                                     | 36/78 [00:27<00:26,  1.60it/s, loss=94.9654]Trial 3 Ep1:  46%|████████████████████████████████▎                                     | 36/78 [00:28<00:26,  1.60it/s, loss=20.4742]Trial 3 Ep1:  47%|█████████████████████████████████▏                                    | 37/78 [00:28<00:25,  1.59it/s, loss=20.4742]Trial 3 Ep1:  47%|█████████████████████████████████▏                                    | 37/78 [00:29<00:25,  1.59it/s, loss=44.6540]Trial 3 Ep1:  49%|██████████████████████████████████                                    | 38/78 [00:29<00:38,  1.05it/s, loss=44.6540]Trial 3 Ep1:  49%|██████████████████████████████████▌                                    | 38/78 [00:30<00:38,  1.05it/s, loss=2.4902]Trial 3 Ep1:  50%|███████████████████████████████████▌                                   | 39/78 [00:30<00:33,  1.18it/s, loss=2.4902]Trial 3 Ep1:  50%|███████████████████████████████████                                   | 39/78 [00:31<00:33,  1.18it/s, loss=21.7068]Trial 3 Ep1:  51%|███████████████████████████████████▉                                  | 40/78 [00:31<00:30,  1.27it/s, loss=21.7068]Trial 3 Ep1:  51%|███████████████████████████████████▉                                  | 40/78 [00:31<00:30,  1.27it/s, loss=52.9793]Trial 3 Ep1:  53%|████████████████████████████████████▊                                 | 41/78 [00:31<00:27,  1.36it/s, loss=52.9793]Trial 3 Ep1:  53%|████████████████████████████████████▊                                 | 41/78 [00:32<00:27,  1.36it/s, loss=11.3243]Trial 3 Ep1:  54%|█████████████████████████████████████▋                                | 42/78 [00:32<00:25,  1.41it/s, loss=11.3243]Trial 3 Ep1:  54%|█████████████████████████████████████▏                               | 42/78 [00:32<00:25,  1.41it/s, loss=298.3672]Trial 3 Ep1:  55%|██████████████████████████████████████                               | 43/78 [00:32<00:24,  1.44it/s, loss=298.3672]Trial 3 Ep1:  55%|██████████████████████████████████████                               | 43/78 [00:33<00:24,  1.44it/s, loss=243.8560]Trial 3 Ep1:  56%|██████████████████████████████████████▉                              | 44/78 [00:33<00:22,  1.49it/s, loss=243.8560]Trial 3 Ep1:  56%|██████████████████████████████████████▉                              | 44/78 [00:34<00:22,  1.49it/s, loss=288.6480]Trial 3 Ep1:  58%|███████████████████████████████████████▊                             | 45/78 [00:34<00:21,  1.51it/s, loss=288.6480]Trial 3 Ep1:  58%|███████████████████████████████████████▊                             | 45/78 [00:34<00:21,  1.51it/s, loss=111.9052]Trial 3 Ep1:  59%|████████████████████████████████████████▋                            | 46/78 [00:34<00:21,  1.52it/s, loss=111.9052]Trial 3 Ep1:  59%|█████████████████████████████████████████▊                             | 46/78 [00:35<00:21,  1.52it/s, loss=7.3738]Trial 3 Ep1:  60%|██████████████████████████████████████████▊                            | 47/78 [00:35<00:19,  1.55it/s, loss=7.3738]Trial 3 Ep1:  60%|█████████████████████████████████████████▌                           | 47/78 [00:36<00:19,  1.55it/s, loss=582.4108]Trial 3 Ep1:  62%|██████████████████████████████████████████▍                          | 48/78 [00:36<00:19,  1.54it/s, loss=582.4108]Trial 3 Ep1:  62%|███████████████████████████████████████████                           | 48/78 [00:36<00:19,  1.54it/s, loss=89.5010]Trial 3 Ep1:  63%|███████████████████████████████████████████▉                          | 49/78 [00:36<00:18,  1.58it/s, loss=89.5010]Trial 3 Ep1:  63%|███████████████████████████████████████████▎                         | 49/78 [00:37<00:18,  1.58it/s, loss=164.1260]Trial 3 Ep1:  64%|████████████████████████████████████████████▏                        | 50/78 [00:37<00:17,  1.58it/s, loss=164.1260]Trial 3 Ep1:  64%|████████████████████████████████████████████▊                         | 50/78 [00:38<00:17,  1.58it/s, loss=46.3984]Trial 3 Ep1:  65%|█████████████████████████████████████████████▊                        | 51/78 [00:38<00:17,  1.58it/s, loss=46.3984]Trial 3 Ep1:  65%|█████████████████████████████████████████████▊                        | 51/78 [00:38<00:17,  1.58it/s, loss=14.9710]Trial 3 Ep1:  67%|██████████████████████████████████████████████▋                       | 52/78 [00:38<00:16,  1.56it/s, loss=14.9710]Trial 3 Ep1:  67%|██████████████████████████████████████████████▋                       | 52/78 [00:39<00:16,  1.56it/s, loss=26.7600]Trial 3 Ep1:  68%|███████████████████████████████████████████████▌                      | 53/78 [00:39<00:15,  1.58it/s, loss=26.7600]Trial 3 Ep1:  68%|███████████████████████████████████████████████▌                      | 53/78 [00:39<00:15,  1.58it/s, loss=33.1663]Trial 3 Ep1:  69%|████████████████████████████████████████████████▍                     | 54/78 [00:39<00:15,  1.58it/s, loss=33.1663]Trial 3 Ep1:  69%|████████████████████████████████████████████████▍                     | 54/78 [00:40<00:15,  1.58it/s, loss=23.9580]Trial 3 Ep1:  71%|█████████████████████████████████████████████████▎                    | 55/78 [00:40<00:14,  1.55it/s, loss=23.9580]Trial 3 Ep1:  71%|█████████████████████████████████████████████████▎                    | 55/78 [00:41<00:14,  1.55it/s, loss=27.5886]Trial 3 Ep1:  72%|██████████████████████████████████████████████████▎                   | 56/78 [00:41<00:14,  1.55it/s, loss=27.5886]Trial 3 Ep1:  72%|██████████████████████████████████████████████████▉                    | 56/78 [00:41<00:14,  1.55it/s, loss=2.2468]Trial 3 Ep1:  73%|███████████████████████████████████████████████████▉                   | 57/78 [00:41<00:13,  1.58it/s, loss=2.2468]Trial 3 Ep1:  73%|███████████████████████████████████████████████████▏                  | 57/78 [00:42<00:13,  1.58it/s, loss=16.6482]Trial 3 Ep1:  74%|████████████████████████████████████████████████████                  | 58/78 [00:42<00:12,  1.58it/s, loss=16.6482]Trial 3 Ep1:  74%|████████████████████████████████████████████████████                  | 58/78 [00:43<00:12,  1.58it/s, loss=13.5216]Trial 3 Ep1:  76%|████████████████████████████████████████████████████▉                 | 59/78 [00:43<00:12,  1.57it/s, loss=13.5216]Trial 3 Ep1:  76%|████████████████████████████████████████████████████▉                 | 59/78 [00:43<00:12,  1.57it/s, loss=33.0631]Trial 3 Ep1:  77%|█████████████████████████████████████████████████████▊                | 60/78 [00:43<00:11,  1.58it/s, loss=33.0631]Trial 3 Ep1:  77%|██████████████████████████████████████████████████████▌                | 60/78 [00:44<00:11,  1.58it/s, loss=9.8387]Trial 3 Ep1:  78%|███████████████████████████████████████████████████████▌               | 61/78 [00:44<00:10,  1.57it/s, loss=9.8387]Trial 3 Ep1:  78%|███████████████████████████████████████████████████████▌               | 61/78 [00:45<00:10,  1.57it/s, loss=1.7796]Trial 3 Ep1:  79%|████████████████████████████████████████████████████████▍              | 62/78 [00:45<00:10,  1.59it/s, loss=1.7796]Trial 3 Ep1:  79%|████████████████████████████████████████████████████████▍              | 62/78 [00:45<00:10,  1.59it/s, loss=5.6905]Trial 3 Ep1:  81%|█████████████████████████████████████████████████████████▎             | 63/78 [00:45<00:09,  1.58it/s, loss=5.6905]Trial 3 Ep1:  81%|█████████████████████████████████████████████████████████▎             | 63/78 [00:46<00:09,  1.58it/s, loss=6.0419]Trial 3 Ep1:  82%|██████████████████████████████████████████████████████████▎            | 64/78 [00:46<00:08,  1.57it/s, loss=6.0419]Trial 3 Ep1:  82%|█████████████████████████████████████████████████████████▍            | 64/78 [00:46<00:08,  1.57it/s, loss=24.7864]Trial 3 Ep1:  83%|██████████████████████████████████████████████████████████▎           | 65/78 [00:46<00:07,  1.78it/s, loss=24.7864]Trial 3 Ep1:  83%|██████████████████████████████████████████████████████████▎           | 65/78 [00:47<00:07,  1.78it/s, loss=44.1967]Trial 3 Ep1:  85%|███████████████████████████████████████████████████████████▏          | 66/78 [00:47<00:06,  1.84it/s, loss=44.1967]Trial 3 Ep1:  85%|██████████████████████████████████████████████████████████▍          | 66/78 [00:47<00:06,  1.84it/s, loss=221.4090]Trial 3 Ep1:  86%|███████████████████████████████████████████████████████████▎         | 67/78 [00:47<00:06,  1.77it/s, loss=221.4090]Trial 3 Ep1:  86%|████████████████████████████████████████████████████████████▏         | 67/78 [00:48<00:06,  1.77it/s, loss=12.4428]Trial 3 Ep1:  87%|█████████████████████████████████████████████████████████████         | 68/78 [00:48<00:05,  1.69it/s, loss=12.4428]Trial 3 Ep1:  87%|█████████████████████████████████████████████████████████████▉         | 68/78 [00:49<00:05,  1.69it/s, loss=8.1295]Trial 3 Ep1:  88%|██████████████████████████████████████████████████████████████▊        | 69/78 [00:49<00:05,  1.