Trial 3 Ep4:   0%|                                                                                             | 0/78 [00:00<?, ?it/s]Trial 3 Ep4:   0%|                                                                                | 0/78 [00:00<?, ?it/s, loss=3.5415]Trial 3 Ep4:   1%|▉                                                                       | 1/78 [00:00<00:47,  1.62it/s, loss=3.5415]Trial 3 Ep4:   1%|▉                                                                      | 1/78 [00:01<00:47,  1.62it/s, loss=87.2090]Trial 3 Ep4:   3%|█▊                                                                     | 2/78 [00:01<00:47,  1.62it/s, loss=87.2090]Trial 3 Ep4:   3%|█▊                                                                     | 2/78 [00:01<00:47,  1.62it/s, loss=61.4694]Trial 3 Ep4:   4%|██▋                                                                    | 3/78 [00:01<00:46,  1.61it/s, loss=61.4694]Trial 3 Ep4:   4%|██▋                                                                    | 3/78 [00:02<00:46,  1.61it/s, loss=22.9152]Trial 3 Ep4:   5%|███▋                                                                   | 4/78 [00:02<00:46,  1.60it/s, loss=22.9152]Trial 3 Ep4:   5%|███▋                                                                   | 4/78 [00:03<00:46,  1.60it/s, loss=77.6878]Trial 3 Ep4:   6%|████▌                                                                  | 5/78 [00:03<00:45,  1.62it/s, loss=77.6878]Trial 3 Ep4:   6%|████▍                                                                 | 5/78 [00:03<00:45,  1.62it/s, loss=102.7382]Trial 3 Ep4:   8%|█████▍                                                                | 6/78 [00:03<00:44,  1.61it/s, loss=102.7382]Trial 3 Ep4:   8%|█████▍                                                                | 6/78 [00:04<00:44,  1.61it/s, loss=182.2239]Trial 3 Ep4:   9%|██████▎                                                               | 7/78 [00:04<00:45,  1.56it/s, loss=182.2239]Trial 3 Ep4:   9%|██████▎                                                                | 7/78 [00:05<00:45,  1.56it/s, loss=59.7489]Trial 3 Ep4:  10%|███████▎                                                               | 8/78 [00:05<00:44,  1.58it/s, loss=59.7489]Trial 3 Ep4:  10%|███████▎                                                               | 8/78 [00:05<00:44,  1.58it/s, loss=10.9477]Trial 3 Ep4:  12%|████████▏                                                              | 9/78 [00:05<00:43,  1.57it/s, loss=10.9477]Trial 3 Ep4:  12%|████████                                                              | 9/78 [00:06<00:43,  1.57it/s, loss=200.3956]Trial 3 Ep4:  13%|████████▊                                                            | 10/78 [00:06<00:43,  1.56it/s, loss=200.3956]Trial 3 Ep4:  13%|████████▊                                                            | 10/78 [00:06<00:43,  1.56it/s, loss=202.7390]Trial 3 Ep4:  14%|█████████▋                                                           | 11/78 [00:06<00:42,  1.59it/s, loss=202.7390]Trial 3 Ep4:  14%|█████████▊                                                            | 11/78 [00:07<00:42,  1.59it/s, loss=93.0928]Trial 3 Ep4:  15%|██████████▊                                                           | 12/78 [00:07<00:41,  1.60it/s, loss=93.0928]Trial 3 Ep4:  15%|██████████▌                                                          | 12/78 [00:08<00:41,  1.60it/s, loss=717.8904]Trial 3 Ep4:  17%|███████████▌                                                         | 13/78 [00:08<00:40,  1.59it/s, loss=717.8904]Trial 3 Ep4:  17%|███████████▌                                                         | 13/78 [00:08<00:40,  1.59it/s, loss=293.7811]Trial 3 Ep4:  18%|████████████▍                                                        | 14/78 [00:08<00:39,  1.60it/s, loss=293.7811]Trial 3 Ep4:  18%|████████████▍                                                        | 14/78 [00:09<00:39,  1.60it/s, loss=262.2281]Trial 3 Ep4:  19%|█████████████▎                                                       | 15/78 [00:09<00:41,  1.52it/s, loss=262.2281]Trial 3 Ep4:  19%|█████████████▎                                                       | 15/78 [00:10<00:41,  1.52it/s, loss=265.8760]Trial 3 Ep4:  21%|██████████████▏                                                      | 16/78 [00:10<00:40,  1.54it/s, loss=265.8760]Trial 3 Ep4:  21%|██████████████▏                                                      | 16/78 [00:10<00:40,  1.54it/s, loss=156.2514]Trial 3 Ep4:  22%|███████████████                                                      | 17/78 [00:10<00:38,  1.57it/s, loss=156.2514]Trial 3 Ep4:  22%|███████████████                                                      | 17/78 [00:11<00:38,  1.57it/s, loss=225.3575]Trial 3 Ep4:  23%|███████████████▉                                                     | 18/78 [00:11<00:38,  1.55it/s, loss=225.3575]Trial 3 Ep4:  23%|███████████████▉                                                     | 18/78 [00:12<00:38,  1.55it/s, loss=890.4462]Trial 3 Ep4:  24%|████████████████▊                                                    | 19/78 [00:12<00:38,  1.53it/s, loss=890.4462]Trial 3 Ep4:  24%|████████████████▊                                                    | 19/78 [00:12<00:38,  1.53it/s, loss=107.3549]Trial 3 Ep4:  26%|█████████████████▋                                                   | 20/78 [00:12<00:37,  1.54it/s, loss=107.3549]Trial 3 Ep4:  26%|█████████████████▋                                                   | 20/78 [00:13<00:37,  1.54it/s, loss=548.9230]Trial 3 Ep4:  27%|██████████████████▌                                                  | 21/78 [00:13<00:37,  1.54it/s, loss=548.9230]Trial 3 Ep4:  27%|██████████████████▌                                                  | 21/78 [00:14<00:37,  1.54it/s, loss=196.6274]Trial 3 Ep4:  28%|███████████████████▍                                                 | 22/78 [00:14<00:36,  1.52it/s, loss=196.6274]Trial 3 Ep4:  28%|███████████████████▋                                                  | 22/78 [00:14<00:36,  1.52it/s, loss=83.6428]Trial 3 Ep4:  29%|████████████████████▋                                                 | 23/78 [00:14<00:35,  1.56it/s, loss=83.6428]Trial 3 Ep4:  29%|████████████████████▉                                                  | 23/78 [00:15<00:35,  1.56it/s, loss=9.4067]Trial 3 Ep4:  31%|█████████████████████▊                                                 | 24/78 [00:15<00:34,  1.56it/s, loss=9.4067]Trial 3 Ep4:  31%|█████████████████████▌                                                | 24/78 [00:15<00:34,  1.56it/s, loss=28.5573]Trial 3 Ep4:  32%|██████████████████████▍                                               | 25/78 [00:15<00:34,  1.55it/s, loss=28.5573]Trial 3 Ep4:  32%|██████████████████████▍                                               | 25/78 [00:16<00:34,  1.55it/s, loss=17.9429]Trial 3 Ep4:  33%|███████████████████████▎                                              | 26/78 [00:16<00:32,  1.58it/s, loss=17.9429]Trial 3 Ep4:  33%|███████████████████████▎                                              | 26/78 [00:17<00:32,  1.58it/s, loss=43.4665]Trial 3 Ep4:  35%|████████████████████████▏                                             | 27/78 [00:17<00:31,  1.59it/s, loss=43.4665]Trial 3 Ep4:  35%|████████████████████████▏                                             | 27/78 [00:17<00:31,  1.59it/s, loss=42.1240]Trial 3 Ep4:  36%|█████████████████████████▏                                            | 28/78 [00:17<00:32,  1.56it/s, loss=42.1240]Trial 3 Ep4:  36%|█████████████████████████▏                                            | 28/78 [00:18<00:32,  1.56it/s, loss=31.6504]Trial 3 Ep4:  37%|██████████████████████████                                            | 29/78 [00:18<00:30,  1.59it/s, loss=31.6504]Trial 3 Ep4:  37%|██████████████████████████                                            | 29/78 [00:19<00:30,  1.59it/s, loss=25.5295]Trial 3 Ep4:  38%|██████████████████████████▉                                           | 30/78 [00:19<00:30,  1.60it/s, loss=25.5295]Trial 3 Ep4:  38%|██████████████████████████▉                                           | 30/78 [00:19<00:30,  1.60it/s, loss=38.6524]Trial 3 Ep4:  40%|███████████████████████████▊                                          | 31/78 [00:19<00:29,  1.57it/s, loss=38.6524]Trial 3 Ep4:  40%|███████████████████████████                                         | 31/78 [00:20<00:29,  1.57it/s, loss=1060.8804]Trial 3 Ep4:  41%|███████████████████████████▉                                        | 32/78 [00:20<00:28,  1.61it/s, loss=1060.8804]Trial 3 Ep4:  41%|█████████████████████████████▏                                         | 32/78 [00:20<00:28,  1.61it/s, loss=6.8566]Trial 3 Ep4:  42%|██████████████████████████████                                         | 33/78 [00:20<00:28,  1.59it/s, loss=6.8566]Trial 3 Ep4:  42%|█████████████████████████████▌                                        | 33/78 [00:21<00:28,  1.59it/s, loss=14.6500]Trial 3 Ep4:  44%|██████████████████████████████▌                                       | 34/78 [00:21<00:27,  1.58it/s, loss=14.6500]Trial 3 Ep4:  44%|██████████████████████████████▌                                       | 34/78 [00:22<00:27,  1.58it/s, loss=15.1301]Trial 3 Ep4:  45%|███████████████████████████████▍                                      | 35/78 [00:22<00:26,  1.61it/s, loss=15.1301]Trial 3 Ep4:  45%|███████████████████████████████▍                                      | 35/78 [00:22<00:26,  1.61it/s, loss=12.5306]Trial 3 Ep4:  46%|████████████████████████████████▎                                     | 36/78 [00:22<00:26,  1.61it/s, loss=12.5306]Trial 3 Ep4:  46%|████████████████████████████████▎                                     | 36/78 [00:23<00:26,  1.61it/s, loss=25.2042]Trial 3 Ep4:  47%|█████████████████████████████████▏                                    | 37/78 [00:23<00:26,  1.58it/s, loss=25.2042]Trial 3 Ep4:  47%|█████████████████████████████████▋                                     | 37/78 [00:24<00:26,  1.58it/s, loss=2.7419]Trial 3 Ep4:  49%|██████████████████████████████████▌                                    | 38/78 [00:24<00:24,  1.60it/s, loss=2.7419]Trial 3 Ep4:  49%|██████████████████████████████████                                    | 38/78 [00:24<00:24,  1.60it/s, loss=57.0829]Trial 3 Ep4:  50%|███████████████████████████████████                                   | 39/78 [00:24<00:24,  1.59it/s, loss=57.0829]Trial 3 Ep4:  50%|██████████████████████████████████                                  | 39/78 [00:25<00:24,  1.59it/s, loss=1233.0770]Trial 3 Ep4:  51%|██████████████████████████████████▊                                 | 40/78 [00:25<00:24,  1.58it/s, loss=1233.0770]Trial 3 Ep4:  51%|███████████████████████████████████▉                                  | 40/78 [00:26<00:24,  1.58it/s, loss=35.3133]Trial 3 Ep4:  53%|████████████████████████████████████▊                                 | 41/78 [00:26<00:24,  1.50it/s, loss=35.3133]Trial 3 Ep4:  53%|████████████████████████████████████▊                                 | 41/78 [00:26<00:24,  1.50it/s, loss=57.0305]Trial 3 Ep4:  54%|█████████████████████████████████████▋                                | 42/78 [00:26<00:23,  1.52it/s, loss=57.0305]Trial 3 Ep4:  54%|█████████████████████████████████████▏                               | 42/78 [00:27<00:23,  1.52it/s, loss=268.5294]Trial 3 Ep4:  55%|██████████████████████████████████████                               | 43/78 [00:27<00:22,  1.54it/s, loss=268.5294]Trial 3 Ep4:  55%|██████████████████████████████████████▌                               | 43/78 [00:27<00:22,  1.54it/s, loss=66.7345]Trial 3 Ep4:  56%|███████████████████████████████████████▍                              | 44/78 [00:27<00:21,  1.58it/s, loss=66.7345]Trial 3 Ep4:  56%|██████████████████████████████████████▉                              | 44/78 [00:28<00:21,  1.58it/s, loss=221.4301]Trial 3 Ep4:  58%|███████████████████████████████████████▊                             | 45/78 [00:28<00:20,  1.57it/s, loss=221.4301]Trial 3 Ep4:  58%|███████████████████████████████████████▊                             | 45/78 [00:29<00:20,  1.57it/s, loss=824.3851]Trial 3 Ep4:  59%|████████████████████████████████████████▋                            | 46/78 [00:29<00:20,  1.59it/s, loss=824.3851]Trial 3 Ep4:  59%|████████████████████████████████████████▋                            | 46/78 [00:29<00:20,  1.59it/s, loss=180.6693]Trial 3 Ep4:  60%|█████████████████████████████████████████▌                           | 47/78 [00:29<00:19,  1.60it/s, loss=180.6693]Trial 3 Ep4:  60%|█████████████████████████████████████████▌                           | 47/78 [00:30<00:19,  1.60it/s, loss=343.8266]Trial 3 Ep4:  62%|██████████████████████████████████████████▍                          | 48/78 [00:30<00:18,  1.59it/s, loss=343.8266]Trial 3 Ep4:  62%|██████████████████████████████████████████▍                          | 48/78 [00:31<00:18,  1.59it/s, loss=205.8572]Trial 3 Ep4:  63%|███████████████████████████████████████████▎                         | 49/78 [00:31<00:18,  1.54it/s, loss=205.8572]Trial 3 Ep4:  63%|███████████████████████████████████████████▉                          | 49/78 [00:31<00:18,  1.54it/s, loss=32.6476]Trial 3 Ep4:  64%|████████████████████████████████████████████▊                         | 50/78 [00:31<00:18,  1.56it/s, loss=32.6476]Trial 3 Ep4:  64%|████████████████████████████████████████████▊                         | 50/78 [00:32<00:18,  1.56it/s, loss=82.8619]Trial 3 Ep4:  65%|█████████████████████████████████████████████▊                        | 51/78 [00:32<00:17,  1.52it/s, loss=82.8619]Trial 3 Ep4:  65%|█████████████████████████████████████████████                        | 51/78 [00:33<00:17,  1.52it/s, loss=451.9765]Trial 3 Ep4:  67%|██████████████████████████████████████████████                       | 52/78 [00:33<00:17,  1.52it/s, loss=451.9765]Trial 3 Ep4:  67%|██████████████████████████████████████████████                       | 52/78 [00:33<00:17,  1.52it/s, loss=156.8370]Trial 3 Ep4:  68%|██████████████████████████████████████████████▉                      | 53/78 [00:33<00:16,  1.56it/s, loss=156.8370]Trial 3 Ep4:  68%|██████████████████████████████████████████████▉                      | 53/78 [00:34<00:16,  1.56it/s, loss=389.6974]Trial 3 Ep4:  69%|███████████████████████████████████████████████▊                     | 54/78 [00:34<00:15,  1.54it/s, loss=389.6974]Trial 3 Ep4:  69%|███████████████████████████████████████████████▊                     | 54/78 [00:35<00:15,  1.54it/s, loss=184.6190]Trial 3 Ep4:  71%|████████████████████████████████████████████████▋                    | 55/78 [00:35<00:14,  1.53it/s, loss=184.6190]Trial 3 Ep4:  71%|█████████████████████████████████████████████████▎                    | 55/78 [00:35<00:14,  1.53it/s, loss=47.3851]Trial 3 Ep4:  72%|██████████████████████████████████████████████████▎                   | 56/78 [00:35<00:14,  1.56it/s, loss=47.3851]Trial 3 Ep4:  72%|█████████████████████████████████████████████████▌                   | 56/78 [00:36<00:14,  1.56it/s, loss=258.3005]Trial 3 Ep4:  73%|██████████████████████████████████████████████████▍                  | 57/78 [00:36<00:13,  1.57it/s, loss=258.3005]Trial 3 Ep4:  73%|██████████████████████████████████████████████████▍                  | 57/78 [00:36<00:13,  1.57it/s, loss=146.5765]Trial 3 Ep4:  74%|███████████████████████████████████████████████████▎                 | 58/78 [00:36<00:12,  1.57it/s, loss=146.5765]Trial 3 Ep4:  74%|████████████████████████████████████████████████████                  | 58/78 [00:37<00:12,  1.57it/s, loss=44.3113]Trial 3 Ep4:  76%|████████████████████████████████████████████████████▉                 | 59/78 [00:37<00:10,  1.76it/s, loss=44.3113]Trial 3 Ep4:  76%|████████████████████████████████████████████████████▉                 | 59/78 [00:37<00:10,  1.76it/s, loss=15.0922]Trial 3 Ep4:  77%|█████████████████████████████████████████████████████▊                | 60/78 [00:37<00:10,  1.78it/s, loss=15.0922]Trial 3 Ep4:  77%|█████████████████████████████████████████████████████▊                | 60/78 [00:38<00:10,  1.78it/s, loss=35.7816]Trial 3 Ep4:  78%|██████████████████████████████████████████████████████▋               | 61/78 [00:38<00:09,  1.71it/s, loss=35.7816]Trial 3 Ep4:  78%|██████████████████████████████████████████████████████▋               | 61/78 [00:39<00:09,  1.71it/s, loss=22.3934]Trial 3 Ep4:  79%|███████████████████████████████████████████████████████▋              | 62/78 [00:39<00:09,  1.67it/s, loss=22.3934]Trial 3 Ep4:  79%|███████████████████████████████████████████████████████▋              | 62/78 [00:39<00:09,  1.67it/s, loss=56.2747]Trial 3 Ep4:  81%|████████████████████████████████████████████████████████▌             | 63/78 [00:39<00:09,  1.65it/s, loss=56.2747]Trial 3 Ep4:  81%|████████████████████████████████████████████████████████▌             | 63/78 [00:40<00:09,  1.65it/s, loss=30.5046]Trial 3 Ep4:  82%|█████████████████████████████████████████████████████████▍            | 64/78 [00:40<00:08,  1.64it/s, loss=30.5046]Trial 3 Ep4:  82%|█████████████████████████████████████████████████████████▍            | 64/78 [00:41<00:08,  1.64it/s, loss=97.1690]Trial 3 Ep4:  83%|██████████████████████████████████████████████████████████▎           | 65/78 [00:41<00:07,  1.65it/s, loss=97.1690]Trial 3 Ep4:  83%|██████████████████████████████████████████████████████████▎           | 65/78 [00:41<00:07,  1.65it/s, loss=20.6125]Trial 3 Ep4:  85%|███████████████████████████████████████████████████████████▏          | 66/78 [00:41<00:07,  1.62it/s, loss=20.6125]Trial 3 Ep4:  85%|████████████████████████████████████████████████████████████           | 66/78 [00:42<00:07,  1.62it/s, loss=2.0893]Trial 3 Ep4:  86%|████████████████████████████████████████████████████████████▉          | 67/78 [00:42<00:06,  1.59it/s, loss=2.0893]Trial 3 Ep4:  86%|████████████████████████████████████████████████████████████▏         | 67/78 [00:42<00:06,  1.59it/s, loss=15.8689]Trial 3 Ep4:  87%|█████████████████████████████████████████████████████████████         | 68/78 [00:42<00:06,  1.58it/s, loss=15.8689]Trial 3 Ep4:  87%|█████████████████████████████████████████████████████████████         | 68/78 [00:43<00:06,  1.58it/s, loss=15.9681]Trial 3 Ep4:  88%|█████████████████████████████████████████████████████████████▉        | 69/78 [00:43<00:05,  1.56it/s, loss=15.9681]Trial 3 Ep4:  88%|██████████████████████████████████████████████████████████████▊        | 69/78 [00:44<00:05,  1.56it/s, loss=1.3173]Trial 3 Ep4:  90%|███████████████████████████████████████████████████████████████▋       | 70/78 [00:44<00:05,  1.55it/s, loss=1.3173]Trial 3 Ep4:  90%|██████████████████████████████████████████████████████████████▊       | 70/78 [00:44<00:05,  1.55it/s, loss=87.7402]Trial 3 Ep4:  91%|███████████████████████████████████████████████████████████████▋      | 71/78 [00:44<00:04,  1.62it/s, loss=87.7402]Trial 3 Ep4:  91%|███████████████████████████████████████████████████████████████▋      | 71/78 [00:45<00:04,  1.62it/s, loss=45.8736]Trial 3 Ep4:  92%|████████████████████████████████████████████████████████████████▌     | 72/78 [00:45<00:03,  1.61it/s, loss=45.8736]Trial 3 Ep4:  92%|████████████████████████████████████████████████████████████████▌     | 72/78 [00:46<00:03,  1.61it/s, loss=19.2410]Trial 3 Ep4:  94%|█████████████████████████████████████████████████████████████████▌    | 73/78 [00:46<00:03,  1.62it/s, loss=19.2410]Trial 3 Ep4:  94%|█████████████████████████████████████████████████████████████████▌    | 73/78 [00:46<00:03,  1.62it/s, loss=52.8832]Trial 3 Ep4:  95%|██████████████████████████████████████████████████████████████████▍   | 74/78 [00:46<00:02,  1.55it/s, loss=52.8832]Trial 3 Ep4:  95%|██████████████████████████████████████████████████████████████████▍   | 74/78 [00:47<00:02,  1.55it/s, loss=70.4737]Trial 3 Ep4:  96%|███████████████████████████████████████████████████████████████████▎  | 75/78 [00:47<00:01,  1.54it/s, loss=70.4737]Trial 3 Ep4:  96%|███████████████████████████████████████████████████████████████████▎  | 75/78 [00:48<00:01,  1.54it/s, loss=41.2862]Trial 3 Ep4:  97%|████████████████████████████████████████████████████████████████████▏ | 76/78 [00:48<00:01,  1.49it/s, loss=41.2862]Trial 3 Ep4:  97%|█████████████████████████████████████████████████████████████████████▏ | 76/78 [00:48<00:01,  1.49it/s, loss=8.8432]Trial 3 Ep4:  99%|██████████████████████████████████████████████████████████████████████ | 77/78 [00:48<00:00,  1.52it/s, loss=8.8432]Trial 3 Ep4:  99%|█████████████████████████████████████████████████████████████████████ | 77/78 [00:49<00:00,  1.52it/s, loss=32.9312]Trial 3 Ep4: 100%|██████████████████████████████████████████████████████████████████████| 78/78 [00:49<00:00,  1.52it/s, loss=32.9312]                                                                                                                                      [I 2026-02-23 16:10:06,762] Trial 3 finished with value: 0.5270758122743683 and parameters: {'lora_alpha': 0.004207988669606638, 'target_ab_lr': 0.0004207053950287938}. Best is trial 0 with value: 0.5595667870036101.
[Trial 3] Epoch   4 | Metric:   0.44% | Best:   0.53% | Loss: 156.2808 | LR: 6.69e-04 | No imp: 3/3
[Trial 3] Early stopping at epoch 4 (no improvement for 3 epochs)

[Trial 3] Finished - Best F1: 0.53%
======================================================================

[Trial 3] GPU cache cleared

======================================================================
Trial 4 Starting
============================================================