Trial 1 Ep4:   0%|                                                                                             | 0/78 [00:00<?, ?it/s]Trial 1 Ep4:   0%|                                                                                | 0/78 [00:00<?, ?it/s, loss=0.5943]Trial 1 Ep4:   1%|▉                                                                       | 1/78 [00:00<00:50,  1.53it/s, loss=0.5943]Trial 1 Ep4:   1%|▉                                                                       | 1/78 [00:01<00:50,  1.53it/s, loss=0.6452]Trial 1 Ep4:   3%|█▊                                                                      | 2/78 [00:01<00:48,  1.56it/s, loss=0.6452]Trial 1 Ep4:   3%|█▊                                                                      | 2/78 [00:01<00:48,  1.56it/s, loss=0.6857]Trial 1 Ep4:   4%|██▊                                                                     | 3/78 [00:01<00:49,  1.52it/s, loss=0.6857]Trial 1 Ep4:   4%|██▊                                                                     | 3/78 [00:02<00:49,  1.52it/s, loss=0.7769]Trial 1 Ep4:   5%|███▋                                                                    | 4/78 [00:02<00:48,  1.53it/s, loss=0.7769]Trial 1 Ep4:   5%|███▋                                                                    | 4/78 [00:03<00:48,  1.53it/s, loss=0.6552]Trial 1 Ep4:   6%|████▌                                                                   | 5/78 [00:03<00:47,  1.55it/s, loss=0.6552]Trial 1 Ep4:   6%|████▌                                                                   | 5/78 [00:03<00:47,  1.55it/s, loss=0.7121]Trial 1 Ep4:   8%|█████▌                                                                  | 6/78 [00:03<00:45,  1.57it/s, loss=0.7121]Trial 1 Ep4:   8%|█████▌                                                                  | 6/78 [00:04<00:45,  1.57it/s, loss=0.8084]Trial 1 Ep4:   9%|██████▍                                                                 | 7/78 [00:04<00:45,  1.58it/s, loss=0.8084]Trial 1 Ep4:   9%|██████▍                                                                 | 7/78 [00:05<00:45,  1.58it/s, loss=0.6539]Trial 1 Ep4:  10%|███████▍                                                                | 8/78 [00:05<00:43,  1.59it/s, loss=0.6539]Trial 1 Ep4:  10%|███████▍                                                                | 8/78 [00:05<00:43,  1.59it/s, loss=0.8573]Trial 1 Ep4:  12%|████████▎                                                               | 9/78 [00:05<00:43,  1.59it/s, loss=0.8573]Trial 1 Ep4:  12%|████████▎                                                               | 9/78 [00:06<00:43,  1.59it/s, loss=0.6365]Trial 1 Ep4:  13%|█████████                                                              | 10/78 [00:06<00:43,  1.56it/s, loss=0.6365]Trial 1 Ep4:  13%|█████████                                                              | 10/78 [00:06<00:43,  1.56it/s, loss=0.7677]Trial 1 Ep4:  14%|██████████                                                             | 11/78 [00:06<00:41,  1.60it/s, loss=0.7677]Trial 1 Ep4:  14%|██████████                                                             | 11/78 [00:07<00:41,  1.60it/s, loss=0.7579]Trial 1 Ep4:  15%|██████████▉                                                            | 12/78 [00:07<00:41,  1.59it/s, loss=0.7579]Trial 1 Ep4:  15%|██████████▉                                                            | 12/78 [00:08<00:41,  1.59it/s, loss=0.6815]Trial 1 Ep4:  17%|███████████▊                                                           | 13/78 [00:08<00:41,  1.59it/s, loss=0.6815]Trial 1 Ep4:  17%|███████████▊                                                           | 13/78 [00:08<00:41,  1.59it/s, loss=0.9206]Trial 1 Ep4:  18%|████████████▋                                                          | 14/78 [00:08<00:40,  1.60it/s, loss=0.9206]Trial 1 Ep4:  18%|████████████▋                                                          | 14/78 [00:09<00:40,  1.60it/s, loss=0.7267]Trial 1 Ep4:  19%|█████████████▋                                                         | 15/78 [00:09<00:40,  1.56it/s, loss=0.7267]Trial 1 Ep4:  19%|█████████████▋                                                         | 15/78 [00:10<00:40,  1.56it/s, loss=0.7884]Trial 1 Ep4:  21%|██████████████▌                                                        | 16/78 [00:10<00:39,  1.58it/s, loss=0.7884]Trial 1 Ep4:  21%|██████████████▌                                                        | 16/78 [00:10<00:39,  1.58it/s, loss=0.7579]Trial 1 Ep4:  22%|███████████████▍                                                       | 17/78 [00:10<00:38,  1.58it/s, loss=0.7579]Trial 1 Ep4:  22%|███████████████▍                                                       | 17/78 [00:11<00:38,  1.58it/s, loss=0.6928]Trial 1 Ep4:  23%|████████████████▍                                                      | 18/78 [00:11<00:37,  1.59it/s, loss=0.6928]Trial 1 Ep4:  23%|████████████████▍                                                      | 18/78 [00:12<00:37,  1.59it/s, loss=0.7104]Trial 1 Ep4:  24%|█████████████████▎                                                     | 19/78 [00:12<00:37,  1.58it/s, loss=0.7104]Trial 1 Ep4:  24%|█████████████████▎                                                     | 19/78 [00:12<00:37,  1.58it/s, loss=0.6964]Trial 1 Ep4:  26%|██████████████████▏                                                    | 20/78 [00:12<00:36,  1.59it/s, loss=0.6964]Trial 1 Ep4:  26%|██████████████████▏                                                    | 20/78 [00:13<00:36,  1.59it/s, loss=0.7074]Trial 1 Ep4:  27%|███████████████████                                                    | 21/78 [00:13<00:36,  1.58it/s, loss=0.7074]Trial 1 Ep4:  27%|███████████████████                                                    | 21/78 [00:14<00:36,  1.58it/s, loss=0.6924]Trial 1 Ep4:  28%|████████████████████                                                   | 22/78 [00:14<00:36,  1.54it/s, loss=0.6924]Trial 1 Ep4:  28%|████████████████████                                                   | 22/78 [00:14<00:36,  1.54it/s, loss=0.6880]Trial 1 Ep4:  29%|████████████████████▉                                                  | 23/78 [00:14<00:35,  1.56it/s, loss=0.6880]Trial 1 Ep4:  29%|████████████████████▉                                                  | 23/78 [00:15<00:35,  1.56it/s, loss=0.6589]Trial 1 Ep4:  31%|█████████████████████▊                                                 | 24/78 [00:15<00:34,  1.58it/s, loss=0.6589]Trial 1 Ep4:  31%|█████████████████████▊                                                 | 24/78 [00:15<00:34,  1.58it/s, loss=0.7500]Trial 1 Ep4:  32%|██████████████████████▊                                                | 25/78 [00:15<00:34,  1.55it/s, loss=0.7500]Trial 1 Ep4:  32%|██████████████████████▊                                                | 25/78 [00:16<00:34,  1.55it/s, loss=0.6882]Trial 1 Ep4:  33%|███████████████████████▋                                               | 26/78 [00:16<00:32,  1.58it/s, loss=0.6882]Trial 1 Ep4:  33%|███████████████████████▋                                               | 26/78 [00:17<00:32,  1.58it/s, loss=0.8055]Trial 1 Ep4:  35%|████████████████████████▌                                              | 27/78 [00:17<00:32,  1.57it/s, loss=0.8055]Trial 1 Ep4:  35%|████████████████████████▌                                              | 27/78 [00:17<00:32,  1.57it/s, loss=0.7406]Trial 1 Ep4:  36%|█████████████████████████▍                                             | 28/78 [00:17<00:31,  1.58it/s, loss=0.7406]Trial 1 Ep4:  36%|█████████████████████████▍                                             | 28/78 [00:18<00:31,  1.58it/s, loss=0.6799]Trial 1 Ep4:  37%|██████████████████████████▍                                            | 29/78 [00:18<00:31,  1.57it/s, loss=0.6799]Trial 1 Ep4:  37%|██████████████████████████▍                                            | 29/78 [00:18<00:31,  1.57it/s, loss=0.7776]Trial 1 Ep4:  38%|███████████████████████████▎                                           | 30/78 [00:18<00:28,  1.71it/s, loss=0.7776]Trial 1 Ep4:  38%|███████████████████████████▎                                           | 30/78 [00:19<00:28,  1.71it/s, loss=0.8193]Trial 1 Ep4:  40%|████████████████████████████▏                                          | 31/78 [00:19<00:25,  1.81it/s, loss=0.8193]Trial 1 Ep4:  40%|████████████████████████████▏                                          | 31/78 [00:20<00:25,  1.81it/s, loss=0.7011]Trial 1 Ep4:  41%|█████████████████████████████▏                                         | 32/78 [00:20<00:26,  1.75it/s, loss=0.7011]Trial 1 Ep4:  41%|█████████████████████████████▏                                         | 32/78 [00:20<00:26,  1.75it/s, loss=0.7154]Trial 1 Ep4:  42%|██████████████████████████████                                         | 33/78 [00:20<00:26,  1.70it/s, loss=0.7154]Trial 1 Ep4:  42%|██████████████████████████████                                         | 33/78 [00:21<00:26,  1.70it/s, loss=0.7015]Trial 1 Ep4:  44%|██████████████████████████████▉                                        | 34/78 [00:21<00:26,  1.68it/s, loss=0.7015]Trial 1 Ep4:  44%|██████████████████████████████▉                                        | 34/78 [00:21<00:26,  1.68it/s, loss=0.6977]Trial 1 Ep4:  45%|███████████████████████████████▊                                       | 35/78 [00:21<00:26,  1.64it/s, loss=0.6977]Trial 1 Ep4:  45%|███████████████████████████████▊                                       | 35/78 [00:22<00:26,  1.64it/s, loss=5.1841]Trial 1 Ep4:  46%|████████████████████████████████▊                                      | 36/78 [00:22<00:27,  1.52it/s, loss=5.1841]Trial 1 Ep4:  46%|████████████████████████████████▎                                     | 36/78 [00:23<00:27,  1.52it/s, loss=50.1648]Trial 1 Ep4:  47%|█████████████████████████████████▏                                    | 37/78 [00:23<00:26,  1.52it/s, loss=50.1648]Trial 1 Ep4:  47%|████████████████████████████████▋                                    | 37/78 [00:23<00:26,  1.52it/s, loss=233.0311]Trial 1 Ep4:  49%|█████████████████████████████████▌                                   | 38/78 [00:23<00:25,  1.55it/s, loss=233.0311]Trial 1 Ep4:  49%|██████████████████████████████████                                    | 38/78 [00:24<00:25,  1.55it/s, loss=31.9341]Trial 1 Ep4:  50%|███████████████████████████████████                                   | 39/78 [00:24<00:25,  1.56it/s, loss=31.9341]Trial 1 Ep4:  50%|██████████████████████████████████▌                                  | 39/78 [00:25<00:25,  1.56it/s, loss=128.2446]Trial 1 Ep4:  51%|███████████████████████████████████▍                                 | 40/78 [00:25<00:24,  1.55it/s, loss=128.2446]Trial 1 Ep4:  51%|███████████████████████████████████▉                                  | 40/78 [00:25<00:24,  1.55it/s, loss=39.5223]Trial 1 Ep4:  53%|████████████████████████████████████▊                                 | 41/78 [00:25<00:23,  1.57it/s, loss=39.5223]Trial 1 Ep4:  53%|████████████████████████████████████▎                                | 41/78 [00:26<00:23,  1.57it/s, loss=100.2658]Trial 1 Ep4:  54%|█████████████████████████████████████▏                               | 42/78 [00:26<00:22,  1.59it/s, loss=100.2658]Trial 1 Ep4:  54%|█████████████████████████████████████▋                                | 42/78 [00:27<00:22,  1.59it/s, loss=83.4041]Trial 1 Ep4:  55%|██████████████████████████████████████▌                               | 43/78 [00:27<00:21,  1.60it/s, loss=83.4041]Trial 1 Ep4:  55%|██████████████████████████████████████▌                               | 43/78 [00:27<00:21,  1.60it/s, loss=27.9923]Trial 1 Ep4:  56%|███████████████████████████████████████▍                              | 44/78 [00:27<00:21,  1.59it/s, loss=27.9923]Trial 1 Ep4:  56%|██████████████████████████████████████▉                              | 44/78 [00:28<00:21,  1.59it/s, loss=189.3359]Trial 1 Ep4:  58%|███████████████████████████████████████▊                             | 45/78 [00:28<00:20,  1.59it/s, loss=189.3359]Trial 1 Ep4:  58%|████████████████████████████████████████▍                             | 45/78 [00:28<00:20,  1.59it/s, loss=14.4262]Trial 1 Ep4:  59%|█████████████████████████████████████████▎                            | 46/78 [00:28<00:20,  1.58it/s, loss=14.4262]Trial 1 Ep4:  59%|█████████████████████████████████████████▎                            | 46/78 [00:29<00:20,  1.58it/s, loss=40.7138]Trial 1 Ep4:  60%|██████████████████████████████████████████▏                           | 47/78 [00:29<00:19,  1.57it/s, loss=40.7138]Trial 1 Ep4:  60%|██████████████████████████████████████████▏                           | 47/78 [00:30<00:19,  1.57it/s, loss=16.0000]Trial 1 Ep4:  62%|███████████████████████████████████████████                           | 48/78 [00:30<00:18,  1.59it/s, loss=16.0000]Trial 1 Ep4:  62%|███████████████████████████████████████████                           | 48/78 [00:30<00:18,  1.59it/s, loss=31.9338]Trial 1 Ep4:  63%|███████████████████████████████████████████▉                          | 49/78 [00:30<00:18,  1.58it/s, loss=31.9338]Trial 1 Ep4:  63%|███████████████████████████████████████████▉                          | 49/78 [00:31<00:18,  1.58it/s, loss=29.9000]Trial 1 Ep4:  64%|████████████████████████████████████████████▊                         | 50/78 [00:31<00:17,  1.57it/s, loss=29.9000]Trial 1 Ep4:  64%|████████████████████████████████████████████▊                         | 50/78 [00:32<00:17,  1.57it/s, loss=13.4984]Trial 1 Ep4:  65%|█████████████████████████████████████████████▊                        | 51/78 [00:32<00:17,  1.57it/s, loss=13.4984]Trial 1 Ep4:  65%|█████████████████████████████████████████████▊                        | 51/78 [00:32<00:17,  1.57it/s, loss=19.4080]Trial 1 Ep4:  67%|██████████████████████████████████████████████▋                       | 52/78 [00:32<00:16,  1.55it/s, loss=19.4080]Trial 1 Ep4:  67%|██████████████████████████████████████████████▋                       | 52/78 [00:33<00:16,  1.55it/s, loss=22.0848]Trial 1 Ep4:  68%|███████████████████████████████████████████████▌                      | 53/78 [00:33<00:16,  1.55it/s, loss=22.0848]Trial 1 Ep4:  68%|███████████████████████████████████████████████▌                      | 53/78 [00:34<00:16,  1.55it/s, loss=11.2746]Trial 1 Ep4:  69%|████████████████████████████████████████████████▍                     | 54/78 [00:34<00:15,  1.57it/s, loss=11.2746]Trial 1 Ep4:  69%|████████████████████████████████████████████████▍                     | 54/78 [00:34<00:15,  1.57it/s, loss=15.3030]Trial 1 Ep4:  71%|█████████████████████████████████████████████████▎                    | 55/78 [00:34<00:14,  1.58it/s, loss=15.3030]Trial 1 Ep4:  71%|██████████████████████████████████████████████████                     | 55/78 [00:35<00:14,  1.58it/s, loss=2.4492]Trial 1 Ep4:  72%|██████████████████████████████████████████████████▉                    | 56/78 [00:35<00:14,  1.57it/s, loss=2.4492]Trial 1 Ep4:  72%|██████████████████████████████████████████████████▎                   | 56/78 [00:35<00:14,  1.57it/s, loss=12.7445]Trial 1 Ep4:  73%|███████████████████████████████████████████████████▏                  | 57/78 [00:35<00:13,  1.57it/s, loss=12.7445]Trial 1 Ep4:  73%|███████████████████████████████████████████████████▉                   | 57/78 [00:36<00:13,  1.57it/s, loss=1.2360]Trial 1 Ep4:  74%|████████████████████████████████████████████████████▊                  | 58/78 [00:36<00:12,  1.57it/s, loss=1.2360]Trial 1 Ep4:  74%|████████████████████████████████████████████████████▊                  | 58/78 [00:37<00:12,  1.57it/s, loss=7.9739]Trial 1 Ep4:  76%|█████████████████████████████████████████████████████▋                 | 59/78 [00:37<00:12,  1.58it/s, loss=7.9739]Trial 1 Ep4:  76%|█████████████████████████████████████████████████████▋                 | 59/78 [00:37<00:12,  1.58it/s, loss=2.2163]Trial 1 Ep4:  77%|██████████████████████████████████████████████████████▌                | 60/78 [00:37<00:11,  1.57it/s, loss=2.2163]Trial 1 Ep4:  77%|██████████████████████████████████████████████████████▌                | 60/78 [00:38<00:11,  1.57it/s, loss=7.9701]Trial 1 Ep4:  78%|███████████████████████████████████████████████████████▌               | 61/78 [00:38<00:10,  1.56it/s, loss=7.9701]Trial 1 Ep4:  78%|███████████████████████████████████████████████████████▌               | 61/78 [00:39<00:10,  1.56it/s, loss=1.7507]Trial 1 Ep4:  79%|████████████████████████████████████████████████████████▍              | 62/78 [00:39<00:10,  1.55it/s, loss=1.7507]Trial 1 Ep4:  79%|████████████████████████████████████████████████████████▍              | 62/78 [00:39<00:10,  1.55it/s, loss=4.9425]Trial 1 Ep4:  81%|█████████████████████████████████████████████████████████▎             | 63/78 [00:39<00:09,  1.57it/s, loss=4.9425]Trial 1 Ep4:  81%|█████████████████████████████████████████████████████████▎             | 63/78 [00:40<00:09,  1.57it/s, loss=0.9153]Trial 1 Ep4:  82%|██████████████████████████████████████████████████████████▎            | 64/78 [00:40<00:08,  1.57it/s, loss=0.9153]Trial 1 Ep4:  82%|██████████████████████████████████████████████████████████▎            | 64/78 [00:41<00:08,  1.57it/s, loss=1.7015]Trial 1 Ep4:  83%|███████████████████████████████████████████████████████████▏           | 65/78 [00:41<00:08,  1.57it/s, loss=1.7015]Trial 1 Ep4:  83%|███████████████████████████████████████████████████████████▏           | 65/78 [00:41<00:08,  1.57it/s, loss=0.8686]Trial 1 Ep4:  85%|████████████████████████████████████████████████████████████           | 66/78 [00:41<00:07,  1.59it/s, loss=0.8686]Trial 1 Ep4:  85%|████████████████████████████████████████████████████████████           | 66/78 [00:42<00:07,  1.59it/s, loss=2.4394]Trial 1 Ep4:  86%|████████████████████████████████████████████████████████████▉          | 67/78 [00:42<00:06,  1.59it/s, loss=2.4394]Trial 1 Ep4:  86%|████████████████████████████████████████████████████████████▉          | 67/78 [00:42<00:06,  1.59it/s, loss=0.9328]Trial 1 Ep4:  87%|█████████████████████████████████████████████████████████████▉         | 68/78 [00:42<00:06,  1.60it/s, loss=0.9328]Trial 1 Ep4:  87%|█████████████████████████████████████████████████████████████▉         | 68/78 [00:43<00:06,  1.60it/s, loss=1.5305]Trial 1 Ep4:  88%|██████████████████████████████████████████████████████████████▊        | 69/78 [00:43<00:05,  1.59it/s, loss=1.5305]Trial 1 Ep4:  88%|██████████████████████████████████████████████████████████████▊        | 69/78 [00:44<00:05,  1.59it/s, loss=1.4722]Trial 1 Ep4:  90%|███████████████████████████████████████████████████████████████▋       | 70/78 [00:44<00:05,  1.56it/s, loss=1.4722]Trial 1 Ep4:  90%|███████████████████████████████████████████████████████████████▋       | 70/78 [00:44<00:05,  1.56it/s, loss=0.8815]Trial 1 Ep4:  91%|████████████████████████████████████████████████████████████████▋      | 71/78 [00:44<00:04,  1.56it/s, loss=0.8815]Trial 1 Ep4:  91%|████████████████████████████████████████████████████████████████▋      | 71/78 [00:45<00:04,  1.56it/s, loss=0.7062]Trial 1 Ep4:  92%|█████████████████████████████████████████████████████████████████▌     | 72/78 [00:45<00:03,  1.58it/s, loss=0.7062]Trial 1 Ep4:  92%|█████████████████████████████████████████████████████████████████▌     | 72/78 [00:46<00:03,  1.58it/s, loss=0.8349]Trial 1 Ep4:  94%|██████████████████████████████████████████████████████████████████▍    | 73/78 [00:46<00:03,  1.56it/s, loss=0.8349]Trial 1 Ep4:  94%|██████████████████████████████████████████████████████████████████▍    | 73/78 [00:46<00:03,  1.56it/s, loss=0.7590]Trial 1 Ep4:  95%|███████████████████████████████████████████████████████████████████▎   | 74/78 [00:46<00:02,  1.56it/s, loss=0.7590]Trial 1 Ep4:  95%|███████████████████████████████████████████████████████████████████▎   | 74/78 [00:47<00:02,  1.56it/s, loss=1.0372]Trial 1 Ep4:  96%|████████████████████████████████████████████████████████████████████▎  | 75/78 [00:47<00:01,  1.57it/s, loss=1.0372]Trial 1 Ep4:  96%|████████████████████████████████████████████████████████████████████▎  | 75/78 [00:48<00:01,  1.57it/s, loss=0.8351]Trial 1 Ep4:  97%|█████████████████████████████████████████████████████████████████████▏ | 76/78 [00:48<00:01,  1.57it/s, loss=0.8351]Trial 1 Ep4:  97%|█████████████████████████████████████████████████████████████████████▏ | 76/78 [00:48<00:01,  1.57it/s, loss=1.0238]Trial 1 Ep4:  99%|██████████████████████████████████████████████████████████████████████ | 77/78 [00:48<00:00,  1.60it/s, loss=1.0238]Trial 1 Ep4:  99%|██████████████████████████████████████████████████████████████████████ | 77/78 [00:49<00:00,  1.60it/s, loss=0.9679]Trial 1 Ep4: 100%|███████████████████████████████████████████████████████████████████████| 78/78 [00:49<00:00,  1.61it/s, loss=0.9679]                                                                                                                                      [I 2026-02-23 16:06:13,186] Trial 1 finished with value: 0.5270758122743683 and parameters: {'lora_alpha': 0.03148911647956861, 'target_ab_lr': 0.6351221010640696}. Best is trial 0 with value: 0.5595667870036101.
[Trial 1] Epoch   4 | Metric:   0.53% | Best:   0.53% | Loss: 15.2200 | LR: 6.69e-04 | No imp: 3/3
[Trial 1] Early stopping at epoch 4 (no improvement for 3 epochs)

[Trial 1] Finished - Best F1: 0.53%
======================================================================

[Trial 1] GPU cache cleared

======================================================================
Trial 2 Starting
=================================================================