Trial 0 Ep7:   0%|                                                                                             | 0/78 [00:00<?, ?it/s]Trial 0 Ep7:   0%|                                                                                | 0/78 [00:00<?, ?it/s, loss=0.7635]Trial 0 Ep7:   1%|▉                                                                       | 1/78 [00:00<00:48,  1.58it/s, loss=0.7635]Trial 0 Ep7:   1%|▉                                                                       | 1/78 [00:01<00:48,  1.58it/s, loss=0.7631]Trial 0 Ep7:   3%|█▊                                                                      | 2/78 [00:01<00:47,  1.60it/s, loss=0.7631]Trial 0 Ep7:   3%|█▊                                                                      | 2/78 [00:01<00:47,  1.60it/s, loss=0.7197]Trial 0 Ep7:   4%|██▊                                                                     | 3/78 [00:01<00:46,  1.61it/s, loss=0.7197]Trial 0 Ep7:   4%|██▊                                                                     | 3/78 [00:02<00:46,  1.61it/s, loss=0.6785]Trial 0 Ep7:   5%|███▋                                                                    | 4/78 [00:02<00:46,  1.60it/s, loss=0.6785]Trial 0 Ep7:   5%|███▋                                                                    | 4/78 [00:03<00:46,  1.60it/s, loss=0.6713]Trial 0 Ep7:   6%|████▌                                                                   | 5/78 [00:03<00:45,  1.60it/s, loss=0.6713]Trial 0 Ep7:   6%|████▌                                                                   | 5/78 [00:03<00:45,  1.60it/s, loss=0.6750]Trial 0 Ep7:   8%|█████▌                                                                  | 6/78 [00:03<00:45,  1.60it/s, loss=0.6750]Trial 0 Ep7:   8%|█████▌                                                                  | 6/78 [00:04<00:45,  1.60it/s, loss=0.7154]Trial 0 Ep7:   9%|██████▍                                                                 | 7/78 [00:04<00:45,  1.58it/s, loss=0.7154]Trial 0 Ep7:   9%|██████▍                                                                 | 7/78 [00:05<00:45,  1.58it/s, loss=0.7614]Trial 0 Ep7:  10%|███████▍                                                                | 8/78 [00:05<00:44,  1.58it/s, loss=0.7614]Trial 0 Ep7:  10%|███████▍                                                                | 8/78 [00:05<00:44,  1.58it/s, loss=0.6188]Trial 0 Ep7:  12%|████████▎                                                               | 9/78 [00:05<00:43,  1.58it/s, loss=0.6188]Trial 0 Ep7:  12%|████████▎                                                               | 9/78 [00:06<00:43,  1.58it/s, loss=0.7371]Trial 0 Ep7:  13%|█████████                                                              | 10/78 [00:06<00:43,  1.56it/s, loss=0.7371]Trial 0 Ep7:  13%|█████████                                                              | 10/78 [00:06<00:43,  1.56it/s, loss=0.7241]Trial 0 Ep7:  14%|██████████                                                             | 11/78 [00:06<00:42,  1.58it/s, loss=0.7241]Trial 0 Ep7:  14%|██████████                                                             | 11/78 [00:07<00:42,  1.58it/s, loss=0.7236]Trial 0 Ep7:  15%|██████████▉                                                            | 12/78 [00:07<00:41,  1.57it/s, loss=0.7236]Trial 0 Ep7:  15%|██████████▉                                                            | 12/78 [00:08<00:41,  1.57it/s, loss=0.6641]Trial 0 Ep7:  17%|███████████▊                                                           | 13/78 [00:08<00:41,  1.56it/s, loss=0.6641]Trial 0 Ep7:  17%|███████████▊                                                           | 13/78 [00:08<00:41,  1.56it/s, loss=0.7162]Trial 0 Ep7:  18%|████████████▋                                                          | 14/78 [00:08<00:40,  1.58it/s, loss=0.7162]Trial 0 Ep7:  18%|████████████▋                                                          | 14/78 [00:09<00:40,  1.58it/s, loss=0.6716]Trial 0 Ep7:  19%|█████████████▋                                                         | 15/78 [00:09<00:40,  1.57it/s, loss=0.6716]Trial 0 Ep7:  19%|█████████████▋                                                         | 15/78 [00:10<00:40,  1.57it/s, loss=0.7250]Trial 0 Ep7:  21%|██████████████▌                                                        | 16/78 [00:10<00:39,  1.57it/s, loss=0.7250]Trial 0 Ep7:  21%|██████████████▌                                                        | 16/78 [00:10<00:39,  1.57it/s, loss=0.6960]Trial 0 Ep7:  22%|███████████████▍                                                       | 17/78 [00:10<00:38,  1.59it/s, loss=0.6960]Trial 0 Ep7:  22%|███████████████▍                                                       | 17/78 [00:11<00:38,  1.59it/s, loss=0.7276]Trial 0 Ep7:  23%|████████████████▍                                                      | 18/78 [00:11<00:37,  1.58it/s, loss=0.7276]Trial 0 Ep7:  23%|████████████████▍                                                      | 18/78 [00:12<00:37,  1.58it/s, loss=0.6649]Trial 0 Ep7:  24%|█████████████████▎                                                     | 19/78 [00:12<00:37,  1.57it/s, loss=0.6649]Trial 0 Ep7:  24%|█████████████████▎                                                     | 19/78 [00:12<00:37,  1.57it/s, loss=0.6633]Trial 0 Ep7:  26%|██████████████████▏                                                    | 20/78 [00:12<00:37,  1.56it/s, loss=0.6633]Trial 0 Ep7:  26%|██████████████████▏                                                    | 20/78 [00:13<00:37,  1.56it/s, loss=0.7420]Trial 0 Ep7:  27%|███████████████████                                                    | 21/78 [00:13<00:36,  1.55it/s, loss=0.7420]Trial 0 Ep7:  27%|███████████████████                                                    | 21/78 [00:13<00:36,  1.55it/s, loss=0.7086]Trial 0 Ep7:  28%|████████████████████                                                   | 22/78 [00:13<00:35,  1.56it/s, loss=0.7086]Trial 0 Ep7:  28%|████████████████████                                                   | 22/78 [00:14<00:35,  1.56it/s, loss=0.7156]Trial 0 Ep7:  29%|████████████████████▉                                                  | 23/78 [00:14<00:34,  1.57it/s, loss=0.7156]Trial 0 Ep7:  29%|████████████████████▉                                                  | 23/78 [00:15<00:34,  1.57it/s, loss=0.7897]Trial 0 Ep7:  31%|█████████████████████▊                                                 | 24/78 [00:15<00:34,  1.58it/s, loss=0.7897]Trial 0 Ep7:  31%|█████████████████████▊                                                 | 24/78 [00:15<00:34,  1.58it/s, loss=0.7364]Trial 0 Ep7:  32%|██████████████████████▊                                                | 25/78 [00:15<00:33,  1.57it/s, loss=0.7364]Trial 0 Ep7:  32%|██████████████████████▊                                                | 25/78 [00:16<00:33,  1.57it/s, loss=0.6679]Trial 0 Ep7:  33%|███████████████████████▋                                               | 26/78 [00:16<00:33,  1.55it/s, loss=0.6679]Trial 0 Ep7:  33%|███████████████████████▋                                               | 26/78 [00:17<00:33,  1.55it/s, loss=0.7030]Trial 0 Ep7:  35%|████████████████████████▌                                              | 27/78 [00:17<00:32,  1.55it/s, loss=0.7030]Trial 0 Ep7:  35%|████████████████████████▏                                             | 27/78 [00:17<00:32,  1.55it/s, loss=15.5482]Trial 0 Ep7:  36%|█████████████████████████▏                                            | 28/78 [00:17<00:32,  1.56it/s, loss=15.5482]Trial 0 Ep7:  36%|█████████████████████████▍                                             | 28/78 [00:18<00:32,  1.56it/s, loss=0.7437]Trial 0 Ep7:  37%|██████████████████████████▍                                            | 29/78 [00:18<00:31,  1.55it/s, loss=0.7437]Trial 0 Ep7:  37%|██████████████████████████▍                                            | 29/78 [00:19<00:31,  1.55it/s, loss=0.7226]Trial 0 Ep7:  38%|███████████████████████████▎                                           | 30/78 [00:19<00:30,  1.58it/s, loss=0.7226]Trial 0 Ep7:  38%|███████████████████████████▎                                           | 30/78 [00:19<00:30,  1.58it/s, loss=0.7496]Trial 0 Ep7:  40%|████████████████████████████▏                                          | 31/78 [00:19<00:29,  1.59it/s, loss=0.7496]Trial 0 Ep7:  40%|████████████████████████████▏                                          | 31/78 [00:20<00:29,  1.59it/s, loss=0.6857]Trial 0 Ep7:  41%|█████████████████████████████▏                                         | 32/78 [00:20<00:29,  1.58it/s, loss=0.6857]Trial 0 Ep7:  41%|█████████████████████████████▏                                         | 32/78 [00:20<00:29,  1.58it/s, loss=0.7858]Trial 0 Ep7:  42%|██████████████████████████████                                         | 33/78 [00:20<00:28,  1.58it/s, loss=0.7858]Trial 0 Ep7:  42%|██████████████████████████████                                         | 33/78 [00:21<00:28,  1.58it/s, loss=0.7436]Trial 0 Ep7:  44%|██████████████████████████████▉                                        | 34/78 [00:21<00:28,  1.57it/s, loss=0.7436]Trial 0 Ep7:  44%|██████████████████████████████▉                                        | 34/78 [00:22<00:28,  1.57it/s, loss=0.7098]Trial 0 Ep7:  45%|███████████████████████████████▊                                       | 35/78 [00:22<00:27,  1.58it/s, loss=0.7098]Trial 0 Ep7:  45%|███████████████████████████████▊                                       | 35/78 [00:22<00:27,  1.58it/s, loss=0.6781]Trial 0 Ep7:  46%|████████████████████████████████▊                                      | 36/78 [00:22<00:26,  1.56it/s, loss=0.6781]Trial 0 Ep7:  46%|████████████████████████████████▊                                      | 36/78 [00:23<00:26,  1.56it/s, loss=0.7475]Trial 0 Ep7:  47%|█████████████████████████████████▋                                     | 37/78 [00:23<00:25,  1.58it/s, loss=0.7475]Trial 0 Ep7:  47%|█████████████████████████████████▋                                     | 37/78 [00:24<00:25,  1.58it/s, loss=0.7344]Trial 0 Ep7:  49%|██████████████████████████████████▌                                    | 38/78 [00:24<00:25,  1.60it/s, loss=0.7344]Trial 0 Ep7:  49%|██████████████████████████████████▌                                    | 38/78 [00:24<00:25,  1.60it/s, loss=0.7384]Trial 0 Ep7:  50%|███████████████████████████████████▌                                   | 39/78 [00:24<00:24,  1.60it/s, loss=0.7384]Trial 0 Ep7:  50%|███████████████████████████████████▌                                   | 39/78 [00:25<00:24,  1.60it/s, loss=0.6508]Trial 0 Ep7:  51%|████████████████████████████████████▍                                  | 40/78 [00:25<00:24,  1.58it/s, loss=0.6508]Trial 0 Ep7:  51%|████████████████████████████████████▍                                  | 40/78 [00:26<00:24,  1.58it/s, loss=0.7893]Trial 0 Ep7:  53%|█████████████████████████████████████▎                                 | 41/78 [00:26<00:23,  1.59it/s, loss=0.7893]Trial 0 Ep7:  53%|█████████████████████████████████████▎                                 | 41/78 [00:26<00:23,  1.59it/s, loss=0.7498]Trial 0 Ep7:  54%|██████████████████████████████████████▏                                | 42/78 [00:26<00:22,  1.61it/s, loss=0.7498]Trial 0 Ep7:  54%|██████████████████████████████████████▏                                | 42/78 [00:26<00:22,  1.61it/s, loss=0.6739]Trial 0 Ep7:  55%|███████████████████████████████████████▏                               | 43/78 [00:26<00:18,  1.87it/s, loss=0.6739]Trial 0 Ep7:  55%|███████████████████████████████████████▏                               | 43/78 [00:27<00:18,  1.87it/s, loss=0.7021]Trial 0 Ep7:  56%|████████████████████████████████████████                               | 44/78 [00:27<00:19,  1.78it/s, loss=0.7021]Trial 0 Ep7:  56%|████████████████████████████████████████                               | 44/78 [00:28<00:19,  1.78it/s, loss=0.6706]Trial 0 Ep7:  58%|████████████████████████████████████████▉                              | 45/78 [00:28<00:21,  1.53it/s, loss=0.6706]Trial 0 Ep7:  58%|████████████████████████████████████████▉                              | 45/78 [00:29<00:21,  1.53it/s, loss=0.8467]Trial 0 Ep7:  59%|█████████████████████████████████████████▊                             | 46/78 [00:29<00:20,  1.53it/s, loss=0.8467]Trial 0 Ep7:  59%|█████████████████████████████████████████▊                             | 46/78 [00:29<00:20,  1.53it/s, loss=0.7161]Trial 0 Ep7:  60%|██████████████████████████████████████████▊                            | 47/78 [00:29<00:20,  1.52it/s, loss=0.7161]Trial 0 Ep7:  60%|██████████████████████████████████████████▊                            | 47/78 [00:30<00:20,  1.52it/s, loss=0.7050]Trial 0 Ep7:  62%|███████████████████████████████████████████▋                           | 48/78 [00:30<00:19,  1.53it/s, loss=0.7050]Trial 0 Ep7:  62%|███████████████████████████████████████████▋                           | 48/78 [00:31<00:19,  1.53it/s, loss=0.6706]Trial 0 Ep7:  63%|████████████████████████████████████████████▌                          | 49/78 [00:31<00:18,  1.54it/s, loss=0.6706]Trial 0 Ep7:  63%|████████████████████████████████████████████▌                          | 49/78 [00:31<00:18,  1.54it/s, loss=0.8098]Trial 0 Ep7:  64%|█████████████████████████████████████████████▌                         | 50/78 [00:31<00:17,  1.57it/s, loss=0.8098]Trial 0 Ep7:  64%|█████████████████████████████████████████████▌                         | 50/78 [00:32<00:17,  1.57it/s, loss=0.8167]Trial 0 Ep7:  65%|██████████████████████████████████████████████▍                        | 51/78 [00:32<00:17,  1.58it/s, loss=0.8167]Trial 0 Ep7:  65%|██████████████████████████████████████████████▍                        | 51/78 [00:32<00:17,  1.58it/s, loss=0.7924]Trial 0 Ep7:  67%|███████████████████████████████████████████████▎                       | 52/78 [00:32<00:16,  1.57it/s, loss=0.7924]Trial 0 Ep7:  67%|███████████████████████████████████████████████▎                       | 52/78 [00:33<00:16,  1.57it/s, loss=0.7607]Trial 0 Ep7:  68%|████████████████████████████████████████████████▏                      | 53/78 [00:33<00:16,  1.54it/s, loss=0.7607]Trial 0 Ep7:  68%|████████████████████████████████████████████████▏                      | 53/78 [00:34<00:16,  1.54it/s, loss=0.6895]Trial 0 Ep7:  69%|█████████████████████████████████████████████████▏                     | 54/78 [00:34<00:15,  1.58it/s, loss=0.6895]Trial 0 Ep7:  69%|█████████████████████████████████████████████████▏                     | 54/78 [00:34<00:15,  1.58it/s, loss=0.6997]Trial 0 Ep7:  71%|██████████████████████████████████████████████████                     | 55/78 [00:34<00:14,  1.57it/s, loss=0.6997]Trial 0 Ep7:  71%|██████████████████████████████████████████████████                     | 55/78 [00:35<00:14,  1.57it/s, loss=0.6808]Trial 0 Ep7:  72%|██████████████████████████████████████████████████▉                    | 56/78 [00:35<00:13,  1.58it/s, loss=0.6808]Trial 0 Ep7:  72%|██████████████████████████████████████████████████▉                    | 56/78 [00:36<00:13,  1.58it/s, loss=0.7084]Trial 0 Ep7:  73%|███████████████████████████████████████████████████▉                   | 57/78 [00:36<00:13,  1.58it/s, loss=0.7084]Trial 0 Ep7:  73%|███████████████████████████████████████████████████▉                   | 57/78 [00:36<00:13,  1.58it/s, loss=0.7742]Trial 0 Ep7:  74%|████████████████████████████████████████████████████▊                  | 58/78 [00:36<00:12,  1.59it/s, loss=0.7742]Trial 0 Ep7:  74%|████████████████████████████████████████████████████▊                  | 58/78 [00:37<00:12,  1.59it/s, loss=0.6723]Trial 0 Ep7:  76%|█████████████████████████████████████████████████████▋                 | 59/78 [00:37<00:11,  1.59it/s, loss=0.6723]Trial 0 Ep7:  76%|█████████████████████████████████████████████████████▋                 | 59/78 [00:37<00:11,  1.59it/s, loss=0.7588]Trial 0 Ep7:  77%|██████████████████████████████████████████████████████▌                | 60/78 [00:37<00:11,  1.59it/s, loss=0.7588]Trial 0 Ep7:  77%|██████████████████████████████████████████████████████▌                | 60/78 [00:38<00:11,  1.59it/s, loss=0.6994]Trial 0 Ep7:  78%|███████████████████████████████████████████████████████▌               | 61/78 [00:38<00:10,  1.57it/s, loss=0.6994]Trial 0 Ep7:  78%|███████████████████████████████████████████████████████▌               | 61/78 [00:39<00:10,  1.57it/s, loss=0.7098]Trial 0 Ep7:  79%|████████████████████████████████████████████████████████▍              | 62/78 [00:39<00:10,  1.57it/s, loss=0.7098]Trial 0 Ep7:  79%|████████████████████████████████████████████████████████▍              | 62/78 [00:39<00:10,  1.57it/s, loss=0.6910]Trial 0 Ep7:  81%|█████████████████████████████████████████████████████████▎             | 63/78 [00:39<00:09,  1.58it/s, loss=0.6910]Trial 0 Ep7:  81%|█████████████████████████████████████████████████████████▎             | 63/78 [00:40<00:09,  1.58it/s, loss=0.6822]Trial 0 Ep7:  82%|██████████████████████████████████████████████████████████▎            | 64/78 [00:40<00:08,  1.58it/s, loss=0.6822]Trial 0 Ep7:  82%|██████████████████████████████████████████████████████████▎            | 64/78 [00:41<00:08,  1.58it/s, loss=0.7035]Trial 0 Ep7:  83%|███████████████████████████████████████████████████████████▏           | 65/78 [00:41<00:08,  1.58it/s, loss=0.7035]Trial 0 Ep7:  83%|███████████████████████████████████████████████████████████▏           | 65/78 [00:41<00:08,  1.58it/s, loss=0.8135]Trial 0 Ep7:  85%|████████████████████████████████████████████████████████████           | 66/78 [00:41<00:07,  1.57it/s, loss=0.8135]Trial 0 Ep7:  85%|████████████████████████████████████████████████████████████           | 66/78 [00:42<00:07,  1.57it/s, loss=0.7591]Trial 0 Ep7:  86%|████████████████████████████████████████████████████████████▉          | 67/78 [00:42<00:07,  1.56it/s, loss=0.7591]Trial 0 Ep7:  86%|████████████████████████████████████████████████████████████▉          | 67/78 [00:43<00:07,  1.56it/s, loss=0.7093]Trial 0 Ep7:  87%|█████████████████████████████████████████████████████████████▉         | 68/78 [00:43<00:06,  1.58it/s, loss=0.7093]Trial 0 Ep7:  87%|█████████████████████████████████████████████████████████████▉         | 68/78 [00:43<00:06,  1.58it/s, loss=0.8122]Trial 0 Ep7:  88%|██████████████████████████████████████████████████████████████▊        | 69/78 [00:43<00:05,  1.57it/s, loss=0.8122]Trial 0 Ep7:  88%|██████████████████████████████████████████████████████████████▊        | 69/78 [00:44<00:05,  1.57it/s, loss=0.6720]Trial 0 Ep7:  90%|███████████████████████████████████████████████████████████████▋       | 70/78 [00:44<00:05,  1.55it/s, loss=0.6720]Trial 0 Ep7:  90%|███████████████████████████████████████████████████████████████▋       | 70/78 [00:45<00:05,  1.55it/s, loss=0.6668]Trial 0 Ep7:  91%|████████████████████████████████████████████████████████████████▋      | 71/78 [00:45<00:04,  1.55it/s, loss=0.6668]Trial 0 Ep7:  91%|████████████████████████████████████████████████████████████████▋      | 71/78 [00:45<00:04,  1.55it/s, loss=0.7038]Trial 0 Ep7:  92%|█████████████████████████████████████████████████████████████████▌     | 72/78 [00:45<00:03,  1.58it/s, loss=0.7038]Trial 0 Ep7:  92%|█████████████████████████████████████████████████████████████████▌     | 72/78 [00:46<00:03,  1.58it/s, loss=0.7033]Trial 0 Ep7:  94%|██████████████████████████████████████████████████████████████████▍    | 73/78 [00:46<00:03,  1.60it/s, loss=0.7033]Trial 0 Ep7:  94%|██████████████████████████████████████████████████████████████████▍    | 73/78 [00:46<00:03,  1.60it/s, loss=0.7010]Trial 0 Ep7:  95%|███████████████████████████████████████████████████████████████████▎   | 74/78 [00:46<00:02,  1.60it/s, loss=0.7010]Trial 0 Ep7:  95%|███████████████████████████████████████████████████████████████████▎   | 74/78 [00:47<00:02,  1.60it/s, loss=0.6820]Trial 0 Ep7:  96%|████████████████████████████████████████████████████████████████████▎  | 75/78 [00:47<00:01,  1.60it/s, loss=0.6820]Trial 0 Ep7:  96%|████████████████████████████████████████████████████████████████████▎  | 75/78 [00:48<00:01,  1.60it/s, loss=0.7121]Trial 0 Ep7:  97%|█████████████████████████████████████████████████████████████████████▏ | 76/78 [00:48<00:01,  1.58it/s, loss=0.7121]Trial 0 Ep7:  97%|█████████████████████████████████████████████████████████████████████▏ | 76/78 [00:48<00:01,  1.58it/s, loss=0.7027]Trial 0 Ep7:  99%|██████████████████████████████████████████████████████████████████████ | 77/78 [00:48<00:00,  1.57it/s, loss=0.7027]Trial 0 Ep7:  99%|██████████████████████████████████████████████████████████████████████ | 77/78 [00:49<00:00,  1.57it/s, loss=0.7105]Trial 0 Ep7: 100%|███████████████████████████████████████████████████████████████████████| 78/78 [00:49<00:00,  1.61it/s, loss=0.7105]                                                                                                                                      [I 2026-02-23 16:02:17,661] Trial 0 finished with value: 0.5595667870036101 and parameters: {'lora_alpha': 0.01, 'target_ab_lr': 0.03}. Best is trial 0 with value: 0.5595667870036101.
[Trial 0] Epoch   7 | Metric:   0.54% | Best:   0.56% | Loss: 0.9090 | LR: 3.82e-04 | No imp: 3/3
[Trial 0] Early stopping at epoch 7 (no improvement for 3 epochs)

[Trial 0] Finished - Best F1: 0.56%
======================================================================

[Trial 0] GPU cache cleared

======================================================================
Trial 1 Starting
======================================================================
  rank=16, transfer_ever