Trial 4 Ep5:   0%|                                                                                             | 0/78 [00:00<?, ?it/s]Trial 4 Ep5:   0%|                                                                           | 0/78 [00:01<?, ?it/s, loss=102270.6484]Trial 4 Ep5:   1%|▊                                                                  | 1/78 [00:01<02:29,  1.94s/it, loss=102270.6484]Trial 4 Ep5:   1%|▉                                                                    | 1/78 [00:03<02:29,  1.94s/it, loss=7011.2734]Trial 4 Ep5:   3%|█▊                                                                   | 2/78 [00:03<02:18,  1.83s/it, loss=7011.2734]Trial 4 Ep5:   3%|█▊                                                                   | 2/78 [00:04<02:18,  1.83s/it, loss=1433.2257]Trial 4 Ep5:   4%|██▋                                                                  | 3/78 [00:04<01:54,  1.53s/it, loss=1433.2257]Trial 4 Ep5:   4%|██▌                                                                | 3/78 [00:06<01:54,  1.53s/it, loss=273629.3750]Trial 4 Ep5:   5%|███▍                                                               | 4/78 [00:06<02:08,  1.73s/it, loss=273629.3750]Trial 4 Ep5:   5%|███▍                                                              | 4/78 [00:09<02:08,  1.73s/it, loss=1059266.6250]Trial 4 Ep5:   6%|████▏                                                             | 5/78 [00:09<02:39,  2.18s/it, loss=1059266.6250]Trial 4 Ep5:   6%|████▎                                                              | 5/78 [00:11<02:39,  2.18s/it, loss=390528.9375]Trial 4 Ep5:   8%|█████▏                                                             | 6/78 [00:11<02:29,  2.08s/it, loss=390528.9375]Trial 4 Ep5:   8%|█████▏                                                              | 6/78 [00:13<02:29,  2.08s/it, loss=17402.5742]Trial 4 Ep5:   9%|██████                                                              | 7/78 [00:13<02:11,  1.85s/it, loss=17402.5742]Trial 4 Ep5:   9%|██████▎                                                               | 7/78 [00:14<02:11,  1.85s/it, loss=631.4265]Trial 4 Ep5:  10%|███████▏                                                              | 8/78 [00:14<01:56,  1.66s/it, loss=631.4265]Trial 4 Ep5:  10%|██████▊                                                            | 8/78 [00:16<01:56,  1.66s/it, loss=772051.6875]Trial 4 Ep5:  12%|███████▋                                                           | 9/78 [00:16<02:05,  1.82s/it, loss=772051.6875]Trial 4 Ep5:  12%|███████▋                                                           | 9/78 [00:18<02:05,  1.82s/it, loss=531350.3750]Trial 4 Ep5:  13%|████████▍                                                         | 10/78 [00:18<02:08,  1.89s/it, loss=531350.3750]Trial 4 Ep5:  13%|████████▌                                                          | 10/78 [00:19<02:08,  1.89s/it, loss=68561.8125]Trial 4 Ep5:  14%|█████████▍                                                         | 11/78 [00:19<01:55,  1.73s/it, loss=68561.8125]Trial 4 Ep5:  14%|█████████▎                                                        | 11/78 [00:22<01:55,  1.73s/it, loss=231946.3125]Trial 4 Ep5:  15%|██████████▏                                                       | 12/78 [00:22<02:17,  2.08s/it, loss=231946.3125]Trial 4 Ep5:  15%|██████████▎                                                        | 12/78 [00:24<02:17,  2.08s/it, loss=29246.6973]Trial 4 Ep5:  17%|███████████▏                                                       | 13/78 [00:24<02:08,  1.97s/it, loss=29246.6973]Trial 4 Ep5:  17%|███████████▏                                                       | 13/78 [00:26<02:08,  1.97s/it, loss=25478.0195]Trial 4 Ep5:  18%|████████████                                                       | 14/78 [00:26<02:02,  1.92s/it, loss=25478.0195]Trial 4 Ep5:  18%|███████████▊                                                      | 14/78 [00:28<02:02,  1.92s/it, loss=241085.5000]Trial 4 Ep5:  19%|████████████▋                                                     | 15/78 [00:28<02:03,  1.96s/it, loss=241085.5000]Trial 4 Ep5:  19%|████████████▋                                                     | 15/78 [00:30<02:03,  1.96s/it, loss=160047.6875]Trial 4 Ep5:  21%|█████████████▌                                                    | 16/78 [00:30<01:58,  1.90s/it, loss=160047.6875]Trial 4 Ep5:  21%|█████████████▉                                                      | 16/78 [00:31<01:58,  1.90s/it, loss=3784.3545]Trial 4 Ep5:  22%|██████████████▊                                                     | 17/78 [00:31<01:48,  1.78s/it, loss=3784.3545]Trial 4 Ep5:  22%|██████████████▍                                                   | 17/78 [00:34<01:48,  1.78s/it, loss=419785.0000]Trial 4 Ep5:  23%|███████████████▏                                                  | 18/78 [00:34<01:57,  1.97s/it, loss=419785.0000]Trial 4 Ep5:  23%|███████████████▍                                                   | 18/78 [00:36<01:57,  1.97s/it, loss=93917.2344]Trial 4 Ep5:  24%|████████████████▎                                                  | 19/78 [00:36<02:06,  2.15s/it, loss=93917.2344]Trial 4 Ep5:  24%|████████████████▎                                                  | 19/78 [00:38<02:06,  2.15s/it, loss=13307.5000]Trial 4 Ep5:  26%|█████████████████▏                                                 | 20/78 [00:38<02:02,  2.11s/it, loss=13307.5000]Trial 4 Ep5:  26%|█████████████████▏                                                 | 20/78 [00:40<02:02,  2.11s/it, loss=14307.2539]Trial 4 Ep5:  27%|██████████████████                                                 | 21/78 [00:40<02:02,  2.15s/it, loss=14307.2539]Trial 4 Ep5:  27%|██████████████████                                                 | 21/78 [00:42<02:02,  2.15s/it, loss=99386.7266]Trial 4 Ep5:  28%|██████████████████▉                                                | 22/78 [00:42<01:58,  2.11s/it, loss=99386.7266]Trial 4 Ep5:  28%|██████████████████▉                                                | 22/78 [00:44<01:58,  2.11s/it, loss=22000.8711]Trial 4 Ep5:  29%|███████████████████▊                                               | 23/78 [00:44<01:53,  2.06s/it, loss=22000.8711]Trial 4 Ep5:  29%|███████████████████▍                                              | 23/78 [00:47<01:53,  2.06s/it, loss=242838.9375]Trial 4 Ep5:  31%|████████████████████▎                                             | 24/78 [00:47<01:53,  2.11s/it, loss=242838.9375]Trial 4 Ep5:  31%|████████████████████▉                                               | 24/78 [00:48<01:53,  2.11s/it, loss=8257.8711]Trial 4 Ep5:  32%|█████████████████████▊                                              | 25/78 [00:48<01:41,  1.91s/it, loss=8257.8711]Trial 4 Ep5:  32%|█████████████████████▊                                              | 25/78 [00:50<01:41,  1.91s/it, loss=3840.5493]Trial 4 Ep5:  33%|██████████████████████▋                                             | 26/78 [00:50<01:33,  1.80s/it, loss=3840.5493]Trial 4 Ep5:  33%|██████████████████████                                            | 26/78 [00:52<01:33,  1.80s/it, loss=159696.4062]Trial 4 Ep5:  35%|██████████████████████▊                                           | 27/78 [00:52<01:35,  1.88s/it, loss=159696.4062]Trial 4 Ep5:  35%|███████████████████████▏                                           | 27/78 [00:54<01:35,  1.88s/it, loss=89979.8203]Trial 4 Ep5:  36%|████████████████████████                                           | 28/78 [00:54<01:40,  2.02s/it, loss=89979.8203]Trial 4 Ep5:  36%|███████████████████████▋                                          | 28/78 [00:56<01:40,  2.02s/it, loss=180567.3125]Trial 4 Ep5:  37%|████████████████████████▌                                         | 29/78 [00:56<01:44,  2.13s/it, loss=180567.3125]Trial 4 Ep5:  37%|████████████████████████▌                                         | 29/78 [00:58<01:44,  2.13s/it, loss=207519.4844]Trial 4 Ep5:  38%|█████████████████████████▍                                        | 30/78 [00:58<01:40,  2.09s/it, loss=207519.4844]Trial 4 Ep5:  38%|█████████████████████████▊                                         | 30/78 [01:00<01:40,  2.09s/it, loss=60682.2188]Trial 4 Ep5:  40%|██████████████████████████▋                                        | 31/78 [01:00<01:34,  2.02s/it, loss=60682.2188]Trial 4 Ep5:  40%|██████████████████████████▋                                        | 31/78 [01:02<01:34,  2.02s/it, loss=38744.8711]Trial 4 Ep5:  41%|███████████████████████████▍                                       | 32/78 [01:02<01:29,  1.94s/it, loss=38744.8711]Trial 4 Ep5:  41%|███████████████████████████                                       | 32/78 [01:04<01:29,  1.94s/it, loss=331278.1875]Trial 4 Ep5:  42%|███████████████████████████▉                                      | 33/78 [01:04<01:25,  1.90s/it, loss=331278.1875]Trial 4 Ep5:  42%|███████████████████████████▉                                      | 33/78 [01:07<01:25,  1.90s/it, loss=319765.2188]Trial 4 Ep5:  44%|████████████████████████████▊                                     | 34/78 [01:07<01:39,  2.27s/it, loss=319765.2188]Trial 4 Ep5:  44%|████████████████████████████▊                                     | 34/78 [01:09<01:39,  2.27s/it, loss=690902.3125]Trial 4 Ep5:  45%|█████████████████████████████▌                                    | 35/78 [01:09<01:33,  2.18s/it, loss=690902.3125]Trial 4 Ep5:  45%|█████████████████████████████▌                                    | 35/78 [01:11<01:33,  2.18s/it, loss=123854.1328]Trial 4 Ep5:  46%|██████████████████████████████▍                                   | 36/78 [01:11<01:32,  2.21s/it, loss=123854.1328]Trial 4 Ep5:  46%|██████████████████████████████▉                                    | 36/78 [01:13<01:32,  2.21s/it, loss=59644.6484]Trial 4 Ep5:  47%|███████████████████████████████▊                                   | 37/78 [01:13<01:30,  2.21s/it, loss=59644.6484]Trial 4 Ep5:  47%|███████████████████████████████▎                                  | 37/78 [01:15<01:30,  2.21s/it, loss=536345.5000]Trial 4 Ep5:  49%|████████████████████████████████▏                                 | 38/78 [01:15<01:23,  2.10s/it, loss=536345.5000]Trial 4 Ep5:  49%|███████████████████████████████▋                                 | 38/78 [01:17<01:23,  2.10s/it, loss=1105990.7500]Trial 4 Ep5:  50%|████████████████████████████████▌                                | 39/78 [01:17<01:22,  2.11s/it, loss=1105990.7500]Trial 4 Ep5:  50%|█████████████████████████████████                                 | 39/78 [01:20<01:22,  2.11s/it, loss=535267.2500]Trial 4 Ep5:  51%|█████████████████████████████████▊                                | 40/78 [01:20<01:25,  2.26s/it, loss=535267.2500]Trial 4 Ep5:  51%|█████████████████████████████████▊                                | 40/78 [01:23<01:25,  2.26s/it, loss=954128.6250]Trial 4 Ep5:  53%|██████████████████████████████████▋                               | 41/78 [01:23<01:27,  2.36s/it, loss=954128.6250]Trial 4 Ep5:  53%|██████████████████████████████████▋                               | 41/78 [01:25<01:27,  2.36s/it, loss=219896.1562]Trial 4 Ep5:  54%|███████████████████████████████████▌                              | 42/78 [01:25<01:27,  2.44s/it, loss=219896.1562]Trial 4 Ep5:  54%|███████████████████████████████████▌                              | 42/78 [01:27<01:27,  2.44s/it, loss=132358.5000]Trial 4 Ep5:  55%|████████████████████████████████████▍                             | 43/78 [01:27<01:19,  2.28s/it, loss=132358.5000]Trial 4 Ep5:  55%|██████████████████████████████████████                               | 43/78 [01:28<01:19,  2.28s/it, loss=669.6818]Trial 4 Ep5:  56%|██████████████████████████████████████▉                              | 44/78 [01:28<01:05,  1.92s/it, loss=669.6818]Trial 4 Ep5:  56%|█████████████████████████████████████▏                            | 44/78 [01:30<01:05,  1.92s/it, loss=456586.3750]Trial 4 Ep5:  58%|██████████████████████████████████████                            | 45/78 [01:30<01:02,  1.89s/it, loss=456586.3750]Trial 4 Ep5:  58%|███████████████████████████████████████▏                            | 45/78 [01:31<01:02,  1.89s/it, loss=7978.2822]Trial 4 Ep5:  59%|████████████████████████████████████████                            | 46/78 [01:31<00:55,  1.72s/it, loss=7978.2822]Trial 4 Ep5:  59%|███████████████████████████████████████▌                           | 46/78 [01:34<00:55,  1.72s/it, loss=86351.5938]Trial 4 Ep5:  60%|████████████████████████████████████████▎                          | 47/78 [01:34<00:58,  1.88s/it, loss=86351.5938]Trial 4 Ep5:  60%|███████████████████████████████████████▊                          | 47/78 [01:37<00:58,  1.88s/it, loss=241440.3438]Trial 4 Ep5:  62%|████████████████████████████████████████▌                         | 48/78 [01:37<01:05,  2.19s/it, loss=241440.3438]Trial 4 Ep5:  62%|█████████████████████████████████████████▏                         | 48/78 [01:39<01:05,  2.19s/it, loss=92355.2422]Trial 4 Ep5:  63%|██████████████████████████████████████████                         | 49/78 [01:39<01:04,  2.24s/it, loss=92355.2422]Trial 4 Ep5:  63%|██████████████████████████████████████████                         | 49/78 [01:41<01:04,  2.24s/it, loss=60584.3438]Trial 4 Ep5:  64%|██████████████████████████████████████████▉                        | 50/78 [01:41<01:02,  2.22s/it, loss=60584.3438]Trial 4 Ep5:  64%|███████████████████████████████████████████▌                        | 50/78 [01:43<01:02,  2.22s/it, loss=4502.7832]Trial 4 Ep5:  65%|████████████████████████████████████████████▍                       | 51/78 [01:43<00:54,  2.00s/it, loss=4502.7832]Trial 4 Ep5:  65%|███████████████████████████████████████████▊                       | 51/78 [01:45<00:54,  2.00s/it, loss=24036.5508]Trial 4 Ep5:  67%|████████████████████████████████████████████▋                      | 52/78 [01:45<00:53,  2.06s/it, loss=24036.5508]Trial 4 Ep5:  67%|████████████████████████████████████████████▋                      | 52/78 [01:47<00:53,  2.06s/it, loss=66577.1875]Trial 4 Ep5:  68%|█████████████████████████████████████████████▌                     | 53/78 [01:47<00:51,  2.04s/it, loss=66577.1875]Trial 4 Ep5:  68%|████████████████████████████████████████████▊                     | 53/78 [01:49<00:51,  2.04s/it, loss=182155.2188]Trial 4 Ep5:  69%|█████████████████████████████████████████████▋                    | 54/78 [01:49<00:48,  2.03s/it, loss=182155.2188]Trial 4 Ep5:  69%|███████████████████████████████████████████████                     | 54/78 [01:51<00:48,  2.03s/it, loss=5921.3936]Trial 4 Ep5:  71%|███████████████████████████████████████████████▉                    | 55/78 [01:51<00:45,  1.98s/it, loss=5921.3936]Trial 4 Ep5:  71%|██████████████████████████████████████████████▌                   | 55/78 [01:52<00:45,  1.98s/it, loss=274210.1875]Trial 4 Ep5:  72%|███████████████████████████████████████████████▍                  | 56/78 [01:52<00:39,  1.82s/it, loss=274210.1875]Trial 4 Ep5:  72%|████████████████████████████████████████████████                   | 56/78 [01:54<00:39,  1.82s/it, loss=65118.5977]Trial 4 Ep5:  73%|████████████████████████████████████████████████▉                  | 57/78 [01:54<00:41,  1.96s/it, loss=65118.5977]Trial 4 Ep5:  73%|████████████████████████████████████████████████▏                 | 57/78 [01:57<00:41,  1.96s/it, loss=185308.9688]Trial 4 Ep5:  74%|█████████████████████████████████████████████████                 | 58/78 [01:57<00:42,  2.13s/it, loss=185308.9688]Trial 4 Ep5:  74%|█████████████████████████████████████████████████▊                 | 58/78 [01:58<00:42,  2.13s/it, loss=90066.5859]Trial 4 Ep5:  76%|██████████████████████████████████████████████████▋                | 59/78 [01:58<00:35,  1.88s/it, loss=90066.5859]Trial 4 Ep5:  76%|███████████████████████████████████████████████████▍                | 59/78 [01:59<00:35,  1.88s/it, loss=1160.4963]Trial 4 Ep5:  77%|████████████████████████████████████████████████████▎               | 60/78 [01:59<00:30,  1.71s/it, loss=1160.4963]Trial 4 Ep5:  77%|██████████████████████████████████████████████████▊               | 60/78 [02:02<00:30,  1.71s/it, loss=119378.5469]Trial 4 Ep5:  78%|███████████████████████████████████████████████████▌              | 61/78 [02:02<00:31,  1.85s/it, loss=119378.5469]Trial 4 Ep5:  78%|████████████████████████████████████████████████████▍              | 61/78 [02:04<00:31,  1.85s/it, loss=80743.6719]Trial 4 Ep5:  79%|█████████████████████████████████████████████████████▎             | 62/78 [02:04<00:30,  1.91s/it, loss=80743.6719]Trial 4 Ep5:  79%|██████████████████████████████████████████████████████              | 62/78 [02:05<00:30,  1.91s/it, loss=6494.6699]Trial 4 Ep5:  81%|██████████████████████████████████████████████████████▉             | 63/78 [02:05<00:27,  1.85s/it, loss=6494.6699]Trial 4 Ep5:  81%|█████████████████████████████████████████████████████▎            | 63/78 [02:08<00:27,  1.85s/it, loss=175187.8125]Trial 4 Ep5:  82%|██████████████████████████████████████████████████████▏           | 64/78 [02:08<00:28,  2.00s/it, loss=175187.8125]Trial 4 Ep5:  82%|█████████████████████████████████████████████████████████▍            | 64/78 [02:09<00:28,  2.00s/it, loss=44.2920]Trial 4 Ep5:  83%|██████████████████████████████████████████████████████████▎           | 65/78 [02:09<00:21,  1.62s/it, loss=44.2920]Trial 4 Ep5:  83%|███████████████████████████████████████████████████████████▏           | 65/78 [02:09<00:21,  1.62s/it, loss=1.0526]Trial 4 Ep5:  85%|████████████████████████████████████████████████████████████           | 66/78 [02:09<00:16,  1.33s/it, loss=1.0526]Trial 4 Ep5:  85%|████████████████████████████████████████████████████████████           | 66/78 [02:10<00:16,  1.33s/it, loss=0.7371]Trial 4 Ep5:  86%|████████████████████████████████████████████████████████████▉          | 67/78 [02:10<00:12,  1.13s/it, loss=0.7371]Trial 4 Ep5:  86%|████████████████████████████████████████████████████████████▉          | 67/78 [02:11<00:12,  1.13s/it, loss=0.6673]Trial 4 Ep5:  87%|█████████████████████████████████████████████████████████████▉         | 68/78 [02:11<00:09,  1.00it/s, loss=0.6673]Trial 4 Ep5:  87%|███████████████████████████████████████████████████████████▎        | 68/78 [02:11<00:09,  1.00it/s, loss=1047.2510]Trial 4 Ep5:  88%|████████████████████████████████████████████████████████████▏       | 69/78 [02:11<00:08,  1.11it/s, loss=1047.2510]Trial 4 Ep5:  88%|██████████████████████████████████████████████████████████████▊        | 69/78 [02:12<00:08,  1.11it/s, loss=0.8430]Trial 4 Ep5:  90%|███████████████████████████████████████████████████████████████▋       | 70/78 [02:12<00:06,  1.20it/s, loss=0.8430]Trial 4 Ep5:  90%|███████████████████████████████████████████████████████████████▋       | 70/78 [02:13<00:06,  1.20it/s, loss=0.7127]Trial 4 Ep5:  91%|████████████████████████████████████████████████████████████████▋      | 71/78 [02:13<00:05,  1.27it/s, loss=0.7127]Trial 4 Ep5:  91%|████████████████████████████████████████████████████████████████▋      | 71/78 [02:13<00:05,  1.27it/s, loss=0.6982]Trial 4 Ep5:  92%|█████████████████████████████████████████████████████████████████▌     | 72/78 [02:13<00:04,  1.34it/s, loss=0.6982]Trial 4 Ep5:  92%|█████████████████████████████████████████████████████████████████▌     | 72/78 [02:14<00:04,  1.34it/s, loss=0.7262]Trial 4 Ep5:  94%|██████████████████████████████████████████████████████████████████▍    | 73/78 [02:14<00:03,  1.39it/s, loss=0.7262]Trial 4 Ep5:  94%|██████████████████████████████████████████████████████████████████▍    | 73/78 [02:15<00:03,  1.39it/s, loss=0.8618]Trial 4 Ep5:  95%|███████████████████████████████████████████████████████████████████▎   | 74/78 [02:15<00:02,  1.42it/s, loss=0.8618]Trial 4 Ep5:  95%|███████████████████████████████████████████████████████████████████▎   | 74/78 [02:15<00:02,  1.42it/s, loss=0.6812]Trial 4 Ep5:  96%|████████████████████████████████████████████████████████████████████▎  | 75/78 [02:15<00:02,  1.44it/s, loss=0.6812]Trial 4 Ep5:  96%|████████████████████████████████████████████████████████████████████▎  | 75/78 [02:16<00:02,  1.44it/s, loss=0.7052]Trial 4 Ep5:  97%|█████████████████████████████████████████████████████████████████████▏ | 76/78 [02:16<00:01,  1.45it/s, loss=0.7052]Trial 4 Ep5:  97%|█████████████████████████████████████████████████████████████████████▏ | 76/78 [02:17<00:01,  1.45it/s, loss=0.6480]Trial 4 Ep5:  99%|██████████████████████████████████████████████████████████████████████ | 77/78 [02:17<00:00,  1.45it/s, loss=0.6480]Trial 4 Ep5:  99%|██████████████████████████████████████████████████████████████████████ | 77/78 [02:17<00:00,  1.45it/s, loss=0.7849]Trial 4 Ep5: 100%|███████████████████████████████████████████████████████████████████████| 78/78 [02:17<00:00,  1.45it/s, loss=0.7849]                                                                                                                                      [I 2026-02-23 16:24:06,357] Trial 4 finished with value: 0.5270758122743683 and parameters: {'lora_alpha': 0.0017073967431528124, 'target_ab_lr': 0.29154431891537513}. Best is trial 0 with value: 0.5595667870036101.
[Trial 4] Epoch   5 | Metric:   0.47% | Best:   0.53% | Loss: 164204.0906 | LR: 5.74e-04 | No imp: 3/3
[Trial 4] Early stopping at epoch 5 (no improvement for 3 epochs)

[Trial 4] Finished - Best F1: 0.53%
======================================================================

[Trial 4] GPU cache cleared

======================================================================
Trial 5 Starting
==========================================================