Trial 5 Ep1:   0%|                                                                                            | 0/115 [00:00<?, ?it/s]Trial 5 Ep1:   0%|                                                                         | 0/115 [00:00<?, ?it/s, loss=3484769.5000]Trial 5 Ep1:   1%|▌                                                                | 1/115 [00:00<01:48,  1.05it/s, loss=3484769.5000]Trial 5 Ep1:   1%|▌                                                                | 1/115 [00:01<01:48,  1.05it/s, loss=4156288.7500]Trial 5 Ep1:   2%|█▏                                                               | 2/115 [00:01<01:12,  1.56it/s, loss=4156288.7500]Trial 5 Ep1:   2%|█                                                             | 2/115 [00:02<01:12,  1.56it/s, loss=1766423808.0000]Trial 5 Ep1:   3%|█▌                                                            | 3/115 [00:02<01:26,  1.29it/s, loss=1766423808.0000]                                                                                                                                      [I 2026-02-24 13:40:18,556] Trial 5 finished with value: 0.0 and parameters: {'learning_rate': 0.007234275772466259, 'target_ab_lr': 0.006251373574521752}. Best is trial 1 with value: 0.0.

  [NaN/Inf detected at batch 3] Aborting trial.
[Trial 5] GPU cache cleared

======================================================================
Trial 6 Starting
======================================================================
  rank=8, transfer_every=10000000, transfer_lr=1.0000e-01
  lora_alpha=1.0000, lr=1.0200e-03, wd=0.00e+00
  target_ab_lr=0.0003, lr_multiplier=0.287988
  effective_ab_lr = lr*alpha*mult = 0.0003
  momentum=0.00, nesterov=False, reinit_mode=decay
  tau_sec=0.0, optimizer=AnalogAdam
======================================================================
huggingface/tokenizers: The current process just got forked, after parallelism has already been used. Disabling parallelism to avoid deadlocks...
To disable this warning, you can either:
	- Avoid using `tokenizers` before the fork if possible
	- Explicitly set the environment variable TOKENIZERS_PARALLELISM=(true | false)
Some weights of MobileBertForSequenceClassification were not initialized from the model checkpoint at google/mobilebert-uncased and are newly initialized: ['classifier.bias', 'classifier.weight']
You should probably TRAIN this model on a down-stream task to be able to use it for predictions and inference.
  [FIX] Reinitialized classifier with FIXED seed=42
  LRTT Analog layers: 96, Total params: 21,842,978, Trainable (before grad set): 21,830,690
  Trainable (after grad set): 13,602
  LoRA target: qkv -> ['attention.self.query', 'attention.self.key', 'attention.self.value', 'attention.output.dense']

Optimizer configuration:
  Forward scaling (lora_alpha): 1.0
  Classifier LR: 0.001020022379352661
  LRTT LR (optimizer): 0.00029375384576328325 (= 0.001020022379352661 * 0.28798764782955927)
  Effective A,B LR: 0.00029375384576328325 (= 0.00029375384576328325 * 1.0)
  LRTT_LR_MULTIPLIER: 0.28798764782955927
  LRTT tile params: 288
  Other params: 98
  Collected 96 tile_c contexts for post-step reset
  Collected 192 tile_a/b contexts for post-step reset
  AB LR Warmup: 1e-07 → 3e-04 over 40 steps
Trial 6 Ep1:   0%|                                                                                            | 0/115 [00:00<?, ?it/s]Trial 6 Ep1:   0%|                                                                         | 0/115 [00:00<?, ?it/s, loss=4323402.5000]Trial 6 Ep1:   1%|▌                                                                | 1/115 [00:00<01:43,  1.10it/s, loss=4323402.5000]Trial 6 Ep1:   1%|▌                                                                | 1/115 [00:01<01:43,  1.10it/s, loss=3774869.7500]Trial 6 Ep1:   2%|█▏                                                               | 2/115 [00:01<01:04,  1.75it/s, loss=3774869.7500]Trial 6 Ep1:   2%|█▏                                                                  | 2/115 [00:01<01:04,  1.75it/s, loss=5487.3306]Trial 6 Ep1:   3%|█▊                                                                  | 3/115 [00:01<00:43,  2.56it/s, loss=5487.3306]Trial 6 Ep1:   3%|█▊                                                                  | 3/115 [00:01<00:43,  2.56it/s, loss=4670.9019]Trial 6 Ep1:   3%|██▎                                                                 | 4/115 [00:01<00:33,  3.28it/s, loss=4670.9019]Trial 6 Ep1:   3%|██▎                                                                 | 4/115 [00:01<00:33,  3.28it/s, loss=3472.7307]Trial 6 Ep1:   4%|██▉                                                                 | 5/115 [00:01<00:28,  3.85it/s, loss=3472.7307]Trial 6 Ep1:   4%|██▉                                                                 | 5/115 [00:01<00:28,  3.85it/s, loss=2012.1837]Trial 6 Ep1:   5%|███▌                                                                | 6/115 [00:01<00:24,  4.38it/s, loss=2012.1837]Trial 6 Ep1:   5%|███▌                                                                 | 6/115 [00:02<00:24,  4.38it/s, loss=783.6196]Trial 6 Ep1:   6%|████▏                                                                | 7/115 [00:02<00:22,  4.76it/s, loss=783.6196]Trial 6 Ep1:   6%|████▏                                                                | 7/115 [00:02<00:22,  4.76it/s, loss=107.6399]Trial 6 Ep1:   7%|████▊                                                                | 8/115 [00:02<00:21,  5.05it/s, loss=107.6399]Trial 6 Ep1:   7%|████▊                                                                | 8/115 [00:02<00:21,  5.05it/s, loss=475.7603]Trial 6 Ep1:   8%|█████▍                                                               | 9/115 [00:02<00:20,  5.29it/s, loss=475.7603]Trial 6 Ep1:   8%|█████▍                                                               | 9/115 [00:02<00:20,  5.29it/s, loss=650.8246]Trial 6 Ep1:   9%|█████▉                                                              | 10/115 [00:02<00:19,  5.51it/s, loss=650.8246]Trial 6 Ep1:   9%|█████▉                                                              | 10/115 [00:02<00:19,  5.51it/s, loss=621.8276]Trial 6 Ep1:  10%|██████▌                                                             | 11/115 [00:02<00:18,  5.73it/s, loss=621.8276]Trial 6 Ep1:  10%|██████▌                                                             | 11/115 [00:03<00:18,  5.73it/s, loss=404.6239]Trial 6 Ep1:  10%|███████                                                             | 12/115 [00:03<00:24,  4.28it/s, loss=404.6239]Trial 6 Ep1:  10%|███████                                                             | 12/115 [00:03<00:24,  4.28it/s, loss=265.3081]Trial 6 Ep1:  11%|███████▋                                                            | 13/115 [00:03<00:21,  4.66it/s, loss=265.3081]Trial 6 Ep1:  11%|███████▊                                                             | 13/115 [00:03<00:21,  4.66it/s, loss=91.3559]Trial 6 Ep1:  12%|████████▍                                                            | 14/115 [00:03<00:20,  4.98it/s, loss=91.3559]Trial 6 Ep1:  12%|████████▍                                                            | 14/115 [00:03<00:20,  4.98it/s, loss=12.3611]Trial 6 Ep1:  13%|█████████                                                            | 15/115 [00:03<00:19,  5.25it/s, loss=12.3611]Trial 6 Ep1:  13%|████████▊                                                           | 15/115 [00:03<00:19,  5.25it/s, loss=145.8351]Trial 6 Ep1:  14%|█████████▍                                                          | 16/115 [00:03<00:18,  5.46it/s, loss=145.8351]Trial 6 Ep1:  14%|█████████▌                                                           | 16/115 [00:03<00:18,  5.46it/s, loss=40.8098]Trial 6 Ep1:  15%|██████████▏                                                          | 17/115 [00:03<00:17,  5.59it/s, loss=40.8098]Trial 6 Ep1:  15%|██████████▏                                                          | 17/115 [00:04<00:17,  5.59it/s, loss=15.3533]Trial 6 Ep1:  16%|██████████▊                                                          | 18/115 [00:04<00:16,  5.73it/s, loss=15.3533]Trial 6 Ep1:  16%|██████████▉                                                           | 18/115 [00:04<00:16,  5.73it/s, loss=6.4740]Trial 6 Ep1:  17%|███████████▌                                                          | 19/115 [00:04<00:16,  5.82it/s, loss=6.4740]Trial 6 Ep1:  17%|███████████▌                                                          | 19/115 [00:04<00:16,  5.82it/s, loss=6.7707]Trial 6 Ep1:  17%|████████████▏                                                         | 20/115 [00:04<00:16,  5.74it/s, loss=6.7707]Trial 6 Ep1:  17%|████████████▏                                                         | 20/115 [00:04<00:16,  5.74it/s, loss=4.7252]Trial 6 Ep1:  18%|████████████▊                                                         | 21/115 [00:04<00:16,  5.72it/s, loss=4.7252]Trial 6 Ep1:  18%|████████████▊                                                         | 21/115 [00:04<00:16,  5.72it/s, loss=0.9367]Trial 6 Ep1:  19%|█████████████▍                                                        | 22/115 [00:04<00:15,  5.83it/s, loss=0.9367]Trial 6 Ep1:  19%|█████████████▍                                                        | 22/115 [00:05<00:15,  5.83it/s, loss=2.9898]Trial 6 Ep1:  20%|██████████████                                                        | 23/115 [00:05<00:15,  5.87it/s, loss=2.9898]Trial 6 Ep1:  20%|██████████████                                                        | 23/115 [00:05<00:15,  5.87it/s, loss=2.9002]Trial 6 Ep1:  21%|██████████████▌                                                       | 24/115 [00:05<00:15,  5.92it/s, loss=2.9002]Trial 6 Ep1:  21%|██████████████▌                                                       | 24/115 [00:05<00:15,  5.92it/s, loss=2.4216]Trial 6 Ep1:  22%|███████████████▏                                                      | 25/115 [00:05<00:15,  5.90it/s, loss=2.4216]Trial 6 Ep1:  22%|██████████████▊                                                     | 25/115 [00:05<00:15,  5.90it/s, loss=264.5304]Trial 6 Ep1:  23%|███████████████▎                                                    | 26/115 [00:05<00:15,  5.84it/s, loss=264.5304]Trial 6 Ep1:  23%|███████████████▊                                                      | 26/115 [00:05<00:15,  5.84it/s, loss=0.7357]Trial 6 Ep1:  23%|████████████████▍                                                     | 27/115 [00:05<00:15,  5.78it/s, loss=0.7357]Trial 6 Ep1:  23%|████████████████▍                                                     | 27/115 [00:05<00:15,  5.78it/s, loss=0.9367]Trial 6 Ep1:  24%|█████████████████                                                     | 28/115 [00:05<00:15,  5.73it/s, loss=0.9367]Trial 6 Ep1:  24%|█████████████████                                                     | 28/115 [00:06<00:15,  5.73it/s, loss=1.1478]Trial 6 Ep1:  25%|█████████████████▋                                                    | 29/115 [00:06<00:15,  5.57it/s, loss=1.1478]Trial 6 Ep1:  25%|█████████████████▋                                                    | 29/115 [00:06<00:15,  5.57it/s, loss=1.5207]Trial 6 Ep1:  26%|██████████████████▎                                                   | 30/115 [00:06<00:15,  5.66it/s, loss=1.5207]Trial 6 Ep1:  26%|██████████████████▎                                                   | 30/115 [00:06<00:15,  5.66it/s, loss=1.8903]Trial 6 Ep1:  27%|██████████████████▊                                                   | 31/115 [00:06<00:14,  5.65it/s, loss=1.8903]Trial 6 Ep1:  27%|██████████████████▊                                                   | 31/115 [00:06<00:14,  5.65it/s, loss=1.0414]Trial 6 Ep1:  28%|███████████████████▍                                                  | 32/115 [00:06<00:14,  5.68it/s, loss=1.0414]Trial 6 Ep1:  28%|███████████████████▍                                                  | 32/115 [00:06<00:14,  5.68it/s, loss=0.6876]Trial 6 Ep1:  29%|████████████████████                                                  | 33/115 [00:06<00:14,  5.75it/s, loss=0.6876]Trial 6 Ep1:  29%|████████████████████                                                  | 33/115 [00:06<00:14,  5.75it/s, loss=0.7623]Trial 6 Ep1:  30%|████████████████████▋                                                 | 34/115 [00:06<00:14,  5.62it/s, loss=0.7623]Trial 6 Ep1:  30%|████████████████████▋                                                 | 34/115 [00:07<00:14,  5.62it/s, loss=0.4962]Trial 6 Ep1:  30%|█████████████████████▎                                                | 35/115 [00:07<00:14,  5.63it/s, loss=0.4962]Trial 6 Ep1:  30%|█████████████████████▎                                                | 35/115 [00:07<00:14,  5.63it/s, loss=0.7935]Trial 6 Ep1:  31%|█████████████████████▉                                                | 36/115 [00:07<00:13,  5.67it/s, loss=0.7935]Trial 6 Ep1:  31%|█████████████████████▉                                                | 36/115 [00:07<00:13,  5.67it/s, loss=0.7990]Trial 6 Ep1:  32%|██████████████████████▌                                               | 37/115 [00:07<00:13,  5.65it/s, loss=0.7990]Trial 6 Ep1:  32%|██████████████████████▌                                               | 37/115 [00:07<00:13,  5.65it/s, loss=0.7119]Trial 6 Ep1:  33%|███████████████████████▏                                              | 38/115 [00:07<00:13,  5.63it/s, loss=0.7119]Trial 6 Ep1:  33%|███████████████████████▏                                              | 38/115 [00:07<00:13,  5.63it/s, loss=0.7719]Trial 6 Ep1:  34%|███████████████████████▋                                              | 39/115 [00:07<00:13,  5.67it/s, loss=0.7719]Trial 6 Ep1:  34%|███████████████████████▋                                              | 39/115 [00:07<00:13,  5.67it/s, loss=0.6955]Trial 6 Ep1:  35%|████████████████████████▎                                             | 40/115 [00:07<00:13,  5.67it/s, loss=0.6955]Trial 6 Ep1:  35%|████████████████████████▎                                             | 40/115 [00:08<00:13,  5.67it/s, loss=1.1442]Trial 6 Ep1:  36%|████████████████████████▉                                             | 41/115 [00:08<00:12,  5.72it/s, loss=1.1442]Trial 6 Ep1:  36%|████████████████████████▉                                             | 41/115 [00:08<00:12,  5.72it/s, loss=0.9082]Trial 6 Ep1:  37%|█████████████████████████▌                                            | 42/115 [00:08<00:12,  5.76it/s, loss=0.9082]Trial 6 Ep1:  37%|█████████████████████████▌                                            | 42/115 [00:08<00:12,  5.76it/s, loss=0.8018]Trial 6 Ep1:  37%|██████████████████████████▏                                           | 43/115 [00:08<00:12,  5.79it/s, loss=0.8018]Trial 6 Ep1:  37%|██████████████████████████▏                                           | 43/115 [00:08<00:12,  5.79it/s, loss=0.6612]Trial 6 Ep1:  38%|██████████████████████████▊                                           | 44/115 [00:08<00:12,  5.75it/s, loss=0.6612]Trial 6 Ep1:  38%|██████████████████████████▊                                           | 44/115 [00:08<00:12,  5.75it/s, loss=1.0962]Trial 6 Ep1:  39%|███████████████████████████▍                                          | 45/115 [00:08<00:12,  5.80it/s, loss=1.0962]Trial 6 Ep1:  39%|███████████████████████████▍                                          | 45/115 [00:09<00:12,  5.80it/s, loss=2.1324]Trial 6 Ep1:  40%|████████████████████████████                                          | 46/115 [00:09<00:11,  5.84it/s, loss=2.1324]Trial 6 Ep1:  40%|████████████████████████████                                          | 46/115 [00:09<00:11,  5.84it/s, loss=1.7698]Trial 6 Ep1:  41%|████████████████████████████▌                                         | 47/115 [00:09<00:11,  5.86it/s, loss=1.7698]Trial 6 Ep1:  41%|████████████████████████████▌                                         | 47/115 [00:09<00:11,  5.86it/s, loss=1.8978]Trial 6 Ep1:  42%|█████████████████████████████▏                                        | 48/115 [00:09<00:11,  5.80it/s, loss=1.8978]Trial 6 Ep1:  42%|█████████████████████████████▏                                        | 48/115 [00:09<00:11,  5.80it/s, loss=0.6719]Trial 6 Ep1:  43%|█████████████████████████████▊                                        | 49/115 [00:09<00:11,  5.79it/s, loss=0.6719]Trial 6 Ep1:  43%|█████████████████████████████▊                                        | 49/115 [00:09<00:11,  5.79it/s, loss=0.8097]Trial 6 Ep1:  43%|██████████████████████████████▍                                       | 50/115 [00:09<00:11,  5.80it/s, loss=0.8097]Trial 6 Ep1:  43%|██████████████████████████████▍                                       | 50/115 [00:09<00:11,  5.80it/s, loss=1.5968]Trial 6 Ep1:  44%|███████████████████████████████                                       | 51/115 [00:09<00:10,  5.85it/s, loss=1.5968]Trial 6 Ep1:  44%|███████████████████████████████                                       | 51/115 [00:10<00:10,  5.85it/s, loss=1.1226]Trial 6 Ep1:  45%|███████████████████████████████▋                                      | 52/115 [00:10<00:10,  5.93it/s, loss=1.1226]Trial 6 Ep1:  45%|███████████████████████████████▋                                      | 52/115 [00:10<00:10,  5.93it/s, loss=1.3821]Trial 6 Ep1:  46%|████████████████████████████████▎                                     | 53/115 [00:10<00:10,  5.92it/s, loss=1.3821]Trial 6 Ep1:  46%|████████████████████████████████▎                                     | 53/115 [00:10<00:10,  5.92it/s, loss=0.5625]Trial 6 Ep1:  47%|████████████████████████████████▊                                     | 54/115 [00:10<00:10,  5.84it/s, loss=0.5625]Trial 6 Ep1:  47%|████████████████████████████████▊                                     | 54/115 [00:10<00:10,  5.84it/s, loss=1.0111]Trial 6 Ep1:  48%|█████████████████████████████████▍                                    | 55/115 [00:10<00:10,  5.86it/s, loss=1.0111]Trial 6 Ep1:  48%|█████████████████████████████████▍                                    | 55/115 [00:10<00:10,  5.86it/s, loss=1.1332]Trial 6 Ep1:  49%|██████████████████████████████████                                    | 56/115 [00:10<00:10,  5.79it/s, loss=1.1332]Trial 6 Ep1:  49%|██████████████████████████████████                                    | 56/115 [00:10<00:10,  5.79it/s, loss=1.1691]Trial 6 Ep1:  50%|██████████████████████████████████▋                                   | 57/115 [00:10<00:10,  5.78it/s, loss=1.1691]Trial 6 Ep1:  50%|██████████████████████████████████▋                                   | 57/115 [00:11<00:10,  5.78it/s, loss=1.0460]Trial 6 Ep1:  50%|███████████████████████████████████▎                                  | 58/115 [00:11<00:09,  5.87it/s, loss=1.0460]Trial 6 Ep1:  50%|███████████████████████████████████▎                                  | 58/115 [00:11<00:09,  5.87it/s, loss=0.7292]Trial 6 Ep1:  51%|███████████████████████████████████▉                                  | 59/115 [00:11<00:09,  5.79it/s, loss=0.7292]Trial 6 Ep1:  51%|███████████████████████████████████▉                                  | 59/115 [00:11<00:09,  5.79it/s, loss=0.9961]Trial 6 Ep1:  52%|████████████████████████████████████▌                                 | 60/115 [00:11<00:09,  5.75it/s, loss=0.9961]Trial 6 Ep1:  52%|████████████████████████████████████▌                                 | 60/115 [00:11<00:09,  5.75it/s, loss=0.7160]Trial 6 Ep1:  53%|█████████████████████████████████████▏                                | 61/115 [00:11<00:09,  5.80it/s, loss=0.7160]Trial 6 Ep1:  53%|█████████████████████████████████████▏                                | 61/115 [00:11<00:09,  5.80it/s, loss=0.8201]Trial 6 Ep1:  54%|█████████████████████████████████████▋                                | 62/115 [00:11<00:09,  5.83it/s, loss=0.8201]Trial 6 Ep1:  54%|█████████████████████████████████████▋                                | 62/115 [00:11<00:09,  5.83it/s, loss=0.5934]Trial 6 Ep1:  55%|██████████████████████████████████████▎                               | 63/115 [00:11<00:08,  5.84it/s, loss=0.5934]Trial 6 Ep1:  55%|██████████████████████████████████████▎                               | 63/115 [00:12<00:08,  5.84it/s, loss=0.5615]Trial 6 Ep1:  56%|██████████████████████████████████████▉                               | 64/115 [00:12<00:08,  5.93it/s, loss=0.5615]Trial 6 Ep1:  56%|██████████████████████████████████████▉                               | 64/115 [00:12<00:08,  5.93it/s, loss=0.6782]Trial 6 Ep1:  57%|███████████████████████████████████████▌                              | 65/115 [00:12<00:08,  5.89it/s, loss=0.6782]Trial 6 Ep1:  57%|███████████████████████████████████████▌                              | 65/115 [00:12<00:08,  5.89it/s, loss=0.6506]Trial 6 Ep1:  57%|████████████████████████████████████████▏                             | 66/115 [00:12<00:08,  5.94it/s, loss=0.6506]Trial 6 Ep1:  57%|████████████████████████████████████████▏                             | 66/115 [00:12<00:08,  5.94it/s, loss=0.7087]Trial 6 Ep1:  58%|████████████████████████████████████████▊                             | 67/115 [00:12<00:08,  5.99it/s, loss=0.7087]Trial 6 Ep1:  58%|████████████████████████████████████████▊                             | 67/115 [00:12<00:08,  5.99it/s, loss=0.6263]Trial 6 Ep1:  59%|█████████████████████████████████████████▍                            | 68/115 [00:12<00:07,  5.90it/s, loss=0.6263]Trial 6 Ep1:  59%|█████████████████████████████████████████▍                            | 68/115 [00:12<00:07,  5.90it/s, loss=0.6754]Trial 6 Ep1:  60%|██████████████████████████████████████████               