Trial 8 Ep6:   0%|                                                                                            | 0/115 [00:00<?, ?it/s]Trial 8 Ep6:   0%|                                                                               | 0/115 [00:00<?, ?it/s, loss=2.2776]Trial 8 Ep6:   1%|▌                                                                      | 1/115 [00:00<00:20,  5.52it/s, loss=2.2776]Trial 8 Ep6:   1%|▌                                                                      | 1/115 [00:00<00:20,  5.52it/s, loss=2.5287]Trial 8 Ep6:   2%|█▏                                                                     | 2/115 [00:00<00:20,  5.44it/s, loss=2.5287]Trial 8 Ep6:   2%|█▏                                                                     | 2/115 [00:00<00:20,  5.44it/s, loss=0.9719]Trial 8 Ep6:   3%|█▊                                                                     | 3/115 [00:00<00:20,  5.51it/s, loss=0.9719]Trial 8 Ep6:   3%|█▊                                                                     | 3/115 [00:00<00:20,  5.51it/s, loss=0.5950]Trial 8 Ep6:   3%|██▍                                                                    | 4/115 [00:00<00:19,  5.61it/s, loss=0.5950]Trial 8 Ep6:   3%|██▍                                                                    | 4/115 [00:00<00:19,  5.61it/s, loss=2.6462]Trial 8 Ep6:   4%|███                                                                    | 5/115 [00:00<00:19,  5.62it/s, loss=2.6462]Trial 8 Ep6:   4%|███                                                                    | 5/115 [00:01<00:19,  5.62it/s, loss=2.3768]Trial 8 Ep6:   5%|███▋                                                                   | 6/115 [00:01<00:19,  5.66it/s, loss=2.3768]Trial 8 Ep6:   5%|███▋                                                                   | 6/115 [00:01<00:19,  5.66it/s, loss=2.2703]Trial 8 Ep6:   6%|████▎                                                                  | 7/115 [00:01<00:19,  5.56it/s, loss=2.2703]Trial 8 Ep6:   6%|████▎                                                                  | 7/115 [00:01<00:19,  5.56it/s, loss=1.3280]Trial 8 Ep6:   7%|████▉                                                                  | 8/115 [00:01<00:19,  5.60it/s, loss=1.3280]Trial 8 Ep6:   7%|████▉                                                                  | 8/115 [00:01<00:19,  5.60it/s, loss=0.4129]Trial 8 Ep6:   8%|█████▌                                                                 | 9/115 [00:01<00:18,  5.60it/s, loss=0.4129]Trial 8 Ep6:   8%|█████▌                                                                 | 9/115 [00:01<00:18,  5.60it/s, loss=0.8272]Trial 8 Ep6:   9%|██████                                                                | 10/115 [00:01<00:18,  5.59it/s, loss=0.8272]Trial 8 Ep6:   9%|██████                                                                | 10/115 [00:01<00:18,  5.59it/s, loss=1.7735]Trial 8 Ep6:  10%|██████▋                                                               | 11/115 [00:01<00:18,  5.67it/s, loss=1.7735]Trial 8 Ep6:  10%|██████▋                                                               | 11/115 [00:02<00:18,  5.67it/s, loss=1.8577]Trial 8 Ep6:  10%|███████▎                                                              | 12/115 [00:02<00:18,  5.69it/s, loss=1.8577]Trial 8 Ep6:  10%|███████▎                                                              | 12/115 [00:02<00:18,  5.69it/s, loss=0.9526]Trial 8 Ep6:  11%|███████▉                                                              | 13/115 [00:02<00:18,  5.66it/s, loss=0.9526]Trial 8 Ep6:  11%|███████▉                                                              | 13/115 [00:02<00:18,  5.66it/s, loss=0.3954]Trial 8 Ep6:  12%|████████▌                                                             | 14/115 [00:02<00:17,  5.64it/s, loss=0.3954]Trial 8 Ep6:  12%|████████▌                                                             | 14/115 [00:02<00:17,  5.64it/s, loss=0.4724]Trial 8 Ep6:  13%|█████████▏                                                            | 15/115 [00:02<00:17,  5.62it/s, loss=0.4724]Trial 8 Ep6:  13%|█████████▏                                                            | 15/115 [00:02<00:17,  5.62it/s, loss=0.4744]Trial 8 Ep6:  14%|█████████▋                                                            | 16/115 [00:02<00:17,  5.51it/s, loss=0.4744]Trial 8 Ep6:  14%|█████████▋                                                            | 16/115 [00:03<00:17,  5.51it/s, loss=0.4607]Trial 8 Ep6:  15%|██████████▎                                                           | 17/115 [00:03<00:17,  5.55it/s, loss=0.4607]Trial 8 Ep6:  15%|██████████▎                                                           | 17/115 [00:03<00:17,  5.55it/s, loss=0.5455]Trial 8 Ep6:  16%|██████████▉                                                           | 18/115 [00:03<00:17,  5.59it/s, loss=0.5455]Trial 8 Ep6:  16%|██████████▉                                                           | 18/115 [00:03<00:17,  5.59it/s, loss=0.3956]Trial 8 Ep6:  17%|███████████▌                                                          | 19/115 [00:03<00:17,  5.56it/s, loss=0.3956]Trial 8 Ep6:  17%|███████████▌                                                          | 19/115 [00:03<00:17,  5.56it/s, loss=0.8935]Trial 8 Ep6:  17%|████████████▏                                                         | 20/115 [00:03<00:16,  5.62it/s, loss=0.8935]Trial 8 Ep6:  17%|████████████▏                                                         | 20/115 [00:03<00:16,  5.62it/s, loss=0.7919]Trial 8 Ep6:  18%|████████████▊                                                         | 21/115 [00:03<00:16,  5.66it/s, loss=0.7919]Trial 8 Ep6:  18%|████████████▊                                                         | 21/115 [00:03<00:16,  5.66it/s, loss=1.0770]Trial 8 Ep6:  19%|█████████████▍                                                        | 22/115 [00:03<00:16,  5.69it/s, loss=1.0770]Trial 8 Ep6:  19%|█████████████▍                                                        | 22/115 [00:04<00:16,  5.69it/s, loss=0.4903]Trial 8 Ep6:  20%|██████████████                                                        | 23/115 [00:04<00:16,  5.65it/s, loss=0.4903]Trial 8 Ep6:  20%|██████████████                                                        | 23/115 [00:04<00:16,  5.65it/s, loss=1.3368]Trial 8 Ep6:  21%|██████████████▌                                                       | 24/115 [00:04<00:16,  5.69it/s, loss=1.3368]Trial 8 Ep6:  21%|██████████████▌                                                       | 24/115 [00:04<00:16,  5.69it/s, loss=1.7881]Trial 8 Ep6:  22%|███████████████▏                                                      | 25/115 [00:04<00:16,  5.61it/s, loss=1.7881]Trial 8 Ep6:  22%|███████████████▏                                                      | 25/115 [00:04<00:16,  5.61it/s, loss=2.1583]Trial 8 Ep6:  23%|███████████████▊                                                      | 26/115 [00:04<00:15,  5.62it/s, loss=2.1583]Trial 8 Ep6:  23%|███████████████▊                                                      | 26/115 [00:04<00:15,  5.62it/s, loss=1.2742]Trial 8 Ep6:  23%|████████████████▍                                                     | 27/115 [00:04<00:15,  5.66it/s, loss=1.2742]Trial 8 Ep6:  23%|████████████████▍                                                     | 27/115 [00:04<00:15,  5.66it/s, loss=0.5753]Trial 8 Ep6:  24%|█████████████████                                                     | 28/115 [00:04<00:15,  5.63it/s, loss=0.5753]Trial 8 Ep6:  24%|█████████████████                                                     | 28/115 [00:05<00:15,  5.63it/s, loss=0.7978]Trial 8 Ep6:  25%|█████████████████▋                                                    | 29/115 [00:05<00:15,  5.65it/s, loss=0.7978]Trial 8 Ep6:  25%|█████████████████▋                                                    | 29/115 [00:05<00:15,  5.65it/s, loss=0.5253]Trial 8 Ep6:  26%|██████████████████▎                                                   | 30/115 [00:05<00:15,  5.64it/s, loss=0.5253]Trial 8 Ep6:  26%|██████████████████▎                                                   | 30/115 [00:05<00:15,  5.64it/s, loss=0.4863]Trial 8 Ep6:  27%|██████████████████▊                                                   | 31/115 [00:05<00:14,  5.67it/s, loss=0.4863]Trial 8 Ep6:  27%|██████████████████▊                                                   | 31/115 [00:05<00:14,  5.67it/s, loss=0.4946]Trial 8 Ep6:  28%|███████████████████▍                                                  | 32/115 [00:05<00:14,  5.66it/s, loss=0.4946]Trial 8 Ep6:  28%|███████████████████▍                                                  | 32/115 [00:05<00:14,  5.66it/s, loss=0.3809]Trial 8 Ep6:  29%|████████████████████                                                  | 33/115 [00:05<00:14,  5.53it/s, loss=0.3809]Trial 8 Ep6:  29%|████████████████████                                                  | 33/115 [00:06<00:14,  5.53it/s, loss=0.6044]Trial 8 Ep6:  30%|████████████████████▋                                                 | 34/115 [00:06<00:14,  5.51it/s, loss=0.6044]Trial 8 Ep6:  30%|████████████████████▋                                                 | 34/115 [00:06<00:14,  5.51it/s, loss=0.5202]Trial 8 Ep6:  30%|█████████████████████▎                                                | 35/115 [00:06<00:14,  5.58it/s, loss=0.5202]Trial 8 Ep6:  30%|█████████████████████▎                                                | 35/115 [00:06<00:14,  5.58it/s, loss=0.5431]Trial 8 Ep6:  31%|█████████████████████▉                                                | 36/115 [00:06<00:14,  5.61it/s, loss=0.5431]Trial 8 Ep6:  31%|█████████████████████▉                                                | 36/115 [00:06<00:14,  5.61it/s, loss=0.7456]Trial 8 Ep6:  32%|██████████████████████▌                                               | 37/115 [00:06<00:14,  5.52it/s, loss=0.7456]Trial 8 Ep6:  32%|██████████████████████▌                                               | 37/115 [00:06<00:14,  5.52it/s, loss=0.7241]Trial 8 Ep6:  33%|███████████████████████▏                                              | 38/115 [00:06<00:13,  5.52it/s, loss=0.7241]Trial 8 Ep6:  33%|███████████████████████▏                                              | 38/115 [00:06<00:13,  5.52it/s, loss=0.9616]Trial 8 Ep6:  34%|███████████████████████▋                                              | 39/115 [00:06<00:13,  5.58it/s, loss=0.9616]Trial 8 Ep6:  34%|███████████████████████▋                                              | 39/115 [00:07<00:13,  5.58it/s, loss=0.6026]Trial 8 Ep6:  35%|████████████████████████▎                                             | 40/115 [00:07<00:13,  5.66it/s, loss=0.6026]Trial 8 Ep6:  35%|████████████████████████▎                                             | 40/115 [00:07<00:13,  5.66it/s, loss=0.3247]Trial 8 Ep6:  36%|████████████████████████▉                                             | 41/115 [00:07<00:13,  5.65it/s, loss=0.3247]Trial 8 Ep6:  36%|████████████████████████▉                                             | 41/115 [00:07<00:13,  5.65it/s, loss=0.3792]Trial 8 Ep6:  37%|█████████████████████████▌                                            | 42/115 [00:07<00:12,  5.62it/s, loss=0.3792]Trial 8 Ep6:  37%|█████████████████████████▌                                            | 42/115 [00:07<00:12,  5.62it/s, loss=0.8816]Trial 8 Ep6:  37%|██████████████████████████▏                                           | 43/115 [00:07<00:12,  5.57it/s, loss=0.8816]Trial 8 Ep6:  37%|██████████████████████████▏                                           | 43/115 [00:07<00:12,  5.57it/s, loss=0.4152]Trial 8 Ep6:  38%|██████████████████████████▊                                           | 44/115 [00:07<00:12,  5.54it/s, loss=0.4152]Trial 8 Ep6:  38%|██████████████████████████▊                                           | 44/115 [00:08<00:12,  5.54it/s, loss=0.3759]Trial 8 Ep6:  39%|███████████████████████████▍                                          | 45/115 [00:08<00:12,  5.59it/s, loss=0.3759]Trial 8 Ep6:  39%|███████████████████████████▍                                          | 45/115 [00:08<00:12,  5.59it/s, loss=0.8626]Trial 8 Ep6:  40%|████████████████████████████                                          | 46/115 [00:08<00:12,  5.62it/s, loss=0.8626]Trial 8 Ep6:  40%|████████████████████████████                                          | 46/115 [00:08<00:12,  5.62it/s, loss=0.6816]Trial 8 Ep6:  41%|████████████████████████████▌                                         | 47/115 [00:08<00:11,  5.67it/s, loss=0.6816]Trial 8 Ep6:  41%|████████████████████████████▌                                         | 47/115 [00:08<00:11,  5.67it/s, loss=0.3072]Trial 8 Ep6:  42%|█████████████████████████████▏                                        | 48/115 [00:08<00:11,  5.65it/s, loss=0.3072]Trial 8 Ep6:  42%|█████████████████████████████▏                                        | 48/115 [00:08<00:11,  5.65it/s, loss=1.3525]Trial 8 Ep6:  43%|█████████████████████████████▊                                        | 49/115 [00:08<00:11,  5.63it/s, loss=1.3525]Trial 8 Ep6:  43%|█████████████████████████████▊                                        | 49/115 [00:08<00:11,  5.63it/s, loss=1.8947]Trial 8 Ep6:  43%|██████████████████████████████▍                                       | 50/115 [00:08<00:11,  5.65it/s, loss=1.8947]Trial 8 Ep6:  43%|██████████████████████████████▍                                       | 50/115 [00:09<00:11,  5.65it/s, loss=1.5747]Trial 8 Ep6:  44%|███████████████████████████████                                       | 51/115 [00:09<00:11,  5.66it/s, loss=1.5747]Trial 8 Ep6:  44%|███████████████████████████████                                       | 51/115 [00:09<00:11,  5.66it/s, loss=0.4127]Trial 8 Ep6:  45%|███████████████████████████████▋                                      | 52/115 [00:09<00:11,  5.68it/s, loss=0.4127]Trial 8 Ep6:  45%|███████████████████████████████▋                                      | 52/115 [00:09<00:11,  5.68it/s, loss=0.3235]Trial 8 Ep6:  46%|████████████████████████████████▎                                     | 53/115 [00:09<00:10,  5.68it/s, loss=0.3235]Trial 8 Ep6:  46%|████████████████████████████████▎                                     | 53/115 [00:09<00:10,  5.68it/s, loss=0.3527]Trial 8 Ep6:  47%|████████████████████████████████▊                                     | 54/115 [00:09<00:10,  5.65it/s, loss=0.3527]Trial 8 Ep6:  47%|████████████████████████████████▊                                     | 54/115 [00:09<00:10,  5.65it/s, loss=0.7234]Trial 8 Ep6:  48%|█████████████████████████████████▍                                    | 55/115 [00:09<00:10,  5.55it/s, loss=0.7234]Trial 8 Ep6:  48%|█████████████████████████████████▍                                    | 55/115 [00:09<00:10,  5.55it/s, loss=0.4403]Trial 8 Ep6:  49%|██████████████████████████████████                                    | 56/115 [00:09<00:10,  5.61it/s, loss=0.4403]Trial 8 Ep6:  49%|██████████████████████████████████                                    | 56/115 [00:10<00:10,  5.61it/s, loss=0.8393]Trial 8 Ep6:  50%|██████████████████████████████████▋                                   | 57/115 [00:10<00:10,  5.61it/s, loss=0.8393]Trial 8 Ep6:  50%|██████████████████████████████████▋                                   | 57/115 [00:10<00:10,  5.61it/s, loss=0.6758]Trial 8 Ep6:  50%|███████████████████████████████████▎                                  | 58/115 [00:10<00:10,  5.59it/s, loss=0.6758]Trial 8 Ep6:  50%|███████████████████████████████████▎                                  | 58/115 [00:10<00:10,  5.59it/s, loss=0.5166]Trial 8 Ep6:  51%|███████████████████████████████████▉                                  | 59/115 [00:10<00:09,  5.63it/s, loss=0.5166]Trial 8 Ep6:  51%|███████████████████████████████████▉                                  | 59/115 [00:10<00:09,  5.63it/s, loss=0.6856]Trial 8 Ep6:  52%|████████████████████████████████████▌                                 | 60/115 [00:10<00:09,  5.62it/s, loss=0.6856]Trial 8 Ep6:  52%|████████████████████████████████████▌                                 | 60/115 [00:10<00:09,  5.62it/s, loss=0.8228]Trial 8 Ep6:  53%|█████████████████████████████████████▏                                | 61/115 [00:10<00:09,  5.55it/s, loss=0.8228]Trial 8 Ep6:  53%|█████████████████████████████████████▏                                | 61/115 [00:11<00:09,  5.55it/s, loss=0.6149]Trial 8 Ep6:  54%|█████████████████████████████████████▋                                | 62/115 [00:11<00:09,  5.59it/s, loss=0.6149]Trial 8 Ep6:  54%|█████████████████████████████████████▋                                | 62/115 [00:11<00:09,  5.59it/s, loss=1.0043]Trial 8 Ep6:  55%|██████████████████████████████████████▎                               | 63/115 [00:11<00:09,  5.62it/s, loss=1.0043]Trial 8 Ep6:  55%|██████████████████████████████████████▎                               | 63/115 [00:11<00:09,  5.62it/s, loss=1.0436]Trial 8 Ep6:  56%|██████████████████████████████████████▉                               | 64/115 [00:11<00:09,  5.59it/s, loss=1.0436]Trial 8 Ep6:  56%|██████████████████████████████████████▉                               | 64/115 [00:11<00:09,  5.59it/s, loss=0.6407]Trial 8 Ep6:  57%|███████████████████████████████████████▌                              | 65/115 [00:11<00:08,  5.58it/s, loss=0.6407]Trial 8 Ep6:  57%|███████████████████████████████████████▌                              | 65/115 [00:11<00:08,  5.58it/s, loss=0.6210]Trial 8 Ep6:  57%|████████████████████████████████████████▏                             | 66/115 [00:11<00:08,  5.61it/s, loss=0.6210]Trial 8 Ep6:  57%|████████████████████████████████████████▏                             | 66/115 [00:11<00:08,  5.61it/s, loss=0.7947]Trial 8 Ep6:  58%|████████████████████████████████████████▊                             | 67/115 [00:11<00:08,  5.51it/s, loss=0.7947]Trial 8 Ep6:  58%|████████████████████████████████████████▊                             | 67/115 [00:12<00:08,  5.51it/s, loss=0.5891]Trial 8 Ep6:  59%|█████████████████████████████████████████▍                            | 68/115 [00:12<00:08,  5.56it/s, loss=0.5891]Trial 8 Ep6:  59%|█████████████████████████████████████████▍                            | 68/115 [00:12<00:08,  5.56it/s, loss=1.0091]Trial 8 Ep6:  60%|██████████████████████████████████████████                            | 69/115 [00:12<00:08,  5.60it/s, loss=1.0091]Trial 8 Ep6:  60%|██████████████████████████████████████████                            | 69/115 [00:12<00:08,  5.60it/s, loss=0.8569]Trial 8 Ep6:  61%|██████████████████████████████████████████▌                           | 70/115 [00:12<00:07,  5.63it/s, loss=0.8569]Trial 8 Ep6:  61%|██████████████████████████████████████████▌                           | 70/115 [00:12<00:07,  5.63it/s, loss=0.6096]Trial 8 Ep6:  62%|███████████████████████████████████████████▏                          | 71/115 [00:12<00:07,  5.63it/s, loss=0.6096]Trial 8 Ep6:  62%|███████████████████████████████████████████▏                          | 71/115 [00:12<00:07,  5.63it/s, loss=0.7112]Trial 8 Ep6:  63%|███████████████████████████████████████████▊                          | 72/115 [00:12<00:07,  5.57it/s, loss=0.7112]Trial 8 Ep6:  63%|███████████████████████████████████████████▊                          | 72/115 [00:13<00:07,  5.57it/s, loss=0.6182]Trial 8 Ep6:  63%|████████████████████████████████████████████▍                         | 73/115 [00:13<00:07,  5.56it/s, loss=0.6182]Trial 8 Ep6:  63%|████████████████████████████████████████████▍                         | 73/115 [00:13<00:07,  5.56it/s, loss=0.7379]Trial 8 Ep6:  64%|█████████████████████████████████████████████                         | 74/115 [00:13<00:07,  5.62it/s, loss=0.7379]Trial 8 Ep6:  64%|█████████████████████████████████████████████                         | 74/115 [00:13<00:07,  5.62it/s, loss=0.6988]Trial 8 Ep6:  65%|█████████████████████████████████████████████▋                        | 75/115 [00:13<00:07,  5.62it/s, loss=0.6988]Trial 8 Ep6:  65%|█████████████████████████████████████████████▋                        | 75/115 [00:13<00:07,  5.62it/s, loss=1.1329]Trial 8 Ep6:  66%|██████████████████████████████████████████████▎                       | 76/115 [00:13<00:06,  5.69it/s, loss=1.1329]Trial 8 Ep6:  66%|██████████████████████████████████████████████▎                       | 76/115 [00:13<00:06,  5.69it/s, loss=0.6783]Trial 8 Ep6:  67%|██████████████████████████████████████████████▊                       | 77/115 [00:13<00:06,  5.70it/s, loss=0.6783]Trial 8 Ep6:  67%|██████████████████████████████████████████████▊                       | 77/115 [00:13<00:06,  5.70it/s, loss=0.6357]Trial 8 Ep6:  68%|███████████████████████████████████████████████▍                      | 78/115 [00:13<00:06,  5.71it/s, loss=0.6357]Trial 8 Ep6:  68%|███████████████████████████████████████████████▍                      | 78/115 [00:14<00:06,  5.71it/s, loss=0.7527]Trial 8 Ep6:  69%|████████████████████████████████████████████████                      | 79/115 [00:14<00:06,  5.66it/s, loss=0.7527]Trial 8 Ep6:  69%|████████████████████████████████████████████████                      | 79/115 [00:14<00:06,  5.66it/s, loss=0.5777]Trial 8 Ep6:  70%|████████████████████████████████████████████████▋                     | 80/115 [00:14<00:06,  5.69it/s, loss=0.5777]Trial 8 Ep6:  70%|████████████████████████████████████████████████▋                     | 80/115 [00:14<00:06,  5.69it/s, loss=0.7612]Trial 8 Ep6:  70%|█████████████████████████████████████████████████▎                    | 81/115 [00:14<00:06,  5.59it/s, loss=0.