Trial 7 Ep1:   0%|                                                                                            | 0/115 [00:00<?, ?it/s]Trial 7 Ep1:   0%|                                                                         | 0/115 [00:00<?, ?it/s, loss=3923118.7500]Trial 7 Ep1:   1%|▌                                                                | 1/115 [00:00<01:38,  1.15it/s, loss=3923118.7500]Trial 7 Ep1:   1%|▌                                                                | 1/115 [00:01<01:38,  1.15it/s, loss=3453049.7500]Trial 7 Ep1:   2%|█▏                                                               | 2/115 [00:01<01:13,  1.53it/s, loss=3453049.7500]Trial 7 Ep1:   2%|█                                                           | 2/115 [00:02<01:13,  1.53it/s, loss=157331800064.0000]Trial 7 Ep1:   3%|█▌                                                          | 3/115 [00:02<01:13,  1.52it/s, loss=157331800064.0000]                                                                                                                                      [I 2026-02-24 14:01:32,917] Trial 7 finished with value: 0.0 and parameters: {'learning_rate': 0.0006435125845903198, 'target_ab_lr': 0.0812324508558869}. Best is trial 4 with value: 0.8140556368960469.

  [NaN/Inf detected at batch 3] Aborting trial.
[Trial 7] GPU cache cleared

======================================================================
Trial 8 Starting
======================================================================
  rank=8, transfer_every=10000000, transfer_lr=1.0000e-01
  lora_alpha=1.0000, lr=1.0181e-02, wd=0.00e+00
  target_ab_lr=0.0004, lr_multiplier=0.042584
  effective_ab_lr = lr*alpha*mult = 0.0004
  momentum=0.00, nesterov=False, reinit_mode=decay
  tau_sec=0.0, optimizer=AnalogAdam
======================================================================
Some weights of MobileBertForSequenceClassification were not initialized from the model checkpoint at google/mobilebert-uncased and are newly initialized: ['classifier.bias', 'classifier.weight']
You should probably TRAIN this model on a down-stream task to be able to use it for predictions and inference.
  [FIX] Reinitialized classifier with FIXED seed=42
  LRTT Analog layers: 96, Total params: 21,842,978, Trainable (before grad set): 21,830,690
  Trainable (after grad set): 13,602
  LoRA target: qkv -> ['attention.self.query', 'attention.self.key', 'attention.self.value', 'attention.output.dense']

Optimizer configuration:
  Forward scaling (lora_alpha): 1.0
  Classifier LR: 0.010180520164317933
  LRTT LR (optimizer): 0.0004335281794951569 (= 0.010180520164317933 * 0.04258408927027572)
  Effective A,B LR: 0.0004335281794951569 (= 0.0004335281794951569 * 1.0)
  LRTT_LR_MULTIPLIER: 0.04258408927027572
  LRTT tile params: 288
  Other params: 98
  Collected 96 tile_c contexts for post-step reset
  Collected 192 tile_a/b contexts for post-step reset
  AB LR Warmup: 1e-07 → 4e-04 over 161 steps (scheduler warmup: 40 steps)
Trial 8 Ep1:   0%|                                                                                            | 0/115 [00:00<?, ?it/s]Trial 8 Ep1:   0%|                                                                         | 0/115 [00:01<?, ?it/s, loss=3278497.0000]Trial 8 Ep1:   1%|▌                                                                | 1/115 [00:01<01:55,  1.02s/it, loss=3278497.0000]Trial 8 Ep1:   1%|▌                                                                | 1/115 [00:01<01:55,  1.02s/it, loss=4291260.0000]Trial 8 Ep1:   2%|█▏                                                               | 2/115 [00:01<01:08,  1.64it/s, loss=4291260.0000]Trial 8 Ep1:   2%|█▏                                                                | 2/115 [00:01<01:08,  1.64it/s, loss=220188.9062]Trial 8 Ep1:   3%|█▋                                                                | 3/115 [00:01<00:46,  2.40it/s, loss=220188.9062]Trial 8 Ep1:   3%|█▊                                                                  | 3/115 [00:01<00:46,  2.40it/s, loss=7552.5879]Trial 8 Ep1:   3%|██▎                                                                 | 4/115 [00:01<00:35,  3.11it/s, loss=7552.5879]Trial 8 Ep1:   3%|██▎                                                                 | 4/115 [00:01<00:35,  3.11it/s, loss=4924.0850]Trial 8 Ep1:   4%|██▉                                                                 | 5/115 [00:01<00:29,  3.70it/s, loss=4924.0850]Trial 8 Ep1:   4%|██▉                                                                 | 5/115 [00:02<00:29,  3.70it/s, loss=6818.8115]Trial 8 Ep1:   5%|███▌                                                                | 6/115 [00:02<00:26,  4.18it/s, loss=6818.8115]Trial 8 Ep1:   5%|███▌                                                                | 6/115 [00:02<00:26,  4.18it/s, loss=2786.2683]Trial 8 Ep1:   6%|████▏                                                               | 7/115 [00:02<00:23,  4.53it/s, loss=2786.2683]Trial 8 Ep1:   6%|████▎                                                                 | 7/115 [00:02<00:23,  4.53it/s, loss=80.2585]Trial 8 Ep1:   7%|████▊                                                                 | 8/115 [00:02<00:22,  4.84it/s, loss=80.2585]Trial 8 Ep1:   7%|████▊                                                                | 8/115 [00:02<00:22,  4.84it/s, loss=104.0485]Trial 8 Ep1:   8%|█████▍                                                               | 9/115 [00:02<00:20,  5.10it/s, loss=104.0485]Trial 8 Ep1:   8%|█████▌                                                                 | 9/115 [00:02<00:20,  5.10it/s, loss=1.6886]Trial 8 Ep1:   9%|██████                                                                | 10/115 [00:02<00:19,  5.30it/s, loss=1.6886]Trial 8 Ep1:   9%|██████                                                                | 10/115 [00:02<00:19,  5.30it/s, loss=0.7394]Trial 8 Ep1:  10%|██████▋                                                               | 11/115 [00:02<00:19,  5.43it/s, loss=0.7394]Trial 8 Ep1:  10%|██████▋                                                               | 11/115 [00:03<00:19,  5.43it/s, loss=1.5918]Trial 8 Ep1:  10%|███████▎                                                              | 12/115 [00:03<00:18,  5.50it/s, loss=1.5918]Trial 8 Ep1:  10%|███████▎                                                              | 12/115 [00:03<00:18,  5.50it/s, loss=0.8694]Trial 8 Ep1:  11%|███████▉                                                              | 13/115 [00:03<00:18,  5.46it/s, loss=0.8694]Trial 8 Ep1:  11%|███████▉                                                              | 13/115 [00:03<00:18,  5.46it/s, loss=0.6947]Trial 8 Ep1:  12%|████████▌                                                             | 14/115 [00:03<00:23,  4.27it/s, loss=0.6947]Trial 8 Ep1:  12%|████████▌                                                             | 14/115 [00:03<00:23,  4.27it/s, loss=0.5933]Trial 8 Ep1:  13%|█████████▏                                                            | 15/115 [00:03<00:22,  4.55it/s, loss=0.5933]Trial 8 Ep1:  13%|█████████▏                                                            | 15/115 [00:04<00:22,  4.55it/s, loss=0.8265]Trial 8 Ep1:  14%|█████████▋                                                            | 16/115 [00:04<00:20,  4.78it/s, loss=0.8265]Trial 8 Ep1:  14%|█████████▋                                                            | 16/115 [00:04<00:20,  4.78it/s, loss=1.4206]Trial 8 Ep1:  15%|██████████▎                                                           | 17/115 [00:04<00:19,  4.99it/s, loss=1.4206]Trial 8 Ep1:  15%|██████████▎                                                           | 17/115 [00:04<00:19,  4.99it/s, loss=0.8117]Trial 8 Ep1:  16%|██████████▉                                                           | 18/115 [00:04<00:19,  5.05it/s, loss=0.8117]Trial 8 Ep1:  16%|██████████▉                                                           | 18/115 [00:04<00:19,  5.05it/s, loss=0.8877]Trial 8 Ep1:  17%|███████████▌                                                          | 19/115 [00:04<00:18,  5.11it/s, loss=0.8877]Trial 8 Ep1:  17%|███████████▌                                                          | 19/115 [00:04<00:18,  5.11it/s, loss=0.8217]Trial 8 Ep1:  17%|████████████▏                                                         | 20/115 [00:04<00:17,  5.28it/s, loss=0.8217]Trial 8 Ep1:  17%|████████████▏                                                         | 20/115 [00:04<00:17,  5.28it/s, loss=0.8596]Trial 8 Ep1:  18%|████████████▊                                                         | 21/115 [00:04<00:17,  5.39it/s, loss=0.8596]Trial 8 Ep1:  18%|████████████▊                                                         | 21/115 [00:05<00:17,  5.39it/s, loss=1.2326]Trial 8 Ep1:  19%|█████████████▍                                                        | 22/115 [00:05<00:17,  5.38it/s, loss=1.2326]Trial 8 Ep1:  19%|█████████████▍                                                        | 22/115 [00:05<00:17,  5.38it/s, loss=1.0096]Trial 8 Ep1:  20%|██████████████                                                        | 23/115 [00:05<00:16,  5.45it/s, loss=1.0096]Trial 8 Ep1:  20%|██████████████                                                        | 23/115 [00:05<00:16,  5.45it/s, loss=0.8271]Trial 8 Ep1:  21%|██████████████▌                                                       | 24/115 [00:05<00:16,  5.45it/s, loss=0.8271]Trial 8 Ep1:  21%|██████████████▌                                                       | 24/115 [00:05<00:16,  5.45it/s, loss=1.1177]Trial 8 Ep1:  22%|███████████████▏                                                      | 25/115 [00:05<00:16,  5.47it/s, loss=1.1177]Trial 8 Ep1:  22%|███████████████▏                                                      | 25/115 [00:05<00:16,  5.47it/s, loss=1.0294]Trial 8 Ep1:  23%|███████████████▊                                                      | 26/115 [00:05<00:16,  5.50it/s, loss=1.0294]Trial 8 Ep1:  23%|███████████████▊                                                      | 26/115 [00:06<00:16,  5.50it/s, loss=1.3408]Trial 8 Ep1:  23%|████████████████▍                                                     | 27/115 [00:06<00:16,  5.48it/s, loss=1.3408]Trial 8 Ep1:  23%|████████████████▍                                                     | 27/115 [00:06<00:16,  5.48it/s, loss=0.9274]Trial 8 Ep1:  24%|█████████████████                                                     | 28/115 [00:06<00:15,  5.53it/s, loss=0.9274]Trial 8 Ep1:  24%|█████████████████                                                     | 28/115 [00:06<00:15,  5.53it/s, loss=0.7394]Trial 8 Ep1:  25%|█████████████████▋                                                    | 29/115 [00:06<00:15,  5.57it/s, loss=0.7394]Trial 8 Ep1:  25%|█████████████████▋                                                    | 29/115 [00:06<00:15,  5.57it/s, loss=1.4747]Trial 8 Ep1:  26%|██████████████████▎                                                   | 30/115 [00:06<00:15,  5.54it/s, loss=1.4747]Trial 8 Ep1:  26%|██████████████████▎                                                   | 30/115 [00:06<00:15,  5.54it/s, loss=1.2261]Trial 8 Ep1:  27%|██████████████████▊                                                   | 31/115 [00:06<00:14,  5.63it/s, loss=1.2261]Trial 8 Ep1:  27%|██████████████████▊                                                   | 31/115 [00:06<00:14,  5.63it/s, loss=0.8891]Trial 8 Ep1:  28%|███████████████████▍                                                  | 32/115 [00:06<00:14,  5.61it/s, loss=0.8891]Trial 8 Ep1:  28%|███████████████████▍                                                  | 32/115 [00:07<00:14,  5.61it/s, loss=0.6144]Trial 8 Ep1:  29%|████████████████████                                                  | 33/115 [00:07<00:14,  5.61it/s, loss=0.6144]Trial 8 Ep1:  29%|████████████████████                                                  | 33/115 [00:07<00:14,  5.61it/s, loss=1.1689]Trial 8 Ep1:  30%|████████████████████▋                                                 | 34/115 [00:07<00:14,  5.61it/s, loss=1.1689]Trial 8 Ep1:  30%|████████████████████▋                                                 | 34/115 [00:07<00:14,  5.61it/s, loss=1.2702]Trial 8 Ep1:  30%|█████████████████████▎                                                | 35/115 [00:07<00:14,  5.66it/s, loss=1.2702]Trial 8 Ep1:  30%|█████████████████████▎                                                | 35/115 [00:07<00:14,  5.66it/s, loss=0.6247]Trial 8 Ep1:  31%|█████████████████████▉                                                | 36/115 [00:07<00:14,  5.61it/s, loss=0.6247]Trial 8 Ep1:  31%|█████████████████████▉                                                | 36/115 [00:07<00:14,  5.61it/s, loss=0.8328]Trial 8 Ep1:  32%|██████████████████████▌                                               | 37/115 [00:07<00:13,  5.62it/s, loss=0.8328]Trial 8 Ep1:  32%|██████████████████████▌                                               | 37/115 [00:07<00:13,  5.62it/s, loss=1.5904]Trial 8 Ep1:  33%|███████████████████████▏                                              | 38/115 [00:07<00:13,  5.66it/s, loss=1.5904]Trial 8 Ep1:  33%|███████████████████████▏                                              | 38/115 [00:08<00:13,  5.66it/s, loss=1.1496]Trial 8 Ep1:  34%|███████████████████████▋                                              | 39/115 [00:08<00:13,  5.64it/s, loss=1.1496]Trial 8 Ep1:  34%|███████████████████████▋                                              | 39/115 [00:08<00:13,  5.64it/s, loss=1.0007]Trial 8 Ep1:  35%|████████████████████████▎                                             | 40/115 [00:08<00:13,  5.64it/s, loss=1.0007]Trial 8 Ep1:  35%|████████████████████████▎                                             | 40/115 [00:08<00:13,  5.64it/s, loss=1.5958]Trial 8 Ep1:  36%|████████████████████████▉                                             | 41/115 [00:08<00:13,  5.64it/s, loss=1.5958]Trial 8 Ep1:  36%|████████████████████████▉                                             | 41/115 [00:08<00:13,  5.64it/s, loss=1.7976]Trial 8 Ep1:  37%|█████████████████████████▌                                            | 42/115 [00:08<00:13,  5.53it/s, loss=1.7976]Trial 8 Ep1:  37%|█████████████████████████▌                                            | 42/115 [00:08<00:13,  5.53it/s, loss=1.2595]Trial 8 Ep1:  37%|██████████████████████████▏                                           | 43/115 [00:08<00:13,  5.53it/s, loss=1.2595]Trial 8 Ep1:  37%|██████████████████████████▏                                           | 43/115 [00:09<00:13,  5.53it/s, loss=1.0391]Trial 8 Ep1:  38%|██████████████████████████▊                                           | 44/115 [00:09<00:12,  5.56it/s, loss=1.0391]Trial 8 Ep1:  38%|██████████████████████████▊                                           | 44/115 [00:09<00:12,  5.56it/s, loss=0.7297]Trial 8 Ep1:  39%|███████████████████████████▍                                          | 45/115 [00:09<00:12,  5.59it/s, loss=0.7297]Trial 8 Ep1:  39%|███████████████████████████▍                                          | 45/115 [00:09<00:12,  5.59it/s, loss=1.5570]Trial 8 Ep1:  40%|████████████████████████████                                          | 46/115 [00:09<00:12,  5.57it/s, loss=1.5570]Trial 8 Ep1:  40%|████████████████████████████                                          | 46/115 [00:09<00:12,  5.57it/s, loss=1.4581]Trial 8 Ep1:  41%|████████████████████████████▌                                         | 47/115 [00:09<00:12,  5.59it/s, loss=1.4581]Trial 8 Ep1:  41%|████████████████████████████▌                                         | 47/115 [00:09<00:12,  5.59it/s, loss=0.9020]Trial 8 Ep1:  42%|█████████████████████████████▏                                        | 48/115 [00:09<00:12,  5.38it/s, loss=0.9020]Trial 8 Ep1:  42%|█████████████████████████████▏                                        | 48/115 [00:09<00:12,  5.38it/s, loss=1.2164]Trial 8 Ep1:  43%|█████████████████████████████▊                                        | 49/115 [00:09<00:12,  5.36it/s, loss=1.2164]Trial 8 Ep1:  43%|█████████████████████████████▊                                        | 49/115 [00:10<00:12,  5.36it/s, loss=1.2731]Trial 8 Ep1:  43%|██████████████████████████████▍                                       | 50/115 [00:10<00:12,  5.33it/s, loss=1.2731]Trial 8 Ep1:  43%|██████████████████████████████▍                                       | 50/115 [00:10<00:12,  5.33it/s, loss=0.8769]Trial 8 Ep1:  44%|███████████████████████████████                                       | 51/115 [00:10<00:11,  5.40it/s, loss=0.8769]Trial 8 Ep1:  44%|███████████████████████████████                                       | 51/115 [00:10<00:11,  5.40it/s, loss=1.1772]Trial 8 Ep1:  45%|███████████████████████████████▋                                      | 52/115 [00:10<00:11,  5.47it/s, loss=1.1772]Trial 8 Ep1:  45%|███████████████████████████████▋                                      | 52/115 [00:10<00:11,  5.47it/s, loss=0.7858]Trial 8 Ep1:  46%|████████████████████████████████▎                                     | 53/115 [00:10<00:11,  5.53it/s, loss=0.7858]Trial 8 Ep1:  46%|████████████████████████████████▎                                     | 53/115 [00:10<00:11,  5.53it/s, loss=1.1166]Trial 8 Ep1:  47%|████████████████████████████████▊                                     | 54/115 [00:10<00:11,  5.53it/s, loss=1.1166]Trial 8 Ep1:  47%|████████████████████████████████▊                                     | 54/115 [00:11<00:11,  5.53it/s, loss=1.0800]Trial 8 Ep1:  48%|█████████████████████████████████▍                                    | 55/115 [00:11<00:10,  5.60it/s, loss=1.0800]Trial 8 Ep1:  48%|█████████████████████████████████▍                                    | 55/115 [00:11<00:10,  5.60it/s, loss=0.5722]Trial 8 Ep1:  49%|██████████████████████████████████                                    | 56/115 [00:11<00:10,  5.58it/s, loss=0.5722]Trial 8 Ep1:  49%|██████████████████████████████████                                    | 56/115 [00:11<00:10,  5.58it/s, loss=1.4012]Trial 8 Ep1:  50%|██████████████████████████████████▋                                   | 57/115 [00:11<00:10,  5.50it/s, loss=1.4012]Trial 8 Ep1:  50%|██████████████████████████████████▋                                   | 57/115 [00:11<00:10,  5.50it/s, loss=1.1408]Trial 8 Ep1:  50%|███████████████████████████████████▎                                  | 58/115 [00:11<00:10,  5.54it/s, loss=1.1408]Trial 8 Ep1:  50%|███████████████████████████████████▎                                  | 58/115 [00:11<00:10,  5.54it/s, loss=0.8662]Trial 8 Ep1:  51%|███████████████████████████████████▉                                  | 59/115 [00:11<00:10,  5.52it/s, loss=0.8662]Trial 8 Ep1:  51%|███████████████████████████████████▉                                  | 59/115 [00:11<00:10,  5.52it/s, loss=1.3220]Trial 8 Ep1:  52%|████████████████████████████████████▌                                 | 60/115 [00:11<00:09,  5.53it/s, loss=1.3220]Trial 8 Ep1:  52%|████████████████████████████████████▌                                 | 60/115 [00:12<00:09,  5.53it/s, loss=1.2524]Trial 8 Ep1:  53%|█████████████████████████████████████▏                                | 61/115 [00:12<00:09,  5.58it/s, loss=1.2524]Trial 8 Ep1:  53%|█████████████████████████████████████▏                                | 61/115 [00:12<00:09,  5.58it/s, loss=0.9590]Trial 8 Ep1:  54%|█████████████████████████████████████▋                                | 62/115 [00:12<00:09,  5.60it/s, loss=0.9590]Trial 8 Ep1:  54%|█████████████████████████████████████▋                                | 62/115 [00:12<00:09,  5.60it/s, loss=0.8364]Trial 8 Ep1:  55%|██████████████████████████████████████▎                               | 63/115 [00:12<00:09,  5.54it/s, loss=0.8364]Trial 8 Ep1:  55%|██████████████████████████████████████▎                               | 63/115 [00:12<00:09,  5.54it/s, loss=0.6215]Trial 8 Ep1:  56%|██████████████████████████████████████▉                               | 64/115 [00:12<00:09,  5.58it/s, loss=0.6215]Trial 8 Ep1:  56%|██████████████████████████████████████▉                               | 64/115 [00:12<00:09,  5.58it/s, loss=1.1840]Trial 8 Ep1:  57%|███████████████████████████████████████▌                              | 65/115 [00:12<00:09,  5.47it/s, loss=1.1840]Trial 8 Ep1:  57%|███████████████████████████████████████▌                              | 65/115 [00:13<00:09,  5.47it/s, loss=1.0638]Trial 8 Ep1:  57%|████████████████████████████████████████▏                             | 66/115 [00:13<00:08,  5.47it/s, loss=1.0638]Trial 8 Ep1:  57%|████████████████████████████████████████▏                             | 66/115 [00:13<00:08,  5.47it/s, loss=0.8478]Trial 8 Ep1:  58%|████████████████████████████████████████▊                             | 67/115 [00:13<00:08,  5.50it/s, loss=0.8478]Trial 8 Ep1:  58%|████████████████████████████████████████▊                             | 67/115 [00:13<00:08,  5.50it/s, loss=1.0615]Trial 8 Ep1:  59%|█████████████████████████████████████████▍                            | 68/115 [00:13<00:08,  5.48it/s, loss=1.0615]Trial 8 Ep1:  59%|█████████████████████████████████████████▍                            | 68/115 [00:13<00:08,  5.48it/s, loss=1.0746]Trial 8 Ep1:  60%|██████████████████████████████████████████                            | 69/115 [00:13<00:08,  5.49it/s, loss=1.0746]Trial 8 Ep1:  60%|██████████████████████████████████████████                            | 69/115 [00:13<00:08,  5.49it/s, loss=0.7694]Trial 8 Ep1:  61%|██████████████████████████████████████████▌                           