Trial 7 Ep1:   0%|                                                                                            | 0/115 [00:00<?, ?it/s]Trial 7 Ep1:   0%|                                                                         | 0/115 [00:01<?, ?it/s, loss=4482769.5000]Trial 7 Ep1:   1%|▌                                                                | 1/115 [00:01<01:54,  1.00s/it, loss=4482769.5000]Trial 7 Ep1:   1%|▌                                                                | 1/115 [00:01<01:54,  1.00s/it, loss=3140218.7500]Trial 7 Ep1:   2%|█▏                                                               | 2/115 [00:01<01:21,  1.39it/s, loss=3140218.7500]Trial 7 Ep1:   2%|█                                                         | 2/115 [00:02<01:21,  1.39it/s, loss=16651286216704.0000]Trial 7 Ep1:   3%|█▌                                                        | 3/115 [00:02<01:23,  1.34it/s, loss=16651286216704.0000]                                                                                                                                      [I 2026-02-24 13:43:02,515] Trial 7 finished with value: 0.0 and parameters: {'learning_rate': 0.0007310511901333058, 'target_ab_lr': 0.0396760507705299}. Best is trial 6 with value: 0.8439490445859873.

  [NaN/Inf detected at batch 3] Aborting trial.
[Trial 7] GPU cache cleared

======================================================================
Trial 8 Starting
======================================================================
  rank=8, transfer_every=10000000, transfer_lr=1.0000e-01
  lora_alpha=1.0000, lr=4.6352e-03, wd=0.00e+00
  target_ab_lr=0.0133, lr_multiplier=2.871751
  effective_ab_lr = lr*alpha*mult = 0.0133
  momentum=0.00, nesterov=False, reinit_mode=decay
  tau_sec=0.0, optimizer=AnalogAdam
======================================================================
huggingface/tokenizers: The current process just got forked, after parallelism has already been used. Disabling parallelism to avoid deadlocks...
To disable this warning, you can either:
	- Avoid using `tokenizers` before the fork if possible
	- Explicitly set the environment variable TOKENIZERS_PARALLELISM=(true | false)
Some weights of MobileBertForSequenceClassification were not initialized from the model checkpoint at google/mobilebert-uncased and are newly initialized: ['classifier.bias', 'classifier.weight']
You should probably TRAIN this model on a down-stream task to be able to use it for predictions and inference.
  [FIX] Reinitialized classifier with FIXED seed=42
  LRTT Analog layers: 96, Total params: 21,842,978, Trainable (before grad set): 21,830,690
  Trainable (after grad set): 13,602
  LoRA target: qkv -> ['attention.self.query', 'attention.self.key', 'attention.self.value', 'attention.output.dense']

Optimizer configuration:
  Forward scaling (lora_alpha): 1.0
  Classifier LR: 0.0046352270335844135
  LRTT LR (optimizer): 0.013311216080736894 (= 0.0046352270335844135 * 2.8717506142182105)
  Effective A,B LR: 0.013311216080736894 (= 0.013311216080736894 * 1.0)
  LRTT_LR_MULTIPLIER: 2.8717506142182105
  LRTT tile params: 288
  Other params: 98
  Collected 96 tile_c contexts for post-step reset
  Collected 192 tile_a/b contexts for post-step reset
  AB LR Warmup: 1e-07 → 1e-02 over 40 steps
Trial 8 Ep1:   0%|                                                                                            | 0/115 [00:00<?, ?it/s]Trial 8 Ep1:   0%|                                                                         | 0/115 [00:00<?, ?it/s, loss=3320994.2500]Trial 8 Ep1:   1%|▌                                                                | 1/115 [00:00<01:46,  1.07it/s, loss=3320994.2500]Trial 8 Ep1:   1%|▌                                                                | 1/115 [00:01<01:46,  1.07it/s, loss=4280884.0000]Trial 8 Ep1:   2%|█▏                                                               | 2/115 [00:01<01:03,  1.79it/s, loss=4280884.0000]Trial 8 Ep1:   2%|█                                                           | 2/115 [00:02<01:03,  1.79it/s, loss=242212290560.0000]Trial 8 Ep1:   3%|█▌                                                          | 3/115 [00:02<01:18,  1.43it/s, loss=242212290560.0000]                                                                                                                                      [I 2026-02-24 13:43:12,832] Trial 8 finished with value: 0.0 and parameters: {'learning_rate': 0.0046352270335844135, 'target_ab_lr': 0.013311216080736894}. Best is trial 6 with value: 0.8439490445859873.

  [NaN/Inf detected at batch 3] Aborting trial.
[Trial 8] GPU cache cleared

======================================================================
Trial 9 Starting
======================================================================
  rank=8, transfer_every=10000000, transfer_lr=1.0000e-01
  lora_alpha=1.0000, lr=6.4351e-04, wd=0.00e+00
  target_ab_lr=0.0812, lr_multiplier=126.232886
  effective_ab_lr = lr*alpha*mult = 0.0812
  momentum=0.00, nesterov=False, reinit_mode=decay
  tau_sec=0.0, optimizer=AnalogAdam
======================================================================
huggingface/tokenizers: The current process just got forked, after parallelism has already been used. Disabling parallelism to avoid deadlocks...
To disable this warning, you can either:
	- Avoid using `tokenizers` before the fork if possible
	- Explicitly set the environment variable TOKENIZERS_PARALLELISM=(true | false)
Some weights of MobileBertForSequenceClassification were not initialized from the model checkpoint at google/mobilebert-uncased and are newly initialized: ['classifier.bias', 'classifier.weight']
You should probably TRAIN this model on a down-stream task to be able to use it for predictions and inference.
  [FIX] Reinitialized classifier with FIXED seed=42
  LRTT Analog layers: 96, Total params: 21,842,978, Trainable (before grad set): 21,830,690
  Trainable (after grad set): 13,602
  LoRA target: qkv -> ['attention.self.query', 'attention.self.key', 'attention.self.value', 'attention.output.dense']

Optimizer configuration:
  Forward scaling (lora_alpha): 1.0
  Classifier LR: 0.0006435125845903198
  LRTT LR (optimizer): 0.0812324508558869 (= 0.0006435125845903198 * 126.23288619538344)
  Effective A,B LR: 0.0812324508558869 (= 0.0812324508558869 * 1.0)
  LRTT_LR_MULTIPLIER: 126.23288619538344
  LRTT tile params: 288
  Other params: 98
  Collected 96 tile_c contexts for post-step reset
  Collected 192 tile_a/b contexts for post-step reset
  AB LR Warmup: 1e-07 → 8e-02 over 40 steps
