Trial 10 Ep2:   0%|                                                                                           | 0/115 [00:00<?, ?it/s]                                                                                                                                      [I 2026-02-24 14:06:11,848] Trial 10 finished with value: 0.0 and parameters: {'learning_rate': 0.01670205995934926, 'target_ab_lr': 0.00010422971466648466}. Best is trial 8 with value: 0.8422876949740035.

  [NaN/Inf detected at batch 0] Aborting trial.
[Trial 10] GPU cache cleared

======================================================================
Trial 11 Starting
======================================================================
  rank=8, transfer_every=10000000, transfer_lr=1.0000e-01
  lora_alpha=1.0000, lr=1.6228e-02, wd=0.00e+00
  target_ab_lr=0.0011, lr_multiplier=0.065958
  effective_ab_lr = lr*alpha*mult = 0.0011
  momentum=0.00, nesterov=False, reinit_mode=decay
  tau_sec=0.0, optimizer=AnalogAdam
======================================================================
Some weights of MobileBertForSequenceClassification were not initialized from the model checkpoint at google/mobilebert-uncased and are newly initialized: ['classifier.bias', 'classifier.weight']
You should probably TRAIN this model on a down-stream task to be able to use it for predictions and inference.
  [FIX] Reinitialized classifier with FIXED seed=42
  LRTT Analog layers: 96, Total params: 21,842,978, Trainable (before grad set): 21,830,690
  Trainable (after grad set): 13,602
  LoRA target: qkv -> ['attention.self.query', 'attention.self.key', 'attention.self.value', 'attention.output.dense']

Optimizer configuration:
  Forward scaling (lora_alpha): 1.0
  Classifier LR: 0.01622837833630669
  LRTT LR (optimizer): 0.0010703839045834436 (= 0.01622837833630669 * 0.06595753946583459)
  Effective A,B LR: 0.0010703839045834436 (= 0.0010703839045834436 * 1.0)
  LRTT_LR_MULTIPLIER: 0.06595753946583459
  LRTT tile params: 288
  Other params: 98
  Collected 96 tile_c contexts for post-step reset
  Collected 192 tile_a/b contexts for post-step reset
  AB LR Warmup: 1e-07 → 1e-03 over 161 steps (scheduler warmup: 40 steps)
Trial 11 Ep1:   0%|                                                                                           | 0/115 [00:00<?, ?it/s]Trial 11 Ep1:   0%|                                                                        | 0/115 [00:00<?, ?it/s, loss=3500860.7500]Trial 11 Ep1:   1%|▌                                                               | 1/115 [00:00<01:41,  1.13it/s, loss=3500860.7500]Trial 11 Ep1:   1%|▌                                                               | 1/115 [00:01<01:41,  1.13it/s, loss=3201256.5000]Trial 11 Ep1:   2%|█                                                               | 2/115 [00:01<00:52,  2.14it/s, loss=3201256.5000]Trial 11 Ep1:   2%|█▏                                                                 | 2/115 [00:01<00:52,  2.14it/s, loss=3291.1902]Trial 11 Ep1:   3%|█▋                                                                 | 3/115 [00:01<00:37,  2.98it/s, loss=3291.1902]Trial 11 Ep1:   3%|█▋                                                                 | 3/115 [00:01<00:37,  2.98it/s, loss=2405.0278]Trial 11 Ep1:   3%|██▎                                                                | 4/115 [00:01<00:36,  3.01it/s, loss=2405.0278]Trial 11 Ep1:   3%|██▎                                                                | 4/115 [00:01<00:36,  3.01it/s, loss=3633.9697]Trial 11 Ep1:   4%|██▉                                                                | 5/115 [00:01<00:37,  2.93it/s, loss=3633.9697]Trial 11 Ep1:   4%|██▉                                                                | 5/115 [00:02<00:37,  2.93it/s, loss=5813.5479]Trial 11 Ep1:   5%|███▍                                                               | 6/115 [00:02<00:30,  3.53it/s, loss=5813.5479]Trial 11 Ep1:   5%|███▍                                                               | 6/115 [00:02<00:30,  3.53it/s, loss=2747.0815]Trial 11 Ep1:   6%|████                                                               | 7/115 [00:02<00:26,  4.02it/s, loss=2747.0815]Trial 11 Ep1:   6%|████▏                                                               | 7/115 [00:02<00:26,  4.02it/s, loss=427.6573]Trial 11 Ep1:   7%|████▋                                                               | 8/115 [00:02<00:28,  3.78it/s, loss=427.6573]Trial 11 Ep1:   7%|████▋                                                              | 8/115 [00:02<00:28,  3.78it/s, loss=5946.2373]Trial 11 Ep1:   8%|█████▏                                                             | 9/115 [00:02<00:25,  4.24it/s, loss=5946.2373]Trial 11 Ep1:   8%|█████▏                                                             | 9/115 [00:02<00:25,  4.24it/s, loss=7124.4595]Trial 11 Ep1:   9%|█████▋                                                            | 10/115 [00:02<00:22,  4.63it/s, loss=7124.4595]Trial 11 Ep1:   9%|█████▉                                                              | 10/115 [00:03<00:22,  4.63it/s, loss=64.3248]Trial 11 Ep1:  10%|██████▌                                                             | 11/115 [00:03<00:20,  4.96it/s, loss=64.3248]Trial 11 Ep1:  10%|██████▌                                                             | 11/115 [00:03<00:20,  4.96it/s, loss=25.4083]Trial 11 Ep1:  10%|███████                                                             | 12/115 [00:03<00:26,  3.91it/s, loss=25.4083]Trial 11 Ep1:  10%|███████▏                                                             | 12/115 [00:03<00:26,  3.91it/s, loss=3.8807]Trial 11 Ep1:  11%|███████▊                                                             | 13/115 [00:03<00:23,  4.31it/s, loss=3.8807]Trial 11 Ep1:  11%|███████▊                                                             | 13/115 [00:03<00:23,  4.31it/s, loss=7.6412]Trial 11 Ep1:  12%|████████▍                                                            | 14/115 [00:03<00:21,  4.63it/s, loss=7.6412]Trial 11 Ep1:  12%|████████▎                                                           | 14/115 [00:03<00:21,  4.63it/s, loss=22.7056]Trial 11 Ep1:  13%|████████▊                                                           | 15/115 [00:03<00:20,  4.91it/s, loss=22.7056]Trial 11 Ep1:  13%|████████▊                                                           | 15/115 [00:04<00:20,  4.91it/s, loss=15.8544]Trial 11 Ep1:  14%|█████████▍                                                          | 16/115 [00:04<00:19,  5.15it/s, loss=15.8544]Trial 11 Ep1:  14%|█████████▍                                                          | 16/115 [00:04<00:19,  5.15it/s, loss=12.5310]Trial 11 Ep1:  15%|██████████                                                          | 17/115 [00:04<00:18,  5.34it/s, loss=12.5310]Trial 11 Ep1:  15%|██████████▏                                                          | 17/115 [00:04<00:18,  5.34it/s, loss=3.4528]Trial 11 Ep1:  16%|██████████▊                                                          | 18/115 [00:04<00:17,  5.41it/s, loss=3.4528]Trial 11 Ep1:  16%|██████████▋                                                         | 18/115 [00:04<00:17,  5.41it/s, loss=18.9791]Trial 11 Ep1:  17%|███████████▏                                                        | 19/115 [00:04<00:17,  5.47it/s, loss=18.9791]Trial 11 Ep1:  17%|███████████▏                                                        | 19/115 [00:04<00:17,  5.47it/s, loss=31.4108]Trial 11 Ep1:  17%|███████████▊                                                        | 20/115 [00:04<00:17,  5.53it/s, loss=31.4108]Trial 11 Ep1:  17%|███████████▊                                                        | 20/115 [00:05<00:17,  5.53it/s, loss=24.9722]Trial 11 Ep1:  18%|████████████▍                                                       | 21/115 [00:05<00:16,  5.55it/s, loss=24.9722]Trial 11 Ep1:  18%|████████████▍                                                       | 21/115 [00:05<00:16,  5.55it/s, loss=13.5831]Trial 11 Ep1:  19%|█████████████                                                       | 22/115 [00:05<00:22,  4.13it/s, loss=13.5831]Trial 11 Ep1:  19%|█████████████▏                                                       | 22/115 [00:05<00:22,  4.13it/s, loss=1.9213]Trial 11 Ep1:  20%|█████████████▊                                                       | 23/115 [00:05<00:20,  4.46it/s, loss=1.9213]Trial 11 Ep1:  20%|█████████████▊                                                       | 23/115 [00:05<00:20,  4.46it/s, loss=0.4964]Trial 11 Ep1:  21%|██████████████▍                                                      | 24/115 [00:05<00:19,  4.78it/s, loss=0.4964]Trial 11 Ep1:  21%|██████████████▍                                                      | 24/115 [00:05<00:19,  4.78it/s, loss=3.0837]Trial 11 Ep1:  22%|███████████████                                                      | 25/115 [00:05<00:17,  5.08it/s, loss=3.0837]Trial 11 Ep1:  22%|███████████████                                                      | 25/115 [00:06<00:17,  5.08it/s, loss=5.5461]Trial 11 Ep1:  23%|███████████████▌                                                     | 26/115 [00:06<00:16,  5.24it/s, loss=5.5461]Trial 11 Ep1:  23%|███████████████▌                                                     | 26/115 [00:06<00:16,  5.24it/s, loss=3.6329]Trial 11 Ep1:  23%|████████████████▏                                                    | 27/115 [00:06<00:16,  5.38it/s, loss=3.6329]Trial 11 Ep1:  23%|████████████████▏                                                    | 27/115 [00:06<00:16,  5.38it/s, loss=3.1873]Trial 11 Ep1:  24%|████████████████▊                                                    | 28/115 [00:06<00:15,  5.48it/s, loss=3.1873]Trial 11 Ep1:  24%|████████████████▊                                                    | 28/115 [00:06<00:15,  5.48it/s, loss=1.7033]Trial 11 Ep1:  25%|█████████████████▍                                                   | 29/115 [00:06<00:15,  5.54it/s, loss=1.7033]Trial 11 Ep1:  25%|█████████████████▍                                                   | 29/115 [00:06<00:15,  5.54it/s, loss=0.9493]Trial 11 Ep1:  26%|██████████████████                                                   | 30/115 [00:06<00:15,  5.56it/s, loss=0.9493]Trial 11 Ep1:  26%|██████████████████                                                   | 30/115 [00:07<00:15,  5.56it/s, loss=1.1718]Trial 11 Ep1:  27%|██████████████████▌                                                  | 31/115 [00:07<00:14,  5.66it/s, loss=1.1718]Trial 11 Ep1:  27%|██████████████████▌                                                  | 31/115 [00:07<00:14,  5.66it/s, loss=0.8496]Trial 11 Ep1:  28%|███████████████████▏                                                 | 32/115 [00:07<00:14,  5.68it/s, loss=0.8496]Trial 11 Ep1:  28%|███████████████████▏                                                 | 32/115 [00:07<00:14,  5.68it/s, loss=0.7343]Trial 11 Ep1:  29%|███████████████████▊                                                 | 33/115 [00:07<00:14,  5.73it/s, loss=0.7343]Trial 11 Ep1:  29%|███████████████████▊                                                 | 33/115 [00:07<00:14,  5.73it/s, loss=0.7727]Trial 11 Ep1:  30%|████████████████████▍                                                | 34/115 [00:07<00:14,  5.74it/s, loss=0.7727]Trial 11 Ep1:  30%|████████████████████▍                                                | 34/115 [00:07<00:14,  5.74it/s, loss=0.7006]Trial 11 Ep1:  30%|█████████████████████                                                | 35/115 [00:07<00:13,  5.76it/s, loss=0.7006]Trial 11 Ep1:  30%|█████████████████████                                                | 35/115 [00:07<00:13,  5.76it/s, loss=0.6228]Trial 11 Ep1:  31%|█████████████████████▌                                               | 36/115 [00:07<00:13,  5.74it/s, loss=0.6228]Trial 11 Ep1:  31%|█████████████████████▌                                               | 36/115 [00:08<00:13,  5.74it/s, loss=0.5670]Trial 11 Ep1:  32%|██████████████████████▏                                              | 37/115 [00:08<00:13,  5.76it/s, loss=0.5670]Trial 11 Ep1:  32%|██████████████████████▏                                              | 37/115 [00:08<00:13,  5.76it/s, loss=0.9723]Trial 11 Ep1:  33%|██████████████████████▊                                              | 38/115 [00:08<00:13,  5.80it/s, loss=0.9723]Trial 11 Ep1:  33%|██████████████████████▊                                              | 38/115 [00:08<00:13,  5.80it/s, loss=0.7081]Trial 11 Ep1:  34%|███████████████████████▍                                             | 39/115 [00:08<00:13,  5.84it/s, loss=0.7081]Trial 11 Ep1:  34%|███████████████████████▍                                             | 39/115 [00:08<00:13,  5.84it/s, loss=0.6004]Trial 11 Ep1:  35%|████████████████████████                                             | 40/115 [00:08<00:12,  5.82it/s, loss=0.6004]Trial 11 Ep1:  35%|████████████████████████                                             | 40/115 [00:08<00:12,  5.82it/s, loss=0.8046]Trial 11 Ep1:  36%|████████████████████████▌                                            | 41/115 [00:08<00:12,  5.82it/s, loss=0.8046]Trial 11 Ep1:  36%|████████████████████████▌                                            | 41/115 [00:08<00:12,  5.82it/s, loss=0.8140]Trial 11 Ep1:  37%|█████████████████████████▏                                           | 42/115 [00:08<00:12,  5.79it/s, loss=0.8140]Trial 11 Ep1:  37%|█████████████████████████▏                                           | 42/115 [00:09<00:12,  5.79it/s, loss=0.7619]Trial 11 Ep1:  37%|█████████████████████████▊                                           | 43/115 [00:09<00:12,  5.77it/s, loss=0.7619]Trial 11 Ep1:  37%|█████████████████████████▊                                           | 43/115 [00:09<00:12,  5.77it/s, loss=0.6552]Trial 11 Ep1:  38%|██████████████████████████▍                                          | 44/115 [00:09<00:12,  5.78it/s, loss=0.6552]Trial 11 Ep1:  38%|██████████████████████████▍                                          | 44/115 [00:09<00:12,  5.78it/s, loss=0.7495]Trial 11 Ep1:  39%|███████████████████████████                                          | 45/115 [00:09<00:12,  5.83it/s, loss=0.7495]Trial 11 Ep1:  39%|███████████████████████████                                          | 45/115 [00:09<00:12,  5.83it/s, loss=0.7674]Trial 11 Ep1:  40%|███████████████████████████▌                                         | 46/115 [00:09<00:11,  5.86it/s, loss=0.7674]Trial 11 Ep1:  40%|███████████████████████████▌                                         | 46/115 [00:09<00:11,  5.86it/s, loss=0.9099]Trial 11 Ep1:  41%|████████████████████████████▏                                        | 47/115 [00:09<00:11,  5.85it/s, loss=0.9099]Trial 11 Ep1:  41%|████████████████████████████▏                                        | 47/115 [00:09<00:11,  5.85it/s, loss=1.0562]Trial 11 Ep1:  42%|████████████████████████████▊                                        | 48/115 [00:09<00:11,  5.82it/s, loss=1.0562]Trial 11 Ep1:  42%|████████████████████████████▊                                        | 48/115 [00:10<00:11,  5.82it/s, loss=1.7888]Trial 11 Ep1:  43%|█████████████████████████████▍                                       | 49/115 [00:10<00:11,  5.77it/s, loss=1.7888]Trial 11 Ep1:  43%|█████████████████████████████▍                                       | 49/115 [00:10<00:11,  5.77it/s, loss=1.8916]Trial 11 Ep1:  43%|██████████████████████████████                                       | 50/115 [00:10<00:11,  5.71it/s, loss=1.8916]Trial 11 Ep1:  43%|██████████████████████████████                                       | 50/115 [00:10<00:11,  5.71it/s, loss=1.6789]Trial 11 Ep1:  44%|██████████████████████████████▌                                      | 51/115 [00:10<00:11,  5.74it/s, loss=1.6789]Trial 11 Ep1:  44%|██████████████████████████████▌                                      | 51/115 [00:10<00:11,  5.74it/s, loss=0.6977]Trial 11 Ep1:  45%|███████████████████████████████▏                                     | 52/115 [00:10<00:11,  5.51it/s, loss=0.6977]Trial 11 Ep1:  45%|███████████████████████████████▏                                     | 52/115 [00:10<00:11,  5.51it/s, loss=0.9878]Trial 11 Ep1:  46%|███████████████████████████████▊                                     | 53/115 [00:10<00:11,  5.35it/s, loss=0.9878]Trial 11 Ep1:  46%|███████████████████████████████▊                                     | 53/115 [00:11<00:11,  5.35it/s, loss=0.9697]Trial 11 Ep1:  47%|████████████████████████████████▍                                    | 54/115 [00:11<00:11,  5.25it/s, loss=0.9697]Trial 11 Ep1:  47%|████████████████████████████████▍                                    | 54/115 [00:11<00:11,  5.25it/s, loss=1.1978]Trial 11 Ep1:  48%|█████████████████████████████████                                    | 55/115 [00:11<00:11,  5.15it/s, loss=1.1978]Trial 11 Ep1:  48%|█████████████████████████████████                                    | 55/115 [00:11<00:11,  5.15it/s, loss=1.7669]Trial 11 Ep1:  49%|█████████████████████████████████▌                                   | 56/115 [00:11<00:11,  5.18it/s, loss=1.7669]Trial 11 Ep1:  49%|█████████████████████████████████▌                                   | 56/115 [00:11<00:11,  5.18it/s, loss=0.9780]Trial 11 Ep1:  50%|██████████████████████████████████▏                                  | 57/115 [00:11<00:11,  5.03it/s, loss=0.9780]Trial 11 Ep1:  50%|██████████████████████████████████▏                                  | 57/115 [00:11<00:11,  5.03it/s, loss=0.4567]Trial 11 Ep1:  50%|██████████████████████████████████▊                                  | 58/115 [00:11<00:11,  5.09it/s, loss=0.4567]Trial 11 Ep1:  50%|██████████████████████████████████▊                                  | 58/115 [00:12<00:11,  5.09it/s, loss=1.3504]Trial 11 Ep1:  51%|███████████████████████████████████▍                                 | 59/115 [00:12<00:11,  5.02it/s, loss=1.3504]Trial 11 Ep1:  51%|███████████████████████████████████▍                                 | 59/115 [00:12<00:11,  5.02it/s, loss=0.8105]Trial 11 Ep1:  52%|████████████████████████████████████                                 | 60/115 [00:12<00:11,  5.00it/s, loss=0.8105]Trial 11 Ep1:  52%|████████████████████████████████████                                 | 60/115 [00:12<00:11,  5.00it/s, loss=0.8252]Trial 11 Ep1:  53%|████████████████████████████████████▌                                | 61/115 [00:12<00:10,  5.00it/s, loss=0.8252]Trial 11 Ep1:  53%|████████████████████████████████████▌                                | 61/115 [00:12<00:10,  5.00it/s, loss=1.4083]Trial 11 Ep1:  54%|█████████████████████████████████████▏                               | 62/115 [00:12<00:10,  4.99it/s, loss=1.4083]Trial 11 Ep1:  54%|█████████████████████████████████████▏                               | 62/115 [00:12<00:10,  4.99it/s, loss=0.8900]Trial 11 Ep1:  55%|█████████████████████████████████████▊                               | 63/115 [00:12<00:10,  5.05it/s, loss=0.8900]Trial 11 Ep1:  55%|█████████████████████████████████████▊                               | 63/115 [00:13<00:10,  5.05it/s, loss=1.0498]Trial 11 Ep1:  56%|██████████████████████████████████████▍                              | 64/115 [00:13<00:10,  4.98it/s, loss=1.0498]Trial 11 Ep1:  56%|██████████████████████████████████████▍                              | 64/115 [00:13<00:10,  4.98it/s, loss=0.7366]Trial 11 Ep1:  57%|███████████████████████████████████████                              | 65/115 [00:13<00:09,  5.06it/s, loss=0.7366]Trial 11 Ep1:  57%|███████████████████████████████████████                              | 65/115 [00:13<00:09,  5.06it/s, loss=0.7153]Trial 11 Ep1:  57%|███████████████████████████████████████▌                             | 66/115 [00:13<00:09,  5.03it/s, loss=0.7153]Trial 11 Ep1:  57%|███████████████████████████████████████▌                             | 66/115 [00:13<00:09,  5.03it/s, loss=0.7787]Trial 11 Ep1:  58%|████████████████████████████████████████▏                            | 67/115 [00:13<00:09,  5.04it/s, loss=0.7787]Trial 11 Ep1:  58%|████████████████████████████████████████▏                            | 67/115 [00:13<00:09,  5.04it/s, loss=0.8340]Trial 11 Ep1:  59%|████████████████████████████████████████▊                            | 68/115 [00:13<00:09,  5.00it/s, loss=0.8340]Trial 11 Ep1:  59%|████████████████████████████████████████▊                            | 68/115 [00:14<00:09,  5.00it/s, loss=0.7414]Trial 11 Ep1:  60%|█████████████████████████████████████████▍                           | 69/115 [00:14<00:09,  5.02it/s, loss=0.7414]Trial 11 Ep1:  60%|█████████████████████████████████████████▍                           | 69/115 [00:14<00:09,  5.02it/s, loss=1.0201]Trial 11 Ep1:  61%|██████████████████████████████████████████                           | 70/115 [00:14<00:08,  5.02it/s, loss=1.0201]Trial 11 Ep1:  61%|██████████████████████████████████████████                           | 70/115 [00:14<00:08,  5.02it/s, loss=1.1728]Trial 11 Ep1:  62%|██████████████████████████████████████████▌                          | 71/115 [00:14<00:08,  4.98it/s, loss=1.1728]Trial 11 Ep1:  62%|██████████████████████████████████████████▌                          | 71/115 [00:14<00:08,  4.98it/s, loss=0.7496]Trial 11 Ep1:  63%|███████████████████████████████████████████▏                         | 72/115 [00:14<00:08,  5.06it/s, loss=0.7496]Trial 11 Ep1:  63%|███████████████████████████████████████████▏                         | 72/115 [00:14<00:08,  5.06it/s, loss=0.7340]Trial 11 Ep1:  63%|███████████████████████████████████████████▊                      