Trial 12 Ep1:   0%|                                                                                           | 0/115 [00:00<?, ?it/s]Trial 12 Ep1:   0%|                                                                        | 0/115 [00:00<?, ?it/s, loss=3845878.5000]Trial 12 Ep1:   1%|▌                                                               | 1/115 [00:00<01:45,  1.08it/s, loss=3845878.5000]Trial 12 Ep1:   1%|▌                                                               | 1/115 [00:01<01:45,  1.08it/s, loss=2957114.0000]Trial 12 Ep1:   2%|█                                                               | 2/115 [00:01<00:55,  2.03it/s, loss=2957114.0000]Trial 12 Ep1:   2%|█                                                               | 2/115 [00:01<00:55,  2.03it/s, loss=4522834.0000]Trial 12 Ep1:   3%|█▋                                                              | 3/115 [00:01<00:48,  2.31it/s, loss=4522834.0000]Trial 12 Ep1:   3%|█▌                                                            | 3/115 [00:01<00:48,  2.31it/s, loss=640911616.0000]Trial 12 Ep1:   3%|██▏                                                           | 4/115 [00:01<00:38,  2.90it/s, loss=640911616.0000]Trial 12 Ep1:   3%|██                                                           | 4/115 [00:01<00:38,  2.90it/s, loss=3273260800.0000]Trial 12 Ep1:   4%|██▋                                                          | 5/115 [00:01<00:32,  3.43it/s, loss=3273260800.0000]Trial 12 Ep1:   4%|██▍                                                      | 5/115 [00:02<00:32,  3.43it/s, loss=56215245684736.0000]Trial 12 Ep1:   5%|██▉                                                      | 6/115 [00:02<00:29,  3.75it/s, loss=56215245684736.0000]Trial 12 Ep1:   5%|██▌                                               | 6/115 [00:02<00:29,  3.75it/s, loss=425933423520610516992.0000]Trial 12 Ep1:   6%|███                                               | 7/115 [00:02<00:26,  4.03it/s, loss=425933423520610516992.0000]                                                                                                                                      [I 2026-02-24 13:45:27,173] Trial 12 finished with value: 0.0 and parameters: {'learning_rate': 0.01622837833630669, 'target_ab_lr': 0.0016461655031080708}. Best is trial 6 with value: 0.8439490445859873.

  [NaN/Inf detected at batch 7] Aborting trial.
[Trial 12] GPU cache cleared

======================================================================
Trial 13 Starting
======================================================================
  rank=8, transfer_every=10000000, transfer_lr=1.0000e-01
  lora_alpha=1.0000, lr=2.5984e-03, wd=0.00e+00
  target_ab_lr=0.0001, lr_multiplier=0.050289
  effective_ab_lr = lr*alpha*mult = 0.0001
  momentum=0.00, nesterov=False, reinit_mode=decay
  tau_sec=0.0, optimizer=AnalogAdam
======================================================================
huggingface/tokenizers: The current process just got forked, after parallelism has already been used. Disabling parallelism to avoid deadlocks...
To disable this warning, you can either:
	- Avoid using `tokenizers` before the fork if possible
	- Explicitly set the environment variable TOKENIZERS_PARALLELISM=(true | false)
Some weights of MobileBertForSequenceClassification were not initialized from the model checkpoint at google/mobilebert-uncased and are newly initialized: ['classifier.bias', 'classifier.weight']
You should probably TRAIN this model on a down-stream task to be able to use it for predictions and inference.
  [FIX] Reinitialized classifier with FIXED seed=42
  LRTT Analog layers: 96, Total params: 21,842,978, Trainable (before grad set): 21,830,690
  Trainable (after grad set): 13,602
  LoRA target: qkv -> ['attention.self.query', 'attention.self.key', 'attention.self.value', 'attention.output.dense']

Optimizer configuration:
  Forward scaling (lora_alpha): 1.0
  Classifier LR: 0.0025983960583295133
  LRTT LR (optimizer): 0.00013066991237906987 (= 0.0025983960583295133 * 0.05028868172740242)
  Effective A,B LR: 0.00013066991237906987 (= 0.00013066991237906987 * 1.0)
  LRTT_LR_MULTIPLIER: 0.05028868172740242
  LRTT tile params: 288
  Other params: 98
  Collected 96 tile_c contexts for post-step reset
  Collected 192 tile_a/b contexts for post-step reset
  AB LR Warmup: 1e-07 → 1e-04 over 40 steps
Trial 13 Ep1:   0%|                                                                                           | 0/115 [00:00<?, ?it/s]Trial 13 Ep1:   0%|                                                                        | 0/115 [00:00<?, ?it/s, loss=3497346.0000]Trial 13 Ep1:   1%|▌                                                               | 1/115 [00:00<01:47,  1.06it/s, loss=3497346.0000]Trial 13 Ep1:   1%|▌                                                               | 1/115 [00:01<01:47,  1.06it/s, loss=3302276.5000]Trial 13 Ep1:   2%|█                                                               | 2/115 [00:01<00:57,  1.96it/s, loss=3302276.5000]Trial 13 Ep1:   2%|█▏                                                               | 2/115 [00:01<00:57,  1.96it/s, loss=609865.5000]Trial 13 Ep1:   3%|█▋                                                               | 3/115 [00:01<00:42,  2.63it/s, loss=609865.5000]Trial 13 Ep1:   3%|█▋                                                                | 3/115 [00:01<00:42,  2.63it/s, loss=21107.2246]Trial 13 Ep1:   3%|██▎                                                               | 4/115 [00:01<00:33,  3.30it/s, loss=21107.2246]Trial 13 Ep1:   3%|██▎                                                                | 4/115 [00:01<00:33,  3.30it/s, loss=2880.1023]Trial 13 Ep1:   4%|██▉                                                                | 5/115 [00:01<00:28,  3.80it/s, loss=2880.1023]Trial 13 Ep1:   4%|██▉                                                                 | 5/115 [00:02<00:28,  3.80it/s, loss=332.1579]Trial 13 Ep1:   5%|███▌                                                                | 6/115 [00:02<00:32,  3.37it/s, loss=332.1579]Trial 13 Ep1:   5%|███▌                                                                | 6/115 [00:02<00:32,  3.37it/s, loss=452.4115]Trial 13 Ep1:   6%|████▏                                                               | 7/115 [00:02<00:28,  3.73it/s, loss=452.4115]Trial 13 Ep1:   6%|████▏                                                                | 7/115 [00:02<00:28,  3.73it/s, loss=20.1364]Trial 13 Ep1:   7%|████▊                                                                | 8/115 [00:02<00:26,  4.09it/s, loss=20.1364]Trial 13 Ep1:   7%|████▊                                                                | 8/115 [00:02<00:26,  4.09it/s, loss=15.6882]Trial 13 Ep1:   8%|█████▍                                                               | 9/115 [00:02<00:24,  4.40it/s, loss=15.6882]Trial 13 Ep1:   8%|█████▍                                                               | 9/115 [00:03<00:24,  4.40it/s, loss=13.5099]Trial 13 Ep1:   9%|█████▉                                                              | 10/115 [00:03<00:27,  3.85it/s, loss=13.5099]Trial 13 Ep1:   9%|█████▊                                                             | 10/115 [00:03<00:27,  3.85it/s, loss=888.7812]Trial 13 Ep1:  10%|██████▍                                                            | 11/115 [00:03<00:24,  4.19it/s, loss=888.7812]Trial 13 Ep1:  10%|██████▌                                                              | 11/115 [00:03<00:24,  4.19it/s, loss=7.3351]Trial 13 Ep1:  10%|███████▏                                                             | 12/115 [00:03<00:28,  3.56it/s, loss=7.3351]Trial 13 Ep1:  10%|███████                                                             | 12/115 [00:03<00:28,  3.56it/s, loss=19.8286]Trial 13 Ep1:  11%|███████▋                                                            | 13/115 [00:03<00:26,  3.91it/s, loss=19.8286]Trial 13 Ep1:  11%|███████▋                                                            | 13/115 [00:03<00:26,  3.91it/s, loss=15.9090]Trial 13 Ep1:  12%|████████▎                                                           | 14/115 [00:03<00:23,  4.26it/s, loss=15.9090]Trial 13 Ep1:  12%|████████▍                                                            | 14/115 [00:04<00:23,  4.26it/s, loss=6.2742]Trial 13 Ep1:  13%|█████████                                                            | 15/115 [00:04<00:22,  4.52it/s, loss=6.2742]Trial 13 Ep1:  13%|█████████                                                            | 15/115 [00:04<00:22,  4.52it/s, loss=4.9560]Trial 13 Ep1:  14%|█████████▌                                                           | 16/115 [00:04<00:21,  4.70it/s, loss=4.9560]Trial 13 Ep1:  14%|█████████▍                                                          | 16/115 [00:04<00:21,  4.70it/s, loss=11.2367]Trial 13 Ep1:  15%|██████████                                                          | 17/115 [00:04<00:20,  4.83it/s, loss=11.2367]Trial 13 Ep1:  15%|██████████                                                          | 17/115 [00:04<00:20,  4.83it/s, loss=15.9192]Trial 13 Ep1:  16%|██████████▋                                                         | 18/115 [00:04<00:19,  4.99it/s, loss=15.9192]Trial 13 Ep1:  16%|██████████▋                                                         | 18/115 [00:04<00:19,  4.99it/s, loss=13.4881]Trial 13 Ep1:  17%|███████████▏                                                        | 19/115 [00:04<00:18,  5.10it/s, loss=13.4881]Trial 13 Ep1:  17%|███████████▍                                                         | 19/115 [00:05<00:18,  5.10it/s, loss=5.0434]Trial 13 Ep1:  17%|████████████                                                         | 20/115 [00:05<00:18,  5.15it/s, loss=5.0434]Trial 13 Ep1:  17%|████████████                                                         | 20/115 [00:05<00:18,  5.15it/s, loss=3.5219]Trial 13 Ep1:  18%|████████████▌                                                        | 21/115 [00:05<00:18,  5.21it/s, loss=3.5219]Trial 13 Ep1:  18%|████████████▌                                                        | 21/115 [00:05<00:18,  5.21it/s, loss=8.5508]Trial 13 Ep1:  19%|█████████████▏                                                       | 22/115 [00:05<00:17,  5.18it/s, loss=8.5508]Trial 13 Ep1:  19%|█████████████▏                                                       | 22/115 [00:05<00:17,  5.18it/s, loss=7.3480]Trial 13 Ep1:  20%|█████████████▊                                                       | 23/115 [00:05<00:18,  5.09it/s, loss=7.3480]Trial 13 Ep1:  20%|█████████████▊                                                       | 23/115 [00:05<00:18,  5.09it/s, loss=5.0483]Trial 13 Ep1:  21%|██████████████▍                                                      | 24/115 [00:05<00:17,  5.13it/s, loss=5.0483]Trial 13 Ep1:  21%|██████████████▍                                                      | 24/115 [00:06<00:17,  5.13it/s, loss=1.9436]Trial 13 Ep1:  22%|███████████████                                                      | 25/115 [00:06<00:17,  5.17it/s, loss=1.9436]Trial 13 Ep1:  22%|███████████████                                                      | 25/115 [00:06<00:17,  5.17it/s, loss=4.0979]Trial 13 Ep1:  23%|███████████████▌                                                     | 26/115 [00:06<00:17,  5.18it/s, loss=4.0979]Trial 13 Ep1:  23%|███████████████▎                                                    | 26/115 [00:06<00:17,  5.18it/s, loss=11.4376]Trial 13 Ep1:  23%|███████████████▉                                                    | 27/115 [00:06<00:16,  5.21it/s, loss=11.4376]Trial 13 Ep1:  23%|███████████████▉                                                    | 27/115 [00:06<00:16,  5.21it/s, loss=11.5204]Trial 13 Ep1:  24%|████████████████▌                                                   | 28/115 [00:06<00:16,  5.21it/s, loss=11.5204]Trial 13 Ep1:  24%|████████████████▊                                                    | 28/115 [00:06<00:16,  5.21it/s, loss=1.9746]Trial 13 Ep1:  25%|█████████████████▍                                                   | 29/115 [00:06<00:16,  5.28it/s, loss=1.9746]Trial 13 Ep1:  25%|█████████████████▏                                                  | 29/115 [00:07<00:16,  5.28it/s, loss=10.4059]Trial 13 Ep1:  26%|█████████████████▋                                                  | 30/115 [00:07<00:15,  5.33it/s, loss=10.4059]Trial 13 Ep1:  26%|█████████████████▋                                                  | 30/115 [00:07<00:15,  5.33it/s, loss=23.1253]Trial 13 Ep1:  27%|██████████████████▎                                                 | 31/115 [00:07<00:16,  5.20it/s, loss=23.1253]Trial 13 Ep1:  27%|██████████████████▌                                                  | 31/115 [00:07<00:16,  5.20it/s, loss=7.3931]Trial 13 Ep1:  28%|███████████████████▏                                                 | 32/115 [00:07<00:15,  5.28it/s, loss=7.3931]Trial 13 Ep1:  28%|██████████████████▉                                                 | 32/115 [00:07<00:15,  5.28it/s, loss=12.1846]Trial 13 Ep1:  29%|███████████████████▌                                                | 33/115 [00:07<00:15,  5.30it/s, loss=12.1846]Trial 13 Ep1:  29%|███████████████████▊                                                 | 33/115 [00:07<00:15,  5.30it/s, loss=3.0822]Trial 13 Ep1:  30%|████████████████████▍                                                | 34/115 [00:07<00:15,  5.30it/s, loss=3.0822]Trial 13 Ep1:  30%|████████████████████▍                                                | 34/115 [00:07<00:15,  5.30it/s, loss=2.0095]Trial 13 Ep1:  30%|█████████████████████                                                | 35/115 [00:07<00:15,  5.28it/s, loss=2.0095]Trial 13 Ep1:  30%|█████████████████████                                                | 35/115 [00:08<00:15,  5.28it/s, loss=3.1814]Trial 13 Ep1:  31%|█████████████████████▌                                               | 36/115 [00:08<00:15,  5.25it/s, loss=3.1814]Trial 13 Ep1:  31%|█████████████████████▌                                               | 36/115 [00:08<00:15,  5.25it/s, loss=6.4111]Trial 13 Ep1:  32%|██████████████████████▏                                              | 37/115 [00:08<00:14,  5.27it/s, loss=6.4111]Trial 13 Ep1:  32%|██████████████████████▏                                              | 37/115 [00:08<00:14,  5.27it/s, loss=4.3880]Trial 13 Ep1:  33%|██████████████████████▊                                              | 38/115 [00:08<00:14,  5.32it/s, loss=4.3880]Trial 13 Ep1:  33%|██████████████████████▊                                              | 38/115 [00:08<00:14,  5.32it/s, loss=1.6158]Trial 13 Ep1:  34%|███████████████████████▍                                             | 39/115 [00:08<00:14,  5.35it/s, loss=1.6158]Trial 13 Ep1:  34%|███████████████████████▍                                             | 39/115 [00:08<00:14,  5.35it/s, loss=2.0875]Trial 13 Ep1:  35%|████████████████████████                                             | 40/115 [00:08<00:13,  5.38it/s, loss=2.0875]Trial 13 Ep1:  35%|████████████████████████                                             | 40/115 [00:09<00:13,  5.38it/s, loss=2.2882]Trial 13 Ep1:  36%|████████████████████████▌                                            | 41/115 [00:09<00:13,  5.44it/s, loss=2.2882]Trial 13 Ep1:  36%|████████████████████████▌                                            | 41/115 [00:09<00:13,  5.44it/s, loss=1.7615]Trial 13 Ep1:  37%|█████████████████████████▏                                           | 42/115 [00:09<00:14,  5.16it/s, loss=1.7615]Trial 13 Ep1:  37%|█████████████████████████▏                                           | 42/115 [00:09<00:14,  5.16it/s, loss=7.6129]Trial 13 Ep1:  37%|█████████████████████████▊                                           | 43/115 [00:09<00:13,  5.23it/s, loss=7.6129]Trial 13 Ep1:  37%|█████████████████████████▊                                           | 43/115 [00:09<00:13,  5.23it/s, loss=4.4646]Trial 13 Ep1:  38%|██████████████████████████▍                                          | 44/115 [00:09<00:13,  5.21it/s, loss=4.4646]Trial 13 Ep1:  38%|██████████████████████████▍                                          | 44/115 [00:09<00:13,  5.21it/s, loss=3.1573]Trial 13 Ep1:  39%|███████████████████████████                                          | 45/115 [00:09<00:13,  5.24it/s, loss=3.1573]Trial 13 Ep1:  39%|███████████████████████████                                          | 45/115 [00:10<00:13,  5.24it/s, loss=1.8585]Trial 13 Ep1:  40%|███████████████████████████▌                                         | 46/115 [00:10<00:13,  5.28it/s, loss=1.8585]Trial 13 Ep1:  40%|███████████████████████████▌                                         | 46/115 [00:10<00:13,  5.28it/s, loss=4.1827]Trial 13 Ep1:  41%|████████████████████████████▏                                        | 47/115 [00:10<00:12,  5.32it/s, loss=4.1827]Trial 13 Ep1:  41%|███████████████████████████▊                                        | 47/115 [00:10<00:12,  5.32it/s, loss=10.0019]Trial 13 Ep1:  42%|████████████████████████████▍                                       | 48/115 [00:10<00:12,  5.27it/s, loss=10.0019]Trial 13 Ep1:  42%|████████████████████████████▊                                        | 48/115 [00:10<00:12,  5.27it/s, loss=5.2674]Trial 13 Ep1:  43%|█████████████████████████████▍                                       | 49/115 [00:10<00:12,  5.22it/s, loss=5.2674]Trial 13 Ep1:  43%|█████████████████████████████▍                                       | 49/115 [00:10<00:12,  5.22it/s, loss=5.3003]Trial 13 Ep1:  43%|██████████████████████████████                                       | 50/115 [00:10<00:12,  5.17it/s, loss=5.3003]Trial 13 Ep1:  43%|██████████████████████████████                                       | 50/115 [00:11<00:12,  5.17it/s, loss=6.9191]Trial 13 Ep1:  44%|██████████████████████████████▌                                      | 51/115 [00:11<00:12,  5.18it/s, loss=6.9191]Trial 13 Ep1:  44%|██████████████████████████████▌                                      | 51/115 [00:11<00:12,  5.18it/s, loss=1.5901]Trial 13 Ep1:  45%|███████████████████████████████▏                                     | 52/115 [00:11<00:12,  5.19it/s, loss=1.5901]Trial 13 Ep1:  45%|██████████████████████████████▋                                     | 52/115 [00:11<00:12,  5.19it/s, loss=20.1221]Trial 13 Ep1:  46%|███████████████████████████████▎                                    | 53/115 [00:11<00:11,  5.23it/s, loss=20.1221]Trial 13 Ep1:  46%|███████████████████████████████▊                                     | 53/115 [00:11<00:11,  5.23it/s, loss=7.3453]Trial 13 Ep1:  47%|████████████████████████████████▍                                    | 54/115 [00:11<00:11,  5.18it/s, loss=7.3453]Trial 13 Ep1:  47%|████████████████████████████████▍                                    | 54/115 [00:11<00:11,  5.18it/s, loss=5.9132]Trial 13 Ep1:  48%|█████████████████████████████████                                    | 55/115 [00:11<00:11,  5.18it/s, loss=5.9132]Trial 13 Ep1:  48%|█████████████████████████████████                                    | 55/115 [00:12<00:11,  5.18it/s, loss=6.7030]Trial 13 Ep1:  49%|█████████████████████████████████▌                                   | 56/115 [00:12<00:13,  4.22it/s, loss=6.7030]Trial 13 Ep1:  49%|█████████████████████████████████▌                                   | 56/115 [00:12<00:13,  4.22it/s, loss=6.2345]Trial 13 Ep1:  50%|██████████████████████████████████▏                                  | 57/115 [00:12<00:12,  4.47it/s, loss=6.2345]Trial 13 Ep1:  50%|██████████████████████████████████▏                                  | 57/115 [00:12<00:12,  4.47it/s, loss=7.4917]Trial 13 Ep1:  50%|██████████████████████████████████▊                                  | 58/115 [00:12<00:12,  4.71it/s, loss=7.4917]Trial 13 Ep1:  50%|██████████████████████████████████▊                                  | 58/115 [00:12<00:12,  4.71it/s, loss=4.1502]Trial 13 Ep1:  51%|███████████████████████████████████▍                                 | 59/115 [00:12<00:11,  4.89it/s, loss=4.1502]Trial 13 Ep1:  51%|██████████████████████████████████▉                                 | 59/115 [00:12<00:11,  4.89it/s, loss=16.5571]Trial 13 Ep1:  52%|███████████████████████████████████▍                                | 60/115 [00:12<00:11,  4.99it/s, loss=16.5571]Trial 13 Ep1:  52%|████████████████████████████████████                                 | 60/115 [00:13<00:11,  4.99it/s, loss=1.3690]Trial 13 Ep1:  53%|████████████████████████████████████▌                                | 61/115 [00:13<00:10,  5.14it/s, loss=1.3690]Trial 13 Ep1:  53%|████████████████████████████████████                                | 61/115 [00:13<00:10,  5.14it/s, loss=10.3923]Trial 13 Ep1:  54%|████████████████████████████████████▋                               | 62/115 [00:13<00:10,  5.20it/s, loss=10.3923]Trial 13 Ep1:  54%|█████████████████████████████████████▏                               | 62/115 [00:13<00:10,  5.20it/s, loss=5.5182]Trial 13 Ep1:  55%|█████████████████████████████████████▊                               | 63/115 [00:13<00:09,  5.24it/s, loss=5.5182]Trial 13 Ep1:  55%|█████████████████████████████████████▊                               | 63/115 [00:13<00:09,  5.24it/s, loss=3.7713]Trial 13 Ep1:  56%|██████████████████████████████████████▍                              | 64/115 [00:13<00:09,  5.14it/s, loss=3.7713]Trial 13 Ep1:  56%|██████████████████████████████████████▍                              | 64/115 [00:13<00:09,  5.14it/s, loss=7.7118]Trial 13 Ep1:  57%|████████████████████████████████████