Trial 1 Ep1:   0%|                                                                                            | 0/115 [00:00<?, ?it/s]Trial 1 Ep1:   0%|                                                                         | 0/115 [00:00<?, ?it/s, loss=3514952.2500]Trial 1 Ep1:   1%|▌                                                                | 1/115 [00:00<01:38,  1.15it/s, loss=3514952.2500]Trial 1 Ep1:   1%|▌                                                                | 1/115 [00:01<01:38,  1.15it/s, loss=2984917.2500]Trial 1 Ep1:   2%|█▏                                                               | 2/115 [00:01<01:04,  1.74it/s, loss=2984917.2500]Trial 1 Ep1:   2%|█                                                               | 2/115 [00:01<01:04,  1.74it/s, loss=14692240.0000]Trial 1 Ep1:   3%|█▋                                                              | 3/115 [00:01<00:48,  2.31it/s, loss=14692240.0000]Trial 1 Ep1:   3%|█▌                                                           | 3/115 [00:01<00:48,  2.31it/s, loss=23403472896.0000]Trial 1 Ep1:   3%|██                                                           | 4/115 [00:01<00:37,  2.98it/s, loss=23403472896.0000]Trial 1 Ep1:   3%|██                                                        | 4/115 [00:02<00:37,  2.98it/s, loss=18346894426112.0000]Trial 1 Ep1:   4%|██▌                                                       | 5/115 [00:02<00:38,  2.83it/s, loss=18346894426112.0000]Trial 1 Ep1:   4%|██▏                                              | 5/115 [00:02<00:38,  2.83it/s, loss=25288123987051239440384.0000]Trial 1 Ep1:   5%|██▌                                              | 6/115 [00:02<00:34,  3.13it/s, loss=25288123987051239440384.0000]                                                                                                                                      [I 2026-02-24 13:58:14,762] Trial 1 finished with value: 0.0 and parameters: {'learning_rate': 0.006, 'target_ab_lr': 0.01}. Best is trial 0 with value: 0.0.

  [NaN/Inf detected at batch 6] Aborting trial.
[Trial 1] GPU cache cleared

======================================================================
Trial 2 Starting
======================================================================
  rank=8, transfer_every=10000000, transfer_lr=1.0000e-01
  lora_alpha=1.0000, lr=2.1448e-03, wd=0.00e+00
  target_ab_lr=0.0711, lr_multiplier=33.170384
  effective_ab_lr = lr*alpha*mult = 0.0711
  momentum=0.00, nesterov=False, reinit_mode=decay
  tau_sec=0.0, optimizer=AnalogAdam
======================================================================
Some weights of MobileBertForSequenceClassification were not initialized from the model checkpoint at google/mobilebert-uncased and are newly initialized: ['classifier.bias', 'classifier.weight']
You should probably TRAIN this model on a down-stream task to be able to use it for predictions and inference.
  [FIX] Reinitialized classifier with FIXED seed=42
  LRTT Analog layers: 96, Total params: 21,842,978, Trainable (before grad set): 21,830,690
  Trainable (after grad set): 13,602
  LoRA target: qkv -> ['attention.self.query', 'attention.self.key', 'attention.self.value', 'attention.output.dense']

Optimizer configuration:
  Forward scaling (lora_alpha): 1.0
  Classifier LR: 0.0021448277535601463
  LRTT LR (optimizer): 0.07114476009343425 (= 0.0021448277535601463 * 33.17038395057264)
  Effective A,B LR: 0.07114476009343425 (= 0.07114476009343425 * 1.0)
  LRTT_LR_MULTIPLIER: 33.17038395057264
  LRTT tile params: 288
  Other params: 98
  Collected 96 tile_c contexts for post-step reset
  Collected 192 tile_a/b contexts for post-step reset
  AB LR Warmup: 1e-07 → 7e-02 over 161 steps (scheduler warmup: 40 steps)
Trial 2 Ep1:   0%|                                                                                            | 0/115 [00:00<?, ?it/s]Trial 2 Ep1:   0%|                                                                         | 0/115 [00:00<?, ?it/s, loss=3494420.2500]Trial 2 Ep1:   1%|▌                                                                | 1/115 [00:00<01:45,  1.08it/s, loss=3494420.2500]Trial 2 Ep1:   1%|▌                                                                | 1/115 [00:01<01:45,  1.08it/s, loss=2922427.2500]Trial 2 Ep1:   2%|█▏                                                               | 2/115 [00:01<01:12,  1.56it/s, loss=2922427.2500]Trial 2 Ep1:   2%|█                                                             | 2/115 [00:02<01:12,  1.56it/s, loss=7804766208.0000]Trial 2 Ep1:   3%|█▌                                                            | 3/115 [00:02<01:18,  1.42it/s, loss=7804766208.0000]                                                                                                                                      [I 2026-02-24 13:58:25,124] Trial 2 finished with value: 0.0 and parameters: {'learning_rate': 0.0021448277535601463, 'target_ab_lr': 0.07114476009343425}. Best is trial 0 with value: 0.0.

  [NaN/Inf detected at batch 3] Aborting trial.
[Trial 2] GPU cache cleared

======================================================================
Trial 3 Starting
======================================================================
  rank=8, transfer_every=10000000, transfer_lr=1.0000e-01
  lora_alpha=1.0000, lr=7.2343e-03, wd=0.00e+00
  target_ab_lr=0.0063, lr_multiplier=0.864133
  effective_ab_lr = lr*alpha*mult = 0.0063
  momentum=0.00, nesterov=False, reinit_mode=decay
  tau_sec=0.0, optimizer=AnalogAdam
======================================================================
Some weights of MobileBertForSequenceClassification were not initialized from the model checkpoint at google/mobilebert-uncased and are newly initialized: ['classifier.bias', 'classifier.weight']
You should probably TRAIN this model on a down-stream task to be able to use it for predictions and inference.
  [FIX] Reinitialized classifier with FIXED seed=42
  LRTT Analog layers: 96, Total params: 21,842,978, Trainable (before grad set): 21,830,690
  Trainable (after grad set): 13,602
  LoRA target: qkv -> ['attention.self.query', 'attention.self.key', 'attention.self.value', 'attention.output.dense']

Optimizer configuration:
  Forward scaling (lora_alpha): 1.0
  Classifier LR: 0.007234275772466259
  LRTT LR (optimizer): 0.006251373574521752 (= 0.007234275772466259 * 0.864132605825528)
  Effective A,B LR: 0.006251373574521752 (= 0.006251373574521752 * 1.0)
  LRTT_LR_MULTIPLIER: 0.864132605825528
  LRTT tile params: 288
  Other params: 98
  Collected 96 tile_c contexts for post-step reset
  Collected 192 tile_a/b contexts for post-step reset
  AB LR Warmup: 1e-07 → 6e-03 over 161 steps (scheduler warmup: 40 steps)
