Trial 4 Ep6:   0%|                                                                                            | 0/115 [00:00<?, ?it/s]Trial 4 Ep6:   0%|                                                                               | 0/115 [00:00<?, ?it/s, loss=0.5996]Trial 4 Ep6:   1%|▌                                                                      | 1/115 [00:00<00:20,  5.53it/s, loss=0.5996]Trial 4 Ep6:   1%|▌                                                                      | 1/115 [00:00<00:20,  5.53it/s, loss=0.5098]Trial 4 Ep6:   2%|█▏                                                                     | 2/115 [00:00<00:20,  5.63it/s, loss=0.5098]Trial 4 Ep6:   2%|█▏                                                                     | 2/115 [00:00<00:20,  5.63it/s, loss=0.5459]Trial 4 Ep6:   3%|█▊                                                                     | 3/115 [00:00<00:20,  5.58it/s, loss=0.5459]Trial 4 Ep6:   3%|█▊                                                                     | 3/115 [00:00<00:20,  5.58it/s, loss=0.5867]Trial 4 Ep6:   3%|██▍                                                                    | 4/115 [00:00<00:19,  5.65it/s, loss=0.5867]Trial 4 Ep6:   3%|██▍                                                                    | 4/115 [00:00<00:19,  5.65it/s, loss=0.9245]Trial 4 Ep6:   4%|███                                                                    | 5/115 [00:00<00:19,  5.67it/s, loss=0.9245]Trial 4 Ep6:   4%|███                                                                    | 5/115 [00:01<00:19,  5.67it/s, loss=0.7912]Trial 4 Ep6:   5%|███▋                                                                   | 6/115 [00:01<00:18,  5.74it/s, loss=0.7912]Trial 4 Ep6:   5%|███▋                                                                   | 6/115 [00:01<00:18,  5.74it/s, loss=0.4555]Trial 4 Ep6:   6%|████▎                                                                  | 7/115 [00:01<00:18,  5.75it/s, loss=0.4555]Trial 4 Ep6:   6%|████▎                                                                  | 7/115 [00:01<00:18,  5.75it/s, loss=0.4609]Trial 4 Ep6:   7%|████▉                                                                  | 8/115 [00:01<00:18,  5.76it/s, loss=0.4609]Trial 4 Ep6:   7%|████▉                                                                  | 8/115 [00:01<00:18,  5.76it/s, loss=0.6232]Trial 4 Ep6:   8%|█████▌                                                                 | 9/115 [00:01<00:18,  5.79it/s, loss=0.6232]Trial 4 Ep6:   8%|█████▌                                                                 | 9/115 [00:01<00:18,  5.79it/s, loss=0.6993]Trial 4 Ep6:   9%|██████                                                                | 10/115 [00:01<00:18,  5.69it/s, loss=0.6993]Trial 4 Ep6:   9%|██████                                                                | 10/115 [00:01<00:18,  5.69it/s, loss=0.5797]Trial 4 Ep6:  10%|██████▋                                                               | 11/115 [00:01<00:18,  5.66it/s, loss=0.5797]Trial 4 Ep6:  10%|██████▋                                                               | 11/115 [00:02<00:18,  5.66it/s, loss=0.6568]Trial 4 Ep6:  10%|███████▎                                                              | 12/115 [00:02<00:18,  5.63it/s, loss=0.6568]Trial 4 Ep6:  10%|███████▎                                                              | 12/115 [00:02<00:18,  5.63it/s, loss=0.5446]Trial 4 Ep6:  11%|███████▉                                                              | 13/115 [00:02<00:18,  5.61it/s, loss=0.5446]Trial 4 Ep6:  11%|███████▉                                                              | 13/115 [00:02<00:18,  5.61it/s, loss=0.6184]Trial 4 Ep6:  12%|████████▌                                                             | 14/115 [00:02<00:17,  5.63it/s, loss=0.6184]Trial 4 Ep6:  12%|████████▌                                                             | 14/115 [00:02<00:17,  5.63it/s, loss=0.8016]Trial 4 Ep6:  13%|█████████▏                                                            | 15/115 [00:02<00:17,  5.62it/s, loss=0.8016]Trial 4 Ep6:  13%|█████████▏                                                            | 15/115 [00:02<00:17,  5.62it/s, loss=0.6977]Trial 4 Ep6:  14%|█████████▋                                                            | 16/115 [00:02<00:17,  5.63it/s, loss=0.6977]Trial 4 Ep6:  14%|█████████▋                                                            | 16/115 [00:03<00:17,  5.63it/s, loss=0.6432]Trial 4 Ep6:  15%|██████████▎                                                           | 17/115 [00:03<00:17,  5.56it/s, loss=0.6432]Trial 4 Ep6:  15%|██████████▎                                                           | 17/115 [00:03<00:17,  5.56it/s, loss=0.5709]Trial 4 Ep6:  16%|██████████▉                                                           | 18/115 [00:03<00:17,  5.61it/s, loss=0.5709]Trial 4 Ep6:  16%|██████████▉                                                           | 18/115 [00:03<00:17,  5.61it/s, loss=0.6064]Trial 4 Ep6:  17%|███████████▌                                                          | 19/115 [00:03<00:17,  5.62it/s, loss=0.6064]Trial 4 Ep6:  17%|███████████▌                                                          | 19/115 [00:03<00:17,  5.62it/s, loss=0.5830]Trial 4 Ep6:  17%|████████████▏                                                         | 20/115 [00:03<00:16,  5.60it/s, loss=0.5830]Trial 4 Ep6:  17%|████████████▏                                                         | 20/115 [00:03<00:16,  5.60it/s, loss=0.5916]Trial 4 Ep6:  18%|████████████▊                                                         | 21/115 [00:03<00:16,  5.59it/s, loss=0.5916]Trial 4 Ep6:  18%|████████████▊                                                         | 21/115 [00:03<00:16,  5.59it/s, loss=0.6098]Trial 4 Ep6:  19%|█████████████▍                                                        | 22/115 [00:03<00:16,  5.60it/s, loss=0.6098]Trial 4 Ep6:  19%|█████████████▍                                                        | 22/115 [00:04<00:16,  5.60it/s, loss=0.5590]Trial 4 Ep6:  20%|██████████████                                                        | 23/115 [00:04<00:16,  5.44it/s, loss=0.5590]Trial 4 Ep6:  20%|██████████████                                                        | 23/115 [00:04<00:16,  5.44it/s, loss=0.6598]Trial 4 Ep6:  21%|██████████████▌                                                       | 24/115 [00:04<00:16,  5.53it/s, loss=0.6598]Trial 4 Ep6:  21%|██████████████▌                                                       | 24/115 [00:04<00:16,  5.53it/s, loss=0.6091]Trial 4 Ep6:  22%|███████████████▏                                                      | 25/115 [00:04<00:16,  5.54it/s, loss=0.6091]Trial 4 Ep6:  22%|███████████████▏                                                      | 25/115 [00:04<00:16,  5.54it/s, loss=0.7239]Trial 4 Ep6:  23%|███████████████▊                                                      | 26/115 [00:04<00:16,  5.52it/s, loss=0.7239]Trial 4 Ep6:  23%|███████████████▊                                                      | 26/115 [00:04<00:16,  5.52it/s, loss=0.5989]Trial 4 Ep6:  23%|████████████████▍                                                     | 27/115 [00:04<00:15,  5.59it/s, loss=0.5989]Trial 4 Ep6:  23%|████████████████▍                                                     | 27/115 [00:04<00:15,  5.59it/s, loss=0.6243]Trial 4 Ep6:  24%|█████████████████                                                     | 28/115 [00:04<00:15,  5.63it/s, loss=0.6243]Trial 4 Ep6:  24%|█████████████████                                                     | 28/115 [00:05<00:15,  5.63it/s, loss=0.6621]Trial 4 Ep6:  25%|█████████████████▋                                                    | 29/115 [00:05<00:15,  5.61it/s, loss=0.6621]Trial 4 Ep6:  25%|█████████████████▋                                                    | 29/115 [00:05<00:15,  5.61it/s, loss=0.5514]Trial 4 Ep6:  26%|██████████████████▎                                                   | 30/115 [00:05<00:15,  5.59it/s, loss=0.5514]Trial 4 Ep6:  26%|██████████████████▎                                                   | 30/115 [00:05<00:15,  5.59it/s, loss=0.6470]Trial 4 Ep6:  27%|██████████████████▊                                                   | 31/115 [00:05<00:15,  5.55it/s, loss=0.6470]Trial 4 Ep6:  27%|██████████████████▊                                                   | 31/115 [00:05<00:15,  5.55it/s, loss=0.7620]Trial 4 Ep6:  28%|███████████████████▍                                                  | 32/115 [00:05<00:14,  5.59it/s, loss=0.7620]Trial 4 Ep6:  28%|███████████████████▍                                                  | 32/115 [00:05<00:14,  5.59it/s, loss=0.7305]Trial 4 Ep6:  29%|████████████████████                                                  | 33/115 [00:05<00:14,  5.63it/s, loss=0.7305]Trial 4 Ep6:  29%|████████████████████                                                  | 33/115 [00:06<00:14,  5.63it/s, loss=0.5902]Trial 4 Ep6:  30%|████████████████████▋                                                 | 34/115 [00:06<00:14,  5.61it/s, loss=0.5902]Trial 4 Ep6:  30%|████████████████████▋                                                 | 34/115 [00:06<00:14,  5.61it/s, loss=0.6126]Trial 4 Ep6:  30%|█████████████████████▎                                                | 35/115 [00:06<00:14,  5.64it/s, loss=0.6126]Trial 4 Ep6:  30%|█████████████████████▎                                                | 35/115 [00:06<00:14,  5.64it/s, loss=0.6830]Trial 4 Ep6:  31%|█████████████████████▉                                                | 36/115 [00:06<00:13,  5.68it/s, loss=0.6830]Trial 4 Ep6:  31%|█████████████████████▉                                                | 36/115 [00:06<00:13,  5.68it/s, loss=0.7548]Trial 4 Ep6:  32%|██████████████████████▌                                               | 37/115 [00:06<00:13,  5.60it/s, loss=0.7548]Trial 4 Ep6:  32%|██████████████████████▌                                               | 37/115 [00:06<00:13,  5.60it/s, loss=0.6575]Trial 4 Ep6:  33%|███████████████████████▏                                              | 38/115 [00:06<00:14,  5.48it/s, loss=0.6575]Trial 4 Ep6:  33%|███████████████████████▏                                              | 38/115 [00:06<00:14,  5.48it/s, loss=0.7468]Trial 4 Ep6:  34%|███████████████████████▋                                              | 39/115 [00:06<00:13,  5.55it/s, loss=0.7468]Trial 4 Ep6:  34%|███████████████████████▋                                              | 39/115 [00:07<00:13,  5.55it/s, loss=0.7407]Trial 4 Ep6:  35%|████████████████████████▎                                             | 40/115 [00:07<00:13,  5.62it/s, loss=0.7407]Trial 4 Ep6:  35%|████████████████████████▎                                             | 40/115 [00:07<00:13,  5.62it/s, loss=0.7859]Trial 4 Ep6:  36%|████████████████████████▉                                             | 41/115 [00:07<00:13,  5.63it/s, loss=0.7859]Trial 4 Ep6:  36%|████████████████████████▉                                             | 41/115 [00:07<00:13,  5.63it/s, loss=0.6830]Trial 4 Ep6:  37%|█████████████████████████▌                                            | 42/115 [00:07<00:12,  5.68it/s, loss=0.6830]Trial 4 Ep6:  37%|█████████████████████████▌                                            | 42/115 [00:07<00:12,  5.68it/s, loss=0.5855]Trial 4 Ep6:  37%|██████████████████████████▏                                           | 43/115 [00:07<00:12,  5.68it/s, loss=0.5855]Trial 4 Ep6:  37%|██████████████████████████▏                                           | 43/115 [00:07<00:12,  5.68it/s, loss=0.7376]Trial 4 Ep6:  38%|██████████████████████████▊                                           | 44/115 [00:07<00:12,  5.71it/s, loss=0.7376]Trial 4 Ep6:  38%|██████████████████████████▊                                           | 44/115 [00:08<00:12,  5.71it/s, loss=0.9895]Trial 4 Ep6:  39%|███████████████████████████▍                                          | 45/115 [00:08<00:12,  5.69it/s, loss=0.9895]Trial 4 Ep6:  39%|███████████████████████████▍                                          | 45/115 [00:08<00:12,  5.69it/s, loss=0.9526]Trial 4 Ep6:  40%|████████████████████████████                                          | 46/115 [00:08<00:13,  5.22it/s, loss=0.9526]Trial 4 Ep6:  40%|████████████████████████████                                          | 46/115 [00:08<00:13,  5.22it/s, loss=0.7759]Trial 4 Ep6:  41%|████████████████████████████▌                                         | 47/115 [00:08<00:12,  5.33it/s, loss=0.7759]Trial 4 Ep6:  41%|████████████████████████████▌                                         | 47/115 [00:08<00:12,  5.33it/s, loss=0.5648]Trial 4 Ep6:  42%|█████████████████████████████▏                                        | 48/115 [00:08<00:12,  5.44it/s, loss=0.5648]Trial 4 Ep6:  42%|█████████████████████████████▏                                        | 48/115 [00:08<00:12,  5.44it/s, loss=0.7214]Trial 4 Ep6:  43%|█████████████████████████████▊                                        | 49/115 [00:08<00:12,  5.49it/s, loss=0.7214]Trial 4 Ep6:  43%|█████████████████████████████▊                                        | 49/115 [00:08<00:12,  5.49it/s, loss=0.7053]Trial 4 Ep6:  43%|██████████████████████████████▍                                       | 50/115 [00:08<00:11,  5.48it/s, loss=0.7053]Trial 4 Ep6:  43%|██████████████████████████████▍                                       | 50/115 [00:09<00:11,  5.48it/s, loss=1.0634]Trial 4 Ep6:  44%|███████████████████████████████                                       | 51/115 [00:09<00:11,  5.39it/s, loss=1.0634]Trial 4 Ep6:  44%|███████████████████████████████                                       | 51/115 [00:09<00:11,  5.39it/s, loss=0.8775]Trial 4 Ep6:  45%|███████████████████████████████▋                                      | 52/115 [00:09<00:11,  5.46it/s, loss=0.8775]Trial 4 Ep6:  45%|███████████████████████████████▋                                      | 52/115 [00:09<00:11,  5.46it/s, loss=0.7602]Trial 4 Ep6:  46%|████████████████████████████████▎                                     | 53/115 [00:09<00:11,  5.50it/s, loss=0.7602]Trial 4 Ep6:  46%|████████████████████████████████▎                                     | 53/115 [00:09<00:11,  5.50it/s, loss=0.5341]Trial 4 Ep6:  47%|████████████████████████████████▊                                     | 54/115 [00:09<00:11,  5.54it/s, loss=0.5341]Trial 4 Ep6:  47%|████████████████████████████████▊                                     | 54/115 [00:09<00:11,  5.54it/s, loss=0.5472]Trial 4 Ep6:  48%|█████████████████████████████████▍                                    | 55/115 [00:09<00:10,  5.59it/s, loss=0.5472]Trial 4 Ep6:  48%|█████████████████████████████████▍                                    | 55/115 [00:10<00:10,  5.59it/s, loss=0.8336]Trial 4 Ep6:  49%|██████████████████████████████████                                    | 56/115 [00:10<00:10,  5.68it/s, loss=0.8336]Trial 4 Ep6:  49%|██████████████████████████████████                                    | 56/115 [00:10<00:10,  5.68it/s, loss=0.3729]Trial 4 Ep6:  50%|██████████████████████████████████▋                                   | 57/115 [00:10<00:10,  5.64it/s, loss=0.3729]Trial 4 Ep6:  50%|██████████████████████████████████▋                                   | 57/115 [00:10<00:10,  5.64it/s, loss=0.8839]Trial 4 Ep6:  50%|███████████████████████████████████▎                                  | 58/115 [00:10<00:10,  5.64it/s, loss=0.8839]Trial 4 Ep6:  50%|███████████████████████████████████▎                                  | 58/115 [00:10<00:10,  5.64it/s, loss=0.7560]Trial 4 Ep6:  51%|███████████████████████████████████▉                                  | 59/115 [00:10<00:10,  5.60it/s, loss=0.7560]Trial 4 Ep6:  51%|███████████████████████████████████▉                                  | 59/115 [00:10<00:10,  5.60it/s, loss=0.7860]Trial 4 Ep6:  52%|████████████████████████████████████▌                                 | 60/115 [00:10<00:09,  5.66it/s, loss=0.7860]Trial 4 Ep6:  52%|████████████████████████████████████▌                                 | 60/115 [00:10<00:09,  5.66it/s, loss=0.4514]Trial 4 Ep6:  53%|█████████████████████████████████████▏                                | 61/115 [00:10<00:09,  5.64it/s, loss=0.4514]Trial 4 Ep6:  53%|█████████████████████████████████████▏                                | 61/115 [00:11<00:09,  5.64it/s, loss=0.6808]Trial 4 Ep6:  54%|█████████████████████████████████████▋                                | 62/115 [00:11<00:09,  5.68it/s, loss=0.6808]Trial 4 Ep6:  54%|█████████████████████████████████████▋                                | 62/115 [00:11<00:09,  5.68it/s, loss=0.7008]Trial 4 Ep6:  55%|██████████████████████████████████████▎                               | 63/115 [00:11<00:09,  5.65it/s, loss=0.7008]Trial 4 Ep6:  55%|██████████████████████████████████████▎                               | 63/115 [00:11<00:09,  5.65it/s, loss=0.6919]Trial 4 Ep6:  56%|██████████████████████████████████████▉                               | 64/115 [00:11<00:08,  5.68it/s, loss=0.6919]Trial 4 Ep6:  56%|██████████████████████████████████████▉                               | 64/115 [00:11<00:08,  5.68it/s, loss=0.6769]Trial 4 Ep6:  57%|███████████████████████████████████████▌                              | 65/115 [00:11<00:08,  5.67it/s, loss=0.6769]Trial 4 Ep6:  57%|███████████████████████████████████████▌                              | 65/115 [00:11<00:08,  5.67it/s, loss=0.5091]Trial 4 Ep6:  57%|████████████████████████████████████████▏                             | 66/115 [00:11<00:08,  5.62it/s, loss=0.5091]Trial 4 Ep6:  57%|████████████████████████████████████████▏                             | 66/115 [00:11<00:08,  5.62it/s, loss=0.5506]Trial 4 Ep6:  58%|████████████████████████████████████████▊                             | 67/115 [00:11<00:08,  5.58it/s, loss=0.5506]Trial 4 Ep6:  58%|████████████████████████████████████████▊                             | 67/115 [00:12<00:08,  5.58it/s, loss=0.3954]Trial 4 Ep6:  59%|█████████████████████████████████████████▍                            | 68/115 [00:12<00:08,  5.60it/s, loss=0.3954]Trial 4 Ep6:  59%|█████████████████████████████████████████▍                            | 68/115 [00:12<00:08,  5.60it/s, loss=0.7776]Trial 4 Ep6:  60%|██████████████████████████████████████████                            | 69/115 [00:12<00:08,  5.55it/s, loss=0.7776]Trial 4 Ep6:  60%|██████████████████████████████████████████                            | 69/115 [00:12<00:08,  5.55it/s, loss=0.8336]Trial 4 Ep6:  61%|██████████████████████████████████████████▌                           | 70/115 [00:12<00:08,  5.61it/s, loss=0.8336]Trial 4 Ep6:  61%|██████████████████████████████████████████▌                           | 70/115 [00:12<00:08,  5.61it/s, loss=0.9391]Trial 4 Ep6:  62%|███████████████████████████████████████████▏                          | 71/115 [00:12<00:07,  5.62it/s, loss=0.9391]Trial 4 Ep6:  62%|███████████████████████████████████████████▏                          | 71/115 [00:12<00:07,  5.62it/s, loss=0.5236]Trial 4 Ep6:  63%|███████████████████████████████████████████▊                          | 72/115 [00:12<00:07,  5.66it/s, loss=0.5236]Trial 4 Ep6:  63%|███████████████████████████████████████████▊                          | 72/115 [00:13<00:07,  5.66it/s, loss=0.6009]Trial 4 Ep6:  63%|████████████████████████████████████████████▍                         | 73/115 [00:13<00:07,  5.64it/s, loss=0.6009]Trial 4 Ep6:  63%|████████████████████████████████████████████▍                         | 73/115 [00:13<00:07,  5.64it/s, loss=0.7345]Trial 4 Ep6:  64%|█████████████████████████████████████████████                         | 74/115 [00:13<00:07,  5.64it/s, loss=0.7345]Trial 4 Ep6:  64%|█████████████████████████████████████████████                         | 74/115 [00:13<00:07,  5.64it/s, loss=0.7873]Trial 4 Ep6:  65%|█████████████████████████████████████████████▋                        | 75/115 [00:13<00:07,  5.56it/s, loss=0.7873]Trial 4 Ep6:  65%|█████████████████████████████████████████████▋                        | 75/115 [00:13<00:07,  5.56it/s, loss=0.7382]Trial 4 Ep6:  66%|██████████████████████████████████████████████▎                       | 76/115 [00:13<00:06,  5.57it/s, loss=0.7382]Trial 4 Ep6:  66%|██████████████████████████████████████████████▎                       | 76/115 [00:13<00:06,  5.57it/s, loss=0.7409]Trial 4 Ep6:  67%|██████████████████████████████████████████████▊                       | 77/115 [00:13<00:06,  5.56it/s, loss=0.7409]Trial 4 Ep6:  67%|██████████████████████████████████████████████▊                       | 77/115 [00:13<00:06,  5.56it/s, loss=0.6024]Trial 4 Ep6:  68%|███████████████████████████████████████████████▍                      | 78/115 [00:13<00:06,  5.63it/s, loss=0.6024]Trial 4 Ep6:  68%|███████████████████████████████████████████████▍                      | 78/115 [00:14<00:06,  5.63it/s, loss=0.3684]Trial 4 Ep6:  69%|████████████████████████████████████████████████                      | 79/115 [00:14<00:06,  5.62it/s, loss=0.3684]Trial 4 Ep6:  69%|████████████████████████████████████████████████                      | 79/115 [00:14<00:06,  5.62it/s, loss=0.7768]Trial 4 Ep6:  70%|████████████████████████████████████████████████▋                     | 80/115 [00:14<00:06,  5.60it/s, loss=0.7768]Trial 4 Ep6:  70%|████████████████████████████████████████████████▋                     | 80/115 [00:14<00:06,  5.60it/s, loss=0.7030]Trial 4 Ep6:  70%|█████████████████████████████████████████████████▎                    | 81/115 [00:14<00:06,  5.62it/s, loss=0.