Trial 10 Ep2:   0%|                                                                                           | 0/115 [00:00<?, ?it/s]Trial 10 Ep2:   0%|                                                                              | 0/115 [00:00<?, ?it/s, loss=1.2622]Trial 10 Ep2:   1%|▌                                                                     | 1/115 [00:00<00:20,  5.43it/s, loss=1.2622]Trial 10 Ep2:   1%|▌                                                                     | 1/115 [00:00<00:20,  5.43it/s, loss=1.0047]Trial 10 Ep2:   2%|█▏                                                                    | 2/115 [00:00<00:20,  5.60it/s, loss=1.0047]Trial 10 Ep2:   2%|█▏                                                                    | 2/115 [00:00<00:20,  5.60it/s, loss=1.0922]Trial 10 Ep2:   3%|█▊                                                                    | 3/115 [00:00<00:19,  5.69it/s, loss=1.0922]Trial 10 Ep2:   3%|█▊                                                                    | 3/115 [00:00<00:19,  5.69it/s, loss=2.3350]Trial 10 Ep2:   3%|██▍                                                                   | 4/115 [00:00<00:19,  5.60it/s, loss=2.3350]Trial 10 Ep2:   3%|██▍                                                                   | 4/115 [00:00<00:19,  5.60it/s, loss=1.6166]Trial 10 Ep2:   4%|███                                                                   | 5/115 [00:00<00:19,  5.61it/s, loss=1.6166]Trial 10 Ep2:   4%|███                                                                   | 5/115 [00:01<00:19,  5.61it/s, loss=1.7815]Trial 10 Ep2:   5%|███▋                                                                  | 6/115 [00:01<00:19,  5.62it/s, loss=1.7815]Trial 10 Ep2:   5%|███▋                                                                  | 6/115 [00:01<00:19,  5.62it/s, loss=0.7353]Trial 10 Ep2:   6%|████▎                                                                 | 7/115 [00:01<00:18,  5.70it/s, loss=0.7353]Trial 10 Ep2:   6%|████▎                                                                 | 7/115 [00:01<00:18,  5.70it/s, loss=1.3361]Trial 10 Ep2:   7%|████▊                                                                 | 8/115 [00:01<00:18,  5.72it/s, loss=1.3361]Trial 10 Ep2:   7%|████▊                                                                 | 8/115 [00:01<00:18,  5.72it/s, loss=1.5519]Trial 10 Ep2:   8%|█████▍                                                                | 9/115 [00:01<00:18,  5.70it/s, loss=1.5519]Trial 10 Ep2:   8%|█████▍                                                                | 9/115 [00:01<00:18,  5.70it/s, loss=1.8034]Trial 10 Ep2:   9%|██████                                                               | 10/115 [00:01<00:18,  5.79it/s, loss=1.8034]Trial 10 Ep2:   9%|██████                                                               | 10/115 [00:01<00:18,  5.79it/s, loss=1.2838]Trial 10 Ep2:  10%|██████▌                                                              | 11/115 [00:01<00:17,  5.80it/s, loss=1.2838]Trial 10 Ep2:  10%|██████▌                                                              | 11/115 [00:02<00:17,  5.80it/s, loss=0.7977]Trial 10 Ep2:  10%|███████▏                                                             | 12/115 [00:02<00:17,  5.90it/s, loss=0.7977]Trial 10 Ep2:  10%|███████▏                                                             | 12/115 [00:02<00:17,  5.90it/s, loss=1.2888]Trial 10 Ep2:  11%|███████▊                                                             | 13/115 [00:02<00:17,  5.71it/s, loss=1.2888]Trial 10 Ep2:  11%|███████▊                                                             | 13/115 [00:02<00:17,  5.71it/s, loss=1.7565]Trial 10 Ep2:  12%|████████▍                                                            | 14/115 [00:02<00:18,  5.61it/s, loss=1.7565]Trial 10 Ep2:  12%|████████▍                                                            | 14/115 [00:02<00:18,  5.61it/s, loss=1.9308]Trial 10 Ep2:  13%|█████████                                                            | 15/115 [00:02<00:17,  5.67it/s, loss=1.9308]Trial 10 Ep2:  13%|█████████                                                            | 15/115 [00:02<00:17,  5.67it/s, loss=1.1793]Trial 10 Ep2:  14%|█████████▌                                                           | 16/115 [00:02<00:17,  5.61it/s, loss=1.1793]Trial 10 Ep2:  14%|█████████▌                                                           | 16/115 [00:02<00:17,  5.61it/s, loss=0.6968]Trial 10 Ep2:  15%|██████████▏                                                          | 17/115 [00:02<00:17,  5.73it/s, loss=0.6968]Trial 10 Ep2:  15%|██████████▏                                                          | 17/115 [00:03<00:17,  5.73it/s, loss=0.8340]Trial 10 Ep2:  16%|██████████▊                                                          | 18/115 [00:03<00:16,  5.78it/s, loss=0.8340]Trial 10 Ep2:  16%|██████████▊                                                          | 18/115 [00:03<00:16,  5.78it/s, loss=1.6691]Trial 10 Ep2:  17%|███████████▍                                                         | 19/115 [00:03<00:16,  5.70it/s, loss=1.6691]Trial 10 Ep2:  17%|███████████▍                                                         | 19/115 [00:03<00:16,  5.70it/s, loss=1.2220]Trial 10 Ep2:  17%|████████████                                                         | 20/115 [00:03<00:16,  5.65it/s, loss=1.2220]Trial 10 Ep2:  17%|████████████                                                         | 20/115 [00:03<00:16,  5.65it/s, loss=0.9458]Trial 10 Ep2:  18%|████████████▌                                                        | 21/115 [00:03<00:16,  5.74it/s, loss=0.9458]Trial 10 Ep2:  18%|████████████▌                                                        | 21/115 [00:03<00:16,  5.74it/s, loss=0.6557]Trial 10 Ep2:  19%|█████████████▏                                                       | 22/115 [00:03<00:16,  5.64it/s, loss=0.6557]Trial 10 Ep2:  19%|█████████████▏                                                       | 22/115 [00:04<00:16,  5.64it/s, loss=0.6355]Trial 10 Ep2:  20%|█████████████▊                                                       | 23/115 [00:04<00:16,  5.60it/s, loss=0.6355]Trial 10 Ep2:  20%|█████████████▊                                                       | 23/115 [00:04<00:16,  5.60it/s, loss=0.6232]Trial 10 Ep2:  21%|██████████████▍                                                      | 24/115 [00:04<00:16,  5.61it/s, loss=0.6232]Trial 10 Ep2:  21%|██████████████▍                                                      | 24/115 [00:04<00:16,  5.61it/s, loss=0.8333]Trial 10 Ep2:  22%|███████████████                                                      | 25/115 [00:04<00:16,  5.62it/s, loss=0.8333]Trial 10 Ep2:  22%|███████████████                                                      | 25/115 [00:04<00:16,  5.62it/s, loss=0.5074]Trial 10 Ep2:  23%|███████████████▌                                                     | 26/115 [00:04<00:16,  5.53it/s, loss=0.5074]Trial 10 Ep2:  23%|███████████████▌                                                     | 26/115 [00:04<00:16,  5.53it/s, loss=0.7900]Trial 10 Ep2:  23%|████████████████▏                                                    | 27/115 [00:04<00:15,  5.66it/s, loss=0.7900]Trial 10 Ep2:  23%|████████████████▏                                                    | 27/115 [00:04<00:15,  5.66it/s, loss=0.6662]Trial 10 Ep2:  24%|████████████████▊                                                    | 28/115 [00:04<00:15,  5.68it/s, loss=0.6662]Trial 10 Ep2:  24%|████████████████▊                                                    | 28/115 [00:05<00:15,  5.68it/s, loss=0.4907]Trial 10 Ep2:  25%|█████████████████▍                                                   | 29/115 [00:05<00:14,  5.75it/s, loss=0.4907]Trial 10 Ep2:  25%|█████████████████▍                                                   | 29/115 [00:05<00:14,  5.75it/s, loss=0.6079]Trial 10 Ep2:  26%|██████████████████                                                   | 30/115 [00:05<00:14,  5.77it/s, loss=0.6079]Trial 10 Ep2:  26%|██████████████████                                                   | 30/115 [00:05<00:14,  5.77it/s, loss=0.4279]Trial 10 Ep2:  27%|██████████████████▌                                                  | 31/115 [00:05<00:14,  5.80it/s, loss=0.4279]Trial 10 Ep2:  27%|██████████████████▌                                                  | 31/115 [00:05<00:14,  5.80it/s, loss=0.7619]Trial 10 Ep2:  28%|███████████████████▏                                                 | 32/115 [00:05<00:14,  5.67it/s, loss=0.7619]Trial 10 Ep2:  28%|███████████████████▏                                                 | 32/115 [00:05<00:14,  5.67it/s, loss=0.7319]Trial 10 Ep2:  29%|███████████████████▊                                                 | 33/115 [00:05<00:14,  5.65it/s, loss=0.7319]Trial 10 Ep2:  29%|███████████████████▊                                                 | 33/115 [00:05<00:14,  5.65it/s, loss=0.8442]Trial 10 Ep2:  30%|████████████████████▍                                                | 34/115 [00:05<00:14,  5.63it/s, loss=0.8442]Trial 10 Ep2:  30%|████████████████████▍                                                | 34/115 [00:06<00:14,  5.63it/s, loss=0.9392]Trial 10 Ep2:  30%|█████████████████████                                                | 35/115 [00:06<00:14,  5.66it/s, loss=0.9392]Trial 10 Ep2:  30%|█████████████████████                                                | 35/115 [00:06<00:14,  5.66it/s, loss=0.6553]Trial 10 Ep2:  31%|█████████████████████▌                                               | 36/115 [00:06<00:13,  5.70it/s, loss=0.6553]Trial 10 Ep2:  31%|█████████████████████▌                                               | 36/115 [00:06<00:13,  5.70it/s, loss=0.6384]Trial 10 Ep2:  32%|██████████████████████▏                                              | 37/115 [00:06<00:13,  5.71it/s, loss=0.6384]Trial 10 Ep2:  32%|██████████████████████▏                                              | 37/115 [00:06<00:13,  5.71it/s, loss=0.7192]Trial 10 Ep2:  33%|██████████████████████▊                                              | 38/115 [00:06<00:13,  5.68it/s, loss=0.7192]Trial 10 Ep2:  33%|██████████████████████▊                                              | 38/115 [00:06<00:13,  5.68it/s, loss=0.6026]Trial 10 Ep2:  34%|███████████████████████▍                                             | 39/115 [00:06<00:13,  5.72it/s, loss=0.6026]Trial 10 Ep2:  34%|███████████████████████▍                                             | 39/115 [00:07<00:13,  5.72it/s, loss=0.7084]Trial 10 Ep2:  35%|████████████████████████                                             | 40/115 [00:07<00:12,  5.79it/s, loss=0.7084]Trial 10 Ep2:  35%|████████████████████████                                             | 40/115 [00:07<00:12,  5.79it/s, loss=0.7226]Trial 10 Ep2:  36%|████████████████████████▌                                            | 41/115 [00:07<00:12,  5.81it/s, loss=0.7226]Trial 10 Ep2:  36%|████████████████████████▌                                            | 41/115 [00:07<00:12,  5.81it/s, loss=0.8730]Trial 10 Ep2:  37%|█████████████████████████▏                                           | 42/115 [00:07<00:12,  5.81it/s, loss=0.8730]Trial 10 Ep2:  37%|█████████████████████████▏                                           | 42/115 [00:07<00:12,  5.81it/s, loss=0.7750]Trial 10 Ep2:  37%|█████████████████████████▊                                           | 43/115 [00:07<00:12,  5.82it/s, loss=0.7750]Trial 10 Ep2:  37%|█████████████████████████▊                                           | 43/115 [00:07<00:12,  5.82it/s, loss=0.9528]Trial 10 Ep2:  38%|██████████████████████████▍                                          | 44/115 [00:07<00:12,  5.79it/s, loss=0.9528]Trial 10 Ep2:  38%|█████████████████████████▎                                        | 44/115 [00:07<00:12,  5.79it/s, loss=1618.8759]Trial 10 Ep2:  39%|█████████████████████████▊                                        | 45/115 [00:07<00:12,  5.50it/s, loss=1618.8759]Trial 10 Ep2:  39%|███████████████████████▍                                    | 45/115 [00:09<00:12,  5.50it/s, loss=3558176768.0000]Trial 10 Ep2:  40%|████████████████████████                                    | 46/115 [00:09<00:39,  1.73it/s, loss=3558176768.0000]                                                                                                                                      [I 2026-02-24 13:44:03,440] Trial 10 finished with value: 0.0 and parameters: {'learning_rate': 0.010180520164317933, 'target_ab_lr': 0.0004335281794951569}. Best is trial 6 with value: 0.8439490445859873.

  [NaN/Inf detected at batch 46] Aborting trial.
[Trial 10] GPU cache cleared

======================================================================
Trial 11 Starting
======================================================================
  rank=8, transfer_every=10000000, transfer_lr=1.0000e-01
  lora_alpha=1.0000, lr=1.7199e-03, wd=0.00e+00
  target_ab_lr=0.0001, lr_multiplier=0.060602
  effective_ab_lr = lr*alpha*mult = 0.0001
  momentum=0.00, nesterov=False, reinit_mode=decay
  tau_sec=0.0, optimizer=AnalogAdam
======================================================================
huggingface/tokenizers: The current process just got forked, after parallelism has already been used. Disabling parallelism to avoid deadlocks...
To disable this warning, you can either:
	- Avoid using `tokenizers` before the fork if possible
	- Explicitly set the environment variable TOKENIZERS_PARALLELISM=(true | false)
Some weights of MobileBertForSequenceClassification were not initialized from the model checkpoint at google/mobilebert-uncased and are newly initialized: ['classifier.bias', 'classifier.weight']
You should probably TRAIN this model on a down-stream task to be able to use it for predictions and inference.
  [FIX] Reinitialized classifier with FIXED seed=42
  LRTT Analog layers: 96, Total params: 21,842,978, Trainable (before grad set): 21,830,690
  Trainable (after grad set): 13,602
  LoRA target: qkv -> ['attention.self.query', 'attention.self.key', 'attention.self.value', 'attention.output.dense']

Optimizer configuration:
  Forward scaling (lora_alpha): 1.0
  Classifier LR: 0.0017199065218744983
  LRTT LR (optimizer): 0.00010422971466648466 (= 0.0017199065218744983 * 0.06060196489800294)
  Effective A,B LR: 0.00010422971466648466 (= 0.00010422971466648466 * 1.0)
  LRTT_LR_MULTIPLIER: 0.06060196489800294
  LRTT tile params: 288
  Other params: 98
  Collected 96 tile_c contexts for post-step reset
  Collected 192 tile_a/b contexts for post-step reset
  AB LR Warmup: 1e-07 → 1e-04 over 40 steps
Trial 11 Ep1:   0%|                                                                                           | 0/115 [00:00<?, ?it/s]Trial 11 Ep1:   0%|                                                                        | 0/115 [00:00<?, ?it/s, loss=4003091.2500]Trial 11 Ep1:   1%|▌                                                               | 1/115 [00:00<01:50,  1.03it/s, loss=4003091.2500]Trial 11 Ep1:   1%|▌                                                               | 1/115 [00:01<01:50,  1.03it/s, loss=3985319.5000]Trial 11 Ep1:   2%|█                                                               | 2/115 [00:01<01:07,  1.67it/s, loss=3985319.5000]Trial 11 Ep1:   2%|█▏                                                               | 2/115 [00:01<01:07,  1.67it/s, loss=786649.1250]Trial 11 Ep1:   3%|█▋                                                               | 3/115 [00:01<00:52,  2.13it/s, loss=786649.1250]Trial 11 Ep1:   3%|█▋                                                                | 3/115 [00:01<00:52,  2.13it/s, loss=46345.1797]Trial 11 Ep1:   3%|██▎                                                               | 4/115 [00:01<00:39,  2.82it/s, loss=46345.1797]Trial 11 Ep1:   3%|██▎                                                                 | 4/115 [00:02<00:39,  2.82it/s, loss=187.5430]Trial 11 Ep1:   4%|██▉                                                                 | 5/115 [00:02<00:39,  2.79it/s, loss=187.5430]Trial 11 Ep1:   4%|███                                                                  | 5/115 [00:02<00:39,  2.79it/s, loss=16.1950]Trial 11 Ep1:   5%|███▌                                                                 | 6/115 [00:02<00:32,  3.35it/s, loss=16.1950]Trial 11 Ep1:   5%|███▌                                                                 | 6/115 [00:02<00:32,  3.35it/s, loss=20.6914]Trial 11 Ep1:   6%|████▏                                                                | 7/115 [00:02<00:33,  3.24it/s, loss=20.6914]Trial 11 Ep1:   6%|████▎                                                                 | 7/115 [00:02<00:33,  3.24it/s, loss=6.0384]Trial 11 Ep1:   7%|████▊                                                                 | 8/115 [00:02<00:28,  3.75it/s, loss=6.0384]Trial 11 Ep1:   7%|████▊                                                                | 8/115 [00:03<00:28,  3.75it/s, loss=60.5065]Trial 11 Ep1:   8%|█████▍                                                               | 9/115 [00:03<00:25,  4.18it/s, loss=60.5065]Trial 11 Ep1:   8%|█████▍                                                                | 9/115 [00:03<00:25,  4.18it/s, loss=2.6132]Trial 11 Ep1:   9%|██████                                                               | 10/115 [00:03<00:22,  4.57it/s, loss=2.6132]Trial 11 Ep1:   9%|█████▊                                                             | 10/115 [00:03<00:22,  4.57it/s, loss=112.1269]Trial 11 Ep1:  10%|██████▍                                                            | 11/115 [00:03<00:21,  4.77it/s, loss=112.1269]Trial 11 Ep1:  10%|██████▌                                                              | 11/115 [00:03<00:21,  4.77it/s, loss=1.9017]Trial 11 Ep1:  10%|███████▏                                                             | 12/115 [00:03<00:20,  4.93it/s, loss=1.9017]Trial 11 Ep1:  10%|███████▏                                                             | 12/115 [00:03<00:20,  4.93it/s, loss=1.2559]Trial 11 Ep1:  11%|███████▊                                                             | 13/115 [00:03<00:20,  4.98it/s, loss=1.2559]Trial 11 Ep1:  11%|███████▊                                                             | 13/115 [00:03<00:20,  4.98it/s, loss=1.0452]Trial 11 Ep1:  12%|████████▍                                                            | 14/115 [00:03<00:20,  5.05it/s, loss=1.0452]Trial 11 Ep1:  12%|████████▍                                                            | 14/115 [00:04<00:20,  5.05it/s, loss=0.8515]Trial 11 Ep1:  13%|█████████                                                            | 15/115 [00:04<00:18,  5.29it/s, loss=0.8515]Trial 11 Ep1:  13%|█████████                                                            | 15/115 [00:04<00:18,  5.29it/s, loss=1.0990]Trial 11 Ep1:  14%|█████████▌                                                           | 16/115 [00:04<00:22,  4.42it/s, loss=1.0990]Trial 11 Ep1:  14%|█████████▌                                                           | 16/115 [00:04<00:22,  4.42it/s, loss=0.8965]Trial 11 Ep1:  15%|██████████▏                                                          | 17/115 [00:04<00:20,  4.69it/s, loss=0.8965]Trial 11 Ep1:  15%|██████████▏                                                          | 17/115 [00:04<00:20,  4.69it/s, loss=0.9723]Trial 11 Ep1:  16%|██████████▊                                                          | 18/115 [00:04<00:19,  5.00it/s, loss=0.9723]Trial 11 Ep1:  16%|██████████▊                                                          | 18/115 [00:04<00:19,  5.00it/s, loss=1.3918]Trial 11 Ep1:  17%|███████████▍                                                         | 19/115 [00:04<00:18,  5.16it/s, loss=1.3918]Trial 11 Ep1:  17%|███████████▍                                                         | 19/115 [00:05<00:18,  5.16it/s, loss=1.3707]Trial 11 Ep1:  17%|████████████                                                         | 20/115 [00:05<00:17,  5.35it/s, loss=1.3707]Trial 11 Ep1:  17%|████████████                                                         | 20/115 [00:05<00:17,  5.35it/s, loss=0.6599]Trial 11 Ep1:  18%|████████████▌                                                        | 21/115 [00:05<00:17,  5.52it/s, loss=0.6599]Trial 11 Ep1:  18%|████████████▌                                                        | 21/115 [00:05<00:17,  5.52it/s, loss=2.4317]Trial 11 Ep1:  19%|█████████████▏                                                       | 22/115 [00:05<00:16,  5.61it/s, loss=2.4317]Trial 11 Ep1:  19%|█████████████▏                                                       | 22/115 [00:05<00:16,  5.61it/s, loss=1.5327]Trial 11 Ep1:  20%|█████████████▊                                                       | 23/115 [00:05<00:16,  5.67it/s, loss=1.5327]Trial 11 Ep1:  20%|█████████████▊                                                       | 23/115 [00:05<00:16,  5.67it/s, loss=1.2894]Trial 11 Ep1:  21%|██████████████▍                                                      | 24/115 [00:05<00:16,  5.58it/s, loss=1.2894]Trial 11 Ep1:  21%|██████████████▍                                                      | 24/115 [00:06<00:16,  5.58it/s, loss=2.3396]Trial 11 Ep1:  22%|███████████████                                                      | 25/115 [00:06<00:16,  5.61it/s, loss=2.3396]Trial 11 Ep1:  22%|███████████████                                                      | 25/115 [00:06<00:16,  5.61it/s, loss=0.7936]Trial 11 Ep1:  23%|███████████████▌                  