Trial 3 Ep1:   0%|                                                                                            | 0/115 [00:00<?, ?it/s]Trial 3 Ep1:   0%|                                                                         | 0/115 [00:00<?, ?it/s, loss=3473317.2500]Trial 3 Ep1:   1%|▌                                                                | 1/115 [00:00<01:47,  1.06it/s, loss=3473317.2500]Trial 3 Ep1:   1%|▌                                                                | 1/115 [00:01<01:47,  1.06it/s, loss=3465964.5000]Trial 3 Ep1:   2%|█▏                                                               | 2/115 [00:01<01:05,  1.72it/s, loss=3465964.5000]Trial 3 Ep1:   2%|█▏                                                               | 2/115 [00:01<01:05,  1.72it/s, loss=3238232.5000]Trial 3 Ep1:   3%|█▋                                                               | 3/115 [00:01<00:47,  2.37it/s, loss=3238232.5000]Trial 3 Ep1:   3%|█▊                                                                  | 3/115 [00:01<00:47,  2.37it/s, loss=1758.0754]Trial 3 Ep1:   3%|██▎                                                                 | 4/115 [00:01<00:35,  3.09it/s, loss=1758.0754]Trial 3 Ep1:   3%|██▍                                                                  | 4/115 [00:01<00:35,  3.09it/s, loss=242.1802]Trial 3 Ep1:   4%|███                                                                  | 5/115 [00:01<00:29,  3.73it/s, loss=242.1802]Trial 3 Ep1:   4%|███                                                                  | 5/115 [00:02<00:29,  3.73it/s, loss=652.0832]Trial 3 Ep1:   5%|███▌                                                                 | 6/115 [00:02<00:25,  4.22it/s, loss=652.0832]Trial 3 Ep1:   5%|███▌                                                                | 6/115 [00:02<00:25,  4.22it/s, loss=1291.4675]Trial 3 Ep1:   6%|████▏                                                               | 7/115 [00:02<00:23,  4.56it/s, loss=1291.4675]Trial 3 Ep1:   6%|████▏                                                                | 7/115 [00:02<00:23,  4.56it/s, loss=389.9376]Trial 3 Ep1:   7%|████▊                                                                | 8/115 [00:02<00:21,  4.86it/s, loss=389.9376]Trial 3 Ep1:   7%|████▋                                                               | 8/115 [00:02<00:21,  4.86it/s, loss=1797.7892]Trial 3 Ep1:   8%|█████▎                                                              | 9/115 [00:02<00:28,  3.75it/s, loss=1797.7892]Trial 3 Ep1:   8%|█████▍                                                               | 9/115 [00:02<00:28,  3.75it/s, loss=568.4464]Trial 3 Ep1:   9%|█████▉                                                              | 10/115 [00:02<00:25,  4.15it/s, loss=568.4464]Trial 3 Ep1:   9%|█████▊                                                             | 10/115 [00:03<00:25,  4.15it/s, loss=1161.4492]Trial 3 Ep1:  10%|██████▍                                                            | 11/115 [00:03<00:23,  4.50it/s, loss=1161.4492]Trial 3 Ep1:  10%|██████▌                                                             | 11/115 [00:03<00:23,  4.50it/s, loss=759.3636]Trial 3 Ep1:  10%|███████                                                             | 12/115 [00:03<00:21,  4.81it/s, loss=759.3636]Trial 3 Ep1:  10%|██████▉                                                            | 12/115 [00:03<00:21,  4.81it/s, loss=1997.2579]Trial 3 Ep1:  11%|███████▌                                                           | 13/115 [00:03<00:20,  5.10it/s, loss=1997.2579]Trial 3 Ep1:  11%|███████▌                                                           | 13/115 [00:03<00:20,  5.10it/s, loss=1510.4974]Trial 3 Ep1:  12%|████████▏                                                          | 14/115 [00:03<00:19,  5.26it/s, loss=1510.4974]Trial 3 Ep1:  12%|████████▎                                                           | 14/115 [00:03<00:19,  5.26it/s, loss=263.5062]Trial 3 Ep1:  13%|████████▊                                                           | 15/115 [00:03<00:18,  5.42it/s, loss=263.5062]Trial 3 Ep1:  13%|████████▋                                                          | 15/115 [00:04<00:18,  5.42it/s, loss=1849.6511]Trial 3 Ep1:  14%|█████████▎                                                         | 16/115 [00:04<00:18,  5.45it/s, loss=1849.6511]Trial 3 Ep1:  14%|█████████▎                                                         | 16/115 [00:04<00:18,  5.45it/s, loss=1181.8926]Trial 3 Ep1:  15%|█████████▉                                                         | 17/115 [00:04<00:17,  5.51it/s, loss=1181.8926]Trial 3 Ep1:  15%|██████████                                                          | 17/115 [00:04<00:17,  5.51it/s, loss=459.5017]Trial 3 Ep1:  16%|██████████▋                                                         | 18/115 [00:04<00:17,  5.48it/s, loss=459.5017]Trial 3 Ep1:  16%|██████████▋                                                         | 18/115 [00:04<00:17,  5.48it/s, loss=830.9941]Trial 3 Ep1:  17%|███████████▏                                                        | 19/115 [00:04<00:17,  5.49it/s, loss=830.9941]Trial 3 Ep1:  17%|███████████▏                                                        | 19/115 [00:04<00:17,  5.49it/s, loss=557.0304]Trial 3 Ep1:  17%|███████████▊                                                        | 20/115 [00:04<00:17,  5.53it/s, loss=557.0304]Trial 3 Ep1:  17%|███████████▊                                                        | 20/115 [00:04<00:17,  5.53it/s, loss=560.2761]Trial 3 Ep1:  18%|████████████▍                                                       | 21/115 [00:04<00:16,  5.61it/s, loss=560.2761]Trial 3 Ep1:  18%|████████████▍                                                       | 21/115 [00:05<00:16,  5.61it/s, loss=440.4325]Trial 3 Ep1:  19%|█████████████                                                       | 22/115 [00:05<00:16,  5.60it/s, loss=440.4325]Trial 3 Ep1:  19%|█████████████                                                       | 22/115 [00:05<00:16,  5.60it/s, loss=758.8204]Trial 3 Ep1:  20%|█████████████▌                                                      | 23/115 [00:05<00:16,  5.64it/s, loss=758.8204]Trial 3 Ep1:  20%|█████████████▌                                                      | 23/115 [00:05<00:16,  5.64it/s, loss=638.5957]Trial 3 Ep1:  21%|██████████████▏                                                     | 24/115 [00:05<00:16,  5.67it/s, loss=638.5957]Trial 3 Ep1:  21%|█████████████▉                                                     | 24/115 [00:05<00:16,  5.67it/s, loss=1718.9991]Trial 3 Ep1:  22%|██████████████▌                                                    | 25/115 [00:05<00:16,  5.62it/s, loss=1718.9991]Trial 3 Ep1:  22%|██████████████▊                                                     | 25/115 [00:05<00:16,  5.62it/s, loss=499.7698]Trial 3 Ep1:  23%|███████████████▎                                                    | 26/115 [00:05<00:15,  5.57it/s, loss=499.7698]Trial 3 Ep1:  23%|███████████████▎                                                    | 26/115 [00:05<00:15,  5.57it/s, loss=496.8903]Trial 3 Ep1:  23%|███████████████▉                                                    | 27/115 [00:05<00:15,  5.60it/s, loss=496.8903]Trial 3 Ep1:  23%|███████████████▉                                                    | 27/115 [00:06<00:15,  5.60it/s, loss=614.2993]Trial 3 Ep1:  24%|████████████████▌                                                   | 28/115 [00:06<00:15,  5.56it/s, loss=614.2993]Trial 3 Ep1:  24%|████████████████▌                                                   | 28/115 [00:06<00:15,  5.56it/s, loss=281.3651]Trial 3 Ep1:  25%|█████████████████▏                                                  | 29/115 [00:06<00:15,  5.59it/s, loss=281.3651]Trial 3 Ep1:  25%|█████████████████▏                                                  | 29/115 [00:06<00:15,  5.59it/s, loss=479.9135]Trial 3 Ep1:  26%|█████████████████▋                                                  | 30/115 [00:06<00:15,  5.60it/s, loss=479.9135]Trial 3 Ep1:  26%|█████████████████▋                                                  | 30/115 [00:06<00:15,  5.60it/s, loss=165.4338]Trial 3 Ep1:  27%|██████████████████▎                                                 | 31/115 [00:06<00:15,  5.60it/s, loss=165.4338]Trial 3 Ep1:  27%|██████████████████▎                                                 | 31/115 [00:06<00:15,  5.60it/s, loss=600.6011]Trial 3 Ep1:  28%|██████████████████▉                                                 | 32/115 [00:06<00:14,  5.62it/s, loss=600.6011]Trial 3 Ep1:  28%|██████████████████▉                                                 | 32/115 [00:07<00:14,  5.62it/s, loss=210.9169]Trial 3 Ep1:  29%|███████████████████▌                                                | 33/115 [00:07<00:14,  5.66it/s, loss=210.9169]Trial 3 Ep1:  29%|███████████████████▌                                                | 33/115 [00:07<00:14,  5.66it/s, loss=496.7852]Trial 3 Ep1:  30%|████████████████████                                                | 34/115 [00:07<00:14,  5.64it/s, loss=496.7852]Trial 3 Ep1:  30%|████████████████████                                                | 34/115 [00:07<00:14,  5.64it/s, loss=272.4796]Trial 3 Ep1:  30%|████████████████████▋                                               | 35/115 [00:07<00:14,  5.63it/s, loss=272.4796]Trial 3 Ep1:  30%|████████████████████▋                                               | 35/115 [00:07<00:14,  5.63it/s, loss=641.7845]Trial 3 Ep1:  31%|█████████████████████▎                                              | 36/115 [00:07<00:13,  5.70it/s, loss=641.7845]Trial 3 Ep1:  31%|█████████████████████▎                                              | 36/115 [00:07<00:13,  5.70it/s, loss=104.5551]Trial 3 Ep1:  32%|█████████████████████▉                                              | 37/115 [00:07<00:13,  5.78it/s, loss=104.5551]Trial 3 Ep1:  32%|██████████████████████▏                                              | 37/115 [00:07<00:13,  5.78it/s, loss=36.6436]Trial 3 Ep1:  33%|██████████████████████▊                                              | 38/115 [00:07<00:13,  5.74it/s, loss=36.6436]Trial 3 Ep1:  33%|██████████████████████▍                                             | 38/115 [00:08<00:13,  5.74it/s, loss=397.1682]Trial 3 Ep1:  34%|███████████████████████                                             | 39/115 [00:08<00:13,  5.72it/s, loss=397.1682]Trial 3 Ep1:  34%|███████████████████████                                             | 39/115 [00:08<00:13,  5.72it/s, loss=458.4096]Trial 3 Ep1:  35%|███████████████████████▋                                            | 40/115 [00:08<00:13,  5.71it/s, loss=458.4096]Trial 3 Ep1:  35%|███████████████████████▋                                            | 40/115 [00:08<00:13,  5.71it/s, loss=114.7778]Trial 3 Ep1:  36%|████████████████████████▏                                           | 41/115 [00:08<00:13,  5.64it/s, loss=114.7778]Trial 3 Ep1:  36%|████████████████████████▏                                           | 41/115 [00:08<00:13,  5.64it/s, loss=978.1827]Trial 3 Ep1:  37%|████████████████████████▊                                           | 42/115 [00:08<00:13,  5.41it/s, loss=978.1827]Trial 3 Ep1:  37%|████████████████████████▊                                           | 42/115 [00:08<00:13,  5.41it/s, loss=615.4324]Trial 3 Ep1:  37%|█████████████████████████▍                                          | 43/115 [00:08<00:13,  5.44it/s, loss=615.4324]Trial 3 Ep1:  37%|█████████████████████████▍                                          | 43/115 [00:09<00:13,  5.44it/s, loss=285.2578]Trial 3 Ep1:  38%|██████████████████████████                                          | 44/115 [00:09<00:13,  5.19it/s, loss=285.2578]Trial 3 Ep1:  38%|██████████████████████████▍                                          | 44/115 [00:09<00:13,  5.19it/s, loss=69.6033]Trial 3 Ep1:  39%|███████████████████████████                                          | 45/115 [00:09<00:13,  5.25it/s, loss=69.6033]Trial 3 Ep1:  39%|██████████████████████████▌                                         | 45/115 [00:09<00:13,  5.25it/s, loss=868.7625]Trial 3 Ep1:  40%|███████████████████████████▏                                        | 46/115 [00:09<00:13,  5.14it/s, loss=868.7625]Trial 3 Ep1:  40%|███████████████████████████▌                                         | 46/115 [00:09<00:13,  5.14it/s, loss=51.1326]Trial 3 Ep1:  41%|████████████████████████████▏                                        | 47/115 [00:09<00:12,  5.25it/s, loss=51.1326]Trial 3 Ep1:  41%|███████████████████████████▊                                        | 47/115 [00:09<00:12,  5.25it/s, loss=872.7693]Trial 3 Ep1:  42%|████████████████████████████▍                                       | 48/115 [00:09<00:15,  4.21it/s, loss=872.7693]Trial 3 Ep1:  42%|███████████████████████████▏                                     | 48/115 [00:10<00:15,  4.21it/s, loss=200013.0312]Trial 3 Ep1:  43%|███████████████████████████▋                                     | 49/115 [00:10<00:15,  4.23it/s, loss=200013.0312]Trial 3 Ep1:  43%|███████████████████████████▎                                    | 49/115 [00:10<00:15,  4.23it/s, loss=2566683.0000]Trial 3 Ep1:  43%|███████████████████████████▊                                    | 50/115 [00:10<00:14,  4.50it/s, loss=2566683.0000]Trial 3 Ep1:  43%|████████████████████████▎                               | 50/115 [00:10<00:14,  4.50it/s, loss=158200338841600.0000]Trial 3 Ep1:  44%|████████████████████████▊                               | 51/115 [00:10<00:13,  4.60it/s, loss=158200338841600.0000]Trial 3 Ep1:  44%|████████████████████████▍                              | 51/115 [00:10<00:13,  4.60it/s, loss=8793012456914944.0000]Trial 3 Ep1:  45%|████████████████████████▊                              | 52/115 [00:10<00:13,  4.60it/s, loss=8793012456914944.0000]                                                                                                                                      [I 2026-02-24 13:58:44,295] Trial 3 finished with value: 0.0 and parameters: {'learning_rate': 0.007234275772466259, 'target_ab_lr': 0.006251373574521752}. Best is trial 0 with value: 0.0.

  [NaN/Inf detected at batch 52] Aborting trial.
[Trial 3] GPU cache cleared

======================================================================
Trial 4 Starting
======================================================================
  rank=8, transfer_every=10000000, transfer_lr=1.0000e-01
  lora_alpha=1.0000, lr=1.0200e-03, wd=0.00e+00
  target_ab_lr=0.0003, lr_multiplier=0.287988
  effective_ab_lr = lr*alpha*mult = 0.0003
  momentum=0.00, nesterov=False, reinit_mode=decay
  tau_sec=0.0, optimizer=AnalogAdam
======================================================================
Some weights of MobileBertForSequenceClassification were not initialized from the model checkpoint at google/mobilebert-uncased and are newly initialized: ['classifier.bias', 'classifier.weight']
You should probably TRAIN this model on a down-stream task to be able to use it for predictions and inference.
  [FIX] Reinitialized classifier with FIXED seed=42
  LRTT Analog layers: 96, Total params: 21,842,978, Trainable (before grad set): 21,830,690
  Trainable (after grad set): 13,602
  LoRA target: qkv -> ['attention.self.query', 'attention.self.key', 'attention.self.value', 'attention.output.dense']

Optimizer configuration:
  Forward scaling (lora_alpha): 1.0
  Classifier LR: 0.001020022379352661
  LRTT LR (optimizer): 0.00029375384576328325 (= 0.001020022379352661 * 0.28798764782955927)
  Effective A,B LR: 0.00029375384576328325 (= 0.00029375384576328325 * 1.0)
  LRTT_LR_MULTIPLIER: 0.28798764782955927
  LRTT tile params: 288
  Other params: 98
  Collected 96 tile_c contexts for post-step reset
  Collected 192 tile_a/b contexts for post-step reset
  AB LR Warmup: 1e-07 → 3e-04 over 161 steps (scheduler warmup: 40 steps)
Trial 4 Ep1:   0%|                                                                                            | 0/115 [00:00<?, ?it/s]Trial 4 Ep1:   0%|                                                                         | 0/115 [00:00<?, ?it/s, loss=3484769.5000]Trial 4 Ep1:   1%|▌                                                                | 1/115 [00:00<01:38,  1.15it/s, loss=3484769.5000]Trial 4 Ep1:   1%|▌                                                                | 1/115 [00:01<01:38,  1.15it/s, loss=4154636.2500]Trial 4 Ep1:   2%|█▏                                                               | 2/115 [00:01<01:02,  1.80it/s, loss=4154636.2500]Trial 4 Ep1:   2%|█▏                                                               | 2/115 [00:01<01:02,  1.80it/s, loss=1517626.6250]Trial 4 Ep1:   3%|█▋                                                               | 3/115 [00:01<00:43,  2.58it/s, loss=1517626.6250]Trial 4 Ep1:   3%|█▋                                                                 | 3/115 [00:01<00:43,  2.58it/s, loss=25380.1855]Trial 4 Ep1:   3%|██▎                                                                | 4/115 [00:01<00:33,  3.27it/s, loss=25380.1855]Trial 4 Ep1:   3%|██▎                                                                | 4/115 [00:01<00:33,  3.27it/s, loss=12932.5781]Trial 4 Ep1:   4%|██▉                                                                | 5/115 [00:01<00:28,  3.82it/s, loss=12932.5781]Trial 4 Ep1:   4%|██▉                                                                 | 5/115 [00:01<00:28,  3.82it/s, loss=1445.7974]Trial 4 Ep1:   5%|███▌                                                                | 6/115 [00:01<00:25,  4.30it/s, loss=1445.7974]Trial 4 Ep1:   5%|███▋                                                                  | 6/115 [00:02<00:25,  4.30it/s, loss=11.2563]Trial 4 Ep1:   6%|████▎                                                                 | 7/115 [00:02<00:23,  4.65it/s, loss=11.2563]Trial 4 Ep1:   6%|████▎                                                                 | 7/115 [00:02<00:23,  4.65it/s, loss=15.8130]Trial 4 Ep1:   7%|████▊                                                                 | 8/115 [00:02<00:21,  4.93it/s, loss=15.8130]Trial 4 Ep1:   7%|████▊                                                                 | 8/115 [00:02<00:21,  4.93it/s, loss=30.5621]Trial 4 Ep1:   8%|█████▍                                                                | 9/115 [00:02<00:20,  5.17it/s, loss=30.5621]Trial 4 Ep1:   8%|█████▍                                                               | 9/115 [00:02<00:20,  5.17it/s, loss=126.1638]Trial 4 Ep1:   9%|█████▉                                                              | 10/115 [00:02<00:19,  5.39it/s, loss=126.1638]Trial 4 Ep1:   9%|██████                                                               | 10/115 [00:02<00:19,  5.39it/s, loss=57.6589]Trial 4 Ep1:  10%|██████▌                                                              | 11/115 [00:02<00:18,  5.52it/s, loss=57.6589]Trial 4 Ep1:  10%|██████▋                                                               | 11/115 [00:02<00:18,  5.52it/s, loss=1.5816]Trial 4 Ep1:  10%|███████▎                                                              | 12/115 [00:02<00:18,  5.52it/s, loss=1.5816]Trial 4 Ep1:  10%|███████▎                                                              | 12/115 [00:03<00:18,  5.52it/s, loss=1.1721]Trial 4 Ep1:  11%|███████▉                                                              | 13/115 [00:03<00:18,  5.59it/s, loss=1.1721]Trial 4 Ep1:  11%|███████▊                                                             | 13/115 [00:03<00:18,  5.59it/s, loss=20.6134]Trial 4 Ep1:  12%|████████▍                                                            | 14/115 [00:03<00:18,  5.55it/s, loss=20.6134]Trial 4 Ep1:  12%|████████▌                                                             | 14/115 [00:03<00:18,  5.55it/s, loss=0.6918]Trial 4 Ep1:  13%|█████████▏                                                            | 15/115 [00:03<00:18,  5.53it/s, loss=0.6918]Trial 4 Ep1:  13%|█████████▏                                                            | 15/115 [00:03<00:18,  5.53it/s, loss=0.7074]Trial 4 Ep1:  14%|█████████▋                                                            | 16/115 [00:03<00:17,  5.60it/s, loss=0.7074]Trial 4 Ep1:  14%|█████████▋                                                            | 16/115 [00:03<00:17,  5.60it/s, loss=0.8334]Trial 4 Ep1:  15%|██████████▎                                                           | 17/115 [00:03<00:17,  5.61it/s, loss=0.8334]Trial 4 Ep1:  15%|██████████▎                                                           | 17/115 [00:04<00:17,  5.61it/s, loss=0.7891]Trial 4 Ep1:  16%|██████████▉                                                           | 18/115 [00:04<00:17,  5.64it/s, loss=0.7891]Trial 4 Ep1:  16%|██████████▉                                                           | 18/115 [00:04<00:17,  5.64it/s, loss=0.5339]Trial 4 Ep1:  17%|███████████▌                                                          | 19/115 [00:04<00:16,  5.71it/s, loss=0.5339]Trial 4 Ep1:  17%|███████████▌                                                          | 19/115 [00:04<00:16,  5.71it/s, loss=0.7601]Trial 4 Ep1:  17%|████████████▏                                                         | 20/115 [00:04<00:16,  5.67it/s, loss=0.7601]Trial 4 Ep1:  17%|████████████▏                                                         | 20/115 [00:04<00:16,  5.67it/s, loss=0.7745]Trial 4 Ep1:  18%|████████████▊                                                         | 21/115 [