=== MRPC START Tue Feb 24 01:39:08 PM UTC 2026 ===
  [Task Config] mrpc: batch_size=32, max_seq=128, epochs=7, lr=0.006
Map:   0%|                                                                                            | 0/1725 [00:00<?, ? examples/s]Map: 100%|███████████████████████████████████████████████████████████████████████████████| 1725/1725 [00:00<00:00, 6811.00 examples/s]Map: 100%|███████████████████████████████████████████████████████████████████████████████| 1725/1725 [00:00<00:00, 6757.00 examples/s]
[I 2026-02-24 13:39:23,134] Using an existing study with name 'mobilebert_mrpc_lrtt_bs32_adam_decay_nowd_nomom_nonest_combos_ablrwarm_qkv' instead of creating a new one.
  GLUE mrpc: Train=3668, Eval=408
Train batches: 115, Eval batches: 7
  Early stop patience: 2, Pruner: Median, startup=5, warmup=2

Study: mobilebert_mrpc_lrtt_bs32_adam_decay_nowd_nomom_nonest_combos_ablrwarm_qkv, Device: cuda, New trials: 30

======================================================================
Trial 1 Starting
======================================================================
  rank=8, transfer_every=10000000, transfer_lr=1.0000e-01
  lora_alpha=1.0000, lr=6.0000e-03, wd=0.00e+00
  target_ab_lr=0.0100, lr_multiplier=1.666667
  effective_ab_lr = lr*alpha*mult = 0.0100
  momentum=0.00, nesterov=False, reinit_mode=decay
  tau_sec=0.0, optimizer=AnalogAdam
======================================================================
huggingface/tokenizers: The current process just got forked, after parallelism has already been used. Disabling parallelism to avoid deadlocks...
To disable this warning, you can either:
	- Avoid using `tokenizers` before the fork if possible
	- Explicitly set the environment variable TOKENIZERS_PARALLELISM=(true | false)
Some weights of MobileBertForSequenceClassification were not initialized from the model checkpoint at google/mobilebert-uncased and are newly initialized: ['classifier.bias', 'classifier.weight']
You should probably TRAIN this model on a down-stream task to be able to use it for predictions and inference.
  [FIX] Reinitialized classifier with FIXED seed=42
  LRTT Analog layers: 96, Total params: 21,842,978, Trainable (before grad set): 21,830,690
  Trainable (after grad set): 13,602
  LoRA target: qkv -> ['attention.self.query', 'attention.self.key', 'attention.self.value', 'attention.output.dense']

Optimizer configuration:
  Forward scaling (lora_alpha): 1.0
  Classifier LR: 0.006
  LRTT LR (optimizer): 0.01 (= 0.006 * 1.6666666666666667)
  Effective A,B LR: 0.01 (= 0.01 * 1.0)
  LRTT_LR_MULTIPLIER: 1.6666666666666667
  LRTT tile params: 288
  Other params: 98
  Collected 96 tile_c contexts for post-step reset
  Collected 192 tile_a/b contexts for post-step reset
  AB LR Warmup: 1e-07 → 1e-02 over 40 steps
Trial 1 Ep1:   0%|                                                                                            | 0/115 [00:00<?, ?it/s]Trial 1 Ep1:   0%|                                                                         | 0/115 [00:01<?, ?it/s, loss=3996305.7500]Trial 1 Ep1:   1%|▌                                                                | 1/115 [00:01<02:16,  1.20s/it, loss=3996305.7500]Trial 1 Ep1:   1%|▌                                                                | 1/115 [00:01<02:16,  1.20s/it, loss=3811993.7500]Trial 1 Ep1:   2%|█▏                                                               | 2/115 [00:01<01:20,  1.40it/s, loss=3811993.7500]Trial 1 Ep1:   2%|█                                                            | 2/115 [00:02<01:20,  1.40it/s, loss=50203852800.0000]Trial 1 Ep1:   3%|█▌                                                           | 3/115 [00:02<01:23,  1.34it/s, loss=50203852800.0000]                                                                                                                                      [I 2026-02-24 13:39:33,910] Trial 1 finished with value: 0.0 and parameters: {'learning_rate': 0.006, 'target_ab_lr': 0.01}. Best is trial 1 with value: 0.0.

  [NaN/Inf detected at batch 3] Aborting trial.
[Trial 1] GPU cache cleared

======================================================================
Trial 2 Starting
======================================================================
  rank=8, transfer_every=10000000, transfer_lr=1.0000e-01
  lora_alpha=1.0000, lr=6.0000e-03, wd=0.00e+00
  target_ab_lr=0.0010, lr_multiplier=0.166667
  effective_ab_lr = lr*alpha*mult = 0.0010
  momentum=0.00, nesterov=False, reinit_mode=decay
  tau_sec=0.0, optimizer=AnalogAdam
======================================================================
huggingface/tokenizers: The current process just got forked, after parallelism has already been used. Disabling parallelism to avoid deadlocks...
To disable this warning, you can either:
	- Avoid using `tokenizers` before the fork if possible
	- Explicitly set the environment variable TOKENIZERS_PARALLELISM=(true | false)
Some weights of MobileBertForSequenceClassification were not initialized from the model checkpoint at google/mobilebert-uncased and are newly initialized: ['classifier.bias', 'classifier.weight']
You should probably TRAIN this model on a down-stream task to be able to use it for predictions and inference.
  [FIX] Reinitialized classifier with FIXED seed=42
  LRTT Analog layers: 96, Total params: 21,842,978, Trainable (before grad set): 21,830,690
  Trainable (after grad set): 13,602
  LoRA target: qkv -> ['attention.self.query', 'attention.self.key', 'attention.self.value', 'attention.output.dense']

Optimizer configuration:
  Forward scaling (lora_alpha): 1.0
  Classifier LR: 0.006
  LRTT LR (optimizer): 0.001 (= 0.006 * 0.16666666666666666)
  Effective A,B LR: 0.001 (= 0.001 * 1.0)
  LRTT_LR_MULTIPLIER: 0.16666666666666666
  LRTT tile params: 288
  Other params: 98
  Collected 96 tile_c contexts for post-step reset
  Collected 192 tile_a/b contexts for post-step reset
  AB LR Warmup: 1e-07 → 1e-03 over 40 steps
Trial 2 Ep1:   0%|                                                                                            | 0/115 [00:00<?, ?it/s]Trial 2 Ep1:   0%|                                                                         | 0/115 [00:00<?, ?it/s, loss=3514952.2500]Trial 2 Ep1:   1%|▌                                                                | 1/115 [00:00<01:33,  1.21it/s, loss=3514952.2500]Trial 2 Ep1:   1%|▌                                                                | 1/115 [00:01<01:33,  1.21it/s, loss=2983385.0000]Trial 2 Ep1:   2%|█▏                                                               | 2/115 [00:01<01:01,  1.84it/s, loss=2983385.0000]Trial 2 Ep1:   2%|█▏                                                                  | 2/115 [00:01<01:01,  1.84it/s, loss=3023.1965]Trial 2 Ep1:   3%|█▊                                                                  | 3/115 [00:01<00:41,  2.68it/s, loss=3023.1965]Trial 2 Ep1:   3%|█▊                                                                     | 3/115 [00:01<00:41,  2.68it/s, loss=3.8174]Trial 2 Ep1:   3%|██▍                                                                    | 4/115 [00:01<00:32,  3.44it/s, loss=3.8174]Trial 2 Ep1:   3%|██▍                                                                    | 4/115 [00:01<00:32,  3.44it/s, loss=2.1303]Trial 2 Ep1:   4%|███                                                                    | 5/115 [00:01<00:33,  3.29it/s, loss=2.1303]Trial 2 Ep1:   4%|███                                                                    | 5/115 [00:02<00:33,  3.29it/s, loss=1.4059]Trial 2 Ep1:   5%|███▋                                                                   | 6/115 [00:02<00:28,  3.87it/s, loss=1.4059]Trial 2 Ep1:   5%|███▋                                                                   | 6/115 [00:02<00:28,  3.87it/s, loss=1.2001]Trial 2 Ep1:   6%|████▎                                                                  | 7/115 [00:02<00:24,  4.36it/s, loss=1.2001]Trial 2 Ep1:   6%|████▎                                                                  | 7/115 [00:02<00:24,  4.36it/s, loss=1.8256]Trial 2 Ep1:   7%|████▉                                                                  | 8/115 [00:02<00:22,  4.73it/s, loss=1.8256]Trial 2 Ep1:   7%|████▊                                                                 | 8/115 [00:02<00:22,  4.73it/s, loss=55.3613]Trial 2 Ep1:   8%|█████▍                                                                | 9/115 [00:02<00:21,  5.03it/s, loss=55.3613]Trial 2 Ep1:   8%|█████▌                                                                 | 9/115 [00:02<00:21,  5.03it/s, loss=0.7303]Trial 2 Ep1:   9%|██████                                                                | 10/115 [00:02<00:19,  5.26it/s, loss=0.7303]Trial 2 Ep1:   9%|██████                                                                | 10/115 [00:02<00:19,  5.26it/s, loss=0.7641]Trial 2 Ep1:  10%|██████▋                                                               | 11/115 [00:02<00:18,  5.49it/s, loss=0.7641]Trial 2 Ep1:  10%|██████▋                                                               | 11/115 [00:03<00:18,  5.49it/s, loss=0.4348]Trial 2 Ep1:  10%|███████▎                                                              | 12/115 [00:03<00:22,  4.51it/s, loss=0.4348]Trial 2 Ep1:  10%|███████▎                                                              | 12/115 [00:03<00:22,  4.51it/s, loss=0.8502]Trial 2 Ep1:  11%|███████▉                                                              | 13/115 [00:03<00:21,  4.84it/s, loss=0.8502]Trial 2 Ep1:  11%|███████▉                                                              | 13/115 [00:03<00:21,  4.84it/s, loss=1.0238]Trial 2 Ep1:  12%|████████▌                                                             | 14/115 [00:03<00:19,  5.06it/s, loss=1.0238]Trial 2 Ep1:  12%|████████▌                                                             | 14/115 [00:03<00:19,  5.06it/s, loss=0.8911]Trial 2 Ep1:  13%|█████████▏                                                            | 15/115 [00:03<00:18,  5.29it/s, loss=0.8911]Trial 2 Ep1:  13%|█████████▏                                                            | 15/115 [00:03<00:18,  5.29it/s, loss=0.8104]Trial 2 Ep1:  14%|█████████▋                                                            | 16/115 [00:03<00:18,  5.41it/s, loss=0.8104]Trial 2 Ep1:  14%|█████████▋                                                            | 16/115 [00:04<00:18,  5.41it/s, loss=0.8065]Trial 2 Ep1:  15%|██████████▎                                                           | 17/115 [00:04<00:17,  5.54it/s, loss=0.8065]Trial 2 Ep1:  15%|██████████▎                                                           | 17/115 [00:04<00:17,  5.54it/s, loss=0.7717]Trial 2 Ep1:  16%|██████████▉                                                           | 18/115 [00:04<00:17,  5.63it/s, loss=0.7717]Trial 2 Ep1:  16%|██████████▏                                                      | 18/115 [00:04<00:17,  5.63it/s, loss=206677.1406]Trial 2 Ep1:  17%|██████████▋                                                      | 19/115 [00:04<00:17,  5.36it/s, loss=206677.1406]Trial 2 Ep1:  17%|██████████▏                                                   | 19/115 [00:04<00:17,  5.36it/s, loss=344850400.0000]Trial 2 Ep1:  17%|██████████▊                                                   | 20/115 [00:04<00:19,  4.89it/s, loss=344850400.0000]Trial 2 Ep1:  17%|█████████▌                                             | 20/115 [00:04<00:19,  4.89it/s, loss=5056500967931904.0000]Trial 2 Ep1:  18%|██████████                                             | 21/115 [00:04<00:19,  4.85it/s, loss=5056500967931904.0000]                                                                                                                                      [I 2026-02-24 13:39:45,566] Trial 2 finished with value: 0.0 and parameters: {'learning_rate': 0.006, 'target_ab_lr': 0.001}. Best is trial 1 with value: 0.0.

  [NaN/Inf detected at batch 21] Aborting trial.
[Trial 2] GPU cache cleared

======================================================================
Trial 3 Starting
======================================================================
  rank=8, transfer_every=10000000, transfer_lr=1.0000e-01
  lora_alpha=1.0000, lr=6.0000e-03, wd=0.00e+00
  target_ab_lr=0.0100, lr_multiplier=1.666667
  effective_ab_lr = lr*alpha*mult = 0.0100
  momentum=0.00, nesterov=False, reinit_mode=decay
  tau_sec=0.0, optimizer=AnalogAdam
======================================================================
huggingface/tokenizers: The current process just got forked, after parallelism has already been used. Disabling parallelism to avoid deadlocks...
To disable this warning, you can either:
	- Avoid using `tokenizers` before the fork if possible
	- Explicitly set the environment variable TOKENIZERS_PARALLELISM=(true | false)
Some weights of MobileBertForSequenceClassification were not initialized from the model checkpoint at google/mobilebert-uncased and are newly initialized: ['classifier.bias', 'classifier.weight']
You should probably TRAIN this model on a down-stream task to be able to use it for predictions and inference.
  [FIX] Reinitialized classifier with FIXED seed=42
  LRTT Analog layers: 96, Total params: 21,842,978, Trainable (before grad set): 21,830,690
  Trainable (after grad set): 13,602
  LoRA target: qkv -> ['attention.self.query', 'attention.self.key', 'attention.self.value', 'attention.output.dense']

Optimizer configuration:
  Forward scaling (lora_alpha): 1.0
  Classifier LR: 0.006
  LRTT LR (optimizer): 0.01 (= 0.006 * 1.6666666666666667)
  Effective A,B LR: 0.01 (= 0.01 * 1.0)
  LRTT_LR_MULTIPLIER: 1.6666666666666667
  LRTT tile params: 288
  Other params: 98
  Collected 96 tile_c contexts for post-step reset
  Collected 192 tile_a/b contexts for post-step reset
  AB LR Warmup: 1e-07 → 1e-02 over 40 steps
Trial 3 Ep1:   0%|                                                                                            | 0/115 [00:00<?, ?it/s]Trial 3 Ep1:   0%|                                                                         | 0/115 [00:00<?, ?it/s, loss=3494420.2500]Trial 3 Ep1:   1%|▌                                                                | 1/115 [00:00<01:37,  1.17it/s, loss=3494420.2500]Trial 3 Ep1:   1%|▌                                                                | 1/115 [00:01<01:37,  1.17it/s, loss=2926179.2500]Trial 3 Ep1:   2%|█▏                                                               | 2/115 [00:01<01:05,  1.71it/s, loss=2926179.2500]Trial 3 Ep1:   2%|█                                                             | 2/115 [00:02<01:05,  1.71it/s, loss=1009274368.0000]Trial 3 Ep1:   3%|█▌                                                            | 3/115 [00:02<01:22,  1.37it/s, loss=1009274368.0000]                                                                                                                                      [I 2026-02-24 13:39:56,619] Trial 3 finished with value: 0.0 and parameters: {'learning_rate': 0.006, 'target_ab_lr': 0.01}. Best is trial 1 with value: 0.0.

  [NaN/Inf detected at batch 3] Aborting trial.
[Trial 3] GPU cache cleared

======================================================================
Trial 4 Starting
======================================================================
  rank=8, transfer_every=10000000, transfer_lr=1.0000e-01
  lora_alpha=1.0000, lr=2.1448e-03, wd=0.00e+00
  target_ab_lr=0.0711, lr_multiplier=33.170384
  effective_ab_lr = lr*alpha*mult = 0.0711
  momentum=0.00, nesterov=False, reinit_mode=decay
  tau_sec=0.0, optimizer=AnalogAdam
======================================================================
huggingface/tokenizers: The current process just got forked, after parallelism has already been used. Disabling parallelism to avoid deadlocks...
To disable this warning, you can either:
	- Avoid using `tokenizers` before the fork if possible
	- Explicitly set the environment variable TOKENIZERS_PARALLELISM=(true | false)
Some weights of MobileBertForSequenceClassification were not initialized from the model checkpoint at google/mobilebert-uncased and are newly initialized: ['classifier.bias', 'classifier.weight']
You should probably TRAIN this model on a down-stream task to be able to use it for predictions and inference.
  [FIX] Reinitialized classifier with FIXED seed=42
  LRTT Analog layers: 96, Total params: 21,842,978, Trainable (before grad set): 21,830,690
  Trainable (after grad set): 13,602
  LoRA target: qkv -> ['attention.self.query', 'attention.self.key', 'attention.self.value', 'attention.output.dense']

Optimizer configuration:
  Forward scaling (lora_alpha): 1.0
  Classifier LR: 0.0021448277535601463
  LRTT LR (optimizer): 0.07114476009343425 (= 0.0021448277535601463 * 33.17038395057264)
  Effective A,B LR: 0.07114476009343425 (= 0.07114476009343425 * 1.0)
  LRTT_LR_MULTIPLIER: 33.17038395057264
  LRTT tile params: 288
  Other params: 98
  Collected 96 tile_c contexts for post-step reset
  Collected 192 tile_a/b contexts for post-step reset
  AB LR Warmup: 1e-07 → 7e-02 over 40 steps
Trial 4 Ep1:   0%|                                                                                            | 0/115 [00:00<?, ?it/s]Trial 4 Ep1:   0%|                                                                         | 0/115 [00:00<?, ?it/s, loss=3473317.2500]Trial 4 Ep1:   1%|▌                                                                | 1/115 [00:00<01:43,  1.10it/s, loss=3473317.2500]Trial 4 Ep1:   1%|▌                                                                | 1/115 [00:01<01:43,  1.10it/s, loss=3465683.5000]Trial 4 Ep1:   2%|█▏                                                               | 2/115 [00:01<01:23,  1.35it/s, loss=3465683.5000]Trial 4 Ep1:   2%|█                                                          | 2/115 [00:02<01:23,  1.35it/s, loss=2781234593792.0000]Trial 4 Ep1:   3%|█▌                                                         | 3/115 [00:02<01:27,  1.27it/s, loss=2781234593792.0000]                                                                                                                                      [I 2026-02-24 13:40:07,964] Trial 4 finished with value: 0.0 and parameters: {'learning_rate': 0.0021448277535601463, 'target_ab_lr': 0.07114476009343425}. Best is trial 1 with value: 0.0.

  [NaN/Inf detected at batch 3] Aborting trial.
[Trial 4] GPU cache cleared

======================================================================
Trial 5 Starting
======================================================================
  rank=8, transfer_every=10000000, transfer_lr=1.0000e-01
  lora_alpha=1.0000, lr=7.2343e-03, wd=0.00e+00
  target_ab_lr=0.0063, lr_multiplier=0.864133
  effective_ab_lr = lr*alpha*mult = 0.0063
  momentum=0.00, nesterov=False, reinit_mode=decay
  tau_sec=0.0, optimizer=AnalogAdam
======================================================================
huggingface/tokenizers: The current process just got forked, after parallelism has already been used. Disabling parallelism to avoid deadlocks...
To disable this warning, you can either:
	- Avoid using `tokenizers` before the fork if possible
	- Explicitly set the environment variable TOKENIZERS_PARALLELISM=(true | false)
Some weights of MobileBertForSequenceClassification were not initialized from the model checkpoint at google/mobilebert-uncased and are newly initialized: ['classifier.bias', 'classifier.weight']
You should probably TRAIN this model on a down-stream task to be able to use it for predictions and inference.
  [FIX] Reinitialized classifier with FIXED seed=42
  LRTT Analog layers: 96, Total params: 21,842,978, Trainable (before grad set): 21,830,690
  Trainable (after grad set): 13,602
  LoRA target: qkv -> ['attention.self.query', 'attention.self.key', 'attention.self.value', 'attention.output.dense']

Optimizer configuration:
  Forward scaling (lora_alpha): 1.0
  Classifier LR: 0.007234275772466259
  LRTT LR (optimizer): 0.006251373574521752 (= 0.007234275772466259 * 0.864132605825528)
  Effective A,B LR: 0.006251373574521752 (= 0.006251373574521752 * 1.0)
  LRTT_LR_MULTIPLIER: 0.864132605825528
  LRTT tile params: 288
  Other params: 98
  Collected 96 tile_c contexts for post-step reset
  Collected 192 tile_a/b contexts for post-step reset
  AB LR Warmup: 1e-07 → 6e-03 over 40 steps
