Trial 5 Ep1:   0%|                                                                                            | 0/115 [00:00<?, ?it/s]Trial 5 Ep1:   0%|                                                                         | 0/115 [00:00<?, ?it/s, loss=3181218.5000]Trial 5 Ep1:   1%|▌                                                                | 1/115 [00:00<01:50,  1.03it/s, loss=3181218.5000]Trial 5 Ep1:   1%|▌                                                                | 1/115 [00:01<01:50,  1.03it/s, loss=3347909.7500]Trial 5 Ep1:   2%|█▏                                                               | 2/115 [00:01<01:13,  1.53it/s, loss=3347909.7500]Trial 5 Ep1:   2%|█                                                             | 2/115 [00:02<01:13,  1.53it/s, loss=1179607168.0000]Trial 5 Ep1:   3%|█▌                                                            | 3/115 [00:02<01:35,  1.17it/s, loss=1179607168.0000]                                                                                                                                      [I 2026-02-24 14:01:11,468] Trial 5 finished with value: 0.0 and parameters: {'learning_rate': 0.0007310511901333058, 'target_ab_lr': 0.0396760507705299}. Best is trial 4 with value: 0.8140556368960469.

  [NaN/Inf detected at batch 3] Aborting trial.
[Trial 5] GPU cache cleared

======================================================================
Trial 6 Starting
======================================================================
  rank=8, transfer_every=10000000, transfer_lr=1.0000e-01
  lora_alpha=1.0000, lr=4.6352e-03, wd=0.00e+00
  target_ab_lr=0.0133, lr_multiplier=2.871751
  effective_ab_lr = lr*alpha*mult = 0.0133
  momentum=0.00, nesterov=False, reinit_mode=decay
  tau_sec=0.0, optimizer=AnalogAdam
======================================================================
Some weights of MobileBertForSequenceClassification were not initialized from the model checkpoint at google/mobilebert-uncased and are newly initialized: ['classifier.bias', 'classifier.weight']
You should probably TRAIN this model on a down-stream task to be able to use it for predictions and inference.
  [FIX] Reinitialized classifier with FIXED seed=42
  LRTT Analog layers: 96, Total params: 21,842,978, Trainable (before grad set): 21,830,690
  Trainable (after grad set): 13,602
  LoRA target: qkv -> ['attention.self.query', 'attention.self.key', 'attention.self.value', 'attention.output.dense']

Optimizer configuration:
  Forward scaling (lora_alpha): 1.0
  Classifier LR: 0.0046352270335844135
  LRTT LR (optimizer): 0.013311216080736894 (= 0.0046352270335844135 * 2.8717506142182105)
  Effective A,B LR: 0.013311216080736894 (= 0.013311216080736894 * 1.0)
  LRTT_LR_MULTIPLIER: 2.8717506142182105
  LRTT tile params: 288
  Other params: 98
  Collected 96 tile_c contexts for post-step reset
  Collected 192 tile_a/b contexts for post-step reset
  AB LR Warmup: 1e-07 → 1e-02 over 161 steps (scheduler warmup: 40 steps)
Trial 6 Ep1:   0%|                                                                                            | 0/115 [00:00<?, ?it/s]Trial 6 Ep1:   0%|                                                                         | 0/115 [00:00<?, ?it/s, loss=4342573.5000]Trial 6 Ep1:   1%|▌                                                                | 1/115 [00:00<01:39,  1.14it/s, loss=4342573.5000]Trial 6 Ep1:   1%|▌                                                                | 1/115 [00:01<01:39,  1.14it/s, loss=3314908.5000]Trial 6 Ep1:   2%|█▏                                                               | 2/115 [00:01<01:03,  1.79it/s, loss=3314908.5000]Trial 6 Ep1:   2%|█                                                              | 2/115 [00:01<01:03,  1.79it/s, loss=121205496.0000]Trial 6 Ep1:   3%|█▋                                                             | 3/115 [00:01<00:59,  1.87it/s, loss=121205496.0000]Trial 6 Ep1:   3%|█▍                                                    | 3/115 [00:01<00:59,  1.87it/s, loss=574434799050031104.0000]Trial 6 Ep1:   3%|█▉                                                    | 4/115 [00:01<00:46,  2.37it/s, loss=574434799050031104.0000]                                                                                                                                      [I 2026-02-24 14:01:22,091] Trial 6 finished with value: 0.0 and parameters: {'learning_rate': 0.0046352270335844135, 'target_ab_lr': 0.013311216080736894}. Best is trial 4 with value: 0.8140556368960469.

  [NaN/Inf detected at batch 4] Aborting trial.
[Trial 6] GPU cache cleared

======================================================================
Trial 7 Starting
======================================================================
  rank=8, transfer_every=10000000, transfer_lr=1.0000e-01
  lora_alpha=1.0000, lr=6.4351e-04, wd=0.00e+00
  target_ab_lr=0.0812, lr_multiplier=126.232886
  effective_ab_lr = lr*alpha*mult = 0.0812
  momentum=0.00, nesterov=False, reinit_mode=decay
  tau_sec=0.0, optimizer=AnalogAdam
======================================================================
Some weights of MobileBertForSequenceClassification were not initialized from the model checkpoint at google/mobilebert-uncased and are newly initialized: ['classifier.bias', 'classifier.weight']
You should probably TRAIN this model on a down-stream task to be able to use it for predictions and inference.
  [FIX] Reinitialized classifier with FIXED seed=42
  LRTT Analog layers: 96, Total params: 21,842,978, Trainable (before grad set): 21,830,690
  Trainable (after grad set): 13,602
  LoRA target: qkv -> ['attention.self.query', 'attention.self.key', 'attention.self.value', 'attention.output.dense']

Optimizer configuration:
  Forward scaling (lora_alpha): 1.0
  Classifier LR: 0.0006435125845903198
  LRTT LR (optimizer): 0.0812324508558869 (= 0.0006435125845903198 * 126.23288619538344)
  Effective A,B LR: 0.0812324508558869 (= 0.0812324508558869 * 1.0)
  LRTT_LR_MULTIPLIER: 126.23288619538344
  LRTT tile params: 288
  Other params: 98
  Collected 96 tile_c contexts for post-step reset
  Collected 192 tile_a/b contexts for post-step reset
  AB LR Warmup: 1e-07 → 8e-02 over 161 steps (scheduler warmup: 40 steps)
