Trial 6 Ep7:   0%|                                                                                            | 0/115 [00:00<?, ?it/s]Trial 6 Ep7:   0%|                                                                               | 0/115 [00:00<?, ?it/s, loss=0.4389]Trial 6 Ep7:   1%|▌                                                                      | 1/115 [00:00<00:19,  5.90it/s, loss=0.4389]Trial 6 Ep7:   1%|▌                                                                      | 1/115 [00:00<00:19,  5.90it/s, loss=0.5541]Trial 6 Ep7:   2%|█▏                                                                     | 2/115 [00:00<00:20,  5.55it/s, loss=0.5541]Trial 6 Ep7:   2%|█▏                                                                     | 2/115 [00:00<00:20,  5.55it/s, loss=0.4795]Trial 6 Ep7:   3%|█▊                                                                     | 3/115 [00:00<00:19,  5.72it/s, loss=0.4795]Trial 6 Ep7:   3%|█▊                                                                     | 3/115 [00:00<00:19,  5.72it/s, loss=0.5055]Trial 6 Ep7:   3%|██▍                                                                    | 4/115 [00:00<00:19,  5.71it/s, loss=0.5055]Trial 6 Ep7:   3%|██▍                                                                    | 4/115 [00:00<00:19,  5.71it/s, loss=0.6716]Trial 6 Ep7:   4%|███                                                                    | 5/115 [00:00<00:19,  5.72it/s, loss=0.6716]Trial 6 Ep7:   4%|███                                                                    | 5/115 [00:01<00:19,  5.72it/s, loss=0.7246]Trial 6 Ep7:   5%|███▋                                                                   | 6/115 [00:01<00:19,  5.62it/s, loss=0.7246]Trial 6 Ep7:   5%|███▋                                                                   | 6/115 [00:01<00:19,  5.62it/s, loss=0.7012]Trial 6 Ep7:   6%|████▎                                                                  | 7/115 [00:01<00:19,  5.48it/s, loss=0.7012]Trial 6 Ep7:   6%|████▎                                                                  | 7/115 [00:01<00:19,  5.48it/s, loss=0.5797]Trial 6 Ep7:   7%|████▉                                                                  | 8/115 [00:01<00:19,  5.56it/s, loss=0.5797]Trial 6 Ep7:   7%|████▉                                                                  | 8/115 [00:01<00:19,  5.56it/s, loss=0.6175]Trial 6 Ep7:   8%|█████▌                                                                 | 9/115 [00:01<00:18,  5.68it/s, loss=0.6175]Trial 6 Ep7:   8%|█████▌                                                                 | 9/115 [00:01<00:18,  5.68it/s, loss=0.6164]Trial 6 Ep7:   9%|██████                                                                | 10/115 [00:01<00:18,  5.70it/s, loss=0.6164]Trial 6 Ep7:   9%|██████                                                                | 10/115 [00:01<00:18,  5.70it/s, loss=0.6771]Trial 6 Ep7:  10%|██████▋                                                               | 11/115 [00:01<00:18,  5.77it/s, loss=0.6771]Trial 6 Ep7:  10%|██████▋                                                               | 11/115 [00:02<00:18,  5.77it/s, loss=0.5100]Trial 6 Ep7:  10%|███████▎                                                              | 12/115 [00:02<00:17,  5.84it/s, loss=0.5100]Trial 6 Ep7:  10%|███████▎                                                              | 12/115 [00:02<00:17,  5.84it/s, loss=0.6842]Trial 6 Ep7:  11%|███████▉                                                              | 13/115 [00:02<00:17,  5.85it/s, loss=0.6842]Trial 6 Ep7:  11%|███████▉                                                              | 13/115 [00:02<00:17,  5.85it/s, loss=0.6814]Trial 6 Ep7:  12%|████████▌                                                             | 14/115 [00:02<00:17,  5.93it/s, loss=0.6814]Trial 6 Ep7:  12%|████████▌                                                             | 14/115 [00:02<00:17,  5.93it/s, loss=0.6676]Trial 6 Ep7:  13%|█████████▏                                                            | 15/115 [00:02<00:16,  5.89it/s, loss=0.6676]Trial 6 Ep7:  13%|█████████▏                                                            | 15/115 [00:02<00:16,  5.89it/s, loss=0.6046]Trial 6 Ep7:  14%|█████████▋                                                            | 16/115 [00:02<00:16,  5.89it/s, loss=0.6046]Trial 6 Ep7:  14%|█████████▋                                                            | 16/115 [00:02<00:16,  5.89it/s, loss=0.6291]Trial 6 Ep7:  15%|██████████▎                                                           | 17/115 [00:02<00:16,  5.88it/s, loss=0.6291]Trial 6 Ep7:  15%|██████████▎                                                           | 17/115 [00:03<00:16,  5.88it/s, loss=0.5477]Trial 6 Ep7:  16%|██████████▉                                                           | 18/115 [00:03<00:16,  5.81it/s, loss=0.5477]Trial 6 Ep7:  16%|██████████▉                                                           | 18/115 [00:03<00:16,  5.81it/s, loss=0.6446]Trial 6 Ep7:  17%|███████████▌                                                          | 19/115 [00:03<00:22,  4.34it/s, loss=0.6446]Trial 6 Ep7:  17%|███████████▌                                                          | 19/115 [00:03<00:22,  4.34it/s, loss=0.5521]Trial 6 Ep7:  17%|████████████▏                                                         | 20/115 [00:03<00:20,  4.66it/s, loss=0.5521]Trial 6 Ep7:  17%|████████████▏                                                         | 20/115 [00:03<00:20,  4.66it/s, loss=0.5667]Trial 6 Ep7:  18%|████████████▊                                                         | 21/115 [00:03<00:18,  4.99it/s, loss=0.5667]Trial 6 Ep7:  18%|████████████▊                                                         | 21/115 [00:04<00:18,  4.99it/s, loss=0.6051]Trial 6 Ep7:  19%|█████████████▍                                                        | 22/115 [00:04<00:17,  5.24it/s, loss=0.6051]Trial 6 Ep7:  19%|█████████████▍                                                        | 22/115 [00:04<00:17,  5.24it/s, loss=0.6479]Trial 6 Ep7:  20%|██████████████                                                        | 23/115 [00:04<00:16,  5.44it/s, loss=0.6479]Trial 6 Ep7:  20%|██████████████                                                        | 23/115 [00:04<00:16,  5.44it/s, loss=0.6278]Trial 6 Ep7:  21%|██████████████▌                                                       | 24/115 [00:04<00:16,  5.58it/s, loss=0.6278]Trial 6 Ep7:  21%|██████████████▌                                                       | 24/115 [00:04<00:16,  5.58it/s, loss=0.6806]Trial 6 Ep7:  22%|███████████████▏                                                      | 25/115 [00:04<00:15,  5.65it/s, loss=0.6806]Trial 6 Ep7:  22%|███████████████▏                                                      | 25/115 [00:04<00:15,  5.65it/s, loss=0.6465]Trial 6 Ep7:  23%|███████████████▊                                                      | 26/115 [00:04<00:15,  5.68it/s, loss=0.6465]Trial 6 Ep7:  23%|███████████████▊                                                      | 26/115 [00:04<00:15,  5.68it/s, loss=0.5070]Trial 6 Ep7:  23%|████████████████▍                                                     | 27/115 [00:04<00:15,  5.76it/s, loss=0.5070]Trial 6 Ep7:  23%|████████████████▍                                                     | 27/115 [00:05<00:15,  5.76it/s, loss=0.5507]Trial 6 Ep7:  24%|█████████████████                                                     | 28/115 [00:05<00:15,  5.80it/s, loss=0.5507]Trial 6 Ep7:  24%|█████████████████                                                     | 28/115 [00:05<00:15,  5.80it/s, loss=0.4612]Trial 6 Ep7:  25%|█████████████████▋                                                    | 29/115 [00:05<00:14,  5.83it/s, loss=0.4612]Trial 6 Ep7:  25%|█████████████████▋                                                    | 29/115 [00:05<00:14,  5.83it/s, loss=0.4974]Trial 6 Ep7:  26%|██████████████████▎                                                   | 30/115 [00:05<00:14,  5.86it/s, loss=0.4974]Trial 6 Ep7:  26%|██████████████████▎                                                   | 30/115 [00:05<00:14,  5.86it/s, loss=0.4452]Trial 6 Ep7:  27%|██████████████████▊                                                   | 31/115 [00:05<00:14,  5.93it/s, loss=0.4452]Trial 6 Ep7:  27%|██████████████████▊                                                   | 31/115 [00:05<00:14,  5.93it/s, loss=0.5698]Trial 6 Ep7:  28%|███████████████████▍                                                  | 32/115 [00:05<00:13,  5.95it/s, loss=0.5698]Trial 6 Ep7:  28%|███████████████████▍                                                  | 32/115 [00:05<00:13,  5.95it/s, loss=0.5276]Trial 6 Ep7:  29%|████████████████████                                                  | 33/115 [00:05<00:13,  5.94it/s, loss=0.5276]Trial 6 Ep7:  29%|████████████████████                                                  | 33/115 [00:06<00:13,  5.94it/s, loss=0.4771]Trial 6 Ep7:  30%|████████████████████▋                                                 | 34/115 [00:06<00:13,  5.96it/s, loss=0.4771]Trial 6 Ep7:  30%|████████████████████▋                                                 | 34/115 [00:06<00:13,  5.96it/s, loss=0.4215]Trial 6 Ep7:  30%|█████████████████████▎                                                | 35/115 [00:06<00:13,  5.94it/s, loss=0.4215]Trial 6 Ep7:  30%|█████████████████████▎                                                | 35/115 [00:06<00:13,  5.94it/s, loss=0.5593]Trial 6 Ep7:  31%|█████████████████████▉                                                | 36/115 [00:06<00:13,  5.84it/s, loss=0.5593]Trial 6 Ep7:  31%|█████████████████████▉                                                | 36/115 [00:06<00:13,  5.84it/s, loss=0.5074]Trial 6 Ep7:  32%|██████████████████████▌                                               | 37/115 [00:06<00:13,  5.80it/s, loss=0.5074]Trial 6 Ep7:  32%|██████████████████████▌                                               | 37/115 [00:06<00:13,  5.80it/s, loss=0.5530]Trial 6 Ep7:  33%|███████████████████████▏                                              | 38/115 [00:06<00:13,  5.83it/s, loss=0.5530]Trial 6 Ep7:  33%|███████████████████████▏                                              | 38/115 [00:06<00:13,  5.83it/s, loss=0.7065]Trial 6 Ep7:  34%|███████████████████████▋                                              | 39/115 [00:06<00:12,  5.86it/s, loss=0.7065]Trial 6 Ep7:  34%|███████████████████████▋                                              | 39/115 [00:07<00:12,  5.86it/s, loss=0.5681]Trial 6 Ep7:  35%|████████████████████████▎                                             | 40/115 [00:07<00:12,  5.85it/s, loss=0.5681]Trial 6 Ep7:  35%|████████████████████████▎                                             | 40/115 [00:07<00:12,  5.85it/s, loss=0.8175]Trial 6 Ep7:  36%|████████████████████████▉                                             | 41/115 [00:07<00:12,  5.77it/s, loss=0.8175]Trial 6 Ep7:  36%|████████████████████████▉                                             | 41/115 [00:07<00:12,  5.77it/s, loss=0.7340]Trial 6 Ep7:  37%|█████████████████████████▌                                            | 42/115 [00:07<00:12,  5.74it/s, loss=0.7340]Trial 6 Ep7:  37%|█████████████████████████▌                                            | 42/115 [00:07<00:12,  5.74it/s, loss=0.4638]Trial 6 Ep7:  37%|██████████████████████████▏                                           | 43/115 [00:07<00:12,  5.82it/s, loss=0.4638]Trial 6 Ep7:  37%|██████████████████████████▏                                           | 43/115 [00:07<00:12,  5.82it/s, loss=0.5859]Trial 6 Ep7:  38%|██████████████████████████▊                                           | 44/115 [00:07<00:12,  5.84it/s, loss=0.5859]Trial 6 Ep7:  38%|██████████████████████████▊                                           | 44/115 [00:07<00:12,  5.84it/s, loss=0.4927]Trial 6 Ep7:  39%|███████████████████████████▍                                          | 45/115 [00:07<00:11,  5.85it/s, loss=0.4927]Trial 6 Ep7:  39%|███████████████████████████▍                                          | 45/115 [00:08<00:11,  5.85it/s, loss=0.5609]Trial 6 Ep7:  40%|████████████████████████████                                          | 46/115 [00:08<00:11,  5.89it/s, loss=0.5609]Trial 6 Ep7:  40%|████████████████████████████                                          | 46/115 [00:08<00:11,  5.89it/s, loss=0.5410]Trial 6 Ep7:  41%|████████████████████████████▌                                         | 47/115 [00:08<00:11,  5.94it/s, loss=0.5410]Trial 6 Ep7:  41%|████████████████████████████▌                                         | 47/115 [00:08<00:11,  5.94it/s, loss=0.5631]Trial 6 Ep7:  42%|█████████████████████████████▏                                        | 48/115 [00:08<00:11,  5.95it/s, loss=0.5631]Trial 6 Ep7:  42%|█████████████████████████████▏                                        | 48/115 [00:08<00:11,  5.95it/s, loss=0.4710]Trial 6 Ep7:  43%|█████████████████████████████▊                                        | 49/115 [00:08<00:11,  5.93it/s, loss=0.4710]Trial 6 Ep7:  43%|█████████████████████████████▊                                        | 49/115 [00:08<00:11,  5.93it/s, loss=0.5427]Trial 6 Ep7:  43%|██████████████████████████████▍                                       | 50/115 [00:08<00:10,  5.94it/s, loss=0.5427]Trial 6 Ep7:  43%|██████████████████████████████▍                                       | 50/115 [00:08<00:10,  5.94it/s, loss=0.6544]Trial 6 Ep7:  44%|███████████████████████████████                                       | 51/115 [00:08<00:10,  5.97it/s, loss=0.6544]Trial 6 Ep7:  44%|███████████████████████████████                                       | 51/115 [00:09<00:10,  5.97it/s, loss=0.3896]Trial 6 Ep7:  45%|███████████████████████████████▋                                      | 52/115 [00:09<00:10,  5.97it/s, loss=0.3896]Trial 6 Ep7:  45%|███████████████████████████████▋                                      | 52/115 [00:09<00:10,  5.97it/s, loss=0.5504]Trial 6 Ep7:  46%|████████████████████████████████▎                                     | 53/115 [00:09<00:10,  6.03it/s, loss=0.5504]Trial 6 Ep7:  46%|████████████████████████████████▎                                     | 53/115 [00:09<00:10,  6.03it/s, loss=0.3487]Trial 6 Ep7:  47%|████████████████████████████████▊                                     | 54/115 [00:09<00:10,  5.97it/s, loss=0.3487]Trial 6 Ep7:  47%|████████████████████████████████▊                                     | 54/115 [00:09<00:10,  5.97it/s, loss=0.5406]Trial 6 Ep7:  48%|█████████████████████████████████▍                                    | 55/115 [00:09<00:10,  5.97it/s, loss=0.5406]Trial 6 Ep7:  48%|█████████████████████████████████▍                                    | 55/115 [00:09<00:10,  5.97it/s, loss=0.6351]Trial 6 Ep7:  49%|██████████████████████████████████                                    | 56/115 [00:09<00:10,  5.86it/s, loss=0.6351]Trial 6 Ep7:  49%|██████████████████████████████████                                    | 56/115 [00:09<00:10,  5.86it/s, loss=0.4854]Trial 6 Ep7:  50%|██████████████████████████████████▋                                   | 57/115 [00:09<00:10,  5.76it/s, loss=0.4854]Trial 6 Ep7:  50%|██████████████████████████████████▋                                   | 57/115 [00:10<00:10,  5.76it/s, loss=0.4231]Trial 6 Ep7:  50%|███████████████████████████████████▎                                  | 58/115 [00:10<00:09,  5.81it/s, loss=0.4231]Trial 6 Ep7:  50%|███████████████████████████████████▎                                  | 58/115 [00:10<00:09,  5.81it/s, loss=0.6954]Trial 6 Ep7:  51%|███████████████████████████████████▉                                  | 59/115 [00:10<00:09,  5.81it/s, loss=0.6954]Trial 6 Ep7:  51%|███████████████████████████████████▉                                  | 59/115 [00:10<00:09,  5.81it/s, loss=0.5682]Trial 6 Ep7:  52%|████████████████████████████████████▌                                 | 60/115 [00:10<00:09,  5.80it/s, loss=0.5682]Trial 6 Ep7:  52%|████████████████████████████████████▌                                 | 60/115 [00:10<00:09,  5.80it/s, loss=0.6519]Trial 6 Ep7:  53%|█████████████████████████████████████▏                                | 61/115 [00:10<00:09,  5.88it/s, loss=0.6519]Trial 6 Ep7:  53%|█████████████████████████████████████▏                                | 61/115 [00:10<00:09,  5.88it/s, loss=0.6049]Trial 6 Ep7:  54%|█████████████████████████████████████▋                                | 62/115 [00:10<00:09,  5.83it/s, loss=0.6049]Trial 6 Ep7:  54%|█████████████████████████████████████▋                                | 62/115 [00:10<00:09,  5.83it/s, loss=0.5174]Trial 6 Ep7:  55%|██████████████████████████████████████▎                               | 63/115 [00:10<00:08,  5.86it/s, loss=0.5174]Trial 6 Ep7:  55%|██████████████████████████████████████▎                               | 63/115 [00:11<00:08,  5.86it/s, loss=0.4593]Trial 6 Ep7:  56%|██████████████████████████████████████▉                               | 64/115 [00:11<00:08,  5.83it/s, loss=0.4593]Trial 6 Ep7:  56%|██████████████████████████████████████▉                               | 64/115 [00:11<00:08,  5.83it/s, loss=0.5456]Trial 6 Ep7:  57%|███████████████████████████████████████▌                              | 65/115 [00:11<00:08,  5.78it/s, loss=0.5456]Trial 6 Ep7:  57%|███████████████████████████████████████▌                              | 65/115 [00:11<00:08,  5.78it/s, loss=0.5344]Trial 6 Ep7:  57%|████████████████████████████████████████▏                             | 66/115 [00:11<00:08,  5.79it/s, loss=0.5344]Trial 6 Ep7:  57%|████████████████████████████████████████▏                             | 66/115 [00:11<00:08,  5.79it/s, loss=0.5714]Trial 6 Ep7:  58%|████████████████████████████████████████▊                             | 67/115 [00:11<00:08,  5.81it/s, loss=0.5714]Trial 6 Ep7:  58%|████████████████████████████████████████▊                             | 67/115 [00:11<00:08,  5.81it/s, loss=0.5656]Trial 6 Ep7:  59%|█████████████████████████████████████████▍                            | 68/115 [00:11<00:08,  5.79it/s, loss=0.5656]Trial 6 Ep7:  59%|█████████████████████████████████████████▍                            | 68/115 [00:12<00:08,  5.79it/s, loss=0.7476]Trial 6 Ep7:  60%|██████████████████████████████████████████                            | 69/115 [00:12<00:07,  5.87it/s, loss=0.7476]Trial 6 Ep7:  60%|██████████████████████████████████████████                            | 69/115 [00:12<00:07,  5.87it/s, loss=0.5101]Trial 6 Ep7:  61%|██████████████████████████████████████████▌                           | 70/115 [00:12<00:07,  5.81it/s, loss=0.5101]Trial 6 Ep7:  61%|██████████████████████████████████████████▌                           | 70/115 [00:12<00:07,  5.81it/s, loss=0.5104]Trial 6 Ep7:  62%|███████████████████████████████████████████▏                          | 71/115 [00:12<00:07,  5.87it/s, loss=0.5104]Trial 6 Ep7:  62%|███████████████████████████████████████████▏                          | 71/115 [00:12<00:07,  5.87it/s, loss=0.4789]Trial 6 Ep7:  63%|███████████████████████████████████████████▊                          | 72/115 [00:12<00:07,  5.82it/s, loss=0.4789]Trial 6 Ep7:  63%|███████████████████████████████████████████▊                          | 72/115 [00:12<00:07,  5.82it/s, loss=0.4877]Trial 6 Ep7:  63%|████████████████████████████████████████████▍                         | 73/115 [00:12<00:07,  5.92it/s, loss=0.4877]Trial 6 Ep7:  63%|████████████████████████████████████████████▍                         | 73/115 [00:12<00:07,  5.92it/s, loss=0.6662]Trial 6 Ep7:  64%|█████████████████████████████████████████████                         | 74/115 [00:12<00:06,  5.94it/s, loss=0.6662]Trial 6 Ep7:  64%|█████████████████████████████████████████████                         | 74/115 [00:13<00:06,  5.94it/s, loss=0.4562]Trial 6 Ep7:  65%|█████████████████████████████████████████████▋                        | 75/115 [00:13<00:06,  5.91it/s, loss=0.4562]Trial 6 Ep7:  65%|█████████████████████████████████████████████▋                        | 75/115 [00:13<00:06,  5.91it/s, loss=0.6789]Trial 6 Ep7:  66%|██████████████████████████████████████████████▎                       | 76/115 [00:13<00:06,  5.87it/s, loss=0.6789]Trial 6 Ep7:  66%|██████████████████████████████████████████████▎                       | 76/115 [00:13<00:06,  5.87it/s, loss=0.6105]Trial 6 Ep7:  67%|██████████████████████████████████████████████▊                       | 77/115 [00:13<00:06,  5.84it/s, loss=0.6105]Trial 6 Ep7:  67%|██████████████████████████████████████████████▊                       | 77/115 [00:13<00:06,  5.84it/s, loss=0.4515]Trial 6 Ep7:  68%|███████████████████████████████████████████████▍                      | 78/115 [00:13<00:06,  5.83it/s, loss=0.4515]Trial 6 Ep7:  68%|███████████████████████████████████████████████▍                      | 78/115 [00:13<00:06,  5.83it/s, loss=0.4691]Trial 6 Ep7:  69%|████████████████████████████████████████████████                      | 79/115 [00:13<00:06,  5.76it/s, loss=0.4691]Trial 6 Ep7:  69%|████████████████████████████████████████████████                      | 79/115 [00:13<00:06,  5.76it/s, loss=0.5472]Trial 6 Ep7:  70%|████████████████████████████████████████████████▋                     | 80/115 [00:13<00:06,  5.77it/s, loss=0.5472]Trial 6 Ep7:  70%|████████████████████████████████████████████████▋                     | 80/115 [00:14<00:06,  5.77it/s, loss=0.5476]Trial 6 Ep7:  70%|█████████████████████████████████████████████████▎                    | 81/115 [00:14<00:05,  5.76it/s, loss=0.