Trial 11 Ep3:   0%|                                                                                           | 0/115 [00:00<?, ?it/s]Trial 11 Ep3:   0%|                                                                              | 0/115 [00:00<?, ?it/s, loss=1.4675]Trial 11 Ep3:   1%|▌                                                                     | 1/115 [00:00<00:20,  5.57it/s, loss=1.4675]Trial 11 Ep3:   1%|▌                                                                     | 1/115 [00:00<00:20,  5.57it/s, loss=1.7749]Trial 11 Ep3:   2%|█▏                                                                    | 2/115 [00:00<00:19,  5.76it/s, loss=1.7749]Trial 11 Ep3:   2%|█▏                                                                    | 2/115 [00:00<00:19,  5.76it/s, loss=5.4497]Trial 11 Ep3:   3%|█▊                                                                    | 3/115 [00:00<00:19,  5.70it/s, loss=5.4497]Trial 11 Ep3:   3%|█▊                                                                    | 3/115 [00:00<00:19,  5.70it/s, loss=7.6046]Trial 11 Ep3:   3%|██▍                                                                   | 4/115 [00:00<00:19,  5.62it/s, loss=7.6046]Trial 11 Ep3:   3%|██▍                                                                   | 4/115 [00:00<00:19,  5.62it/s, loss=2.4056]Trial 11 Ep3:   4%|███                                                                   | 5/115 [00:00<00:19,  5.64it/s, loss=2.4056]Trial 11 Ep3:   4%|███                                                                   | 5/115 [00:01<00:19,  5.64it/s, loss=1.9606]Trial 11 Ep3:   5%|███▋                                                                  | 6/115 [00:01<00:19,  5.72it/s, loss=1.9606]Trial 11 Ep3:   5%|███▋                                                                  | 6/115 [00:01<00:19,  5.72it/s, loss=0.7384]Trial 11 Ep3:   6%|████▎                                                                 | 7/115 [00:01<00:19,  5.68it/s, loss=0.7384]Trial 11 Ep3:   6%|████▎                                                                 | 7/115 [00:01<00:19,  5.68it/s, loss=1.4264]Trial 11 Ep3:   7%|████▊                                                                 | 8/115 [00:01<00:18,  5.74it/s, loss=1.4264]Trial 11 Ep3:   7%|████▊                                                                 | 8/115 [00:01<00:18,  5.74it/s, loss=1.1810]Trial 11 Ep3:   8%|█████▍                                                                | 9/115 [00:01<00:18,  5.73it/s, loss=1.1810]Trial 11 Ep3:   8%|█████▍                                                                | 9/115 [00:01<00:18,  5.73it/s, loss=1.0384]Trial 11 Ep3:   9%|██████                                                               | 10/115 [00:01<00:18,  5.69it/s, loss=1.0384]Trial 11 Ep3:   9%|██████                                                               | 10/115 [00:01<00:18,  5.69it/s, loss=2.9275]Trial 11 Ep3:  10%|██████▌                                                              | 11/115 [00:01<00:18,  5.69it/s, loss=2.9275]Trial 11 Ep3:  10%|██████▌                                                              | 11/115 [00:02<00:18,  5.69it/s, loss=2.8179]Trial 11 Ep3:  10%|███████▏                                                             | 12/115 [00:02<00:17,  5.76it/s, loss=2.8179]Trial 11 Ep3:  10%|███████▏                                                             | 12/115 [00:02<00:17,  5.76it/s, loss=1.3462]Trial 11 Ep3:  11%|███████▊                                                             | 13/115 [00:02<00:17,  5.79it/s, loss=1.3462]Trial 11 Ep3:  11%|███████▊                                                             | 13/115 [00:02<00:17,  5.79it/s, loss=0.6932]Trial 11 Ep3:  12%|████████▍                                                            | 14/115 [00:02<00:17,  5.78it/s, loss=0.6932]Trial 11 Ep3:  12%|████████▍                                                            | 14/115 [00:02<00:17,  5.78it/s, loss=2.9684]Trial 11 Ep3:  13%|█████████                                                            | 15/115 [00:02<00:17,  5.73it/s, loss=2.9684]Trial 11 Ep3:  13%|█████████                                                            | 15/115 [00:02<00:17,  5.73it/s, loss=3.2877]Trial 11 Ep3:  14%|█████████▌                                                           | 16/115 [00:02<00:17,  5.66it/s, loss=3.2877]Trial 11 Ep3:  14%|█████████▌                                                           | 16/115 [00:02<00:17,  5.66it/s, loss=1.7149]Trial 11 Ep3:  15%|██████████▏                                                          | 17/115 [00:02<00:17,  5.68it/s, loss=1.7149]Trial 11 Ep3:  15%|██████████▏                                                          | 17/115 [00:03<00:17,  5.68it/s, loss=2.8696]Trial 11 Ep3:  16%|██████████▊                                                          | 18/115 [00:03<00:17,  5.66it/s, loss=2.8696]Trial 11 Ep3:  16%|██████████▊                                                          | 18/115 [00:03<00:17,  5.66it/s, loss=0.8575]Trial 11 Ep3:  17%|███████████▍                                                         | 19/115 [00:03<00:17,  5.60it/s, loss=0.8575]Trial 11 Ep3:  17%|███████████▍                                                         | 19/115 [00:03<00:17,  5.60it/s, loss=1.1486]Trial 11 Ep3:  17%|████████████                                                         | 20/115 [00:03<00:16,  5.66it/s, loss=1.1486]Trial 11 Ep3:  17%|████████████                                                         | 20/115 [00:03<00:16,  5.66it/s, loss=2.3618]Trial 11 Ep3:  18%|████████████▌                                                        | 21/115 [00:03<00:16,  5.66it/s, loss=2.3618]Trial 11 Ep3:  18%|████████████▌                                                        | 21/115 [00:03<00:16,  5.66it/s, loss=3.9128]Trial 11 Ep3:  19%|█████████████▏                                                       | 22/115 [00:03<00:16,  5.57it/s, loss=3.9128]Trial 11 Ep3:  19%|█████████████▏                                                       | 22/115 [00:04<00:16,  5.57it/s, loss=2.3703]Trial 11 Ep3:  20%|█████████████▊                                                       | 23/115 [00:04<00:16,  5.67it/s, loss=2.3703]Trial 11 Ep3:  20%|█████████████▊                                                       | 23/115 [00:04<00:16,  5.67it/s, loss=0.6906]Trial 11 Ep3:  21%|██████████████▍                                                      | 24/115 [00:04<00:15,  5.72it/s, loss=0.6906]Trial 11 Ep3:  21%|██████████████▍                                                      | 24/115 [00:04<00:15,  5.72it/s, loss=2.3838]Trial 11 Ep3:  22%|███████████████                                                      | 25/115 [00:04<00:15,  5.69it/s, loss=2.3838]Trial 11 Ep3:  22%|███████████████                                                      | 25/115 [00:04<00:15,  5.69it/s, loss=1.3859]Trial 11 Ep3:  23%|███████████████▌                                                     | 26/115 [00:04<00:15,  5.68it/s, loss=1.3859]Trial 11 Ep3:  23%|███████████████▌                                                     | 26/115 [00:04<00:15,  5.68it/s, loss=7.7844]Trial 11 Ep3:  23%|████████████████▏                                                    | 27/115 [00:04<00:15,  5.73it/s, loss=7.7844]Trial 11 Ep3:  23%|████████████████▏                                                    | 27/115 [00:04<00:15,  5.73it/s, loss=2.1113]Trial 11 Ep3:  24%|████████████████▊                                                    | 28/115 [00:04<00:15,  5.66it/s, loss=2.1113]Trial 11 Ep3:  24%|████████████████▊                                                    | 28/115 [00:05<00:15,  5.66it/s, loss=1.5413]Trial 11 Ep3:  25%|█████████████████▍                                                   | 29/115 [00:05<00:15,  5.60it/s, loss=1.5413]Trial 11 Ep3:  25%|█████████████████▍                                                   | 29/115 [00:05<00:15,  5.60it/s, loss=0.8700]Trial 11 Ep3:  26%|██████████████████                                                   | 30/115 [00:05<00:15,  5.65it/s, loss=0.8700]Trial 11 Ep3:  26%|██████████████████                                                   | 30/115 [00:05<00:15,  5.65it/s, loss=1.3392]Trial 11 Ep3:  27%|██████████████████▌                                                  | 31/115 [00:05<00:15,  5.52it/s, loss=1.3392]Trial 11 Ep3:  27%|██████████████████▌                                                  | 31/115 [00:05<00:15,  5.52it/s, loss=1.7532]Trial 11 Ep3:  28%|███████████████████▏                                                 | 32/115 [00:05<00:15,  5.52it/s, loss=1.7532]Trial 11 Ep3:  28%|███████████████████▏                                                 | 32/115 [00:05<00:15,  5.52it/s, loss=1.8456]Trial 11 Ep3:  29%|███████████████████▊                                                 | 33/115 [00:05<00:14,  5.59it/s, loss=1.8456]Trial 11 Ep3:  29%|███████████████████▊                                                 | 33/115 [00:06<00:14,  5.59it/s, loss=1.6462]Trial 11 Ep3:  30%|████████████████████▍                                                | 34/115 [00:06<00:14,  5.54it/s, loss=1.6462]Trial 11 Ep3:  30%|████████████████████▍                                                | 34/115 [00:06<00:14,  5.54it/s, loss=0.7101]Trial 11 Ep3:  30%|█████████████████████                                                | 35/115 [00:06<00:14,  5.54it/s, loss=0.7101]Trial 11 Ep3:  30%|█████████████████████                                                | 35/115 [00:06<00:14,  5.54it/s, loss=2.5022]Trial 11 Ep3:  31%|█████████████████████▌                                               | 36/115 [00:06<00:14,  5.50it/s, loss=2.5022]Trial 11 Ep3:  31%|█████████████████████▌                                               | 36/115 [00:06<00:14,  5.50it/s, loss=1.5852]Trial 11 Ep3:  32%|██████████████████████▏                                              | 37/115 [00:06<00:14,  5.56it/s, loss=1.5852]Trial 11 Ep3:  32%|██████████████████████▏                                              | 37/115 [00:06<00:14,  5.56it/s, loss=0.9480]Trial 11 Ep3:  33%|██████████████████████▊                                              | 38/115 [00:06<00:13,  5.56it/s, loss=0.9480]Trial 11 Ep3:  33%|██████████████████████▊                                              | 38/115 [00:06<00:13,  5.56it/s, loss=1.0394]Trial 11 Ep3:  34%|███████████████████████▍                                             | 39/115 [00:06<00:13,  5.56it/s, loss=1.0394]Trial 11 Ep3:  34%|███████████████████████▍                                             | 39/115 [00:07<00:13,  5.56it/s, loss=0.8393]Trial 11 Ep3:  35%|████████████████████████                                             | 40/115 [00:07<00:13,  5.59it/s, loss=0.8393]Trial 11 Ep3:  35%|████████████████████████                                             | 40/115 [00:07<00:13,  5.59it/s, loss=0.7163]Trial 11 Ep3:  36%|████████████████████████▌                                            | 41/115 [00:07<00:13,  5.35it/s, loss=0.7163]Trial 11 Ep3:  36%|████████████████████████▌                                            | 41/115 [00:07<00:13,  5.35it/s, loss=1.1946]Trial 11 Ep3:  37%|█████████████████████████▏                                           | 42/115 [00:07<00:13,  5.41it/s, loss=1.1946]Trial 11 Ep3:  37%|█████████████████████████▏                                           | 42/115 [00:07<00:13,  5.41it/s, loss=1.4701]Trial 11 Ep3:  37%|█████████████████████████▊                                           | 43/115 [00:07<00:13,  5.43it/s, loss=1.4701]Trial 11 Ep3:  37%|█████████████████████████▊                                           | 43/115 [00:07<00:13,  5.43it/s, loss=1.0679]Trial 11 Ep3:  38%|██████████████████████████▍                                          | 44/115 [00:07<00:12,  5.48it/s, loss=1.0679]Trial 11 Ep3:  38%|██████████████████████████▍                                          | 44/115 [00:08<00:12,  5.48it/s, loss=6.9308]Trial 11 Ep3:  39%|███████████████████████████                                          | 45/115 [00:08<00:12,  5.52it/s, loss=6.9308]Trial 11 Ep3:  39%|███████████████████████████                                          | 45/115 [00:08<00:12,  5.52it/s, loss=5.1974]Trial 11 Ep3:  40%|███████████████████████████▌                                         | 46/115 [00:08<00:13,  5.20it/s, loss=5.1974]Trial 11 Ep3:  40%|███████████████████████████▌                                         | 46/115 [00:08<00:13,  5.20it/s, loss=5.5140]Trial 11 Ep3:  41%|████████████████████████████▏                                        | 47/115 [00:08<00:13,  5.21it/s, loss=5.5140]Trial 11 Ep3:  41%|████████████████████████████▏                                        | 47/115 [00:08<00:13,  5.21it/s, loss=3.4948]Trial 11 Ep3:  42%|████████████████████████████▊                                        | 48/115 [00:08<00:12,  5.30it/s, loss=3.4948]Trial 11 Ep3:  42%|████████████████████████████▊                                        | 48/115 [00:08<00:12,  5.30it/s, loss=0.7493]Trial 11 Ep3:  43%|█████████████████████████████▍                                       | 49/115 [00:08<00:12,  5.46it/s, loss=0.7493]Trial 11 Ep3:  43%|█████████████████████████████▍                                       | 49/115 [00:08<00:12,  5.46it/s, loss=4.1730]Trial 11 Ep3:  43%|██████████████████████████████                                       | 50/115 [00:08<00:11,  5.46it/s, loss=4.1730]Trial 11 Ep3:  43%|██████████████████████████████                                       | 50/115 [00:09<00:11,  5.46it/s, loss=2.5891]Trial 11 Ep3:  44%|██████████████████████████████▌                                      | 51/115 [00:09<00:11,  5.45it/s, loss=2.5891]Trial 11 Ep3:  44%|██████████████████████████████▌                                      | 51/115 [00:09<00:11,  5.45it/s, loss=2.6593]Trial 11 Ep3:  45%|███████████████████████████████▏                                     | 52/115 [00:09<00:11,  5.43it/s, loss=2.6593]Trial 11 Ep3:  45%|███████████████████████████████▏                                     | 52/115 [00:09<00:11,  5.43it/s, loss=2.8886]Trial 11 Ep3:  46%|███████████████████████████████▊                                     | 53/115 [00:09<00:11,  5.52it/s, loss=2.8886]Trial 11 Ep3:  46%|███████████████████████████████▊                                     | 53/115 [00:09<00:11,  5.52it/s, loss=1.1570]Trial 11 Ep3:  47%|████████████████████████████████▍                                    | 54/115 [00:09<00:10,  5.59it/s, loss=1.1570]Trial 11 Ep3:  47%|████████████████████████████████▍                                    | 54/115 [00:09<00:10,  5.59it/s, loss=1.1771]Trial 11 Ep3:  48%|█████████████████████████████████                                    | 55/115 [00:09<00:10,  5.65it/s, loss=1.1771]Trial 11 Ep3:  48%|█████████████████████████████████                                    | 55/115 [00:10<00:10,  5.65it/s, loss=1.2466]Trial 11 Ep3:  49%|█████████████████████████████████▌                                   | 56/115 [00:10<00:10,  5.67it/s, loss=1.2466]Trial 11 Ep3:  49%|█████████████████████████████████▌                                   | 56/115 [00:10<00:10,  5.67it/s, loss=1.9579]Trial 11 Ep3:  50%|██████████████████████████████████▏                                  | 57/115 [00:10<00:10,  5.63it/s, loss=1.9579]Trial 11 Ep3:  50%|██████████████████████████████████▏                                  | 57/115 [00:10<00:10,  5.63it/s, loss=1.1669]Trial 11 Ep3:  50%|██████████████████████████████████▊                                  | 58/115 [00:10<00:11,  4.95it/s, loss=1.1669]Trial 11 Ep3:  50%|██████████████████████████████████▊                                  | 58/115 [00:10<00:11,  4.95it/s, loss=0.8419]Trial 11 Ep3:  51%|███████████████████████████████████▍                                 | 59/115 [00:10<00:11,  4.98it/s, loss=0.8419]Trial 11 Ep3:  51%|███████████████████████████████████▍                                 | 59/115 [00:10<00:11,  4.98it/s, loss=6.8786]Trial 11 Ep3:  52%|████████████████████████████████████                                 | 60/115 [00:10<00:10,  5.07it/s, loss=6.8786]Trial 11 Ep3:  52%|████████████████████████████████████                                 | 60/115 [00:11<00:10,  5.07it/s, loss=1.7286]Trial 11 Ep3:  53%|████████████████████████████████████▌                                | 61/115 [00:11<00:10,  5.27it/s, loss=1.7286]Trial 11 Ep3:  53%|████████████████████████████████████▌                                | 61/115 [00:11<00:10,  5.27it/s, loss=3.4339]Trial 11 Ep3:  54%|█████████████████████████████████████▏                               | 62/115 [00:11<00:09,  5.35it/s, loss=3.4339]Trial 11 Ep3:  54%|█████████████████████████████████████▏                               | 62/115 [00:11<00:09,  5.35it/s, loss=1.4862]Trial 11 Ep3:  55%|█████████████████████████████████████▊                               | 63/115 [00:11<00:10,  5.19it/s, loss=1.4862]Trial 11 Ep3:  55%|█████████████████████████████████████▊                               | 63/115 [00:11<00:10,  5.19it/s, loss=1.4487]Trial 11 Ep3:  56%|██████████████████████████████████████▍                              | 64/115 [00:11<00:09,  5.27it/s, loss=1.4487]Trial 11 Ep3:  56%|██████████████████████████████████████▍                              | 64/115 [00:11<00:09,  5.27it/s, loss=2.7102]Trial 11 Ep3:  57%|███████████████████████████████████████                              | 65/115 [00:11<00:09,  5.32it/s, loss=2.7102]Trial 11 Ep3:  57%|███████████████████████████████████████                              | 65/115 [00:11<00:09,  5.32it/s, loss=1.2791]Trial 11 Ep3:  57%|███████████████████████████████████████▌                             | 66/115 [00:11<00:09,  5.22it/s, loss=1.2791]Trial 11 Ep3:  57%|███████████████████████████████████████▌                             | 66/115 [00:12<00:09,  5.22it/s, loss=0.6005]Trial 11 Ep3:  58%|████████████████████████████████████████▏                            | 67/115 [00:12<00:09,  5.20it/s, loss=0.6005]Trial 11 Ep3:  58%|████████████████████████████████████████▏                            | 67/115 [00:12<00:09,  5.20it/s, loss=0.6491]Trial 11 Ep3:  59%|████████████████████████████████████████▊                            | 68/115 [00:12<00:08,  5.34it/s, loss=0.6491]Trial 11 Ep3:  59%|████████████████████████████████████████▊                            | 68/115 [00:12<00:08,  5.34it/s, loss=0.6558]Trial 11 Ep3:  60%|█████████████████████████████████████████▍                           | 69/115 [00:12<00:08,  5.38it/s, loss=0.6558]Trial 11 Ep3:  60%|█████████████████████████████████████████▍                           | 69/115 [00:12<00:08,  5.38it/s, loss=5.8745]Trial 11 Ep3:  61%|██████████████████████████████████████████                           | 70/115 [00:12<00:08,  5.36it/s, loss=5.8745]Trial 11 Ep3:  61%|██████████████████████████████████████████                           | 70/115 [00:12<00:08,  5.36it/s, loss=0.7946]Trial 11 Ep3:  62%|██████████████████████████████████████████▌                          | 71/115 [00:12<00:08,  5.37it/s, loss=0.7946]Trial 11 Ep3:  62%|██████████████████████████████████████████▌                          | 71/115 [00:13<00:08,  5.37it/s, loss=3.2691]Trial 11 Ep3:  63%|███████████████████████████████████████████▏                         | 72/115 [00:13<00:07,  5.42it/s, loss=3.2691]Trial 11 Ep3:  63%|███████████████████████████████████████████▏                         | 72/115 [00:13<00:07,  5.42it/s, loss=3.0490]Trial 11 Ep3:  63%|███████████████████████████████████████████▊                         | 73/115 [00:13<00:07,  5.41it/s, loss=3.0490]Trial 11 Ep3:  63%|███████████████████████████████████████████▊                         | 73/115 [00:13<00:07,  5.41it/s, loss=2.6973]Trial 11 Ep3:  64%|████████████████████████████████████████████▍                        | 74/115 [00:13<00:07,  5.35it/s, loss=2.6973]Trial 11 Ep3:  64%|████████████████████████████████████████████▍                        | 74/115 [00:13<00:07,  5.35it/s, loss=0.8560]Trial 11 Ep3:  65%|█████████████████████████████████████████████                        | 75/115 [00:13<00:07,  5.45it/s, loss=0.8560]Trial 11 Ep3:  65%|█████████████████████████████████████████████                        | 75/115 [00:13<00:07,  5.45it/s, loss=2.3261]Trial 11 Ep3:  66%|█████████████████████████████████████████████▌                       | 76/115 [00:13<00:07,  5.54it/s, loss=2.3261]Trial 11 Ep3:  66%|█████████████████████████████████████████████▌                       | 76/115 [00:13<00:07,  5.54it/s, loss=1.8368]Trial 11 Ep3:  67%|██████████████████████████████████████████████▏                      | 77/115 [00:13<00:06,  5.61it/s, loss=1.8368]Trial 11 Ep3:  67%|██████████████████████████████████████████████▏                      | 77/115 [00:14<00:06,  5.61it/s, loss=1.2770]Trial 11 Ep3:  68%|██████████████████████████████████████████████▊                      | 78/115 [00:14<00:06,  5.66it/s, loss=1.2770]Trial 11 Ep3:  68%|██████████████████████████████████████████████▊                      | 78/115 [00:14<00:06,  5.66it/s, loss=0.9354]Trial 11 Ep3:  69%|███████████████████████████████████████████████▍                     | 79/115 [00:14<00:06,  5.73it/s, loss=0.9354]Trial 11 Ep3:  69%|███████████████████████████████████████████████▍                     | 79/115 [00:14<00:06,  5.73it/s, loss=0.7959]Trial 11 Ep3:  70%|████████████████████████████████████████████████                     | 80/115 [00:14<00:06,  5.79it/s, loss=0.7959]Trial 11 Ep3:  70%|████████████████████████████████████████████████                     | 80/115 [00:14<00:06,  5.79it/s, loss=0.6697]Trial 11 Ep3:  70%|████████████████████████████████████████████████▌                    | 81/115 [00:14<00:05,  5.79it/s, loss=0.