=== MRPC START Tue Feb 24 01:57:16 PM UTC 2026 ===
[I 2026-02-24 13:57:30,227] A new study created in RDB with name: mobilebert_mrpc_lrtt_bs32_adam_decay_nowd_nomom_nonest_combos_ablrwarm_qkv
  [Task Config] mrpc: batch_size=32, max_seq=128, epochs=7, lr=0.006
  GLUE mrpc: Train=3668, Eval=408
Train batches: 115, Eval batches: 7
  Early stop patience: 2, Pruner: Median, startup=5, warmup=2

Study: mobilebert_mrpc_lrtt_bs32_adam_decay_nowd_nomom_nonest_combos_ablrwarm_qkv, Device: cuda, New trials: 30

======================================================================
Trial 0 Starting
======================================================================
  rank=8, transfer_every=10000000, transfer_lr=1.0000e-01
  lora_alpha=1.0000, lr=6.0000e-03, wd=0.00e+00
  target_ab_lr=0.0010, lr_multiplier=0.166667
  effective_ab_lr = lr*alpha*mult = 0.0010
  momentum=0.00, nesterov=False, reinit_mode=decay
  tau_sec=0.0, optimizer=AnalogAdam
======================================================================
Some weights of MobileBertForSequenceClassification were not initialized from the model checkpoint at google/mobilebert-uncased and are newly initialized: ['classifier.bias', 'classifier.weight']
You should probably TRAIN this model on a down-stream task to be able to use it for predictions and inference.
  [FIX] Reinitialized classifier with FIXED seed=42
  LRTT Analog layers: 96, Total params: 21,842,978, Trainable (before grad set): 21,830,690
  Trainable (after grad set): 13,602
  LoRA target: qkv -> ['attention.self.query', 'attention.self.key', 'attention.self.value', 'attention.output.dense']

Optimizer configuration:
  Forward scaling (lora_alpha): 1.0
  Classifier LR: 0.006
  LRTT LR (optimizer): 0.001 (= 0.006 * 0.16666666666666666)
  Effective A,B LR: 0.001 (= 0.001 * 1.0)
  LRTT_LR_MULTIPLIER: 0.16666666666666666
  LRTT tile params: 288
  Other params: 98
  Collected 96 tile_c contexts for post-step reset
  Collected 192 tile_a/b contexts for post-step reset
  AB LR Warmup: 1e-07 → 1e-03 over 161 steps (scheduler warmup: 40 steps)
