Trial 9 Ep4:   0%|                                                                                            | 0/115 [00:00<?, ?it/s]Trial 9 Ep4:   0%|                                                                               | 0/115 [00:00<?, ?it/s, loss=0.5823]Trial 9 Ep4:   1%|▌                                                                      | 1/115 [00:00<00:20,  5.66it/s, loss=0.5823]Trial 9 Ep4:   1%|▌                                                                      | 1/115 [00:00<00:20,  5.66it/s, loss=0.6371]Trial 9 Ep4:   2%|█▏                                                                     | 2/115 [00:00<00:20,  5.63it/s, loss=0.6371]Trial 9 Ep4:   2%|█▏                                                                     | 2/115 [00:00<00:20,  5.63it/s, loss=0.6575]Trial 9 Ep4:   3%|█▊                                                                     | 3/115 [00:00<00:19,  5.66it/s, loss=0.6575]Trial 9 Ep4:   3%|█▊                                                                     | 3/115 [00:00<00:19,  5.66it/s, loss=0.6622]Trial 9 Ep4:   3%|██▍                                                                    | 4/115 [00:00<00:19,  5.72it/s, loss=0.6622]Trial 9 Ep4:   3%|██▍                                                                    | 4/115 [00:00<00:19,  5.72it/s, loss=0.6775]Trial 9 Ep4:   4%|███                                                                    | 5/115 [00:00<00:19,  5.69it/s, loss=0.6775]Trial 9 Ep4:   4%|███                                                                    | 5/115 [00:01<00:19,  5.69it/s, loss=0.5005]Trial 9 Ep4:   5%|███▋                                                                   | 6/115 [00:01<00:19,  5.66it/s, loss=0.5005]Trial 9 Ep4:   5%|███▋                                                                   | 6/115 [00:01<00:19,  5.66it/s, loss=0.8813]Trial 9 Ep4:   6%|████▎                                                                  | 7/115 [00:01<00:19,  5.59it/s, loss=0.8813]Trial 9 Ep4:   6%|████▎                                                                  | 7/115 [00:01<00:19,  5.59it/s, loss=0.6514]Trial 9 Ep4:   7%|████▉                                                                  | 8/115 [00:01<00:19,  5.58it/s, loss=0.6514]Trial 9 Ep4:   7%|████▉                                                                  | 8/115 [00:01<00:19,  5.58it/s, loss=0.9304]Trial 9 Ep4:   8%|█████▌                                                                 | 9/115 [00:01<00:18,  5.61it/s, loss=0.9304]Trial 9 Ep4:   8%|█████▌                                                                 | 9/115 [00:01<00:18,  5.61it/s, loss=0.6926]Trial 9 Ep4:   9%|██████                                                                | 10/115 [00:01<00:18,  5.59it/s, loss=0.6926]Trial 9 Ep4:   9%|██████                                                                | 10/115 [00:01<00:18,  5.59it/s, loss=0.6686]Trial 9 Ep4:  10%|██████▋                                                               | 11/115 [00:01<00:18,  5.66it/s, loss=0.6686]Trial 9 Ep4:  10%|██████▋                                                               | 11/115 [00:02<00:18,  5.66it/s, loss=0.8123]Trial 9 Ep4:  10%|███████▎                                                              | 12/115 [00:02<00:18,  5.71it/s, loss=0.8123]Trial 9 Ep4:  10%|███████▎                                                              | 12/115 [00:02<00:18,  5.71it/s, loss=0.6087]Trial 9 Ep4:  11%|███████▉                                                              | 13/115 [00:02<00:17,  5.69it/s, loss=0.6087]Trial 9 Ep4:  11%|███████▉                                                              | 13/115 [00:02<00:17,  5.69it/s, loss=0.5806]Trial 9 Ep4:  12%|████████▌                                                             | 14/115 [00:02<00:17,  5.65it/s, loss=0.5806]Trial 9 Ep4:  12%|████████▌                                                             | 14/115 [00:02<00:17,  5.65it/s, loss=0.6940]Trial 9 Ep4:  13%|█████████▏                                                            | 15/115 [00:02<00:17,  5.68it/s, loss=0.6940]Trial 9 Ep4:  13%|█████████▏                                                            | 15/115 [00:02<00:17,  5.68it/s, loss=0.6696]Trial 9 Ep4:  14%|█████████▋                                                            | 16/115 [00:02<00:17,  5.65it/s, loss=0.6696]Trial 9 Ep4:  14%|█████████▋                                                            | 16/115 [00:03<00:17,  5.65it/s, loss=0.6342]Trial 9 Ep4:  15%|██████████▎                                                           | 17/115 [00:03<00:17,  5.67it/s, loss=0.6342]Trial 9 Ep4:  15%|██████████▎                                                           | 17/115 [00:03<00:17,  5.67it/s, loss=0.9095]Trial 9 Ep4:  16%|██████████▉                                                           | 18/115 [00:03<00:16,  5.71it/s, loss=0.9095]Trial 9 Ep4:  16%|██████████▉                                                           | 18/115 [00:03<00:16,  5.71it/s, loss=0.7089]Trial 9 Ep4:  17%|███████████▌                                                          | 19/115 [00:03<00:16,  5.73it/s, loss=0.7089]Trial 9 Ep4:  17%|███████████▌                                                          | 19/115 [00:03<00:16,  5.73it/s, loss=0.6216]Trial 9 Ep4:  17%|████████████▏                                                         | 20/115 [00:03<00:16,  5.72it/s, loss=0.6216]Trial 9 Ep4:  17%|████████████▏                                                         | 20/115 [00:03<00:16,  5.72it/s, loss=0.6136]Trial 9 Ep4:  18%|████████████▊                                                         | 21/115 [00:03<00:16,  5.73it/s, loss=0.6136]Trial 9 Ep4:  18%|████████████▊                                                         | 21/115 [00:03<00:16,  5.73it/s, loss=0.9532]Trial 9 Ep4:  19%|█████████████▍                                                        | 22/115 [00:03<00:16,  5.62it/s, loss=0.9532]Trial 9 Ep4:  19%|█████████████▍                                                        | 22/115 [00:04<00:16,  5.62it/s, loss=0.7422]Trial 9 Ep4:  20%|██████████████                                                        | 23/115 [00:04<00:16,  5.62it/s, loss=0.7422]Trial 9 Ep4:  20%|██████████████                                                        | 23/115 [00:04<00:16,  5.62it/s, loss=0.7096]Trial 9 Ep4:  21%|██████████████▌                                                       | 24/115 [00:04<00:16,  5.63it/s, loss=0.7096]Trial 9 Ep4:  21%|██████████████▌                                                       | 24/115 [00:04<00:16,  5.63it/s, loss=0.7043]Trial 9 Ep4:  22%|███████████████▏                                                      | 25/115 [00:04<00:16,  5.56it/s, loss=0.7043]Trial 9 Ep4:  22%|███████████████▏                                                      | 25/115 [00:04<00:16,  5.56it/s, loss=0.5859]Trial 9 Ep4:  23%|███████████████▊                                                      | 26/115 [00:04<00:15,  5.59it/s, loss=0.5859]Trial 9 Ep4:  23%|███████████████▊                                                      | 26/115 [00:04<00:15,  5.59it/s, loss=0.8760]Trial 9 Ep4:  23%|████████████████▍                                                     | 27/115 [00:04<00:15,  5.66it/s, loss=0.8760]Trial 9 Ep4:  23%|████████████████▍                                                     | 27/115 [00:04<00:15,  5.66it/s, loss=0.8595]Trial 9 Ep4:  24%|█████████████████                                                     | 28/115 [00:04<00:15,  5.68it/s, loss=0.8595]Trial 9 Ep4:  24%|█████████████████                                                     | 28/115 [00:05<00:15,  5.68it/s, loss=0.8703]Trial 9 Ep4:  25%|█████████████████▋                                                    | 29/115 [00:05<00:15,  5.63it/s, loss=0.8703]Trial 9 Ep4:  25%|█████████████████▋                                                    | 29/115 [00:05<00:15,  5.63it/s, loss=0.7541]Trial 9 Ep4:  26%|██████████████████▎                                                   | 30/115 [00:05<00:15,  5.64it/s, loss=0.7541]Trial 9 Ep4:  26%|██████████████████▎                                                   | 30/115 [00:05<00:15,  5.64it/s, loss=1.3071]Trial 9 Ep4:  27%|██████████████████▊                                                   | 31/115 [00:05<00:15,  5.55it/s, loss=1.3071]Trial 9 Ep4:  27%|██████████████████▊                                                   | 31/115 [00:05<00:15,  5.55it/s, loss=1.6424]Trial 9 Ep4:  28%|███████████████████▍                                                  | 32/115 [00:05<00:14,  5.61it/s, loss=1.6424]Trial 9 Ep4:  28%|███████████████████▍                                                  | 32/115 [00:05<00:14,  5.61it/s, loss=1.5735]Trial 9 Ep4:  29%|████████████████████                                                  | 33/115 [00:05<00:14,  5.70it/s, loss=1.5735]Trial 9 Ep4:  29%|████████████████████                                                  | 33/115 [00:06<00:14,  5.70it/s, loss=1.1991]Trial 9 Ep4:  30%|████████████████████▋                                                 | 34/115 [00:06<00:14,  5.69it/s, loss=1.1991]Trial 9 Ep4:  30%|████████████████████▋                                                 | 34/115 [00:06<00:14,  5.69it/s, loss=0.5708]Trial 9 Ep4:  30%|█████████████████████▎                                                | 35/115 [00:06<00:14,  5.63it/s, loss=0.5708]Trial 9 Ep4:  30%|█████████████████████▎                                                | 35/115 [00:06<00:14,  5.63it/s, loss=1.0633]Trial 9 Ep4:  31%|█████████████████████▉                                                | 36/115 [00:06<00:14,  5.64it/s, loss=1.0633]Trial 9 Ep4:  31%|█████████████████████▉                                                | 36/115 [00:06<00:14,  5.64it/s, loss=1.7169]Trial 9 Ep4:  32%|██████████████████████▌                                               | 37/115 [00:06<00:13,  5.67it/s, loss=1.7169]Trial 9 Ep4:  32%|██████████████████████▌                                               | 37/115 [00:06<00:13,  5.67it/s, loss=1.4307]Trial 9 Ep4:  33%|███████████████████████▏                                              | 38/115 [00:06<00:13,  5.67it/s, loss=1.4307]Trial 9 Ep4:  33%|███████████████████████▏                                              | 38/115 [00:06<00:13,  5.67it/s, loss=1.0126]Trial 9 Ep4:  34%|███████████████████████▋                                              | 39/115 [00:06<00:13,  5.64it/s, loss=1.0126]Trial 9 Ep4:  34%|███████████████████████▋                                              | 39/115 [00:07<00:13,  5.64it/s, loss=0.8603]Trial 9 Ep4:  35%|████████████████████████▎                                             | 40/115 [00:07<00:13,  5.64it/s, loss=0.8603]Trial 9 Ep4:  35%|████████████████████████▎                                             | 40/115 [00:07<00:13,  5.64it/s, loss=0.6393]Trial 9 Ep4:  36%|████████████████████████▉                                             | 41/115 [00:07<00:13,  5.66it/s, loss=0.6393]Trial 9 Ep4:  36%|████████████████████████▉                                             | 41/115 [00:07<00:13,  5.66it/s, loss=0.9594]Trial 9 Ep4:  37%|█████████████████████████▌                                            | 42/115 [00:07<00:12,  5.71it/s, loss=0.9594]Trial 9 Ep4:  37%|█████████████████████████▌                                            | 42/115 [00:07<00:12,  5.71it/s, loss=1.0158]Trial 9 Ep4:  37%|██████████████████████████▏                                           | 43/115 [00:07<00:12,  5.59it/s, loss=1.0158]Trial 9 Ep4:  37%|██████████████████████████▏                                           | 43/115 [00:07<00:12,  5.59it/s, loss=0.8248]Trial 9 Ep4:  38%|██████████████████████████▊                                           | 44/115 [00:07<00:12,  5.60it/s, loss=0.8248]Trial 9 Ep4:  38%|██████████████████████████▊                                           | 44/115 [00:07<00:12,  5.60it/s, loss=0.7039]Trial 9 Ep4:  39%|███████████████████████████▍                                          | 45/115 [00:07<00:12,  5.65it/s, loss=0.7039]Trial 9 Ep4:  39%|███████████████████████████▍                                          | 45/115 [00:08<00:12,  5.65it/s, loss=0.8887]Trial 9 Ep4:  40%|████████████████████████████                                          | 46/115 [00:08<00:12,  5.71it/s, loss=0.8887]Trial 9 Ep4:  40%|████████████████████████████                                          | 46/115 [00:08<00:12,  5.71it/s, loss=0.5674]Trial 9 Ep4:  41%|████████████████████████████▌                                         | 47/115 [00:08<00:11,  5.72it/s, loss=0.5674]Trial 9 Ep4:  41%|████████████████████████████▌                                         | 47/115 [00:08<00:11,  5.72it/s, loss=0.5739]Trial 9 Ep4:  42%|█████████████████████████████▏                                        | 48/115 [00:08<00:11,  5.77it/s, loss=0.5739]Trial 9 Ep4:  42%|█████████████████████████████▏                                        | 48/115 [00:08<00:11,  5.77it/s, loss=0.7596]Trial 9 Ep4:  43%|█████████████████████████████▊                                        | 49/115 [00:08<00:11,  5.68it/s, loss=0.7596]Trial 9 Ep4:  43%|█████████████████████████████▊                                        | 49/115 [00:08<00:11,  5.68it/s, loss=0.6706]Trial 9 Ep4:  43%|██████████████████████████████▍                                       | 50/115 [00:08<00:11,  5.73it/s, loss=0.6706]Trial 9 Ep4:  43%|██████████████████████████████▍                                       | 50/115 [00:09<00:11,  5.73it/s, loss=0.5232]Trial 9 Ep4:  44%|███████████████████████████████                                       | 51/115 [00:09<00:11,  5.74it/s, loss=0.5232]Trial 9 Ep4:  44%|███████████████████████████████                                       | 51/115 [00:09<00:11,  5.74it/s, loss=0.7567]Trial 9 Ep4:  45%|███████████████████████████████▋                                      | 52/115 [00:09<00:11,  5.72it/s, loss=0.7567]Trial 9 Ep4:  45%|███████████████████████████████▋                                      | 52/115 [00:09<00:11,  5.72it/s, loss=0.7046]Trial 9 Ep4:  46%|████████████████████████████████▎                                     | 53/115 [00:09<00:10,  5.69it/s, loss=0.7046]Trial 9 Ep4:  46%|████████████████████████████████▎                                     | 53/115 [00:09<00:10,  5.69it/s, loss=0.8111]Trial 9 Ep4:  47%|████████████████████████████████▊                                     | 54/115 [00:09<00:10,  5.71it/s, loss=0.8111]Trial 9 Ep4:  47%|████████████████████████████████▊                                     | 54/115 [00:09<00:10,  5.71it/s, loss=0.9119]Trial 9 Ep4:  48%|█████████████████████████████████▍                                    | 55/115 [00:09<00:10,  5.69it/s, loss=0.9119]Trial 9 Ep4:  48%|█████████████████████████████████▍                                    | 55/115 [00:09<00:10,  5.69it/s, loss=0.6474]Trial 9 Ep4:  49%|██████████████████████████████████                                    | 56/115 [00:09<00:10,  5.72it/s, loss=0.6474]Trial 9 Ep4:  49%|██████████████████████████████████                                    | 56/115 [00:10<00:10,  5.72it/s, loss=0.5402]Trial 9 Ep4:  50%|██████████████████████████████████▋                                   | 57/115 [00:10<00:10,  5.71it/s, loss=0.5402]Trial 9 Ep4:  50%|██████████████████████████████████▋                                   | 57/115 [00:10<00:10,  5.71it/s, loss=1.2480]Trial 9 Ep4:  50%|███████████████████████████████████▎                                  | 58/115 [00:10<00:09,  5.72it/s, loss=1.2480]Trial 9 Ep4:  50%|███████████████████████████████████▎                                  | 58/115 [00:10<00:09,  5.72it/s, loss=0.6539]Trial 9 Ep4:  51%|███████████████████████████████████▉                                  | 59/115 [00:10<00:09,  5.63it/s, loss=0.6539]Trial 9 Ep4:  51%|███████████████████████████████████▉                                  | 59/115 [00:10<00:09,  5.63it/s, loss=0.6799]Trial 9 Ep4:  52%|████████████████████████████████████▌                                 | 60/115 [00:10<00:09,  5.68it/s, loss=0.6799]Trial 9 Ep4:  52%|████████████████████████████████████▌                                 | 60/115 [00:10<00:09,  5.68it/s, loss=0.5516]Trial 9 Ep4:  53%|█████████████████████████████████████▏                                | 61/115 [00:10<00:09,  5.67it/s, loss=0.5516]Trial 9 Ep4:  53%|█████████████████████████████████████▏                                | 61/115 [00:10<00:09,  5.67it/s, loss=0.6489]Trial 9 Ep4:  54%|█████████████████████████████████████▋                                | 62/115 [00:10<00:09,  5.65it/s, loss=0.6489]Trial 9 Ep4:  54%|█████████████████████████████████████▋                                | 62/115 [00:11<00:09,  5.65it/s, loss=0.6701]Trial 9 Ep4:  55%|██████████████████████████████████████▎                               | 63/115 [00:11<00:09,  5.67it/s, loss=0.6701]Trial 9 Ep4:  55%|██████████████████████████████████████▎                               | 63/115 [00:11<00:09,  5.67it/s, loss=0.7818]Trial 9 Ep4:  56%|██████████████████████████████████████▉                               | 64/115 [00:11<00:08,  5.70it/s, loss=0.7818]Trial 9 Ep4:  56%|██████████████████████████████████████▉                               | 64/115 [00:11<00:08,  5.70it/s, loss=0.4315]Trial 9 Ep4:  57%|███████████████████████████████████████▌                              | 65/115 [00:11<00:08,  5.71it/s, loss=0.4315]Trial 9 Ep4:  57%|███████████████████████████████████████▌                              | 65/115 [00:11<00:08,  5.71it/s, loss=0.5484]Trial 9 Ep4:  57%|████████████████████████████████████████▏                             | 66/115 [00:11<00:08,  5.71it/s, loss=0.5484]Trial 9 Ep4:  57%|████████████████████████████████████████▏                             | 66/115 [00:11<00:08,  5.71it/s, loss=0.6220]Trial 9 Ep4:  58%|████████████████████████████████████████▊                             | 67/115 [00:11<00:08,  5.66it/s, loss=0.6220]Trial 9 Ep4:  58%|████████████████████████████████████████▊                             | 67/115 [00:11<00:08,  5.66it/s, loss=0.6849]Trial 9 Ep4:  59%|█████████████████████████████████████████▍                            | 68/115 [00:11<00:08,  5.70it/s, loss=0.6849]Trial 9 Ep4:  59%|█████████████████████████████████████████▍                            | 68/115 [00:12<00:08,  5.70it/s, loss=0.5941]Trial 9 Ep4:  60%|██████████████████████████████████████████                            | 69/115 [00:12<00:08,  5.69it/s, loss=0.5941]Trial 9 Ep4:  60%|██████████████████████████████████████████                            | 69/115 [00:12<00:08,  5.69it/s, loss=0.6798]Trial 9 Ep4:  61%|██████████████████████████████████████████▌                           | 70/115 [00:12<00:07,  5.65it/s, loss=0.6798]Trial 9 Ep4:  61%|██████████████████████████████████████████▌                           | 70/115 [00:12<00:07,  5.65it/s, loss=0.7560]Trial 9 Ep4:  62%|███████████████████████████████████████████▏                          | 71/115 [00:12<00:08,  5.46it/s, loss=0.7560]Trial 9 Ep4:  62%|███████████████████████████████████████████▏                          | 71/115 [00:12<00:08,  5.46it/s, loss=0.6149]Trial 9 Ep4:  63%|███████████████████████████████████████████▊                          | 72/115 [00:12<00:07,  5.59it/s, loss=0.6149]Trial 9 Ep4:  63%|███████████████████████████████████████████▊                          | 72/115 [00:12<00:07,  5.59it/s, loss=0.6649]Trial 9 Ep4:  63%|████████████████████████████████████████████▍                         | 73/115 [00:12<00:07,  5.58it/s, loss=0.6649]Trial 9 Ep4:  63%|████████████████████████████████████████████▍                         | 73/115 [00:13<00:07,  5.58it/s, loss=0.6914]Trial 9 Ep4:  64%|█████████████████████████████████████████████                         | 74/115 [00:13<00:07,  5.62it/s, loss=0.6914]Trial 9 Ep4:  64%|█████████████████████████████████████████████                         | 74/115 [00:13<00:07,  5.62it/s, loss=0.8292]Trial 9 Ep4:  65%|█████████████████████████████████████████████▋                        | 75/115 [00:13<00:07,  5.56it/s, loss=0.8292]Trial 9 Ep4:  65%|█████████████████████████████████████████████▋                        | 75/115 [00:13<00:07,  5.56it/s, loss=0.6802]Trial 9 Ep4:  66%|██████████████████████████████████████████████▎                       | 76/115 [00:13<00:07,  5.57it/s, loss=0.6802]Trial 9 Ep4:  66%|██████████████████████████████████████████████▎                       | 76/115 [00:13<00:07,  5.57it/s, loss=0.7535]Trial 9 Ep4:  67%|██████████████████████████████████████████████▊                       | 77/115 [00:13<00:06,  5.63it/s, loss=0.7535]Trial 9 Ep4:  67%|██████████████████████████████████████████████▊                       | 77/115 [00:13<00:06,  5.63it/s, loss=0.6429]Trial 9 Ep4:  68%|███████████████████████████████████████████████▍                      | 78/115 [00:13<00:06,  5.67it/s, loss=0.6429]Trial 9 Ep4:  68%|███████████████████████████████████████████████▍                      | 78/115 [00:13<00:06,  5.67it/s, loss=0.4770]Trial 9 Ep4:  69%|████████████████████████████████████████████████                      | 79/115 [00:13<00:06,  5.68it/s, loss=0.4770]Trial 9 Ep4:  69%|████████████████████████████████████████████████                      | 79/115 [00:14<00:06,  5.68it/s, loss=0.8602]Trial 9 Ep4:  70%|████████████████████████████████████████████████▋                     | 80/115 [00:14<00:06,  5.68it/s, loss=0.8602]Trial 9 Ep4:  70%|████████████████████████████████████████████████▋                     | 80/115 [00:14<00:06,  5.68it/s, loss=0.7346]Trial 9 Ep4:  70%|█████████████████████████████████████████████████▎                    | 81/115 [00:14<00:05,  5.73it/s, loss=0.