Trial 9 Ep1:   0%|                                                                                            | 0/115 [00:00<?, ?it/s]Trial 9 Ep1:   0%|                                                                         | 0/115 [00:00<?, ?it/s, loss=3306417.7500]Trial 9 Ep1:   1%|▌                                                                | 1/115 [00:00<01:46,  1.07it/s, loss=3306417.7500]Trial 9 Ep1:   1%|▌                                                                | 1/115 [00:01<01:46,  1.07it/s, loss=3987589.7500]Trial 9 Ep1:   2%|█▏                                                               | 2/115 [00:01<01:26,  1.31it/s, loss=3987589.7500]Trial 9 Ep1:   2%|█                                                         | 2/115 [00:02<01:26,  1.31it/s, loss=18410050158592.0000]Trial 9 Ep1:   3%|█▌                                                        | 3/115 [00:02<01:29,  1.25it/s, loss=18410050158592.0000]                                                                                                                                      [I 2026-02-24 13:43:23,875] Trial 9 finished with value: 0.0 and parameters: {'learning_rate': 0.0006435125845903198, 'target_ab_lr': 0.0812324508558869}. Best is trial 6 with value: 0.8439490445859873.

  [NaN/Inf detected at batch 3] Aborting trial.
[Trial 9] GPU cache cleared

======================================================================
Trial 10 Starting
======================================================================
  rank=8, transfer_every=10000000, transfer_lr=1.0000e-01
  lora_alpha=1.0000, lr=1.0181e-02, wd=0.00e+00
  target_ab_lr=0.0004, lr_multiplier=0.042584
  effective_ab_lr = lr*alpha*mult = 0.0004
  momentum=0.00, nesterov=False, reinit_mode=decay
  tau_sec=0.0, optimizer=AnalogAdam
======================================================================
huggingface/tokenizers: The current process just got forked, after parallelism has already been used. Disabling parallelism to avoid deadlocks...
To disable this warning, you can either:
	- Avoid using `tokenizers` before the fork if possible
	- Explicitly set the environment variable TOKENIZERS_PARALLELISM=(true | false)
Some weights of MobileBertForSequenceClassification were not initialized from the model checkpoint at google/mobilebert-uncased and are newly initialized: ['classifier.bias', 'classifier.weight']
You should probably TRAIN this model on a down-stream task to be able to use it for predictions and inference.
  [FIX] Reinitialized classifier with FIXED seed=42
  LRTT Analog layers: 96, Total params: 21,842,978, Trainable (before grad set): 21,830,690
  Trainable (after grad set): 13,602
  LoRA target: qkv -> ['attention.self.query', 'attention.self.key', 'attention.self.value', 'attention.output.dense']

Optimizer configuration:
  Forward scaling (lora_alpha): 1.0
  Classifier LR: 0.010180520164317933
  LRTT LR (optimizer): 0.0004335281794951569 (= 0.010180520164317933 * 0.04258408927027572)
  Effective A,B LR: 0.0004335281794951569 (= 0.0004335281794951569 * 1.0)
  LRTT_LR_MULTIPLIER: 0.04258408927027572
  LRTT tile params: 288
  Other params: 98
  Collected 96 tile_c contexts for post-step reset
  Collected 192 tile_a/b contexts for post-step reset
  AB LR Warmup: 1e-07 → 4e-04 over 40 steps
Trial 10 Ep1:   0%|                                                                                           | 0/115 [00:00<?, ?it/s]Trial 10 Ep1:   0%|                                                                        | 0/115 [00:00<?, ?it/s, loss=3537789.2500]Trial 10 Ep1:   1%|▌                                                               | 1/115 [00:00<01:39,  1.15it/s, loss=3537789.2500]Trial 10 Ep1:   1%|▌                                                               | 1/115 [00:01<01:39,  1.15it/s, loss=3299796.0000]Trial 10 Ep1:   2%|█                                                               | 2/115 [00:01<00:52,  2.16it/s, loss=3299796.0000]Trial 10 Ep1:   2%|█▏                                                                 | 2/115 [00:01<00:52,  2.16it/s, loss=2705.5811]Trial 10 Ep1:   3%|█▋                                                                 | 3/115 [00:01<00:44,  2.51it/s, loss=2705.5811]Trial 10 Ep1:   3%|█▋                                                                 | 3/115 [00:01<00:44,  2.51it/s, loss=1144.4852]Trial 10 Ep1:   3%|██▎                                                                | 4/115 [00:01<00:34,  3.24it/s, loss=1144.4852]Trial 10 Ep1:   3%|██▎                                                                | 4/115 [00:01<00:34,  3.24it/s, loss=2208.6514]Trial 10 Ep1:   4%|██▉                                                                | 5/115 [00:01<00:28,  3.87it/s, loss=2208.6514]Trial 10 Ep1:   4%|██▉                                                                | 5/115 [00:01<00:28,  3.87it/s, loss=1670.7587]Trial 10 Ep1:   5%|███▍                                                               | 6/115 [00:01<00:25,  4.32it/s, loss=1670.7587]Trial 10 Ep1:   5%|███▍                                                               | 6/115 [00:02<00:25,  4.32it/s, loss=2873.8948]Trial 10 Ep1:   6%|████                                                               | 7/115 [00:02<00:22,  4.71it/s, loss=2873.8948]Trial 10 Ep1:   6%|████▏                                                               | 7/115 [00:02<00:22,  4.71it/s, loss=423.1755]Trial 10 Ep1:   7%|████▋                                                               | 8/115 [00:02<00:21,  5.08it/s, loss=423.1755]Trial 10 Ep1:   7%|████▋                                                              | 8/115 [00:02<00:21,  5.08it/s, loss=1680.0378]Trial 10 Ep1:   8%|█████▏                                                             | 9/115 [00:02<00:19,  5.30it/s, loss=1680.0378]Trial 10 Ep1:   8%|█████▍                                                                | 9/115 [00:02<00:19,  5.30it/s, loss=3.4824]Trial 10 Ep1:   9%|██████                                                               | 10/115 [00:02<00:19,  5.46it/s, loss=3.4824]Trial 10 Ep1:   9%|██████                                                               | 10/115 [00:02<00:19,  5.46it/s, loss=1.4232]Trial 10 Ep1:  10%|██████▌                                                              | 11/115 [00:02<00:18,  5.66it/s, loss=1.4232]Trial 10 Ep1:  10%|██████▌                                                              | 11/115 [00:02<00:18,  5.66it/s, loss=1.8098]Trial 10 Ep1:  10%|███████▏                                                             | 12/115 [00:02<00:17,  5.74it/s, loss=1.8098]Trial 10 Ep1:  10%|███████▏                                                             | 12/115 [00:03<00:17,  5.74it/s, loss=0.9644]Trial 10 Ep1:  11%|███████▊                                                             | 13/115 [00:03<00:17,  5.73it/s, loss=0.9644]Trial 10 Ep1:  11%|███████▊                                                             | 13/115 [00:03<00:17,  5.73it/s, loss=2.2840]Trial 10 Ep1:  12%|████████▍                                                            | 14/115 [00:03<00:17,  5.74it/s, loss=2.2840]Trial 10 Ep1:  12%|████████▍                                                            | 14/115 [00:03<00:17,  5.74it/s, loss=2.8045]Trial 10 Ep1:  13%|█████████                                                            | 15/115 [00:03<00:17,  5.75it/s, loss=2.8045]Trial 10 Ep1:  13%|█████████                                                            | 15/115 [00:03<00:17,  5.75it/s, loss=1.6023]Trial 10 Ep1:  14%|█████████▌                                                           | 16/115 [00:03<00:17,  5.69it/s, loss=1.6023]Trial 10 Ep1:  14%|█████████▌                                                           | 16/115 [00:03<00:17,  5.69it/s, loss=2.2755]Trial 10 Ep1:  15%|██████████▏                                                          | 17/115 [00:03<00:16,  5.81it/s, loss=2.2755]Trial 10 Ep1:  15%|██████████▏                                                          | 17/115 [00:03<00:16,  5.81it/s, loss=2.0370]Trial 10 Ep1:  16%|██████████▊                                                          | 18/115 [00:03<00:16,  5.81it/s, loss=2.0370]Trial 10 Ep1:  16%|██████████▊                                                          | 18/115 [00:04<00:16,  5.81it/s, loss=2.4168]Trial 10 Ep1:  17%|███████████▍                                                         | 19/115 [00:04<00:16,  5.72it/s, loss=2.4168]Trial 10 Ep1:  17%|███████████▍                                                         | 19/115 [00:04<00:16,  5.72it/s, loss=1.5735]Trial 10 Ep1:  17%|████████████                                                         | 20/115 [00:04<00:16,  5.74it/s, loss=1.5735]Trial 10 Ep1:  17%|████████████                                                         | 20/115 [00:04<00:16,  5.74it/s, loss=1.0703]Trial 10 Ep1:  18%|████████████▌                                                        | 21/115 [00:04<00:16,  5.73it/s, loss=1.0703]Trial 10 Ep1:  18%|████████████▌                                                        | 21/115 [00:04<00:16,  5.73it/s, loss=1.3006]Trial 10 Ep1:  19%|█████████████▏                                                       | 22/115 [00:04<00:15,  5.85it/s, loss=1.3006]Trial 10 Ep1:  19%|█████████████▏                                                       | 22/115 [00:04<00:15,  5.85it/s, loss=1.0358]Trial 10 Ep1:  20%|█████████████▊                                                       | 23/115 [00:04<00:15,  5.96it/s, loss=1.0358]Trial 10 Ep1:  20%|█████████████▊                                                       | 23/115 [00:04<00:15,  5.96it/s, loss=0.6408]Trial 10 Ep1:  21%|██████████████▍                                                      | 24/115 [00:04<00:15,  5.95it/s, loss=0.6408]Trial 10 Ep1:  21%|██████████████▍                                                      | 24/115 [00:05<00:15,  5.95it/s, loss=1.6949]Trial 10 Ep1:  22%|███████████████                                                      | 25/115 [00:05<00:14,  6.01it/s, loss=1.6949]Trial 10 Ep1:  22%|███████████████                                                      | 25/115 [00:05<00:14,  6.01it/s, loss=2.0883]Trial 10 Ep1:  23%|███████████████▌                                                     | 26/115 [00:05<00:15,  5.79it/s, loss=2.0883]Trial 10 Ep1:  23%|███████████████▌                                                     | 26/115 [00:05<00:15,  5.79it/s, loss=1.3135]Trial 10 Ep1:  23%|████████████████▏                                                    | 27/115 [00:05<00:15,  5.81it/s, loss=1.3135]Trial 10 Ep1:  23%|████████████████▏                                                    | 27/115 [00:05<00:15,  5.81it/s, loss=0.6445]Trial 10 Ep1:  24%|████████████████▊                                                    | 28/115 [00:05<00:14,  5.87it/s, loss=0.6445]Trial 10 Ep1:  24%|████████████████▊                                                    | 28/115 [00:05<00:14,  5.87it/s, loss=0.8018]Trial 10 Ep1:  25%|█████████████████▍                                                   | 29/115 [00:05<00:14,  5.81it/s, loss=0.8018]Trial 10 Ep1:  25%|█████████████████▍                                                   | 29/115 [00:05<00:14,  5.81it/s, loss=0.6848]Trial 10 Ep1:  26%|██████████████████                                                   | 30/115 [00:05<00:14,  5.79it/s, loss=0.6848]Trial 10 Ep1:  26%|██████████████████                                                   | 30/115 [00:06<00:14,  5.79it/s, loss=0.7054]Trial 10 Ep1:  27%|██████████████████▌                                                  | 31/115 [00:06<00:14,  5.85it/s, loss=0.7054]Trial 10 Ep1:  27%|██████████████████▌                                                  | 31/115 [00:06<00:14,  5.85it/s, loss=0.7901]Trial 10 Ep1:  28%|███████████████████▏                                                 | 32/115 [00:06<00:14,  5.84it/s, loss=0.7901]Trial 10 Ep1:  28%|███████████████████▏                                                 | 32/115 [00:06<00:14,  5.84it/s, loss=0.6735]Trial 10 Ep1:  29%|███████████████████▊                                                 | 33/115 [00:06<00:13,  5.90it/s, loss=0.6735]Trial 10 Ep1:  29%|███████████████████▊                                                 | 33/115 [00:06<00:13,  5.90it/s, loss=0.5750]Trial 10 Ep1:  30%|████████████████████▍                                                | 34/115 [00:06<00:13,  5.92it/s, loss=0.5750]Trial 10 Ep1:  30%|████████████████████▍                                                | 34/115 [00:06<00:13,  5.92it/s, loss=0.8350]Trial 10 Ep1:  30%|█████████████████████                                                | 35/115 [00:06<00:13,  5.85it/s, loss=0.8350]Trial 10 Ep1:  30%|█████████████████████                                                | 35/115 [00:07<00:13,  5.85it/s, loss=1.1860]Trial 10 Ep1:  31%|█████████████████████▌                                               | 36/115 [00:07<00:13,  5.92it/s, loss=1.1860]Trial 10 Ep1:  31%|█████████████████████▌                                               | 36/115 [00:07<00:13,  5.92it/s, loss=0.7748]Trial 10 Ep1:  32%|██████████████████████▏                                              | 37/115 [00:07<00:13,  5.91it/s, loss=0.7748]Trial 10 Ep1:  32%|██████████████████████▏                                              | 37/115 [00:07<00:13,  5.91it/s, loss=1.1547]Trial 10 Ep1:  33%|██████████████████████▊                                              | 38/115 [00:07<00:13,  5.79it/s, loss=1.1547]Trial 10 Ep1:  33%|██████████████████████▊                                              | 38/115 [00:07<00:13,  5.79it/s, loss=1.0055]Trial 10 Ep1:  34%|███████████████████████▍                                             | 39/115 [00:07<00:13,  5.82it/s, loss=1.0055]Trial 10 Ep1:  34%|███████████████████████▍                                             | 39/115 [00:07<00:13,  5.82it/s, loss=0.9356]Trial 10 Ep1:  35%|████████████████████████                                             | 40/115 [00:07<00:12,  5.91it/s, loss=0.9356]Trial 10 Ep1:  35%|████████████████████████                                             | 40/115 [00:07<00:12,  5.91it/s, loss=0.7398]Trial 10 Ep1:  36%|████████████████████████▌                                            | 41/115 [00:07<00:12,  6.01it/s, loss=0.7398]Trial 10 Ep1:  36%|████████████████████████▌                                            | 41/115 [00:08<00:12,  6.01it/s, loss=0.7593]Trial 10 Ep1:  37%|█████████████████████████▏                                           | 42/115 [00:08<00:12,  5.95it/s, loss=0.7593]Trial 10 Ep1:  37%|█████████████████████████▏                                           | 42/115 [00:08<00:12,  5.95it/s, loss=0.7656]Trial 10 Ep1:  37%|█████████████████████████▊                                           | 43/115 [00:08<00:12,  5.94it/s, loss=0.7656]Trial 10 Ep1:  37%|█████████████████████████▊                                           | 43/115 [00:08<00:12,  5.94it/s, loss=0.7870]Trial 10 Ep1:  38%|██████████████████████████▍                                          | 44/115 [00:08<00:12,  5.78it/s, loss=0.7870]Trial 10 Ep1:  38%|██████████████████████████▍                                          | 44/115 [00:08<00:12,  5.78it/s, loss=0.8614]Trial 10 Ep1:  39%|███████████████████████████                                          | 45/115 [00:08<00:12,  5.77it/s, loss=0.8614]Trial 10 Ep1:  39%|███████████████████████████                                          | 45/115 [00:08<00:12,  5.77it/s, loss=0.6842]Trial 10 Ep1:  40%|███████████████████████████▌                                         | 46/115 [00:08<00:11,  5.88it/s, loss=0.6842]Trial 10 Ep1:  40%|███████████████████████████▌                                         | 46/115 [00:08<00:11,  5.88it/s, loss=0.6089]Trial 10 Ep1:  41%|████████████████████████████▏                                        | 47/115 [00:08<00:11,  5.85it/s, loss=0.6089]Trial 10 Ep1:  41%|████████████████████████████▏                                        | 47/115 [00:09<00:11,  5.85it/s, loss=0.5933]Trial 10 Ep1:  42%|████████████████████████████▊                                        | 48/115 [00:09<00:11,  5.92it/s, loss=0.5933]Trial 10 Ep1:  42%|████████████████████████████▊                                        | 48/115 [00:09<00:11,  5.92it/s, loss=0.7467]Trial 10 Ep1:  43%|█████████████████████████████▍                                       | 49/115 [00:09<00:11,  5.97it/s, loss=0.7467]Trial 10 Ep1:  43%|█████████████████████████████▍                                       | 49/115 [00:09<00:11,  5.97it/s, loss=0.7200]Trial 10 Ep1:  43%|██████████████████████████████                                       | 50/115 [00:09<00:11,  5.90it/s, loss=0.7200]Trial 10 Ep1:  43%|██████████████████████████████                                       | 50/115 [00:09<00:11,  5.90it/s, loss=0.6895]Trial 10 Ep1:  44%|██████████████████████████████▌                                      | 51/115 [00:09<00:10,  5.92it/s, loss=0.6895]Trial 10 Ep1:  44%|██████████████████████████████▌                                      | 51/115 [00:09<00:10,  5.92it/s, loss=0.8844]Trial 10 Ep1:  45%|███████████████████████████████▏                                     | 52/115 [00:09<00:10,  5.84it/s, loss=0.8844]Trial 10 Ep1:  45%|███████████████████████████████▏                                     | 52/115 [00:09<00:10,  5.84it/s, loss=0.6618]Trial 10 Ep1:  46%|███████████████████████████████▊                                     | 53/115 [00:09<00:10,  5.85it/s, loss=0.6618]Trial 10 Ep1:  46%|███████████████████████████████▊                                     | 53/115 [00:10<00:10,  5.85it/s, loss=0.5381]Trial 10 Ep1:  47%|████████████████████████████████▍                                    | 54/115 [00:10<00:12,  4.75it/s, loss=0.5381]Trial 10 Ep1:  47%|████████████████████████████████▍                                    | 54/115 [00:10<00:12,  4.75it/s, loss=0.8073]Trial 10 Ep1:  48%|█████████████████████████████████                                    | 55/115 [00:10<00:11,  5.02it/s, loss=0.8073]Trial 10 Ep1:  48%|█████████████████████████████████                                    | 55/115 [00:10<00:11,  5.02it/s, loss=0.8866]Trial 10 Ep1:  49%|█████████████████████████████████▌                                   | 56/115 [00:10<00:11,  5.23it/s, loss=0.8866]Trial 10 Ep1:  49%|█████████████████████████████████▌                                   | 56/115 [00:10<00:11,  5.23it/s, loss=0.5920]Trial 10 Ep1:  50%|██████████████████████████████████▏                                  | 57/115 [00:10<00:10,  5.46it/s, loss=0.5920]Trial 10 Ep1:  50%|██████████████████████████████████▏                                  | 57/115 [00:10<00:10,  5.46it/s, loss=1.0964]Trial 10 Ep1:  50%|██████████████████████████████████▊                                  | 58/115 [00:10<00:10,  5.51it/s, loss=1.0964]Trial 10 Ep1:  50%|██████████████████████████████████▊                                  | 58/115 [00:11<00:10,  5.51it/s, loss=1.3767]Trial 10 Ep1:  51%|███████████████████████████████████▍                                 | 59/115 [00:11<00:10,  5.47it/s, loss=1.3767]Trial 10 Ep1:  51%|███████████████████████████████████▍                                 | 59/115 [00:11<00:10,  5.47it/s, loss=0.8514]Trial 10 Ep1:  52%|████████████████████████████████████                                 | 60/115 [00:11<00:09,  5.60it/s, loss=0.8514]Trial 10 Ep1:  52%|████████████████████████████████████                                 | 60/115 [00:11<00:09,  5.60it/s, loss=1.1218]Trial 10 Ep1:  53%|████████████████████████████████████▌                                | 61/115 [00:11<00:09,  5.69it/s, loss=1.1218]Trial 10 Ep1:  53%|████████████████████████████████████▌                                | 61/115 [00:11<00:09,  5.69it/s, loss=2.3319]Trial 10 Ep1:  54%|█████████████████████████████████████▏                               | 62/115 [00:11<00:09,  5.68it/s, loss=2.3319]Trial 10 Ep1:  54%|█████████████████████████████████████▏                               | 62/115 [00:11<00:09,  5.68it/s, loss=1.2482]Trial 10 Ep1:  55%|█████████████████████████████████████▊                               | 63/115 [00:11<00:09,  5.75it/s, loss=1.2482]Trial 10 Ep1:  55%|█████████████████████████████████████▊                               | 63/115 [00:11<00:09,  5.75it/s, loss=0.8867]Trial 10 Ep1:  56%|██████████████████████████████████████▍                              | 64/115 [00:11<00:08,  5.74it/s, loss=0.8867]Trial 10 Ep1:  56%|██████████████████████████████████████▍                              | 64/115 [00:12<00:08,  5.74it/s, loss=0.8107]Trial 10 Ep1:  57%|███████████████████████████████████████                              | 65/115 [00:12<00:08,  5.64it/s, loss=0.8107]Trial 10 Ep1:  57%|███████████████████████████████████████                              | 65/115 [00:12<00:08,  5.64it/s, loss=0.8801]Trial 10 Ep1:  57%|███████████████████████████████████████▌                             | 66/115 [00:12<00:08,  5.68it/s, loss=0.8801]Trial 10 Ep1:  57%|███████████████████████████████████████▌                             | 66/115 [00:12<00:08,  5.68it/s, loss=0.8324]Trial 10 Ep1:  58%|████████████████████████████████████████▏                            | 67/115 [00:12<00:08,  5.73it/s, loss=0.8324]Trial 10 Ep1:  58%|████████████████████████████████████████▏                            | 67/115 [00:12<00:08,  5.73it/s, loss=0.7481]Trial 10 Ep1:  59%|████████████████████████████████████████▊                            | 68/115 [00:12<00:08,  5.70it/s, loss=0.7481]Trial 10 Ep1:  59%|████████████████████████████████████████▊                            | 68/115 [00:12<00:08,  5.70it/s, loss=0.7102]Trial 10 Ep1:  60%|█████████████████████████████████████████▍  