Trial 0 Ep1:   0%|                                                                                            | 0/115 [00:00<?, ?it/s]Trial 0 Ep1:   0%|                                                                         | 0/115 [00:01<?, ?it/s, loss=3996305.7500]Trial 0 Ep1:   1%|▌                                                                | 1/115 [00:01<02:18,  1.22s/it, loss=3996305.7500]Trial 0 Ep1:   1%|▌                                                                | 1/115 [00:01<02:18,  1.22s/it, loss=3817893.0000]Trial 0 Ep1:   2%|█▏                                                               | 2/115 [00:01<01:19,  1.42it/s, loss=3817893.0000]Trial 0 Ep1:   2%|█▏                                                                  | 2/115 [00:01<01:19,  1.42it/s, loss=3790.7908]Trial 0 Ep1:   3%|█▊                                                                  | 3/115 [00:01<01:00,  1.84it/s, loss=3790.7908]Trial 0 Ep1:   3%|█▊                                                                   | 3/115 [00:02<01:00,  1.84it/s, loss=611.4808]Trial 0 Ep1:   3%|██▍                                                                  | 4/115 [00:02<00:43,  2.53it/s, loss=611.4808]Trial 0 Ep1:   3%|██▎                                                                 | 4/115 [00:02<00:43,  2.53it/s, loss=1680.5049]Trial 0 Ep1:   4%|██▉                                                                 | 5/115 [00:02<00:34,  3.17it/s, loss=1680.5049]Trial 0 Ep1:   4%|██▉                                                                 | 5/115 [00:02<00:34,  3.17it/s, loss=3489.2778]Trial 0 Ep1:   5%|███▌                                                                | 6/115 [00:02<00:29,  3.72it/s, loss=3489.2778]Trial 0 Ep1:   5%|███▌                                                                | 6/115 [00:02<00:29,  3.72it/s, loss=2697.2759]Trial 0 Ep1:   6%|████▏                                                               | 7/115 [00:02<00:32,  3.34it/s, loss=2697.2759]Trial 0 Ep1:   6%|████                                                              | 7/115 [00:02<00:32,  3.34it/s, loss=186270.1562]Trial 0 Ep1:   7%|████▌                                                             | 8/115 [00:02<00:28,  3.77it/s, loss=186270.1562]Trial 0 Ep1:   7%|████▋                                                               | 8/115 [00:03<00:28,  3.77it/s, loss=2741.3032]Trial 0 Ep1:   8%|█████▎                                                              | 9/115 [00:03<00:25,  4.20it/s, loss=2741.3032]Trial 0 Ep1:   8%|█████▍                                                               | 9/115 [00:03<00:25,  4.20it/s, loss=862.6387]Trial 0 Ep1:   9%|█████▉                                                              | 10/115 [00:03<00:23,  4.55it/s, loss=862.6387]Trial 0 Ep1:   9%|█████▊                                                             | 10/115 [00:03<00:23,  4.55it/s, loss=1284.9917]Trial 0 Ep1:  10%|██████▍                                                            | 11/115 [00:03<00:21,  4.84it/s, loss=1284.9917]Trial 0 Ep1:  10%|██████▌                                                              | 11/115 [00:03<00:21,  4.84it/s, loss=91.1258]Trial 0 Ep1:  10%|███████▏                                                             | 12/115 [00:03<00:20,  5.04it/s, loss=91.1258]Trial 0 Ep1:  10%|███████▎                                                              | 12/115 [00:03<00:20,  5.04it/s, loss=2.2807]Trial 0 Ep1:  11%|███████▉                                                              | 13/115 [00:03<00:19,  5.20it/s, loss=2.2807]Trial 0 Ep1:  11%|███████▉                                                              | 13/115 [00:04<00:19,  5.20it/s, loss=1.7204]Trial 0 Ep1:  12%|████████▌                                                             | 14/115 [00:04<00:18,  5.41it/s, loss=1.7204]Trial 0 Ep1:  12%|████████▌                                                             | 14/115 [00:04<00:18,  5.41it/s, loss=1.0877]Trial 0 Ep1:  13%|█████████▏                                                            | 15/115 [00:04<00:18,  5.54it/s, loss=1.0877]Trial 0 Ep1:  13%|█████████▏                                                            | 15/115 [00:04<00:18,  5.54it/s, loss=1.6655]Trial 0 Ep1:  14%|█████████▋                                                            | 16/115 [00:04<00:22,  4.48it/s, loss=1.6655]Trial 0 Ep1:  14%|█████████▋                                                            | 16/115 [00:04<00:22,  4.48it/s, loss=1.1475]Trial 0 Ep1:  15%|██████████▎                                                           | 17/115 [00:04<00:20,  4.79it/s, loss=1.1475]Trial 0 Ep1:  15%|██████████▎                                                           | 17/115 [00:04<00:20,  4.79it/s, loss=1.8093]Trial 0 Ep1:  16%|██████████▉                                                           | 18/115 [00:04<00:19,  5.04it/s, loss=1.8093]Trial 0 Ep1:  16%|██████████▉                                                           | 18/115 [00:05<00:19,  5.04it/s, loss=1.5421]Trial 0 Ep1:  17%|███████████▌                                                          | 19/115 [00:05<00:18,  5.25it/s, loss=1.5421]Trial 0 Ep1:  17%|███████████▌                                                          | 19/115 [00:05<00:18,  5.25it/s, loss=0.8411]Trial 0 Ep1:  17%|████████████▏                                                         | 20/115 [00:05<00:17,  5.39it/s, loss=0.8411]Trial 0 Ep1:  17%|████████████▏                                                         | 20/115 [00:05<00:17,  5.39it/s, loss=0.6713]Trial 0 Ep1:  18%|████████████▊                                                         | 21/115 [00:05<00:17,  5.52it/s, loss=0.6713]Trial 0 Ep1:  18%|████████████▊                                                         | 21/115 [00:05<00:17,  5.52it/s, loss=1.1140]Trial 0 Ep1:  19%|█████████████▍                                                        | 22/115 [00:05<00:16,  5.60it/s, loss=1.1140]Trial 0 Ep1:  19%|█████████████▍                                                        | 22/115 [00:05<00:16,  5.60it/s, loss=1.2506]Trial 0 Ep1:  20%|██████████████                                                        | 23/115 [00:05<00:16,  5.60it/s, loss=1.2506]Trial 0 Ep1:  20%|██████████████                                                        | 23/115 [00:05<00:16,  5.60it/s, loss=1.3192]Trial 0 Ep1:  21%|██████████████▌                                                       | 24/115 [00:05<00:16,  5.67it/s, loss=1.3192]Trial 0 Ep1:  21%|██████████████▌                                                       | 24/115 [00:06<00:16,  5.67it/s, loss=0.6181]Trial 0 Ep1:  22%|███████████████▏                                                      | 25/115 [00:06<00:15,  5.76it/s, loss=0.6181]Trial 0 Ep1:  22%|███████████████▏                                                      | 25/115 [00:06<00:15,  5.76it/s, loss=0.8722]Trial 0 Ep1:  23%|███████████████▊                                                      | 26/115 [00:06<00:15,  5.75it/s, loss=0.8722]Trial 0 Ep1:  23%|███████████████▊                                                      | 26/115 [00:06<00:15,  5.75it/s, loss=0.5778]Trial 0 Ep1:  23%|████████████████▍                                                     | 27/115 [00:06<00:15,  5.76it/s, loss=0.5778]Trial 0 Ep1:  23%|████████████████▍                                                     | 27/115 [00:06<00:15,  5.76it/s, loss=0.8027]Trial 0 Ep1:  24%|█████████████████                                                     | 28/115 [00:06<00:15,  5.76it/s, loss=0.8027]Trial 0 Ep1:  24%|█████████████████                                                     | 28/115 [00:06<00:15,  5.76it/s, loss=1.0541]Trial 0 Ep1:  25%|█████████████████▋                                                    | 29/115 [00:06<00:15,  5.71it/s, loss=1.0541]Trial 0 Ep1:  25%|█████████████████▋                                                    | 29/115 [00:06<00:15,  5.71it/s, loss=1.7315]Trial 0 Ep1:  26%|██████████████████▎                                                   | 30/115 [00:06<00:14,  5.68it/s, loss=1.7315]Trial 0 Ep1:  26%|██████████████████▎                                                   | 30/115 [00:07<00:14,  5.68it/s, loss=1.4175]Trial 0 Ep1:  27%|██████████████████▊                                                   | 31/115 [00:07<00:15,  5.60it/s, loss=1.4175]Trial 0 Ep1:  27%|██████████████████▊                                                   | 31/115 [00:07<00:15,  5.60it/s, loss=0.6414]Trial 0 Ep1:  28%|███████████████████▍                                                  | 32/115 [00:07<00:14,  5.62it/s, loss=0.6414]Trial 0 Ep1:  28%|███████████████████▍                                                  | 32/115 [00:07<00:14,  5.62it/s, loss=0.6778]Trial 0 Ep1:  29%|████████████████████                                                  | 33/115 [00:07<00:14,  5.70it/s, loss=0.6778]Trial 0 Ep1:  29%|████████████████████                                                  | 33/115 [00:07<00:14,  5.70it/s, loss=1.1376]Trial 0 Ep1:  30%|████████████████████▋                                                 | 34/115 [00:07<00:14,  5.77it/s, loss=1.1376]Trial 0 Ep1:  30%|████████████████████▋                                                 | 34/115 [00:07<00:14,  5.77it/s, loss=1.6695]Trial 0 Ep1:  30%|█████████████████████▎                                                | 35/115 [00:07<00:14,  5.71it/s, loss=1.6695]Trial 0 Ep1:  30%|█████████████████████▎                                                | 35/115 [00:08<00:14,  5.71it/s, loss=0.9050]Trial 0 Ep1:  31%|█████████████████████▉                                                | 36/115 [00:08<00:13,  5.76it/s, loss=0.9050]Trial 0 Ep1:  31%|█████████████████████▉                                                | 36/115 [00:08<00:13,  5.76it/s, loss=0.6882]Trial 0 Ep1:  32%|██████████████████████▌                                               | 37/115 [00:08<00:13,  5.83it/s, loss=0.6882]Trial 0 Ep1:  32%|██████████████████████▌                                               | 37/115 [00:08<00:13,  5.83it/s, loss=1.1095]Trial 0 Ep1:  33%|███████████████████████▏                                              | 38/115 [00:08<00:13,  5.81it/s, loss=1.1095]Trial 0 Ep1:  33%|███████████████████████▏                                              | 38/115 [00:08<00:13,  5.81it/s, loss=0.9866]Trial 0 Ep1:  34%|███████████████████████▋                                              | 39/115 [00:08<00:13,  5.81it/s, loss=0.9866]Trial 0 Ep1:  34%|███████████████████████▋                                              | 39/115 [00:08<00:13,  5.81it/s, loss=0.7377]Trial 0 Ep1:  35%|████████████████████████▎                                             | 40/115 [00:08<00:12,  5.83it/s, loss=0.7377]Trial 0 Ep1:  35%|████████████████████████▎                                             | 40/115 [00:08<00:12,  5.83it/s, loss=0.8179]Trial 0 Ep1:  36%|████████████████████████▉                                             | 41/115 [00:08<00:12,  5.79it/s, loss=0.8179]Trial 0 Ep1:  36%|████████████████████████▉                                             | 41/115 [00:09<00:12,  5.79it/s, loss=0.8642]Trial 0 Ep1:  37%|█████████████████████████▌                                            | 42/115 [00:09<00:12,  5.81it/s, loss=0.8642]Trial 0 Ep1:  37%|█████████████████████████▌                                            | 42/115 [00:09<00:12,  5.81it/s, loss=1.4054]Trial 0 Ep1:  37%|██████████████████████████▏                                           | 43/115 [00:09<00:12,  5.80it/s, loss=1.4054]Trial 0 Ep1:  37%|██████████████████████████▏                                           | 43/115 [00:09<00:12,  5.80it/s, loss=1.5640]Trial 0 Ep1:  38%|██████████████████████████▊                                           | 44/115 [00:09<00:12,  5.86it/s, loss=1.5640]Trial 0 Ep1:  38%|██████████████████████████▊                                           | 44/115 [00:09<00:12,  5.86it/s, loss=1.0833]Trial 0 Ep1:  39%|███████████████████████████▍                                          | 45/115 [00:09<00:12,  5.77it/s, loss=1.0833]Trial 0 Ep1:  39%|███████████████████████████▍                                          | 45/115 [00:09<00:12,  5.77it/s, loss=0.5517]Trial 0 Ep1:  40%|████████████████████████████                                          | 46/115 [00:09<00:12,  5.67it/s, loss=0.5517]Trial 0 Ep1:  40%|████████████████████████████                                          | 46/115 [00:09<00:12,  5.67it/s, loss=1.0711]Trial 0 Ep1:  41%|████████████████████████████▌                                         | 47/115 [00:09<00:12,  5.61it/s, loss=1.0711]Trial 0 Ep1:  41%|████████████████████████████▌                                         | 47/115 [00:10<00:12,  5.61it/s, loss=0.6863]Trial 0 Ep1:  42%|█████████████████████████████▏                                        | 48/115 [00:10<00:11,  5.67it/s, loss=0.6863]Trial 0 Ep1:  42%|█████████████████████████████▏                                        | 48/115 [00:10<00:11,  5.67it/s, loss=0.9626]Trial 0 Ep1:  43%|█████████████████████████████▊                                        | 49/115 [00:10<00:11,  5.70it/s, loss=0.9626]Trial 0 Ep1:  43%|█████████████████████████████▊                                        | 49/115 [00:10<00:11,  5.70it/s, loss=0.9580]Trial 0 Ep1:  43%|██████████████████████████████▍                                       | 50/115 [00:10<00:11,  5.75it/s, loss=0.9580]Trial 0 Ep1:  43%|██████████████████████████████▍                                       | 50/115 [00:10<00:11,  5.75it/s, loss=0.6975]Trial 0 Ep1:  44%|███████████████████████████████                                       | 51/115 [00:10<00:11,  5.75it/s, loss=0.6975]Trial 0 Ep1:  44%|███████████████████████████████                                       | 51/115 [00:10<00:11,  5.75it/s, loss=1.1155]Trial 0 Ep1:  45%|███████████████████████████████▋                                      | 52/115 [00:10<00:10,  5.79it/s, loss=1.1155]Trial 0 Ep1:  45%|███████████████████████████████▋                                      | 52/115 [00:11<00:10,  5.79it/s, loss=0.8217]Trial 0 Ep1:  46%|████████████████████████████████▎                                     | 53/115 [00:11<00:14,  4.24it/s, loss=0.8217]Trial 0 Ep1:  46%|████████████████████████████████▎                                     | 53/115 [00:11<00:14,  4.24it/s, loss=0.5335]Trial 0 Ep1:  47%|████████████████████████████████▊                                     | 54/115 [00:11<00:13,  4.58it/s, loss=0.5335]Trial 0 Ep1:  47%|████████████████████████████████▊                                     | 54/115 [00:11<00:13,  4.58it/s, loss=0.8290]Trial 0 Ep1:  48%|█████████████████████████████████▍                                    | 55/115 [00:11<00:12,  4.83it/s, loss=0.8290]Trial 0 Ep1:  48%|█████████████████████████████████▍                                    | 55/115 [00:11<00:12,  4.83it/s, loss=0.7483]Trial 0 Ep1:  49%|██████████████████████████████████                                    | 56/115 [00:11<00:11,  5.08it/s, loss=0.7483]Trial 0 Ep1:  49%|██████████████████████████████████                                    | 56/115 [00:11<00:11,  5.08it/s, loss=0.7170]Trial 0 Ep1:  50%|██████████████████████████████████▋                                   | 57/115 [00:11<00:10,  5.29it/s, loss=0.7170]Trial 0 Ep1:  50%|██████████████████████████████████▋                                   | 57/115 [00:12<00:10,  5.29it/s, loss=0.6418]Trial 0 Ep1:  50%|███████████████████████████████████▎                                  | 58/115 [00:12<00:10,  5.38it/s, loss=0.6418]Trial 0 Ep1:  50%|███████████████████████████████████▎                                  | 58/115 [00:12<00:10,  5.38it/s, loss=1.4993]Trial 0 Ep1:  51%|███████████████████████████████████▉                                  | 59/115 [00:12<00:10,  5.51it/s, loss=1.4993]Trial 0 Ep1:  51%|███████████████████████████████████▉                                  | 59/115 [00:12<00:10,  5.51it/s, loss=0.7275]Trial 0 Ep1:  52%|████████████████████████████████████▌                                 | 60/115 [00:12<00:09,  5.58it/s, loss=0.7275]Trial 0 Ep1:  52%|████████████████████████████████████▌                                 | 60/115 [00:12<00:09,  5.58it/s, loss=0.9045]Trial 0 Ep1:  53%|█████████████████████████████████████▏                                | 61/115 [00:12<00:09,  5.65it/s, loss=0.9045]Trial 0 Ep1:  53%|█████████████████████████████████████▏                                | 61/115 [00:12<00:09,  5.65it/s, loss=0.8791]Trial 0 Ep1:  54%|█████████████████████████████████████▋                                | 62/115 [00:12<00:09,  5.66it/s, loss=0.8791]Trial 0 Ep1:  54%|█████████████████████████████████████▋                                | 62/115 [00:12<00:09,  5.66it/s, loss=0.7243]Trial 0 Ep1:  55%|██████████████████████████████████████▎                               | 63/115 [00:12<00:09,  5.72it/s, loss=0.7243]Trial 0 Ep1:  55%|██████████████████████████████████████▎                               | 63/115 [00:13<00:09,  5.72it/s, loss=0.5055]Trial 0 Ep1:  56%|██████████████████████████████████████▉                               | 64/115 [00:13<00:08,  5.70it/s, loss=0.5055]Trial 0 Ep1:  56%|██████████████████████████████████████▉                               | 64/115 [00:13<00:08,  5.70it/s, loss=1.0425]Trial 0 Ep1:  57%|███████████████████████████████████████▌                              | 65/115 [00:13<00:08,  5.71it/s, loss=1.0425]Trial 0 Ep1:  57%|███████████████████████████████████████▌                              | 65/115 [00:13<00:08,  5.71it/s, loss=0.8598]Trial 0 Ep1:  57%|████████████████████████████████████████▏                             | 66/115 [00:13<00:08,  5.72it/s, loss=0.8598]Trial 0 Ep1:  57%|████████████████████████████████████████▏                             | 66/115 [00:13<00:08,  5.72it/s, loss=1.0083]Trial 0 Ep1:  58%|████████████████████████████████████████▊                             | 67/115 [00:13<00:08,  5.63it/s, loss=1.0083]Trial 0 Ep1:  58%|████████████████████████████████████████▊                             | 67/115 [00:13<00:08,  5.63it/s, loss=1.1620]Trial 0 Ep1:  59%|█████████████████████████████████████████▍                            | 68/115 [00:13<00:08,  5.70it/s, loss=1.1620]Trial 0 Ep1:  59%|█████████████████████████████████████████▍                            | 68/115 [00:13<00:08,  5.70it/s, loss=2.9068]Trial 0 Ep1:  60%|██████████████████████████████████████████                            | 69/115 [00:13<00:08,  5.74it/s, loss=2.9068]Trial 0 Ep1:  60%|██████████████████████████████████████████                            | 69/115 [00:14<00:08,  5.74it/s, loss=1.6792]Trial 0 Ep1:  61%|██████████████████████████████████████████▌                           | 70/115 [00:14<00:07,  5.67it/s, loss=1.6792]Trial 0 Ep1:  61%|██████████████████████████████████████████▌                           | 70/115 [00:14<00:07,  5.67it/s, loss=1.1472]Trial 0 Ep1:  62%|███████████████████████████████████████████▏                          | 71/115 [00:14<00:07,  5.68it/s, loss=1.1472]Trial 0 Ep1:  62%|███████████████████████████████████████████▏                          | 71/115 [00:14<00:07,  5.68it/s, loss=0.8253]Trial 0 Ep1:  63%|███████████████████████████████████████████▊                          | 72/115 [00:14<00:07,  5.71it/s, loss=0.8253]Trial 0 Ep1:  63%|███████████████████████████████████████████▊                          | 72/115 [00:14<00:07,  5.71it/s, loss=1.0263]Trial 0 Ep1:  63%|████████████████████████████████████████████▍                         | 73/115 [00:14<00:07,  5.78it/s, loss=1.0263]Trial 0 Ep1:  63%|████████████████████████████████████████████▍                         | 73/115 [00:14<00:07,  5.78it/s, loss=0.7079]Trial 0 Ep1:  64%|█████████████████████████████████████████████                         | 74/115 [00:14<00:07,  5.81it/s, loss=0.7079]Trial 0 Ep1:  64%|█████████████████████████████████████████████                         | 74/115 [00:15<00:07,  5.81it/s, loss=0.8286]Trial 0 Ep1:  65%|█████████████████████████████████████████████▋                        | 75/115 [00:15<00:06,  5.80it/s, loss=0.8286]Trial 0 Ep1:  65%|█████████████████████████████████████████████▋                        | 75/115 [00:15<00:06,  5.80it/s, loss=1.1516]Trial 0 Ep1:  66%|██████████████████████████████████████████████▎                       | 76/115 [00:15<00:06,  5.77it/s, loss=1.1516]Trial 0 Ep1:  66%|██████████████████████████████████████████████▎                       | 76/115 [00:15<00:06,  5.77it/s, loss=1.9019]Trial 0 Ep1:  67%|██████████████████████████████████████████████▊                       | 77/115 [00:15<00:06,  5.75it/s, loss=1.9019]Trial 0 Ep1:  67%|██████████████████████████████████████████████▊                       | 77/115 [00:15<00:06,  5.75it/s, loss=1.6282]Trial 0 Ep1:  68%|███████████████████████████████████████████████▍                      | 78/115 [00:15<00:06,  5.78it/s, loss=1.6282]Trial 0 Ep1:  68%|███████████████████████████████████████████████▍                      | 78/115 [00:15<00:06,  5.78it/s, loss=0.9160]Trial 0 Ep1:  69%|████████████████████████████████████████████████                      | 79/115 [00:15<00:06,  5.79it/s, loss=0.9160]Trial 0 Ep1:  69%|████████████████████████████████████████████████                      | 79/115 [00:15<00:06,  5.79it/s, loss=1.2168]Trial 0 Ep1:  70%|████████████████████████████████████████████████▋                     | 80/115 [00:15<00:06,  5.82it/s, loss=1.2168]Trial 0 Ep1:  70%|████████████████████████████████████████████████▋                     | 80/115 [00:16<00:06,  5.82it/s, loss=1.1863]Trial 0 Ep1:  70%|█████████████████████████████████████████████████▎                    | 81/115 [00:16<00:05,  5.84it/s, loss=1.