[I 2026-02-11 12:13:43,617] A new study created in memory with name: mdmlp_lrtt_fwd_inject
[I 2026-02-11 14:13:43,624] Trial 0 finished with value: 0.0 and parameters: {'lr': 0.005611516415334507, 'lora_alpha': 71.14476009343416, 'transfer_scale': 0.29106359131330695, 'transfer_every': 396}. Best is trial 0 with value: 0.0.
[I 2026-02-11 16:13:43,665] Trial 1 finished with value: 0.0 and parameters: {'lr': 0.0020513382630874496, 'lora_alpha': 0.2937538457632829, 'transfer_scale': 0.01306673923805328, 'transfer_every': 735}. Best is trial 0 with value: 0.0.
[I 2026-02-11 18:13:43,695] Trial 2 finished with value: 0.0 and parameters: {'lr': 0.015930522616241012, 'lora_alpha': 13.311216080736884, 'transfer_scale': 0.010994335574766204, 'transfer_every': 933}. Best is trial 0 with value: 0.0.
[I 2026-02-11 20:13:43,708] Trial 3 finished with value: 0.0 and parameters: {'lr': 0.04622589001020832, 'lora_alpha': 0.4335281794951565, 'transfer_scale': 0.02310201887845294, 'transfer_every': 152}. Best is trial 0 with value: 0.0.
[I 2026-02-11 22:13:43,721] Trial 4 finished with value: 0.0 and parameters: {'lr': 0.0040596116104843075, 'lora_alpha': 3.752055855124281, 'transfer_scale': 0.0730953983591291, 'transfer_every': 195}. Best is trial 0 with value: 0.0.
[I 2026-02-12 00:13:43,742] Trial 5 finished with value: 0.0 and parameters: {'lr': 0.01673808578875214, 'lora_alpha': 0.262108787826544, 'transfer_scale': 0.03839629299804171, 'transfer_every': 232}. Best is trial 0 with value: 0.0.
[I 2026-02-12 02:13:43,769] Trial 6 finished with value: 0.0 and parameters: {'lr': 0.008168455894760165, 'lora_alpha': 22.673986523780385, 'transfer_scale': 0.025081156860452335, 'transfer_every': 326}. Best is trial 0 with value: 0.0.
[I 2026-02-12 04:13:43,780] Trial 7 finished with value: 0.0 and parameters: {'lr': 0.015304852121831466, 'lora_alpha': 0.13783237455007183, 'transfer_scale': 0.16409286730647918, 'transfer_every': 147}. Best is trial 0 with value: 0.0.
[I 2026-02-12 06:13:43,796] Trial 8 finished with value: 0.0 and parameters: {'lr': 0.0013492834268013251, 'lora_alpha': 70.25166339242152, 'transfer_scale': 0.8536189862866826, 'transfer_every': 643}. Best is trial 0 with value: 0.0.
