[I 2026-02-15 04:04:06,850] Trial 9 finished with value: 0.0 and parameters: {'lr': 0.09099694632498756, 'transfer_lr': 0.007476312062252299}. Best is trial 0 with value: 0.0.
======================================================================


Trial 0 (te=500) complete: best_acc=0.00% (stopped at epoch -1)

======================================================================
Trial 1 | te=500, lr=0.13793, t_lr=0.06251, transfers/ep~1/2ep
reinit=decay, decay_factor=1.0, stem/head=FloatingPoint, sched=cosine, patience=10
======================================================================


Trial 1 (te=500) complete: best_acc=0.00% (stopped at epoch -1)

======================================================================
Trial 2 | te=500, lr=0.06207, t_lr=0.00294, transfers/ep~1/2ep
reinit=decay, decay_factor=1.0, stem/head=FloatingPoint, sched=cosine, patience=10
======================================================================


Trial 2 (te=500) complete: best_acc=0.00% (stopped at epoch -1)

======================================================================
Trial 3 | te=500, lr=0.05419, t_lr=0.39676, transfers/ep~1/2ep
reinit=decay, decay_factor=1.0, stem/head=FloatingPoint, sched=cosine, patience=10
======================================================================


Trial 3 (te=500) complete: best_acc=0.00% (stopped at epoch -1)

======================================================================
Trial 4 | te=500, lr=0.11505, t_lr=0.13311, transfers/ep~1/2ep
reinit=decay, decay_factor=1.0, stem/head=FloatingPoint, sched=cosine, patience=10
======================================================================


Trial 4 (te=500) complete: best_acc=0.00% (stopped at epoch -1)

======================================================================
Trial 5 | te=500, lr=0.05145, t_lr=0.81232, transfers/ep~1/2ep
reinit=decay, decay_factor=1.0, stem/head=FloatingPoint, sched=cosine, patience=10
======================================================================


Trial 5 (te=500) complete: best_acc=0.00% (stopped at epoch -1)

======================================================================
Trial 6 | te=500, lr=0.15854, t_lr=0.00434, transfers/ep~1/2ep
reinit=decay, decay_factor=1.0, stem/head=FloatingPoint, sched=cosine, patience=10
======================================================================


Trial 6 (te=500) complete: best_acc=0.00% (stopped at epoch -1)

======================================================================
Trial 7 | te=500, lr=0.06433, t_lr=0.00355, transfers/ep~1/2ep
reinit=decay, decay_factor=1.0, stem/head=FloatingPoint, sched=cosine, patience=10
======================================================================


Trial 7 (te=500) complete: best_acc=0.00% (stopped at epoch -1)

======================================================================
Trial 8 | te=500, lr=0.07623, t_lr=0.03752, transfers/ep~1/2ep
reinit=decay, decay_factor=1.0, stem/head=FloatingPoint, sched=cosine, patience=10
======================================================================


Trial 8 (te=500) complete: best_acc=0.00% (stopped at epoch -1)

======================================================================
Trial 9 | te=500, lr=0.09100, t_lr=0.00748, transfers/ep~1/2ep
reinit=decay, decay_factor=1.0, stem/head=FloatingPoint, sched=cosine, patience=10
======================================================================


Trial 9 (te=500) complete: best_acc=0.00% (stopped at epoch -1)

--- te=500 Best: trial 0, acc=0.00%, params={'lr': 0.08403604888695192, 'transfer_lr': 0.711447600934342}
    (reinit=decay, stem/head=FloatingPoint, 48 analog layers)

################################################################################
# SWEEP: transfer_every = 1000  (10 trials)
################################################################################

======================================================================
Trial 0 | te=1000, lr=0.08404, t_lr=0.71145, transfers/ep~1/3ep
reinit=decay, decay_factor=1.0, stem/head=FloatingPoint, sched=cosine, patience=10
======================================================================


Trial 0 (te=1000) complete: best_acc=0.00% (stopped at epoch -1)

======================================================================
Trial 1 | te=1000, lr=0.13793, t_lr=0.06251, transfers/ep~1/3ep
reinit=decay, decay_factor=1.0, stem/head=FloatingPoint, sched=cosine, patience=10
======================================================================


Trial 1 (te=1000) complete: best_acc=0.00% (stopped at epoch -1)

======================================================================
Trial 2 | te=1000, lr=0.06207, t_lr=0.00294, transfers/ep~1/3ep
reinit=decay, decay_factor=1.0, stem/head=FloatingPoint, sched=cosine, patience=10
======================================================================


Trial 2 (te=1000) complete: best_acc=0.00% (stopped at epoch -1)

======================================================================
Trial 3 | te=1000, lr=0.05419, t_lr=0.39676, transfers/ep~1/3ep
reinit=decay, decay_factor=1.0, stem/head=FloatingPoint, sched=cosine, patience=10
======================================================================


Trial 3 (te=1000) complete: best_acc=0.00% (stopped at epoch -1)

======================================================================
Trial 4 | te=1000, lr=0.11505, t_lr=0.13311, transfers/ep~1/3ep
reinit=decay, decay_factor=1.0, stem/head=FloatingPoint, sched=cosine, patience=10
======================================================================


Trial 4 (te=1000) complete: best_acc=0.00% (stopped at epoch -1)

======================================================================
Trial 5 | te=1000, lr=0.05145, t_lr=0.81232, transfers/ep~1/3ep
reinit=decay, decay_factor=1.0, stem/head=FloatingPoint, sched=cosine, patience=10
======================================================================


Trial 5 (te=1000) complete: best_acc=0.00% (stopped at epoch -1)

======================================================================
Trial 6 | te=1000, lr=0.15854, t_lr=0.00434, transfers/ep~1/3ep
reinit=decay, decay_factor=1.0, stem/head=FloatingPoint, sched=cosine, patience=10
======================================================================


Trial 6 (te=1000) complete: best_acc=0.00% (stopped at epoch -1)

======================================================================
Trial 7 | te=1000, lr=0.06433, t_lr=0.00355, transfers/ep~1/3ep
reinit=decay, decay_factor=1.0, stem/head=FloatingPoint, sched=cosine, patience=10
======================================================================


Trial 7 (te=1000) complete: best_acc=0.00% (stopped at epoch -1)

======================================================================
Trial 8 | te=1000, lr=0.07623, t_lr=0.03752, transfers/ep~1/3ep
reinit=decay, decay_factor=1.0, stem/head=FloatingPoint, sched=cosine, patience=10
======================================================================


Trial 8 (te=1000) complete: best_acc=0.00% (stopped at epoch -1)

======================================================================
Trial 9 | te=1000, lr=0.09100, t_lr=0.00748, transfers/ep~1/3ep
reinit=decay, decay_factor=1.0, stem/head=FloatingPoint, sched=cosine, patience=10
======================================================================


Trial 9 (te=1000) complete: best_acc=0.00% (stopped at epoch -1)

--- te=1000 Best: trial 0, acc=0.00%, params={'lr': 0.08403604888695192, 'transfer_lr': 0.711447600934342}
    (reinit=decay, stem/head=FloatingPoint, 48 analog layers)

================================================================================
SWEEP COMPLETE - SUMMARY
================================================================================
  te=  50: best_acc=0.00%  lr=0.08404  t_lr=0.71145
  te= 100: best_acc=0.00%  lr=0.08404  t_lr=0.71145
  te= 500: best_acc=0.00%  lr=0.08404  t_lr=0.71145
  te=1000: best_acc=0.00%  lr=0.08404  t_lr=0.71145

Best overall: te=None, acc=0.00%
Traceback (most recent call last):
  File "/root/LRTT/MDMLP/sweep_lrtt_decay_200ep.py", line 262, in <module>
    main()
  File "/root/LRTT/MDMLP/sweep_lrtt_decay_200ep.py", line 254, in main
    "params": all_results[best_overall_te]["best_params"],
KeyError: None
